[2024-11-22T17:56:46.517+0000] {processor.py:186} INFO - Started process (PID=99) to work on /opt/airflow/dags/data_processing_dag.py
[2024-11-22T17:56:46.518+0000] {processor.py:914} INFO - Processing file /opt/airflow/dags/data_processing_dag.py for tasks to queue
[2024-11-22T17:56:46.521+0000] {logging_mixin.py:190} INFO - [2024-11-22T17:56:46.521+0000] {dagbag.py:588} INFO - Filling up the DagBag from /opt/airflow/dags/data_processing_dag.py
[2024-11-22T17:56:48.141+0000] {logging_mixin.py:190} INFO - [2024-11-22T17:56:48.134+0000] {dagbag.py:387} ERROR - Failed to import: /opt/airflow/dags/data_processing_dag.py
Traceback (most recent call last):
  File "/home/airflow/.local/lib/python3.12/site-packages/airflow/models/dagbag.py", line 383, in parse
    loader.exec_module(new_module)
  File "<frozen importlib._bootstrap_external>", line 995, in exec_module
  File "<frozen importlib._bootstrap>", line 488, in _call_with_frames_removed
  File "/opt/airflow/dags/data_processing_dag.py", line 7, in <module>
    import gdown
ModuleNotFoundError: No module named 'gdown'
[2024-11-22T17:56:48.222+0000] {processor.py:927} WARNING - No viable dags retrieved from /opt/airflow/dags/data_processing_dag.py
[2024-11-22T17:56:48.348+0000] {processor.py:208} INFO - Processing /opt/airflow/dags/data_processing_dag.py took 1.842 seconds
[2024-11-22T17:57:43.558+0000] {processor.py:186} INFO - Started process (PID=60) to work on /opt/airflow/dags/data_processing_dag.py
[2024-11-22T17:57:43.568+0000] {processor.py:914} INFO - Processing file /opt/airflow/dags/data_processing_dag.py for tasks to queue
[2024-11-22T17:57:43.572+0000] {logging_mixin.py:190} INFO - [2024-11-22T17:57:43.571+0000] {dagbag.py:588} INFO - Filling up the DagBag from /opt/airflow/dags/data_processing_dag.py
[2024-11-22T17:57:44.534+0000] {logging_mixin.py:190} INFO - [2024-11-22T17:57:44.528+0000] {dagbag.py:387} ERROR - Failed to import: /opt/airflow/dags/data_processing_dag.py
Traceback (most recent call last):
  File "/home/airflow/.local/lib/python3.12/site-packages/airflow/models/dagbag.py", line 383, in parse
    loader.exec_module(new_module)
  File "<frozen importlib._bootstrap_external>", line 995, in exec_module
  File "<frozen importlib._bootstrap>", line 488, in _call_with_frames_removed
  File "/opt/airflow/dags/data_processing_dag.py", line 7, in <module>
    import gdown
ModuleNotFoundError: No module named 'gdown'
[2024-11-22T17:57:44.536+0000] {processor.py:927} WARNING - No viable dags retrieved from /opt/airflow/dags/data_processing_dag.py
[2024-11-22T17:57:44.612+0000] {processor.py:208} INFO - Processing /opt/airflow/dags/data_processing_dag.py took 1.083 seconds
[2024-11-22T17:58:35.585+0000] {processor.py:186} INFO - Started process (PID=139) to work on /opt/airflow/dags/data_processing_dag.py
[2024-11-22T17:58:35.586+0000] {processor.py:914} INFO - Processing file /opt/airflow/dags/data_processing_dag.py for tasks to queue
[2024-11-22T17:58:35.588+0000] {logging_mixin.py:190} INFO - [2024-11-22T17:58:35.588+0000] {dagbag.py:588} INFO - Filling up the DagBag from /opt/airflow/dags/data_processing_dag.py
[2024-11-22T17:58:36.284+0000] {logging_mixin.py:190} INFO - [2024-11-22T17:58:36.276+0000] {dagbag.py:387} ERROR - Failed to import: /opt/airflow/dags/data_processing_dag.py
Traceback (most recent call last):
  File "/home/airflow/.local/lib/python3.12/site-packages/airflow/models/dagbag.py", line 383, in parse
    loader.exec_module(new_module)
  File "<frozen importlib._bootstrap_external>", line 995, in exec_module
  File "<frozen importlib._bootstrap>", line 488, in _call_with_frames_removed
  File "/opt/airflow/dags/data_processing_dag.py", line 7, in <module>
    import gdown
ModuleNotFoundError: No module named 'gdown'
[2024-11-22T17:58:36.286+0000] {processor.py:927} WARNING - No viable dags retrieved from /opt/airflow/dags/data_processing_dag.py
[2024-11-22T17:58:36.379+0000] {processor.py:208} INFO - Processing /opt/airflow/dags/data_processing_dag.py took 0.801 seconds
[2024-11-22T17:59:06.678+0000] {processor.py:186} INFO - Started process (PID=217) to work on /opt/airflow/dags/data_processing_dag.py
[2024-11-22T17:59:06.680+0000] {processor.py:914} INFO - Processing file /opt/airflow/dags/data_processing_dag.py for tasks to queue
[2024-11-22T17:59:06.683+0000] {logging_mixin.py:190} INFO - [2024-11-22T17:59:06.683+0000] {dagbag.py:588} INFO - Filling up the DagBag from /opt/airflow/dags/data_processing_dag.py
[2024-11-22T17:59:07.243+0000] {logging_mixin.py:190} INFO - [2024-11-22T17:59:07.237+0000] {dagbag.py:387} ERROR - Failed to import: /opt/airflow/dags/data_processing_dag.py
Traceback (most recent call last):
  File "/home/airflow/.local/lib/python3.12/site-packages/airflow/models/dagbag.py", line 383, in parse
    loader.exec_module(new_module)
  File "<frozen importlib._bootstrap_external>", line 995, in exec_module
  File "<frozen importlib._bootstrap>", line 488, in _call_with_frames_removed
  File "/opt/airflow/dags/data_processing_dag.py", line 7, in <module>
    import gdown
ModuleNotFoundError: No module named 'gdown'
[2024-11-22T17:59:07.245+0000] {processor.py:927} WARNING - No viable dags retrieved from /opt/airflow/dags/data_processing_dag.py
[2024-11-22T17:59:07.303+0000] {processor.py:208} INFO - Processing /opt/airflow/dags/data_processing_dag.py took 0.631 seconds
[2024-11-22T17:59:43.256+0000] {processor.py:186} INFO - Started process (PID=296) to work on /opt/airflow/dags/data_processing_dag.py
[2024-11-22T17:59:44.734+0000] {processor.py:914} INFO - Processing file /opt/airflow/dags/data_processing_dag.py for tasks to queue
[2024-11-22T17:59:44.738+0000] {logging_mixin.py:190} INFO - [2024-11-22T17:59:44.737+0000] {dagbag.py:588} INFO - Filling up the DagBag from /opt/airflow/dags/data_processing_dag.py
[2024-11-22T17:59:45.712+0000] {logging_mixin.py:190} INFO - [2024-11-22T17:59:45.705+0000] {dagbag.py:387} ERROR - Failed to import: /opt/airflow/dags/data_processing_dag.py
Traceback (most recent call last):
  File "/home/airflow/.local/lib/python3.12/site-packages/airflow/models/dagbag.py", line 383, in parse
    loader.exec_module(new_module)
  File "<frozen importlib._bootstrap_external>", line 995, in exec_module
  File "<frozen importlib._bootstrap>", line 488, in _call_with_frames_removed
  File "/opt/airflow/dags/data_processing_dag.py", line 7, in <module>
    import gdown
ModuleNotFoundError: No module named 'gdown'
[2024-11-22T17:59:45.714+0000] {processor.py:927} WARNING - No viable dags retrieved from /opt/airflow/dags/data_processing_dag.py
[2024-11-22T17:59:46.320+0000] {processor.py:208} INFO - Processing /opt/airflow/dags/data_processing_dag.py took 3.071 seconds
[2024-11-22T18:00:17.098+0000] {processor.py:186} INFO - Started process (PID=381) to work on /opt/airflow/dags/data_processing_dag.py
[2024-11-22T18:00:17.099+0000] {processor.py:914} INFO - Processing file /opt/airflow/dags/data_processing_dag.py for tasks to queue
[2024-11-22T18:00:17.102+0000] {logging_mixin.py:190} INFO - [2024-11-22T18:00:17.101+0000] {dagbag.py:588} INFO - Filling up the DagBag from /opt/airflow/dags/data_processing_dag.py
[2024-11-22T18:00:17.761+0000] {logging_mixin.py:190} INFO - [2024-11-22T18:00:17.754+0000] {dagbag.py:387} ERROR - Failed to import: /opt/airflow/dags/data_processing_dag.py
Traceback (most recent call last):
  File "/home/airflow/.local/lib/python3.12/site-packages/airflow/models/dagbag.py", line 383, in parse
    loader.exec_module(new_module)
  File "<frozen importlib._bootstrap_external>", line 995, in exec_module
  File "<frozen importlib._bootstrap>", line 488, in _call_with_frames_removed
  File "/opt/airflow/dags/data_processing_dag.py", line 7, in <module>
    import gdown
ModuleNotFoundError: No module named 'gdown'
[2024-11-22T18:00:17.764+0000] {processor.py:927} WARNING - No viable dags retrieved from /opt/airflow/dags/data_processing_dag.py
[2024-11-22T18:00:17.843+0000] {processor.py:208} INFO - Processing /opt/airflow/dags/data_processing_dag.py took 0.753 seconds
[2024-11-22T18:00:48.535+0000] {processor.py:186} INFO - Started process (PID=461) to work on /opt/airflow/dags/data_processing_dag.py
[2024-11-22T18:00:48.537+0000] {processor.py:914} INFO - Processing file /opt/airflow/dags/data_processing_dag.py for tasks to queue
[2024-11-22T18:00:48.539+0000] {logging_mixin.py:190} INFO - [2024-11-22T18:00:48.539+0000] {dagbag.py:588} INFO - Filling up the DagBag from /opt/airflow/dags/data_processing_dag.py
[2024-11-22T18:00:49.115+0000] {logging_mixin.py:190} INFO - [2024-11-22T18:00:49.109+0000] {dagbag.py:387} ERROR - Failed to import: /opt/airflow/dags/data_processing_dag.py
Traceback (most recent call last):
  File "/home/airflow/.local/lib/python3.12/site-packages/airflow/models/dagbag.py", line 383, in parse
    loader.exec_module(new_module)
  File "<frozen importlib._bootstrap_external>", line 995, in exec_module
  File "<frozen importlib._bootstrap>", line 488, in _call_with_frames_removed
  File "/opt/airflow/dags/data_processing_dag.py", line 7, in <module>
    import gdown
ModuleNotFoundError: No module named 'gdown'
[2024-11-22T18:00:49.117+0000] {processor.py:927} WARNING - No viable dags retrieved from /opt/airflow/dags/data_processing_dag.py
[2024-11-22T18:00:52.724+0000] {processor.py:208} INFO - Processing /opt/airflow/dags/data_processing_dag.py took 4.195 seconds
[2024-11-22T18:01:23.321+0000] {processor.py:186} INFO - Started process (PID=540) to work on /opt/airflow/dags/data_processing_dag.py
[2024-11-22T18:01:23.323+0000] {processor.py:914} INFO - Processing file /opt/airflow/dags/data_processing_dag.py for tasks to queue
[2024-11-22T18:01:23.328+0000] {logging_mixin.py:190} INFO - [2024-11-22T18:01:23.327+0000] {dagbag.py:588} INFO - Filling up the DagBag from /opt/airflow/dags/data_processing_dag.py
[2024-11-22T18:01:24.044+0000] {logging_mixin.py:190} INFO - [2024-11-22T18:01:24.036+0000] {dagbag.py:387} ERROR - Failed to import: /opt/airflow/dags/data_processing_dag.py
Traceback (most recent call last):
  File "/home/airflow/.local/lib/python3.12/site-packages/airflow/models/dagbag.py", line 383, in parse
    loader.exec_module(new_module)
  File "<frozen importlib._bootstrap_external>", line 995, in exec_module
  File "<frozen importlib._bootstrap>", line 488, in _call_with_frames_removed
  File "/opt/airflow/dags/data_processing_dag.py", line 7, in <module>
    import gdown
ModuleNotFoundError: No module named 'gdown'
[2024-11-22T18:01:24.046+0000] {processor.py:927} WARNING - No viable dags retrieved from /opt/airflow/dags/data_processing_dag.py
[2024-11-22T18:01:24.699+0000] {processor.py:208} INFO - Processing /opt/airflow/dags/data_processing_dag.py took 1.396 seconds
[2024-11-22T18:01:54.929+0000] {processor.py:186} INFO - Started process (PID=619) to work on /opt/airflow/dags/data_processing_dag.py
[2024-11-22T18:01:54.930+0000] {processor.py:914} INFO - Processing file /opt/airflow/dags/data_processing_dag.py for tasks to queue
[2024-11-22T18:01:54.933+0000] {logging_mixin.py:190} INFO - [2024-11-22T18:01:54.933+0000] {dagbag.py:588} INFO - Filling up the DagBag from /opt/airflow/dags/data_processing_dag.py
[2024-11-22T18:01:55.518+0000] {logging_mixin.py:190} INFO - [2024-11-22T18:01:55.511+0000] {dagbag.py:387} ERROR - Failed to import: /opt/airflow/dags/data_processing_dag.py
Traceback (most recent call last):
  File "/home/airflow/.local/lib/python3.12/site-packages/airflow/models/dagbag.py", line 383, in parse
    loader.exec_module(new_module)
  File "<frozen importlib._bootstrap_external>", line 995, in exec_module
  File "<frozen importlib._bootstrap>", line 488, in _call_with_frames_removed
  File "/opt/airflow/dags/data_processing_dag.py", line 7, in <module>
    import gdown
ModuleNotFoundError: No module named 'gdown'
[2024-11-22T18:01:55.520+0000] {processor.py:927} WARNING - No viable dags retrieved from /opt/airflow/dags/data_processing_dag.py
[2024-11-22T18:01:57.565+0000] {processor.py:208} INFO - Processing /opt/airflow/dags/data_processing_dag.py took 2.645 seconds
[2024-11-22T18:02:27.761+0000] {processor.py:186} INFO - Started process (PID=699) to work on /opt/airflow/dags/data_processing_dag.py
[2024-11-22T18:02:27.762+0000] {processor.py:914} INFO - Processing file /opt/airflow/dags/data_processing_dag.py for tasks to queue
[2024-11-22T18:02:27.767+0000] {logging_mixin.py:190} INFO - [2024-11-22T18:02:27.766+0000] {dagbag.py:588} INFO - Filling up the DagBag from /opt/airflow/dags/data_processing_dag.py
[2024-11-22T18:02:28.699+0000] {logging_mixin.py:190} INFO - [2024-11-22T18:02:28.692+0000] {dagbag.py:387} ERROR - Failed to import: /opt/airflow/dags/data_processing_dag.py
Traceback (most recent call last):
  File "/home/airflow/.local/lib/python3.12/site-packages/airflow/models/dagbag.py", line 383, in parse
    loader.exec_module(new_module)
  File "<frozen importlib._bootstrap_external>", line 995, in exec_module
  File "<frozen importlib._bootstrap>", line 488, in _call_with_frames_removed
  File "/opt/airflow/dags/data_processing_dag.py", line 7, in <module>
    import gdown
ModuleNotFoundError: No module named 'gdown'
[2024-11-22T18:02:28.701+0000] {processor.py:927} WARNING - No viable dags retrieved from /opt/airflow/dags/data_processing_dag.py
[2024-11-22T18:02:30.713+0000] {processor.py:208} INFO - Processing /opt/airflow/dags/data_processing_dag.py took 2.962 seconds
[2024-11-22T18:03:01.681+0000] {processor.py:186} INFO - Started process (PID=778) to work on /opt/airflow/dags/data_processing_dag.py
[2024-11-22T18:03:01.682+0000] {processor.py:914} INFO - Processing file /opt/airflow/dags/data_processing_dag.py for tasks to queue
[2024-11-22T18:03:01.684+0000] {logging_mixin.py:190} INFO - [2024-11-22T18:03:01.684+0000] {dagbag.py:588} INFO - Filling up the DagBag from /opt/airflow/dags/data_processing_dag.py
[2024-11-22T18:03:02.750+0000] {logging_mixin.py:190} INFO - [2024-11-22T18:03:02.744+0000] {dagbag.py:387} ERROR - Failed to import: /opt/airflow/dags/data_processing_dag.py
Traceback (most recent call last):
  File "/home/airflow/.local/lib/python3.12/site-packages/airflow/models/dagbag.py", line 383, in parse
    loader.exec_module(new_module)
  File "<frozen importlib._bootstrap_external>", line 995, in exec_module
  File "<frozen importlib._bootstrap>", line 488, in _call_with_frames_removed
  File "/opt/airflow/dags/data_processing_dag.py", line 7, in <module>
    import gdown
ModuleNotFoundError: No module named 'gdown'
[2024-11-22T18:03:02.751+0000] {processor.py:927} WARNING - No viable dags retrieved from /opt/airflow/dags/data_processing_dag.py
[2024-11-22T18:03:02.811+0000] {processor.py:208} INFO - Processing /opt/airflow/dags/data_processing_dag.py took 1.142 seconds
[2024-11-22T18:03:32.899+0000] {processor.py:186} INFO - Started process (PID=857) to work on /opt/airflow/dags/data_processing_dag.py
[2024-11-22T18:03:32.900+0000] {processor.py:914} INFO - Processing file /opt/airflow/dags/data_processing_dag.py for tasks to queue
[2024-11-22T18:03:32.904+0000] {logging_mixin.py:190} INFO - [2024-11-22T18:03:32.904+0000] {dagbag.py:588} INFO - Filling up the DagBag from /opt/airflow/dags/data_processing_dag.py
[2024-11-22T18:03:34.002+0000] {logging_mixin.py:190} INFO - [2024-11-22T18:03:33.998+0000] {dagbag.py:387} ERROR - Failed to import: /opt/airflow/dags/data_processing_dag.py
Traceback (most recent call last):
  File "/home/airflow/.local/lib/python3.12/site-packages/airflow/models/dagbag.py", line 383, in parse
    loader.exec_module(new_module)
  File "<frozen importlib._bootstrap_external>", line 995, in exec_module
  File "<frozen importlib._bootstrap>", line 488, in _call_with_frames_removed
  File "/opt/airflow/dags/data_processing_dag.py", line 7, in <module>
    import gdown
ModuleNotFoundError: No module named 'gdown'
[2024-11-22T18:03:34.003+0000] {processor.py:927} WARNING - No viable dags retrieved from /opt/airflow/dags/data_processing_dag.py
[2024-11-22T18:03:34.493+0000] {processor.py:208} INFO - Processing /opt/airflow/dags/data_processing_dag.py took 1.603 seconds
[2024-11-22T18:04:05.346+0000] {processor.py:186} INFO - Started process (PID=936) to work on /opt/airflow/dags/data_processing_dag.py
[2024-11-22T18:04:05.348+0000] {processor.py:914} INFO - Processing file /opt/airflow/dags/data_processing_dag.py for tasks to queue
[2024-11-22T18:04:05.352+0000] {logging_mixin.py:190} INFO - [2024-11-22T18:04:05.351+0000] {dagbag.py:588} INFO - Filling up the DagBag from /opt/airflow/dags/data_processing_dag.py
[2024-11-22T18:04:06.272+0000] {logging_mixin.py:190} INFO - [2024-11-22T18:04:06.266+0000] {dagbag.py:387} ERROR - Failed to import: /opt/airflow/dags/data_processing_dag.py
Traceback (most recent call last):
  File "/home/airflow/.local/lib/python3.12/site-packages/airflow/models/dagbag.py", line 383, in parse
    loader.exec_module(new_module)
  File "<frozen importlib._bootstrap_external>", line 995, in exec_module
  File "<frozen importlib._bootstrap>", line 488, in _call_with_frames_removed
  File "/opt/airflow/dags/data_processing_dag.py", line 7, in <module>
    import gdown
ModuleNotFoundError: No module named 'gdown'
[2024-11-22T18:04:06.274+0000] {processor.py:927} WARNING - No viable dags retrieved from /opt/airflow/dags/data_processing_dag.py
[2024-11-22T18:04:06.744+0000] {processor.py:208} INFO - Processing /opt/airflow/dags/data_processing_dag.py took 1.406 seconds
[2024-11-22T18:04:37.379+0000] {processor.py:186} INFO - Started process (PID=1015) to work on /opt/airflow/dags/data_processing_dag.py
[2024-11-22T18:04:37.381+0000] {processor.py:914} INFO - Processing file /opt/airflow/dags/data_processing_dag.py for tasks to queue
[2024-11-22T18:04:37.383+0000] {logging_mixin.py:190} INFO - [2024-11-22T18:04:37.383+0000] {dagbag.py:588} INFO - Filling up the DagBag from /opt/airflow/dags/data_processing_dag.py
[2024-11-22T18:04:38.353+0000] {logging_mixin.py:190} INFO - [2024-11-22T18:04:38.346+0000] {dagbag.py:387} ERROR - Failed to import: /opt/airflow/dags/data_processing_dag.py
Traceback (most recent call last):
  File "/home/airflow/.local/lib/python3.12/site-packages/airflow/models/dagbag.py", line 383, in parse
    loader.exec_module(new_module)
  File "<frozen importlib._bootstrap_external>", line 995, in exec_module
  File "<frozen importlib._bootstrap>", line 488, in _call_with_frames_removed
  File "/opt/airflow/dags/data_processing_dag.py", line 7, in <module>
    import gdown
ModuleNotFoundError: No module named 'gdown'
[2024-11-22T18:04:38.356+0000] {processor.py:927} WARNING - No viable dags retrieved from /opt/airflow/dags/data_processing_dag.py
[2024-11-22T18:04:38.415+0000] {processor.py:208} INFO - Processing /opt/airflow/dags/data_processing_dag.py took 1.044 seconds
[2024-11-22T18:05:08.549+0000] {processor.py:186} INFO - Started process (PID=1094) to work on /opt/airflow/dags/data_processing_dag.py
[2024-11-22T18:05:08.550+0000] {processor.py:914} INFO - Processing file /opt/airflow/dags/data_processing_dag.py for tasks to queue
[2024-11-22T18:05:08.554+0000] {logging_mixin.py:190} INFO - [2024-11-22T18:05:08.554+0000] {dagbag.py:588} INFO - Filling up the DagBag from /opt/airflow/dags/data_processing_dag.py
[2024-11-22T18:05:09.533+0000] {logging_mixin.py:190} INFO - [2024-11-22T18:05:09.529+0000] {dagbag.py:387} ERROR - Failed to import: /opt/airflow/dags/data_processing_dag.py
Traceback (most recent call last):
  File "/home/airflow/.local/lib/python3.12/site-packages/airflow/models/dagbag.py", line 383, in parse
    loader.exec_module(new_module)
  File "<frozen importlib._bootstrap_external>", line 995, in exec_module
  File "<frozen importlib._bootstrap>", line 488, in _call_with_frames_removed
  File "/opt/airflow/dags/data_processing_dag.py", line 7, in <module>
    import gdown
ModuleNotFoundError: No module named 'gdown'
[2024-11-22T18:05:09.535+0000] {processor.py:927} WARNING - No viable dags retrieved from /opt/airflow/dags/data_processing_dag.py
[2024-11-22T18:05:10.436+0000] {processor.py:208} INFO - Processing /opt/airflow/dags/data_processing_dag.py took 1.899 seconds
[2024-11-22T18:10:29.810+0000] {processor.py:186} INFO - Started process (PID=99) to work on /opt/airflow/dags/data_processing_dag.py
[2024-11-22T18:10:29.811+0000] {processor.py:914} INFO - Processing file /opt/airflow/dags/data_processing_dag.py for tasks to queue
[2024-11-22T18:10:29.814+0000] {logging_mixin.py:190} INFO - [2024-11-22T18:10:29.814+0000] {dagbag.py:588} INFO - Filling up the DagBag from /opt/airflow/dags/data_processing_dag.py
[2024-11-22T18:10:34.130+0000] {processor.py:925} INFO - DAG(s) 'data_processing_dag' retrieved from /opt/airflow/dags/data_processing_dag.py
[2024-11-22T18:10:34.972+0000] {logging_mixin.py:190} INFO - [2024-11-22T18:10:34.971+0000] {override.py:1911} INFO - Created Permission View: can delete on DAG:data_processing_dag
[2024-11-22T18:10:35.111+0000] {logging_mixin.py:190} INFO - [2024-11-22T18:10:35.110+0000] {override.py:1911} INFO - Created Permission View: can edit on DAG:data_processing_dag
[2024-11-22T18:10:35.245+0000] {logging_mixin.py:190} INFO - [2024-11-22T18:10:35.245+0000] {override.py:1911} INFO - Created Permission View: can read on DAG:data_processing_dag
[2024-11-22T18:10:35.561+0000] {logging_mixin.py:190} INFO - [2024-11-22T18:10:35.560+0000] {override.py:1911} INFO - Created Permission View: can delete on DAG Run:data_processing_dag
[2024-11-22T18:10:35.713+0000] {logging_mixin.py:190} INFO - [2024-11-22T18:10:35.713+0000] {override.py:1911} INFO - Created Permission View: menu access on DAG Run:data_processing_dag
[2024-11-22T18:10:35.959+0000] {logging_mixin.py:190} INFO - [2024-11-22T18:10:35.958+0000] {override.py:1911} INFO - Created Permission View: can create on DAG Run:data_processing_dag
[2024-11-22T18:10:36.261+0000] {logging_mixin.py:190} INFO - [2024-11-22T18:10:36.260+0000] {override.py:1911} INFO - Created Permission View: can read on DAG Run:data_processing_dag
[2024-11-22T18:10:36.262+0000] {logging_mixin.py:190} INFO - [2024-11-22T18:10:36.262+0000] {dag.py:3239} INFO - Sync 1 DAGs
[2024-11-22T18:10:36.279+0000] {logging_mixin.py:190} INFO - [2024-11-22T18:10:36.278+0000] {dag.py:3262} INFO - Creating ORM DAG for data_processing_dag
[2024-11-22T18:10:36.280+0000] {logging_mixin.py:190} INFO - [2024-11-22T18:10:36.280+0000] {dag.py:4180} INFO - Setting next_dagrun for data_processing_dag to None, run_after=None
[2024-11-22T18:10:36.633+0000] {processor.py:208} INFO - Processing /opt/airflow/dags/data_processing_dag.py took 6.834 seconds
[2024-11-22T18:11:24.080+0000] {processor.py:186} INFO - Started process (PID=195) to work on /opt/airflow/dags/data_processing_dag.py
[2024-11-22T18:11:24.081+0000] {processor.py:914} INFO - Processing file /opt/airflow/dags/data_processing_dag.py for tasks to queue
[2024-11-22T18:11:24.084+0000] {logging_mixin.py:190} INFO - [2024-11-22T18:11:24.084+0000] {dagbag.py:588} INFO - Filling up the DagBag from /opt/airflow/dags/data_processing_dag.py
[2024-11-22T18:11:25.106+0000] {processor.py:925} INFO - DAG(s) 'data_processing_dag' retrieved from /opt/airflow/dags/data_processing_dag.py
[2024-11-22T18:11:25.125+0000] {logging_mixin.py:190} INFO - [2024-11-22T18:11:25.124+0000] {dag.py:3239} INFO - Sync 1 DAGs
[2024-11-22T18:11:25.141+0000] {logging_mixin.py:190} INFO - [2024-11-22T18:11:25.141+0000] {dag.py:4180} INFO - Setting next_dagrun for data_processing_dag to None, run_after=None
[2024-11-22T18:11:25.196+0000] {processor.py:208} INFO - Processing /opt/airflow/dags/data_processing_dag.py took 1.125 seconds
[2024-11-22T18:11:55.599+0000] {processor.py:186} INFO - Started process (PID=274) to work on /opt/airflow/dags/data_processing_dag.py
[2024-11-22T18:11:55.600+0000] {processor.py:914} INFO - Processing file /opt/airflow/dags/data_processing_dag.py for tasks to queue
[2024-11-22T18:11:55.602+0000] {logging_mixin.py:190} INFO - [2024-11-22T18:11:55.602+0000] {dagbag.py:588} INFO - Filling up the DagBag from /opt/airflow/dags/data_processing_dag.py
[2024-11-22T18:11:56.581+0000] {processor.py:925} INFO - DAG(s) 'data_processing_dag' retrieved from /opt/airflow/dags/data_processing_dag.py
[2024-11-22T18:11:56.600+0000] {logging_mixin.py:190} INFO - [2024-11-22T18:11:56.600+0000] {dag.py:3239} INFO - Sync 1 DAGs
[2024-11-22T18:11:56.615+0000] {logging_mixin.py:190} INFO - [2024-11-22T18:11:56.615+0000] {dag.py:4180} INFO - Setting next_dagrun for data_processing_dag to None, run_after=None
[2024-11-22T18:11:56.693+0000] {processor.py:208} INFO - Processing /opt/airflow/dags/data_processing_dag.py took 1.101 seconds
[2024-11-22T18:12:27.037+0000] {processor.py:186} INFO - Started process (PID=355) to work on /opt/airflow/dags/data_processing_dag.py
[2024-11-22T18:12:27.038+0000] {processor.py:914} INFO - Processing file /opt/airflow/dags/data_processing_dag.py for tasks to queue
[2024-11-22T18:12:27.041+0000] {logging_mixin.py:190} INFO - [2024-11-22T18:12:27.041+0000] {dagbag.py:588} INFO - Filling up the DagBag from /opt/airflow/dags/data_processing_dag.py
[2024-11-22T18:12:27.994+0000] {processor.py:925} INFO - DAG(s) 'data_processing_dag' retrieved from /opt/airflow/dags/data_processing_dag.py
[2024-11-22T18:12:28.013+0000] {logging_mixin.py:190} INFO - [2024-11-22T18:12:28.013+0000] {dag.py:3239} INFO - Sync 1 DAGs
[2024-11-22T18:12:28.028+0000] {logging_mixin.py:190} INFO - [2024-11-22T18:12:28.028+0000] {dag.py:4180} INFO - Setting next_dagrun for data_processing_dag to None, run_after=None
[2024-11-22T18:12:28.233+0000] {processor.py:208} INFO - Processing /opt/airflow/dags/data_processing_dag.py took 1.203 seconds
[2024-11-22T18:12:58.370+0000] {processor.py:186} INFO - Started process (PID=437) to work on /opt/airflow/dags/data_processing_dag.py
[2024-11-22T18:12:58.371+0000] {processor.py:914} INFO - Processing file /opt/airflow/dags/data_processing_dag.py for tasks to queue
[2024-11-22T18:12:58.375+0000] {logging_mixin.py:190} INFO - [2024-11-22T18:12:58.374+0000] {dagbag.py:588} INFO - Filling up the DagBag from /opt/airflow/dags/data_processing_dag.py
[2024-11-22T18:12:59.287+0000] {processor.py:925} INFO - DAG(s) 'data_processing_dag' retrieved from /opt/airflow/dags/data_processing_dag.py
[2024-11-22T18:12:59.306+0000] {logging_mixin.py:190} INFO - [2024-11-22T18:12:59.305+0000] {dag.py:3239} INFO - Sync 1 DAGs
[2024-11-22T18:12:59.321+0000] {logging_mixin.py:190} INFO - [2024-11-22T18:12:59.320+0000] {dag.py:4180} INFO - Setting next_dagrun for data_processing_dag to None, run_after=None
[2024-11-22T18:12:59.676+0000] {processor.py:208} INFO - Processing /opt/airflow/dags/data_processing_dag.py took 1.313 seconds
[2024-11-22T18:13:36.679+0000] {processor.py:186} INFO - Started process (PID=514) to work on /opt/airflow/dags/data_processing_dag.py
[2024-11-22T18:13:36.687+0000] {processor.py:914} INFO - Processing file /opt/airflow/dags/data_processing_dag.py for tasks to queue
[2024-11-22T18:13:39.336+0000] {logging_mixin.py:190} INFO - [2024-11-22T18:13:39.335+0000] {dagbag.py:588} INFO - Filling up the DagBag from /opt/airflow/dags/data_processing_dag.py
[2024-11-22T18:13:43.414+0000] {processor.py:925} INFO - DAG(s) 'data_processing_dag' retrieved from /opt/airflow/dags/data_processing_dag.py
[2024-11-22T18:13:43.445+0000] {logging_mixin.py:190} INFO - [2024-11-22T18:13:43.444+0000] {dag.py:3239} INFO - Sync 1 DAGs
[2024-11-22T18:13:43.479+0000] {logging_mixin.py:190} INFO - [2024-11-22T18:13:43.479+0000] {dag.py:4180} INFO - Setting next_dagrun for data_processing_dag to None, run_after=None
[2024-11-22T18:13:43.563+0000] {processor.py:208} INFO - Processing /opt/airflow/dags/data_processing_dag.py took 8.024 seconds
[2024-11-22T18:14:13.803+0000] {processor.py:186} INFO - Started process (PID=603) to work on /opt/airflow/dags/data_processing_dag.py
[2024-11-22T18:14:13.805+0000] {processor.py:914} INFO - Processing file /opt/airflow/dags/data_processing_dag.py for tasks to queue
[2024-11-22T18:14:13.808+0000] {logging_mixin.py:190} INFO - [2024-11-22T18:14:13.808+0000] {dagbag.py:588} INFO - Filling up the DagBag from /opt/airflow/dags/data_processing_dag.py
[2024-11-22T18:14:14.999+0000] {processor.py:925} INFO - DAG(s) 'data_processing_dag' retrieved from /opt/airflow/dags/data_processing_dag.py
[2024-11-22T18:14:15.021+0000] {logging_mixin.py:190} INFO - [2024-11-22T18:14:15.021+0000] {dag.py:3239} INFO - Sync 1 DAGs
[2024-11-22T18:14:15.039+0000] {logging_mixin.py:190} INFO - [2024-11-22T18:14:15.039+0000] {dag.py:4180} INFO - Setting next_dagrun for data_processing_dag to None, run_after=None
[2024-11-22T18:14:15.217+0000] {processor.py:208} INFO - Processing /opt/airflow/dags/data_processing_dag.py took 1.425 seconds
[2024-11-22T18:14:45.397+0000] {processor.py:186} INFO - Started process (PID=674) to work on /opt/airflow/dags/data_processing_dag.py
[2024-11-22T18:14:45.398+0000] {processor.py:914} INFO - Processing file /opt/airflow/dags/data_processing_dag.py for tasks to queue
[2024-11-22T18:14:45.402+0000] {logging_mixin.py:190} INFO - [2024-11-22T18:14:45.401+0000] {dagbag.py:588} INFO - Filling up the DagBag from /opt/airflow/dags/data_processing_dag.py
[2024-11-22T18:14:46.713+0000] {processor.py:925} INFO - DAG(s) 'data_processing_dag' retrieved from /opt/airflow/dags/data_processing_dag.py
[2024-11-22T18:14:46.739+0000] {logging_mixin.py:190} INFO - [2024-11-22T18:14:46.737+0000] {dag.py:3239} INFO - Sync 1 DAGs
[2024-11-22T18:14:46.756+0000] {logging_mixin.py:190} INFO - [2024-11-22T18:14:46.756+0000] {dag.py:4180} INFO - Setting next_dagrun for data_processing_dag to None, run_after=None
[2024-11-22T18:14:46.832+0000] {processor.py:208} INFO - Processing /opt/airflow/dags/data_processing_dag.py took 1.443 seconds
[2024-11-22T18:15:17.461+0000] {processor.py:186} INFO - Started process (PID=753) to work on /opt/airflow/dags/data_processing_dag.py
[2024-11-22T18:15:17.463+0000] {processor.py:914} INFO - Processing file /opt/airflow/dags/data_processing_dag.py for tasks to queue
[2024-11-22T18:15:17.466+0000] {logging_mixin.py:190} INFO - [2024-11-22T18:15:17.465+0000] {dagbag.py:588} INFO - Filling up the DagBag from /opt/airflow/dags/data_processing_dag.py
[2024-11-22T18:15:18.806+0000] {processor.py:925} INFO - DAG(s) 'data_processing_dag' retrieved from /opt/airflow/dags/data_processing_dag.py
[2024-11-22T18:15:18.846+0000] {logging_mixin.py:190} INFO - [2024-11-22T18:15:18.846+0000] {dag.py:3239} INFO - Sync 1 DAGs
[2024-11-22T18:15:18.870+0000] {logging_mixin.py:190} INFO - [2024-11-22T18:15:18.870+0000] {dag.py:4180} INFO - Setting next_dagrun for data_processing_dag to None, run_after=None
[2024-11-22T18:15:19.074+0000] {processor.py:208} INFO - Processing /opt/airflow/dags/data_processing_dag.py took 1.623 seconds
[2024-11-22T18:15:49.405+0000] {processor.py:186} INFO - Started process (PID=840) to work on /opt/airflow/dags/data_processing_dag.py
[2024-11-22T18:15:49.407+0000] {processor.py:914} INFO - Processing file /opt/airflow/dags/data_processing_dag.py for tasks to queue
[2024-11-22T18:15:49.410+0000] {logging_mixin.py:190} INFO - [2024-11-22T18:15:49.410+0000] {dagbag.py:588} INFO - Filling up the DagBag from /opt/airflow/dags/data_processing_dag.py
[2024-11-22T18:15:50.638+0000] {processor.py:925} INFO - DAG(s) 'data_processing_dag' retrieved from /opt/airflow/dags/data_processing_dag.py
[2024-11-22T18:15:50.659+0000] {logging_mixin.py:190} INFO - [2024-11-22T18:15:50.659+0000] {dag.py:3239} INFO - Sync 1 DAGs
[2024-11-22T18:15:50.689+0000] {logging_mixin.py:190} INFO - [2024-11-22T18:15:50.688+0000] {dag.py:4180} INFO - Setting next_dagrun for data_processing_dag to None, run_after=None
[2024-11-22T18:15:50.756+0000] {processor.py:208} INFO - Processing /opt/airflow/dags/data_processing_dag.py took 1.359 seconds
[2024-11-22T18:16:21.112+0000] {processor.py:186} INFO - Started process (PID=920) to work on /opt/airflow/dags/data_processing_dag.py
[2024-11-22T18:16:21.114+0000] {processor.py:914} INFO - Processing file /opt/airflow/dags/data_processing_dag.py for tasks to queue
[2024-11-22T18:16:21.151+0000] {logging_mixin.py:190} INFO - [2024-11-22T18:16:21.150+0000] {dagbag.py:588} INFO - Filling up the DagBag from /opt/airflow/dags/data_processing_dag.py
[2024-11-22T18:16:22.488+0000] {processor.py:925} INFO - DAG(s) 'data_processing_dag' retrieved from /opt/airflow/dags/data_processing_dag.py
[2024-11-22T18:16:22.511+0000] {logging_mixin.py:190} INFO - [2024-11-22T18:16:22.511+0000] {dag.py:3239} INFO - Sync 1 DAGs
[2024-11-22T18:16:22.528+0000] {logging_mixin.py:190} INFO - [2024-11-22T18:16:22.528+0000] {dag.py:4180} INFO - Setting next_dagrun for data_processing_dag to None, run_after=None
[2024-11-22T18:16:22.583+0000] {processor.py:208} INFO - Processing /opt/airflow/dags/data_processing_dag.py took 1.479 seconds
[2024-11-22T18:16:54.192+0000] {processor.py:186} INFO - Started process (PID=1000) to work on /opt/airflow/dags/data_processing_dag.py
[2024-11-22T18:16:54.193+0000] {processor.py:914} INFO - Processing file /opt/airflow/dags/data_processing_dag.py for tasks to queue
[2024-11-22T18:16:54.196+0000] {logging_mixin.py:190} INFO - [2024-11-22T18:16:54.196+0000] {dagbag.py:588} INFO - Filling up the DagBag from /opt/airflow/dags/data_processing_dag.py
[2024-11-22T18:16:55.283+0000] {processor.py:925} INFO - DAG(s) 'data_processing_dag' retrieved from /opt/airflow/dags/data_processing_dag.py
[2024-11-22T18:16:55.305+0000] {logging_mixin.py:190} INFO - [2024-11-22T18:16:55.304+0000] {dag.py:3239} INFO - Sync 1 DAGs
[2024-11-22T18:16:55.332+0000] {logging_mixin.py:190} INFO - [2024-11-22T18:16:55.332+0000] {dag.py:4180} INFO - Setting next_dagrun for data_processing_dag to None, run_after=None
[2024-11-22T18:16:55.404+0000] {processor.py:208} INFO - Processing /opt/airflow/dags/data_processing_dag.py took 1.221 seconds
[2024-11-22T18:17:25.718+0000] {processor.py:186} INFO - Started process (PID=1081) to work on /opt/airflow/dags/data_processing_dag.py
[2024-11-22T18:17:25.719+0000] {processor.py:914} INFO - Processing file /opt/airflow/dags/data_processing_dag.py for tasks to queue
[2024-11-22T18:17:25.722+0000] {logging_mixin.py:190} INFO - [2024-11-22T18:17:25.722+0000] {dagbag.py:588} INFO - Filling up the DagBag from /opt/airflow/dags/data_processing_dag.py
[2024-11-22T18:17:26.680+0000] {processor.py:925} INFO - DAG(s) 'data_processing_dag' retrieved from /opt/airflow/dags/data_processing_dag.py
[2024-11-22T18:17:26.699+0000] {logging_mixin.py:190} INFO - [2024-11-22T18:17:26.699+0000] {dag.py:3239} INFO - Sync 1 DAGs
[2024-11-22T18:17:26.718+0000] {logging_mixin.py:190} INFO - [2024-11-22T18:17:26.717+0000] {dag.py:4180} INFO - Setting next_dagrun for data_processing_dag to None, run_after=None
[2024-11-22T18:17:26.880+0000] {processor.py:208} INFO - Processing /opt/airflow/dags/data_processing_dag.py took 1.170 seconds
[2024-11-22T18:17:57.201+0000] {processor.py:186} INFO - Started process (PID=1160) to work on /opt/airflow/dags/data_processing_dag.py
[2024-11-22T18:17:57.203+0000] {processor.py:914} INFO - Processing file /opt/airflow/dags/data_processing_dag.py for tasks to queue
[2024-11-22T18:17:57.206+0000] {logging_mixin.py:190} INFO - [2024-11-22T18:17:57.206+0000] {dagbag.py:588} INFO - Filling up the DagBag from /opt/airflow/dags/data_processing_dag.py
[2024-11-22T18:17:58.377+0000] {processor.py:925} INFO - DAG(s) 'data_processing_dag' retrieved from /opt/airflow/dags/data_processing_dag.py
[2024-11-22T18:17:58.395+0000] {logging_mixin.py:190} INFO - [2024-11-22T18:17:58.395+0000] {dag.py:3239} INFO - Sync 1 DAGs
[2024-11-22T18:17:58.411+0000] {logging_mixin.py:190} INFO - [2024-11-22T18:17:58.410+0000] {dag.py:4180} INFO - Setting next_dagrun for data_processing_dag to None, run_after=None
[2024-11-22T18:17:59.004+0000] {processor.py:208} INFO - Processing /opt/airflow/dags/data_processing_dag.py took 1.810 seconds
[2024-11-22T18:18:29.424+0000] {processor.py:186} INFO - Started process (PID=1231) to work on /opt/airflow/dags/data_processing_dag.py
[2024-11-22T18:18:29.426+0000] {processor.py:914} INFO - Processing file /opt/airflow/dags/data_processing_dag.py for tasks to queue
[2024-11-22T18:18:29.430+0000] {logging_mixin.py:190} INFO - [2024-11-22T18:18:29.430+0000] {dagbag.py:588} INFO - Filling up the DagBag from /opt/airflow/dags/data_processing_dag.py
[2024-11-22T18:18:30.399+0000] {processor.py:925} INFO - DAG(s) 'data_processing_dag' retrieved from /opt/airflow/dags/data_processing_dag.py
[2024-11-22T18:18:30.420+0000] {logging_mixin.py:190} INFO - [2024-11-22T18:18:30.419+0000] {dag.py:3239} INFO - Sync 1 DAGs
[2024-11-22T18:18:30.437+0000] {logging_mixin.py:190} INFO - [2024-11-22T18:18:30.436+0000] {dag.py:4180} INFO - Setting next_dagrun for data_processing_dag to None, run_after=None
[2024-11-22T18:18:30.487+0000] {processor.py:208} INFO - Processing /opt/airflow/dags/data_processing_dag.py took 1.073 seconds
[2024-11-22T18:19:00.863+0000] {processor.py:186} INFO - Started process (PID=1317) to work on /opt/airflow/dags/data_processing_dag.py
[2024-11-22T18:19:00.865+0000] {processor.py:914} INFO - Processing file /opt/airflow/dags/data_processing_dag.py for tasks to queue
[2024-11-22T18:19:00.869+0000] {logging_mixin.py:190} INFO - [2024-11-22T18:19:00.868+0000] {dagbag.py:588} INFO - Filling up the DagBag from /opt/airflow/dags/data_processing_dag.py
[2024-11-22T18:19:02.564+0000] {processor.py:925} INFO - DAG(s) 'data_processing_dag' retrieved from /opt/airflow/dags/data_processing_dag.py
[2024-11-22T18:19:02.613+0000] {logging_mixin.py:190} INFO - [2024-11-22T18:19:02.612+0000] {dag.py:3239} INFO - Sync 1 DAGs
[2024-11-22T18:19:02.661+0000] {logging_mixin.py:190} INFO - [2024-11-22T18:19:02.661+0000] {dag.py:4180} INFO - Setting next_dagrun for data_processing_dag to None, run_after=None
[2024-11-22T18:19:03.302+0000] {processor.py:208} INFO - Processing /opt/airflow/dags/data_processing_dag.py took 2.450 seconds
[2024-11-22T18:19:34.297+0000] {processor.py:186} INFO - Started process (PID=1388) to work on /opt/airflow/dags/data_processing_dag.py
[2024-11-22T18:19:34.299+0000] {processor.py:914} INFO - Processing file /opt/airflow/dags/data_processing_dag.py for tasks to queue
[2024-11-22T18:19:34.301+0000] {logging_mixin.py:190} INFO - [2024-11-22T18:19:34.301+0000] {dagbag.py:588} INFO - Filling up the DagBag from /opt/airflow/dags/data_processing_dag.py
[2024-11-22T18:19:35.677+0000] {processor.py:925} INFO - DAG(s) 'data_processing_dag' retrieved from /opt/airflow/dags/data_processing_dag.py
[2024-11-22T18:19:35.707+0000] {logging_mixin.py:190} INFO - [2024-11-22T18:19:35.707+0000] {dag.py:3239} INFO - Sync 1 DAGs
[2024-11-22T18:19:35.737+0000] {logging_mixin.py:190} INFO - [2024-11-22T18:19:35.736+0000] {dag.py:4180} INFO - Setting next_dagrun for data_processing_dag to None, run_after=None
[2024-11-22T18:19:36.200+0000] {processor.py:208} INFO - Processing /opt/airflow/dags/data_processing_dag.py took 1.910 seconds
[2024-11-22T18:20:06.360+0000] {processor.py:186} INFO - Started process (PID=1475) to work on /opt/airflow/dags/data_processing_dag.py
[2024-11-22T18:20:06.361+0000] {processor.py:914} INFO - Processing file /opt/airflow/dags/data_processing_dag.py for tasks to queue
[2024-11-22T18:20:06.364+0000] {logging_mixin.py:190} INFO - [2024-11-22T18:20:06.364+0000] {dagbag.py:588} INFO - Filling up the DagBag from /opt/airflow/dags/data_processing_dag.py
[2024-11-22T18:20:07.391+0000] {processor.py:925} INFO - DAG(s) 'data_processing_dag' retrieved from /opt/airflow/dags/data_processing_dag.py
[2024-11-22T18:20:07.409+0000] {logging_mixin.py:190} INFO - [2024-11-22T18:20:07.408+0000] {dag.py:3239} INFO - Sync 1 DAGs
[2024-11-22T18:20:07.426+0000] {logging_mixin.py:190} INFO - [2024-11-22T18:20:07.426+0000] {dag.py:4180} INFO - Setting next_dagrun for data_processing_dag to None, run_after=None
[2024-11-22T18:20:07.581+0000] {processor.py:208} INFO - Processing /opt/airflow/dags/data_processing_dag.py took 1.230 seconds
[2024-11-22T18:20:38.304+0000] {processor.py:186} INFO - Started process (PID=1554) to work on /opt/airflow/dags/data_processing_dag.py
[2024-11-22T18:20:38.305+0000] {processor.py:914} INFO - Processing file /opt/airflow/dags/data_processing_dag.py for tasks to queue
[2024-11-22T18:20:38.308+0000] {logging_mixin.py:190} INFO - [2024-11-22T18:20:38.307+0000] {dagbag.py:588} INFO - Filling up the DagBag from /opt/airflow/dags/data_processing_dag.py
[2024-11-22T18:20:39.404+0000] {processor.py:925} INFO - DAG(s) 'data_processing_dag' retrieved from /opt/airflow/dags/data_processing_dag.py
[2024-11-22T18:20:39.425+0000] {logging_mixin.py:190} INFO - [2024-11-22T18:20:39.425+0000] {dag.py:3239} INFO - Sync 1 DAGs
[2024-11-22T18:20:39.444+0000] {logging_mixin.py:190} INFO - [2024-11-22T18:20:39.444+0000] {dag.py:4180} INFO - Setting next_dagrun for data_processing_dag to None, run_after=None
[2024-11-22T18:20:39.633+0000] {processor.py:208} INFO - Processing /opt/airflow/dags/data_processing_dag.py took 1.339 seconds
[2024-11-22T18:21:10.195+0000] {processor.py:186} INFO - Started process (PID=1635) to work on /opt/airflow/dags/data_processing_dag.py
[2024-11-22T18:21:10.196+0000] {processor.py:914} INFO - Processing file /opt/airflow/dags/data_processing_dag.py for tasks to queue
[2024-11-22T18:21:10.199+0000] {logging_mixin.py:190} INFO - [2024-11-22T18:21:10.199+0000] {dagbag.py:588} INFO - Filling up the DagBag from /opt/airflow/dags/data_processing_dag.py
[2024-11-22T18:21:11.395+0000] {processor.py:925} INFO - DAG(s) 'data_processing_dag' retrieved from /opt/airflow/dags/data_processing_dag.py
[2024-11-22T18:21:11.441+0000] {logging_mixin.py:190} INFO - [2024-11-22T18:21:11.441+0000] {dag.py:3239} INFO - Sync 1 DAGs
[2024-11-22T18:21:11.462+0000] {logging_mixin.py:190} INFO - [2024-11-22T18:21:11.462+0000] {dag.py:4180} INFO - Setting next_dagrun for data_processing_dag to None, run_after=None
[2024-11-22T18:21:11.683+0000] {processor.py:208} INFO - Processing /opt/airflow/dags/data_processing_dag.py took 1.494 seconds
[2024-11-22T18:21:42.354+0000] {processor.py:186} INFO - Started process (PID=1723) to work on /opt/airflow/dags/data_processing_dag.py
[2024-11-22T18:21:42.357+0000] {processor.py:914} INFO - Processing file /opt/airflow/dags/data_processing_dag.py for tasks to queue
[2024-11-22T18:21:42.363+0000] {logging_mixin.py:190} INFO - [2024-11-22T18:21:42.362+0000] {dagbag.py:588} INFO - Filling up the DagBag from /opt/airflow/dags/data_processing_dag.py
[2024-11-22T18:21:43.624+0000] {processor.py:925} INFO - DAG(s) 'data_processing_dag' retrieved from /opt/airflow/dags/data_processing_dag.py
[2024-11-22T18:21:43.644+0000] {logging_mixin.py:190} INFO - [2024-11-22T18:21:43.643+0000] {dag.py:3239} INFO - Sync 1 DAGs
[2024-11-22T18:21:43.667+0000] {logging_mixin.py:190} INFO - [2024-11-22T18:21:43.667+0000] {dag.py:4180} INFO - Setting next_dagrun for data_processing_dag to None, run_after=None
[2024-11-22T18:21:43.995+0000] {processor.py:208} INFO - Processing /opt/airflow/dags/data_processing_dag.py took 1.655 seconds
[2024-11-22T18:22:14.936+0000] {processor.py:186} INFO - Started process (PID=1805) to work on /opt/airflow/dags/data_processing_dag.py
[2024-11-22T18:22:14.937+0000] {processor.py:914} INFO - Processing file /opt/airflow/dags/data_processing_dag.py for tasks to queue
[2024-11-22T18:22:14.942+0000] {logging_mixin.py:190} INFO - [2024-11-22T18:22:14.941+0000] {dagbag.py:588} INFO - Filling up the DagBag from /opt/airflow/dags/data_processing_dag.py
[2024-11-22T18:22:15.896+0000] {processor.py:925} INFO - DAG(s) 'data_processing_dag' retrieved from /opt/airflow/dags/data_processing_dag.py
[2024-11-22T18:22:15.916+0000] {logging_mixin.py:190} INFO - [2024-11-22T18:22:15.915+0000] {dag.py:3239} INFO - Sync 1 DAGs
[2024-11-22T18:22:15.930+0000] {logging_mixin.py:190} INFO - [2024-11-22T18:22:15.930+0000] {dag.py:4180} INFO - Setting next_dagrun for data_processing_dag to None, run_after=None
[2024-11-22T18:22:16.218+0000] {processor.py:208} INFO - Processing /opt/airflow/dags/data_processing_dag.py took 1.293 seconds
[2024-11-22T18:22:46.910+0000] {processor.py:186} INFO - Started process (PID=1884) to work on /opt/airflow/dags/data_processing_dag.py
[2024-11-22T18:22:46.911+0000] {processor.py:914} INFO - Processing file /opt/airflow/dags/data_processing_dag.py for tasks to queue
[2024-11-22T18:22:46.914+0000] {logging_mixin.py:190} INFO - [2024-11-22T18:22:46.914+0000] {dagbag.py:588} INFO - Filling up the DagBag from /opt/airflow/dags/data_processing_dag.py
[2024-11-22T18:22:47.823+0000] {processor.py:925} INFO - DAG(s) 'data_processing_dag' retrieved from /opt/airflow/dags/data_processing_dag.py
[2024-11-22T18:22:47.842+0000] {logging_mixin.py:190} INFO - [2024-11-22T18:22:47.842+0000] {dag.py:3239} INFO - Sync 1 DAGs
[2024-11-22T18:22:47.857+0000] {logging_mixin.py:190} INFO - [2024-11-22T18:22:47.856+0000] {dag.py:4180} INFO - Setting next_dagrun for data_processing_dag to None, run_after=None
[2024-11-22T18:22:47.926+0000] {processor.py:208} INFO - Processing /opt/airflow/dags/data_processing_dag.py took 1.026 seconds
[2024-11-22T18:23:18.305+0000] {processor.py:186} INFO - Started process (PID=1964) to work on /opt/airflow/dags/data_processing_dag.py
[2024-11-22T18:23:18.484+0000] {processor.py:914} INFO - Processing file /opt/airflow/dags/data_processing_dag.py for tasks to queue
[2024-11-22T18:23:18.487+0000] {logging_mixin.py:190} INFO - [2024-11-22T18:23:18.487+0000] {dagbag.py:588} INFO - Filling up the DagBag from /opt/airflow/dags/data_processing_dag.py
[2024-11-22T18:23:19.376+0000] {processor.py:925} INFO - DAG(s) 'data_processing_dag' retrieved from /opt/airflow/dags/data_processing_dag.py
[2024-11-22T18:23:19.394+0000] {logging_mixin.py:190} INFO - [2024-11-22T18:23:19.394+0000] {dag.py:3239} INFO - Sync 1 DAGs
[2024-11-22T18:23:19.412+0000] {logging_mixin.py:190} INFO - [2024-11-22T18:23:19.411+0000] {dag.py:4180} INFO - Setting next_dagrun for data_processing_dag to None, run_after=None
[2024-11-22T18:23:19.464+0000] {processor.py:208} INFO - Processing /opt/airflow/dags/data_processing_dag.py took 1.166 seconds
[2024-11-22T18:23:49.706+0000] {processor.py:186} INFO - Started process (PID=2047) to work on /opt/airflow/dags/data_processing_dag.py
[2024-11-22T18:23:49.707+0000] {processor.py:914} INFO - Processing file /opt/airflow/dags/data_processing_dag.py for tasks to queue
[2024-11-22T18:23:49.710+0000] {logging_mixin.py:190} INFO - [2024-11-22T18:23:49.709+0000] {dagbag.py:588} INFO - Filling up the DagBag from /opt/airflow/dags/data_processing_dag.py
[2024-11-22T18:23:50.561+0000] {processor.py:925} INFO - DAG(s) 'data_processing_dag' retrieved from /opt/airflow/dags/data_processing_dag.py
[2024-11-22T18:23:50.582+0000] {logging_mixin.py:190} INFO - [2024-11-22T18:23:50.581+0000] {dag.py:3239} INFO - Sync 1 DAGs
[2024-11-22T18:23:50.596+0000] {logging_mixin.py:190} INFO - [2024-11-22T18:23:50.596+0000] {dag.py:4180} INFO - Setting next_dagrun for data_processing_dag to None, run_after=None
[2024-11-22T18:23:50.641+0000] {processor.py:208} INFO - Processing /opt/airflow/dags/data_processing_dag.py took 0.942 seconds
[2024-11-22T18:24:20.710+0000] {processor.py:186} INFO - Started process (PID=2130) to work on /opt/airflow/dags/data_processing_dag.py
[2024-11-22T18:24:20.712+0000] {processor.py:914} INFO - Processing file /opt/airflow/dags/data_processing_dag.py for tasks to queue
[2024-11-22T18:24:20.715+0000] {logging_mixin.py:190} INFO - [2024-11-22T18:24:20.714+0000] {dagbag.py:588} INFO - Filling up the DagBag from /opt/airflow/dags/data_processing_dag.py
[2024-11-22T18:24:21.539+0000] {processor.py:925} INFO - DAG(s) 'data_processing_dag' retrieved from /opt/airflow/dags/data_processing_dag.py
[2024-11-22T18:24:21.557+0000] {logging_mixin.py:190} INFO - [2024-11-22T18:24:21.557+0000] {dag.py:3239} INFO - Sync 1 DAGs
[2024-11-22T18:24:21.571+0000] {logging_mixin.py:190} INFO - [2024-11-22T18:24:21.571+0000] {dag.py:4180} INFO - Setting next_dagrun for data_processing_dag to None, run_after=None
[2024-11-22T18:24:21.618+0000] {processor.py:208} INFO - Processing /opt/airflow/dags/data_processing_dag.py took 0.916 seconds
[2024-11-22T18:24:52.422+0000] {processor.py:186} INFO - Started process (PID=2214) to work on /opt/airflow/dags/data_processing_dag.py
[2024-11-22T18:24:52.424+0000] {processor.py:914} INFO - Processing file /opt/airflow/dags/data_processing_dag.py for tasks to queue
[2024-11-22T18:24:52.426+0000] {logging_mixin.py:190} INFO - [2024-11-22T18:24:52.426+0000] {dagbag.py:588} INFO - Filling up the DagBag from /opt/airflow/dags/data_processing_dag.py
[2024-11-22T18:24:53.235+0000] {processor.py:925} INFO - DAG(s) 'data_processing_dag' retrieved from /opt/airflow/dags/data_processing_dag.py
[2024-11-22T18:24:53.251+0000] {logging_mixin.py:190} INFO - [2024-11-22T18:24:53.251+0000] {dag.py:3239} INFO - Sync 1 DAGs
[2024-11-22T18:24:53.263+0000] {logging_mixin.py:190} INFO - [2024-11-22T18:24:53.263+0000] {dag.py:4180} INFO - Setting next_dagrun for data_processing_dag to None, run_after=None
[2024-11-22T18:24:53.759+0000] {processor.py:208} INFO - Processing /opt/airflow/dags/data_processing_dag.py took 1.344 seconds
[2024-11-22T18:25:23.889+0000] {processor.py:186} INFO - Started process (PID=2293) to work on /opt/airflow/dags/data_processing_dag.py
[2024-11-22T18:25:23.890+0000] {processor.py:914} INFO - Processing file /opt/airflow/dags/data_processing_dag.py for tasks to queue
[2024-11-22T18:25:23.892+0000] {logging_mixin.py:190} INFO - [2024-11-22T18:25:23.892+0000] {dagbag.py:588} INFO - Filling up the DagBag from /opt/airflow/dags/data_processing_dag.py
[2024-11-22T18:25:24.793+0000] {processor.py:925} INFO - DAG(s) 'data_processing_dag' retrieved from /opt/airflow/dags/data_processing_dag.py
[2024-11-22T18:25:24.809+0000] {logging_mixin.py:190} INFO - [2024-11-22T18:25:24.809+0000] {dag.py:3239} INFO - Sync 1 DAGs
[2024-11-22T18:25:24.821+0000] {logging_mixin.py:190} INFO - [2024-11-22T18:25:24.821+0000] {dag.py:4180} INFO - Setting next_dagrun for data_processing_dag to None, run_after=None
[2024-11-22T18:25:25.672+0000] {processor.py:208} INFO - Processing /opt/airflow/dags/data_processing_dag.py took 1.792 seconds
[2024-11-22T18:25:57.206+0000] {processor.py:186} INFO - Started process (PID=2373) to work on /opt/airflow/dags/data_processing_dag.py
[2024-11-22T18:25:57.208+0000] {processor.py:914} INFO - Processing file /opt/airflow/dags/data_processing_dag.py for tasks to queue
[2024-11-22T18:25:57.210+0000] {logging_mixin.py:190} INFO - [2024-11-22T18:25:57.210+0000] {dagbag.py:588} INFO - Filling up the DagBag from /opt/airflow/dags/data_processing_dag.py
[2024-11-22T18:25:58.384+0000] {processor.py:925} INFO - DAG(s) 'data_processing_dag' retrieved from /opt/airflow/dags/data_processing_dag.py
[2024-11-22T18:25:58.403+0000] {logging_mixin.py:190} INFO - [2024-11-22T18:25:58.402+0000] {dag.py:3239} INFO - Sync 1 DAGs
[2024-11-22T18:25:58.418+0000] {logging_mixin.py:190} INFO - [2024-11-22T18:25:58.418+0000] {dag.py:4180} INFO - Setting next_dagrun for data_processing_dag to None, run_after=None
[2024-11-22T18:25:58.653+0000] {processor.py:208} INFO - Processing /opt/airflow/dags/data_processing_dag.py took 1.454 seconds
[2024-11-22T18:26:29.044+0000] {processor.py:186} INFO - Started process (PID=2453) to work on /opt/airflow/dags/data_processing_dag.py
[2024-11-22T18:26:29.045+0000] {processor.py:914} INFO - Processing file /opt/airflow/dags/data_processing_dag.py for tasks to queue
[2024-11-22T18:26:29.048+0000] {logging_mixin.py:190} INFO - [2024-11-22T18:26:29.048+0000] {dagbag.py:588} INFO - Filling up the DagBag from /opt/airflow/dags/data_processing_dag.py
[2024-11-22T18:26:29.942+0000] {processor.py:925} INFO - DAG(s) 'data_processing_dag' retrieved from /opt/airflow/dags/data_processing_dag.py
[2024-11-22T18:26:29.961+0000] {logging_mixin.py:190} INFO - [2024-11-22T18:26:29.961+0000] {dag.py:3239} INFO - Sync 1 DAGs
[2024-11-22T18:26:29.975+0000] {logging_mixin.py:190} INFO - [2024-11-22T18:26:29.975+0000] {dag.py:4180} INFO - Setting next_dagrun for data_processing_dag to None, run_after=None
[2024-11-22T18:26:30.056+0000] {processor.py:208} INFO - Processing /opt/airflow/dags/data_processing_dag.py took 1.019 seconds
[2024-11-22T18:27:00.625+0000] {processor.py:186} INFO - Started process (PID=2532) to work on /opt/airflow/dags/data_processing_dag.py
[2024-11-22T18:27:00.626+0000] {processor.py:914} INFO - Processing file /opt/airflow/dags/data_processing_dag.py for tasks to queue
[2024-11-22T18:27:00.629+0000] {logging_mixin.py:190} INFO - [2024-11-22T18:27:00.629+0000] {dagbag.py:588} INFO - Filling up the DagBag from /opt/airflow/dags/data_processing_dag.py
[2024-11-22T18:27:01.433+0000] {processor.py:925} INFO - DAG(s) 'data_processing_dag' retrieved from /opt/airflow/dags/data_processing_dag.py
[2024-11-22T18:27:01.449+0000] {logging_mixin.py:190} INFO - [2024-11-22T18:27:01.449+0000] {dag.py:3239} INFO - Sync 1 DAGs
[2024-11-22T18:27:01.461+0000] {logging_mixin.py:190} INFO - [2024-11-22T18:27:01.461+0000] {dag.py:4180} INFO - Setting next_dagrun for data_processing_dag to None, run_after=None
[2024-11-22T18:27:02.718+0000] {processor.py:208} INFO - Processing /opt/airflow/dags/data_processing_dag.py took 2.100 seconds
[2024-11-22T18:27:33.078+0000] {processor.py:186} INFO - Started process (PID=2611) to work on /opt/airflow/dags/data_processing_dag.py
[2024-11-22T18:27:33.080+0000] {processor.py:914} INFO - Processing file /opt/airflow/dags/data_processing_dag.py for tasks to queue
[2024-11-22T18:27:33.084+0000] {logging_mixin.py:190} INFO - [2024-11-22T18:27:33.083+0000] {dagbag.py:588} INFO - Filling up the DagBag from /opt/airflow/dags/data_processing_dag.py
[2024-11-22T18:27:33.916+0000] {processor.py:925} INFO - DAG(s) 'data_processing_dag' retrieved from /opt/airflow/dags/data_processing_dag.py
[2024-11-22T18:27:33.932+0000] {logging_mixin.py:190} INFO - [2024-11-22T18:27:33.932+0000] {dag.py:3239} INFO - Sync 1 DAGs
[2024-11-22T18:27:33.944+0000] {logging_mixin.py:190} INFO - [2024-11-22T18:27:33.944+0000] {dag.py:4180} INFO - Setting next_dagrun for data_processing_dag to None, run_after=None
[2024-11-22T18:27:34.060+0000] {processor.py:208} INFO - Processing /opt/airflow/dags/data_processing_dag.py took 0.993 seconds
[2024-11-22T18:28:04.253+0000] {processor.py:186} INFO - Started process (PID=2690) to work on /opt/airflow/dags/data_processing_dag.py
[2024-11-22T18:28:04.254+0000] {processor.py:914} INFO - Processing file /opt/airflow/dags/data_processing_dag.py for tasks to queue
[2024-11-22T18:28:04.257+0000] {logging_mixin.py:190} INFO - [2024-11-22T18:28:04.257+0000] {dagbag.py:588} INFO - Filling up the DagBag from /opt/airflow/dags/data_processing_dag.py
[2024-11-22T18:28:05.077+0000] {processor.py:925} INFO - DAG(s) 'data_processing_dag' retrieved from /opt/airflow/dags/data_processing_dag.py
[2024-11-22T18:28:05.092+0000] {logging_mixin.py:190} INFO - [2024-11-22T18:28:05.092+0000] {dag.py:3239} INFO - Sync 1 DAGs
[2024-11-22T18:28:05.105+0000] {logging_mixin.py:190} INFO - [2024-11-22T18:28:05.105+0000] {dag.py:4180} INFO - Setting next_dagrun for data_processing_dag to None, run_after=None
[2024-11-22T18:28:07.107+0000] {processor.py:208} INFO - Processing /opt/airflow/dags/data_processing_dag.py took 2.864 seconds
[2024-11-22T18:28:37.368+0000] {processor.py:186} INFO - Started process (PID=2770) to work on /opt/airflow/dags/data_processing_dag.py
[2024-11-22T18:28:37.369+0000] {processor.py:914} INFO - Processing file /opt/airflow/dags/data_processing_dag.py for tasks to queue
[2024-11-22T18:28:37.372+0000] {logging_mixin.py:190} INFO - [2024-11-22T18:28:37.372+0000] {dagbag.py:588} INFO - Filling up the DagBag from /opt/airflow/dags/data_processing_dag.py
[2024-11-22T18:28:38.167+0000] {processor.py:925} INFO - DAG(s) 'data_processing_dag' retrieved from /opt/airflow/dags/data_processing_dag.py
[2024-11-22T18:28:38.186+0000] {logging_mixin.py:190} INFO - [2024-11-22T18:28:38.186+0000] {dag.py:3239} INFO - Sync 1 DAGs
[2024-11-22T18:28:38.200+0000] {logging_mixin.py:190} INFO - [2024-11-22T18:28:38.200+0000] {dag.py:4180} INFO - Setting next_dagrun for data_processing_dag to None, run_after=None
[2024-11-22T18:28:38.340+0000] {processor.py:208} INFO - Processing /opt/airflow/dags/data_processing_dag.py took 0.980 seconds
[2024-11-22T18:29:08.705+0000] {processor.py:186} INFO - Started process (PID=2850) to work on /opt/airflow/dags/data_processing_dag.py
[2024-11-22T18:29:08.706+0000] {processor.py:914} INFO - Processing file /opt/airflow/dags/data_processing_dag.py for tasks to queue
[2024-11-22T18:29:08.709+0000] {logging_mixin.py:190} INFO - [2024-11-22T18:29:08.708+0000] {dagbag.py:588} INFO - Filling up the DagBag from /opt/airflow/dags/data_processing_dag.py
[2024-11-22T18:29:09.616+0000] {processor.py:925} INFO - DAG(s) 'data_processing_dag' retrieved from /opt/airflow/dags/data_processing_dag.py
[2024-11-22T18:29:09.654+0000] {logging_mixin.py:190} INFO - [2024-11-22T18:29:09.653+0000] {dag.py:3239} INFO - Sync 1 DAGs
[2024-11-22T18:29:09.668+0000] {logging_mixin.py:190} INFO - [2024-11-22T18:29:09.667+0000] {dag.py:4180} INFO - Setting next_dagrun for data_processing_dag to None, run_after=None
[2024-11-22T18:29:09.883+0000] {processor.py:208} INFO - Processing /opt/airflow/dags/data_processing_dag.py took 1.186 seconds
[2024-11-22T18:29:40.497+0000] {processor.py:186} INFO - Started process (PID=2933) to work on /opt/airflow/dags/data_processing_dag.py
[2024-11-22T18:29:40.498+0000] {processor.py:914} INFO - Processing file /opt/airflow/dags/data_processing_dag.py for tasks to queue
[2024-11-22T18:29:40.501+0000] {logging_mixin.py:190} INFO - [2024-11-22T18:29:40.501+0000] {dagbag.py:588} INFO - Filling up the DagBag from /opt/airflow/dags/data_processing_dag.py
[2024-11-22T18:29:41.320+0000] {processor.py:925} INFO - DAG(s) 'data_processing_dag' retrieved from /opt/airflow/dags/data_processing_dag.py
[2024-11-22T18:29:41.339+0000] {logging_mixin.py:190} INFO - [2024-11-22T18:29:41.339+0000] {dag.py:3239} INFO - Sync 1 DAGs
[2024-11-22T18:29:41.353+0000] {logging_mixin.py:190} INFO - [2024-11-22T18:29:41.353+0000] {dag.py:4180} INFO - Setting next_dagrun for data_processing_dag to None, run_after=None
[2024-11-22T18:29:41.875+0000] {processor.py:208} INFO - Processing /opt/airflow/dags/data_processing_dag.py took 1.385 seconds
[2024-11-22T18:30:12.192+0000] {processor.py:186} INFO - Started process (PID=3012) to work on /opt/airflow/dags/data_processing_dag.py
[2024-11-22T18:30:12.193+0000] {processor.py:914} INFO - Processing file /opt/airflow/dags/data_processing_dag.py for tasks to queue
[2024-11-22T18:30:12.197+0000] {logging_mixin.py:190} INFO - [2024-11-22T18:30:12.196+0000] {dagbag.py:588} INFO - Filling up the DagBag from /opt/airflow/dags/data_processing_dag.py
[2024-11-22T18:30:13.007+0000] {processor.py:925} INFO - DAG(s) 'data_processing_dag' retrieved from /opt/airflow/dags/data_processing_dag.py
[2024-11-22T18:30:13.024+0000] {logging_mixin.py:190} INFO - [2024-11-22T18:30:13.023+0000] {dag.py:3239} INFO - Sync 1 DAGs
[2024-11-22T18:30:13.037+0000] {logging_mixin.py:190} INFO - [2024-11-22T18:30:13.037+0000] {dag.py:4180} INFO - Setting next_dagrun for data_processing_dag to None, run_after=None
[2024-11-22T18:30:14.077+0000] {processor.py:208} INFO - Processing /opt/airflow/dags/data_processing_dag.py took 1.893 seconds
[2024-11-22T18:30:44.148+0000] {processor.py:186} INFO - Started process (PID=3097) to work on /opt/airflow/dags/data_processing_dag.py
[2024-11-22T18:30:44.150+0000] {processor.py:914} INFO - Processing file /opt/airflow/dags/data_processing_dag.py for tasks to queue
[2024-11-22T18:30:44.152+0000] {logging_mixin.py:190} INFO - [2024-11-22T18:30:44.152+0000] {dagbag.py:588} INFO - Filling up the DagBag from /opt/airflow/dags/data_processing_dag.py
[2024-11-22T18:30:44.984+0000] {processor.py:925} INFO - DAG(s) 'data_processing_dag' retrieved from /opt/airflow/dags/data_processing_dag.py
[2024-11-22T18:30:45.000+0000] {logging_mixin.py:190} INFO - [2024-11-22T18:30:45.000+0000] {dag.py:3239} INFO - Sync 1 DAGs
[2024-11-22T18:30:45.014+0000] {logging_mixin.py:190} INFO - [2024-11-22T18:30:45.014+0000] {dag.py:4180} INFO - Setting next_dagrun for data_processing_dag to None, run_after=None
[2024-11-22T18:30:45.180+0000] {processor.py:208} INFO - Processing /opt/airflow/dags/data_processing_dag.py took 1.038 seconds
[2024-11-22T18:31:15.841+0000] {processor.py:186} INFO - Started process (PID=3176) to work on /opt/airflow/dags/data_processing_dag.py
[2024-11-22T18:31:15.842+0000] {processor.py:914} INFO - Processing file /opt/airflow/dags/data_processing_dag.py for tasks to queue
[2024-11-22T18:31:15.844+0000] {logging_mixin.py:190} INFO - [2024-11-22T18:31:15.844+0000] {dagbag.py:588} INFO - Filling up the DagBag from /opt/airflow/dags/data_processing_dag.py
[2024-11-22T18:31:16.653+0000] {processor.py:925} INFO - DAG(s) 'data_processing_dag' retrieved from /opt/airflow/dags/data_processing_dag.py
[2024-11-22T18:31:16.673+0000] {logging_mixin.py:190} INFO - [2024-11-22T18:31:16.673+0000] {dag.py:3239} INFO - Sync 1 DAGs
[2024-11-22T18:31:16.694+0000] {logging_mixin.py:190} INFO - [2024-11-22T18:31:16.693+0000] {dag.py:4180} INFO - Setting next_dagrun for data_processing_dag to None, run_after=None
[2024-11-22T18:31:17.160+0000] {processor.py:208} INFO - Processing /opt/airflow/dags/data_processing_dag.py took 1.327 seconds
[2024-11-22T18:31:47.308+0000] {processor.py:186} INFO - Started process (PID=3255) to work on /opt/airflow/dags/data_processing_dag.py
[2024-11-22T18:31:47.310+0000] {processor.py:914} INFO - Processing file /opt/airflow/dags/data_processing_dag.py for tasks to queue
[2024-11-22T18:31:47.314+0000] {logging_mixin.py:190} INFO - [2024-11-22T18:31:47.313+0000] {dagbag.py:588} INFO - Filling up the DagBag from /opt/airflow/dags/data_processing_dag.py
[2024-11-22T18:31:48.244+0000] {processor.py:925} INFO - DAG(s) 'data_processing_dag' retrieved from /opt/airflow/dags/data_processing_dag.py
[2024-11-22T18:31:48.266+0000] {logging_mixin.py:190} INFO - [2024-11-22T18:31:48.265+0000] {dag.py:3239} INFO - Sync 1 DAGs
[2024-11-22T18:31:48.279+0000] {logging_mixin.py:190} INFO - [2024-11-22T18:31:48.279+0000] {dag.py:4180} INFO - Setting next_dagrun for data_processing_dag to None, run_after=None
[2024-11-22T18:31:48.391+0000] {processor.py:208} INFO - Processing /opt/airflow/dags/data_processing_dag.py took 1.091 seconds
[2024-11-22T18:32:18.816+0000] {processor.py:186} INFO - Started process (PID=3334) to work on /opt/airflow/dags/data_processing_dag.py
[2024-11-22T18:32:18.817+0000] {processor.py:914} INFO - Processing file /opt/airflow/dags/data_processing_dag.py for tasks to queue
[2024-11-22T18:32:18.820+0000] {logging_mixin.py:190} INFO - [2024-11-22T18:32:18.820+0000] {dagbag.py:588} INFO - Filling up the DagBag from /opt/airflow/dags/data_processing_dag.py
[2024-11-22T18:32:19.752+0000] {processor.py:925} INFO - DAG(s) 'data_processing_dag' retrieved from /opt/airflow/dags/data_processing_dag.py
[2024-11-22T18:32:19.779+0000] {logging_mixin.py:190} INFO - [2024-11-22T18:32:19.778+0000] {dag.py:3239} INFO - Sync 1 DAGs
[2024-11-22T18:32:19.796+0000] {logging_mixin.py:190} INFO - [2024-11-22T18:32:19.796+0000] {dag.py:4180} INFO - Setting next_dagrun for data_processing_dag to None, run_after=None
[2024-11-22T18:32:19.861+0000] {processor.py:208} INFO - Processing /opt/airflow/dags/data_processing_dag.py took 1.054 seconds
[2024-11-22T18:32:50.809+0000] {processor.py:186} INFO - Started process (PID=3413) to work on /opt/airflow/dags/data_processing_dag.py
[2024-11-22T18:32:50.810+0000] {processor.py:914} INFO - Processing file /opt/airflow/dags/data_processing_dag.py for tasks to queue
[2024-11-22T18:32:50.813+0000] {logging_mixin.py:190} INFO - [2024-11-22T18:32:50.813+0000] {dagbag.py:588} INFO - Filling up the DagBag from /opt/airflow/dags/data_processing_dag.py
[2024-11-22T18:32:51.927+0000] {processor.py:925} INFO - DAG(s) 'data_processing_dag' retrieved from /opt/airflow/dags/data_processing_dag.py
[2024-11-22T18:32:51.944+0000] {logging_mixin.py:190} INFO - [2024-11-22T18:32:51.943+0000] {dag.py:3239} INFO - Sync 1 DAGs
[2024-11-22T18:32:51.957+0000] {logging_mixin.py:190} INFO - [2024-11-22T18:32:51.957+0000] {dag.py:4180} INFO - Setting next_dagrun for data_processing_dag to None, run_after=None
[2024-11-22T18:32:52.014+0000] {processor.py:208} INFO - Processing /opt/airflow/dags/data_processing_dag.py took 1.216 seconds
[2024-11-22T18:33:22.397+0000] {processor.py:186} INFO - Started process (PID=3493) to work on /opt/airflow/dags/data_processing_dag.py
[2024-11-22T18:33:22.398+0000] {processor.py:914} INFO - Processing file /opt/airflow/dags/data_processing_dag.py for tasks to queue
[2024-11-22T18:33:22.401+0000] {logging_mixin.py:190} INFO - [2024-11-22T18:33:22.400+0000] {dagbag.py:588} INFO - Filling up the DagBag from /opt/airflow/dags/data_processing_dag.py
[2024-11-22T18:33:23.182+0000] {processor.py:925} INFO - DAG(s) 'data_processing_dag' retrieved from /opt/airflow/dags/data_processing_dag.py
[2024-11-22T18:33:23.203+0000] {logging_mixin.py:190} INFO - [2024-11-22T18:33:23.202+0000] {dag.py:3239} INFO - Sync 1 DAGs
[2024-11-22T18:33:23.216+0000] {logging_mixin.py:190} INFO - [2024-11-22T18:33:23.216+0000] {dag.py:4180} INFO - Setting next_dagrun for data_processing_dag to None, run_after=None
[2024-11-22T18:33:23.284+0000] {processor.py:208} INFO - Processing /opt/airflow/dags/data_processing_dag.py took 0.894 seconds
[2024-11-22T18:33:53.528+0000] {processor.py:186} INFO - Started process (PID=3572) to work on /opt/airflow/dags/data_processing_dag.py
[2024-11-22T18:33:53.529+0000] {processor.py:914} INFO - Processing file /opt/airflow/dags/data_processing_dag.py for tasks to queue
[2024-11-22T18:33:53.532+0000] {logging_mixin.py:190} INFO - [2024-11-22T18:33:53.532+0000] {dagbag.py:588} INFO - Filling up the DagBag from /opt/airflow/dags/data_processing_dag.py
[2024-11-22T18:33:54.304+0000] {processor.py:925} INFO - DAG(s) 'data_processing_dag' retrieved from /opt/airflow/dags/data_processing_dag.py
[2024-11-22T18:33:54.320+0000] {logging_mixin.py:190} INFO - [2024-11-22T18:33:54.320+0000] {dag.py:3239} INFO - Sync 1 DAGs
[2024-11-22T18:33:54.332+0000] {logging_mixin.py:190} INFO - [2024-11-22T18:33:54.332+0000] {dag.py:4180} INFO - Setting next_dagrun for data_processing_dag to None, run_after=None
[2024-11-22T18:33:54.802+0000] {processor.py:208} INFO - Processing /opt/airflow/dags/data_processing_dag.py took 1.280 seconds
[2024-11-22T18:34:25.159+0000] {processor.py:186} INFO - Started process (PID=3651) to work on /opt/airflow/dags/data_processing_dag.py
[2024-11-22T18:34:25.161+0000] {processor.py:914} INFO - Processing file /opt/airflow/dags/data_processing_dag.py for tasks to queue
[2024-11-22T18:34:25.164+0000] {logging_mixin.py:190} INFO - [2024-11-22T18:34:25.164+0000] {dagbag.py:588} INFO - Filling up the DagBag from /opt/airflow/dags/data_processing_dag.py
[2024-11-22T18:34:25.933+0000] {processor.py:925} INFO - DAG(s) 'data_processing_dag' retrieved from /opt/airflow/dags/data_processing_dag.py
[2024-11-22T18:34:26.868+0000] {logging_mixin.py:190} INFO - [2024-11-22T18:34:26.868+0000] {dag.py:3239} INFO - Sync 1 DAGs
[2024-11-22T18:34:26.904+0000] {logging_mixin.py:190} INFO - [2024-11-22T18:34:26.903+0000] {dag.py:4180} INFO - Setting next_dagrun for data_processing_dag to None, run_after=None
[2024-11-22T18:34:26.983+0000] {processor.py:208} INFO - Processing /opt/airflow/dags/data_processing_dag.py took 1.833 seconds
[2024-11-22T18:34:57.212+0000] {processor.py:186} INFO - Started process (PID=3730) to work on /opt/airflow/dags/data_processing_dag.py
[2024-11-22T18:34:57.788+0000] {processor.py:914} INFO - Processing file /opt/airflow/dags/data_processing_dag.py for tasks to queue
[2024-11-22T18:34:57.793+0000] {logging_mixin.py:190} INFO - [2024-11-22T18:34:57.792+0000] {dagbag.py:588} INFO - Filling up the DagBag from /opt/airflow/dags/data_processing_dag.py
[2024-11-22T18:34:58.653+0000] {processor.py:925} INFO - DAG(s) 'data_processing_dag' retrieved from /opt/airflow/dags/data_processing_dag.py
[2024-11-22T18:34:58.672+0000] {logging_mixin.py:190} INFO - [2024-11-22T18:34:58.671+0000] {dag.py:3239} INFO - Sync 1 DAGs
[2024-11-22T18:34:58.686+0000] {logging_mixin.py:190} INFO - [2024-11-22T18:34:58.685+0000] {dag.py:4180} INFO - Setting next_dagrun for data_processing_dag to None, run_after=None
[2024-11-22T18:34:58.737+0000] {processor.py:208} INFO - Processing /opt/airflow/dags/data_processing_dag.py took 1.533 seconds
[2024-11-22T18:35:29.331+0000] {processor.py:186} INFO - Started process (PID=3810) to work on /opt/airflow/dags/data_processing_dag.py
[2024-11-22T18:35:29.332+0000] {processor.py:914} INFO - Processing file /opt/airflow/dags/data_processing_dag.py for tasks to queue
[2024-11-22T18:35:29.334+0000] {logging_mixin.py:190} INFO - [2024-11-22T18:35:29.334+0000] {dagbag.py:588} INFO - Filling up the DagBag from /opt/airflow/dags/data_processing_dag.py
[2024-11-22T18:35:30.160+0000] {processor.py:925} INFO - DAG(s) 'data_processing_dag' retrieved from /opt/airflow/dags/data_processing_dag.py
[2024-11-22T18:35:30.177+0000] {logging_mixin.py:190} INFO - [2024-11-22T18:35:30.177+0000] {dag.py:3239} INFO - Sync 1 DAGs
[2024-11-22T18:35:30.193+0000] {logging_mixin.py:190} INFO - [2024-11-22T18:35:30.193+0000] {dag.py:4180} INFO - Setting next_dagrun for data_processing_dag to None, run_after=None
[2024-11-22T18:35:30.238+0000] {processor.py:208} INFO - Processing /opt/airflow/dags/data_processing_dag.py took 0.914 seconds
[2024-11-22T18:36:00.773+0000] {processor.py:186} INFO - Started process (PID=3889) to work on /opt/airflow/dags/data_processing_dag.py
[2024-11-22T18:36:00.774+0000] {processor.py:914} INFO - Processing file /opt/airflow/dags/data_processing_dag.py for tasks to queue
[2024-11-22T18:36:00.777+0000] {logging_mixin.py:190} INFO - [2024-11-22T18:36:00.776+0000] {dagbag.py:588} INFO - Filling up the DagBag from /opt/airflow/dags/data_processing_dag.py
[2024-11-22T18:36:01.446+0000] {processor.py:925} INFO - DAG(s) 'data_processing_dag' retrieved from /opt/airflow/dags/data_processing_dag.py
[2024-11-22T18:36:01.464+0000] {logging_mixin.py:190} INFO - [2024-11-22T18:36:01.464+0000] {dag.py:3239} INFO - Sync 1 DAGs
[2024-11-22T18:36:01.478+0000] {logging_mixin.py:190} INFO - [2024-11-22T18:36:01.478+0000] {dag.py:4180} INFO - Setting next_dagrun for data_processing_dag to None, run_after=None
[2024-11-22T18:36:01.527+0000] {processor.py:208} INFO - Processing /opt/airflow/dags/data_processing_dag.py took 0.763 seconds
[2024-11-22T18:36:31.715+0000] {processor.py:186} INFO - Started process (PID=3967) to work on /opt/airflow/dags/data_processing_dag.py
[2024-11-22T18:36:31.716+0000] {processor.py:914} INFO - Processing file /opt/airflow/dags/data_processing_dag.py for tasks to queue
[2024-11-22T18:36:31.719+0000] {logging_mixin.py:190} INFO - [2024-11-22T18:36:31.719+0000] {dagbag.py:588} INFO - Filling up the DagBag from /opt/airflow/dags/data_processing_dag.py
[2024-11-22T18:36:32.349+0000] {processor.py:925} INFO - DAG(s) 'data_processing_dag' retrieved from /opt/airflow/dags/data_processing_dag.py
[2024-11-22T18:36:32.371+0000] {logging_mixin.py:190} INFO - [2024-11-22T18:36:32.371+0000] {dag.py:3239} INFO - Sync 1 DAGs
[2024-11-22T18:36:32.390+0000] {logging_mixin.py:190} INFO - [2024-11-22T18:36:32.389+0000] {dag.py:4180} INFO - Setting next_dagrun for data_processing_dag to None, run_after=None
[2024-11-22T18:36:32.442+0000] {processor.py:208} INFO - Processing /opt/airflow/dags/data_processing_dag.py took 0.736 seconds
[2024-11-22T18:37:02.539+0000] {processor.py:186} INFO - Started process (PID=4046) to work on /opt/airflow/dags/data_processing_dag.py
[2024-11-22T18:37:02.540+0000] {processor.py:914} INFO - Processing file /opt/airflow/dags/data_processing_dag.py for tasks to queue
[2024-11-22T18:37:02.543+0000] {logging_mixin.py:190} INFO - [2024-11-22T18:37:02.542+0000] {dagbag.py:588} INFO - Filling up the DagBag from /opt/airflow/dags/data_processing_dag.py
[2024-11-22T18:37:03.286+0000] {processor.py:925} INFO - DAG(s) 'data_processing_dag' retrieved from /opt/airflow/dags/data_processing_dag.py
[2024-11-22T18:37:03.362+0000] {logging_mixin.py:190} INFO - [2024-11-22T18:37:03.362+0000] {dag.py:3239} INFO - Sync 1 DAGs
[2024-11-22T18:37:03.381+0000] {logging_mixin.py:190} INFO - [2024-11-22T18:37:03.380+0000] {dag.py:4180} INFO - Setting next_dagrun for data_processing_dag to None, run_after=None
[2024-11-22T18:37:03.440+0000] {processor.py:208} INFO - Processing /opt/airflow/dags/data_processing_dag.py took 0.911 seconds
[2024-11-22T18:37:33.649+0000] {processor.py:186} INFO - Started process (PID=4125) to work on /opt/airflow/dags/data_processing_dag.py
[2024-11-22T18:37:33.651+0000] {processor.py:914} INFO - Processing file /opt/airflow/dags/data_processing_dag.py for tasks to queue
[2024-11-22T18:37:33.654+0000] {logging_mixin.py:190} INFO - [2024-11-22T18:37:33.653+0000] {dagbag.py:588} INFO - Filling up the DagBag from /opt/airflow/dags/data_processing_dag.py
[2024-11-22T18:37:34.332+0000] {processor.py:925} INFO - DAG(s) 'data_processing_dag' retrieved from /opt/airflow/dags/data_processing_dag.py
[2024-11-22T18:37:34.354+0000] {logging_mixin.py:190} INFO - [2024-11-22T18:37:34.354+0000] {dag.py:3239} INFO - Sync 1 DAGs
[2024-11-22T18:37:34.369+0000] {logging_mixin.py:190} INFO - [2024-11-22T18:37:34.369+0000] {dag.py:4180} INFO - Setting next_dagrun for data_processing_dag to None, run_after=None
[2024-11-22T18:37:34.435+0000] {processor.py:208} INFO - Processing /opt/airflow/dags/data_processing_dag.py took 0.794 seconds
[2024-11-22T18:38:04.870+0000] {processor.py:186} INFO - Started process (PID=4207) to work on /opt/airflow/dags/data_processing_dag.py
[2024-11-22T18:38:04.871+0000] {processor.py:914} INFO - Processing file /opt/airflow/dags/data_processing_dag.py for tasks to queue
[2024-11-22T18:38:04.874+0000] {logging_mixin.py:190} INFO - [2024-11-22T18:38:04.873+0000] {dagbag.py:588} INFO - Filling up the DagBag from /opt/airflow/dags/data_processing_dag.py
[2024-11-22T18:38:05.529+0000] {processor.py:925} INFO - DAG(s) 'data_processing_dag' retrieved from /opt/airflow/dags/data_processing_dag.py
[2024-11-22T18:38:05.549+0000] {logging_mixin.py:190} INFO - [2024-11-22T18:38:05.548+0000] {dag.py:3239} INFO - Sync 1 DAGs
[2024-11-22T18:38:05.564+0000] {logging_mixin.py:190} INFO - [2024-11-22T18:38:05.564+0000] {dag.py:4180} INFO - Setting next_dagrun for data_processing_dag to None, run_after=None
[2024-11-22T18:38:05.621+0000] {processor.py:208} INFO - Processing /opt/airflow/dags/data_processing_dag.py took 0.760 seconds
[2024-11-22T18:38:36.186+0000] {processor.py:186} INFO - Started process (PID=4287) to work on /opt/airflow/dags/data_processing_dag.py
[2024-11-22T18:38:36.187+0000] {processor.py:914} INFO - Processing file /opt/airflow/dags/data_processing_dag.py for tasks to queue
[2024-11-22T18:38:36.190+0000] {logging_mixin.py:190} INFO - [2024-11-22T18:38:36.190+0000] {dagbag.py:588} INFO - Filling up the DagBag from /opt/airflow/dags/data_processing_dag.py
[2024-11-22T18:38:36.801+0000] {processor.py:925} INFO - DAG(s) 'data_processing_dag' retrieved from /opt/airflow/dags/data_processing_dag.py
[2024-11-22T18:38:36.820+0000] {logging_mixin.py:190} INFO - [2024-11-22T18:38:36.819+0000] {dag.py:3239} INFO - Sync 1 DAGs
[2024-11-22T18:38:36.833+0000] {logging_mixin.py:190} INFO - [2024-11-22T18:38:36.833+0000] {dag.py:4180} INFO - Setting next_dagrun for data_processing_dag to None, run_after=None
[2024-11-22T18:38:37.710+0000] {processor.py:208} INFO - Processing /opt/airflow/dags/data_processing_dag.py took 1.530 seconds
[2024-11-22T18:39:07.850+0000] {processor.py:186} INFO - Started process (PID=4366) to work on /opt/airflow/dags/data_processing_dag.py
[2024-11-22T18:39:07.851+0000] {processor.py:914} INFO - Processing file /opt/airflow/dags/data_processing_dag.py for tasks to queue
[2024-11-22T18:39:07.853+0000] {logging_mixin.py:190} INFO - [2024-11-22T18:39:07.853+0000] {dagbag.py:588} INFO - Filling up the DagBag from /opt/airflow/dags/data_processing_dag.py
[2024-11-22T18:39:08.714+0000] {processor.py:925} INFO - DAG(s) 'data_processing_dag' retrieved from /opt/airflow/dags/data_processing_dag.py
[2024-11-22T18:39:08.733+0000] {logging_mixin.py:190} INFO - [2024-11-22T18:39:08.732+0000] {dag.py:3239} INFO - Sync 1 DAGs
[2024-11-22T18:39:08.747+0000] {logging_mixin.py:190} INFO - [2024-11-22T18:39:08.747+0000] {dag.py:4180} INFO - Setting next_dagrun for data_processing_dag to None, run_after=None
[2024-11-22T18:39:10.009+0000] {processor.py:208} INFO - Processing /opt/airflow/dags/data_processing_dag.py took 2.167 seconds
[2024-11-22T18:39:40.163+0000] {processor.py:186} INFO - Started process (PID=4445) to work on /opt/airflow/dags/data_processing_dag.py
[2024-11-22T18:39:40.165+0000] {processor.py:914} INFO - Processing file /opt/airflow/dags/data_processing_dag.py for tasks to queue
[2024-11-22T18:39:40.170+0000] {logging_mixin.py:190} INFO - [2024-11-22T18:39:40.169+0000] {dagbag.py:588} INFO - Filling up the DagBag from /opt/airflow/dags/data_processing_dag.py
[2024-11-22T18:39:40.970+0000] {processor.py:925} INFO - DAG(s) 'data_processing_dag' retrieved from /opt/airflow/dags/data_processing_dag.py
[2024-11-22T18:39:41.092+0000] {logging_mixin.py:190} INFO - [2024-11-22T18:39:41.092+0000] {dag.py:3239} INFO - Sync 1 DAGs
[2024-11-22T18:39:41.116+0000] {logging_mixin.py:190} INFO - [2024-11-22T18:39:41.116+0000] {dag.py:4180} INFO - Setting next_dagrun for data_processing_dag to None, run_after=None
[2024-11-22T18:39:41.236+0000] {processor.py:208} INFO - Processing /opt/airflow/dags/data_processing_dag.py took 1.081 seconds
[2024-11-22T18:40:11.320+0000] {processor.py:186} INFO - Started process (PID=4524) to work on /opt/airflow/dags/data_processing_dag.py
[2024-11-22T18:40:11.321+0000] {processor.py:914} INFO - Processing file /opt/airflow/dags/data_processing_dag.py for tasks to queue
[2024-11-22T18:40:11.325+0000] {logging_mixin.py:190} INFO - [2024-11-22T18:40:11.325+0000] {dagbag.py:588} INFO - Filling up the DagBag from /opt/airflow/dags/data_processing_dag.py
[2024-11-22T18:40:12.239+0000] {processor.py:925} INFO - DAG(s) 'data_processing_dag' retrieved from /opt/airflow/dags/data_processing_dag.py
[2024-11-22T18:40:12.260+0000] {logging_mixin.py:190} INFO - [2024-11-22T18:40:12.260+0000] {dag.py:3239} INFO - Sync 1 DAGs
[2024-11-22T18:40:12.279+0000] {logging_mixin.py:190} INFO - [2024-11-22T18:40:12.279+0000] {dag.py:4180} INFO - Setting next_dagrun for data_processing_dag to None, run_after=None
[2024-11-22T18:40:12.537+0000] {processor.py:208} INFO - Processing /opt/airflow/dags/data_processing_dag.py took 1.233 seconds
[2024-11-22T18:40:43.175+0000] {processor.py:186} INFO - Started process (PID=4603) to work on /opt/airflow/dags/data_processing_dag.py
[2024-11-22T18:40:43.176+0000] {processor.py:914} INFO - Processing file /opt/airflow/dags/data_processing_dag.py for tasks to queue
[2024-11-22T18:40:43.179+0000] {logging_mixin.py:190} INFO - [2024-11-22T18:40:43.179+0000] {dagbag.py:588} INFO - Filling up the DagBag from /opt/airflow/dags/data_processing_dag.py
[2024-11-22T18:40:43.901+0000] {processor.py:925} INFO - DAG(s) 'data_processing_dag' retrieved from /opt/airflow/dags/data_processing_dag.py
[2024-11-22T18:40:43.921+0000] {logging_mixin.py:190} INFO - [2024-11-22T18:40:43.921+0000] {dag.py:3239} INFO - Sync 1 DAGs
[2024-11-22T18:40:43.937+0000] {logging_mixin.py:190} INFO - [2024-11-22T18:40:43.936+0000] {dag.py:4180} INFO - Setting next_dagrun for data_processing_dag to None, run_after=None
[2024-11-22T18:40:44.550+0000] {processor.py:208} INFO - Processing /opt/airflow/dags/data_processing_dag.py took 1.388 seconds
[2024-11-22T18:41:15.025+0000] {processor.py:186} INFO - Started process (PID=4688) to work on /opt/airflow/dags/data_processing_dag.py
[2024-11-22T18:41:15.027+0000] {processor.py:914} INFO - Processing file /opt/airflow/dags/data_processing_dag.py for tasks to queue
[2024-11-22T18:41:15.029+0000] {logging_mixin.py:190} INFO - [2024-11-22T18:41:15.029+0000] {dagbag.py:588} INFO - Filling up the DagBag from /opt/airflow/dags/data_processing_dag.py
[2024-11-22T18:41:15.822+0000] {processor.py:925} INFO - DAG(s) 'data_processing_dag' retrieved from /opt/airflow/dags/data_processing_dag.py
[2024-11-22T18:41:16.757+0000] {logging_mixin.py:190} INFO - [2024-11-22T18:41:16.756+0000] {dag.py:3239} INFO - Sync 1 DAGs
[2024-11-22T18:41:16.773+0000] {logging_mixin.py:190} INFO - [2024-11-22T18:41:16.772+0000] {dag.py:4180} INFO - Setting next_dagrun for data_processing_dag to None, run_after=None
[2024-11-22T18:41:16.835+0000] {processor.py:208} INFO - Processing /opt/airflow/dags/data_processing_dag.py took 1.819 seconds
[2024-11-22T18:41:47.514+0000] {processor.py:186} INFO - Started process (PID=4767) to work on /opt/airflow/dags/data_processing_dag.py
[2024-11-22T18:41:47.515+0000] {processor.py:914} INFO - Processing file /opt/airflow/dags/data_processing_dag.py for tasks to queue
[2024-11-22T18:41:47.518+0000] {logging_mixin.py:190} INFO - [2024-11-22T18:41:47.517+0000] {dagbag.py:588} INFO - Filling up the DagBag from /opt/airflow/dags/data_processing_dag.py
[2024-11-22T18:41:48.198+0000] {processor.py:925} INFO - DAG(s) 'data_processing_dag' retrieved from /opt/airflow/dags/data_processing_dag.py
[2024-11-22T18:41:48.219+0000] {logging_mixin.py:190} INFO - [2024-11-22T18:41:48.218+0000] {dag.py:3239} INFO - Sync 1 DAGs
[2024-11-22T18:41:48.235+0000] {logging_mixin.py:190} INFO - [2024-11-22T18:41:48.235+0000] {dag.py:4180} INFO - Setting next_dagrun for data_processing_dag to None, run_after=None
[2024-11-22T18:41:48.287+0000] {processor.py:208} INFO - Processing /opt/airflow/dags/data_processing_dag.py took 0.780 seconds
[2024-11-22T18:42:18.944+0000] {processor.py:186} INFO - Started process (PID=4850) to work on /opt/airflow/dags/data_processing_dag.py
[2024-11-22T18:42:18.946+0000] {processor.py:914} INFO - Processing file /opt/airflow/dags/data_processing_dag.py for tasks to queue
[2024-11-22T18:42:18.953+0000] {logging_mixin.py:190} INFO - [2024-11-22T18:42:18.952+0000] {dagbag.py:588} INFO - Filling up the DagBag from /opt/airflow/dags/data_processing_dag.py
[2024-11-22T18:42:19.672+0000] {processor.py:925} INFO - DAG(s) 'data_processing_dag' retrieved from /opt/airflow/dags/data_processing_dag.py
[2024-11-22T18:42:19.693+0000] {logging_mixin.py:190} INFO - [2024-11-22T18:42:19.692+0000] {dag.py:3239} INFO - Sync 1 DAGs
[2024-11-22T18:42:19.711+0000] {logging_mixin.py:190} INFO - [2024-11-22T18:42:19.710+0000] {dag.py:4180} INFO - Setting next_dagrun for data_processing_dag to None, run_after=None
[2024-11-22T18:42:19.797+0000] {processor.py:208} INFO - Processing /opt/airflow/dags/data_processing_dag.py took 0.865 seconds
[2024-11-22T18:42:50.243+0000] {processor.py:186} INFO - Started process (PID=4929) to work on /opt/airflow/dags/data_processing_dag.py
[2024-11-22T18:42:50.244+0000] {processor.py:914} INFO - Processing file /opt/airflow/dags/data_processing_dag.py for tasks to queue
[2024-11-22T18:42:50.247+0000] {logging_mixin.py:190} INFO - [2024-11-22T18:42:50.247+0000] {dagbag.py:588} INFO - Filling up the DagBag from /opt/airflow/dags/data_processing_dag.py
[2024-11-22T18:42:50.904+0000] {processor.py:925} INFO - DAG(s) 'data_processing_dag' retrieved from /opt/airflow/dags/data_processing_dag.py
[2024-11-22T18:42:50.924+0000] {logging_mixin.py:190} INFO - [2024-11-22T18:42:50.923+0000] {dag.py:3239} INFO - Sync 1 DAGs
[2024-11-22T18:42:50.938+0000] {logging_mixin.py:190} INFO - [2024-11-22T18:42:50.938+0000] {dag.py:4180} INFO - Setting next_dagrun for data_processing_dag to None, run_after=None
[2024-11-22T18:42:51.035+0000] {processor.py:208} INFO - Processing /opt/airflow/dags/data_processing_dag.py took 0.800 seconds
[2024-11-22T18:43:22.528+0000] {processor.py:186} INFO - Started process (PID=5012) to work on /opt/airflow/dags/data_processing_dag.py
[2024-11-22T18:43:22.529+0000] {processor.py:914} INFO - Processing file /opt/airflow/dags/data_processing_dag.py for tasks to queue
[2024-11-22T18:43:22.532+0000] {logging_mixin.py:190} INFO - [2024-11-22T18:43:22.532+0000] {dagbag.py:588} INFO - Filling up the DagBag from /opt/airflow/dags/data_processing_dag.py
[2024-11-22T18:43:23.141+0000] {processor.py:925} INFO - DAG(s) 'data_processing_dag' retrieved from /opt/airflow/dags/data_processing_dag.py
[2024-11-22T18:43:23.162+0000] {logging_mixin.py:190} INFO - [2024-11-22T18:43:23.162+0000] {dag.py:3239} INFO - Sync 1 DAGs
[2024-11-22T18:43:23.179+0000] {logging_mixin.py:190} INFO - [2024-11-22T18:43:23.178+0000] {dag.py:4180} INFO - Setting next_dagrun for data_processing_dag to None, run_after=None
[2024-11-22T18:43:23.236+0000] {processor.py:208} INFO - Processing /opt/airflow/dags/data_processing_dag.py took 0.714 seconds
[2024-11-22T18:43:54.117+0000] {processor.py:186} INFO - Started process (PID=5091) to work on /opt/airflow/dags/data_processing_dag.py
[2024-11-22T18:43:54.118+0000] {processor.py:914} INFO - Processing file /opt/airflow/dags/data_processing_dag.py for tasks to queue
[2024-11-22T18:43:54.122+0000] {logging_mixin.py:190} INFO - [2024-11-22T18:43:54.121+0000] {dagbag.py:588} INFO - Filling up the DagBag from /opt/airflow/dags/data_processing_dag.py
[2024-11-22T18:43:54.755+0000] {processor.py:925} INFO - DAG(s) 'data_processing_dag' retrieved from /opt/airflow/dags/data_processing_dag.py
[2024-11-22T18:43:54.774+0000] {logging_mixin.py:190} INFO - [2024-11-22T18:43:54.774+0000] {dag.py:3239} INFO - Sync 1 DAGs
[2024-11-22T18:43:54.789+0000] {logging_mixin.py:190} INFO - [2024-11-22T18:43:54.788+0000] {dag.py:4180} INFO - Setting next_dagrun for data_processing_dag to None, run_after=None
[2024-11-22T18:43:54.838+0000] {processor.py:208} INFO - Processing /opt/airflow/dags/data_processing_dag.py took 0.729 seconds
[2024-11-22T18:44:25.060+0000] {processor.py:186} INFO - Started process (PID=5170) to work on /opt/airflow/dags/data_processing_dag.py
[2024-11-22T18:44:25.062+0000] {processor.py:914} INFO - Processing file /opt/airflow/dags/data_processing_dag.py for tasks to queue
[2024-11-22T18:44:25.065+0000] {logging_mixin.py:190} INFO - [2024-11-22T18:44:25.064+0000] {dagbag.py:588} INFO - Filling up the DagBag from /opt/airflow/dags/data_processing_dag.py
[2024-11-22T18:44:25.686+0000] {processor.py:925} INFO - DAG(s) 'data_processing_dag' retrieved from /opt/airflow/dags/data_processing_dag.py
[2024-11-22T18:44:25.705+0000] {logging_mixin.py:190} INFO - [2024-11-22T18:44:25.704+0000] {dag.py:3239} INFO - Sync 1 DAGs
[2024-11-22T18:44:25.718+0000] {logging_mixin.py:190} INFO - [2024-11-22T18:44:25.718+0000] {dag.py:4180} INFO - Setting next_dagrun for data_processing_dag to None, run_after=None
[2024-11-22T18:44:25.766+0000] {processor.py:208} INFO - Processing /opt/airflow/dags/data_processing_dag.py took 0.712 seconds
[2024-11-22T18:44:56.845+0000] {processor.py:186} INFO - Started process (PID=5250) to work on /opt/airflow/dags/data_processing_dag.py
[2024-11-22T18:44:56.846+0000] {processor.py:914} INFO - Processing file /opt/airflow/dags/data_processing_dag.py for tasks to queue
[2024-11-22T18:44:56.851+0000] {logging_mixin.py:190} INFO - [2024-11-22T18:44:56.850+0000] {dagbag.py:588} INFO - Filling up the DagBag from /opt/airflow/dags/data_processing_dag.py
[2024-11-22T18:44:57.686+0000] {processor.py:925} INFO - DAG(s) 'data_processing_dag' retrieved from /opt/airflow/dags/data_processing_dag.py
[2024-11-22T18:44:57.707+0000] {logging_mixin.py:190} INFO - [2024-11-22T18:44:57.706+0000] {dag.py:3239} INFO - Sync 1 DAGs
[2024-11-22T18:44:57.723+0000] {logging_mixin.py:190} INFO - [2024-11-22T18:44:57.723+0000] {dag.py:4180} INFO - Setting next_dagrun for data_processing_dag to None, run_after=None
[2024-11-22T18:44:58.892+0000] {processor.py:208} INFO - Processing /opt/airflow/dags/data_processing_dag.py took 2.058 seconds
[2024-11-22T18:45:29.078+0000] {processor.py:186} INFO - Started process (PID=5329) to work on /opt/airflow/dags/data_processing_dag.py
[2024-11-22T18:45:29.080+0000] {processor.py:914} INFO - Processing file /opt/airflow/dags/data_processing_dag.py for tasks to queue
[2024-11-22T18:45:29.082+0000] {logging_mixin.py:190} INFO - [2024-11-22T18:45:29.082+0000] {dagbag.py:588} INFO - Filling up the DagBag from /opt/airflow/dags/data_processing_dag.py
[2024-11-22T18:45:29.697+0000] {processor.py:925} INFO - DAG(s) 'data_processing_dag' retrieved from /opt/airflow/dags/data_processing_dag.py
[2024-11-22T18:45:29.715+0000] {logging_mixin.py:190} INFO - [2024-11-22T18:45:29.715+0000] {dag.py:3239} INFO - Sync 1 DAGs
[2024-11-22T18:45:29.732+0000] {logging_mixin.py:190} INFO - [2024-11-22T18:45:29.731+0000] {dag.py:4180} INFO - Setting next_dagrun for data_processing_dag to None, run_after=None
[2024-11-22T18:45:30.805+0000] {processor.py:208} INFO - Processing /opt/airflow/dags/data_processing_dag.py took 1.735 seconds
[2024-11-22T18:46:01.414+0000] {processor.py:186} INFO - Started process (PID=5408) to work on /opt/airflow/dags/data_processing_dag.py
[2024-11-22T18:46:01.415+0000] {processor.py:914} INFO - Processing file /opt/airflow/dags/data_processing_dag.py for tasks to queue
[2024-11-22T18:46:01.418+0000] {logging_mixin.py:190} INFO - [2024-11-22T18:46:01.418+0000] {dagbag.py:588} INFO - Filling up the DagBag from /opt/airflow/dags/data_processing_dag.py
[2024-11-22T18:46:02.040+0000] {processor.py:925} INFO - DAG(s) 'data_processing_dag' retrieved from /opt/airflow/dags/data_processing_dag.py
[2024-11-22T18:46:02.058+0000] {logging_mixin.py:190} INFO - [2024-11-22T18:46:02.058+0000] {dag.py:3239} INFO - Sync 1 DAGs
[2024-11-22T18:46:02.073+0000] {logging_mixin.py:190} INFO - [2024-11-22T18:46:02.072+0000] {dag.py:4180} INFO - Setting next_dagrun for data_processing_dag to None, run_after=None
[2024-11-22T18:46:02.504+0000] {processor.py:208} INFO - Processing /opt/airflow/dags/data_processing_dag.py took 1.096 seconds
[2024-11-22T18:46:32.737+0000] {processor.py:186} INFO - Started process (PID=5487) to work on /opt/airflow/dags/data_processing_dag.py
[2024-11-22T18:46:32.738+0000] {processor.py:914} INFO - Processing file /opt/airflow/dags/data_processing_dag.py for tasks to queue
[2024-11-22T18:46:32.741+0000] {logging_mixin.py:190} INFO - [2024-11-22T18:46:32.741+0000] {dagbag.py:588} INFO - Filling up the DagBag from /opt/airflow/dags/data_processing_dag.py
[2024-11-22T18:46:33.477+0000] {processor.py:925} INFO - DAG(s) 'data_processing_dag' retrieved from /opt/airflow/dags/data_processing_dag.py
[2024-11-22T18:46:33.495+0000] {logging_mixin.py:190} INFO - [2024-11-22T18:46:33.495+0000] {dag.py:3239} INFO - Sync 1 DAGs
[2024-11-22T18:46:33.509+0000] {logging_mixin.py:190} INFO - [2024-11-22T18:46:33.509+0000] {dag.py:4180} INFO - Setting next_dagrun for data_processing_dag to None, run_after=None
[2024-11-22T18:46:34.818+0000] {processor.py:208} INFO - Processing /opt/airflow/dags/data_processing_dag.py took 2.088 seconds
[2024-11-22T18:47:05.193+0000] {processor.py:186} INFO - Started process (PID=5566) to work on /opt/airflow/dags/data_processing_dag.py
[2024-11-22T18:47:05.194+0000] {processor.py:914} INFO - Processing file /opt/airflow/dags/data_processing_dag.py for tasks to queue
[2024-11-22T18:47:05.197+0000] {logging_mixin.py:190} INFO - [2024-11-22T18:47:05.197+0000] {dagbag.py:588} INFO - Filling up the DagBag from /opt/airflow/dags/data_processing_dag.py
[2024-11-22T18:47:05.842+0000] {processor.py:925} INFO - DAG(s) 'data_processing_dag' retrieved from /opt/airflow/dags/data_processing_dag.py
[2024-11-22T18:47:05.862+0000] {logging_mixin.py:190} INFO - [2024-11-22T18:47:05.861+0000] {dag.py:3239} INFO - Sync 1 DAGs
[2024-11-22T18:47:05.877+0000] {logging_mixin.py:190} INFO - [2024-11-22T18:47:05.877+0000] {dag.py:4180} INFO - Setting next_dagrun for data_processing_dag to None, run_after=None
[2024-11-22T18:47:06.135+0000] {processor.py:208} INFO - Processing /opt/airflow/dags/data_processing_dag.py took 0.949 seconds
[2024-11-22T18:47:36.265+0000] {processor.py:186} INFO - Started process (PID=5645) to work on /opt/airflow/dags/data_processing_dag.py
[2024-11-22T18:47:36.266+0000] {processor.py:914} INFO - Processing file /opt/airflow/dags/data_processing_dag.py for tasks to queue
[2024-11-22T18:47:36.269+0000] {logging_mixin.py:190} INFO - [2024-11-22T18:47:36.269+0000] {dagbag.py:588} INFO - Filling up the DagBag from /opt/airflow/dags/data_processing_dag.py
[2024-11-22T18:47:36.923+0000] {processor.py:925} INFO - DAG(s) 'data_processing_dag' retrieved from /opt/airflow/dags/data_processing_dag.py
[2024-11-22T18:47:36.942+0000] {logging_mixin.py:190} INFO - [2024-11-22T18:47:36.941+0000] {dag.py:3239} INFO - Sync 1 DAGs
[2024-11-22T18:47:36.956+0000] {logging_mixin.py:190} INFO - [2024-11-22T18:47:36.956+0000] {dag.py:4180} INFO - Setting next_dagrun for data_processing_dag to None, run_after=None
[2024-11-22T18:47:37.214+0000] {processor.py:208} INFO - Processing /opt/airflow/dags/data_processing_dag.py took 0.958 seconds
[2024-11-22T18:48:07.557+0000] {processor.py:186} INFO - Started process (PID=5724) to work on /opt/airflow/dags/data_processing_dag.py
[2024-11-22T18:48:07.558+0000] {processor.py:914} INFO - Processing file /opt/airflow/dags/data_processing_dag.py for tasks to queue
[2024-11-22T18:48:07.562+0000] {logging_mixin.py:190} INFO - [2024-11-22T18:48:07.561+0000] {dagbag.py:588} INFO - Filling up the DagBag from /opt/airflow/dags/data_processing_dag.py
[2024-11-22T18:48:08.296+0000] {processor.py:925} INFO - DAG(s) 'data_processing_dag' retrieved from /opt/airflow/dags/data_processing_dag.py
[2024-11-22T18:48:08.315+0000] {logging_mixin.py:190} INFO - [2024-11-22T18:48:08.315+0000] {dag.py:3239} INFO - Sync 1 DAGs
[2024-11-22T18:48:08.331+0000] {logging_mixin.py:190} INFO - [2024-11-22T18:48:08.331+0000] {dag.py:4180} INFO - Setting next_dagrun for data_processing_dag to None, run_after=None
[2024-11-22T18:48:08.408+0000] {processor.py:208} INFO - Processing /opt/airflow/dags/data_processing_dag.py took 0.861 seconds
[2024-11-22T18:48:39.884+0000] {processor.py:186} INFO - Started process (PID=5806) to work on /opt/airflow/dags/data_processing_dag.py
[2024-11-22T18:48:39.885+0000] {processor.py:914} INFO - Processing file /opt/airflow/dags/data_processing_dag.py for tasks to queue
[2024-11-22T18:48:39.889+0000] {logging_mixin.py:190} INFO - [2024-11-22T18:48:39.888+0000] {dagbag.py:588} INFO - Filling up the DagBag from /opt/airflow/dags/data_processing_dag.py
[2024-11-22T18:48:41.014+0000] {processor.py:925} INFO - DAG(s) 'data_processing_dag' retrieved from /opt/airflow/dags/data_processing_dag.py
[2024-11-22T18:48:41.040+0000] {logging_mixin.py:190} INFO - [2024-11-22T18:48:41.040+0000] {dag.py:3239} INFO - Sync 1 DAGs
[2024-11-22T18:48:41.060+0000] {logging_mixin.py:190} INFO - [2024-11-22T18:48:41.060+0000] {dag.py:4180} INFO - Setting next_dagrun for data_processing_dag to None, run_after=None
[2024-11-22T18:48:41.185+0000] {processor.py:208} INFO - Processing /opt/airflow/dags/data_processing_dag.py took 1.312 seconds
[2024-11-22T18:49:11.722+0000] {processor.py:186} INFO - Started process (PID=5885) to work on /opt/airflow/dags/data_processing_dag.py
[2024-11-22T18:49:11.724+0000] {processor.py:914} INFO - Processing file /opt/airflow/dags/data_processing_dag.py for tasks to queue
[2024-11-22T18:49:11.728+0000] {logging_mixin.py:190} INFO - [2024-11-22T18:49:11.728+0000] {dagbag.py:588} INFO - Filling up the DagBag from /opt/airflow/dags/data_processing_dag.py
[2024-11-22T18:49:12.482+0000] {processor.py:925} INFO - DAG(s) 'data_processing_dag' retrieved from /opt/airflow/dags/data_processing_dag.py
[2024-11-22T18:49:12.505+0000] {logging_mixin.py:190} INFO - [2024-11-22T18:49:12.504+0000] {dag.py:3239} INFO - Sync 1 DAGs
[2024-11-22T18:49:12.523+0000] {logging_mixin.py:190} INFO - [2024-11-22T18:49:12.523+0000] {dag.py:4180} INFO - Setting next_dagrun for data_processing_dag to None, run_after=None
[2024-11-22T18:49:12.750+0000] {processor.py:208} INFO - Processing /opt/airflow/dags/data_processing_dag.py took 1.038 seconds
[2024-11-22T18:49:42.991+0000] {processor.py:186} INFO - Started process (PID=5966) to work on /opt/airflow/dags/data_processing_dag.py
[2024-11-22T18:49:42.993+0000] {processor.py:914} INFO - Processing file /opt/airflow/dags/data_processing_dag.py for tasks to queue
[2024-11-22T18:49:42.997+0000] {logging_mixin.py:190} INFO - [2024-11-22T18:49:42.997+0000] {dagbag.py:588} INFO - Filling up the DagBag from /opt/airflow/dags/data_processing_dag.py
[2024-11-22T18:49:43.957+0000] {processor.py:925} INFO - DAG(s) 'data_processing_dag' retrieved from /opt/airflow/dags/data_processing_dag.py
[2024-11-22T18:49:43.998+0000] {logging_mixin.py:190} INFO - [2024-11-22T18:49:43.997+0000] {dag.py:3239} INFO - Sync 1 DAGs
[2024-11-22T18:49:44.045+0000] {logging_mixin.py:190} INFO - [2024-11-22T18:49:44.044+0000] {dag.py:4180} INFO - Setting next_dagrun for data_processing_dag to None, run_after=None
[2024-11-22T18:49:44.403+0000] {processor.py:208} INFO - Processing /opt/airflow/dags/data_processing_dag.py took 1.423 seconds
[2024-11-22T18:50:14.841+0000] {processor.py:186} INFO - Started process (PID=6045) to work on /opt/airflow/dags/data_processing_dag.py
[2024-11-22T18:50:14.843+0000] {processor.py:914} INFO - Processing file /opt/airflow/dags/data_processing_dag.py for tasks to queue
[2024-11-22T18:50:14.845+0000] {logging_mixin.py:190} INFO - [2024-11-22T18:50:14.845+0000] {dagbag.py:588} INFO - Filling up the DagBag from /opt/airflow/dags/data_processing_dag.py
[2024-11-22T18:50:15.621+0000] {processor.py:925} INFO - DAG(s) 'data_processing_dag' retrieved from /opt/airflow/dags/data_processing_dag.py
[2024-11-22T18:50:15.644+0000] {logging_mixin.py:190} INFO - [2024-11-22T18:50:15.644+0000] {dag.py:3239} INFO - Sync 1 DAGs
[2024-11-22T18:50:15.664+0000] {logging_mixin.py:190} INFO - [2024-11-22T18:50:15.664+0000] {dag.py:4180} INFO - Setting next_dagrun for data_processing_dag to None, run_after=None
[2024-11-22T18:50:15.832+0000] {processor.py:208} INFO - Processing /opt/airflow/dags/data_processing_dag.py took 0.998 seconds
[2024-11-22T18:50:46.067+0000] {processor.py:186} INFO - Started process (PID=6129) to work on /opt/airflow/dags/data_processing_dag.py
[2024-11-22T18:50:46.069+0000] {processor.py:914} INFO - Processing file /opt/airflow/dags/data_processing_dag.py for tasks to queue
[2024-11-22T18:50:46.073+0000] {logging_mixin.py:190} INFO - [2024-11-22T18:50:46.072+0000] {dagbag.py:588} INFO - Filling up the DagBag from /opt/airflow/dags/data_processing_dag.py
[2024-11-22T18:50:46.780+0000] {processor.py:925} INFO - DAG(s) 'data_processing_dag' retrieved from /opt/airflow/dags/data_processing_dag.py
[2024-11-22T18:50:46.801+0000] {logging_mixin.py:190} INFO - [2024-11-22T18:50:46.800+0000] {dag.py:3239} INFO - Sync 1 DAGs
[2024-11-22T18:50:46.819+0000] {logging_mixin.py:190} INFO - [2024-11-22T18:50:46.819+0000] {dag.py:4180} INFO - Setting next_dagrun for data_processing_dag to None, run_after=None
[2024-11-22T18:50:46.980+0000] {processor.py:208} INFO - Processing /opt/airflow/dags/data_processing_dag.py took 0.922 seconds
