[2024-11-24T20:36:18.072+0000] {processor.py:186} INFO - Started process (PID=150) to work on /home/airflow/.local/lib/python3.12/site-packages/airflow/example_dags/example_branch_labels.py
[2024-11-24T20:36:18.120+0000] {processor.py:914} INFO - Processing file /home/airflow/.local/lib/python3.12/site-packages/airflow/example_dags/example_branch_labels.py for tasks to queue
[2024-11-24T20:36:18.123+0000] {logging_mixin.py:190} INFO - [2024-11-24T20:36:18.122+0000] {dagbag.py:588} INFO - Filling up the DagBag from /home/airflow/.local/lib/python3.12/site-packages/airflow/example_dags/example_branch_labels.py
[2024-11-24T20:36:18.135+0000] {processor.py:925} INFO - DAG(s) 'example_branch_labels' retrieved from /home/airflow/.local/lib/python3.12/site-packages/airflow/example_dags/example_branch_labels.py
[2024-11-24T20:36:18.159+0000] {logging_mixin.py:190} INFO - [2024-11-24T20:36:18.158+0000] {dag.py:3239} INFO - Sync 1 DAGs
[2024-11-24T20:36:18.186+0000] {logging_mixin.py:190} INFO - [2024-11-24T20:36:18.186+0000] {dag.py:4180} INFO - Setting next_dagrun for example_branch_labels to 2024-11-23 00:00:00+00:00, run_after=2024-11-24 00:00:00+00:00
[2024-11-24T20:36:18.249+0000] {processor.py:208} INFO - Processing /home/airflow/.local/lib/python3.12/site-packages/airflow/example_dags/example_branch_labels.py took 0.184 seconds
[2024-11-24T20:36:58.666+0000] {processor.py:186} INFO - Started process (PID=228) to work on /home/airflow/.local/lib/python3.12/site-packages/airflow/example_dags/example_branch_labels.py
[2024-11-24T20:36:58.667+0000] {processor.py:914} INFO - Processing file /home/airflow/.local/lib/python3.12/site-packages/airflow/example_dags/example_branch_labels.py for tasks to queue
[2024-11-24T20:36:58.669+0000] {logging_mixin.py:190} INFO - [2024-11-24T20:36:58.669+0000] {dagbag.py:588} INFO - Filling up the DagBag from /home/airflow/.local/lib/python3.12/site-packages/airflow/example_dags/example_branch_labels.py
[2024-11-24T20:36:58.681+0000] {processor.py:925} INFO - DAG(s) 'example_branch_labels' retrieved from /home/airflow/.local/lib/python3.12/site-packages/airflow/example_dags/example_branch_labels.py
[2024-11-24T20:36:58.711+0000] {logging_mixin.py:190} INFO - [2024-11-24T20:36:58.710+0000] {dag.py:3239} INFO - Sync 1 DAGs
[2024-11-24T20:36:58.747+0000] {logging_mixin.py:190} INFO - [2024-11-24T20:36:58.746+0000] {dag.py:4180} INFO - Setting next_dagrun for example_branch_labels to 2024-11-23 00:00:00+00:00, run_after=2024-11-24 00:00:00+00:00
[2024-11-24T20:36:58.828+0000] {processor.py:208} INFO - Processing /home/airflow/.local/lib/python3.12/site-packages/airflow/example_dags/example_branch_labels.py took 0.169 seconds
[2024-11-24T20:37:39.082+0000] {processor.py:186} INFO - Started process (PID=300) to work on /home/airflow/.local/lib/python3.12/site-packages/airflow/example_dags/example_branch_labels.py
[2024-11-24T20:37:39.083+0000] {processor.py:914} INFO - Processing file /home/airflow/.local/lib/python3.12/site-packages/airflow/example_dags/example_branch_labels.py for tasks to queue
[2024-11-24T20:37:39.086+0000] {logging_mixin.py:190} INFO - [2024-11-24T20:37:39.086+0000] {dagbag.py:588} INFO - Filling up the DagBag from /home/airflow/.local/lib/python3.12/site-packages/airflow/example_dags/example_branch_labels.py
[2024-11-24T20:37:39.096+0000] {processor.py:925} INFO - DAG(s) 'example_branch_labels' retrieved from /home/airflow/.local/lib/python3.12/site-packages/airflow/example_dags/example_branch_labels.py
[2024-11-24T20:37:39.119+0000] {logging_mixin.py:190} INFO - [2024-11-24T20:37:39.119+0000] {dag.py:3239} INFO - Sync 1 DAGs
[2024-11-24T20:37:39.145+0000] {logging_mixin.py:190} INFO - [2024-11-24T20:37:39.145+0000] {dag.py:4180} INFO - Setting next_dagrun for example_branch_labels to 2024-11-23 00:00:00+00:00, run_after=2024-11-24 00:00:00+00:00
[2024-11-24T20:37:39.366+0000] {processor.py:208} INFO - Processing /home/airflow/.local/lib/python3.12/site-packages/airflow/example_dags/example_branch_labels.py took 0.290 seconds
[2024-11-24T20:38:09.563+0000] {processor.py:186} INFO - Started process (PID=372) to work on /home/airflow/.local/lib/python3.12/site-packages/airflow/example_dags/example_branch_labels.py
[2024-11-24T20:38:09.564+0000] {processor.py:914} INFO - Processing file /home/airflow/.local/lib/python3.12/site-packages/airflow/example_dags/example_branch_labels.py for tasks to queue
[2024-11-24T20:38:09.567+0000] {logging_mixin.py:190} INFO - [2024-11-24T20:38:09.566+0000] {dagbag.py:588} INFO - Filling up the DagBag from /home/airflow/.local/lib/python3.12/site-packages/airflow/example_dags/example_branch_labels.py
[2024-11-24T20:38:09.577+0000] {processor.py:925} INFO - DAG(s) 'example_branch_labels' retrieved from /home/airflow/.local/lib/python3.12/site-packages/airflow/example_dags/example_branch_labels.py
[2024-11-24T20:38:09.604+0000] {logging_mixin.py:190} INFO - [2024-11-24T20:38:09.603+0000] {dag.py:3239} INFO - Sync 1 DAGs
[2024-11-24T20:38:09.636+0000] {logging_mixin.py:190} INFO - [2024-11-24T20:38:09.636+0000] {dag.py:4180} INFO - Setting next_dagrun for example_branch_labels to 2024-11-23 00:00:00+00:00, run_after=2024-11-24 00:00:00+00:00
[2024-11-24T20:38:10.038+0000] {processor.py:208} INFO - Processing /home/airflow/.local/lib/python3.12/site-packages/airflow/example_dags/example_branch_labels.py took 0.481 seconds
[2024-11-24T20:38:40.382+0000] {processor.py:186} INFO - Started process (PID=444) to work on /home/airflow/.local/lib/python3.12/site-packages/airflow/example_dags/example_branch_labels.py
[2024-11-24T20:38:40.384+0000] {processor.py:914} INFO - Processing file /home/airflow/.local/lib/python3.12/site-packages/airflow/example_dags/example_branch_labels.py for tasks to queue
[2024-11-24T20:38:40.386+0000] {logging_mixin.py:190} INFO - [2024-11-24T20:38:40.386+0000] {dagbag.py:588} INFO - Filling up the DagBag from /home/airflow/.local/lib/python3.12/site-packages/airflow/example_dags/example_branch_labels.py
[2024-11-24T20:38:40.398+0000] {processor.py:925} INFO - DAG(s) 'example_branch_labels' retrieved from /home/airflow/.local/lib/python3.12/site-packages/airflow/example_dags/example_branch_labels.py
[2024-11-24T20:38:40.422+0000] {logging_mixin.py:190} INFO - [2024-11-24T20:38:40.422+0000] {dag.py:3239} INFO - Sync 1 DAGs
[2024-11-24T20:38:40.451+0000] {logging_mixin.py:190} INFO - [2024-11-24T20:38:40.451+0000] {dag.py:4180} INFO - Setting next_dagrun for example_branch_labels to 2024-11-23 00:00:00+00:00, run_after=2024-11-24 00:00:00+00:00
[2024-11-24T20:38:40.500+0000] {processor.py:208} INFO - Processing /home/airflow/.local/lib/python3.12/site-packages/airflow/example_dags/example_branch_labels.py took 0.125 seconds
[2024-11-24T20:39:10.590+0000] {processor.py:186} INFO - Started process (PID=516) to work on /home/airflow/.local/lib/python3.12/site-packages/airflow/example_dags/example_branch_labels.py
[2024-11-24T20:39:10.591+0000] {processor.py:914} INFO - Processing file /home/airflow/.local/lib/python3.12/site-packages/airflow/example_dags/example_branch_labels.py for tasks to queue
[2024-11-24T20:39:10.594+0000] {logging_mixin.py:190} INFO - [2024-11-24T20:39:10.594+0000] {dagbag.py:588} INFO - Filling up the DagBag from /home/airflow/.local/lib/python3.12/site-packages/airflow/example_dags/example_branch_labels.py
[2024-11-24T20:39:10.606+0000] {processor.py:925} INFO - DAG(s) 'example_branch_labels' retrieved from /home/airflow/.local/lib/python3.12/site-packages/airflow/example_dags/example_branch_labels.py
[2024-11-24T20:39:10.630+0000] {logging_mixin.py:190} INFO - [2024-11-24T20:39:10.630+0000] {dag.py:3239} INFO - Sync 1 DAGs
[2024-11-24T20:39:10.657+0000] {logging_mixin.py:190} INFO - [2024-11-24T20:39:10.656+0000] {dag.py:4180} INFO - Setting next_dagrun for example_branch_labels to 2024-11-23 00:00:00+00:00, run_after=2024-11-24 00:00:00+00:00
[2024-11-24T20:39:10.732+0000] {processor.py:208} INFO - Processing /home/airflow/.local/lib/python3.12/site-packages/airflow/example_dags/example_branch_labels.py took 0.151 seconds
[2024-11-24T20:39:42.497+0000] {processor.py:186} INFO - Started process (PID=587) to work on /home/airflow/.local/lib/python3.12/site-packages/airflow/example_dags/example_branch_labels.py
[2024-11-24T20:39:42.498+0000] {processor.py:914} INFO - Processing file /home/airflow/.local/lib/python3.12/site-packages/airflow/example_dags/example_branch_labels.py for tasks to queue
[2024-11-24T20:39:42.501+0000] {logging_mixin.py:190} INFO - [2024-11-24T20:39:42.501+0000] {dagbag.py:588} INFO - Filling up the DagBag from /home/airflow/.local/lib/python3.12/site-packages/airflow/example_dags/example_branch_labels.py
[2024-11-24T20:39:42.516+0000] {processor.py:925} INFO - DAG(s) 'example_branch_labels' retrieved from /home/airflow/.local/lib/python3.12/site-packages/airflow/example_dags/example_branch_labels.py
[2024-11-24T20:39:42.543+0000] {logging_mixin.py:190} INFO - [2024-11-24T20:39:42.542+0000] {dag.py:3239} INFO - Sync 1 DAGs
[2024-11-24T20:39:42.576+0000] {logging_mixin.py:190} INFO - [2024-11-24T20:39:42.576+0000] {dag.py:4180} INFO - Setting next_dagrun for example_branch_labels to 2024-11-23 00:00:00+00:00, run_after=2024-11-24 00:00:00+00:00
[2024-11-24T20:39:42.622+0000] {processor.py:208} INFO - Processing /home/airflow/.local/lib/python3.12/site-packages/airflow/example_dags/example_branch_labels.py took 0.133 seconds
[2024-11-24T20:40:13.000+0000] {processor.py:186} INFO - Started process (PID=659) to work on /home/airflow/.local/lib/python3.12/site-packages/airflow/example_dags/example_branch_labels.py
[2024-11-24T20:40:13.001+0000] {processor.py:914} INFO - Processing file /home/airflow/.local/lib/python3.12/site-packages/airflow/example_dags/example_branch_labels.py for tasks to queue
[2024-11-24T20:40:13.003+0000] {logging_mixin.py:190} INFO - [2024-11-24T20:40:13.003+0000] {dagbag.py:588} INFO - Filling up the DagBag from /home/airflow/.local/lib/python3.12/site-packages/airflow/example_dags/example_branch_labels.py
[2024-11-24T20:40:13.013+0000] {processor.py:925} INFO - DAG(s) 'example_branch_labels' retrieved from /home/airflow/.local/lib/python3.12/site-packages/airflow/example_dags/example_branch_labels.py
[2024-11-24T20:40:13.036+0000] {logging_mixin.py:190} INFO - [2024-11-24T20:40:13.035+0000] {dag.py:3239} INFO - Sync 1 DAGs
[2024-11-24T20:40:13.066+0000] {logging_mixin.py:190} INFO - [2024-11-24T20:40:13.065+0000] {dag.py:4180} INFO - Setting next_dagrun for example_branch_labels to 2024-11-23 00:00:00+00:00, run_after=2024-11-24 00:00:00+00:00
[2024-11-24T20:40:13.148+0000] {processor.py:208} INFO - Processing /home/airflow/.local/lib/python3.12/site-packages/airflow/example_dags/example_branch_labels.py took 0.154 seconds
[2024-11-24T20:40:44.445+0000] {processor.py:186} INFO - Started process (PID=730) to work on /home/airflow/.local/lib/python3.12/site-packages/airflow/example_dags/example_branch_labels.py
[2024-11-24T20:40:44.453+0000] {processor.py:914} INFO - Processing file /home/airflow/.local/lib/python3.12/site-packages/airflow/example_dags/example_branch_labels.py for tasks to queue
[2024-11-24T20:40:44.457+0000] {logging_mixin.py:190} INFO - [2024-11-24T20:40:44.456+0000] {dagbag.py:588} INFO - Filling up the DagBag from /home/airflow/.local/lib/python3.12/site-packages/airflow/example_dags/example_branch_labels.py
[2024-11-24T20:40:44.470+0000] {processor.py:925} INFO - DAG(s) 'example_branch_labels' retrieved from /home/airflow/.local/lib/python3.12/site-packages/airflow/example_dags/example_branch_labels.py
[2024-11-24T20:40:44.492+0000] {logging_mixin.py:190} INFO - [2024-11-24T20:40:44.491+0000] {dag.py:3239} INFO - Sync 1 DAGs
[2024-11-24T20:40:44.523+0000] {logging_mixin.py:190} INFO - [2024-11-24T20:40:44.522+0000] {dag.py:4180} INFO - Setting next_dagrun for example_branch_labels to 2024-11-23 00:00:00+00:00, run_after=2024-11-24 00:00:00+00:00
[2024-11-24T20:40:44.571+0000] {processor.py:208} INFO - Processing /home/airflow/.local/lib/python3.12/site-packages/airflow/example_dags/example_branch_labels.py took 0.134 seconds
[2024-11-24T20:41:15.564+0000] {processor.py:186} INFO - Started process (PID=802) to work on /home/airflow/.local/lib/python3.12/site-packages/airflow/example_dags/example_branch_labels.py
[2024-11-24T20:41:15.565+0000] {processor.py:914} INFO - Processing file /home/airflow/.local/lib/python3.12/site-packages/airflow/example_dags/example_branch_labels.py for tasks to queue
[2024-11-24T20:41:15.568+0000] {logging_mixin.py:190} INFO - [2024-11-24T20:41:15.568+0000] {dagbag.py:588} INFO - Filling up the DagBag from /home/airflow/.local/lib/python3.12/site-packages/airflow/example_dags/example_branch_labels.py
[2024-11-24T20:41:15.581+0000] {processor.py:925} INFO - DAG(s) 'example_branch_labels' retrieved from /home/airflow/.local/lib/python3.12/site-packages/airflow/example_dags/example_branch_labels.py
[2024-11-24T20:41:15.603+0000] {logging_mixin.py:190} INFO - [2024-11-24T20:41:15.603+0000] {dag.py:3239} INFO - Sync 1 DAGs
[2024-11-24T20:41:15.632+0000] {logging_mixin.py:190} INFO - [2024-11-24T20:41:15.631+0000] {dag.py:4180} INFO - Setting next_dagrun for example_branch_labels to 2024-11-23 00:00:00+00:00, run_after=2024-11-24 00:00:00+00:00
[2024-11-24T20:41:15.853+0000] {processor.py:208} INFO - Processing /home/airflow/.local/lib/python3.12/site-packages/airflow/example_dags/example_branch_labels.py took 0.295 seconds
[2024-11-24T20:41:46.476+0000] {processor.py:186} INFO - Started process (PID=874) to work on /home/airflow/.local/lib/python3.12/site-packages/airflow/example_dags/example_branch_labels.py
[2024-11-24T20:41:46.477+0000] {processor.py:914} INFO - Processing file /home/airflow/.local/lib/python3.12/site-packages/airflow/example_dags/example_branch_labels.py for tasks to queue
[2024-11-24T20:41:46.480+0000] {logging_mixin.py:190} INFO - [2024-11-24T20:41:46.480+0000] {dagbag.py:588} INFO - Filling up the DagBag from /home/airflow/.local/lib/python3.12/site-packages/airflow/example_dags/example_branch_labels.py
[2024-11-24T20:41:46.492+0000] {processor.py:925} INFO - DAG(s) 'example_branch_labels' retrieved from /home/airflow/.local/lib/python3.12/site-packages/airflow/example_dags/example_branch_labels.py
[2024-11-24T20:41:46.516+0000] {logging_mixin.py:190} INFO - [2024-11-24T20:41:46.516+0000] {dag.py:3239} INFO - Sync 1 DAGs
[2024-11-24T20:41:46.543+0000] {logging_mixin.py:190} INFO - [2024-11-24T20:41:46.543+0000] {dag.py:4180} INFO - Setting next_dagrun for example_branch_labels to 2024-11-23 00:00:00+00:00, run_after=2024-11-24 00:00:00+00:00
[2024-11-24T20:41:46.602+0000] {processor.py:208} INFO - Processing /home/airflow/.local/lib/python3.12/site-packages/airflow/example_dags/example_branch_labels.py took 0.132 seconds
[2024-11-24T20:42:17.074+0000] {processor.py:186} INFO - Started process (PID=946) to work on /home/airflow/.local/lib/python3.12/site-packages/airflow/example_dags/example_branch_labels.py
[2024-11-24T20:42:17.075+0000] {processor.py:914} INFO - Processing file /home/airflow/.local/lib/python3.12/site-packages/airflow/example_dags/example_branch_labels.py for tasks to queue
[2024-11-24T20:42:17.078+0000] {logging_mixin.py:190} INFO - [2024-11-24T20:42:17.077+0000] {dagbag.py:588} INFO - Filling up the DagBag from /home/airflow/.local/lib/python3.12/site-packages/airflow/example_dags/example_branch_labels.py
[2024-11-24T20:42:17.090+0000] {processor.py:925} INFO - DAG(s) 'example_branch_labels' retrieved from /home/airflow/.local/lib/python3.12/site-packages/airflow/example_dags/example_branch_labels.py
[2024-11-24T20:42:17.117+0000] {logging_mixin.py:190} INFO - [2024-11-24T20:42:17.116+0000] {dag.py:3239} INFO - Sync 1 DAGs
[2024-11-24T20:42:17.142+0000] {logging_mixin.py:190} INFO - [2024-11-24T20:42:17.142+0000] {dag.py:4180} INFO - Setting next_dagrun for example_branch_labels to 2024-11-23 00:00:00+00:00, run_after=2024-11-24 00:00:00+00:00
[2024-11-24T20:42:17.206+0000] {processor.py:208} INFO - Processing /home/airflow/.local/lib/python3.12/site-packages/airflow/example_dags/example_branch_labels.py took 0.141 seconds
[2024-11-24T20:42:47.304+0000] {processor.py:186} INFO - Started process (PID=1010) to work on /home/airflow/.local/lib/python3.12/site-packages/airflow/example_dags/example_branch_labels.py
[2024-11-24T20:42:47.305+0000] {processor.py:914} INFO - Processing file /home/airflow/.local/lib/python3.12/site-packages/airflow/example_dags/example_branch_labels.py for tasks to queue
[2024-11-24T20:42:47.308+0000] {logging_mixin.py:190} INFO - [2024-11-24T20:42:47.308+0000] {dagbag.py:588} INFO - Filling up the DagBag from /home/airflow/.local/lib/python3.12/site-packages/airflow/example_dags/example_branch_labels.py
[2024-11-24T20:42:47.319+0000] {processor.py:925} INFO - DAG(s) 'example_branch_labels' retrieved from /home/airflow/.local/lib/python3.12/site-packages/airflow/example_dags/example_branch_labels.py
[2024-11-24T20:42:47.343+0000] {logging_mixin.py:190} INFO - [2024-11-24T20:42:47.342+0000] {dag.py:3239} INFO - Sync 1 DAGs
[2024-11-24T20:42:47.368+0000] {logging_mixin.py:190} INFO - [2024-11-24T20:42:47.368+0000] {dag.py:4180} INFO - Setting next_dagrun for example_branch_labels to 2024-11-23 00:00:00+00:00, run_after=2024-11-24 00:00:00+00:00
[2024-11-24T20:42:47.431+0000] {processor.py:208} INFO - Processing /home/airflow/.local/lib/python3.12/site-packages/airflow/example_dags/example_branch_labels.py took 0.133 seconds
[2024-11-24T20:43:19.393+0000] {processor.py:186} INFO - Started process (PID=1082) to work on /home/airflow/.local/lib/python3.12/site-packages/airflow/example_dags/example_branch_labels.py
[2024-11-24T20:43:19.394+0000] {processor.py:914} INFO - Processing file /home/airflow/.local/lib/python3.12/site-packages/airflow/example_dags/example_branch_labels.py for tasks to queue
[2024-11-24T20:43:19.397+0000] {logging_mixin.py:190} INFO - [2024-11-24T20:43:19.397+0000] {dagbag.py:588} INFO - Filling up the DagBag from /home/airflow/.local/lib/python3.12/site-packages/airflow/example_dags/example_branch_labels.py
[2024-11-24T20:43:19.409+0000] {processor.py:925} INFO - DAG(s) 'example_branch_labels' retrieved from /home/airflow/.local/lib/python3.12/site-packages/airflow/example_dags/example_branch_labels.py
[2024-11-24T20:43:19.437+0000] {logging_mixin.py:190} INFO - [2024-11-24T20:43:19.437+0000] {dag.py:3239} INFO - Sync 1 DAGs
[2024-11-24T20:43:19.467+0000] {logging_mixin.py:190} INFO - [2024-11-24T20:43:19.467+0000] {dag.py:4180} INFO - Setting next_dagrun for example_branch_labels to 2024-11-23 00:00:00+00:00, run_after=2024-11-24 00:00:00+00:00
[2024-11-24T20:43:19.523+0000] {processor.py:208} INFO - Processing /home/airflow/.local/lib/python3.12/site-packages/airflow/example_dags/example_branch_labels.py took 0.137 seconds
[2024-11-24T20:43:50.379+0000] {processor.py:186} INFO - Started process (PID=1154) to work on /home/airflow/.local/lib/python3.12/site-packages/airflow/example_dags/example_branch_labels.py
[2024-11-24T20:43:50.380+0000] {processor.py:914} INFO - Processing file /home/airflow/.local/lib/python3.12/site-packages/airflow/example_dags/example_branch_labels.py for tasks to queue
[2024-11-24T20:43:50.384+0000] {logging_mixin.py:190} INFO - [2024-11-24T20:43:50.383+0000] {dagbag.py:588} INFO - Filling up the DagBag from /home/airflow/.local/lib/python3.12/site-packages/airflow/example_dags/example_branch_labels.py
[2024-11-24T20:43:50.396+0000] {processor.py:925} INFO - DAG(s) 'example_branch_labels' retrieved from /home/airflow/.local/lib/python3.12/site-packages/airflow/example_dags/example_branch_labels.py
[2024-11-24T20:43:50.421+0000] {logging_mixin.py:190} INFO - [2024-11-24T20:43:50.421+0000] {dag.py:3239} INFO - Sync 1 DAGs
[2024-11-24T20:43:50.449+0000] {logging_mixin.py:190} INFO - [2024-11-24T20:43:50.448+0000] {dag.py:4180} INFO - Setting next_dagrun for example_branch_labels to 2024-11-23 00:00:00+00:00, run_after=2024-11-24 00:00:00+00:00
[2024-11-24T20:43:50.531+0000] {processor.py:208} INFO - Processing /home/airflow/.local/lib/python3.12/site-packages/airflow/example_dags/example_branch_labels.py took 0.159 seconds
[2024-11-24T20:44:21.556+0000] {processor.py:186} INFO - Started process (PID=1226) to work on /home/airflow/.local/lib/python3.12/site-packages/airflow/example_dags/example_branch_labels.py
[2024-11-24T20:44:21.558+0000] {processor.py:914} INFO - Processing file /home/airflow/.local/lib/python3.12/site-packages/airflow/example_dags/example_branch_labels.py for tasks to queue
[2024-11-24T20:44:21.561+0000] {logging_mixin.py:190} INFO - [2024-11-24T20:44:21.561+0000] {dagbag.py:588} INFO - Filling up the DagBag from /home/airflow/.local/lib/python3.12/site-packages/airflow/example_dags/example_branch_labels.py
[2024-11-24T20:44:21.572+0000] {processor.py:925} INFO - DAG(s) 'example_branch_labels' retrieved from /home/airflow/.local/lib/python3.12/site-packages/airflow/example_dags/example_branch_labels.py
[2024-11-24T20:44:21.597+0000] {logging_mixin.py:190} INFO - [2024-11-24T20:44:21.597+0000] {dag.py:3239} INFO - Sync 1 DAGs
[2024-11-24T20:44:21.630+0000] {logging_mixin.py:190} INFO - [2024-11-24T20:44:21.629+0000] {dag.py:4180} INFO - Setting next_dagrun for example_branch_labels to 2024-11-23 00:00:00+00:00, run_after=2024-11-24 00:00:00+00:00
[2024-11-24T20:44:21.676+0000] {processor.py:208} INFO - Processing /home/airflow/.local/lib/python3.12/site-packages/airflow/example_dags/example_branch_labels.py took 0.127 seconds
[2024-11-24T21:36:24.828+0000] {processor.py:186} INFO - Started process (PID=1053) to work on /home/airflow/.local/lib/python3.12/site-packages/airflow/example_dags/example_branch_labels.py
[2024-11-24T21:36:24.831+0000] {processor.py:914} INFO - Processing file /home/airflow/.local/lib/python3.12/site-packages/airflow/example_dags/example_branch_labels.py for tasks to queue
[2024-11-24T21:36:24.834+0000] {logging_mixin.py:190} INFO - [2024-11-24T21:36:24.833+0000] {dagbag.py:588} INFO - Filling up the DagBag from /home/airflow/.local/lib/python3.12/site-packages/airflow/example_dags/example_branch_labels.py
[2024-11-24T21:36:24.845+0000] {processor.py:925} INFO - DAG(s) 'example_branch_labels' retrieved from /home/airflow/.local/lib/python3.12/site-packages/airflow/example_dags/example_branch_labels.py
[2024-11-24T21:36:24.874+0000] {logging_mixin.py:190} INFO - [2024-11-24T21:36:24.874+0000] {dag.py:3239} INFO - Sync 1 DAGs
[2024-11-24T21:36:24.907+0000] {logging_mixin.py:190} INFO - [2024-11-24T21:36:24.907+0000] {dag.py:4180} INFO - Setting next_dagrun for example_branch_labels to 2024-11-23 00:00:00+00:00, run_after=2024-11-24 00:00:00+00:00
[2024-11-24T21:36:25.243+0000] {processor.py:208} INFO - Processing /home/airflow/.local/lib/python3.12/site-packages/airflow/example_dags/example_branch_labels.py took 0.421 seconds
[2024-11-24T21:38:40.886+0000] {processor.py:186} INFO - Started process (PID=521) to work on /home/airflow/.local/lib/python3.12/site-packages/airflow/example_dags/example_branch_labels.py
[2024-11-24T21:38:40.905+0000] {processor.py:914} INFO - Processing file /home/airflow/.local/lib/python3.12/site-packages/airflow/example_dags/example_branch_labels.py for tasks to queue
[2024-11-24T21:38:40.908+0000] {logging_mixin.py:190} INFO - [2024-11-24T21:38:40.908+0000] {dagbag.py:588} INFO - Filling up the DagBag from /home/airflow/.local/lib/python3.12/site-packages/airflow/example_dags/example_branch_labels.py
[2024-11-24T21:38:40.919+0000] {processor.py:925} INFO - DAG(s) 'example_branch_labels' retrieved from /home/airflow/.local/lib/python3.12/site-packages/airflow/example_dags/example_branch_labels.py
[2024-11-24T21:38:40.941+0000] {logging_mixin.py:190} INFO - [2024-11-24T21:38:40.941+0000] {dag.py:3239} INFO - Sync 1 DAGs
[2024-11-24T21:38:40.970+0000] {logging_mixin.py:190} INFO - [2024-11-24T21:38:40.969+0000] {dag.py:4180} INFO - Setting next_dagrun for example_branch_labels to 2024-11-23 00:00:00+00:00, run_after=2024-11-24 00:00:00+00:00
[2024-11-24T21:38:41.015+0000] {processor.py:208} INFO - Processing /home/airflow/.local/lib/python3.12/site-packages/airflow/example_dags/example_branch_labels.py took 0.136 seconds
[2024-11-24T21:39:12.276+0000] {processor.py:186} INFO - Started process (PID=593) to work on /home/airflow/.local/lib/python3.12/site-packages/airflow/example_dags/example_branch_labels.py
[2024-11-24T21:39:12.277+0000] {processor.py:914} INFO - Processing file /home/airflow/.local/lib/python3.12/site-packages/airflow/example_dags/example_branch_labels.py for tasks to queue
[2024-11-24T21:39:12.280+0000] {logging_mixin.py:190} INFO - [2024-11-24T21:39:12.279+0000] {dagbag.py:588} INFO - Filling up the DagBag from /home/airflow/.local/lib/python3.12/site-packages/airflow/example_dags/example_branch_labels.py
[2024-11-24T21:39:12.290+0000] {processor.py:925} INFO - DAG(s) 'example_branch_labels' retrieved from /home/airflow/.local/lib/python3.12/site-packages/airflow/example_dags/example_branch_labels.py
[2024-11-24T21:39:12.313+0000] {logging_mixin.py:190} INFO - [2024-11-24T21:39:12.313+0000] {dag.py:3239} INFO - Sync 1 DAGs
[2024-11-24T21:39:12.337+0000] {logging_mixin.py:190} INFO - [2024-11-24T21:39:12.337+0000] {dag.py:4180} INFO - Setting next_dagrun for example_branch_labels to 2024-11-23 00:00:00+00:00, run_after=2024-11-24 00:00:00+00:00
[2024-11-24T21:39:12.385+0000] {processor.py:208} INFO - Processing /home/airflow/.local/lib/python3.12/site-packages/airflow/example_dags/example_branch_labels.py took 0.115 seconds
[2024-11-24T21:39:44.587+0000] {processor.py:186} INFO - Started process (PID=665) to work on /home/airflow/.local/lib/python3.12/site-packages/airflow/example_dags/example_branch_labels.py
[2024-11-24T21:39:44.588+0000] {processor.py:914} INFO - Processing file /home/airflow/.local/lib/python3.12/site-packages/airflow/example_dags/example_branch_labels.py for tasks to queue
[2024-11-24T21:39:44.590+0000] {logging_mixin.py:190} INFO - [2024-11-24T21:39:44.590+0000] {dagbag.py:588} INFO - Filling up the DagBag from /home/airflow/.local/lib/python3.12/site-packages/airflow/example_dags/example_branch_labels.py
[2024-11-24T21:39:44.601+0000] {processor.py:925} INFO - DAG(s) 'example_branch_labels' retrieved from /home/airflow/.local/lib/python3.12/site-packages/airflow/example_dags/example_branch_labels.py
[2024-11-24T21:39:44.625+0000] {logging_mixin.py:190} INFO - [2024-11-24T21:39:44.625+0000] {dag.py:3239} INFO - Sync 1 DAGs
[2024-11-24T21:39:44.650+0000] {logging_mixin.py:190} INFO - [2024-11-24T21:39:44.650+0000] {dag.py:4180} INFO - Setting next_dagrun for example_branch_labels to 2024-11-23 00:00:00+00:00, run_after=2024-11-24 00:00:00+00:00
[2024-11-24T21:39:44.723+0000] {processor.py:208} INFO - Processing /home/airflow/.local/lib/python3.12/site-packages/airflow/example_dags/example_branch_labels.py took 0.142 seconds
[2024-11-24T21:40:15.710+0000] {processor.py:186} INFO - Started process (PID=737) to work on /home/airflow/.local/lib/python3.12/site-packages/airflow/example_dags/example_branch_labels.py
[2024-11-24T21:40:15.712+0000] {processor.py:914} INFO - Processing file /home/airflow/.local/lib/python3.12/site-packages/airflow/example_dags/example_branch_labels.py for tasks to queue
[2024-11-24T21:40:15.714+0000] {logging_mixin.py:190} INFO - [2024-11-24T21:40:15.714+0000] {dagbag.py:588} INFO - Filling up the DagBag from /home/airflow/.local/lib/python3.12/site-packages/airflow/example_dags/example_branch_labels.py
[2024-11-24T21:40:15.729+0000] {processor.py:925} INFO - DAG(s) 'example_branch_labels' retrieved from /home/airflow/.local/lib/python3.12/site-packages/airflow/example_dags/example_branch_labels.py
[2024-11-24T21:40:15.753+0000] {logging_mixin.py:190} INFO - [2024-11-24T21:40:15.753+0000] {dag.py:3239} INFO - Sync 1 DAGs
[2024-11-24T21:40:15.781+0000] {logging_mixin.py:190} INFO - [2024-11-24T21:40:15.781+0000] {dag.py:4180} INFO - Setting next_dagrun for example_branch_labels to 2024-11-23 00:00:00+00:00, run_after=2024-11-24 00:00:00+00:00
[2024-11-24T21:40:15.873+0000] {processor.py:208} INFO - Processing /home/airflow/.local/lib/python3.12/site-packages/airflow/example_dags/example_branch_labels.py took 0.169 seconds
[2024-11-24T21:40:46.320+0000] {processor.py:186} INFO - Started process (PID=809) to work on /home/airflow/.local/lib/python3.12/site-packages/airflow/example_dags/example_branch_labels.py
[2024-11-24T21:40:46.322+0000] {processor.py:914} INFO - Processing file /home/airflow/.local/lib/python3.12/site-packages/airflow/example_dags/example_branch_labels.py for tasks to queue
[2024-11-24T21:40:46.324+0000] {logging_mixin.py:190} INFO - [2024-11-24T21:40:46.324+0000] {dagbag.py:588} INFO - Filling up the DagBag from /home/airflow/.local/lib/python3.12/site-packages/airflow/example_dags/example_branch_labels.py
[2024-11-24T21:40:46.334+0000] {processor.py:925} INFO - DAG(s) 'example_branch_labels' retrieved from /home/airflow/.local/lib/python3.12/site-packages/airflow/example_dags/example_branch_labels.py
[2024-11-24T21:40:46.357+0000] {logging_mixin.py:190} INFO - [2024-11-24T21:40:46.357+0000] {dag.py:3239} INFO - Sync 1 DAGs
[2024-11-24T21:40:46.383+0000] {logging_mixin.py:190} INFO - [2024-11-24T21:40:46.383+0000] {dag.py:4180} INFO - Setting next_dagrun for example_branch_labels to 2024-11-23 00:00:00+00:00, run_after=2024-11-24 00:00:00+00:00
[2024-11-24T21:40:46.453+0000] {processor.py:208} INFO - Processing /home/airflow/.local/lib/python3.12/site-packages/airflow/example_dags/example_branch_labels.py took 0.138 seconds
[2024-11-24T21:41:18.713+0000] {processor.py:186} INFO - Started process (PID=881) to work on /home/airflow/.local/lib/python3.12/site-packages/airflow/example_dags/example_branch_labels.py
[2024-11-24T21:41:18.714+0000] {processor.py:914} INFO - Processing file /home/airflow/.local/lib/python3.12/site-packages/airflow/example_dags/example_branch_labels.py for tasks to queue
[2024-11-24T21:41:18.716+0000] {logging_mixin.py:190} INFO - [2024-11-24T21:41:18.716+0000] {dagbag.py:588} INFO - Filling up the DagBag from /home/airflow/.local/lib/python3.12/site-packages/airflow/example_dags/example_branch_labels.py
[2024-11-24T21:41:18.726+0000] {processor.py:925} INFO - DAG(s) 'example_branch_labels' retrieved from /home/airflow/.local/lib/python3.12/site-packages/airflow/example_dags/example_branch_labels.py
[2024-11-24T21:41:18.749+0000] {logging_mixin.py:190} INFO - [2024-11-24T21:41:18.749+0000] {dag.py:3239} INFO - Sync 1 DAGs
[2024-11-24T21:41:18.775+0000] {logging_mixin.py:190} INFO - [2024-11-24T21:41:18.775+0000] {dag.py:4180} INFO - Setting next_dagrun for example_branch_labels to 2024-11-23 00:00:00+00:00, run_after=2024-11-24 00:00:00+00:00
[2024-11-24T21:41:18.834+0000] {processor.py:208} INFO - Processing /home/airflow/.local/lib/python3.12/site-packages/airflow/example_dags/example_branch_labels.py took 0.127 seconds
[2024-11-24T21:41:50.552+0000] {processor.py:186} INFO - Started process (PID=953) to work on /home/airflow/.local/lib/python3.12/site-packages/airflow/example_dags/example_branch_labels.py
[2024-11-24T21:41:50.553+0000] {processor.py:914} INFO - Processing file /home/airflow/.local/lib/python3.12/site-packages/airflow/example_dags/example_branch_labels.py for tasks to queue
[2024-11-24T21:41:50.556+0000] {logging_mixin.py:190} INFO - [2024-11-24T21:41:50.556+0000] {dagbag.py:588} INFO - Filling up the DagBag from /home/airflow/.local/lib/python3.12/site-packages/airflow/example_dags/example_branch_labels.py
[2024-11-24T21:41:50.566+0000] {processor.py:925} INFO - DAG(s) 'example_branch_labels' retrieved from /home/airflow/.local/lib/python3.12/site-packages/airflow/example_dags/example_branch_labels.py
[2024-11-24T21:41:50.592+0000] {logging_mixin.py:190} INFO - [2024-11-24T21:41:50.592+0000] {dag.py:3239} INFO - Sync 1 DAGs
[2024-11-24T21:41:50.619+0000] {logging_mixin.py:190} INFO - [2024-11-24T21:41:50.619+0000] {dag.py:4180} INFO - Setting next_dagrun for example_branch_labels to 2024-11-23 00:00:00+00:00, run_after=2024-11-24 00:00:00+00:00
[2024-11-24T21:41:50.670+0000] {processor.py:208} INFO - Processing /home/airflow/.local/lib/python3.12/site-packages/airflow/example_dags/example_branch_labels.py took 0.124 seconds
[2024-11-24T21:42:21.428+0000] {processor.py:186} INFO - Started process (PID=1025) to work on /home/airflow/.local/lib/python3.12/site-packages/airflow/example_dags/example_branch_labels.py
[2024-11-24T21:42:21.429+0000] {processor.py:914} INFO - Processing file /home/airflow/.local/lib/python3.12/site-packages/airflow/example_dags/example_branch_labels.py for tasks to queue
[2024-11-24T21:42:21.432+0000] {logging_mixin.py:190} INFO - [2024-11-24T21:42:21.432+0000] {dagbag.py:588} INFO - Filling up the DagBag from /home/airflow/.local/lib/python3.12/site-packages/airflow/example_dags/example_branch_labels.py
[2024-11-24T21:42:21.442+0000] {processor.py:925} INFO - DAG(s) 'example_branch_labels' retrieved from /home/airflow/.local/lib/python3.12/site-packages/airflow/example_dags/example_branch_labels.py
[2024-11-24T21:42:21.464+0000] {logging_mixin.py:190} INFO - [2024-11-24T21:42:21.464+0000] {dag.py:3239} INFO - Sync 1 DAGs
[2024-11-24T21:42:21.490+0000] {logging_mixin.py:190} INFO - [2024-11-24T21:42:21.490+0000] {dag.py:4180} INFO - Setting next_dagrun for example_branch_labels to 2024-11-23 00:00:00+00:00, run_after=2024-11-24 00:00:00+00:00
[2024-11-24T21:42:21.631+0000] {processor.py:208} INFO - Processing /home/airflow/.local/lib/python3.12/site-packages/airflow/example_dags/example_branch_labels.py took 0.208 seconds
[2024-11-24T21:42:51.711+0000] {processor.py:186} INFO - Started process (PID=1089) to work on /home/airflow/.local/lib/python3.12/site-packages/airflow/example_dags/example_branch_labels.py
[2024-11-24T21:42:51.712+0000] {processor.py:914} INFO - Processing file /home/airflow/.local/lib/python3.12/site-packages/airflow/example_dags/example_branch_labels.py for tasks to queue
[2024-11-24T21:42:51.715+0000] {logging_mixin.py:190} INFO - [2024-11-24T21:42:51.715+0000] {dagbag.py:588} INFO - Filling up the DagBag from /home/airflow/.local/lib/python3.12/site-packages/airflow/example_dags/example_branch_labels.py
[2024-11-24T21:42:51.725+0000] {processor.py:925} INFO - DAG(s) 'example_branch_labels' retrieved from /home/airflow/.local/lib/python3.12/site-packages/airflow/example_dags/example_branch_labels.py
[2024-11-24T21:42:51.752+0000] {logging_mixin.py:190} INFO - [2024-11-24T21:42:51.752+0000] {dag.py:3239} INFO - Sync 1 DAGs
[2024-11-24T21:42:51.782+0000] {logging_mixin.py:190} INFO - [2024-11-24T21:42:51.782+0000] {dag.py:4180} INFO - Setting next_dagrun for example_branch_labels to 2024-11-23 00:00:00+00:00, run_after=2024-11-24 00:00:00+00:00
[2024-11-24T21:42:52.676+0000] {processor.py:208} INFO - Processing /home/airflow/.local/lib/python3.12/site-packages/airflow/example_dags/example_branch_labels.py took 0.971 seconds
[2024-11-24T21:43:23.012+0000] {processor.py:186} INFO - Started process (PID=1161) to work on /home/airflow/.local/lib/python3.12/site-packages/airflow/example_dags/example_branch_labels.py
[2024-11-24T21:43:23.013+0000] {processor.py:914} INFO - Processing file /home/airflow/.local/lib/python3.12/site-packages/airflow/example_dags/example_branch_labels.py for tasks to queue
[2024-11-24T21:43:23.015+0000] {logging_mixin.py:190} INFO - [2024-11-24T21:43:23.015+0000] {dagbag.py:588} INFO - Filling up the DagBag from /home/airflow/.local/lib/python3.12/site-packages/airflow/example_dags/example_branch_labels.py
[2024-11-24T21:43:23.025+0000] {processor.py:925} INFO - DAG(s) 'example_branch_labels' retrieved from /home/airflow/.local/lib/python3.12/site-packages/airflow/example_dags/example_branch_labels.py
[2024-11-24T21:43:23.052+0000] {logging_mixin.py:190} INFO - [2024-11-24T21:43:23.052+0000] {dag.py:3239} INFO - Sync 1 DAGs
[2024-11-24T21:43:23.083+0000] {logging_mixin.py:190} INFO - [2024-11-24T21:43:23.083+0000] {dag.py:4180} INFO - Setting next_dagrun for example_branch_labels to 2024-11-23 00:00:00+00:00, run_after=2024-11-24 00:00:00+00:00
[2024-11-24T21:43:23.309+0000] {processor.py:208} INFO - Processing /home/airflow/.local/lib/python3.12/site-packages/airflow/example_dags/example_branch_labels.py took 0.304 seconds
[2024-11-24T21:43:53.564+0000] {processor.py:186} INFO - Started process (PID=1233) to work on /home/airflow/.local/lib/python3.12/site-packages/airflow/example_dags/example_branch_labels.py
[2024-11-24T21:43:53.565+0000] {processor.py:914} INFO - Processing file /home/airflow/.local/lib/python3.12/site-packages/airflow/example_dags/example_branch_labels.py for tasks to queue
[2024-11-24T21:43:53.569+0000] {logging_mixin.py:190} INFO - [2024-11-24T21:43:53.568+0000] {dagbag.py:588} INFO - Filling up the DagBag from /home/airflow/.local/lib/python3.12/site-packages/airflow/example_dags/example_branch_labels.py
[2024-11-24T21:43:53.588+0000] {processor.py:925} INFO - DAG(s) 'example_branch_labels' retrieved from /home/airflow/.local/lib/python3.12/site-packages/airflow/example_dags/example_branch_labels.py
[2024-11-24T21:43:53.627+0000] {logging_mixin.py:190} INFO - [2024-11-24T21:43:53.627+0000] {dag.py:3239} INFO - Sync 1 DAGs
[2024-11-24T21:43:53.655+0000] {logging_mixin.py:190} INFO - [2024-11-24T21:43:53.654+0000] {dag.py:4180} INFO - Setting next_dagrun for example_branch_labels to 2024-11-23 00:00:00+00:00, run_after=2024-11-24 00:00:00+00:00
[2024-11-24T21:43:53.729+0000] {processor.py:208} INFO - Processing /home/airflow/.local/lib/python3.12/site-packages/airflow/example_dags/example_branch_labels.py took 0.175 seconds
[2024-11-24T21:44:24.188+0000] {processor.py:186} INFO - Started process (PID=1305) to work on /home/airflow/.local/lib/python3.12/site-packages/airflow/example_dags/example_branch_labels.py
[2024-11-24T21:44:24.190+0000] {processor.py:914} INFO - Processing file /home/airflow/.local/lib/python3.12/site-packages/airflow/example_dags/example_branch_labels.py for tasks to queue
[2024-11-24T21:44:24.192+0000] {logging_mixin.py:190} INFO - [2024-11-24T21:44:24.192+0000] {dagbag.py:588} INFO - Filling up the DagBag from /home/airflow/.local/lib/python3.12/site-packages/airflow/example_dags/example_branch_labels.py
[2024-11-24T21:44:24.205+0000] {processor.py:925} INFO - DAG(s) 'example_branch_labels' retrieved from /home/airflow/.local/lib/python3.12/site-packages/airflow/example_dags/example_branch_labels.py
[2024-11-24T21:44:24.233+0000] {logging_mixin.py:190} INFO - [2024-11-24T21:44:24.233+0000] {dag.py:3239} INFO - Sync 1 DAGs
[2024-11-24T21:44:24.267+0000] {logging_mixin.py:190} INFO - [2024-11-24T21:44:24.266+0000] {dag.py:4180} INFO - Setting next_dagrun for example_branch_labels to 2024-11-23 00:00:00+00:00, run_after=2024-11-24 00:00:00+00:00
[2024-11-24T21:44:25.232+0000] {processor.py:208} INFO - Processing /home/airflow/.local/lib/python3.12/site-packages/airflow/example_dags/example_branch_labels.py took 1.050 seconds
[2024-11-24T21:44:56.159+0000] {processor.py:186} INFO - Started process (PID=1377) to work on /home/airflow/.local/lib/python3.12/site-packages/airflow/example_dags/example_branch_labels.py
[2024-11-24T21:44:56.161+0000] {processor.py:914} INFO - Processing file /home/airflow/.local/lib/python3.12/site-packages/airflow/example_dags/example_branch_labels.py for tasks to queue
[2024-11-24T21:44:56.164+0000] {logging_mixin.py:190} INFO - [2024-11-24T21:44:56.164+0000] {dagbag.py:588} INFO - Filling up the DagBag from /home/airflow/.local/lib/python3.12/site-packages/airflow/example_dags/example_branch_labels.py
[2024-11-24T21:44:56.197+0000] {processor.py:925} INFO - DAG(s) 'example_branch_labels' retrieved from /home/airflow/.local/lib/python3.12/site-packages/airflow/example_dags/example_branch_labels.py
[2024-11-24T21:44:56.242+0000] {logging_mixin.py:190} INFO - [2024-11-24T21:44:56.242+0000] {dag.py:3239} INFO - Sync 1 DAGs
[2024-11-24T21:44:56.281+0000] {logging_mixin.py:190} INFO - [2024-11-24T21:44:56.281+0000] {dag.py:4180} INFO - Setting next_dagrun for example_branch_labels to 2024-11-23 00:00:00+00:00, run_after=2024-11-24 00:00:00+00:00
[2024-11-24T21:44:56.661+0000] {processor.py:208} INFO - Processing /home/airflow/.local/lib/python3.12/site-packages/airflow/example_dags/example_branch_labels.py took 0.508 seconds
