[2024-11-24T20:36:13.868+0000] {processor.py:186} INFO - Started process (PID=129) to work on /home/airflow/.local/lib/python3.12/site-packages/airflow/example_dags/example_bash_operator.py
[2024-11-24T20:36:13.870+0000] {processor.py:914} INFO - Processing file /home/airflow/.local/lib/python3.12/site-packages/airflow/example_dags/example_bash_operator.py for tasks to queue
[2024-11-24T20:36:13.873+0000] {logging_mixin.py:190} INFO - [2024-11-24T20:36:13.873+0000] {dagbag.py:588} INFO - Filling up the DagBag from /home/airflow/.local/lib/python3.12/site-packages/airflow/example_dags/example_bash_operator.py
[2024-11-24T20:36:13.953+0000] {processor.py:925} INFO - DAG(s) 'example_bash_operator' retrieved from /home/airflow/.local/lib/python3.12/site-packages/airflow/example_dags/example_bash_operator.py
[2024-11-24T20:36:14.548+0000] {logging_mixin.py:190} INFO - [2024-11-24T20:36:14.547+0000] {dag.py:3239} INFO - Sync 1 DAGs
[2024-11-24T20:36:14.730+0000] {logging_mixin.py:190} INFO - [2024-11-24T20:36:14.730+0000] {dag.py:4180} INFO - Setting next_dagrun for example_bash_operator to 2024-11-23 00:00:00+00:00, run_after=2024-11-24 00:00:00+00:00
[2024-11-24T20:36:14.817+0000] {processor.py:208} INFO - Processing /home/airflow/.local/lib/python3.12/site-packages/airflow/example_dags/example_bash_operator.py took 0.957 seconds
[2024-11-24T20:36:54.382+0000] {processor.py:186} INFO - Started process (PID=201) to work on /home/airflow/.local/lib/python3.12/site-packages/airflow/example_dags/example_bash_operator.py
[2024-11-24T20:36:54.386+0000] {processor.py:914} INFO - Processing file /home/airflow/.local/lib/python3.12/site-packages/airflow/example_dags/example_bash_operator.py for tasks to queue
[2024-11-24T20:36:54.394+0000] {logging_mixin.py:190} INFO - [2024-11-24T20:36:54.393+0000] {dagbag.py:588} INFO - Filling up the DagBag from /home/airflow/.local/lib/python3.12/site-packages/airflow/example_dags/example_bash_operator.py
[2024-11-24T20:36:54.423+0000] {processor.py:925} INFO - DAG(s) 'example_bash_operator' retrieved from /home/airflow/.local/lib/python3.12/site-packages/airflow/example_dags/example_bash_operator.py
[2024-11-24T20:36:54.465+0000] {logging_mixin.py:190} INFO - [2024-11-24T20:36:54.465+0000] {dag.py:3239} INFO - Sync 1 DAGs
[2024-11-24T20:36:54.519+0000] {logging_mixin.py:190} INFO - [2024-11-24T20:36:54.518+0000] {dag.py:4180} INFO - Setting next_dagrun for example_bash_operator to 2024-11-23 00:00:00+00:00, run_after=2024-11-24 00:00:00+00:00
[2024-11-24T20:36:55.549+0000] {processor.py:208} INFO - Processing /home/airflow/.local/lib/python3.12/site-packages/airflow/example_dags/example_bash_operator.py took 1.184 seconds
[2024-11-24T20:37:32.225+0000] {processor.py:186} INFO - Started process (PID=279) to work on /home/airflow/.local/lib/python3.12/site-packages/airflow/example_dags/example_bash_operator.py
[2024-11-24T20:37:32.226+0000] {processor.py:914} INFO - Processing file /home/airflow/.local/lib/python3.12/site-packages/airflow/example_dags/example_bash_operator.py for tasks to queue
[2024-11-24T20:37:32.230+0000] {logging_mixin.py:190} INFO - [2024-11-24T20:37:32.230+0000] {dagbag.py:588} INFO - Filling up the DagBag from /home/airflow/.local/lib/python3.12/site-packages/airflow/example_dags/example_bash_operator.py
[2024-11-24T20:37:32.253+0000] {processor.py:925} INFO - DAG(s) 'example_bash_operator' retrieved from /home/airflow/.local/lib/python3.12/site-packages/airflow/example_dags/example_bash_operator.py
[2024-11-24T20:37:32.293+0000] {logging_mixin.py:190} INFO - [2024-11-24T20:37:32.293+0000] {dag.py:3239} INFO - Sync 1 DAGs
[2024-11-24T20:37:32.332+0000] {logging_mixin.py:190} INFO - [2024-11-24T20:37:32.332+0000] {dag.py:4180} INFO - Setting next_dagrun for example_bash_operator to 2024-11-23 00:00:00+00:00, run_after=2024-11-24 00:00:00+00:00
[2024-11-24T20:37:33.295+0000] {processor.py:208} INFO - Processing /home/airflow/.local/lib/python3.12/site-packages/airflow/example_dags/example_bash_operator.py took 1.078 seconds
[2024-11-24T20:38:03.578+0000] {processor.py:186} INFO - Started process (PID=351) to work on /home/airflow/.local/lib/python3.12/site-packages/airflow/example_dags/example_bash_operator.py
[2024-11-24T20:38:03.579+0000] {processor.py:914} INFO - Processing file /home/airflow/.local/lib/python3.12/site-packages/airflow/example_dags/example_bash_operator.py for tasks to queue
[2024-11-24T20:38:03.583+0000] {logging_mixin.py:190} INFO - [2024-11-24T20:38:03.582+0000] {dagbag.py:588} INFO - Filling up the DagBag from /home/airflow/.local/lib/python3.12/site-packages/airflow/example_dags/example_bash_operator.py
[2024-11-24T20:38:03.602+0000] {processor.py:925} INFO - DAG(s) 'example_bash_operator' retrieved from /home/airflow/.local/lib/python3.12/site-packages/airflow/example_dags/example_bash_operator.py
[2024-11-24T20:38:03.638+0000] {logging_mixin.py:190} INFO - [2024-11-24T20:38:03.637+0000] {dag.py:3239} INFO - Sync 1 DAGs
[2024-11-24T20:38:03.664+0000] {logging_mixin.py:190} INFO - [2024-11-24T20:38:03.664+0000] {dag.py:4180} INFO - Setting next_dagrun for example_bash_operator to 2024-11-23 00:00:00+00:00, run_after=2024-11-24 00:00:00+00:00
[2024-11-24T20:38:03.722+0000] {processor.py:208} INFO - Processing /home/airflow/.local/lib/python3.12/site-packages/airflow/example_dags/example_bash_operator.py took 0.153 seconds
[2024-11-24T20:38:34.630+0000] {processor.py:186} INFO - Started process (PID=423) to work on /home/airflow/.local/lib/python3.12/site-packages/airflow/example_dags/example_bash_operator.py
[2024-11-24T20:38:34.631+0000] {processor.py:914} INFO - Processing file /home/airflow/.local/lib/python3.12/site-packages/airflow/example_dags/example_bash_operator.py for tasks to queue
[2024-11-24T20:38:34.634+0000] {logging_mixin.py:190} INFO - [2024-11-24T20:38:34.634+0000] {dagbag.py:588} INFO - Filling up the DagBag from /home/airflow/.local/lib/python3.12/site-packages/airflow/example_dags/example_bash_operator.py
[2024-11-24T20:38:34.651+0000] {processor.py:925} INFO - DAG(s) 'example_bash_operator' retrieved from /home/airflow/.local/lib/python3.12/site-packages/airflow/example_dags/example_bash_operator.py
[2024-11-24T20:38:34.685+0000] {logging_mixin.py:190} INFO - [2024-11-24T20:38:34.684+0000] {dag.py:3239} INFO - Sync 1 DAGs
[2024-11-24T20:38:34.713+0000] {logging_mixin.py:190} INFO - [2024-11-24T20:38:34.712+0000] {dag.py:4180} INFO - Setting next_dagrun for example_bash_operator to 2024-11-23 00:00:00+00:00, run_after=2024-11-24 00:00:00+00:00
[2024-11-24T20:38:34.762+0000] {processor.py:208} INFO - Processing /home/airflow/.local/lib/python3.12/site-packages/airflow/example_dags/example_bash_operator.py took 0.138 seconds
[2024-11-24T20:39:06.803+0000] {processor.py:186} INFO - Started process (PID=495) to work on /home/airflow/.local/lib/python3.12/site-packages/airflow/example_dags/example_bash_operator.py
[2024-11-24T20:39:06.805+0000] {processor.py:914} INFO - Processing file /home/airflow/.local/lib/python3.12/site-packages/airflow/example_dags/example_bash_operator.py for tasks to queue
[2024-11-24T20:39:06.807+0000] {logging_mixin.py:190} INFO - [2024-11-24T20:39:06.807+0000] {dagbag.py:588} INFO - Filling up the DagBag from /home/airflow/.local/lib/python3.12/site-packages/airflow/example_dags/example_bash_operator.py
[2024-11-24T20:39:06.823+0000] {processor.py:925} INFO - DAG(s) 'example_bash_operator' retrieved from /home/airflow/.local/lib/python3.12/site-packages/airflow/example_dags/example_bash_operator.py
[2024-11-24T20:39:06.858+0000] {logging_mixin.py:190} INFO - [2024-11-24T20:39:06.857+0000] {dag.py:3239} INFO - Sync 1 DAGs
[2024-11-24T20:39:06.888+0000] {logging_mixin.py:190} INFO - [2024-11-24T20:39:06.888+0000] {dag.py:4180} INFO - Setting next_dagrun for example_bash_operator to 2024-11-23 00:00:00+00:00, run_after=2024-11-24 00:00:00+00:00
[2024-11-24T20:39:06.934+0000] {processor.py:208} INFO - Processing /home/airflow/.local/lib/python3.12/site-packages/airflow/example_dags/example_bash_operator.py took 0.138 seconds
[2024-11-24T20:39:37.179+0000] {processor.py:186} INFO - Started process (PID=558) to work on /home/airflow/.local/lib/python3.12/site-packages/airflow/example_dags/example_bash_operator.py
[2024-11-24T20:39:37.181+0000] {processor.py:914} INFO - Processing file /home/airflow/.local/lib/python3.12/site-packages/airflow/example_dags/example_bash_operator.py for tasks to queue
[2024-11-24T20:39:37.184+0000] {logging_mixin.py:190} INFO - [2024-11-24T20:39:37.184+0000] {dagbag.py:588} INFO - Filling up the DagBag from /home/airflow/.local/lib/python3.12/site-packages/airflow/example_dags/example_bash_operator.py
[2024-11-24T20:39:37.204+0000] {processor.py:925} INFO - DAG(s) 'example_bash_operator' retrieved from /home/airflow/.local/lib/python3.12/site-packages/airflow/example_dags/example_bash_operator.py
[2024-11-24T20:39:37.238+0000] {logging_mixin.py:190} INFO - [2024-11-24T20:39:37.238+0000] {dag.py:3239} INFO - Sync 1 DAGs
[2024-11-24T20:39:37.266+0000] {logging_mixin.py:190} INFO - [2024-11-24T20:39:37.266+0000] {dag.py:4180} INFO - Setting next_dagrun for example_bash_operator to 2024-11-23 00:00:00+00:00, run_after=2024-11-24 00:00:00+00:00
[2024-11-24T20:39:38.017+0000] {processor.py:208} INFO - Processing /home/airflow/.local/lib/python3.12/site-packages/airflow/example_dags/example_bash_operator.py took 0.847 seconds
[2024-11-24T20:40:08.116+0000] {processor.py:186} INFO - Started process (PID=630) to work on /home/airflow/.local/lib/python3.12/site-packages/airflow/example_dags/example_bash_operator.py
[2024-11-24T20:40:08.762+0000] {processor.py:914} INFO - Processing file /home/airflow/.local/lib/python3.12/site-packages/airflow/example_dags/example_bash_operator.py for tasks to queue
[2024-11-24T20:40:08.766+0000] {logging_mixin.py:190} INFO - [2024-11-24T20:40:08.765+0000] {dagbag.py:588} INFO - Filling up the DagBag from /home/airflow/.local/lib/python3.12/site-packages/airflow/example_dags/example_bash_operator.py
[2024-11-24T20:40:08.781+0000] {processor.py:925} INFO - DAG(s) 'example_bash_operator' retrieved from /home/airflow/.local/lib/python3.12/site-packages/airflow/example_dags/example_bash_operator.py
[2024-11-24T20:40:08.929+0000] {logging_mixin.py:190} INFO - [2024-11-24T20:40:08.929+0000] {dag.py:3239} INFO - Sync 1 DAGs
[2024-11-24T20:40:08.959+0000] {logging_mixin.py:190} INFO - [2024-11-24T20:40:08.958+0000] {dag.py:4180} INFO - Setting next_dagrun for example_bash_operator to 2024-11-23 00:00:00+00:00, run_after=2024-11-24 00:00:00+00:00
[2024-11-24T20:40:09.091+0000] {processor.py:208} INFO - Processing /home/airflow/.local/lib/python3.12/site-packages/airflow/example_dags/example_bash_operator.py took 0.988 seconds
[2024-11-24T20:40:39.313+0000] {processor.py:186} INFO - Started process (PID=701) to work on /home/airflow/.local/lib/python3.12/site-packages/airflow/example_dags/example_bash_operator.py
[2024-11-24T20:40:39.326+0000] {processor.py:914} INFO - Processing file /home/airflow/.local/lib/python3.12/site-packages/airflow/example_dags/example_bash_operator.py for tasks to queue
[2024-11-24T20:40:39.329+0000] {logging_mixin.py:190} INFO - [2024-11-24T20:40:39.328+0000] {dagbag.py:588} INFO - Filling up the DagBag from /home/airflow/.local/lib/python3.12/site-packages/airflow/example_dags/example_bash_operator.py
[2024-11-24T20:40:39.347+0000] {processor.py:925} INFO - DAG(s) 'example_bash_operator' retrieved from /home/airflow/.local/lib/python3.12/site-packages/airflow/example_dags/example_bash_operator.py
[2024-11-24T20:40:39.390+0000] {logging_mixin.py:190} INFO - [2024-11-24T20:40:39.389+0000] {dag.py:3239} INFO - Sync 1 DAGs
[2024-11-24T20:40:39.421+0000] {logging_mixin.py:190} INFO - [2024-11-24T20:40:39.421+0000] {dag.py:4180} INFO - Setting next_dagrun for example_bash_operator to 2024-11-23 00:00:00+00:00, run_after=2024-11-24 00:00:00+00:00
[2024-11-24T20:40:39.506+0000] {processor.py:208} INFO - Processing /home/airflow/.local/lib/python3.12/site-packages/airflow/example_dags/example_bash_operator.py took 0.201 seconds
[2024-11-24T20:41:09.607+0000] {processor.py:186} INFO - Started process (PID=773) to work on /home/airflow/.local/lib/python3.12/site-packages/airflow/example_dags/example_bash_operator.py
[2024-11-24T20:41:10.336+0000] {processor.py:914} INFO - Processing file /home/airflow/.local/lib/python3.12/site-packages/airflow/example_dags/example_bash_operator.py for tasks to queue
[2024-11-24T20:41:10.339+0000] {logging_mixin.py:190} INFO - [2024-11-24T20:41:10.339+0000] {dagbag.py:588} INFO - Filling up the DagBag from /home/airflow/.local/lib/python3.12/site-packages/airflow/example_dags/example_bash_operator.py
[2024-11-24T20:41:10.360+0000] {processor.py:925} INFO - DAG(s) 'example_bash_operator' retrieved from /home/airflow/.local/lib/python3.12/site-packages/airflow/example_dags/example_bash_operator.py
[2024-11-24T20:41:10.391+0000] {logging_mixin.py:190} INFO - [2024-11-24T20:41:10.391+0000] {dag.py:3239} INFO - Sync 1 DAGs
[2024-11-24T20:41:10.417+0000] {logging_mixin.py:190} INFO - [2024-11-24T20:41:10.417+0000] {dag.py:4180} INFO - Setting next_dagrun for example_bash_operator to 2024-11-23 00:00:00+00:00, run_after=2024-11-24 00:00:00+00:00
[2024-11-24T20:41:10.566+0000] {processor.py:208} INFO - Processing /home/airflow/.local/lib/python3.12/site-packages/airflow/example_dags/example_bash_operator.py took 0.966 seconds
[2024-11-24T20:41:41.347+0000] {processor.py:186} INFO - Started process (PID=845) to work on /home/airflow/.local/lib/python3.12/site-packages/airflow/example_dags/example_bash_operator.py
[2024-11-24T20:41:41.348+0000] {processor.py:914} INFO - Processing file /home/airflow/.local/lib/python3.12/site-packages/airflow/example_dags/example_bash_operator.py for tasks to queue
[2024-11-24T20:41:41.352+0000] {logging_mixin.py:190} INFO - [2024-11-24T20:41:41.352+0000] {dagbag.py:588} INFO - Filling up the DagBag from /home/airflow/.local/lib/python3.12/site-packages/airflow/example_dags/example_bash_operator.py
[2024-11-24T20:41:41.368+0000] {processor.py:925} INFO - DAG(s) 'example_bash_operator' retrieved from /home/airflow/.local/lib/python3.12/site-packages/airflow/example_dags/example_bash_operator.py
[2024-11-24T20:41:41.400+0000] {logging_mixin.py:190} INFO - [2024-11-24T20:41:41.400+0000] {dag.py:3239} INFO - Sync 1 DAGs
[2024-11-24T20:41:41.425+0000] {logging_mixin.py:190} INFO - [2024-11-24T20:41:41.424+0000] {dag.py:4180} INFO - Setting next_dagrun for example_bash_operator to 2024-11-23 00:00:00+00:00, run_after=2024-11-24 00:00:00+00:00
[2024-11-24T20:41:42.398+0000] {processor.py:208} INFO - Processing /home/airflow/.local/lib/python3.12/site-packages/airflow/example_dags/example_bash_operator.py took 1.057 seconds
[2024-11-24T20:42:12.699+0000] {processor.py:186} INFO - Started process (PID=917) to work on /home/airflow/.local/lib/python3.12/site-packages/airflow/example_dags/example_bash_operator.py
[2024-11-24T20:42:12.701+0000] {processor.py:914} INFO - Processing file /home/airflow/.local/lib/python3.12/site-packages/airflow/example_dags/example_bash_operator.py for tasks to queue
[2024-11-24T20:42:12.704+0000] {logging_mixin.py:190} INFO - [2024-11-24T20:42:12.704+0000] {dagbag.py:588} INFO - Filling up the DagBag from /home/airflow/.local/lib/python3.12/site-packages/airflow/example_dags/example_bash_operator.py
[2024-11-24T20:42:12.719+0000] {processor.py:925} INFO - DAG(s) 'example_bash_operator' retrieved from /home/airflow/.local/lib/python3.12/site-packages/airflow/example_dags/example_bash_operator.py
[2024-11-24T20:42:12.750+0000] {logging_mixin.py:190} INFO - [2024-11-24T20:42:12.749+0000] {dag.py:3239} INFO - Sync 1 DAGs
[2024-11-24T20:42:12.776+0000] {logging_mixin.py:190} INFO - [2024-11-24T20:42:12.776+0000] {dag.py:4180} INFO - Setting next_dagrun for example_bash_operator to 2024-11-23 00:00:00+00:00, run_after=2024-11-24 00:00:00+00:00
[2024-11-24T20:42:13.234+0000] {processor.py:208} INFO - Processing /home/airflow/.local/lib/python3.12/site-packages/airflow/example_dags/example_bash_operator.py took 0.542 seconds
[2024-11-24T20:42:43.717+0000] {processor.py:186} INFO - Started process (PID=989) to work on /home/airflow/.local/lib/python3.12/site-packages/airflow/example_dags/example_bash_operator.py
[2024-11-24T20:42:43.719+0000] {processor.py:914} INFO - Processing file /home/airflow/.local/lib/python3.12/site-packages/airflow/example_dags/example_bash_operator.py for tasks to queue
[2024-11-24T20:42:43.721+0000] {logging_mixin.py:190} INFO - [2024-11-24T20:42:43.721+0000] {dagbag.py:588} INFO - Filling up the DagBag from /home/airflow/.local/lib/python3.12/site-packages/airflow/example_dags/example_bash_operator.py
[2024-11-24T20:42:43.738+0000] {processor.py:925} INFO - DAG(s) 'example_bash_operator' retrieved from /home/airflow/.local/lib/python3.12/site-packages/airflow/example_dags/example_bash_operator.py
[2024-11-24T20:42:43.773+0000] {logging_mixin.py:190} INFO - [2024-11-24T20:42:43.772+0000] {dag.py:3239} INFO - Sync 1 DAGs
[2024-11-24T20:42:43.807+0000] {logging_mixin.py:190} INFO - [2024-11-24T20:42:43.807+0000] {dag.py:4180} INFO - Setting next_dagrun for example_bash_operator to 2024-11-23 00:00:00+00:00, run_after=2024-11-24 00:00:00+00:00
[2024-11-24T20:42:43.861+0000] {processor.py:208} INFO - Processing /home/airflow/.local/lib/python3.12/site-packages/airflow/example_dags/example_bash_operator.py took 0.150 seconds
[2024-11-24T20:43:14.067+0000] {processor.py:186} INFO - Started process (PID=1061) to work on /home/airflow/.local/lib/python3.12/site-packages/airflow/example_dags/example_bash_operator.py
[2024-11-24T20:43:14.068+0000] {processor.py:914} INFO - Processing file /home/airflow/.local/lib/python3.12/site-packages/airflow/example_dags/example_bash_operator.py for tasks to queue
[2024-11-24T20:43:14.071+0000] {logging_mixin.py:190} INFO - [2024-11-24T20:43:14.071+0000] {dagbag.py:588} INFO - Filling up the DagBag from /home/airflow/.local/lib/python3.12/site-packages/airflow/example_dags/example_bash_operator.py
[2024-11-24T20:43:14.087+0000] {processor.py:925} INFO - DAG(s) 'example_bash_operator' retrieved from /home/airflow/.local/lib/python3.12/site-packages/airflow/example_dags/example_bash_operator.py
[2024-11-24T20:43:14.117+0000] {logging_mixin.py:190} INFO - [2024-11-24T20:43:14.117+0000] {dag.py:3239} INFO - Sync 1 DAGs
[2024-11-24T20:43:14.145+0000] {logging_mixin.py:190} INFO - [2024-11-24T20:43:14.145+0000] {dag.py:4180} INFO - Setting next_dagrun for example_bash_operator to 2024-11-23 00:00:00+00:00, run_after=2024-11-24 00:00:00+00:00
[2024-11-24T20:43:14.216+0000] {processor.py:208} INFO - Processing /home/airflow/.local/lib/python3.12/site-packages/airflow/example_dags/example_bash_operator.py took 0.156 seconds
[2024-11-24T20:43:44.411+0000] {processor.py:186} INFO - Started process (PID=1134) to work on /home/airflow/.local/lib/python3.12/site-packages/airflow/example_dags/example_bash_operator.py
[2024-11-24T20:43:44.412+0000] {processor.py:914} INFO - Processing file /home/airflow/.local/lib/python3.12/site-packages/airflow/example_dags/example_bash_operator.py for tasks to queue
[2024-11-24T20:43:44.424+0000] {logging_mixin.py:190} INFO - [2024-11-24T20:43:44.424+0000] {dagbag.py:588} INFO - Filling up the DagBag from /home/airflow/.local/lib/python3.12/site-packages/airflow/example_dags/example_bash_operator.py
[2024-11-24T20:43:44.450+0000] {processor.py:925} INFO - DAG(s) 'example_bash_operator' retrieved from /home/airflow/.local/lib/python3.12/site-packages/airflow/example_dags/example_bash_operator.py
[2024-11-24T20:43:44.486+0000] {logging_mixin.py:190} INFO - [2024-11-24T20:43:44.485+0000] {dag.py:3239} INFO - Sync 1 DAGs
[2024-11-24T20:43:44.518+0000] {logging_mixin.py:190} INFO - [2024-11-24T20:43:44.518+0000] {dag.py:4180} INFO - Setting next_dagrun for example_bash_operator to 2024-11-23 00:00:00+00:00, run_after=2024-11-24 00:00:00+00:00
[2024-11-24T20:43:44.581+0000] {processor.py:208} INFO - Processing /home/airflow/.local/lib/python3.12/site-packages/airflow/example_dags/example_bash_operator.py took 0.177 seconds
[2024-11-24T20:44:15.173+0000] {processor.py:186} INFO - Started process (PID=1205) to work on /home/airflow/.local/lib/python3.12/site-packages/airflow/example_dags/example_bash_operator.py
[2024-11-24T20:44:15.174+0000] {processor.py:914} INFO - Processing file /home/airflow/.local/lib/python3.12/site-packages/airflow/example_dags/example_bash_operator.py for tasks to queue
[2024-11-24T20:44:15.177+0000] {logging_mixin.py:190} INFO - [2024-11-24T20:44:15.177+0000] {dagbag.py:588} INFO - Filling up the DagBag from /home/airflow/.local/lib/python3.12/site-packages/airflow/example_dags/example_bash_operator.py
[2024-11-24T20:44:15.193+0000] {processor.py:925} INFO - DAG(s) 'example_bash_operator' retrieved from /home/airflow/.local/lib/python3.12/site-packages/airflow/example_dags/example_bash_operator.py
[2024-11-24T20:44:15.228+0000] {logging_mixin.py:190} INFO - [2024-11-24T20:44:15.227+0000] {dag.py:3239} INFO - Sync 1 DAGs
[2024-11-24T20:44:15.264+0000] {logging_mixin.py:190} INFO - [2024-11-24T20:44:15.264+0000] {dag.py:4180} INFO - Setting next_dagrun for example_bash_operator to 2024-11-23 00:00:00+00:00, run_after=2024-11-24 00:00:00+00:00
[2024-11-24T20:44:15.899+0000] {processor.py:208} INFO - Processing /home/airflow/.local/lib/python3.12/site-packages/airflow/example_dags/example_bash_operator.py took 0.734 seconds
[2024-11-24T21:36:16.776+0000] {processor.py:186} INFO - Started process (PID=1032) to work on /home/airflow/.local/lib/python3.12/site-packages/airflow/example_dags/example_bash_operator.py
[2024-11-24T21:36:16.814+0000] {processor.py:914} INFO - Processing file /home/airflow/.local/lib/python3.12/site-packages/airflow/example_dags/example_bash_operator.py for tasks to queue
[2024-11-24T21:36:16.816+0000] {logging_mixin.py:190} INFO - [2024-11-24T21:36:16.816+0000] {dagbag.py:588} INFO - Filling up the DagBag from /home/airflow/.local/lib/python3.12/site-packages/airflow/example_dags/example_bash_operator.py
[2024-11-24T21:36:16.834+0000] {processor.py:925} INFO - DAG(s) 'example_bash_operator' retrieved from /home/airflow/.local/lib/python3.12/site-packages/airflow/example_dags/example_bash_operator.py
[2024-11-24T21:36:16.885+0000] {logging_mixin.py:190} INFO - [2024-11-24T21:36:16.884+0000] {dag.py:3239} INFO - Sync 1 DAGs
[2024-11-24T21:36:16.919+0000] {logging_mixin.py:190} INFO - [2024-11-24T21:36:16.919+0000] {dag.py:4180} INFO - Setting next_dagrun for example_bash_operator to 2024-11-23 00:00:00+00:00, run_after=2024-11-24 00:00:00+00:00
[2024-11-24T21:36:17.667+0000] {processor.py:208} INFO - Processing /home/airflow/.local/lib/python3.12/site-packages/airflow/example_dags/example_bash_operator.py took 0.898 seconds
[2024-11-24T21:38:37.419+0000] {processor.py:186} INFO - Started process (PID=500) to work on /home/airflow/.local/lib/python3.12/site-packages/airflow/example_dags/example_bash_operator.py
[2024-11-24T21:38:37.459+0000] {processor.py:914} INFO - Processing file /home/airflow/.local/lib/python3.12/site-packages/airflow/example_dags/example_bash_operator.py for tasks to queue
[2024-11-24T21:38:37.461+0000] {logging_mixin.py:190} INFO - [2024-11-24T21:38:37.461+0000] {dagbag.py:588} INFO - Filling up the DagBag from /home/airflow/.local/lib/python3.12/site-packages/airflow/example_dags/example_bash_operator.py
[2024-11-24T21:38:37.478+0000] {processor.py:925} INFO - DAG(s) 'example_bash_operator' retrieved from /home/airflow/.local/lib/python3.12/site-packages/airflow/example_dags/example_bash_operator.py
[2024-11-24T21:38:37.517+0000] {logging_mixin.py:190} INFO - [2024-11-24T21:38:37.517+0000] {dag.py:3239} INFO - Sync 1 DAGs
[2024-11-24T21:38:37.546+0000] {logging_mixin.py:190} INFO - [2024-11-24T21:38:37.546+0000] {dag.py:4180} INFO - Setting next_dagrun for example_bash_operator to 2024-11-23 00:00:00+00:00, run_after=2024-11-24 00:00:00+00:00
[2024-11-24T21:38:37.592+0000] {processor.py:208} INFO - Processing /home/airflow/.local/lib/python3.12/site-packages/airflow/example_dags/example_bash_operator.py took 0.180 seconds
[2024-11-24T21:39:08.119+0000] {processor.py:186} INFO - Started process (PID=564) to work on /home/airflow/.local/lib/python3.12/site-packages/airflow/example_dags/example_bash_operator.py
[2024-11-24T21:39:08.120+0000] {processor.py:914} INFO - Processing file /home/airflow/.local/lib/python3.12/site-packages/airflow/example_dags/example_bash_operator.py for tasks to queue
[2024-11-24T21:39:08.124+0000] {logging_mixin.py:190} INFO - [2024-11-24T21:39:08.123+0000] {dagbag.py:588} INFO - Filling up the DagBag from /home/airflow/.local/lib/python3.12/site-packages/airflow/example_dags/example_bash_operator.py
[2024-11-24T21:39:08.141+0000] {processor.py:925} INFO - DAG(s) 'example_bash_operator' retrieved from /home/airflow/.local/lib/python3.12/site-packages/airflow/example_dags/example_bash_operator.py
[2024-11-24T21:39:08.170+0000] {logging_mixin.py:190} INFO - [2024-11-24T21:39:08.170+0000] {dag.py:3239} INFO - Sync 1 DAGs
[2024-11-24T21:39:08.194+0000] {logging_mixin.py:190} INFO - [2024-11-24T21:39:08.193+0000] {dag.py:4180} INFO - Setting next_dagrun for example_bash_operator to 2024-11-23 00:00:00+00:00, run_after=2024-11-24 00:00:00+00:00
[2024-11-24T21:39:08.441+0000] {processor.py:208} INFO - Processing /home/airflow/.local/lib/python3.12/site-packages/airflow/example_dags/example_bash_operator.py took 0.328 seconds
[2024-11-24T21:39:39.446+0000] {processor.py:186} INFO - Started process (PID=636) to work on /home/airflow/.local/lib/python3.12/site-packages/airflow/example_dags/example_bash_operator.py
[2024-11-24T21:39:39.447+0000] {processor.py:914} INFO - Processing file /home/airflow/.local/lib/python3.12/site-packages/airflow/example_dags/example_bash_operator.py for tasks to queue
[2024-11-24T21:39:39.451+0000] {logging_mixin.py:190} INFO - [2024-11-24T21:39:39.451+0000] {dagbag.py:588} INFO - Filling up the DagBag from /home/airflow/.local/lib/python3.12/site-packages/airflow/example_dags/example_bash_operator.py
[2024-11-24T21:39:39.467+0000] {processor.py:925} INFO - DAG(s) 'example_bash_operator' retrieved from /home/airflow/.local/lib/python3.12/site-packages/airflow/example_dags/example_bash_operator.py
[2024-11-24T21:39:39.497+0000] {logging_mixin.py:190} INFO - [2024-11-24T21:39:39.496+0000] {dag.py:3239} INFO - Sync 1 DAGs
[2024-11-24T21:39:39.522+0000] {logging_mixin.py:190} INFO - [2024-11-24T21:39:39.522+0000] {dag.py:4180} INFO - Setting next_dagrun for example_bash_operator to 2024-11-23 00:00:00+00:00, run_after=2024-11-24 00:00:00+00:00
[2024-11-24T21:39:40.430+0000] {processor.py:208} INFO - Processing /home/airflow/.local/lib/python3.12/site-packages/airflow/example_dags/example_bash_operator.py took 0.991 seconds
[2024-11-24T21:40:11.037+0000] {processor.py:186} INFO - Started process (PID=708) to work on /home/airflow/.local/lib/python3.12/site-packages/airflow/example_dags/example_bash_operator.py
[2024-11-24T21:40:11.227+0000] {processor.py:914} INFO - Processing file /home/airflow/.local/lib/python3.12/site-packages/airflow/example_dags/example_bash_operator.py for tasks to queue
[2024-11-24T21:40:11.231+0000] {logging_mixin.py:190} INFO - [2024-11-24T21:40:11.230+0000] {dagbag.py:588} INFO - Filling up the DagBag from /home/airflow/.local/lib/python3.12/site-packages/airflow/example_dags/example_bash_operator.py
[2024-11-24T21:40:11.248+0000] {processor.py:925} INFO - DAG(s) 'example_bash_operator' retrieved from /home/airflow/.local/lib/python3.12/site-packages/airflow/example_dags/example_bash_operator.py
[2024-11-24T21:40:11.280+0000] {logging_mixin.py:190} INFO - [2024-11-24T21:40:11.280+0000] {dag.py:3239} INFO - Sync 1 DAGs
[2024-11-24T21:40:11.305+0000] {logging_mixin.py:190} INFO - [2024-11-24T21:40:11.304+0000] {dag.py:4180} INFO - Setting next_dagrun for example_bash_operator to 2024-11-23 00:00:00+00:00, run_after=2024-11-24 00:00:00+00:00
[2024-11-24T21:40:11.404+0000] {processor.py:208} INFO - Processing /home/airflow/.local/lib/python3.12/site-packages/airflow/example_dags/example_bash_operator.py took 0.373 seconds
[2024-11-24T21:40:41.924+0000] {processor.py:186} INFO - Started process (PID=780) to work on /home/airflow/.local/lib/python3.12/site-packages/airflow/example_dags/example_bash_operator.py
[2024-11-24T21:40:41.926+0000] {processor.py:914} INFO - Processing file /home/airflow/.local/lib/python3.12/site-packages/airflow/example_dags/example_bash_operator.py for tasks to queue
[2024-11-24T21:40:41.929+0000] {logging_mixin.py:190} INFO - [2024-11-24T21:40:41.929+0000] {dagbag.py:588} INFO - Filling up the DagBag from /home/airflow/.local/lib/python3.12/site-packages/airflow/example_dags/example_bash_operator.py
[2024-11-24T21:40:41.945+0000] {processor.py:925} INFO - DAG(s) 'example_bash_operator' retrieved from /home/airflow/.local/lib/python3.12/site-packages/airflow/example_dags/example_bash_operator.py
[2024-11-24T21:40:41.979+0000] {logging_mixin.py:190} INFO - [2024-11-24T21:40:41.979+0000] {dag.py:3239} INFO - Sync 1 DAGs
[2024-11-24T21:40:42.007+0000] {logging_mixin.py:190} INFO - [2024-11-24T21:40:42.007+0000] {dag.py:4180} INFO - Setting next_dagrun for example_bash_operator to 2024-11-23 00:00:00+00:00, run_after=2024-11-24 00:00:00+00:00
[2024-11-24T21:40:42.059+0000] {processor.py:208} INFO - Processing /home/airflow/.local/lib/python3.12/site-packages/airflow/example_dags/example_bash_operator.py took 0.141 seconds
[2024-11-24T21:41:12.957+0000] {processor.py:186} INFO - Started process (PID=852) to work on /home/airflow/.local/lib/python3.12/site-packages/airflow/example_dags/example_bash_operator.py
[2024-11-24T21:41:12.959+0000] {processor.py:914} INFO - Processing file /home/airflow/.local/lib/python3.12/site-packages/airflow/example_dags/example_bash_operator.py for tasks to queue
[2024-11-24T21:41:12.964+0000] {logging_mixin.py:190} INFO - [2024-11-24T21:41:12.963+0000] {dagbag.py:588} INFO - Filling up the DagBag from /home/airflow/.local/lib/python3.12/site-packages/airflow/example_dags/example_bash_operator.py
[2024-11-24T21:41:12.985+0000] {processor.py:925} INFO - DAG(s) 'example_bash_operator' retrieved from /home/airflow/.local/lib/python3.12/site-packages/airflow/example_dags/example_bash_operator.py
[2024-11-24T21:41:13.018+0000] {logging_mixin.py:190} INFO - [2024-11-24T21:41:13.018+0000] {dag.py:3239} INFO - Sync 1 DAGs
[2024-11-24T21:41:13.045+0000] {logging_mixin.py:190} INFO - [2024-11-24T21:41:13.045+0000] {dag.py:4180} INFO - Setting next_dagrun for example_bash_operator to 2024-11-23 00:00:00+00:00, run_after=2024-11-24 00:00:00+00:00
[2024-11-24T21:41:14.325+0000] {processor.py:208} INFO - Processing /home/airflow/.local/lib/python3.12/site-packages/airflow/example_dags/example_bash_operator.py took 1.375 seconds
[2024-11-24T21:41:44.414+0000] {processor.py:186} INFO - Started process (PID=924) to work on /home/airflow/.local/lib/python3.12/site-packages/airflow/example_dags/example_bash_operator.py
[2024-11-24T21:41:44.415+0000] {processor.py:914} INFO - Processing file /home/airflow/.local/lib/python3.12/site-packages/airflow/example_dags/example_bash_operator.py for tasks to queue
[2024-11-24T21:41:44.418+0000] {logging_mixin.py:190} INFO - [2024-11-24T21:41:44.417+0000] {dagbag.py:588} INFO - Filling up the DagBag from /home/airflow/.local/lib/python3.12/site-packages/airflow/example_dags/example_bash_operator.py
[2024-11-24T21:41:44.435+0000] {processor.py:925} INFO - DAG(s) 'example_bash_operator' retrieved from /home/airflow/.local/lib/python3.12/site-packages/airflow/example_dags/example_bash_operator.py
[2024-11-24T21:41:44.467+0000] {logging_mixin.py:190} INFO - [2024-11-24T21:41:44.466+0000] {dag.py:3239} INFO - Sync 1 DAGs
[2024-11-24T21:41:44.497+0000] {logging_mixin.py:190} INFO - [2024-11-24T21:41:44.497+0000] {dag.py:4180} INFO - Setting next_dagrun for example_bash_operator to 2024-11-23 00:00:00+00:00, run_after=2024-11-24 00:00:00+00:00
[2024-11-24T21:41:44.581+0000] {processor.py:208} INFO - Processing /home/airflow/.local/lib/python3.12/site-packages/airflow/example_dags/example_bash_operator.py took 0.173 seconds
[2024-11-24T21:42:14.753+0000] {processor.py:186} INFO - Started process (PID=996) to work on /home/airflow/.local/lib/python3.12/site-packages/airflow/example_dags/example_bash_operator.py
[2024-11-24T21:42:14.754+0000] {processor.py:914} INFO - Processing file /home/airflow/.local/lib/python3.12/site-packages/airflow/example_dags/example_bash_operator.py for tasks to queue
[2024-11-24T21:42:14.758+0000] {logging_mixin.py:190} INFO - [2024-11-24T21:42:14.758+0000] {dagbag.py:588} INFO - Filling up the DagBag from /home/airflow/.local/lib/python3.12/site-packages/airflow/example_dags/example_bash_operator.py
[2024-11-24T21:42:14.776+0000] {processor.py:925} INFO - DAG(s) 'example_bash_operator' retrieved from /home/airflow/.local/lib/python3.12/site-packages/airflow/example_dags/example_bash_operator.py
[2024-11-24T21:42:14.809+0000] {logging_mixin.py:190} INFO - [2024-11-24T21:42:14.809+0000] {dag.py:3239} INFO - Sync 1 DAGs
[2024-11-24T21:42:14.837+0000] {logging_mixin.py:190} INFO - [2024-11-24T21:42:14.836+0000] {dag.py:4180} INFO - Setting next_dagrun for example_bash_operator to 2024-11-23 00:00:00+00:00, run_after=2024-11-24 00:00:00+00:00
[2024-11-24T21:42:14.892+0000] {processor.py:208} INFO - Processing /home/airflow/.local/lib/python3.12/site-packages/airflow/example_dags/example_bash_operator.py took 0.146 seconds
[2024-11-24T21:42:45.633+0000] {processor.py:186} INFO - Started process (PID=1068) to work on /home/airflow/.local/lib/python3.12/site-packages/airflow/example_dags/example_bash_operator.py
[2024-11-24T21:42:45.635+0000] {processor.py:914} INFO - Processing file /home/airflow/.local/lib/python3.12/site-packages/airflow/example_dags/example_bash_operator.py for tasks to queue
[2024-11-24T21:42:45.638+0000] {logging_mixin.py:190} INFO - [2024-11-24T21:42:45.638+0000] {dagbag.py:588} INFO - Filling up the DagBag from /home/airflow/.local/lib/python3.12/site-packages/airflow/example_dags/example_bash_operator.py
[2024-11-24T21:42:45.654+0000] {processor.py:925} INFO - DAG(s) 'example_bash_operator' retrieved from /home/airflow/.local/lib/python3.12/site-packages/airflow/example_dags/example_bash_operator.py
[2024-11-24T21:42:45.687+0000] {logging_mixin.py:190} INFO - [2024-11-24T21:42:45.687+0000] {dag.py:3239} INFO - Sync 1 DAGs
[2024-11-24T21:42:45.714+0000] {logging_mixin.py:190} INFO - [2024-11-24T21:42:45.714+0000] {dag.py:4180} INFO - Setting next_dagrun for example_bash_operator to 2024-11-23 00:00:00+00:00, run_after=2024-11-24 00:00:00+00:00
[2024-11-24T21:42:47.422+0000] {processor.py:208} INFO - Processing /home/airflow/.local/lib/python3.12/site-packages/airflow/example_dags/example_bash_operator.py took 1.796 seconds
[2024-11-24T21:43:17.491+0000] {processor.py:186} INFO - Started process (PID=1140) to work on /home/airflow/.local/lib/python3.12/site-packages/airflow/example_dags/example_bash_operator.py
[2024-11-24T21:43:17.492+0000] {processor.py:914} INFO - Processing file /home/airflow/.local/lib/python3.12/site-packages/airflow/example_dags/example_bash_operator.py for tasks to queue
[2024-11-24T21:43:17.494+0000] {logging_mixin.py:190} INFO - [2024-11-24T21:43:17.494+0000] {dagbag.py:588} INFO - Filling up the DagBag from /home/airflow/.local/lib/python3.12/site-packages/airflow/example_dags/example_bash_operator.py
[2024-11-24T21:43:17.507+0000] {processor.py:925} INFO - DAG(s) 'example_bash_operator' retrieved from /home/airflow/.local/lib/python3.12/site-packages/airflow/example_dags/example_bash_operator.py
[2024-11-24T21:43:17.535+0000] {logging_mixin.py:190} INFO - [2024-11-24T21:43:17.535+0000] {dag.py:3239} INFO - Sync 1 DAGs
[2024-11-24T21:43:17.560+0000] {logging_mixin.py:190} INFO - [2024-11-24T21:43:17.559+0000] {dag.py:4180} INFO - Setting next_dagrun for example_bash_operator to 2024-11-23 00:00:00+00:00, run_after=2024-11-24 00:00:00+00:00
[2024-11-24T21:43:18.517+0000] {processor.py:208} INFO - Processing /home/airflow/.local/lib/python3.12/site-packages/airflow/example_dags/example_bash_operator.py took 1.032 seconds
[2024-11-24T21:43:49.062+0000] {processor.py:186} INFO - Started process (PID=1212) to work on /home/airflow/.local/lib/python3.12/site-packages/airflow/example_dags/example_bash_operator.py
[2024-11-24T21:43:49.064+0000] {processor.py:914} INFO - Processing file /home/airflow/.local/lib/python3.12/site-packages/airflow/example_dags/example_bash_operator.py for tasks to queue
[2024-11-24T21:43:49.067+0000] {logging_mixin.py:190} INFO - [2024-11-24T21:43:49.067+0000] {dagbag.py:588} INFO - Filling up the DagBag from /home/airflow/.local/lib/python3.12/site-packages/airflow/example_dags/example_bash_operator.py
[2024-11-24T21:43:49.081+0000] {processor.py:925} INFO - DAG(s) 'example_bash_operator' retrieved from /home/airflow/.local/lib/python3.12/site-packages/airflow/example_dags/example_bash_operator.py
[2024-11-24T21:43:49.112+0000] {logging_mixin.py:190} INFO - [2024-11-24T21:43:49.111+0000] {dag.py:3239} INFO - Sync 1 DAGs
[2024-11-24T21:43:49.138+0000] {logging_mixin.py:190} INFO - [2024-11-24T21:43:49.137+0000] {dag.py:4180} INFO - Setting next_dagrun for example_bash_operator to 2024-11-23 00:00:00+00:00, run_after=2024-11-24 00:00:00+00:00
[2024-11-24T21:43:49.215+0000] {processor.py:208} INFO - Processing /home/airflow/.local/lib/python3.12/site-packages/airflow/example_dags/example_bash_operator.py took 0.159 seconds
[2024-11-24T21:44:19.417+0000] {processor.py:186} INFO - Started process (PID=1284) to work on /home/airflow/.local/lib/python3.12/site-packages/airflow/example_dags/example_bash_operator.py
[2024-11-24T21:44:19.419+0000] {processor.py:914} INFO - Processing file /home/airflow/.local/lib/python3.12/site-packages/airflow/example_dags/example_bash_operator.py for tasks to queue
[2024-11-24T21:44:19.427+0000] {logging_mixin.py:190} INFO - [2024-11-24T21:44:19.427+0000] {dagbag.py:588} INFO - Filling up the DagBag from /home/airflow/.local/lib/python3.12/site-packages/airflow/example_dags/example_bash_operator.py
[2024-11-24T21:44:19.445+0000] {processor.py:925} INFO - DAG(s) 'example_bash_operator' retrieved from /home/airflow/.local/lib/python3.12/site-packages/airflow/example_dags/example_bash_operator.py
[2024-11-24T21:44:19.479+0000] {logging_mixin.py:190} INFO - [2024-11-24T21:44:19.479+0000] {dag.py:3239} INFO - Sync 1 DAGs
[2024-11-24T21:44:19.506+0000] {logging_mixin.py:190} INFO - [2024-11-24T21:44:19.505+0000] {dag.py:4180} INFO - Setting next_dagrun for example_bash_operator to 2024-11-23 00:00:00+00:00, run_after=2024-11-24 00:00:00+00:00
[2024-11-24T21:44:19.593+0000] {processor.py:208} INFO - Processing /home/airflow/.local/lib/python3.12/site-packages/airflow/example_dags/example_bash_operator.py took 0.183 seconds
[2024-11-24T21:44:49.874+0000] {processor.py:186} INFO - Started process (PID=1356) to work on /home/airflow/.local/lib/python3.12/site-packages/airflow/example_dags/example_bash_operator.py
[2024-11-24T21:44:49.875+0000] {processor.py:914} INFO - Processing file /home/airflow/.local/lib/python3.12/site-packages/airflow/example_dags/example_bash_operator.py for tasks to queue
[2024-11-24T21:44:49.878+0000] {logging_mixin.py:190} INFO - [2024-11-24T21:44:49.878+0000] {dagbag.py:588} INFO - Filling up the DagBag from /home/airflow/.local/lib/python3.12/site-packages/airflow/example_dags/example_bash_operator.py
[2024-11-24T21:44:49.892+0000] {processor.py:925} INFO - DAG(s) 'example_bash_operator' retrieved from /home/airflow/.local/lib/python3.12/site-packages/airflow/example_dags/example_bash_operator.py
[2024-11-24T21:44:49.931+0000] {logging_mixin.py:190} INFO - [2024-11-24T21:44:49.931+0000] {dag.py:3239} INFO - Sync 1 DAGs
[2024-11-24T21:44:49.957+0000] {logging_mixin.py:190} INFO - [2024-11-24T21:44:49.957+0000] {dag.py:4180} INFO - Setting next_dagrun for example_bash_operator to 2024-11-23 00:00:00+00:00, run_after=2024-11-24 00:00:00+00:00
[2024-11-24T21:44:50.368+0000] {processor.py:208} INFO - Processing /home/airflow/.local/lib/python3.12/site-packages/airflow/example_dags/example_bash_operator.py took 0.500 seconds
