[2024-11-24T20:36:18.585+0000] {processor.py:186} INFO - Started process (PID=155) to work on /home/airflow/.local/lib/python3.12/site-packages/airflow/example_dags/example_dataset_alias.py
[2024-11-24T20:36:18.587+0000] {processor.py:914} INFO - Processing file /home/airflow/.local/lib/python3.12/site-packages/airflow/example_dags/example_dataset_alias.py for tasks to queue
[2024-11-24T20:36:18.589+0000] {logging_mixin.py:190} INFO - [2024-11-24T20:36:18.589+0000] {dagbag.py:588} INFO - Filling up the DagBag from /home/airflow/.local/lib/python3.12/site-packages/airflow/example_dags/example_dataset_alias.py
[2024-11-24T20:36:25.314+0000] {processor.py:925} INFO - DAG(s) 'dataset_s3_bucket_producer', 'dataset_s3_bucket_consumer', 'dataset_alias_example_alias_producer', 'dataset_alias_example_alias_consumer' retrieved from /home/airflow/.local/lib/python3.12/site-packages/airflow/example_dags/example_dataset_alias.py
[2024-11-24T20:36:25.345+0000] {logging_mixin.py:190} INFO - [2024-11-24T20:36:25.345+0000] {dag.py:3239} INFO - Sync 4 DAGs
[2024-11-24T20:36:25.380+0000] {logging_mixin.py:190} INFO - [2024-11-24T20:36:25.379+0000] {dag.py:4180} INFO - Setting next_dagrun for dataset_alias_example_alias_consumer to None, run_after=None
[2024-11-24T20:36:25.384+0000] {logging_mixin.py:190} INFO - [2024-11-24T20:36:25.384+0000] {dag.py:4180} INFO - Setting next_dagrun for dataset_alias_example_alias_producer to None, run_after=None
[2024-11-24T20:36:25.389+0000] {logging_mixin.py:190} INFO - [2024-11-24T20:36:25.389+0000] {dag.py:4180} INFO - Setting next_dagrun for dataset_s3_bucket_consumer to None, run_after=None
[2024-11-24T20:36:25.393+0000] {logging_mixin.py:190} INFO - [2024-11-24T20:36:25.393+0000] {dag.py:4180} INFO - Setting next_dagrun for dataset_s3_bucket_producer to None, run_after=None
[2024-11-24T20:36:25.511+0000] {processor.py:208} INFO - Processing /home/airflow/.local/lib/python3.12/site-packages/airflow/example_dags/example_dataset_alias.py took 6.932 seconds
[2024-11-24T20:36:59.117+0000] {processor.py:186} INFO - Started process (PID=233) to work on /home/airflow/.local/lib/python3.12/site-packages/airflow/example_dags/example_dataset_alias.py
[2024-11-24T20:36:59.118+0000] {processor.py:914} INFO - Processing file /home/airflow/.local/lib/python3.12/site-packages/airflow/example_dags/example_dataset_alias.py for tasks to queue
[2024-11-24T20:36:59.122+0000] {logging_mixin.py:190} INFO - [2024-11-24T20:36:59.121+0000] {dagbag.py:588} INFO - Filling up the DagBag from /home/airflow/.local/lib/python3.12/site-packages/airflow/example_dags/example_dataset_alias.py
[2024-11-24T20:37:00.097+0000] {processor.py:925} INFO - DAG(s) 'dataset_s3_bucket_producer', 'dataset_s3_bucket_consumer', 'dataset_alias_example_alias_producer', 'dataset_alias_example_alias_consumer' retrieved from /home/airflow/.local/lib/python3.12/site-packages/airflow/example_dags/example_dataset_alias.py
[2024-11-24T20:37:00.130+0000] {logging_mixin.py:190} INFO - [2024-11-24T20:37:00.129+0000] {dag.py:3239} INFO - Sync 4 DAGs
[2024-11-24T20:37:00.163+0000] {logging_mixin.py:190} INFO - [2024-11-24T20:37:00.163+0000] {dag.py:4180} INFO - Setting next_dagrun for dataset_alias_example_alias_consumer to None, run_after=None
[2024-11-24T20:37:00.166+0000] {logging_mixin.py:190} INFO - [2024-11-24T20:37:00.166+0000] {dag.py:4180} INFO - Setting next_dagrun for dataset_alias_example_alias_producer to None, run_after=None
[2024-11-24T20:37:00.168+0000] {logging_mixin.py:190} INFO - [2024-11-24T20:37:00.168+0000] {dag.py:4180} INFO - Setting next_dagrun for dataset_s3_bucket_consumer to None, run_after=None
[2024-11-24T20:37:00.170+0000] {logging_mixin.py:190} INFO - [2024-11-24T20:37:00.170+0000] {dag.py:4180} INFO - Setting next_dagrun for dataset_s3_bucket_producer to None, run_after=None
[2024-11-24T20:37:00.230+0000] {processor.py:208} INFO - Processing /home/airflow/.local/lib/python3.12/site-packages/airflow/example_dags/example_dataset_alias.py took 1.123 seconds
[2024-11-24T20:37:40.031+0000] {processor.py:186} INFO - Started process (PID=305) to work on /home/airflow/.local/lib/python3.12/site-packages/airflow/example_dags/example_dataset_alias.py
[2024-11-24T20:37:40.033+0000] {processor.py:914} INFO - Processing file /home/airflow/.local/lib/python3.12/site-packages/airflow/example_dags/example_dataset_alias.py for tasks to queue
[2024-11-24T20:37:40.036+0000] {logging_mixin.py:190} INFO - [2024-11-24T20:37:40.036+0000] {dagbag.py:588} INFO - Filling up the DagBag from /home/airflow/.local/lib/python3.12/site-packages/airflow/example_dags/example_dataset_alias.py
[2024-11-24T20:37:40.787+0000] {processor.py:925} INFO - DAG(s) 'dataset_alias_example_alias_producer', 'dataset_s3_bucket_consumer', 'dataset_s3_bucket_producer', 'dataset_alias_example_alias_consumer' retrieved from /home/airflow/.local/lib/python3.12/site-packages/airflow/example_dags/example_dataset_alias.py
[2024-11-24T20:37:40.858+0000] {logging_mixin.py:190} INFO - [2024-11-24T20:37:40.857+0000] {dag.py:3239} INFO - Sync 4 DAGs
[2024-11-24T20:37:40.982+0000] {logging_mixin.py:190} INFO - [2024-11-24T20:37:40.981+0000] {dag.py:4180} INFO - Setting next_dagrun for dataset_alias_example_alias_consumer to None, run_after=None
[2024-11-24T20:37:40.990+0000] {logging_mixin.py:190} INFO - [2024-11-24T20:37:40.989+0000] {dag.py:4180} INFO - Setting next_dagrun for dataset_alias_example_alias_producer to None, run_after=None
[2024-11-24T20:37:40.993+0000] {logging_mixin.py:190} INFO - [2024-11-24T20:37:40.992+0000] {dag.py:4180} INFO - Setting next_dagrun for dataset_s3_bucket_consumer to None, run_after=None
[2024-11-24T20:37:40.998+0000] {logging_mixin.py:190} INFO - [2024-11-24T20:37:40.997+0000] {dag.py:4180} INFO - Setting next_dagrun for dataset_s3_bucket_producer to None, run_after=None
[2024-11-24T20:37:41.244+0000] {processor.py:208} INFO - Processing /home/airflow/.local/lib/python3.12/site-packages/airflow/example_dags/example_dataset_alias.py took 1.221 seconds
[2024-11-24T20:38:11.336+0000] {processor.py:186} INFO - Started process (PID=377) to work on /home/airflow/.local/lib/python3.12/site-packages/airflow/example_dags/example_dataset_alias.py
[2024-11-24T20:38:11.337+0000] {processor.py:914} INFO - Processing file /home/airflow/.local/lib/python3.12/site-packages/airflow/example_dags/example_dataset_alias.py for tasks to queue
[2024-11-24T20:38:11.340+0000] {logging_mixin.py:190} INFO - [2024-11-24T20:38:11.339+0000] {dagbag.py:588} INFO - Filling up the DagBag from /home/airflow/.local/lib/python3.12/site-packages/airflow/example_dags/example_dataset_alias.py
[2024-11-24T20:38:12.084+0000] {processor.py:925} INFO - DAG(s) 'dataset_alias_example_alias_producer', 'dataset_s3_bucket_producer', 'dataset_s3_bucket_consumer', 'dataset_alias_example_alias_consumer' retrieved from /home/airflow/.local/lib/python3.12/site-packages/airflow/example_dags/example_dataset_alias.py
[2024-11-24T20:38:12.112+0000] {logging_mixin.py:190} INFO - [2024-11-24T20:38:12.111+0000] {dag.py:3239} INFO - Sync 4 DAGs
[2024-11-24T20:38:12.144+0000] {logging_mixin.py:190} INFO - [2024-11-24T20:38:12.144+0000] {dag.py:4180} INFO - Setting next_dagrun for dataset_alias_example_alias_consumer to None, run_after=None
[2024-11-24T20:38:12.148+0000] {logging_mixin.py:190} INFO - [2024-11-24T20:38:12.148+0000] {dag.py:4180} INFO - Setting next_dagrun for dataset_alias_example_alias_producer to None, run_after=None
[2024-11-24T20:38:12.153+0000] {logging_mixin.py:190} INFO - [2024-11-24T20:38:12.152+0000] {dag.py:4180} INFO - Setting next_dagrun for dataset_s3_bucket_consumer to None, run_after=None
[2024-11-24T20:38:12.155+0000] {logging_mixin.py:190} INFO - [2024-11-24T20:38:12.155+0000] {dag.py:4180} INFO - Setting next_dagrun for dataset_s3_bucket_producer to None, run_after=None
[2024-11-24T20:38:12.713+0000] {processor.py:208} INFO - Processing /home/airflow/.local/lib/python3.12/site-packages/airflow/example_dags/example_dataset_alias.py took 1.384 seconds
[2024-11-24T20:38:42.884+0000] {processor.py:186} INFO - Started process (PID=449) to work on /home/airflow/.local/lib/python3.12/site-packages/airflow/example_dags/example_dataset_alias.py
[2024-11-24T20:38:42.886+0000] {processor.py:914} INFO - Processing file /home/airflow/.local/lib/python3.12/site-packages/airflow/example_dags/example_dataset_alias.py for tasks to queue
[2024-11-24T20:38:42.892+0000] {logging_mixin.py:190} INFO - [2024-11-24T20:38:42.891+0000] {dagbag.py:588} INFO - Filling up the DagBag from /home/airflow/.local/lib/python3.12/site-packages/airflow/example_dags/example_dataset_alias.py
[2024-11-24T20:38:43.748+0000] {processor.py:925} INFO - DAG(s) 'dataset_s3_bucket_consumer', 'dataset_s3_bucket_producer', 'dataset_alias_example_alias_producer', 'dataset_alias_example_alias_consumer' retrieved from /home/airflow/.local/lib/python3.12/site-packages/airflow/example_dags/example_dataset_alias.py
[2024-11-24T20:38:43.774+0000] {logging_mixin.py:190} INFO - [2024-11-24T20:38:43.774+0000] {dag.py:3239} INFO - Sync 4 DAGs
[2024-11-24T20:38:43.800+0000] {logging_mixin.py:190} INFO - [2024-11-24T20:38:43.800+0000] {dag.py:4180} INFO - Setting next_dagrun for dataset_alias_example_alias_consumer to None, run_after=None
[2024-11-24T20:38:43.805+0000] {logging_mixin.py:190} INFO - [2024-11-24T20:38:43.805+0000] {dag.py:4180} INFO - Setting next_dagrun for dataset_alias_example_alias_producer to None, run_after=None
[2024-11-24T20:38:43.812+0000] {logging_mixin.py:190} INFO - [2024-11-24T20:38:43.812+0000] {dag.py:4180} INFO - Setting next_dagrun for dataset_s3_bucket_consumer to None, run_after=None
[2024-11-24T20:38:43.814+0000] {logging_mixin.py:190} INFO - [2024-11-24T20:38:43.814+0000] {dag.py:4180} INFO - Setting next_dagrun for dataset_s3_bucket_producer to None, run_after=None
[2024-11-24T20:38:43.984+0000] {processor.py:208} INFO - Processing /home/airflow/.local/lib/python3.12/site-packages/airflow/example_dags/example_dataset_alias.py took 1.106 seconds
[2024-11-24T20:39:14.069+0000] {processor.py:186} INFO - Started process (PID=521) to work on /home/airflow/.local/lib/python3.12/site-packages/airflow/example_dags/example_dataset_alias.py
[2024-11-24T20:39:14.070+0000] {processor.py:914} INFO - Processing file /home/airflow/.local/lib/python3.12/site-packages/airflow/example_dags/example_dataset_alias.py for tasks to queue
[2024-11-24T20:39:14.073+0000] {logging_mixin.py:190} INFO - [2024-11-24T20:39:14.073+0000] {dagbag.py:588} INFO - Filling up the DagBag from /home/airflow/.local/lib/python3.12/site-packages/airflow/example_dags/example_dataset_alias.py
[2024-11-24T20:39:14.764+0000] {processor.py:925} INFO - DAG(s) 'dataset_alias_example_alias_consumer', 'dataset_alias_example_alias_producer', 'dataset_s3_bucket_consumer', 'dataset_s3_bucket_producer' retrieved from /home/airflow/.local/lib/python3.12/site-packages/airflow/example_dags/example_dataset_alias.py
[2024-11-24T20:39:14.788+0000] {logging_mixin.py:190} INFO - [2024-11-24T20:39:14.787+0000] {dag.py:3239} INFO - Sync 4 DAGs
[2024-11-24T20:39:14.815+0000] {logging_mixin.py:190} INFO - [2024-11-24T20:39:14.815+0000] {dag.py:4180} INFO - Setting next_dagrun for dataset_alias_example_alias_consumer to None, run_after=None
[2024-11-24T20:39:14.819+0000] {logging_mixin.py:190} INFO - [2024-11-24T20:39:14.818+0000] {dag.py:4180} INFO - Setting next_dagrun for dataset_alias_example_alias_producer to None, run_after=None
[2024-11-24T20:39:14.820+0000] {logging_mixin.py:190} INFO - [2024-11-24T20:39:14.820+0000] {dag.py:4180} INFO - Setting next_dagrun for dataset_s3_bucket_consumer to None, run_after=None
[2024-11-24T20:39:14.822+0000] {logging_mixin.py:190} INFO - [2024-11-24T20:39:14.822+0000] {dag.py:4180} INFO - Setting next_dagrun for dataset_s3_bucket_producer to None, run_after=None
[2024-11-24T20:39:14.906+0000] {processor.py:208} INFO - Processing /home/airflow/.local/lib/python3.12/site-packages/airflow/example_dags/example_dataset_alias.py took 0.844 seconds
[2024-11-24T20:39:45.013+0000] {processor.py:186} INFO - Started process (PID=592) to work on /home/airflow/.local/lib/python3.12/site-packages/airflow/example_dags/example_dataset_alias.py
[2024-11-24T20:39:45.247+0000] {processor.py:914} INFO - Processing file /home/airflow/.local/lib/python3.12/site-packages/airflow/example_dags/example_dataset_alias.py for tasks to queue
[2024-11-24T20:39:45.251+0000] {logging_mixin.py:190} INFO - [2024-11-24T20:39:45.250+0000] {dagbag.py:588} INFO - Filling up the DagBag from /home/airflow/.local/lib/python3.12/site-packages/airflow/example_dags/example_dataset_alias.py
[2024-11-24T20:39:45.983+0000] {processor.py:925} INFO - DAG(s) 'dataset_alias_example_alias_consumer', 'dataset_alias_example_alias_producer', 'dataset_s3_bucket_producer', 'dataset_s3_bucket_consumer' retrieved from /home/airflow/.local/lib/python3.12/site-packages/airflow/example_dags/example_dataset_alias.py
[2024-11-24T20:39:46.009+0000] {logging_mixin.py:190} INFO - [2024-11-24T20:39:46.009+0000] {dag.py:3239} INFO - Sync 4 DAGs
[2024-11-24T20:39:46.036+0000] {logging_mixin.py:190} INFO - [2024-11-24T20:39:46.036+0000] {dag.py:4180} INFO - Setting next_dagrun for dataset_alias_example_alias_consumer to None, run_after=None
[2024-11-24T20:39:46.040+0000] {logging_mixin.py:190} INFO - [2024-11-24T20:39:46.040+0000] {dag.py:4180} INFO - Setting next_dagrun for dataset_alias_example_alias_producer to None, run_after=None
[2024-11-24T20:39:46.042+0000] {logging_mixin.py:190} INFO - [2024-11-24T20:39:46.042+0000] {dag.py:4180} INFO - Setting next_dagrun for dataset_s3_bucket_consumer to None, run_after=None
[2024-11-24T20:39:46.044+0000] {logging_mixin.py:190} INFO - [2024-11-24T20:39:46.044+0000] {dag.py:4180} INFO - Setting next_dagrun for dataset_s3_bucket_producer to None, run_after=None
[2024-11-24T20:39:46.200+0000] {processor.py:208} INFO - Processing /home/airflow/.local/lib/python3.12/site-packages/airflow/example_dags/example_dataset_alias.py took 1.194 seconds
[2024-11-24T20:40:16.485+0000] {processor.py:186} INFO - Started process (PID=664) to work on /home/airflow/.local/lib/python3.12/site-packages/airflow/example_dags/example_dataset_alias.py
[2024-11-24T20:40:16.486+0000] {processor.py:914} INFO - Processing file /home/airflow/.local/lib/python3.12/site-packages/airflow/example_dags/example_dataset_alias.py for tasks to queue
[2024-11-24T20:40:16.489+0000] {logging_mixin.py:190} INFO - [2024-11-24T20:40:16.489+0000] {dagbag.py:588} INFO - Filling up the DagBag from /home/airflow/.local/lib/python3.12/site-packages/airflow/example_dags/example_dataset_alias.py
[2024-11-24T20:40:17.168+0000] {processor.py:925} INFO - DAG(s) 'dataset_s3_bucket_producer', 'dataset_alias_example_alias_producer', 'dataset_alias_example_alias_consumer', 'dataset_s3_bucket_consumer' retrieved from /home/airflow/.local/lib/python3.12/site-packages/airflow/example_dags/example_dataset_alias.py
[2024-11-24T20:40:17.196+0000] {logging_mixin.py:190} INFO - [2024-11-24T20:40:17.195+0000] {dag.py:3239} INFO - Sync 4 DAGs
[2024-11-24T20:40:17.221+0000] {logging_mixin.py:190} INFO - [2024-11-24T20:40:17.221+0000] {dag.py:4180} INFO - Setting next_dagrun for dataset_alias_example_alias_consumer to None, run_after=None
[2024-11-24T20:40:17.225+0000] {logging_mixin.py:190} INFO - [2024-11-24T20:40:17.224+0000] {dag.py:4180} INFO - Setting next_dagrun for dataset_alias_example_alias_producer to None, run_after=None
[2024-11-24T20:40:17.227+0000] {logging_mixin.py:190} INFO - [2024-11-24T20:40:17.227+0000] {dag.py:4180} INFO - Setting next_dagrun for dataset_s3_bucket_consumer to None, run_after=None
[2024-11-24T20:40:17.229+0000] {logging_mixin.py:190} INFO - [2024-11-24T20:40:17.229+0000] {dag.py:4180} INFO - Setting next_dagrun for dataset_s3_bucket_producer to None, run_after=None
[2024-11-24T20:40:17.409+0000] {processor.py:208} INFO - Processing /home/airflow/.local/lib/python3.12/site-packages/airflow/example_dags/example_dataset_alias.py took 0.930 seconds
[2024-11-24T20:40:47.857+0000] {processor.py:186} INFO - Started process (PID=735) to work on /home/airflow/.local/lib/python3.12/site-packages/airflow/example_dags/example_dataset_alias.py
[2024-11-24T20:40:47.939+0000] {processor.py:914} INFO - Processing file /home/airflow/.local/lib/python3.12/site-packages/airflow/example_dags/example_dataset_alias.py for tasks to queue
[2024-11-24T20:40:47.942+0000] {logging_mixin.py:190} INFO - [2024-11-24T20:40:47.942+0000] {dagbag.py:588} INFO - Filling up the DagBag from /home/airflow/.local/lib/python3.12/site-packages/airflow/example_dags/example_dataset_alias.py
[2024-11-24T20:40:49.104+0000] {processor.py:925} INFO - DAG(s) 'dataset_alias_example_alias_producer', 'dataset_s3_bucket_consumer', 'dataset_s3_bucket_producer', 'dataset_alias_example_alias_consumer' retrieved from /home/airflow/.local/lib/python3.12/site-packages/airflow/example_dags/example_dataset_alias.py
[2024-11-24T20:40:49.172+0000] {logging_mixin.py:190} INFO - [2024-11-24T20:40:49.170+0000] {dag.py:3239} INFO - Sync 4 DAGs
[2024-11-24T20:40:49.244+0000] {logging_mixin.py:190} INFO - [2024-11-24T20:40:49.243+0000] {dag.py:4180} INFO - Setting next_dagrun for dataset_alias_example_alias_consumer to None, run_after=None
[2024-11-24T20:40:49.251+0000] {logging_mixin.py:190} INFO - [2024-11-24T20:40:49.251+0000] {dag.py:4180} INFO - Setting next_dagrun for dataset_alias_example_alias_producer to None, run_after=None
[2024-11-24T20:40:49.254+0000] {logging_mixin.py:190} INFO - [2024-11-24T20:40:49.254+0000] {dag.py:4180} INFO - Setting next_dagrun for dataset_s3_bucket_consumer to None, run_after=None
[2024-11-24T20:40:49.256+0000] {logging_mixin.py:190} INFO - [2024-11-24T20:40:49.256+0000] {dag.py:4180} INFO - Setting next_dagrun for dataset_s3_bucket_producer to None, run_after=None
[2024-11-24T20:40:49.425+0000] {processor.py:208} INFO - Processing /home/airflow/.local/lib/python3.12/site-packages/airflow/example_dags/example_dataset_alias.py took 1.575 seconds
[2024-11-24T20:41:20.338+0000] {processor.py:186} INFO - Started process (PID=807) to work on /home/airflow/.local/lib/python3.12/site-packages/airflow/example_dags/example_dataset_alias.py
[2024-11-24T20:41:20.339+0000] {processor.py:914} INFO - Processing file /home/airflow/.local/lib/python3.12/site-packages/airflow/example_dags/example_dataset_alias.py for tasks to queue
[2024-11-24T20:41:20.343+0000] {logging_mixin.py:190} INFO - [2024-11-24T20:41:20.342+0000] {dagbag.py:588} INFO - Filling up the DagBag from /home/airflow/.local/lib/python3.12/site-packages/airflow/example_dags/example_dataset_alias.py
[2024-11-24T20:41:21.047+0000] {processor.py:925} INFO - DAG(s) 'dataset_alias_example_alias_consumer', 'dataset_alias_example_alias_producer', 'dataset_s3_bucket_producer', 'dataset_s3_bucket_consumer' retrieved from /home/airflow/.local/lib/python3.12/site-packages/airflow/example_dags/example_dataset_alias.py
[2024-11-24T20:41:21.072+0000] {logging_mixin.py:190} INFO - [2024-11-24T20:41:21.072+0000] {dag.py:3239} INFO - Sync 4 DAGs
[2024-11-24T20:41:21.098+0000] {logging_mixin.py:190} INFO - [2024-11-24T20:41:21.097+0000] {dag.py:4180} INFO - Setting next_dagrun for dataset_alias_example_alias_consumer to None, run_after=None
[2024-11-24T20:41:21.103+0000] {logging_mixin.py:190} INFO - [2024-11-24T20:41:21.103+0000] {dag.py:4180} INFO - Setting next_dagrun for dataset_alias_example_alias_producer to None, run_after=None
[2024-11-24T20:41:21.105+0000] {logging_mixin.py:190} INFO - [2024-11-24T20:41:21.105+0000] {dag.py:4180} INFO - Setting next_dagrun for dataset_s3_bucket_consumer to None, run_after=None
[2024-11-24T20:41:21.108+0000] {logging_mixin.py:190} INFO - [2024-11-24T20:41:21.107+0000] {dag.py:4180} INFO - Setting next_dagrun for dataset_s3_bucket_producer to None, run_after=None
[2024-11-24T20:41:21.190+0000] {processor.py:208} INFO - Processing /home/airflow/.local/lib/python3.12/site-packages/airflow/example_dags/example_dataset_alias.py took 0.859 seconds
[2024-11-24T20:41:51.989+0000] {processor.py:186} INFO - Started process (PID=879) to work on /home/airflow/.local/lib/python3.12/site-packages/airflow/example_dags/example_dataset_alias.py
[2024-11-24T20:41:51.990+0000] {processor.py:914} INFO - Processing file /home/airflow/.local/lib/python3.12/site-packages/airflow/example_dags/example_dataset_alias.py for tasks to queue
[2024-11-24T20:41:51.994+0000] {logging_mixin.py:190} INFO - [2024-11-24T20:41:51.993+0000] {dagbag.py:588} INFO - Filling up the DagBag from /home/airflow/.local/lib/python3.12/site-packages/airflow/example_dags/example_dataset_alias.py
[2024-11-24T20:41:52.759+0000] {processor.py:925} INFO - DAG(s) 'dataset_s3_bucket_producer', 'dataset_alias_example_alias_consumer', 'dataset_alias_example_alias_producer', 'dataset_s3_bucket_consumer' retrieved from /home/airflow/.local/lib/python3.12/site-packages/airflow/example_dags/example_dataset_alias.py
[2024-11-24T20:41:52.785+0000] {logging_mixin.py:190} INFO - [2024-11-24T20:41:52.784+0000] {dag.py:3239} INFO - Sync 4 DAGs
[2024-11-24T20:41:52.810+0000] {logging_mixin.py:190} INFO - [2024-11-24T20:41:52.810+0000] {dag.py:4180} INFO - Setting next_dagrun for dataset_alias_example_alias_consumer to None, run_after=None
[2024-11-24T20:41:52.814+0000] {logging_mixin.py:190} INFO - [2024-11-24T20:41:52.814+0000] {dag.py:4180} INFO - Setting next_dagrun for dataset_alias_example_alias_producer to None, run_after=None
[2024-11-24T20:41:52.817+0000] {logging_mixin.py:190} INFO - [2024-11-24T20:41:52.816+0000] {dag.py:4180} INFO - Setting next_dagrun for dataset_s3_bucket_consumer to None, run_after=None
[2024-11-24T20:41:52.818+0000] {logging_mixin.py:190} INFO - [2024-11-24T20:41:52.818+0000] {dag.py:4180} INFO - Setting next_dagrun for dataset_s3_bucket_producer to None, run_after=None
[2024-11-24T20:41:53.998+0000] {processor.py:208} INFO - Processing /home/airflow/.local/lib/python3.12/site-packages/airflow/example_dags/example_dataset_alias.py took 2.017 seconds
[2024-11-24T20:42:24.836+0000] {processor.py:186} INFO - Started process (PID=951) to work on /home/airflow/.local/lib/python3.12/site-packages/airflow/example_dags/example_dataset_alias.py
[2024-11-24T20:42:24.837+0000] {processor.py:914} INFO - Processing file /home/airflow/.local/lib/python3.12/site-packages/airflow/example_dags/example_dataset_alias.py for tasks to queue
[2024-11-24T20:42:24.840+0000] {logging_mixin.py:190} INFO - [2024-11-24T20:42:24.840+0000] {dagbag.py:588} INFO - Filling up the DagBag from /home/airflow/.local/lib/python3.12/site-packages/airflow/example_dags/example_dataset_alias.py
[2024-11-24T20:42:25.582+0000] {processor.py:925} INFO - DAG(s) 'dataset_alias_example_alias_consumer', 'dataset_alias_example_alias_producer', 'dataset_s3_bucket_consumer', 'dataset_s3_bucket_producer' retrieved from /home/airflow/.local/lib/python3.12/site-packages/airflow/example_dags/example_dataset_alias.py
[2024-11-24T20:42:25.611+0000] {logging_mixin.py:190} INFO - [2024-11-24T20:42:25.610+0000] {dag.py:3239} INFO - Sync 4 DAGs
[2024-11-24T20:42:25.640+0000] {logging_mixin.py:190} INFO - [2024-11-24T20:42:25.639+0000] {dag.py:4180} INFO - Setting next_dagrun for dataset_alias_example_alias_consumer to None, run_after=None
[2024-11-24T20:42:26.270+0000] {logging_mixin.py:190} INFO - [2024-11-24T20:42:26.269+0000] {dag.py:4180} INFO - Setting next_dagrun for dataset_alias_example_alias_producer to None, run_after=None
[2024-11-24T20:42:26.273+0000] {logging_mixin.py:190} INFO - [2024-11-24T20:42:26.272+0000] {dag.py:4180} INFO - Setting next_dagrun for dataset_s3_bucket_consumer to None, run_after=None
[2024-11-24T20:42:26.275+0000] {logging_mixin.py:190} INFO - [2024-11-24T20:42:26.274+0000] {dag.py:4180} INFO - Setting next_dagrun for dataset_s3_bucket_producer to None, run_after=None
[2024-11-24T20:42:26.417+0000] {processor.py:208} INFO - Processing /home/airflow/.local/lib/python3.12/site-packages/airflow/example_dags/example_dataset_alias.py took 1.589 seconds
[2024-11-24T20:42:56.563+0000] {processor.py:186} INFO - Started process (PID=1023) to work on /home/airflow/.local/lib/python3.12/site-packages/airflow/example_dags/example_dataset_alias.py
[2024-11-24T20:42:56.564+0000] {processor.py:914} INFO - Processing file /home/airflow/.local/lib/python3.12/site-packages/airflow/example_dags/example_dataset_alias.py for tasks to queue
[2024-11-24T20:42:56.567+0000] {logging_mixin.py:190} INFO - [2024-11-24T20:42:56.567+0000] {dagbag.py:588} INFO - Filling up the DagBag from /home/airflow/.local/lib/python3.12/site-packages/airflow/example_dags/example_dataset_alias.py
[2024-11-24T20:42:57.448+0000] {processor.py:925} INFO - DAG(s) 'dataset_s3_bucket_consumer', 'dataset_s3_bucket_producer', 'dataset_alias_example_alias_consumer', 'dataset_alias_example_alias_producer' retrieved from /home/airflow/.local/lib/python3.12/site-packages/airflow/example_dags/example_dataset_alias.py
[2024-11-24T20:42:57.479+0000] {logging_mixin.py:190} INFO - [2024-11-24T20:42:57.478+0000] {dag.py:3239} INFO - Sync 4 DAGs
[2024-11-24T20:42:57.514+0000] {logging_mixin.py:190} INFO - [2024-11-24T20:42:57.514+0000] {dag.py:4180} INFO - Setting next_dagrun for dataset_alias_example_alias_consumer to None, run_after=None
[2024-11-24T20:42:57.519+0000] {logging_mixin.py:190} INFO - [2024-11-24T20:42:57.518+0000] {dag.py:4180} INFO - Setting next_dagrun for dataset_alias_example_alias_producer to None, run_after=None
[2024-11-24T20:42:57.522+0000] {logging_mixin.py:190} INFO - [2024-11-24T20:42:57.522+0000] {dag.py:4180} INFO - Setting next_dagrun for dataset_s3_bucket_consumer to None, run_after=None
[2024-11-24T20:42:57.525+0000] {logging_mixin.py:190} INFO - [2024-11-24T20:42:57.524+0000] {dag.py:4180} INFO - Setting next_dagrun for dataset_s3_bucket_producer to None, run_after=None
[2024-11-24T20:42:57.614+0000] {processor.py:208} INFO - Processing /home/airflow/.local/lib/python3.12/site-packages/airflow/example_dags/example_dataset_alias.py took 1.059 seconds
[2024-11-24T20:43:27.901+0000] {processor.py:186} INFO - Started process (PID=1101) to work on /home/airflow/.local/lib/python3.12/site-packages/airflow/example_dags/example_dataset_alias.py
[2024-11-24T20:43:27.902+0000] {processor.py:914} INFO - Processing file /home/airflow/.local/lib/python3.12/site-packages/airflow/example_dags/example_dataset_alias.py for tasks to queue
[2024-11-24T20:43:27.905+0000] {logging_mixin.py:190} INFO - [2024-11-24T20:43:27.905+0000] {dagbag.py:588} INFO - Filling up the DagBag from /home/airflow/.local/lib/python3.12/site-packages/airflow/example_dags/example_dataset_alias.py
[2024-11-24T20:43:28.648+0000] {processor.py:925} INFO - DAG(s) 'dataset_alias_example_alias_producer', 'dataset_s3_bucket_producer', 'dataset_alias_example_alias_consumer', 'dataset_s3_bucket_consumer' retrieved from /home/airflow/.local/lib/python3.12/site-packages/airflow/example_dags/example_dataset_alias.py
[2024-11-24T20:43:28.680+0000] {logging_mixin.py:190} INFO - [2024-11-24T20:43:28.680+0000] {dag.py:3239} INFO - Sync 4 DAGs
[2024-11-24T20:43:28.711+0000] {logging_mixin.py:190} INFO - [2024-11-24T20:43:28.711+0000] {dag.py:4180} INFO - Setting next_dagrun for dataset_alias_example_alias_consumer to None, run_after=None
[2024-11-24T20:43:28.714+0000] {logging_mixin.py:190} INFO - [2024-11-24T20:43:28.714+0000] {dag.py:4180} INFO - Setting next_dagrun for dataset_alias_example_alias_producer to None, run_after=None
[2024-11-24T20:43:28.716+0000] {logging_mixin.py:190} INFO - [2024-11-24T20:43:28.716+0000] {dag.py:4180} INFO - Setting next_dagrun for dataset_s3_bucket_consumer to None, run_after=None
[2024-11-24T20:43:28.718+0000] {logging_mixin.py:190} INFO - [2024-11-24T20:43:28.718+0000] {dag.py:4180} INFO - Setting next_dagrun for dataset_s3_bucket_producer to None, run_after=None
[2024-11-24T20:43:29.348+0000] {processor.py:208} INFO - Processing /home/airflow/.local/lib/python3.12/site-packages/airflow/example_dags/example_dataset_alias.py took 1.453 seconds
[2024-11-24T20:44:00.034+0000] {processor.py:186} INFO - Started process (PID=1173) to work on /home/airflow/.local/lib/python3.12/site-packages/airflow/example_dags/example_dataset_alias.py
[2024-11-24T20:44:00.035+0000] {processor.py:914} INFO - Processing file /home/airflow/.local/lib/python3.12/site-packages/airflow/example_dags/example_dataset_alias.py for tasks to queue
[2024-11-24T20:44:00.037+0000] {logging_mixin.py:190} INFO - [2024-11-24T20:44:00.037+0000] {dagbag.py:588} INFO - Filling up the DagBag from /home/airflow/.local/lib/python3.12/site-packages/airflow/example_dags/example_dataset_alias.py
[2024-11-24T20:44:00.829+0000] {processor.py:925} INFO - DAG(s) 'dataset_s3_bucket_consumer', 'dataset_alias_example_alias_producer', 'dataset_alias_example_alias_consumer', 'dataset_s3_bucket_producer' retrieved from /home/airflow/.local/lib/python3.12/site-packages/airflow/example_dags/example_dataset_alias.py
[2024-11-24T20:44:00.860+0000] {logging_mixin.py:190} INFO - [2024-11-24T20:44:00.860+0000] {dag.py:3239} INFO - Sync 4 DAGs
[2024-11-24T20:44:00.889+0000] {logging_mixin.py:190} INFO - [2024-11-24T20:44:00.889+0000] {dag.py:4180} INFO - Setting next_dagrun for dataset_alias_example_alias_consumer to None, run_after=None
[2024-11-24T20:44:00.893+0000] {logging_mixin.py:190} INFO - [2024-11-24T20:44:00.893+0000] {dag.py:4180} INFO - Setting next_dagrun for dataset_alias_example_alias_producer to None, run_after=None
[2024-11-24T20:44:00.896+0000] {logging_mixin.py:190} INFO - [2024-11-24T20:44:00.895+0000] {dag.py:4180} INFO - Setting next_dagrun for dataset_s3_bucket_consumer to None, run_after=None
[2024-11-24T20:44:00.898+0000] {logging_mixin.py:190} INFO - [2024-11-24T20:44:00.898+0000] {dag.py:4180} INFO - Setting next_dagrun for dataset_s3_bucket_producer to None, run_after=None
[2024-11-24T20:44:00.964+0000] {processor.py:208} INFO - Processing /home/airflow/.local/lib/python3.12/site-packages/airflow/example_dags/example_dataset_alias.py took 0.938 seconds
[2024-11-24T21:36:26.446+0000] {processor.py:186} INFO - Started process (PID=1058) to work on /home/airflow/.local/lib/python3.12/site-packages/airflow/example_dags/example_dataset_alias.py
[2024-11-24T21:36:26.499+0000] {processor.py:914} INFO - Processing file /home/airflow/.local/lib/python3.12/site-packages/airflow/example_dags/example_dataset_alias.py for tasks to queue
[2024-11-24T21:36:26.502+0000] {logging_mixin.py:190} INFO - [2024-11-24T21:36:26.502+0000] {dagbag.py:588} INFO - Filling up the DagBag from /home/airflow/.local/lib/python3.12/site-packages/airflow/example_dags/example_dataset_alias.py
[2024-11-24T21:36:28.708+0000] {processor.py:925} INFO - DAG(s) 'dataset_s3_bucket_consumer', 'dataset_alias_example_alias_consumer', 'dataset_alias_example_alias_producer', 'dataset_s3_bucket_producer' retrieved from /home/airflow/.local/lib/python3.12/site-packages/airflow/example_dags/example_dataset_alias.py
[2024-11-24T21:36:28.735+0000] {logging_mixin.py:190} INFO - [2024-11-24T21:36:28.735+0000] {dag.py:3239} INFO - Sync 4 DAGs
[2024-11-24T21:36:28.763+0000] {logging_mixin.py:190} INFO - [2024-11-24T21:36:28.762+0000] {dag.py:4180} INFO - Setting next_dagrun for dataset_alias_example_alias_consumer to None, run_after=None
[2024-11-24T21:36:28.767+0000] {logging_mixin.py:190} INFO - [2024-11-24T21:36:28.767+0000] {dag.py:4180} INFO - Setting next_dagrun for dataset_alias_example_alias_producer to None, run_after=None
[2024-11-24T21:36:28.769+0000] {logging_mixin.py:190} INFO - [2024-11-24T21:36:28.769+0000] {dag.py:4180} INFO - Setting next_dagrun for dataset_s3_bucket_consumer to None, run_after=None
[2024-11-24T21:36:28.772+0000] {logging_mixin.py:190} INFO - [2024-11-24T21:36:28.771+0000] {dag.py:4180} INFO - Setting next_dagrun for dataset_s3_bucket_producer to None, run_after=None
[2024-11-24T21:36:35.415+0000] {processor.py:208} INFO - Processing /home/airflow/.local/lib/python3.12/site-packages/airflow/example_dags/example_dataset_alias.py took 8.976 seconds
[2024-11-24T21:38:41.318+0000] {processor.py:186} INFO - Started process (PID=526) to work on /home/airflow/.local/lib/python3.12/site-packages/airflow/example_dags/example_dataset_alias.py
[2024-11-24T21:38:41.355+0000] {processor.py:914} INFO - Processing file /home/airflow/.local/lib/python3.12/site-packages/airflow/example_dags/example_dataset_alias.py for tasks to queue
[2024-11-24T21:38:41.359+0000] {logging_mixin.py:190} INFO - [2024-11-24T21:38:41.358+0000] {dagbag.py:588} INFO - Filling up the DagBag from /home/airflow/.local/lib/python3.12/site-packages/airflow/example_dags/example_dataset_alias.py
[2024-11-24T21:38:42.209+0000] {processor.py:925} INFO - DAG(s) 'dataset_s3_bucket_producer', 'dataset_s3_bucket_consumer', 'dataset_alias_example_alias_consumer', 'dataset_alias_example_alias_producer' retrieved from /home/airflow/.local/lib/python3.12/site-packages/airflow/example_dags/example_dataset_alias.py
[2024-11-24T21:38:42.234+0000] {logging_mixin.py:190} INFO - [2024-11-24T21:38:42.233+0000] {dag.py:3239} INFO - Sync 4 DAGs
[2024-11-24T21:38:42.261+0000] {logging_mixin.py:190} INFO - [2024-11-24T21:38:42.261+0000] {dag.py:4180} INFO - Setting next_dagrun for dataset_alias_example_alias_consumer to None, run_after=None
[2024-11-24T21:38:42.264+0000] {logging_mixin.py:190} INFO - [2024-11-24T21:38:42.264+0000] {dag.py:4180} INFO - Setting next_dagrun for dataset_alias_example_alias_producer to None, run_after=None
[2024-11-24T21:38:42.269+0000] {logging_mixin.py:190} INFO - [2024-11-24T21:38:42.268+0000] {dag.py:4180} INFO - Setting next_dagrun for dataset_s3_bucket_consumer to None, run_after=None
[2024-11-24T21:38:42.271+0000] {logging_mixin.py:190} INFO - [2024-11-24T21:38:42.271+0000] {dag.py:4180} INFO - Setting next_dagrun for dataset_s3_bucket_producer to None, run_after=None
[2024-11-24T21:38:42.349+0000] {processor.py:208} INFO - Processing /home/airflow/.local/lib/python3.12/site-packages/airflow/example_dags/example_dataset_alias.py took 1.037 seconds
[2024-11-24T21:39:12.669+0000] {processor.py:186} INFO - Started process (PID=598) to work on /home/airflow/.local/lib/python3.12/site-packages/airflow/example_dags/example_dataset_alias.py
[2024-11-24T21:39:12.670+0000] {processor.py:914} INFO - Processing file /home/airflow/.local/lib/python3.12/site-packages/airflow/example_dags/example_dataset_alias.py for tasks to queue
[2024-11-24T21:39:12.672+0000] {logging_mixin.py:190} INFO - [2024-11-24T21:39:12.672+0000] {dagbag.py:588} INFO - Filling up the DagBag from /home/airflow/.local/lib/python3.12/site-packages/airflow/example_dags/example_dataset_alias.py
[2024-11-24T21:39:13.368+0000] {processor.py:925} INFO - DAG(s) 'dataset_alias_example_alias_consumer', 'dataset_alias_example_alias_producer', 'dataset_s3_bucket_consumer', 'dataset_s3_bucket_producer' retrieved from /home/airflow/.local/lib/python3.12/site-packages/airflow/example_dags/example_dataset_alias.py
[2024-11-24T21:39:13.394+0000] {logging_mixin.py:190} INFO - [2024-11-24T21:39:13.393+0000] {dag.py:3239} INFO - Sync 4 DAGs
[2024-11-24T21:39:13.420+0000] {logging_mixin.py:190} INFO - [2024-11-24T21:39:13.420+0000] {dag.py:4180} INFO - Setting next_dagrun for dataset_alias_example_alias_consumer to None, run_after=None
[2024-11-24T21:39:13.423+0000] {logging_mixin.py:190} INFO - [2024-11-24T21:39:13.423+0000] {dag.py:4180} INFO - Setting next_dagrun for dataset_alias_example_alias_producer to None, run_after=None
[2024-11-24T21:39:13.427+0000] {logging_mixin.py:190} INFO - [2024-11-24T21:39:13.427+0000] {dag.py:4180} INFO - Setting next_dagrun for dataset_s3_bucket_consumer to None, run_after=None
[2024-11-24T21:39:13.429+0000] {logging_mixin.py:190} INFO - [2024-11-24T21:39:13.429+0000] {dag.py:4180} INFO - Setting next_dagrun for dataset_s3_bucket_producer to None, run_after=None
[2024-11-24T21:39:13.935+0000] {processor.py:208} INFO - Processing /home/airflow/.local/lib/python3.12/site-packages/airflow/example_dags/example_dataset_alias.py took 1.271 seconds
[2024-11-24T21:39:44.979+0000] {processor.py:186} INFO - Started process (PID=670) to work on /home/airflow/.local/lib/python3.12/site-packages/airflow/example_dags/example_dataset_alias.py
[2024-11-24T21:39:44.980+0000] {processor.py:914} INFO - Processing file /home/airflow/.local/lib/python3.12/site-packages/airflow/example_dags/example_dataset_alias.py for tasks to queue
[2024-11-24T21:39:44.983+0000] {logging_mixin.py:190} INFO - [2024-11-24T21:39:44.983+0000] {dagbag.py:588} INFO - Filling up the DagBag from /home/airflow/.local/lib/python3.12/site-packages/airflow/example_dags/example_dataset_alias.py
[2024-11-24T21:39:45.573+0000] {processor.py:925} INFO - DAG(s) 'dataset_s3_bucket_producer', 'dataset_s3_bucket_consumer', 'dataset_alias_example_alias_consumer', 'dataset_alias_example_alias_producer' retrieved from /home/airflow/.local/lib/python3.12/site-packages/airflow/example_dags/example_dataset_alias.py
[2024-11-24T21:39:45.598+0000] {logging_mixin.py:190} INFO - [2024-11-24T21:39:45.597+0000] {dag.py:3239} INFO - Sync 4 DAGs
[2024-11-24T21:39:45.622+0000] {logging_mixin.py:190} INFO - [2024-11-24T21:39:45.622+0000] {dag.py:4180} INFO - Setting next_dagrun for dataset_alias_example_alias_consumer to None, run_after=None
[2024-11-24T21:39:45.626+0000] {logging_mixin.py:190} INFO - [2024-11-24T21:39:45.625+0000] {dag.py:4180} INFO - Setting next_dagrun for dataset_alias_example_alias_producer to None, run_after=None
[2024-11-24T21:39:45.628+0000] {logging_mixin.py:190} INFO - [2024-11-24T21:39:45.627+0000] {dag.py:4180} INFO - Setting next_dagrun for dataset_s3_bucket_consumer to None, run_after=None
[2024-11-24T21:39:45.629+0000] {logging_mixin.py:190} INFO - [2024-11-24T21:39:45.629+0000] {dag.py:4180} INFO - Setting next_dagrun for dataset_s3_bucket_producer to None, run_after=None
[2024-11-24T21:39:45.686+0000] {processor.py:208} INFO - Processing /home/airflow/.local/lib/python3.12/site-packages/airflow/example_dags/example_dataset_alias.py took 0.713 seconds
[2024-11-24T21:40:16.093+0000] {processor.py:186} INFO - Started process (PID=742) to work on /home/airflow/.local/lib/python3.12/site-packages/airflow/example_dags/example_dataset_alias.py
[2024-11-24T21:40:16.094+0000] {processor.py:914} INFO - Processing file /home/airflow/.local/lib/python3.12/site-packages/airflow/example_dags/example_dataset_alias.py for tasks to queue
[2024-11-24T21:40:16.097+0000] {logging_mixin.py:190} INFO - [2024-11-24T21:40:16.096+0000] {dagbag.py:588} INFO - Filling up the DagBag from /home/airflow/.local/lib/python3.12/site-packages/airflow/example_dags/example_dataset_alias.py
[2024-11-24T21:40:16.664+0000] {processor.py:925} INFO - DAG(s) 'dataset_s3_bucket_consumer', 'dataset_alias_example_alias_consumer', 'dataset_s3_bucket_producer', 'dataset_alias_example_alias_producer' retrieved from /home/airflow/.local/lib/python3.12/site-packages/airflow/example_dags/example_dataset_alias.py
[2024-11-24T21:40:16.688+0000] {logging_mixin.py:190} INFO - [2024-11-24T21:40:16.688+0000] {dag.py:3239} INFO - Sync 4 DAGs
[2024-11-24T21:40:16.711+0000] {logging_mixin.py:190} INFO - [2024-11-24T21:40:16.711+0000] {dag.py:4180} INFO - Setting next_dagrun for dataset_alias_example_alias_consumer to None, run_after=None
[2024-11-24T21:40:16.714+0000] {logging_mixin.py:190} INFO - [2024-11-24T21:40:16.714+0000] {dag.py:4180} INFO - Setting next_dagrun for dataset_alias_example_alias_producer to None, run_after=None
[2024-11-24T21:40:16.716+0000] {logging_mixin.py:190} INFO - [2024-11-24T21:40:16.716+0000] {dag.py:4180} INFO - Setting next_dagrun for dataset_s3_bucket_consumer to None, run_after=None
[2024-11-24T21:40:16.718+0000] {logging_mixin.py:190} INFO - [2024-11-24T21:40:16.718+0000] {dag.py:4180} INFO - Setting next_dagrun for dataset_s3_bucket_producer to None, run_after=None
[2024-11-24T21:40:16.775+0000] {processor.py:208} INFO - Processing /home/airflow/.local/lib/python3.12/site-packages/airflow/example_dags/example_dataset_alias.py took 0.689 seconds
[2024-11-24T21:40:47.763+0000] {processor.py:186} INFO - Started process (PID=814) to work on /home/airflow/.local/lib/python3.12/site-packages/airflow/example_dags/example_dataset_alias.py
[2024-11-24T21:40:47.765+0000] {processor.py:914} INFO - Processing file /home/airflow/.local/lib/python3.12/site-packages/airflow/example_dags/example_dataset_alias.py for tasks to queue
[2024-11-24T21:40:47.768+0000] {logging_mixin.py:190} INFO - [2024-11-24T21:40:47.767+0000] {dagbag.py:588} INFO - Filling up the DagBag from /home/airflow/.local/lib/python3.12/site-packages/airflow/example_dags/example_dataset_alias.py
[2024-11-24T21:40:48.340+0000] {processor.py:925} INFO - DAG(s) 'dataset_s3_bucket_producer', 'dataset_s3_bucket_consumer', 'dataset_alias_example_alias_producer', 'dataset_alias_example_alias_consumer' retrieved from /home/airflow/.local/lib/python3.12/site-packages/airflow/example_dags/example_dataset_alias.py
[2024-11-24T21:40:48.364+0000] {logging_mixin.py:190} INFO - [2024-11-24T21:40:48.363+0000] {dag.py:3239} INFO - Sync 4 DAGs
[2024-11-24T21:40:48.388+0000] {logging_mixin.py:190} INFO - [2024-11-24T21:40:48.388+0000] {dag.py:4180} INFO - Setting next_dagrun for dataset_alias_example_alias_consumer to None, run_after=None
[2024-11-24T21:40:48.391+0000] {logging_mixin.py:190} INFO - [2024-11-24T21:40:48.391+0000] {dag.py:4180} INFO - Setting next_dagrun for dataset_alias_example_alias_producer to None, run_after=None
[2024-11-24T21:40:48.393+0000] {logging_mixin.py:190} INFO - [2024-11-24T21:40:48.392+0000] {dag.py:4180} INFO - Setting next_dagrun for dataset_s3_bucket_consumer to None, run_after=None
[2024-11-24T21:40:48.394+0000] {logging_mixin.py:190} INFO - [2024-11-24T21:40:48.394+0000] {dag.py:4180} INFO - Setting next_dagrun for dataset_s3_bucket_producer to None, run_after=None
[2024-11-24T21:40:48.796+0000] {processor.py:208} INFO - Processing /home/airflow/.local/lib/python3.12/site-packages/airflow/example_dags/example_dataset_alias.py took 1.040 seconds
[2024-11-24T21:41:19.181+0000] {processor.py:186} INFO - Started process (PID=886) to work on /home/airflow/.local/lib/python3.12/site-packages/airflow/example_dags/example_dataset_alias.py
[2024-11-24T21:41:19.182+0000] {processor.py:914} INFO - Processing file /home/airflow/.local/lib/python3.12/site-packages/airflow/example_dags/example_dataset_alias.py for tasks to queue
[2024-11-24T21:41:19.184+0000] {logging_mixin.py:190} INFO - [2024-11-24T21:41:19.184+0000] {dagbag.py:588} INFO - Filling up the DagBag from /home/airflow/.local/lib/python3.12/site-packages/airflow/example_dags/example_dataset_alias.py
[2024-11-24T21:41:19.823+0000] {processor.py:925} INFO - DAG(s) 'dataset_s3_bucket_producer', 'dataset_alias_example_alias_consumer', 'dataset_alias_example_alias_producer', 'dataset_s3_bucket_consumer' retrieved from /home/airflow/.local/lib/python3.12/site-packages/airflow/example_dags/example_dataset_alias.py
[2024-11-24T21:41:19.845+0000] {logging_mixin.py:190} INFO - [2024-11-24T21:41:19.844+0000] {dag.py:3239} INFO - Sync 4 DAGs
[2024-11-24T21:41:19.869+0000] {logging_mixin.py:190} INFO - [2024-11-24T21:41:19.869+0000] {dag.py:4180} INFO - Setting next_dagrun for dataset_alias_example_alias_consumer to None, run_after=None
[2024-11-24T21:41:19.872+0000] {logging_mixin.py:190} INFO - [2024-11-24T21:41:19.872+0000] {dag.py:4180} INFO - Setting next_dagrun for dataset_alias_example_alias_producer to None, run_after=None
[2024-11-24T21:41:19.874+0000] {logging_mixin.py:190} INFO - [2024-11-24T21:41:19.874+0000] {dag.py:4180} INFO - Setting next_dagrun for dataset_s3_bucket_consumer to None, run_after=None
[2024-11-24T21:41:19.876+0000] {logging_mixin.py:190} INFO - [2024-11-24T21:41:19.876+0000] {dag.py:4180} INFO - Setting next_dagrun for dataset_s3_bucket_producer to None, run_after=None
[2024-11-24T21:41:19.933+0000] {processor.py:208} INFO - Processing /home/airflow/.local/lib/python3.12/site-packages/airflow/example_dags/example_dataset_alias.py took 0.759 seconds
[2024-11-24T21:41:50.901+0000] {processor.py:186} INFO - Started process (PID=958) to work on /home/airflow/.local/lib/python3.12/site-packages/airflow/example_dags/example_dataset_alias.py
[2024-11-24T21:41:50.902+0000] {processor.py:914} INFO - Processing file /home/airflow/.local/lib/python3.12/site-packages/airflow/example_dags/example_dataset_alias.py for tasks to queue
[2024-11-24T21:41:50.904+0000] {logging_mixin.py:190} INFO - [2024-11-24T21:41:50.904+0000] {dagbag.py:588} INFO - Filling up the DagBag from /home/airflow/.local/lib/python3.12/site-packages/airflow/example_dags/example_dataset_alias.py
[2024-11-24T21:41:51.522+0000] {processor.py:925} INFO - DAG(s) 'dataset_s3_bucket_producer', 'dataset_s3_bucket_consumer', 'dataset_alias_example_alias_consumer', 'dataset_alias_example_alias_producer' retrieved from /home/airflow/.local/lib/python3.12/site-packages/airflow/example_dags/example_dataset_alias.py
[2024-11-24T21:41:51.545+0000] {logging_mixin.py:190} INFO - [2024-11-24T21:41:51.545+0000] {dag.py:3239} INFO - Sync 4 DAGs
[2024-11-24T21:41:51.573+0000] {logging_mixin.py:190} INFO - [2024-11-24T21:41:51.572+0000] {dag.py:4180} INFO - Setting next_dagrun for dataset_alias_example_alias_consumer to None, run_after=None
[2024-11-24T21:41:51.576+0000] {logging_mixin.py:190} INFO - [2024-11-24T21:41:51.576+0000] {dag.py:4180} INFO - Setting next_dagrun for dataset_alias_example_alias_producer to None, run_after=None
[2024-11-24T21:41:51.579+0000] {logging_mixin.py:190} INFO - [2024-11-24T21:41:51.578+0000] {dag.py:4180} INFO - Setting next_dagrun for dataset_s3_bucket_consumer to None, run_after=None
[2024-11-24T21:41:51.580+0000] {logging_mixin.py:190} INFO - [2024-11-24T21:41:51.580+0000] {dag.py:4180} INFO - Setting next_dagrun for dataset_s3_bucket_producer to None, run_after=None
[2024-11-24T21:41:51.652+0000] {processor.py:208} INFO - Processing /home/airflow/.local/lib/python3.12/site-packages/airflow/example_dags/example_dataset_alias.py took 0.757 seconds
[2024-11-24T21:42:22.357+0000] {processor.py:186} INFO - Started process (PID=1030) to work on /home/airflow/.local/lib/python3.12/site-packages/airflow/example_dags/example_dataset_alias.py
[2024-11-24T21:42:22.358+0000] {processor.py:914} INFO - Processing file /home/airflow/.local/lib/python3.12/site-packages/airflow/example_dags/example_dataset_alias.py for tasks to queue
[2024-11-24T21:42:22.361+0000] {logging_mixin.py:190} INFO - [2024-11-24T21:42:22.360+0000] {dagbag.py:588} INFO - Filling up the DagBag from /home/airflow/.local/lib/python3.12/site-packages/airflow/example_dags/example_dataset_alias.py
[2024-11-24T21:42:23.044+0000] {processor.py:925} INFO - DAG(s) 'dataset_s3_bucket_producer', 'dataset_alias_example_alias_producer', 'dataset_alias_example_alias_consumer', 'dataset_s3_bucket_consumer' retrieved from /home/airflow/.local/lib/python3.12/site-packages/airflow/example_dags/example_dataset_alias.py
[2024-11-24T21:42:23.076+0000] {logging_mixin.py:190} INFO - [2024-11-24T21:42:23.076+0000] {dag.py:3239} INFO - Sync 4 DAGs
[2024-11-24T21:42:23.109+0000] {logging_mixin.py:190} INFO - [2024-11-24T21:42:23.108+0000] {dag.py:4180} INFO - Setting next_dagrun for dataset_alias_example_alias_consumer to None, run_after=None
[2024-11-24T21:42:23.113+0000] {logging_mixin.py:190} INFO - [2024-11-24T21:42:23.112+0000] {dag.py:4180} INFO - Setting next_dagrun for dataset_alias_example_alias_producer to None, run_after=None
[2024-11-24T21:42:23.115+0000] {logging_mixin.py:190} INFO - [2024-11-24T21:42:23.115+0000] {dag.py:4180} INFO - Setting next_dagrun for dataset_s3_bucket_consumer to None, run_after=None
[2024-11-24T21:42:23.117+0000] {logging_mixin.py:190} INFO - [2024-11-24T21:42:23.117+0000] {dag.py:4180} INFO - Setting next_dagrun for dataset_s3_bucket_producer to None, run_after=None
[2024-11-24T21:42:23.239+0000] {processor.py:208} INFO - Processing /home/airflow/.local/lib/python3.12/site-packages/airflow/example_dags/example_dataset_alias.py took 0.889 seconds
[2024-11-24T21:42:55.772+0000] {processor.py:186} INFO - Started process (PID=1103) to work on /home/airflow/.local/lib/python3.12/site-packages/airflow/example_dags/example_dataset_alias.py
[2024-11-24T21:42:55.774+0000] {processor.py:914} INFO - Processing file /home/airflow/.local/lib/python3.12/site-packages/airflow/example_dags/example_dataset_alias.py for tasks to queue
[2024-11-24T21:42:55.778+0000] {logging_mixin.py:190} INFO - [2024-11-24T21:42:55.777+0000] {dagbag.py:588} INFO - Filling up the DagBag from /home/airflow/.local/lib/python3.12/site-packages/airflow/example_dags/example_dataset_alias.py
[2024-11-24T21:42:56.511+0000] {processor.py:925} INFO - DAG(s) 'dataset_alias_example_alias_consumer', 'dataset_s3_bucket_producer', 'dataset_alias_example_alias_producer', 'dataset_s3_bucket_consumer' retrieved from /home/airflow/.local/lib/python3.12/site-packages/airflow/example_dags/example_dataset_alias.py
[2024-11-24T21:42:56.538+0000] {logging_mixin.py:190} INFO - [2024-11-24T21:42:56.537+0000] {dag.py:3239} INFO - Sync 4 DAGs
[2024-11-24T21:42:56.575+0000] {logging_mixin.py:190} INFO - [2024-11-24T21:42:56.575+0000] {dag.py:4180} INFO - Setting next_dagrun for dataset_alias_example_alias_consumer to None, run_after=None
[2024-11-24T21:42:56.579+0000] {logging_mixin.py:190} INFO - [2024-11-24T21:42:56.579+0000] {dag.py:4180} INFO - Setting next_dagrun for dataset_alias_example_alias_producer to None, run_after=None
[2024-11-24T21:42:56.583+0000] {logging_mixin.py:190} INFO - [2024-11-24T21:42:56.583+0000] {dag.py:4180} INFO - Setting next_dagrun for dataset_s3_bucket_consumer to None, run_after=None
[2024-11-24T21:42:56.587+0000] {logging_mixin.py:190} INFO - [2024-11-24T21:42:56.587+0000] {dag.py:4180} INFO - Setting next_dagrun for dataset_s3_bucket_producer to None, run_after=None
[2024-11-24T21:42:56.723+0000] {processor.py:208} INFO - Processing /home/airflow/.local/lib/python3.12/site-packages/airflow/example_dags/example_dataset_alias.py took 0.957 seconds
[2024-11-24T21:43:26.904+0000] {processor.py:186} INFO - Started process (PID=1178) to work on /home/airflow/.local/lib/python3.12/site-packages/airflow/example_dags/example_dataset_alias.py
[2024-11-24T21:43:26.906+0000] {processor.py:914} INFO - Processing file /home/airflow/.local/lib/python3.12/site-packages/airflow/example_dags/example_dataset_alias.py for tasks to queue
[2024-11-24T21:43:26.909+0000] {logging_mixin.py:190} INFO - [2024-11-24T21:43:26.908+0000] {dagbag.py:588} INFO - Filling up the DagBag from /home/airflow/.local/lib/python3.12/site-packages/airflow/example_dags/example_dataset_alias.py
[2024-11-24T21:43:27.559+0000] {processor.py:925} INFO - DAG(s) 'dataset_s3_bucket_producer', 'dataset_s3_bucket_consumer', 'dataset_alias_example_alias_consumer', 'dataset_alias_example_alias_producer' retrieved from /home/airflow/.local/lib/python3.12/site-packages/airflow/example_dags/example_dataset_alias.py
[2024-11-24T21:43:27.589+0000] {logging_mixin.py:190} INFO - [2024-11-24T21:43:27.589+0000] {dag.py:3239} INFO - Sync 4 DAGs
[2024-11-24T21:43:27.617+0000] {logging_mixin.py:190} INFO - [2024-11-24T21:43:27.617+0000] {dag.py:4180} INFO - Setting next_dagrun for dataset_alias_example_alias_consumer to None, run_after=None
[2024-11-24T21:43:27.621+0000] {logging_mixin.py:190} INFO - [2024-11-24T21:43:27.621+0000] {dag.py:4180} INFO - Setting next_dagrun for dataset_alias_example_alias_producer to None, run_after=None
[2024-11-24T21:43:27.624+0000] {logging_mixin.py:190} INFO - [2024-11-24T21:43:27.623+0000] {dag.py:4180} INFO - Setting next_dagrun for dataset_s3_bucket_consumer to None, run_after=None
[2024-11-24T21:43:27.626+0000] {logging_mixin.py:190} INFO - [2024-11-24T21:43:27.626+0000] {dag.py:4180} INFO - Setting next_dagrun for dataset_s3_bucket_producer to None, run_after=None
[2024-11-24T21:43:27.682+0000] {processor.py:208} INFO - Processing /home/airflow/.local/lib/python3.12/site-packages/airflow/example_dags/example_dataset_alias.py took 0.784 seconds
[2024-11-24T21:43:58.167+0000] {processor.py:186} INFO - Started process (PID=1251) to work on /home/airflow/.local/lib/python3.12/site-packages/airflow/example_dags/example_dataset_alias.py
[2024-11-24T21:43:58.169+0000] {processor.py:914} INFO - Processing file /home/airflow/.local/lib/python3.12/site-packages/airflow/example_dags/example_dataset_alias.py for tasks to queue
[2024-11-24T21:43:58.171+0000] {logging_mixin.py:190} INFO - [2024-11-24T21:43:58.171+0000] {dagbag.py:588} INFO - Filling up the DagBag from /home/airflow/.local/lib/python3.12/site-packages/airflow/example_dags/example_dataset_alias.py
[2024-11-24T21:43:58.888+0000] {processor.py:925} INFO - DAG(s) 'dataset_s3_bucket_producer', 'dataset_alias_example_alias_producer', 'dataset_s3_bucket_consumer', 'dataset_alias_example_alias_consumer' retrieved from /home/airflow/.local/lib/python3.12/site-packages/airflow/example_dags/example_dataset_alias.py
[2024-11-24T21:43:58.914+0000] {logging_mixin.py:190} INFO - [2024-11-24T21:43:58.913+0000] {dag.py:3239} INFO - Sync 4 DAGs
[2024-11-24T21:43:58.943+0000] {logging_mixin.py:190} INFO - [2024-11-24T21:43:58.943+0000] {dag.py:4180} INFO - Setting next_dagrun for dataset_alias_example_alias_consumer to None, run_after=None
[2024-11-24T21:43:58.947+0000] {logging_mixin.py:190} INFO - [2024-11-24T21:43:58.947+0000] {dag.py:4180} INFO - Setting next_dagrun for dataset_alias_example_alias_producer to None, run_after=None
[2024-11-24T21:43:58.949+0000] {logging_mixin.py:190} INFO - [2024-11-24T21:43:58.949+0000] {dag.py:4180} INFO - Setting next_dagrun for dataset_s3_bucket_consumer to None, run_after=None
[2024-11-24T21:43:58.951+0000] {logging_mixin.py:190} INFO - [2024-11-24T21:43:58.951+0000] {dag.py:4180} INFO - Setting next_dagrun for dataset_s3_bucket_producer to None, run_after=None
[2024-11-24T21:43:59.011+0000] {processor.py:208} INFO - Processing /home/airflow/.local/lib/python3.12/site-packages/airflow/example_dags/example_dataset_alias.py took 0.849 seconds
[2024-11-24T21:44:29.693+0000] {processor.py:186} INFO - Started process (PID=1324) to work on /home/airflow/.local/lib/python3.12/site-packages/airflow/example_dags/example_dataset_alias.py
[2024-11-24T21:44:29.694+0000] {processor.py:914} INFO - Processing file /home/airflow/.local/lib/python3.12/site-packages/airflow/example_dags/example_dataset_alias.py for tasks to queue
[2024-11-24T21:44:29.697+0000] {logging_mixin.py:190} INFO - [2024-11-24T21:44:29.697+0000] {dagbag.py:588} INFO - Filling up the DagBag from /home/airflow/.local/lib/python3.12/site-packages/airflow/example_dags/example_dataset_alias.py
[2024-11-24T21:44:30.349+0000] {processor.py:925} INFO - DAG(s) 'dataset_s3_bucket_producer', 'dataset_alias_example_alias_consumer', 'dataset_s3_bucket_consumer', 'dataset_alias_example_alias_producer' retrieved from /home/airflow/.local/lib/python3.12/site-packages/airflow/example_dags/example_dataset_alias.py
[2024-11-24T21:44:30.373+0000] {logging_mixin.py:190} INFO - [2024-11-24T21:44:30.372+0000] {dag.py:3239} INFO - Sync 4 DAGs
[2024-11-24T21:44:30.398+0000] {logging_mixin.py:190} INFO - [2024-11-24T21:44:30.398+0000] {dag.py:4180} INFO - Setting next_dagrun for dataset_alias_example_alias_consumer to None, run_after=None
[2024-11-24T21:44:30.401+0000] {logging_mixin.py:190} INFO - [2024-11-24T21:44:30.401+0000] {dag.py:4180} INFO - Setting next_dagrun for dataset_alias_example_alias_producer to None, run_after=None
[2024-11-24T21:44:30.403+0000] {logging_mixin.py:190} INFO - [2024-11-24T21:44:30.403+0000] {dag.py:4180} INFO - Setting next_dagrun for dataset_s3_bucket_consumer to None, run_after=None
[2024-11-24T21:44:30.405+0000] {logging_mixin.py:190} INFO - [2024-11-24T21:44:30.405+0000] {dag.py:4180} INFO - Setting next_dagrun for dataset_s3_bucket_producer to None, run_after=None
[2024-11-24T21:44:30.464+0000] {processor.py:208} INFO - Processing /home/airflow/.local/lib/python3.12/site-packages/airflow/example_dags/example_dataset_alias.py took 0.778 seconds
[2024-11-24T21:45:00.563+0000] {processor.py:186} INFO - Started process (PID=1402) to work on /home/airflow/.local/lib/python3.12/site-packages/airflow/example_dags/example_dataset_alias.py
[2024-11-24T21:45:00.564+0000] {processor.py:914} INFO - Processing file /home/airflow/.local/lib/python3.12/site-packages/airflow/example_dags/example_dataset_alias.py for tasks to queue
[2024-11-24T21:45:00.567+0000] {logging_mixin.py:190} INFO - [2024-11-24T21:45:00.567+0000] {dagbag.py:588} INFO - Filling up the DagBag from /home/airflow/.local/lib/python3.12/site-packages/airflow/example_dags/example_dataset_alias.py
[2024-11-24T21:45:01.237+0000] {processor.py:925} INFO - DAG(s) 'dataset_alias_example_alias_producer', 'dataset_s3_bucket_consumer', 'dataset_s3_bucket_producer', 'dataset_alias_example_alias_consumer' retrieved from /home/airflow/.local/lib/python3.12/site-packages/airflow/example_dags/example_dataset_alias.py
[2024-11-24T21:45:01.262+0000] {logging_mixin.py:190} INFO - [2024-11-24T21:45:01.262+0000] {dag.py:3239} INFO - Sync 4 DAGs
[2024-11-24T21:45:01.290+0000] {logging_mixin.py:190} INFO - [2024-11-24T21:45:01.290+0000] {dag.py:4180} INFO - Setting next_dagrun for dataset_alias_example_alias_consumer to None, run_after=None
[2024-11-24T21:45:01.294+0000] {logging_mixin.py:190} INFO - [2024-11-24T21:45:01.293+0000] {dag.py:4180} INFO - Setting next_dagrun for dataset_alias_example_alias_producer to None, run_after=None
[2024-11-24T21:45:01.298+0000] {logging_mixin.py:190} INFO - [2024-11-24T21:45:01.297+0000] {dag.py:4180} INFO - Setting next_dagrun for dataset_s3_bucket_consumer to None, run_after=None
[2024-11-24T21:45:01.300+0000] {logging_mixin.py:190} INFO - [2024-11-24T21:45:01.299+0000] {dag.py:4180} INFO - Setting next_dagrun for dataset_s3_bucket_producer to None, run_after=None
[2024-11-24T21:45:01.435+0000] {processor.py:208} INFO - Processing /home/airflow/.local/lib/python3.12/site-packages/airflow/example_dags/example_dataset_alias.py took 0.878 seconds
