[2024-11-24T20:36:15.480+0000] {processor.py:186} INFO - Started process (PID=132) to work on /home/airflow/.local/lib/python3.12/site-packages/airflow/example_dags/example_bash_decorator.py
[2024-11-24T20:36:15.481+0000] {processor.py:914} INFO - Processing file /home/airflow/.local/lib/python3.12/site-packages/airflow/example_dags/example_bash_decorator.py for tasks to queue
[2024-11-24T20:36:15.485+0000] {logging_mixin.py:190} INFO - [2024-11-24T20:36:15.484+0000] {dagbag.py:588} INFO - Filling up the DagBag from /home/airflow/.local/lib/python3.12/site-packages/airflow/example_dags/example_bash_decorator.py
[2024-11-24T20:36:15.525+0000] {processor.py:925} INFO - DAG(s) 'example_bash_decorator' retrieved from /home/airflow/.local/lib/python3.12/site-packages/airflow/example_dags/example_bash_decorator.py
[2024-11-24T20:36:15.881+0000] {logging_mixin.py:190} INFO - [2024-11-24T20:36:15.881+0000] {dag.py:3239} INFO - Sync 1 DAGs
[2024-11-24T20:36:15.902+0000] {logging_mixin.py:190} INFO - [2024-11-24T20:36:15.902+0000] {dag.py:4180} INFO - Setting next_dagrun for example_bash_decorator to None, run_after=None
[2024-11-24T20:36:15.996+0000] {processor.py:208} INFO - Processing /home/airflow/.local/lib/python3.12/site-packages/airflow/example_dags/example_bash_decorator.py took 0.526 seconds
[2024-11-24T20:36:56.587+0000] {processor.py:186} INFO - Started process (PID=211) to work on /home/airflow/.local/lib/python3.12/site-packages/airflow/example_dags/example_bash_decorator.py
[2024-11-24T20:36:56.588+0000] {processor.py:914} INFO - Processing file /home/airflow/.local/lib/python3.12/site-packages/airflow/example_dags/example_bash_decorator.py for tasks to queue
[2024-11-24T20:36:56.592+0000] {logging_mixin.py:190} INFO - [2024-11-24T20:36:56.591+0000] {dagbag.py:588} INFO - Filling up the DagBag from /home/airflow/.local/lib/python3.12/site-packages/airflow/example_dags/example_bash_decorator.py
[2024-11-24T20:36:56.617+0000] {processor.py:925} INFO - DAG(s) 'example_bash_decorator' retrieved from /home/airflow/.local/lib/python3.12/site-packages/airflow/example_dags/example_bash_decorator.py
[2024-11-24T20:36:56.652+0000] {logging_mixin.py:190} INFO - [2024-11-24T20:36:56.652+0000] {dag.py:3239} INFO - Sync 1 DAGs
[2024-11-24T20:36:56.679+0000] {logging_mixin.py:190} INFO - [2024-11-24T20:36:56.678+0000] {dag.py:4180} INFO - Setting next_dagrun for example_bash_decorator to None, run_after=None
[2024-11-24T20:36:56.796+0000] {processor.py:208} INFO - Processing /home/airflow/.local/lib/python3.12/site-packages/airflow/example_dags/example_bash_decorator.py took 0.220 seconds
[2024-11-24T20:37:34.158+0000] {processor.py:186} INFO - Started process (PID=282) to work on /home/airflow/.local/lib/python3.12/site-packages/airflow/example_dags/example_bash_decorator.py
[2024-11-24T20:37:34.160+0000] {processor.py:914} INFO - Processing file /home/airflow/.local/lib/python3.12/site-packages/airflow/example_dags/example_bash_decorator.py for tasks to queue
[2024-11-24T20:37:34.165+0000] {logging_mixin.py:190} INFO - [2024-11-24T20:37:34.165+0000] {dagbag.py:588} INFO - Filling up the DagBag from /home/airflow/.local/lib/python3.12/site-packages/airflow/example_dags/example_bash_decorator.py
[2024-11-24T20:37:34.194+0000] {processor.py:925} INFO - DAG(s) 'example_bash_decorator' retrieved from /home/airflow/.local/lib/python3.12/site-packages/airflow/example_dags/example_bash_decorator.py
[2024-11-24T20:37:34.237+0000] {logging_mixin.py:190} INFO - [2024-11-24T20:37:34.236+0000] {dag.py:3239} INFO - Sync 1 DAGs
[2024-11-24T20:37:34.264+0000] {logging_mixin.py:190} INFO - [2024-11-24T20:37:34.263+0000] {dag.py:4180} INFO - Setting next_dagrun for example_bash_decorator to None, run_after=None
[2024-11-24T20:37:35.414+0000] {processor.py:208} INFO - Processing /home/airflow/.local/lib/python3.12/site-packages/airflow/example_dags/example_bash_decorator.py took 1.267 seconds
[2024-11-24T20:38:05.930+0000] {processor.py:186} INFO - Started process (PID=354) to work on /home/airflow/.local/lib/python3.12/site-packages/airflow/example_dags/example_bash_decorator.py
[2024-11-24T20:38:05.932+0000] {processor.py:914} INFO - Processing file /home/airflow/.local/lib/python3.12/site-packages/airflow/example_dags/example_bash_decorator.py for tasks to queue
[2024-11-24T20:38:05.936+0000] {logging_mixin.py:190} INFO - [2024-11-24T20:38:05.936+0000] {dagbag.py:588} INFO - Filling up the DagBag from /home/airflow/.local/lib/python3.12/site-packages/airflow/example_dags/example_bash_decorator.py
[2024-11-24T20:38:05.955+0000] {processor.py:925} INFO - DAG(s) 'example_bash_decorator' retrieved from /home/airflow/.local/lib/python3.12/site-packages/airflow/example_dags/example_bash_decorator.py
[2024-11-24T20:38:05.983+0000] {logging_mixin.py:190} INFO - [2024-11-24T20:38:05.982+0000] {dag.py:3239} INFO - Sync 1 DAGs
[2024-11-24T20:38:06.005+0000] {logging_mixin.py:190} INFO - [2024-11-24T20:38:06.005+0000] {dag.py:4180} INFO - Setting next_dagrun for example_bash_decorator to None, run_after=None
[2024-11-24T20:38:06.168+0000] {processor.py:208} INFO - Processing /home/airflow/.local/lib/python3.12/site-packages/airflow/example_dags/example_bash_decorator.py took 0.245 seconds
[2024-11-24T20:38:37.001+0000] {processor.py:186} INFO - Started process (PID=426) to work on /home/airflow/.local/lib/python3.12/site-packages/airflow/example_dags/example_bash_decorator.py
[2024-11-24T20:38:37.003+0000] {processor.py:914} INFO - Processing file /home/airflow/.local/lib/python3.12/site-packages/airflow/example_dags/example_bash_decorator.py for tasks to queue
[2024-11-24T20:38:37.005+0000] {logging_mixin.py:190} INFO - [2024-11-24T20:38:37.005+0000] {dagbag.py:588} INFO - Filling up the DagBag from /home/airflow/.local/lib/python3.12/site-packages/airflow/example_dags/example_bash_decorator.py
[2024-11-24T20:38:37.023+0000] {processor.py:925} INFO - DAG(s) 'example_bash_decorator' retrieved from /home/airflow/.local/lib/python3.12/site-packages/airflow/example_dags/example_bash_decorator.py
[2024-11-24T20:38:37.052+0000] {logging_mixin.py:190} INFO - [2024-11-24T20:38:37.052+0000] {dag.py:3239} INFO - Sync 1 DAGs
[2024-11-24T20:38:37.067+0000] {logging_mixin.py:190} INFO - [2024-11-24T20:38:37.067+0000] {dag.py:4180} INFO - Setting next_dagrun for example_bash_decorator to None, run_after=None
[2024-11-24T20:38:37.114+0000] {processor.py:208} INFO - Processing /home/airflow/.local/lib/python3.12/site-packages/airflow/example_dags/example_bash_decorator.py took 0.119 seconds
[2024-11-24T20:39:09.037+0000] {processor.py:186} INFO - Started process (PID=498) to work on /home/airflow/.local/lib/python3.12/site-packages/airflow/example_dags/example_bash_decorator.py
[2024-11-24T20:39:09.038+0000] {processor.py:914} INFO - Processing file /home/airflow/.local/lib/python3.12/site-packages/airflow/example_dags/example_bash_decorator.py for tasks to queue
[2024-11-24T20:39:09.041+0000] {logging_mixin.py:190} INFO - [2024-11-24T20:39:09.040+0000] {dagbag.py:588} INFO - Filling up the DagBag from /home/airflow/.local/lib/python3.12/site-packages/airflow/example_dags/example_bash_decorator.py
[2024-11-24T20:39:09.062+0000] {processor.py:925} INFO - DAG(s) 'example_bash_decorator' retrieved from /home/airflow/.local/lib/python3.12/site-packages/airflow/example_dags/example_bash_decorator.py
[2024-11-24T20:39:09.090+0000] {logging_mixin.py:190} INFO - [2024-11-24T20:39:09.090+0000] {dag.py:3239} INFO - Sync 1 DAGs
[2024-11-24T20:39:09.107+0000] {logging_mixin.py:190} INFO - [2024-11-24T20:39:09.107+0000] {dag.py:4180} INFO - Setting next_dagrun for example_bash_decorator to None, run_after=None
[2024-11-24T20:39:09.161+0000] {processor.py:208} INFO - Processing /home/airflow/.local/lib/python3.12/site-packages/airflow/example_dags/example_bash_decorator.py took 0.130 seconds
[2024-11-24T20:39:40.330+0000] {processor.py:186} INFO - Started process (PID=569) to work on /home/airflow/.local/lib/python3.12/site-packages/airflow/example_dags/example_bash_decorator.py
[2024-11-24T20:39:40.331+0000] {processor.py:914} INFO - Processing file /home/airflow/.local/lib/python3.12/site-packages/airflow/example_dags/example_bash_decorator.py for tasks to queue
[2024-11-24T20:39:40.334+0000] {logging_mixin.py:190} INFO - [2024-11-24T20:39:40.334+0000] {dagbag.py:588} INFO - Filling up the DagBag from /home/airflow/.local/lib/python3.12/site-packages/airflow/example_dags/example_bash_decorator.py
[2024-11-24T20:39:40.354+0000] {processor.py:925} INFO - DAG(s) 'example_bash_decorator' retrieved from /home/airflow/.local/lib/python3.12/site-packages/airflow/example_dags/example_bash_decorator.py
[2024-11-24T20:39:40.383+0000] {logging_mixin.py:190} INFO - [2024-11-24T20:39:40.383+0000] {dag.py:3239} INFO - Sync 1 DAGs
[2024-11-24T20:39:40.400+0000] {logging_mixin.py:190} INFO - [2024-11-24T20:39:40.400+0000] {dag.py:4180} INFO - Setting next_dagrun for example_bash_decorator to None, run_after=None
[2024-11-24T20:39:40.452+0000] {processor.py:208} INFO - Processing /home/airflow/.local/lib/python3.12/site-packages/airflow/example_dags/example_bash_decorator.py took 0.131 seconds
[2024-11-24T20:40:10.664+0000] {processor.py:186} INFO - Started process (PID=641) to work on /home/airflow/.local/lib/python3.12/site-packages/airflow/example_dags/example_bash_decorator.py
[2024-11-24T20:40:10.666+0000] {processor.py:914} INFO - Processing file /home/airflow/.local/lib/python3.12/site-packages/airflow/example_dags/example_bash_decorator.py for tasks to queue
[2024-11-24T20:40:10.668+0000] {logging_mixin.py:190} INFO - [2024-11-24T20:40:10.668+0000] {dagbag.py:588} INFO - Filling up the DagBag from /home/airflow/.local/lib/python3.12/site-packages/airflow/example_dags/example_bash_decorator.py
[2024-11-24T20:40:10.685+0000] {processor.py:925} INFO - DAG(s) 'example_bash_decorator' retrieved from /home/airflow/.local/lib/python3.12/site-packages/airflow/example_dags/example_bash_decorator.py
[2024-11-24T20:40:10.711+0000] {logging_mixin.py:190} INFO - [2024-11-24T20:40:10.711+0000] {dag.py:3239} INFO - Sync 1 DAGs
[2024-11-24T20:40:10.727+0000] {logging_mixin.py:190} INFO - [2024-11-24T20:40:10.726+0000] {dag.py:4180} INFO - Setting next_dagrun for example_bash_decorator to None, run_after=None
[2024-11-24T20:40:10.805+0000] {processor.py:208} INFO - Processing /home/airflow/.local/lib/python3.12/site-packages/airflow/example_dags/example_bash_decorator.py took 0.147 seconds
[2024-11-24T20:40:41.219+0000] {processor.py:186} INFO - Started process (PID=704) to work on /home/airflow/.local/lib/python3.12/site-packages/airflow/example_dags/example_bash_decorator.py
[2024-11-24T20:40:41.220+0000] {processor.py:914} INFO - Processing file /home/airflow/.local/lib/python3.12/site-packages/airflow/example_dags/example_bash_decorator.py for tasks to queue
[2024-11-24T20:40:41.223+0000] {logging_mixin.py:190} INFO - [2024-11-24T20:40:41.223+0000] {dagbag.py:588} INFO - Filling up the DagBag from /home/airflow/.local/lib/python3.12/site-packages/airflow/example_dags/example_bash_decorator.py
[2024-11-24T20:40:41.241+0000] {processor.py:925} INFO - DAG(s) 'example_bash_decorator' retrieved from /home/airflow/.local/lib/python3.12/site-packages/airflow/example_dags/example_bash_decorator.py
[2024-11-24T20:40:41.272+0000] {logging_mixin.py:190} INFO - [2024-11-24T20:40:41.272+0000] {dag.py:3239} INFO - Sync 1 DAGs
[2024-11-24T20:40:41.292+0000] {logging_mixin.py:190} INFO - [2024-11-24T20:40:41.291+0000] {dag.py:4180} INFO - Setting next_dagrun for example_bash_decorator to None, run_after=None
[2024-11-24T20:40:41.423+0000] {processor.py:208} INFO - Processing /home/airflow/.local/lib/python3.12/site-packages/airflow/example_dags/example_bash_decorator.py took 0.212 seconds
[2024-11-24T20:41:11.807+0000] {processor.py:186} INFO - Started process (PID=776) to work on /home/airflow/.local/lib/python3.12/site-packages/airflow/example_dags/example_bash_decorator.py
[2024-11-24T20:41:11.809+0000] {processor.py:914} INFO - Processing file /home/airflow/.local/lib/python3.12/site-packages/airflow/example_dags/example_bash_decorator.py for tasks to queue
[2024-11-24T20:41:11.812+0000] {logging_mixin.py:190} INFO - [2024-11-24T20:41:11.812+0000] {dagbag.py:588} INFO - Filling up the DagBag from /home/airflow/.local/lib/python3.12/site-packages/airflow/example_dags/example_bash_decorator.py
[2024-11-24T20:41:11.835+0000] {processor.py:925} INFO - DAG(s) 'example_bash_decorator' retrieved from /home/airflow/.local/lib/python3.12/site-packages/airflow/example_dags/example_bash_decorator.py
[2024-11-24T20:41:11.870+0000] {logging_mixin.py:190} INFO - [2024-11-24T20:41:11.870+0000] {dag.py:3239} INFO - Sync 1 DAGs
[2024-11-24T20:41:11.892+0000] {logging_mixin.py:190} INFO - [2024-11-24T20:41:11.891+0000] {dag.py:4180} INFO - Setting next_dagrun for example_bash_decorator to None, run_after=None
[2024-11-24T20:41:12.000+0000] {processor.py:208} INFO - Processing /home/airflow/.local/lib/python3.12/site-packages/airflow/example_dags/example_bash_decorator.py took 0.202 seconds
[2024-11-24T20:41:42.543+0000] {processor.py:186} INFO - Started process (PID=848) to work on /home/airflow/.local/lib/python3.12/site-packages/airflow/example_dags/example_bash_decorator.py
[2024-11-24T20:41:42.543+0000] {processor.py:914} INFO - Processing file /home/airflow/.local/lib/python3.12/site-packages/airflow/example_dags/example_bash_decorator.py for tasks to queue
[2024-11-24T20:41:42.546+0000] {logging_mixin.py:190} INFO - [2024-11-24T20:41:42.546+0000] {dagbag.py:588} INFO - Filling up the DagBag from /home/airflow/.local/lib/python3.12/site-packages/airflow/example_dags/example_bash_decorator.py
[2024-11-24T20:41:42.563+0000] {processor.py:925} INFO - DAG(s) 'example_bash_decorator' retrieved from /home/airflow/.local/lib/python3.12/site-packages/airflow/example_dags/example_bash_decorator.py
[2024-11-24T20:41:42.588+0000] {logging_mixin.py:190} INFO - [2024-11-24T20:41:42.588+0000] {dag.py:3239} INFO - Sync 1 DAGs
[2024-11-24T20:41:42.604+0000] {logging_mixin.py:190} INFO - [2024-11-24T20:41:42.603+0000] {dag.py:4180} INFO - Setting next_dagrun for example_bash_decorator to None, run_after=None
[2024-11-24T20:41:42.660+0000] {processor.py:208} INFO - Processing /home/airflow/.local/lib/python3.12/site-packages/airflow/example_dags/example_bash_decorator.py took 0.125 seconds
[2024-11-24T20:42:13.439+0000] {processor.py:186} INFO - Started process (PID=920) to work on /home/airflow/.local/lib/python3.12/site-packages/airflow/example_dags/example_bash_decorator.py
[2024-11-24T20:42:13.440+0000] {processor.py:914} INFO - Processing file /home/airflow/.local/lib/python3.12/site-packages/airflow/example_dags/example_bash_decorator.py for tasks to queue
[2024-11-24T20:42:13.443+0000] {logging_mixin.py:190} INFO - [2024-11-24T20:42:13.443+0000] {dagbag.py:588} INFO - Filling up the DagBag from /home/airflow/.local/lib/python3.12/site-packages/airflow/example_dags/example_bash_decorator.py
[2024-11-24T20:42:13.463+0000] {processor.py:925} INFO - DAG(s) 'example_bash_decorator' retrieved from /home/airflow/.local/lib/python3.12/site-packages/airflow/example_dags/example_bash_decorator.py
[2024-11-24T20:42:13.502+0000] {logging_mixin.py:190} INFO - [2024-11-24T20:42:13.501+0000] {dag.py:3239} INFO - Sync 1 DAGs
[2024-11-24T20:42:13.523+0000] {logging_mixin.py:190} INFO - [2024-11-24T20:42:13.523+0000] {dag.py:4180} INFO - Setting next_dagrun for example_bash_decorator to None, run_after=None
[2024-11-24T20:42:13.584+0000] {processor.py:208} INFO - Processing /home/airflow/.local/lib/python3.12/site-packages/airflow/example_dags/example_bash_decorator.py took 0.155 seconds
[2024-11-24T20:42:44.013+0000] {processor.py:186} INFO - Started process (PID=992) to work on /home/airflow/.local/lib/python3.12/site-packages/airflow/example_dags/example_bash_decorator.py
[2024-11-24T20:42:44.014+0000] {processor.py:914} INFO - Processing file /home/airflow/.local/lib/python3.12/site-packages/airflow/example_dags/example_bash_decorator.py for tasks to queue
[2024-11-24T20:42:44.017+0000] {logging_mixin.py:190} INFO - [2024-11-24T20:42:44.016+0000] {dagbag.py:588} INFO - Filling up the DagBag from /home/airflow/.local/lib/python3.12/site-packages/airflow/example_dags/example_bash_decorator.py
[2024-11-24T20:42:44.034+0000] {processor.py:925} INFO - DAG(s) 'example_bash_decorator' retrieved from /home/airflow/.local/lib/python3.12/site-packages/airflow/example_dags/example_bash_decorator.py
[2024-11-24T20:42:44.062+0000] {logging_mixin.py:190} INFO - [2024-11-24T20:42:44.061+0000] {dag.py:3239} INFO - Sync 1 DAGs
[2024-11-24T20:42:44.078+0000] {logging_mixin.py:190} INFO - [2024-11-24T20:42:44.078+0000] {dag.py:4180} INFO - Setting next_dagrun for example_bash_decorator to None, run_after=None
[2024-11-24T20:42:45.432+0000] {processor.py:208} INFO - Processing /home/airflow/.local/lib/python3.12/site-packages/airflow/example_dags/example_bash_decorator.py took 1.425 seconds
[2024-11-24T20:43:16.252+0000] {processor.py:186} INFO - Started process (PID=1064) to work on /home/airflow/.local/lib/python3.12/site-packages/airflow/example_dags/example_bash_decorator.py
[2024-11-24T20:43:16.253+0000] {processor.py:914} INFO - Processing file /home/airflow/.local/lib/python3.12/site-packages/airflow/example_dags/example_bash_decorator.py for tasks to queue
[2024-11-24T20:43:16.256+0000] {logging_mixin.py:190} INFO - [2024-11-24T20:43:16.256+0000] {dagbag.py:588} INFO - Filling up the DagBag from /home/airflow/.local/lib/python3.12/site-packages/airflow/example_dags/example_bash_decorator.py
[2024-11-24T20:43:16.274+0000] {processor.py:925} INFO - DAG(s) 'example_bash_decorator' retrieved from /home/airflow/.local/lib/python3.12/site-packages/airflow/example_dags/example_bash_decorator.py
[2024-11-24T20:43:16.303+0000] {logging_mixin.py:190} INFO - [2024-11-24T20:43:16.303+0000] {dag.py:3239} INFO - Sync 1 DAGs
[2024-11-24T20:43:16.327+0000] {logging_mixin.py:190} INFO - [2024-11-24T20:43:16.327+0000] {dag.py:4180} INFO - Setting next_dagrun for example_bash_decorator to None, run_after=None
[2024-11-24T20:43:17.694+0000] {processor.py:208} INFO - Processing /home/airflow/.local/lib/python3.12/site-packages/airflow/example_dags/example_bash_decorator.py took 1.448 seconds
[2024-11-24T20:43:48.536+0000] {processor.py:186} INFO - Started process (PID=1136) to work on /home/airflow/.local/lib/python3.12/site-packages/airflow/example_dags/example_bash_decorator.py
[2024-11-24T20:43:48.537+0000] {processor.py:914} INFO - Processing file /home/airflow/.local/lib/python3.12/site-packages/airflow/example_dags/example_bash_decorator.py for tasks to queue
[2024-11-24T20:43:48.539+0000] {logging_mixin.py:190} INFO - [2024-11-24T20:43:48.539+0000] {dagbag.py:588} INFO - Filling up the DagBag from /home/airflow/.local/lib/python3.12/site-packages/airflow/example_dags/example_bash_decorator.py
[2024-11-24T20:43:48.556+0000] {processor.py:925} INFO - DAG(s) 'example_bash_decorator' retrieved from /home/airflow/.local/lib/python3.12/site-packages/airflow/example_dags/example_bash_decorator.py
[2024-11-24T20:43:48.589+0000] {logging_mixin.py:190} INFO - [2024-11-24T20:43:48.588+0000] {dag.py:3239} INFO - Sync 1 DAGs
[2024-11-24T20:43:48.607+0000] {logging_mixin.py:190} INFO - [2024-11-24T20:43:48.607+0000] {dag.py:4180} INFO - Setting next_dagrun for example_bash_decorator to None, run_after=None
[2024-11-24T20:43:48.752+0000] {processor.py:208} INFO - Processing /home/airflow/.local/lib/python3.12/site-packages/airflow/example_dags/example_bash_decorator.py took 0.223 seconds
[2024-11-24T20:44:18.979+0000] {processor.py:186} INFO - Started process (PID=1208) to work on /home/airflow/.local/lib/python3.12/site-packages/airflow/example_dags/example_bash_decorator.py
[2024-11-24T20:44:18.980+0000] {processor.py:914} INFO - Processing file /home/airflow/.local/lib/python3.12/site-packages/airflow/example_dags/example_bash_decorator.py for tasks to queue
[2024-11-24T20:44:18.983+0000] {logging_mixin.py:190} INFO - [2024-11-24T20:44:18.983+0000] {dagbag.py:588} INFO - Filling up the DagBag from /home/airflow/.local/lib/python3.12/site-packages/airflow/example_dags/example_bash_decorator.py
[2024-11-24T20:44:19.002+0000] {processor.py:925} INFO - DAG(s) 'example_bash_decorator' retrieved from /home/airflow/.local/lib/python3.12/site-packages/airflow/example_dags/example_bash_decorator.py
[2024-11-24T20:44:19.045+0000] {logging_mixin.py:190} INFO - [2024-11-24T20:44:19.044+0000] {dag.py:3239} INFO - Sync 1 DAGs
[2024-11-24T20:44:19.068+0000] {logging_mixin.py:190} INFO - [2024-11-24T20:44:19.067+0000] {dag.py:4180} INFO - Setting next_dagrun for example_bash_decorator to None, run_after=None
[2024-11-24T20:44:19.963+0000] {processor.py:208} INFO - Processing /home/airflow/.local/lib/python3.12/site-packages/airflow/example_dags/example_bash_decorator.py took 0.992 seconds
[2024-11-24T21:36:18.434+0000] {processor.py:186} INFO - Started process (PID=1035) to work on /home/airflow/.local/lib/python3.12/site-packages/airflow/example_dags/example_bash_decorator.py
[2024-11-24T21:36:18.463+0000] {processor.py:914} INFO - Processing file /home/airflow/.local/lib/python3.12/site-packages/airflow/example_dags/example_bash_decorator.py for tasks to queue
[2024-11-24T21:36:18.466+0000] {logging_mixin.py:190} INFO - [2024-11-24T21:36:18.466+0000] {dagbag.py:588} INFO - Filling up the DagBag from /home/airflow/.local/lib/python3.12/site-packages/airflow/example_dags/example_bash_decorator.py
[2024-11-24T21:36:18.490+0000] {processor.py:925} INFO - DAG(s) 'example_bash_decorator' retrieved from /home/airflow/.local/lib/python3.12/site-packages/airflow/example_dags/example_bash_decorator.py
[2024-11-24T21:36:18.763+0000] {logging_mixin.py:190} INFO - [2024-11-24T21:36:18.763+0000] {dag.py:3239} INFO - Sync 1 DAGs
[2024-11-24T21:36:18.784+0000] {logging_mixin.py:190} INFO - [2024-11-24T21:36:18.784+0000] {dag.py:4180} INFO - Setting next_dagrun for example_bash_decorator to None, run_after=None
[2024-11-24T21:36:19.205+0000] {processor.py:208} INFO - Processing /home/airflow/.local/lib/python3.12/site-packages/airflow/example_dags/example_bash_decorator.py took 0.777 seconds
[2024-11-24T21:38:38.321+0000] {processor.py:186} INFO - Started process (PID=503) to work on /home/airflow/.local/lib/python3.12/site-packages/airflow/example_dags/example_bash_decorator.py
[2024-11-24T21:38:38.678+0000] {processor.py:914} INFO - Processing file /home/airflow/.local/lib/python3.12/site-packages/airflow/example_dags/example_bash_decorator.py for tasks to queue
[2024-11-24T21:38:38.680+0000] {logging_mixin.py:190} INFO - [2024-11-24T21:38:38.680+0000] {dagbag.py:588} INFO - Filling up the DagBag from /home/airflow/.local/lib/python3.12/site-packages/airflow/example_dags/example_bash_decorator.py
[2024-11-24T21:38:38.697+0000] {processor.py:925} INFO - DAG(s) 'example_bash_decorator' retrieved from /home/airflow/.local/lib/python3.12/site-packages/airflow/example_dags/example_bash_decorator.py
[2024-11-24T21:38:38.915+0000] {logging_mixin.py:190} INFO - [2024-11-24T21:38:38.915+0000] {dag.py:3239} INFO - Sync 1 DAGs
[2024-11-24T21:38:38.929+0000] {logging_mixin.py:190} INFO - [2024-11-24T21:38:38.929+0000] {dag.py:4180} INFO - Setting next_dagrun for example_bash_decorator to None, run_after=None
[2024-11-24T21:38:39.034+0000] {processor.py:208} INFO - Processing /home/airflow/.local/lib/python3.12/site-packages/airflow/example_dags/example_bash_decorator.py took 0.718 seconds
[2024-11-24T21:39:09.658+0000] {processor.py:186} INFO - Started process (PID=568) to work on /home/airflow/.local/lib/python3.12/site-packages/airflow/example_dags/example_bash_decorator.py
[2024-11-24T21:39:09.659+0000] {processor.py:914} INFO - Processing file /home/airflow/.local/lib/python3.12/site-packages/airflow/example_dags/example_bash_decorator.py for tasks to queue
[2024-11-24T21:39:09.661+0000] {logging_mixin.py:190} INFO - [2024-11-24T21:39:09.661+0000] {dagbag.py:588} INFO - Filling up the DagBag from /home/airflow/.local/lib/python3.12/site-packages/airflow/example_dags/example_bash_decorator.py
[2024-11-24T21:39:09.680+0000] {processor.py:925} INFO - DAG(s) 'example_bash_decorator' retrieved from /home/airflow/.local/lib/python3.12/site-packages/airflow/example_dags/example_bash_decorator.py
[2024-11-24T21:39:09.706+0000] {logging_mixin.py:190} INFO - [2024-11-24T21:39:09.706+0000] {dag.py:3239} INFO - Sync 1 DAGs
[2024-11-24T21:39:09.721+0000] {logging_mixin.py:190} INFO - [2024-11-24T21:39:09.721+0000] {dag.py:4180} INFO - Setting next_dagrun for example_bash_decorator to None, run_after=None
[2024-11-24T21:39:10.437+0000] {processor.py:208} INFO - Processing /home/airflow/.local/lib/python3.12/site-packages/airflow/example_dags/example_bash_decorator.py took 0.784 seconds
[2024-11-24T21:39:40.613+0000] {processor.py:186} INFO - Started process (PID=639) to work on /home/airflow/.local/lib/python3.12/site-packages/airflow/example_dags/example_bash_decorator.py
[2024-11-24T21:39:40.614+0000] {processor.py:914} INFO - Processing file /home/airflow/.local/lib/python3.12/site-packages/airflow/example_dags/example_bash_decorator.py for tasks to queue
[2024-11-24T21:39:40.617+0000] {logging_mixin.py:190} INFO - [2024-11-24T21:39:40.616+0000] {dagbag.py:588} INFO - Filling up the DagBag from /home/airflow/.local/lib/python3.12/site-packages/airflow/example_dags/example_bash_decorator.py
[2024-11-24T21:39:40.635+0000] {processor.py:925} INFO - DAG(s) 'example_bash_decorator' retrieved from /home/airflow/.local/lib/python3.12/site-packages/airflow/example_dags/example_bash_decorator.py
[2024-11-24T21:39:40.664+0000] {logging_mixin.py:190} INFO - [2024-11-24T21:39:40.664+0000] {dag.py:3239} INFO - Sync 1 DAGs
[2024-11-24T21:39:40.681+0000] {logging_mixin.py:190} INFO - [2024-11-24T21:39:40.680+0000] {dag.py:4180} INFO - Setting next_dagrun for example_bash_decorator to None, run_after=None
[2024-11-24T21:39:40.731+0000] {processor.py:208} INFO - Processing /home/airflow/.local/lib/python3.12/site-packages/airflow/example_dags/example_bash_decorator.py took 0.125 seconds
[2024-11-24T21:40:11.602+0000] {processor.py:186} INFO - Started process (PID=711) to work on /home/airflow/.local/lib/python3.12/site-packages/airflow/example_dags/example_bash_decorator.py
[2024-11-24T21:40:11.603+0000] {processor.py:914} INFO - Processing file /home/airflow/.local/lib/python3.12/site-packages/airflow/example_dags/example_bash_decorator.py for tasks to queue
[2024-11-24T21:40:11.606+0000] {logging_mixin.py:190} INFO - [2024-11-24T21:40:11.606+0000] {dagbag.py:588} INFO - Filling up the DagBag from /home/airflow/.local/lib/python3.12/site-packages/airflow/example_dags/example_bash_decorator.py
[2024-11-24T21:40:11.622+0000] {processor.py:925} INFO - DAG(s) 'example_bash_decorator' retrieved from /home/airflow/.local/lib/python3.12/site-packages/airflow/example_dags/example_bash_decorator.py
[2024-11-24T21:40:11.649+0000] {logging_mixin.py:190} INFO - [2024-11-24T21:40:11.648+0000] {dag.py:3239} INFO - Sync 1 DAGs
[2024-11-24T21:40:11.664+0000] {logging_mixin.py:190} INFO - [2024-11-24T21:40:11.664+0000] {dag.py:4180} INFO - Setting next_dagrun for example_bash_decorator to None, run_after=None
[2024-11-24T21:40:11.715+0000] {processor.py:208} INFO - Processing /home/airflow/.local/lib/python3.12/site-packages/airflow/example_dags/example_bash_decorator.py took 0.119 seconds
[2024-11-24T21:40:42.217+0000] {processor.py:186} INFO - Started process (PID=783) to work on /home/airflow/.local/lib/python3.12/site-packages/airflow/example_dags/example_bash_decorator.py
[2024-11-24T21:40:42.218+0000] {processor.py:914} INFO - Processing file /home/airflow/.local/lib/python3.12/site-packages/airflow/example_dags/example_bash_decorator.py for tasks to queue
[2024-11-24T21:40:42.221+0000] {logging_mixin.py:190} INFO - [2024-11-24T21:40:42.220+0000] {dagbag.py:588} INFO - Filling up the DagBag from /home/airflow/.local/lib/python3.12/site-packages/airflow/example_dags/example_bash_decorator.py
[2024-11-24T21:40:42.237+0000] {processor.py:925} INFO - DAG(s) 'example_bash_decorator' retrieved from /home/airflow/.local/lib/python3.12/site-packages/airflow/example_dags/example_bash_decorator.py
[2024-11-24T21:40:42.264+0000] {logging_mixin.py:190} INFO - [2024-11-24T21:40:42.264+0000] {dag.py:3239} INFO - Sync 1 DAGs
[2024-11-24T21:40:42.281+0000] {logging_mixin.py:190} INFO - [2024-11-24T21:40:42.281+0000] {dag.py:4180} INFO - Setting next_dagrun for example_bash_decorator to None, run_after=None
[2024-11-24T21:40:42.324+0000] {processor.py:208} INFO - Processing /home/airflow/.local/lib/python3.12/site-packages/airflow/example_dags/example_bash_decorator.py took 0.113 seconds
[2024-11-24T21:41:14.392+0000] {processor.py:186} INFO - Started process (PID=855) to work on /home/airflow/.local/lib/python3.12/site-packages/airflow/example_dags/example_bash_decorator.py
[2024-11-24T21:41:14.394+0000] {processor.py:914} INFO - Processing file /home/airflow/.local/lib/python3.12/site-packages/airflow/example_dags/example_bash_decorator.py for tasks to queue
[2024-11-24T21:41:14.396+0000] {logging_mixin.py:190} INFO - [2024-11-24T21:41:14.396+0000] {dagbag.py:588} INFO - Filling up the DagBag from /home/airflow/.local/lib/python3.12/site-packages/airflow/example_dags/example_bash_decorator.py
[2024-11-24T21:41:14.412+0000] {processor.py:925} INFO - DAG(s) 'example_bash_decorator' retrieved from /home/airflow/.local/lib/python3.12/site-packages/airflow/example_dags/example_bash_decorator.py
[2024-11-24T21:41:14.440+0000] {logging_mixin.py:190} INFO - [2024-11-24T21:41:14.440+0000] {dag.py:3239} INFO - Sync 1 DAGs
[2024-11-24T21:41:14.456+0000] {logging_mixin.py:190} INFO - [2024-11-24T21:41:14.455+0000] {dag.py:4180} INFO - Setting next_dagrun for example_bash_decorator to None, run_after=None
[2024-11-24T21:41:14.727+0000] {processor.py:208} INFO - Processing /home/airflow/.local/lib/python3.12/site-packages/airflow/example_dags/example_bash_decorator.py took 0.341 seconds
[2024-11-24T21:41:45.613+0000] {processor.py:186} INFO - Started process (PID=927) to work on /home/airflow/.local/lib/python3.12/site-packages/airflow/example_dags/example_bash_decorator.py
[2024-11-24T21:41:45.614+0000] {processor.py:914} INFO - Processing file /home/airflow/.local/lib/python3.12/site-packages/airflow/example_dags/example_bash_decorator.py for tasks to queue
[2024-11-24T21:41:45.617+0000] {logging_mixin.py:190} INFO - [2024-11-24T21:41:45.616+0000] {dagbag.py:588} INFO - Filling up the DagBag from /home/airflow/.local/lib/python3.12/site-packages/airflow/example_dags/example_bash_decorator.py
[2024-11-24T21:41:45.634+0000] {processor.py:925} INFO - DAG(s) 'example_bash_decorator' retrieved from /home/airflow/.local/lib/python3.12/site-packages/airflow/example_dags/example_bash_decorator.py
[2024-11-24T21:41:45.663+0000] {logging_mixin.py:190} INFO - [2024-11-24T21:41:45.663+0000] {dag.py:3239} INFO - Sync 1 DAGs
[2024-11-24T21:41:45.679+0000] {logging_mixin.py:190} INFO - [2024-11-24T21:41:45.679+0000] {dag.py:4180} INFO - Setting next_dagrun for example_bash_decorator to None, run_after=None
[2024-11-24T21:41:46.457+0000] {processor.py:208} INFO - Processing /home/airflow/.local/lib/python3.12/site-packages/airflow/example_dags/example_bash_decorator.py took 0.850 seconds
[2024-11-24T21:42:16.969+0000] {processor.py:186} INFO - Started process (PID=999) to work on /home/airflow/.local/lib/python3.12/site-packages/airflow/example_dags/example_bash_decorator.py
[2024-11-24T21:42:17.001+0000] {processor.py:914} INFO - Processing file /home/airflow/.local/lib/python3.12/site-packages/airflow/example_dags/example_bash_decorator.py for tasks to queue
[2024-11-24T21:42:17.006+0000] {logging_mixin.py:190} INFO - [2024-11-24T21:42:17.005+0000] {dagbag.py:588} INFO - Filling up the DagBag from /home/airflow/.local/lib/python3.12/site-packages/airflow/example_dags/example_bash_decorator.py
[2024-11-24T21:42:17.046+0000] {processor.py:925} INFO - DAG(s) 'example_bash_decorator' retrieved from /home/airflow/.local/lib/python3.12/site-packages/airflow/example_dags/example_bash_decorator.py
[2024-11-24T21:42:17.072+0000] {logging_mixin.py:190} INFO - [2024-11-24T21:42:17.072+0000] {dag.py:3239} INFO - Sync 1 DAGs
[2024-11-24T21:42:17.088+0000] {logging_mixin.py:190} INFO - [2024-11-24T21:42:17.087+0000] {dag.py:4180} INFO - Setting next_dagrun for example_bash_decorator to None, run_after=None
[2024-11-24T21:42:17.174+0000] {processor.py:208} INFO - Processing /home/airflow/.local/lib/python3.12/site-packages/airflow/example_dags/example_bash_decorator.py took 0.216 seconds
[2024-11-24T21:42:47.502+0000] {processor.py:186} INFO - Started process (PID=1071) to work on /home/airflow/.local/lib/python3.12/site-packages/airflow/example_dags/example_bash_decorator.py
[2024-11-24T21:42:47.503+0000] {processor.py:914} INFO - Processing file /home/airflow/.local/lib/python3.12/site-packages/airflow/example_dags/example_bash_decorator.py for tasks to queue
[2024-11-24T21:42:47.506+0000] {logging_mixin.py:190} INFO - [2024-11-24T21:42:47.506+0000] {dagbag.py:588} INFO - Filling up the DagBag from /home/airflow/.local/lib/python3.12/site-packages/airflow/example_dags/example_bash_decorator.py
[2024-11-24T21:42:47.534+0000] {processor.py:925} INFO - DAG(s) 'example_bash_decorator' retrieved from /home/airflow/.local/lib/python3.12/site-packages/airflow/example_dags/example_bash_decorator.py
[2024-11-24T21:42:47.570+0000] {logging_mixin.py:190} INFO - [2024-11-24T21:42:47.570+0000] {dag.py:3239} INFO - Sync 1 DAGs
[2024-11-24T21:42:47.586+0000] {logging_mixin.py:190} INFO - [2024-11-24T21:42:47.586+0000] {dag.py:4180} INFO - Setting next_dagrun for example_bash_decorator to None, run_after=None
[2024-11-24T21:42:47.688+0000] {processor.py:208} INFO - Processing /home/airflow/.local/lib/python3.12/site-packages/airflow/example_dags/example_bash_decorator.py took 0.193 seconds
[2024-11-24T21:43:18.596+0000] {processor.py:186} INFO - Started process (PID=1143) to work on /home/airflow/.local/lib/python3.12/site-packages/airflow/example_dags/example_bash_decorator.py
[2024-11-24T21:43:18.597+0000] {processor.py:914} INFO - Processing file /home/airflow/.local/lib/python3.12/site-packages/airflow/example_dags/example_bash_decorator.py for tasks to queue
[2024-11-24T21:43:18.600+0000] {logging_mixin.py:190} INFO - [2024-11-24T21:43:18.599+0000] {dagbag.py:588} INFO - Filling up the DagBag from /home/airflow/.local/lib/python3.12/site-packages/airflow/example_dags/example_bash_decorator.py
[2024-11-24T21:43:18.616+0000] {processor.py:925} INFO - DAG(s) 'example_bash_decorator' retrieved from /home/airflow/.local/lib/python3.12/site-packages/airflow/example_dags/example_bash_decorator.py
[2024-11-24T21:43:18.643+0000] {logging_mixin.py:190} INFO - [2024-11-24T21:43:18.643+0000] {dag.py:3239} INFO - Sync 1 DAGs
[2024-11-24T21:43:18.658+0000] {logging_mixin.py:190} INFO - [2024-11-24T21:43:18.657+0000] {dag.py:4180} INFO - Setting next_dagrun for example_bash_decorator to None, run_after=None
[2024-11-24T21:43:18.712+0000] {processor.py:208} INFO - Processing /home/airflow/.local/lib/python3.12/site-packages/airflow/example_dags/example_bash_decorator.py took 0.123 seconds
[2024-11-24T21:43:49.257+0000] {processor.py:186} INFO - Started process (PID=1215) to work on /home/airflow/.local/lib/python3.12/site-packages/airflow/example_dags/example_bash_decorator.py
[2024-11-24T21:43:49.258+0000] {processor.py:914} INFO - Processing file /home/airflow/.local/lib/python3.12/site-packages/airflow/example_dags/example_bash_decorator.py for tasks to queue
[2024-11-24T21:43:49.261+0000] {logging_mixin.py:190} INFO - [2024-11-24T21:43:49.260+0000] {dagbag.py:588} INFO - Filling up the DagBag from /home/airflow/.local/lib/python3.12/site-packages/airflow/example_dags/example_bash_decorator.py
[2024-11-24T21:43:49.277+0000] {processor.py:925} INFO - DAG(s) 'example_bash_decorator' retrieved from /home/airflow/.local/lib/python3.12/site-packages/airflow/example_dags/example_bash_decorator.py
[2024-11-24T21:43:49.302+0000] {logging_mixin.py:190} INFO - [2024-11-24T21:43:49.302+0000] {dag.py:3239} INFO - Sync 1 DAGs
[2024-11-24T21:43:49.317+0000] {logging_mixin.py:190} INFO - [2024-11-24T21:43:49.317+0000] {dag.py:4180} INFO - Setting next_dagrun for example_bash_decorator to None, run_after=None
[2024-11-24T21:43:49.367+0000] {processor.py:208} INFO - Processing /home/airflow/.local/lib/python3.12/site-packages/airflow/example_dags/example_bash_decorator.py took 0.117 seconds
[2024-11-24T21:44:19.637+0000] {processor.py:186} INFO - Started process (PID=1287) to work on /home/airflow/.local/lib/python3.12/site-packages/airflow/example_dags/example_bash_decorator.py
[2024-11-24T21:44:19.638+0000] {processor.py:914} INFO - Processing file /home/airflow/.local/lib/python3.12/site-packages/airflow/example_dags/example_bash_decorator.py for tasks to queue
[2024-11-24T21:44:19.641+0000] {logging_mixin.py:190} INFO - [2024-11-24T21:44:19.640+0000] {dagbag.py:588} INFO - Filling up the DagBag from /home/airflow/.local/lib/python3.12/site-packages/airflow/example_dags/example_bash_decorator.py
[2024-11-24T21:44:19.658+0000] {processor.py:925} INFO - DAG(s) 'example_bash_decorator' retrieved from /home/airflow/.local/lib/python3.12/site-packages/airflow/example_dags/example_bash_decorator.py
[2024-11-24T21:44:19.694+0000] {logging_mixin.py:190} INFO - [2024-11-24T21:44:19.693+0000] {dag.py:3239} INFO - Sync 1 DAGs
[2024-11-24T21:44:19.709+0000] {logging_mixin.py:190} INFO - [2024-11-24T21:44:19.708+0000] {dag.py:4180} INFO - Setting next_dagrun for example_bash_decorator to None, run_after=None
[2024-11-24T21:44:19.759+0000] {processor.py:208} INFO - Processing /home/airflow/.local/lib/python3.12/site-packages/airflow/example_dags/example_bash_decorator.py took 0.128 seconds
[2024-11-24T21:44:50.413+0000] {processor.py:186} INFO - Started process (PID=1359) to work on /home/airflow/.local/lib/python3.12/site-packages/airflow/example_dags/example_bash_decorator.py
[2024-11-24T21:44:50.414+0000] {processor.py:914} INFO - Processing file /home/airflow/.local/lib/python3.12/site-packages/airflow/example_dags/example_bash_decorator.py for tasks to queue
[2024-11-24T21:44:50.417+0000] {logging_mixin.py:190} INFO - [2024-11-24T21:44:50.417+0000] {dagbag.py:588} INFO - Filling up the DagBag from /home/airflow/.local/lib/python3.12/site-packages/airflow/example_dags/example_bash_decorator.py
[2024-11-24T21:44:50.434+0000] {processor.py:925} INFO - DAG(s) 'example_bash_decorator' retrieved from /home/airflow/.local/lib/python3.12/site-packages/airflow/example_dags/example_bash_decorator.py
[2024-11-24T21:44:50.462+0000] {logging_mixin.py:190} INFO - [2024-11-24T21:44:50.462+0000] {dag.py:3239} INFO - Sync 1 DAGs
[2024-11-24T21:44:50.481+0000] {logging_mixin.py:190} INFO - [2024-11-24T21:44:50.481+0000] {dag.py:4180} INFO - Setting next_dagrun for example_bash_decorator to None, run_after=None
[2024-11-24T21:44:50.532+0000] {processor.py:208} INFO - Processing /home/airflow/.local/lib/python3.12/site-packages/airflow/example_dags/example_bash_decorator.py took 0.125 seconds
