[2024-11-23T10:29:01.362+0000] {processor.py:186} INFO - Started process (PID=92) to work on /opt/airflow/dags/data_processing_dag.py
[2024-11-23T10:29:01.364+0000] {processor.py:914} INFO - Processing file /opt/airflow/dags/data_processing_dag.py for tasks to queue
[2024-11-23T10:29:01.367+0000] {logging_mixin.py:190} INFO - [2024-11-23T10:29:01.366+0000] {dagbag.py:588} INFO - Filling up the DagBag from /opt/airflow/dags/data_processing_dag.py
[2024-11-23T10:29:15.803+0000] {processor.py:925} INFO - DAG(s) 'data_processing_dag' retrieved from /opt/airflow/dags/data_processing_dag.py
[2024-11-23T10:29:16.016+0000] {logging_mixin.py:190} INFO - [2024-11-23T10:29:16.015+0000] {dag.py:3239} INFO - Sync 1 DAGs
[2024-11-23T10:29:16.130+0000] {logging_mixin.py:190} INFO - [2024-11-23T10:29:16.130+0000] {dag.py:4180} INFO - Setting next_dagrun for data_processing_dag to None, run_after=None
[2024-11-23T10:29:16.311+0000] {processor.py:208} INFO - Processing /opt/airflow/dags/data_processing_dag.py took 14.959 seconds
[2024-11-23T10:29:47.176+0000] {processor.py:186} INFO - Started process (PID=54) to work on /opt/airflow/dags/data_processing_dag.py
[2024-11-23T10:29:47.178+0000] {processor.py:914} INFO - Processing file /opt/airflow/dags/data_processing_dag.py for tasks to queue
[2024-11-23T10:29:47.182+0000] {logging_mixin.py:190} INFO - [2024-11-23T10:29:47.181+0000] {dagbag.py:588} INFO - Filling up the DagBag from /opt/airflow/dags/data_processing_dag.py
[2024-11-23T10:29:48.366+0000] {processor.py:925} INFO - DAG(s) 'data_processing_dag' retrieved from /opt/airflow/dags/data_processing_dag.py
[2024-11-23T10:29:48.397+0000] {logging_mixin.py:190} INFO - [2024-11-23T10:29:48.396+0000] {dag.py:3239} INFO - Sync 1 DAGs
[2024-11-23T10:29:48.415+0000] {logging_mixin.py:190} INFO - [2024-11-23T10:29:48.415+0000] {dag.py:4180} INFO - Setting next_dagrun for data_processing_dag to None, run_after=None
[2024-11-23T10:29:48.847+0000] {processor.py:208} INFO - Processing /opt/airflow/dags/data_processing_dag.py took 1.680 seconds
[2024-11-23T10:30:19.045+0000] {processor.py:186} INFO - Started process (PID=139) to work on /opt/airflow/dags/data_processing_dag.py
[2024-11-23T10:30:19.046+0000] {processor.py:914} INFO - Processing file /opt/airflow/dags/data_processing_dag.py for tasks to queue
[2024-11-23T10:30:19.050+0000] {logging_mixin.py:190} INFO - [2024-11-23T10:30:19.049+0000] {dagbag.py:588} INFO - Filling up the DagBag from /opt/airflow/dags/data_processing_dag.py
[2024-11-23T10:30:20.251+0000] {processor.py:925} INFO - DAG(s) 'data_processing_dag' retrieved from /opt/airflow/dags/data_processing_dag.py
[2024-11-23T10:30:20.268+0000] {logging_mixin.py:190} INFO - [2024-11-23T10:30:20.267+0000] {dag.py:3239} INFO - Sync 1 DAGs
[2024-11-23T10:30:20.283+0000] {logging_mixin.py:190} INFO - [2024-11-23T10:30:20.282+0000] {dag.py:4180} INFO - Setting next_dagrun for data_processing_dag to None, run_after=None
[2024-11-23T10:30:20.704+0000] {processor.py:208} INFO - Processing /opt/airflow/dags/data_processing_dag.py took 1.666 seconds
[2024-11-23T10:30:50.992+0000] {processor.py:186} INFO - Started process (PID=226) to work on /opt/airflow/dags/data_processing_dag.py
[2024-11-23T10:30:50.993+0000] {processor.py:914} INFO - Processing file /opt/airflow/dags/data_processing_dag.py for tasks to queue
[2024-11-23T10:30:50.998+0000] {logging_mixin.py:190} INFO - [2024-11-23T10:30:50.997+0000] {dagbag.py:588} INFO - Filling up the DagBag from /opt/airflow/dags/data_processing_dag.py
[2024-11-23T10:30:52.126+0000] {processor.py:925} INFO - DAG(s) 'data_processing_dag' retrieved from /opt/airflow/dags/data_processing_dag.py
[2024-11-23T10:30:52.152+0000] {logging_mixin.py:190} INFO - [2024-11-23T10:30:52.152+0000] {dag.py:3239} INFO - Sync 1 DAGs
[2024-11-23T10:30:52.172+0000] {logging_mixin.py:190} INFO - [2024-11-23T10:30:52.172+0000] {dag.py:4180} INFO - Setting next_dagrun for data_processing_dag to None, run_after=None
[2024-11-23T10:30:52.236+0000] {processor.py:208} INFO - Processing /opt/airflow/dags/data_processing_dag.py took 1.259 seconds
[2024-11-23T10:31:13.795+0000] {processor.py:186} INFO - Started process (PID=291) to work on /opt/airflow/dags/data_processing_dag.py
[2024-11-23T10:31:13.797+0000] {processor.py:914} INFO - Processing file /opt/airflow/dags/data_processing_dag.py for tasks to queue
[2024-11-23T10:31:13.800+0000] {logging_mixin.py:190} INFO - [2024-11-23T10:31:13.800+0000] {dagbag.py:588} INFO - Filling up the DagBag from /opt/airflow/dags/data_processing_dag.py
[2024-11-23T10:31:14.933+0000] {processor.py:925} INFO - DAG(s) 'data_processing_dag' retrieved from /opt/airflow/dags/data_processing_dag.py
[2024-11-23T10:31:14.955+0000] {logging_mixin.py:190} INFO - [2024-11-23T10:31:14.954+0000] {dag.py:3239} INFO - Sync 1 DAGs
[2024-11-23T10:31:14.970+0000] {logging_mixin.py:190} INFO - [2024-11-23T10:31:14.969+0000] {dag.py:4180} INFO - Setting next_dagrun for data_processing_dag to None, run_after=None
[2024-11-23T10:31:15.599+0000] {processor.py:208} INFO - Processing /opt/airflow/dags/data_processing_dag.py took 1.816 seconds
[2024-11-23T10:31:45.944+0000] {processor.py:186} INFO - Started process (PID=370) to work on /opt/airflow/dags/data_processing_dag.py
[2024-11-23T10:31:45.945+0000] {processor.py:914} INFO - Processing file /opt/airflow/dags/data_processing_dag.py for tasks to queue
[2024-11-23T10:31:45.948+0000] {logging_mixin.py:190} INFO - [2024-11-23T10:31:45.948+0000] {dagbag.py:588} INFO - Filling up the DagBag from /opt/airflow/dags/data_processing_dag.py
[2024-11-23T10:31:47.357+0000] {processor.py:925} INFO - DAG(s) 'data_processing_dag' retrieved from /opt/airflow/dags/data_processing_dag.py
[2024-11-23T10:31:47.380+0000] {logging_mixin.py:190} INFO - [2024-11-23T10:31:47.379+0000] {dag.py:3239} INFO - Sync 1 DAGs
[2024-11-23T10:31:47.397+0000] {logging_mixin.py:190} INFO - [2024-11-23T10:31:47.397+0000] {dag.py:4180} INFO - Setting next_dagrun for data_processing_dag to None, run_after=None
[2024-11-23T10:31:47.451+0000] {processor.py:208} INFO - Processing /opt/airflow/dags/data_processing_dag.py took 1.514 seconds
[2024-11-23T10:32:18.239+0000] {processor.py:186} INFO - Started process (PID=455) to work on /opt/airflow/dags/data_processing_dag.py
[2024-11-23T10:32:18.242+0000] {processor.py:914} INFO - Processing file /opt/airflow/dags/data_processing_dag.py for tasks to queue
[2024-11-23T10:32:18.246+0000] {logging_mixin.py:190} INFO - [2024-11-23T10:32:18.246+0000] {dagbag.py:588} INFO - Filling up the DagBag from /opt/airflow/dags/data_processing_dag.py
[2024-11-23T10:32:19.253+0000] {processor.py:925} INFO - DAG(s) 'data_processing_dag' retrieved from /opt/airflow/dags/data_processing_dag.py
[2024-11-23T10:32:19.284+0000] {logging_mixin.py:190} INFO - [2024-11-23T10:32:19.283+0000] {dag.py:3239} INFO - Sync 1 DAGs
[2024-11-23T10:32:19.302+0000] {logging_mixin.py:190} INFO - [2024-11-23T10:32:19.302+0000] {dag.py:4180} INFO - Setting next_dagrun for data_processing_dag to None, run_after=None
[2024-11-23T10:32:19.364+0000] {processor.py:208} INFO - Processing /opt/airflow/dags/data_processing_dag.py took 1.140 seconds
[2024-11-23T10:32:50.110+0000] {processor.py:186} INFO - Started process (PID=534) to work on /opt/airflow/dags/data_processing_dag.py
[2024-11-23T10:32:50.117+0000] {processor.py:914} INFO - Processing file /opt/airflow/dags/data_processing_dag.py for tasks to queue
[2024-11-23T10:32:50.121+0000] {logging_mixin.py:190} INFO - [2024-11-23T10:32:50.121+0000] {dagbag.py:588} INFO - Filling up the DagBag from /opt/airflow/dags/data_processing_dag.py
[2024-11-23T10:32:51.241+0000] {processor.py:925} INFO - DAG(s) 'data_processing_dag' retrieved from /opt/airflow/dags/data_processing_dag.py
[2024-11-23T10:32:51.261+0000] {logging_mixin.py:190} INFO - [2024-11-23T10:32:51.260+0000] {dag.py:3239} INFO - Sync 1 DAGs
[2024-11-23T10:32:51.277+0000] {logging_mixin.py:190} INFO - [2024-11-23T10:32:51.277+0000] {dag.py:4180} INFO - Setting next_dagrun for data_processing_dag to None, run_after=None
[2024-11-23T10:32:51.339+0000] {processor.py:208} INFO - Processing /opt/airflow/dags/data_processing_dag.py took 1.244 seconds
[2024-11-23T10:33:21.445+0000] {processor.py:186} INFO - Started process (PID=613) to work on /opt/airflow/dags/data_processing_dag.py
[2024-11-23T10:33:21.446+0000] {processor.py:914} INFO - Processing file /opt/airflow/dags/data_processing_dag.py for tasks to queue
[2024-11-23T10:33:21.448+0000] {logging_mixin.py:190} INFO - [2024-11-23T10:33:21.448+0000] {dagbag.py:588} INFO - Filling up the DagBag from /opt/airflow/dags/data_processing_dag.py
[2024-11-23T10:33:22.265+0000] {processor.py:925} INFO - DAG(s) 'data_processing_dag' retrieved from /opt/airflow/dags/data_processing_dag.py
[2024-11-23T10:33:22.281+0000] {logging_mixin.py:190} INFO - [2024-11-23T10:33:22.281+0000] {dag.py:3239} INFO - Sync 1 DAGs
[2024-11-23T10:33:22.294+0000] {logging_mixin.py:190} INFO - [2024-11-23T10:33:22.294+0000] {dag.py:4180} INFO - Setting next_dagrun for data_processing_dag to None, run_after=None
[2024-11-23T10:33:23.428+0000] {processor.py:208} INFO - Processing /opt/airflow/dags/data_processing_dag.py took 1.990 seconds
[2024-11-23T10:33:52.622+0000] {processor.py:186} INFO - Started process (PID=692) to work on /opt/airflow/dags/data_processing_dag.py
[2024-11-23T10:33:52.624+0000] {processor.py:914} INFO - Processing file /opt/airflow/dags/data_processing_dag.py for tasks to queue
[2024-11-23T10:33:52.630+0000] {logging_mixin.py:190} INFO - [2024-11-23T10:33:52.629+0000] {dagbag.py:588} INFO - Filling up the DagBag from /opt/airflow/dags/data_processing_dag.py
[2024-11-23T10:33:53.921+0000] {processor.py:925} INFO - DAG(s) 'data_processing_dag' retrieved from /opt/airflow/dags/data_processing_dag.py
[2024-11-23T10:33:53.944+0000] {logging_mixin.py:190} INFO - [2024-11-23T10:33:53.943+0000] {dag.py:3239} INFO - Sync 1 DAGs
[2024-11-23T10:33:53.969+0000] {logging_mixin.py:190} INFO - [2024-11-23T10:33:53.969+0000] {dag.py:4180} INFO - Setting next_dagrun for data_processing_dag to None, run_after=None
[2024-11-23T10:33:54.527+0000] {processor.py:208} INFO - Processing /opt/airflow/dags/data_processing_dag.py took 1.912 seconds
[2024-11-23T10:42:53.836+0000] {processor.py:186} INFO - Started process (PID=93) to work on /opt/airflow/dags/data_processing_dag.py
[2024-11-23T10:42:53.837+0000] {processor.py:914} INFO - Processing file /opt/airflow/dags/data_processing_dag.py for tasks to queue
[2024-11-23T10:42:53.841+0000] {logging_mixin.py:190} INFO - [2024-11-23T10:42:53.841+0000] {dagbag.py:588} INFO - Filling up the DagBag from /opt/airflow/dags/data_processing_dag.py
[2024-11-23T10:43:10.622+0000] {processor.py:925} INFO - DAG(s) 'data_processing_dag' retrieved from /opt/airflow/dags/data_processing_dag.py
[2024-11-23T10:43:10.652+0000] {logging_mixin.py:190} INFO - [2024-11-23T10:43:10.652+0000] {dag.py:3239} INFO - Sync 1 DAGs
[2024-11-23T10:43:10.673+0000] {logging_mixin.py:190} INFO - [2024-11-23T10:43:10.673+0000] {dag.py:4180} INFO - Setting next_dagrun for data_processing_dag to None, run_after=None
[2024-11-23T10:43:10.910+0000] {processor.py:208} INFO - Processing /opt/airflow/dags/data_processing_dag.py took 17.085 seconds
[2024-11-23T10:43:43.496+0000] {processor.py:186} INFO - Started process (PID=179) to work on /opt/airflow/dags/data_processing_dag.py
[2024-11-23T10:43:43.498+0000] {processor.py:914} INFO - Processing file /opt/airflow/dags/data_processing_dag.py for tasks to queue
[2024-11-23T10:43:43.505+0000] {logging_mixin.py:190} INFO - [2024-11-23T10:43:43.504+0000] {dagbag.py:588} INFO - Filling up the DagBag from /opt/airflow/dags/data_processing_dag.py
[2024-11-23T10:43:47.076+0000] {processor.py:925} INFO - DAG(s) 'data_processing_dag' retrieved from /opt/airflow/dags/data_processing_dag.py
[2024-11-23T10:43:47.094+0000] {logging_mixin.py:190} INFO - [2024-11-23T10:43:47.093+0000] {dag.py:3239} INFO - Sync 1 DAGs
[2024-11-23T10:43:47.109+0000] {logging_mixin.py:190} INFO - [2024-11-23T10:43:47.109+0000] {dag.py:4180} INFO - Setting next_dagrun for data_processing_dag to None, run_after=None
[2024-11-23T10:43:58.120+0000] {processor.py:208} INFO - Processing /opt/airflow/dags/data_processing_dag.py took 14.637 seconds
[2024-11-23T10:44:28.358+0000] {processor.py:186} INFO - Started process (PID=257) to work on /opt/airflow/dags/data_processing_dag.py
[2024-11-23T10:44:28.359+0000] {processor.py:914} INFO - Processing file /opt/airflow/dags/data_processing_dag.py for tasks to queue
[2024-11-23T10:44:28.361+0000] {logging_mixin.py:190} INFO - [2024-11-23T10:44:28.361+0000] {dagbag.py:588} INFO - Filling up the DagBag from /opt/airflow/dags/data_processing_dag.py
[2024-11-23T10:44:29.305+0000] {processor.py:925} INFO - DAG(s) 'data_processing_dag' retrieved from /opt/airflow/dags/data_processing_dag.py
[2024-11-23T10:44:29.322+0000] {logging_mixin.py:190} INFO - [2024-11-23T10:44:29.321+0000] {dag.py:3239} INFO - Sync 1 DAGs
[2024-11-23T10:44:29.334+0000] {logging_mixin.py:190} INFO - [2024-11-23T10:44:29.334+0000] {dag.py:4180} INFO - Setting next_dagrun for data_processing_dag to None, run_after=None
[2024-11-23T10:44:29.987+0000] {processor.py:208} INFO - Processing /opt/airflow/dags/data_processing_dag.py took 1.637 seconds
[2024-11-23T10:45:00.832+0000] {processor.py:186} INFO - Started process (PID=336) to work on /opt/airflow/dags/data_processing_dag.py
[2024-11-23T10:45:00.833+0000] {processor.py:914} INFO - Processing file /opt/airflow/dags/data_processing_dag.py for tasks to queue
[2024-11-23T10:45:00.836+0000] {logging_mixin.py:190} INFO - [2024-11-23T10:45:00.836+0000] {dagbag.py:588} INFO - Filling up the DagBag from /opt/airflow/dags/data_processing_dag.py
[2024-11-23T10:45:02.161+0000] {processor.py:925} INFO - DAG(s) 'data_processing_dag' retrieved from /opt/airflow/dags/data_processing_dag.py
[2024-11-23T10:45:02.179+0000] {logging_mixin.py:190} INFO - [2024-11-23T10:45:02.178+0000] {dag.py:3239} INFO - Sync 1 DAGs
[2024-11-23T10:45:02.192+0000] {logging_mixin.py:190} INFO - [2024-11-23T10:45:02.192+0000] {dag.py:4180} INFO - Setting next_dagrun for data_processing_dag to None, run_after=None
[2024-11-23T10:45:02.505+0000] {processor.py:208} INFO - Processing /opt/airflow/dags/data_processing_dag.py took 1.683 seconds
[2024-11-23T10:45:33.457+0000] {processor.py:186} INFO - Started process (PID=415) to work on /opt/airflow/dags/data_processing_dag.py
[2024-11-23T10:45:33.458+0000] {processor.py:914} INFO - Processing file /opt/airflow/dags/data_processing_dag.py for tasks to queue
[2024-11-23T10:45:33.463+0000] {logging_mixin.py:190} INFO - [2024-11-23T10:45:33.462+0000] {dagbag.py:588} INFO - Filling up the DagBag from /opt/airflow/dags/data_processing_dag.py
[2024-11-23T10:45:36.040+0000] {processor.py:925} INFO - DAG(s) 'data_processing_dag' retrieved from /opt/airflow/dags/data_processing_dag.py
[2024-11-23T10:45:36.374+0000] {logging_mixin.py:190} INFO - [2024-11-23T10:45:36.325+0000] {dag.py:3239} INFO - Sync 1 DAGs
[2024-11-23T10:45:36.396+0000] {logging_mixin.py:190} INFO - [2024-11-23T10:45:36.395+0000] {dag.py:4180} INFO - Setting next_dagrun for data_processing_dag to None, run_after=None
[2024-11-23T10:45:36.514+0000] {processor.py:208} INFO - Processing /opt/airflow/dags/data_processing_dag.py took 3.069 seconds
[2024-11-23T10:46:06.715+0000] {processor.py:186} INFO - Started process (PID=494) to work on /opt/airflow/dags/data_processing_dag.py
[2024-11-23T10:46:06.716+0000] {processor.py:914} INFO - Processing file /opt/airflow/dags/data_processing_dag.py for tasks to queue
[2024-11-23T10:46:06.720+0000] {logging_mixin.py:190} INFO - [2024-11-23T10:46:06.719+0000] {dagbag.py:588} INFO - Filling up the DagBag from /opt/airflow/dags/data_processing_dag.py
[2024-11-23T10:46:07.777+0000] {processor.py:925} INFO - DAG(s) 'data_processing_dag' retrieved from /opt/airflow/dags/data_processing_dag.py
[2024-11-23T10:46:07.795+0000] {logging_mixin.py:190} INFO - [2024-11-23T10:46:07.795+0000] {dag.py:3239} INFO - Sync 1 DAGs
[2024-11-23T10:46:07.810+0000] {logging_mixin.py:190} INFO - [2024-11-23T10:46:07.810+0000] {dag.py:4180} INFO - Setting next_dagrun for data_processing_dag to None, run_after=None
[2024-11-23T10:46:07.993+0000] {processor.py:208} INFO - Processing /opt/airflow/dags/data_processing_dag.py took 1.286 seconds
[2024-11-23T10:46:38.159+0000] {processor.py:186} INFO - Started process (PID=579) to work on /opt/airflow/dags/data_processing_dag.py
[2024-11-23T10:46:38.160+0000] {processor.py:914} INFO - Processing file /opt/airflow/dags/data_processing_dag.py for tasks to queue
[2024-11-23T10:46:38.164+0000] {logging_mixin.py:190} INFO - [2024-11-23T10:46:38.163+0000] {dagbag.py:588} INFO - Filling up the DagBag from /opt/airflow/dags/data_processing_dag.py
[2024-11-23T10:46:39.382+0000] {processor.py:925} INFO - DAG(s) 'data_processing_dag' retrieved from /opt/airflow/dags/data_processing_dag.py
[2024-11-23T10:46:39.402+0000] {logging_mixin.py:190} INFO - [2024-11-23T10:46:39.401+0000] {dag.py:3239} INFO - Sync 1 DAGs
[2024-11-23T10:46:39.418+0000] {logging_mixin.py:190} INFO - [2024-11-23T10:46:39.418+0000] {dag.py:4180} INFO - Setting next_dagrun for data_processing_dag to None, run_after=None
[2024-11-23T10:46:39.471+0000] {processor.py:208} INFO - Processing /opt/airflow/dags/data_processing_dag.py took 1.321 seconds
[2024-11-23T10:47:09.595+0000] {processor.py:186} INFO - Started process (PID=658) to work on /opt/airflow/dags/data_processing_dag.py
[2024-11-23T10:47:09.597+0000] {processor.py:914} INFO - Processing file /opt/airflow/dags/data_processing_dag.py for tasks to queue
[2024-11-23T10:47:09.600+0000] {logging_mixin.py:190} INFO - [2024-11-23T10:47:09.599+0000] {dagbag.py:588} INFO - Filling up the DagBag from /opt/airflow/dags/data_processing_dag.py
[2024-11-23T10:47:10.613+0000] {processor.py:925} INFO - DAG(s) 'data_processing_dag' retrieved from /opt/airflow/dags/data_processing_dag.py
[2024-11-23T10:47:10.635+0000] {logging_mixin.py:190} INFO - [2024-11-23T10:47:10.635+0000] {dag.py:3239} INFO - Sync 1 DAGs
[2024-11-23T10:47:10.655+0000] {logging_mixin.py:190} INFO - [2024-11-23T10:47:10.655+0000] {dag.py:4180} INFO - Setting next_dagrun for data_processing_dag to None, run_after=None
[2024-11-23T10:47:10.883+0000] {processor.py:208} INFO - Processing /opt/airflow/dags/data_processing_dag.py took 1.297 seconds
[2024-11-23T10:47:40.944+0000] {processor.py:186} INFO - Started process (PID=737) to work on /opt/airflow/dags/data_processing_dag.py
[2024-11-23T10:47:40.946+0000] {processor.py:914} INFO - Processing file /opt/airflow/dags/data_processing_dag.py for tasks to queue
[2024-11-23T10:47:40.948+0000] {logging_mixin.py:190} INFO - [2024-11-23T10:47:40.948+0000] {dagbag.py:588} INFO - Filling up the DagBag from /opt/airflow/dags/data_processing_dag.py
[2024-11-23T10:47:41.973+0000] {processor.py:925} INFO - DAG(s) 'data_processing_dag' retrieved from /opt/airflow/dags/data_processing_dag.py
[2024-11-23T10:47:42.000+0000] {logging_mixin.py:190} INFO - [2024-11-23T10:47:41.999+0000] {dag.py:3239} INFO - Sync 1 DAGs
[2024-11-23T10:47:42.042+0000] {logging_mixin.py:190} INFO - [2024-11-23T10:47:42.042+0000] {dag.py:4180} INFO - Setting next_dagrun for data_processing_dag to None, run_after=None
[2024-11-23T10:47:43.179+0000] {processor.py:208} INFO - Processing /opt/airflow/dags/data_processing_dag.py took 2.244 seconds
[2024-11-23T10:47:53.108+0000] {processor.py:186} INFO - Started process (PID=779) to work on /opt/airflow/dags/data_processing_dag.py
[2024-11-23T10:47:53.110+0000] {processor.py:914} INFO - Processing file /opt/airflow/dags/data_processing_dag.py for tasks to queue
[2024-11-23T10:47:53.113+0000] {logging_mixin.py:190} INFO - [2024-11-23T10:47:53.113+0000] {dagbag.py:588} INFO - Filling up the DagBag from /opt/airflow/dags/data_processing_dag.py
[2024-11-23T10:47:53.129+0000] {logging_mixin.py:190} INFO - [2024-11-23T10:47:53.127+0000] {dagbag.py:387} ERROR - Failed to import: /opt/airflow/dags/data_processing_dag.py
Traceback (most recent call last):
  File "/home/airflow/.local/lib/python3.12/site-packages/airflow/models/dagbag.py", line 383, in parse
    loader.exec_module(new_module)
  File "<frozen importlib._bootstrap_external>", line 991, in exec_module
  File "<frozen importlib._bootstrap_external>", line 1129, in get_code
  File "<frozen importlib._bootstrap_external>", line 1059, in source_to_code
  File "<frozen importlib._bootstrap>", line 488, in _call_with_frames_removed
  File "/opt/airflow/dags/data_processing_dag.py", line 15
    "  # Replace with your Google Drive folder ID
    ^
SyntaxError: unterminated string literal (detected at line 15)
[2024-11-23T10:47:53.130+0000] {processor.py:927} WARNING - No viable dags retrieved from /opt/airflow/dags/data_processing_dag.py
[2024-11-23T10:47:53.244+0000] {processor.py:208} INFO - Processing /opt/airflow/dags/data_processing_dag.py took 0.143 seconds
[2024-11-23T10:48:10.260+0000] {processor.py:186} INFO - Started process (PID=817) to work on /opt/airflow/dags/data_processing_dag.py
[2024-11-23T10:48:10.261+0000] {processor.py:914} INFO - Processing file /opt/airflow/dags/data_processing_dag.py for tasks to queue
[2024-11-23T10:48:10.264+0000] {logging_mixin.py:190} INFO - [2024-11-23T10:48:10.263+0000] {dagbag.py:588} INFO - Filling up the DagBag from /opt/airflow/dags/data_processing_dag.py
[2024-11-23T10:48:11.314+0000] {processor.py:925} INFO - DAG(s) 'data_processing_dag' retrieved from /opt/airflow/dags/data_processing_dag.py
[2024-11-23T10:48:11.335+0000] {logging_mixin.py:190} INFO - [2024-11-23T10:48:11.334+0000] {dag.py:3239} INFO - Sync 1 DAGs
[2024-11-23T10:48:11.354+0000] {logging_mixin.py:190} INFO - [2024-11-23T10:48:11.353+0000] {dag.py:4180} INFO - Setting next_dagrun for data_processing_dag to None, run_after=None
[2024-11-23T10:48:12.158+0000] {processor.py:208} INFO - Processing /opt/airflow/dags/data_processing_dag.py took 1.906 seconds
[2024-11-23T10:48:42.854+0000] {processor.py:186} INFO - Started process (PID=896) to work on /opt/airflow/dags/data_processing_dag.py
[2024-11-23T10:48:42.855+0000] {processor.py:914} INFO - Processing file /opt/airflow/dags/data_processing_dag.py for tasks to queue
[2024-11-23T10:48:42.858+0000] {logging_mixin.py:190} INFO - [2024-11-23T10:48:42.857+0000] {dagbag.py:588} INFO - Filling up the DagBag from /opt/airflow/dags/data_processing_dag.py
[2024-11-23T10:48:43.646+0000] {processor.py:925} INFO - DAG(s) 'data_processing_dag' retrieved from /opt/airflow/dags/data_processing_dag.py
[2024-11-23T10:48:43.663+0000] {logging_mixin.py:190} INFO - [2024-11-23T10:48:43.663+0000] {dag.py:3239} INFO - Sync 1 DAGs
[2024-11-23T10:48:43.675+0000] {logging_mixin.py:190} INFO - [2024-11-23T10:48:43.675+0000] {dag.py:4180} INFO - Setting next_dagrun for data_processing_dag to None, run_after=None
[2024-11-23T10:48:43.718+0000] {processor.py:208} INFO - Processing /opt/airflow/dags/data_processing_dag.py took 0.871 seconds
[2024-11-23T10:49:14.378+0000] {processor.py:186} INFO - Started process (PID=975) to work on /opt/airflow/dags/data_processing_dag.py
[2024-11-23T10:49:14.379+0000] {processor.py:914} INFO - Processing file /opt/airflow/dags/data_processing_dag.py for tasks to queue
[2024-11-23T10:49:14.382+0000] {logging_mixin.py:190} INFO - [2024-11-23T10:49:14.382+0000] {dagbag.py:588} INFO - Filling up the DagBag from /opt/airflow/dags/data_processing_dag.py
[2024-11-23T10:49:15.205+0000] {processor.py:925} INFO - DAG(s) 'data_processing_dag' retrieved from /opt/airflow/dags/data_processing_dag.py
[2024-11-23T10:49:15.222+0000] {logging_mixin.py:190} INFO - [2024-11-23T10:49:15.221+0000] {dag.py:3239} INFO - Sync 1 DAGs
[2024-11-23T10:49:15.237+0000] {logging_mixin.py:190} INFO - [2024-11-23T10:49:15.236+0000] {dag.py:4180} INFO - Setting next_dagrun for data_processing_dag to None, run_after=None
[2024-11-23T10:49:16.119+0000] {processor.py:208} INFO - Processing /opt/airflow/dags/data_processing_dag.py took 1.749 seconds
[2024-11-23T10:49:39.800+0000] {processor.py:186} INFO - Started process (PID=1039) to work on /opt/airflow/dags/data_processing_dag.py
[2024-11-23T10:49:39.802+0000] {processor.py:914} INFO - Processing file /opt/airflow/dags/data_processing_dag.py for tasks to queue
[2024-11-23T10:49:39.807+0000] {logging_mixin.py:190} INFO - [2024-11-23T10:49:39.806+0000] {dagbag.py:588} INFO - Filling up the DagBag from /opt/airflow/dags/data_processing_dag.py
[2024-11-23T10:49:41.407+0000] {processor.py:925} INFO - DAG(s) 'data_processing_dag' retrieved from /opt/airflow/dags/data_processing_dag.py
[2024-11-23T10:49:41.427+0000] {logging_mixin.py:190} INFO - [2024-11-23T10:49:41.427+0000] {dag.py:3239} INFO - Sync 1 DAGs
[2024-11-23T10:49:41.442+0000] {logging_mixin.py:190} INFO - [2024-11-23T10:49:41.441+0000] {dag.py:4180} INFO - Setting next_dagrun for data_processing_dag to None, run_after=None
[2024-11-23T10:49:41.505+0000] {processor.py:208} INFO - Processing /opt/airflow/dags/data_processing_dag.py took 1.717 seconds
[2024-11-23T10:50:11.836+0000] {processor.py:186} INFO - Started process (PID=1122) to work on /opt/airflow/dags/data_processing_dag.py
[2024-11-23T10:50:11.837+0000] {processor.py:914} INFO - Processing file /opt/airflow/dags/data_processing_dag.py for tasks to queue
[2024-11-23T10:50:11.841+0000] {logging_mixin.py:190} INFO - [2024-11-23T10:50:11.840+0000] {dagbag.py:588} INFO - Filling up the DagBag from /opt/airflow/dags/data_processing_dag.py
[2024-11-23T10:50:13.019+0000] {processor.py:925} INFO - DAG(s) 'data_processing_dag' retrieved from /opt/airflow/dags/data_processing_dag.py
[2024-11-23T10:50:13.044+0000] {logging_mixin.py:190} INFO - [2024-11-23T10:50:13.043+0000] {dag.py:3239} INFO - Sync 1 DAGs
[2024-11-23T10:50:13.060+0000] {logging_mixin.py:190} INFO - [2024-11-23T10:50:13.059+0000] {dag.py:4180} INFO - Setting next_dagrun for data_processing_dag to None, run_after=None
[2024-11-23T10:50:13.125+0000] {processor.py:208} INFO - Processing /opt/airflow/dags/data_processing_dag.py took 1.296 seconds
[2024-11-23T10:50:43.410+0000] {processor.py:186} INFO - Started process (PID=1204) to work on /opt/airflow/dags/data_processing_dag.py
[2024-11-23T10:50:43.411+0000] {processor.py:914} INFO - Processing file /opt/airflow/dags/data_processing_dag.py for tasks to queue
[2024-11-23T10:50:43.414+0000] {logging_mixin.py:190} INFO - [2024-11-23T10:50:43.413+0000] {dagbag.py:588} INFO - Filling up the DagBag from /opt/airflow/dags/data_processing_dag.py
[2024-11-23T10:50:44.457+0000] {processor.py:925} INFO - DAG(s) 'data_processing_dag' retrieved from /opt/airflow/dags/data_processing_dag.py
[2024-11-23T10:50:44.477+0000] {logging_mixin.py:190} INFO - [2024-11-23T10:50:44.476+0000] {dag.py:3239} INFO - Sync 1 DAGs
[2024-11-23T10:50:44.490+0000] {logging_mixin.py:190} INFO - [2024-11-23T10:50:44.490+0000] {dag.py:4180} INFO - Setting next_dagrun for data_processing_dag to None, run_after=None
[2024-11-23T10:50:44.605+0000] {processor.py:208} INFO - Processing /opt/airflow/dags/data_processing_dag.py took 1.202 seconds
[2024-11-23T10:51:15.482+0000] {processor.py:186} INFO - Started process (PID=1279) to work on /opt/airflow/dags/data_processing_dag.py
[2024-11-23T10:51:15.483+0000] {processor.py:914} INFO - Processing file /opt/airflow/dags/data_processing_dag.py for tasks to queue
[2024-11-23T10:51:15.487+0000] {logging_mixin.py:190} INFO - [2024-11-23T10:51:15.487+0000] {dagbag.py:588} INFO - Filling up the DagBag from /opt/airflow/dags/data_processing_dag.py
[2024-11-23T10:51:16.481+0000] {processor.py:925} INFO - DAG(s) 'data_processing_dag' retrieved from /opt/airflow/dags/data_processing_dag.py
[2024-11-23T10:51:16.504+0000] {logging_mixin.py:190} INFO - [2024-11-23T10:51:16.503+0000] {dag.py:3239} INFO - Sync 1 DAGs
[2024-11-23T10:51:16.522+0000] {logging_mixin.py:190} INFO - [2024-11-23T10:51:16.521+0000] {dag.py:4180} INFO - Setting next_dagrun for data_processing_dag to None, run_after=None
[2024-11-23T10:51:16.581+0000] {processor.py:208} INFO - Processing /opt/airflow/dags/data_processing_dag.py took 1.107 seconds
[2024-11-23T10:51:37.058+0000] {processor.py:186} INFO - Started process (PID=1340) to work on /opt/airflow/dags/data_processing_dag.py
[2024-11-23T10:51:37.061+0000] {processor.py:914} INFO - Processing file /opt/airflow/dags/data_processing_dag.py for tasks to queue
[2024-11-23T10:51:37.065+0000] {logging_mixin.py:190} INFO - [2024-11-23T10:51:37.065+0000] {dagbag.py:588} INFO - Filling up the DagBag from /opt/airflow/dags/data_processing_dag.py
[2024-11-23T10:51:38.439+0000] {processor.py:925} INFO - DAG(s) 'data_processing_dag' retrieved from /opt/airflow/dags/data_processing_dag.py
[2024-11-23T10:51:38.516+0000] {logging_mixin.py:190} INFO - [2024-11-23T10:51:38.515+0000] {dag.py:3239} INFO - Sync 1 DAGs
[2024-11-23T10:51:38.594+0000] {logging_mixin.py:190} INFO - [2024-11-23T10:51:38.594+0000] {dag.py:4180} INFO - Setting next_dagrun for data_processing_dag to None, run_after=None
[2024-11-23T10:51:39.682+0000] {processor.py:208} INFO - Processing /opt/airflow/dags/data_processing_dag.py took 2.638 seconds
[2024-11-23T10:52:10.277+0000] {processor.py:186} INFO - Started process (PID=1425) to work on /opt/airflow/dags/data_processing_dag.py
[2024-11-23T10:52:10.278+0000] {processor.py:914} INFO - Processing file /opt/airflow/dags/data_processing_dag.py for tasks to queue
[2024-11-23T10:52:10.282+0000] {logging_mixin.py:190} INFO - [2024-11-23T10:52:10.282+0000] {dagbag.py:588} INFO - Filling up the DagBag from /opt/airflow/dags/data_processing_dag.py
[2024-11-23T10:52:11.322+0000] {processor.py:925} INFO - DAG(s) 'data_processing_dag' retrieved from /opt/airflow/dags/data_processing_dag.py
[2024-11-23T10:52:11.345+0000] {logging_mixin.py:190} INFO - [2024-11-23T10:52:11.345+0000] {dag.py:3239} INFO - Sync 1 DAGs
[2024-11-23T10:52:11.362+0000] {logging_mixin.py:190} INFO - [2024-11-23T10:52:11.362+0000] {dag.py:4180} INFO - Setting next_dagrun for data_processing_dag to None, run_after=None
[2024-11-23T10:52:11.412+0000] {processor.py:208} INFO - Processing /opt/airflow/dags/data_processing_dag.py took 1.144 seconds
[2024-11-23T10:52:41.750+0000] {processor.py:186} INFO - Started process (PID=1504) to work on /opt/airflow/dags/data_processing_dag.py
[2024-11-23T10:52:41.751+0000] {processor.py:914} INFO - Processing file /opt/airflow/dags/data_processing_dag.py for tasks to queue
[2024-11-23T10:52:41.754+0000] {logging_mixin.py:190} INFO - [2024-11-23T10:52:41.754+0000] {dagbag.py:588} INFO - Filling up the DagBag from /opt/airflow/dags/data_processing_dag.py
[2024-11-23T10:52:42.865+0000] {processor.py:925} INFO - DAG(s) 'data_processing_dag' retrieved from /opt/airflow/dags/data_processing_dag.py
[2024-11-23T10:52:42.885+0000] {logging_mixin.py:190} INFO - [2024-11-23T10:52:42.884+0000] {dag.py:3239} INFO - Sync 1 DAGs
[2024-11-23T10:52:42.903+0000] {logging_mixin.py:190} INFO - [2024-11-23T10:52:42.902+0000] {dag.py:4180} INFO - Setting next_dagrun for data_processing_dag to None, run_after=None
[2024-11-23T10:52:43.717+0000] {processor.py:208} INFO - Processing /opt/airflow/dags/data_processing_dag.py took 1.976 seconds
[2024-11-23T10:53:13.831+0000] {processor.py:186} INFO - Started process (PID=1583) to work on /opt/airflow/dags/data_processing_dag.py
[2024-11-23T10:53:13.832+0000] {processor.py:914} INFO - Processing file /opt/airflow/dags/data_processing_dag.py for tasks to queue
[2024-11-23T10:53:13.835+0000] {logging_mixin.py:190} INFO - [2024-11-23T10:53:13.835+0000] {dagbag.py:588} INFO - Filling up the DagBag from /opt/airflow/dags/data_processing_dag.py
[2024-11-23T10:53:14.764+0000] {processor.py:925} INFO - DAG(s) 'data_processing_dag' retrieved from /opt/airflow/dags/data_processing_dag.py
[2024-11-23T10:53:14.781+0000] {logging_mixin.py:190} INFO - [2024-11-23T10:53:14.781+0000] {dag.py:3239} INFO - Sync 1 DAGs
[2024-11-23T10:53:14.795+0000] {logging_mixin.py:190} INFO - [2024-11-23T10:53:14.795+0000] {dag.py:4180} INFO - Setting next_dagrun for data_processing_dag to None, run_after=None
[2024-11-23T10:53:14.862+0000] {processor.py:208} INFO - Processing /opt/airflow/dags/data_processing_dag.py took 1.041 seconds
[2024-11-23T10:53:44.987+0000] {processor.py:186} INFO - Started process (PID=1662) to work on /opt/airflow/dags/data_processing_dag.py
[2024-11-23T10:53:44.989+0000] {processor.py:914} INFO - Processing file /opt/airflow/dags/data_processing_dag.py for tasks to queue
[2024-11-23T10:53:44.992+0000] {logging_mixin.py:190} INFO - [2024-11-23T10:53:44.991+0000] {dagbag.py:588} INFO - Filling up the DagBag from /opt/airflow/dags/data_processing_dag.py
[2024-11-23T10:53:46.166+0000] {processor.py:925} INFO - DAG(s) 'data_processing_dag' retrieved from /opt/airflow/dags/data_processing_dag.py
[2024-11-23T10:53:46.185+0000] {logging_mixin.py:190} INFO - [2024-11-23T10:53:46.184+0000] {dag.py:3239} INFO - Sync 1 DAGs
[2024-11-23T10:53:46.204+0000] {logging_mixin.py:190} INFO - [2024-11-23T10:53:46.204+0000] {dag.py:4180} INFO - Setting next_dagrun for data_processing_dag to None, run_after=None
[2024-11-23T10:53:46.266+0000] {processor.py:208} INFO - Processing /opt/airflow/dags/data_processing_dag.py took 1.289 seconds
[2024-11-23T10:54:16.336+0000] {processor.py:186} INFO - Started process (PID=1742) to work on /opt/airflow/dags/data_processing_dag.py
[2024-11-23T10:54:16.337+0000] {processor.py:914} INFO - Processing file /opt/airflow/dags/data_processing_dag.py for tasks to queue
[2024-11-23T10:54:16.340+0000] {logging_mixin.py:190} INFO - [2024-11-23T10:54:16.340+0000] {dagbag.py:588} INFO - Filling up the DagBag from /opt/airflow/dags/data_processing_dag.py
[2024-11-23T10:54:17.296+0000] {processor.py:925} INFO - DAG(s) 'data_processing_dag' retrieved from /opt/airflow/dags/data_processing_dag.py
[2024-11-23T10:54:17.314+0000] {logging_mixin.py:190} INFO - [2024-11-23T10:54:17.314+0000] {dag.py:3239} INFO - Sync 1 DAGs
[2024-11-23T10:54:17.335+0000] {logging_mixin.py:190} INFO - [2024-11-23T10:54:17.334+0000] {dag.py:4180} INFO - Setting next_dagrun for data_processing_dag to None, run_after=None
[2024-11-23T10:54:17.396+0000] {processor.py:208} INFO - Processing /opt/airflow/dags/data_processing_dag.py took 1.066 seconds
[2024-11-23T10:54:47.574+0000] {processor.py:186} INFO - Started process (PID=1822) to work on /opt/airflow/dags/data_processing_dag.py
[2024-11-23T10:54:47.575+0000] {processor.py:914} INFO - Processing file /opt/airflow/dags/data_processing_dag.py for tasks to queue
[2024-11-23T10:54:47.578+0000] {logging_mixin.py:190} INFO - [2024-11-23T10:54:47.578+0000] {dagbag.py:588} INFO - Filling up the DagBag from /opt/airflow/dags/data_processing_dag.py
[2024-11-23T10:54:48.548+0000] {processor.py:925} INFO - DAG(s) 'data_processing_dag' retrieved from /opt/airflow/dags/data_processing_dag.py
[2024-11-23T10:54:48.566+0000] {logging_mixin.py:190} INFO - [2024-11-23T10:54:48.566+0000] {dag.py:3239} INFO - Sync 1 DAGs
[2024-11-23T10:54:48.579+0000] {logging_mixin.py:190} INFO - [2024-11-23T10:54:48.579+0000] {dag.py:4180} INFO - Setting next_dagrun for data_processing_dag to None, run_after=None
[2024-11-23T10:54:49.834+0000] {processor.py:208} INFO - Processing /opt/airflow/dags/data_processing_dag.py took 2.268 seconds
[2024-11-23T10:55:20.129+0000] {processor.py:186} INFO - Started process (PID=1901) to work on /opt/airflow/dags/data_processing_dag.py
[2024-11-23T10:55:20.130+0000] {processor.py:914} INFO - Processing file /opt/airflow/dags/data_processing_dag.py for tasks to queue
[2024-11-23T10:55:20.134+0000] {logging_mixin.py:190} INFO - [2024-11-23T10:55:20.133+0000] {dagbag.py:588} INFO - Filling up the DagBag from /opt/airflow/dags/data_processing_dag.py
[2024-11-23T10:55:21.266+0000] {processor.py:925} INFO - DAG(s) 'data_processing_dag' retrieved from /opt/airflow/dags/data_processing_dag.py
[2024-11-23T10:55:21.285+0000] {logging_mixin.py:190} INFO - [2024-11-23T10:55:21.284+0000] {dag.py:3239} INFO - Sync 1 DAGs
[2024-11-23T10:55:21.307+0000] {logging_mixin.py:190} INFO - [2024-11-23T10:55:21.307+0000] {dag.py:4180} INFO - Setting next_dagrun for data_processing_dag to None, run_after=None
[2024-11-23T10:55:21.355+0000] {processor.py:208} INFO - Processing /opt/airflow/dags/data_processing_dag.py took 1.239 seconds
[2024-11-23T10:55:52.153+0000] {processor.py:186} INFO - Started process (PID=1982) to work on /opt/airflow/dags/data_processing_dag.py
[2024-11-23T10:55:52.155+0000] {processor.py:914} INFO - Processing file /opt/airflow/dags/data_processing_dag.py for tasks to queue
[2024-11-23T10:55:52.159+0000] {logging_mixin.py:190} INFO - [2024-11-23T10:55:52.159+0000] {dagbag.py:588} INFO - Filling up the DagBag from /opt/airflow/dags/data_processing_dag.py
[2024-11-23T10:55:53.296+0000] {processor.py:925} INFO - DAG(s) 'data_processing_dag' retrieved from /opt/airflow/dags/data_processing_dag.py
[2024-11-23T10:55:53.318+0000] {logging_mixin.py:190} INFO - [2024-11-23T10:55:53.318+0000] {dag.py:3239} INFO - Sync 1 DAGs
[2024-11-23T10:55:53.334+0000] {logging_mixin.py:190} INFO - [2024-11-23T10:55:53.334+0000] {dag.py:4180} INFO - Setting next_dagrun for data_processing_dag to None, run_after=None
[2024-11-23T10:55:53.432+0000] {processor.py:208} INFO - Processing /opt/airflow/dags/data_processing_dag.py took 1.292 seconds
[2024-11-23T10:56:23.751+0000] {processor.py:186} INFO - Started process (PID=2063) to work on /opt/airflow/dags/data_processing_dag.py
[2024-11-23T10:56:23.752+0000] {processor.py:914} INFO - Processing file /opt/airflow/dags/data_processing_dag.py for tasks to queue
[2024-11-23T10:56:23.756+0000] {logging_mixin.py:190} INFO - [2024-11-23T10:56:23.756+0000] {dagbag.py:588} INFO - Filling up the DagBag from /opt/airflow/dags/data_processing_dag.py
[2024-11-23T10:56:24.773+0000] {processor.py:925} INFO - DAG(s) 'data_processing_dag' retrieved from /opt/airflow/dags/data_processing_dag.py
[2024-11-23T10:56:24.791+0000] {logging_mixin.py:190} INFO - [2024-11-23T10:56:24.791+0000] {dag.py:3239} INFO - Sync 1 DAGs
[2024-11-23T10:56:24.805+0000] {logging_mixin.py:190} INFO - [2024-11-23T10:56:24.805+0000] {dag.py:4180} INFO - Setting next_dagrun for data_processing_dag to None, run_after=None
[2024-11-23T10:56:25.066+0000] {processor.py:208} INFO - Processing /opt/airflow/dags/data_processing_dag.py took 1.324 seconds
[2024-11-23T10:56:55.616+0000] {processor.py:186} INFO - Started process (PID=2143) to work on /opt/airflow/dags/data_processing_dag.py
[2024-11-23T10:56:55.618+0000] {processor.py:914} INFO - Processing file /opt/airflow/dags/data_processing_dag.py for tasks to queue
[2024-11-23T10:56:55.621+0000] {logging_mixin.py:190} INFO - [2024-11-23T10:56:55.620+0000] {dagbag.py:588} INFO - Filling up the DagBag from /opt/airflow/dags/data_processing_dag.py
[2024-11-23T10:56:56.618+0000] {processor.py:925} INFO - DAG(s) 'data_processing_dag' retrieved from /opt/airflow/dags/data_processing_dag.py
[2024-11-23T10:56:56.638+0000] {logging_mixin.py:190} INFO - [2024-11-23T10:56:56.637+0000] {dag.py:3239} INFO - Sync 1 DAGs
[2024-11-23T10:56:56.656+0000] {logging_mixin.py:190} INFO - [2024-11-23T10:56:56.656+0000] {dag.py:4180} INFO - Setting next_dagrun for data_processing_dag to None, run_after=None
[2024-11-23T10:56:56.732+0000] {processor.py:208} INFO - Processing /opt/airflow/dags/data_processing_dag.py took 1.123 seconds
[2024-11-23T10:57:26.803+0000] {processor.py:186} INFO - Started process (PID=2221) to work on /opt/airflow/dags/data_processing_dag.py
[2024-11-23T10:57:26.804+0000] {processor.py:914} INFO - Processing file /opt/airflow/dags/data_processing_dag.py for tasks to queue
[2024-11-23T10:57:26.807+0000] {logging_mixin.py:190} INFO - [2024-11-23T10:57:26.807+0000] {dagbag.py:588} INFO - Filling up the DagBag from /opt/airflow/dags/data_processing_dag.py
[2024-11-23T10:57:27.821+0000] {processor.py:925} INFO - DAG(s) 'data_processing_dag' retrieved from /opt/airflow/dags/data_processing_dag.py
[2024-11-23T10:57:27.838+0000] {logging_mixin.py:190} INFO - [2024-11-23T10:57:27.838+0000] {dag.py:3239} INFO - Sync 1 DAGs
[2024-11-23T10:57:27.853+0000] {logging_mixin.py:190} INFO - [2024-11-23T10:57:27.853+0000] {dag.py:4180} INFO - Setting next_dagrun for data_processing_dag to None, run_after=None
[2024-11-23T10:57:27.924+0000] {processor.py:208} INFO - Processing /opt/airflow/dags/data_processing_dag.py took 1.131 seconds
[2024-11-23T10:57:58.145+0000] {processor.py:186} INFO - Started process (PID=2302) to work on /opt/airflow/dags/data_processing_dag.py
[2024-11-23T10:57:58.146+0000] {processor.py:914} INFO - Processing file /opt/airflow/dags/data_processing_dag.py for tasks to queue
[2024-11-23T10:57:58.149+0000] {logging_mixin.py:190} INFO - [2024-11-23T10:57:58.149+0000] {dagbag.py:588} INFO - Filling up the DagBag from /opt/airflow/dags/data_processing_dag.py
[2024-11-23T10:57:59.189+0000] {processor.py:925} INFO - DAG(s) 'data_processing_dag' retrieved from /opt/airflow/dags/data_processing_dag.py
[2024-11-23T10:57:59.208+0000] {logging_mixin.py:190} INFO - [2024-11-23T10:57:59.207+0000] {dag.py:3239} INFO - Sync 1 DAGs
[2024-11-23T10:57:59.225+0000] {logging_mixin.py:190} INFO - [2024-11-23T10:57:59.225+0000] {dag.py:4180} INFO - Setting next_dagrun for data_processing_dag to None, run_after=None
[2024-11-23T10:57:59.479+0000] {processor.py:208} INFO - Processing /opt/airflow/dags/data_processing_dag.py took 1.341 seconds
[2024-11-23T10:58:29.607+0000] {processor.py:186} INFO - Started process (PID=2381) to work on /opt/airflow/dags/data_processing_dag.py
[2024-11-23T10:58:29.608+0000] {processor.py:914} INFO - Processing file /opt/airflow/dags/data_processing_dag.py for tasks to queue
[2024-11-23T10:58:29.612+0000] {logging_mixin.py:190} INFO - [2024-11-23T10:58:29.611+0000] {dagbag.py:588} INFO - Filling up the DagBag from /opt/airflow/dags/data_processing_dag.py
[2024-11-23T10:58:30.652+0000] {processor.py:925} INFO - DAG(s) 'data_processing_dag' retrieved from /opt/airflow/dags/data_processing_dag.py
[2024-11-23T10:58:30.677+0000] {logging_mixin.py:190} INFO - [2024-11-23T10:58:30.676+0000] {dag.py:3239} INFO - Sync 1 DAGs
[2024-11-23T10:58:30.696+0000] {logging_mixin.py:190} INFO - [2024-11-23T10:58:30.696+0000] {dag.py:4180} INFO - Setting next_dagrun for data_processing_dag to None, run_after=None
[2024-11-23T10:58:30.763+0000] {processor.py:208} INFO - Processing /opt/airflow/dags/data_processing_dag.py took 1.165 seconds
[2024-11-23T10:59:01.153+0000] {processor.py:186} INFO - Started process (PID=2462) to work on /opt/airflow/dags/data_processing_dag.py
[2024-11-23T10:59:01.154+0000] {processor.py:914} INFO - Processing file /opt/airflow/dags/data_processing_dag.py for tasks to queue
[2024-11-23T10:59:01.157+0000] {logging_mixin.py:190} INFO - [2024-11-23T10:59:01.157+0000] {dagbag.py:588} INFO - Filling up the DagBag from /opt/airflow/dags/data_processing_dag.py
[2024-11-23T10:59:02.191+0000] {processor.py:925} INFO - DAG(s) 'data_processing_dag' retrieved from /opt/airflow/dags/data_processing_dag.py
[2024-11-23T10:59:02.208+0000] {logging_mixin.py:190} INFO - [2024-11-23T10:59:02.207+0000] {dag.py:3239} INFO - Sync 1 DAGs
[2024-11-23T10:59:02.223+0000] {logging_mixin.py:190} INFO - [2024-11-23T10:59:02.223+0000] {dag.py:4180} INFO - Setting next_dagrun for data_processing_dag to None, run_after=None
[2024-11-23T10:59:02.274+0000] {processor.py:208} INFO - Processing /opt/airflow/dags/data_processing_dag.py took 1.130 seconds
[2024-11-23T10:59:32.512+0000] {processor.py:186} INFO - Started process (PID=2541) to work on /opt/airflow/dags/data_processing_dag.py
[2024-11-23T10:59:32.514+0000] {processor.py:914} INFO - Processing file /opt/airflow/dags/data_processing_dag.py for tasks to queue
[2024-11-23T10:59:32.519+0000] {logging_mixin.py:190} INFO - [2024-11-23T10:59:32.518+0000] {dagbag.py:588} INFO - Filling up the DagBag from /opt/airflow/dags/data_processing_dag.py
[2024-11-23T10:59:33.738+0000] {processor.py:925} INFO - DAG(s) 'data_processing_dag' retrieved from /opt/airflow/dags/data_processing_dag.py
[2024-11-23T10:59:33.757+0000] {logging_mixin.py:190} INFO - [2024-11-23T10:59:33.757+0000] {dag.py:3239} INFO - Sync 1 DAGs
[2024-11-23T10:59:33.774+0000] {logging_mixin.py:190} INFO - [2024-11-23T10:59:33.774+0000] {dag.py:4180} INFO - Setting next_dagrun for data_processing_dag to None, run_after=None
[2024-11-23T10:59:33.834+0000] {processor.py:208} INFO - Processing /opt/airflow/dags/data_processing_dag.py took 1.328 seconds
[2024-11-23T11:00:04.270+0000] {processor.py:186} INFO - Started process (PID=2622) to work on /opt/airflow/dags/data_processing_dag.py
[2024-11-23T11:00:04.271+0000] {processor.py:914} INFO - Processing file /opt/airflow/dags/data_processing_dag.py for tasks to queue
[2024-11-23T11:00:04.275+0000] {logging_mixin.py:190} INFO - [2024-11-23T11:00:04.275+0000] {dagbag.py:588} INFO - Filling up the DagBag from /opt/airflow/dags/data_processing_dag.py
[2024-11-23T11:00:05.258+0000] {processor.py:925} INFO - DAG(s) 'data_processing_dag' retrieved from /opt/airflow/dags/data_processing_dag.py
[2024-11-23T11:00:05.278+0000] {logging_mixin.py:190} INFO - [2024-11-23T11:00:05.278+0000] {dag.py:3239} INFO - Sync 1 DAGs
[2024-11-23T11:00:05.293+0000] {logging_mixin.py:190} INFO - [2024-11-23T11:00:05.293+0000] {dag.py:4180} INFO - Setting next_dagrun for data_processing_dag to None, run_after=None
[2024-11-23T11:00:05.353+0000] {processor.py:208} INFO - Processing /opt/airflow/dags/data_processing_dag.py took 1.091 seconds
[2024-11-23T11:00:35.585+0000] {processor.py:186} INFO - Started process (PID=2702) to work on /opt/airflow/dags/data_processing_dag.py
[2024-11-23T11:00:35.586+0000] {processor.py:914} INFO - Processing file /opt/airflow/dags/data_processing_dag.py for tasks to queue
[2024-11-23T11:00:35.589+0000] {logging_mixin.py:190} INFO - [2024-11-23T11:00:35.588+0000] {dagbag.py:588} INFO - Filling up the DagBag from /opt/airflow/dags/data_processing_dag.py
[2024-11-23T11:00:36.698+0000] {processor.py:925} INFO - DAG(s) 'data_processing_dag' retrieved from /opt/airflow/dags/data_processing_dag.py
[2024-11-23T11:00:36.721+0000] {logging_mixin.py:190} INFO - [2024-11-23T11:00:36.720+0000] {dag.py:3239} INFO - Sync 1 DAGs
[2024-11-23T11:00:36.738+0000] {logging_mixin.py:190} INFO - [2024-11-23T11:00:36.738+0000] {dag.py:4180} INFO - Setting next_dagrun for data_processing_dag to None, run_after=None
[2024-11-23T11:00:36.788+0000] {processor.py:208} INFO - Processing /opt/airflow/dags/data_processing_dag.py took 1.214 seconds
[2024-11-23T11:01:08.303+0000] {processor.py:186} INFO - Started process (PID=2782) to work on /opt/airflow/dags/data_processing_dag.py
[2024-11-23T11:01:08.304+0000] {processor.py:914} INFO - Processing file /opt/airflow/dags/data_processing_dag.py for tasks to queue
[2024-11-23T11:01:08.307+0000] {logging_mixin.py:190} INFO - [2024-11-23T11:01:08.306+0000] {dagbag.py:588} INFO - Filling up the DagBag from /opt/airflow/dags/data_processing_dag.py
[2024-11-23T11:01:09.297+0000] {processor.py:925} INFO - DAG(s) 'data_processing_dag' retrieved from /opt/airflow/dags/data_processing_dag.py
[2024-11-23T11:01:09.318+0000] {logging_mixin.py:190} INFO - [2024-11-23T11:01:09.317+0000] {dag.py:3239} INFO - Sync 1 DAGs
[2024-11-23T11:01:09.333+0000] {logging_mixin.py:190} INFO - [2024-11-23T11:01:09.333+0000] {dag.py:4180} INFO - Setting next_dagrun for data_processing_dag to None, run_after=None
[2024-11-23T11:01:09.420+0000] {processor.py:208} INFO - Processing /opt/airflow/dags/data_processing_dag.py took 1.126 seconds
[2024-11-23T11:01:40.890+0000] {processor.py:186} INFO - Started process (PID=2858) to work on /opt/airflow/dags/data_processing_dag.py
[2024-11-23T11:01:40.892+0000] {processor.py:914} INFO - Processing file /opt/airflow/dags/data_processing_dag.py for tasks to queue
[2024-11-23T11:01:40.898+0000] {logging_mixin.py:190} INFO - [2024-11-23T11:01:40.897+0000] {dagbag.py:588} INFO - Filling up the DagBag from /opt/airflow/dags/data_processing_dag.py
[2024-11-23T11:01:42.350+0000] {processor.py:925} INFO - DAG(s) 'data_processing_dag' retrieved from /opt/airflow/dags/data_processing_dag.py
[2024-11-23T11:01:42.374+0000] {logging_mixin.py:190} INFO - [2024-11-23T11:01:42.374+0000] {dag.py:3239} INFO - Sync 1 DAGs
[2024-11-23T11:01:42.397+0000] {logging_mixin.py:190} INFO - [2024-11-23T11:01:42.397+0000] {dag.py:4180} INFO - Setting next_dagrun for data_processing_dag to None, run_after=None
[2024-11-23T11:01:42.452+0000] {processor.py:208} INFO - Processing /opt/airflow/dags/data_processing_dag.py took 1.578 seconds
[2024-11-23T11:02:12.904+0000] {processor.py:186} INFO - Started process (PID=2946) to work on /opt/airflow/dags/data_processing_dag.py
[2024-11-23T11:02:12.906+0000] {processor.py:914} INFO - Processing file /opt/airflow/dags/data_processing_dag.py for tasks to queue
[2024-11-23T11:02:12.909+0000] {logging_mixin.py:190} INFO - [2024-11-23T11:02:12.908+0000] {dagbag.py:588} INFO - Filling up the DagBag from /opt/airflow/dags/data_processing_dag.py
[2024-11-23T11:02:13.953+0000] {processor.py:925} INFO - DAG(s) 'data_processing_dag' retrieved from /opt/airflow/dags/data_processing_dag.py
[2024-11-23T11:02:13.971+0000] {logging_mixin.py:190} INFO - [2024-11-23T11:02:13.971+0000] {dag.py:3239} INFO - Sync 1 DAGs
[2024-11-23T11:02:13.987+0000] {logging_mixin.py:190} INFO - [2024-11-23T11:02:13.987+0000] {dag.py:4180} INFO - Setting next_dagrun for data_processing_dag to None, run_after=None
[2024-11-23T11:02:14.061+0000] {processor.py:208} INFO - Processing /opt/airflow/dags/data_processing_dag.py took 1.165 seconds
[2024-11-23T11:02:44.722+0000] {processor.py:186} INFO - Started process (PID=3023) to work on /opt/airflow/dags/data_processing_dag.py
[2024-11-23T11:02:44.724+0000] {processor.py:914} INFO - Processing file /opt/airflow/dags/data_processing_dag.py for tasks to queue
[2024-11-23T11:02:44.728+0000] {logging_mixin.py:190} INFO - [2024-11-23T11:02:44.728+0000] {dagbag.py:588} INFO - Filling up the DagBag from /opt/airflow/dags/data_processing_dag.py
[2024-11-23T11:02:45.893+0000] {processor.py:925} INFO - DAG(s) 'data_processing_dag' retrieved from /opt/airflow/dags/data_processing_dag.py
[2024-11-23T11:02:45.911+0000] {logging_mixin.py:190} INFO - [2024-11-23T11:02:45.911+0000] {dag.py:3239} INFO - Sync 1 DAGs
[2024-11-23T11:02:45.925+0000] {logging_mixin.py:190} INFO - [2024-11-23T11:02:45.925+0000] {dag.py:4180} INFO - Setting next_dagrun for data_processing_dag to None, run_after=None
[2024-11-23T11:02:47.048+0000] {processor.py:208} INFO - Processing /opt/airflow/dags/data_processing_dag.py took 2.342 seconds
[2024-11-23T11:03:17.859+0000] {processor.py:186} INFO - Started process (PID=3102) to work on /opt/airflow/dags/data_processing_dag.py
[2024-11-23T11:03:17.861+0000] {processor.py:914} INFO - Processing file /opt/airflow/dags/data_processing_dag.py for tasks to queue
[2024-11-23T11:03:17.865+0000] {logging_mixin.py:190} INFO - [2024-11-23T11:03:17.864+0000] {dagbag.py:588} INFO - Filling up the DagBag from /opt/airflow/dags/data_processing_dag.py
[2024-11-23T11:03:18.855+0000] {processor.py:925} INFO - DAG(s) 'data_processing_dag' retrieved from /opt/airflow/dags/data_processing_dag.py
[2024-11-23T11:03:18.873+0000] {logging_mixin.py:190} INFO - [2024-11-23T11:03:18.873+0000] {dag.py:3239} INFO - Sync 1 DAGs
[2024-11-23T11:03:18.886+0000] {logging_mixin.py:190} INFO - [2024-11-23T11:03:18.885+0000] {dag.py:4180} INFO - Setting next_dagrun for data_processing_dag to None, run_after=None
[2024-11-23T11:03:18.966+0000] {processor.py:208} INFO - Processing /opt/airflow/dags/data_processing_dag.py took 1.116 seconds
[2024-11-23T11:03:49.467+0000] {processor.py:186} INFO - Started process (PID=3181) to work on /opt/airflow/dags/data_processing_dag.py
[2024-11-23T11:03:49.469+0000] {processor.py:914} INFO - Processing file /opt/airflow/dags/data_processing_dag.py for tasks to queue
[2024-11-23T11:03:49.471+0000] {logging_mixin.py:190} INFO - [2024-11-23T11:03:49.471+0000] {dagbag.py:588} INFO - Filling up the DagBag from /opt/airflow/dags/data_processing_dag.py
[2024-11-23T11:03:50.378+0000] {processor.py:925} INFO - DAG(s) 'data_processing_dag' retrieved from /opt/airflow/dags/data_processing_dag.py
[2024-11-23T11:03:50.394+0000] {logging_mixin.py:190} INFO - [2024-11-23T11:03:50.394+0000] {dag.py:3239} INFO - Sync 1 DAGs
[2024-11-23T11:03:50.408+0000] {logging_mixin.py:190} INFO - [2024-11-23T11:03:50.408+0000] {dag.py:4180} INFO - Setting next_dagrun for data_processing_dag to None, run_after=None
[2024-11-23T11:03:50.484+0000] {processor.py:208} INFO - Processing /opt/airflow/dags/data_processing_dag.py took 1.024 seconds
[2024-11-23T11:04:20.559+0000] {processor.py:186} INFO - Started process (PID=3260) to work on /opt/airflow/dags/data_processing_dag.py
[2024-11-23T11:04:20.561+0000] {processor.py:914} INFO - Processing file /opt/airflow/dags/data_processing_dag.py for tasks to queue
[2024-11-23T11:04:20.563+0000] {logging_mixin.py:190} INFO - [2024-11-23T11:04:20.563+0000] {dagbag.py:588} INFO - Filling up the DagBag from /opt/airflow/dags/data_processing_dag.py
[2024-11-23T11:04:21.499+0000] {processor.py:925} INFO - DAG(s) 'data_processing_dag' retrieved from /opt/airflow/dags/data_processing_dag.py
[2024-11-23T11:04:21.520+0000] {logging_mixin.py:190} INFO - [2024-11-23T11:04:21.519+0000] {dag.py:3239} INFO - Sync 1 DAGs
[2024-11-23T11:04:21.538+0000] {logging_mixin.py:190} INFO - [2024-11-23T11:04:21.538+0000] {dag.py:4180} INFO - Setting next_dagrun for data_processing_dag to None, run_after=None
[2024-11-23T11:04:21.589+0000] {processor.py:208} INFO - Processing /opt/airflow/dags/data_processing_dag.py took 1.038 seconds
[2024-11-23T11:04:51.725+0000] {processor.py:186} INFO - Started process (PID=3338) to work on /opt/airflow/dags/data_processing_dag.py
[2024-11-23T11:04:51.726+0000] {processor.py:914} INFO - Processing file /opt/airflow/dags/data_processing_dag.py for tasks to queue
[2024-11-23T11:04:51.729+0000] {logging_mixin.py:190} INFO - [2024-11-23T11:04:51.729+0000] {dagbag.py:588} INFO - Filling up the DagBag from /opt/airflow/dags/data_processing_dag.py
[2024-11-23T11:04:52.825+0000] {processor.py:925} INFO - DAG(s) 'data_processing_dag' retrieved from /opt/airflow/dags/data_processing_dag.py
[2024-11-23T11:04:52.845+0000] {logging_mixin.py:190} INFO - [2024-11-23T11:04:52.844+0000] {dag.py:3239} INFO - Sync 1 DAGs
[2024-11-23T11:04:52.861+0000] {logging_mixin.py:190} INFO - [2024-11-23T11:04:52.860+0000] {dag.py:4180} INFO - Setting next_dagrun for data_processing_dag to None, run_after=None
[2024-11-23T11:04:53.005+0000] {processor.py:208} INFO - Processing /opt/airflow/dags/data_processing_dag.py took 1.289 seconds
[2024-11-23T11:05:23.616+0000] {processor.py:186} INFO - Started process (PID=3417) to work on /opt/airflow/dags/data_processing_dag.py
[2024-11-23T11:05:23.618+0000] {processor.py:914} INFO - Processing file /opt/airflow/dags/data_processing_dag.py for tasks to queue
[2024-11-23T11:05:23.621+0000] {logging_mixin.py:190} INFO - [2024-11-23T11:05:23.620+0000] {dagbag.py:588} INFO - Filling up the DagBag from /opt/airflow/dags/data_processing_dag.py
[2024-11-23T11:05:24.461+0000] {processor.py:925} INFO - DAG(s) 'data_processing_dag' retrieved from /opt/airflow/dags/data_processing_dag.py
[2024-11-23T11:05:24.478+0000] {logging_mixin.py:190} INFO - [2024-11-23T11:05:24.478+0000] {dag.py:3239} INFO - Sync 1 DAGs
[2024-11-23T11:05:24.492+0000] {logging_mixin.py:190} INFO - [2024-11-23T11:05:24.492+0000] {dag.py:4180} INFO - Setting next_dagrun for data_processing_dag to None, run_after=None
[2024-11-23T11:05:25.557+0000] {processor.py:208} INFO - Processing /opt/airflow/dags/data_processing_dag.py took 1.947 seconds
[2024-11-23T11:05:55.708+0000] {processor.py:186} INFO - Started process (PID=3497) to work on /opt/airflow/dags/data_processing_dag.py
[2024-11-23T11:05:55.709+0000] {processor.py:914} INFO - Processing file /opt/airflow/dags/data_processing_dag.py for tasks to queue
[2024-11-23T11:05:55.712+0000] {logging_mixin.py:190} INFO - [2024-11-23T11:05:55.712+0000] {dagbag.py:588} INFO - Filling up the DagBag from /opt/airflow/dags/data_processing_dag.py
[2024-11-23T11:05:56.573+0000] {processor.py:925} INFO - DAG(s) 'data_processing_dag' retrieved from /opt/airflow/dags/data_processing_dag.py
[2024-11-23T11:05:56.590+0000] {logging_mixin.py:190} INFO - [2024-11-23T11:05:56.590+0000] {dag.py:3239} INFO - Sync 1 DAGs
[2024-11-23T11:05:56.603+0000] {logging_mixin.py:190} INFO - [2024-11-23T11:05:56.603+0000] {dag.py:4180} INFO - Setting next_dagrun for data_processing_dag to None, run_after=None
[2024-11-23T11:05:56.656+0000] {processor.py:208} INFO - Processing /opt/airflow/dags/data_processing_dag.py took 0.958 seconds
[2024-11-23T11:06:28.306+0000] {processor.py:186} INFO - Started process (PID=3579) to work on /opt/airflow/dags/data_processing_dag.py
[2024-11-23T11:06:28.307+0000] {processor.py:914} INFO - Processing file /opt/airflow/dags/data_processing_dag.py for tasks to queue
[2024-11-23T11:06:28.310+0000] {logging_mixin.py:190} INFO - [2024-11-23T11:06:28.309+0000] {dagbag.py:588} INFO - Filling up the DagBag from /opt/airflow/dags/data_processing_dag.py
[2024-11-23T11:06:28.984+0000] {processor.py:925} INFO - DAG(s) 'data_processing_dag' retrieved from /opt/airflow/dags/data_processing_dag.py
[2024-11-23T11:06:29.003+0000] {logging_mixin.py:190} INFO - [2024-11-23T11:06:29.003+0000] {dag.py:3239} INFO - Sync 1 DAGs
[2024-11-23T11:06:29.018+0000] {logging_mixin.py:190} INFO - [2024-11-23T11:06:29.017+0000] {dag.py:4180} INFO - Setting next_dagrun for data_processing_dag to None, run_after=None
[2024-11-23T11:06:30.293+0000] {processor.py:208} INFO - Processing /opt/airflow/dags/data_processing_dag.py took 1.993 seconds
[2024-11-23T11:07:00.626+0000] {processor.py:186} INFO - Started process (PID=3658) to work on /opt/airflow/dags/data_processing_dag.py
[2024-11-23T11:07:00.628+0000] {processor.py:914} INFO - Processing file /opt/airflow/dags/data_processing_dag.py for tasks to queue
[2024-11-23T11:07:00.631+0000] {logging_mixin.py:190} INFO - [2024-11-23T11:07:00.631+0000] {dagbag.py:588} INFO - Filling up the DagBag from /opt/airflow/dags/data_processing_dag.py
[2024-11-23T11:07:01.426+0000] {processor.py:925} INFO - DAG(s) 'data_processing_dag' retrieved from /opt/airflow/dags/data_processing_dag.py
[2024-11-23T11:07:01.453+0000] {logging_mixin.py:190} INFO - [2024-11-23T11:07:01.452+0000] {dag.py:3239} INFO - Sync 1 DAGs
[2024-11-23T11:07:01.479+0000] {logging_mixin.py:190} INFO - [2024-11-23T11:07:01.478+0000] {dag.py:4180} INFO - Setting next_dagrun for data_processing_dag to None, run_after=None
[2024-11-23T11:07:01.874+0000] {processor.py:208} INFO - Processing /opt/airflow/dags/data_processing_dag.py took 1.258 seconds
[2024-11-23T11:07:31.655+0000] {processor.py:186} INFO - Started process (PID=3737) to work on /opt/airflow/dags/data_processing_dag.py
[2024-11-23T11:07:31.657+0000] {processor.py:914} INFO - Processing file /opt/airflow/dags/data_processing_dag.py for tasks to queue
[2024-11-23T11:07:31.661+0000] {logging_mixin.py:190} INFO - [2024-11-23T11:07:31.660+0000] {dagbag.py:588} INFO - Filling up the DagBag from /opt/airflow/dags/data_processing_dag.py
[2024-11-23T11:07:32.394+0000] {processor.py:925} INFO - DAG(s) 'data_processing_dag' retrieved from /opt/airflow/dags/data_processing_dag.py
[2024-11-23T11:07:32.420+0000] {logging_mixin.py:190} INFO - [2024-11-23T11:07:32.419+0000] {dag.py:3239} INFO - Sync 1 DAGs
[2024-11-23T11:07:32.437+0000] {logging_mixin.py:190} INFO - [2024-11-23T11:07:32.437+0000] {dag.py:4180} INFO - Setting next_dagrun for data_processing_dag to None, run_after=None
[2024-11-23T11:07:32.738+0000] {processor.py:208} INFO - Processing /opt/airflow/dags/data_processing_dag.py took 1.095 seconds
[2024-11-23T11:08:02.977+0000] {processor.py:186} INFO - Started process (PID=3816) to work on /opt/airflow/dags/data_processing_dag.py
[2024-11-23T11:08:02.980+0000] {processor.py:914} INFO - Processing file /opt/airflow/dags/data_processing_dag.py for tasks to queue
[2024-11-23T11:08:02.987+0000] {logging_mixin.py:190} INFO - [2024-11-23T11:08:02.987+0000] {dagbag.py:588} INFO - Filling up the DagBag from /opt/airflow/dags/data_processing_dag.py
[2024-11-23T11:08:05.157+0000] {processor.py:925} INFO - DAG(s) 'data_processing_dag' retrieved from /opt/airflow/dags/data_processing_dag.py
[2024-11-23T11:08:05.212+0000] {logging_mixin.py:190} INFO - [2024-11-23T11:08:05.205+0000] {dag.py:3239} INFO - Sync 1 DAGs
[2024-11-23T11:08:05.265+0000] {logging_mixin.py:190} INFO - [2024-11-23T11:08:05.264+0000] {dag.py:4180} INFO - Setting next_dagrun for data_processing_dag to None, run_after=None
[2024-11-23T11:08:05.402+0000] {processor.py:208} INFO - Processing /opt/airflow/dags/data_processing_dag.py took 2.444 seconds
[2024-11-23T11:09:43.916+0000] {processor.py:186} INFO - Started process (PID=3908) to work on /opt/airflow/dags/data_processing_dag.py
[2024-11-23T11:09:43.918+0000] {processor.py:914} INFO - Processing file /opt/airflow/dags/data_processing_dag.py for tasks to queue
[2024-11-23T11:09:43.923+0000] {logging_mixin.py:190} INFO - [2024-11-23T11:09:43.922+0000] {dagbag.py:588} INFO - Filling up the DagBag from /opt/airflow/dags/data_processing_dag.py
[2024-11-23T11:09:47.854+0000] {processor.py:925} INFO - DAG(s) 'data_processing_dag' retrieved from /opt/airflow/dags/data_processing_dag.py
[2024-11-23T11:09:47.883+0000] {logging_mixin.py:190} INFO - [2024-11-23T11:09:47.883+0000] {dag.py:3239} INFO - Sync 1 DAGs
[2024-11-23T11:09:47.910+0000] {logging_mixin.py:190} INFO - [2024-11-23T11:09:47.909+0000] {dag.py:4180} INFO - Setting next_dagrun for data_processing_dag to None, run_after=None
[2024-11-23T11:09:48.037+0000] {processor.py:208} INFO - Processing /opt/airflow/dags/data_processing_dag.py took 4.133 seconds
[2024-11-23T11:10:18.170+0000] {processor.py:186} INFO - Started process (PID=3987) to work on /opt/airflow/dags/data_processing_dag.py
[2024-11-23T11:10:18.171+0000] {processor.py:914} INFO - Processing file /opt/airflow/dags/data_processing_dag.py for tasks to queue
[2024-11-23T11:10:18.173+0000] {logging_mixin.py:190} INFO - [2024-11-23T11:10:18.172+0000] {dagbag.py:588} INFO - Filling up the DagBag from /opt/airflow/dags/data_processing_dag.py
[2024-11-23T11:10:18.990+0000] {processor.py:925} INFO - DAG(s) 'data_processing_dag' retrieved from /opt/airflow/dags/data_processing_dag.py
[2024-11-23T11:10:19.010+0000] {logging_mixin.py:190} INFO - [2024-11-23T11:10:19.010+0000] {dag.py:3239} INFO - Sync 1 DAGs
[2024-11-23T11:10:19.027+0000] {logging_mixin.py:190} INFO - [2024-11-23T11:10:19.026+0000] {dag.py:4180} INFO - Setting next_dagrun for data_processing_dag to None, run_after=None
[2024-11-23T11:10:20.380+0000] {processor.py:208} INFO - Processing /opt/airflow/dags/data_processing_dag.py took 2.220 seconds
[2024-11-23T11:10:51.299+0000] {processor.py:186} INFO - Started process (PID=4074) to work on /opt/airflow/dags/data_processing_dag.py
[2024-11-23T11:10:51.300+0000] {processor.py:914} INFO - Processing file /opt/airflow/dags/data_processing_dag.py for tasks to queue
[2024-11-23T11:10:51.301+0000] {logging_mixin.py:190} INFO - [2024-11-23T11:10:51.301+0000] {dagbag.py:588} INFO - Filling up the DagBag from /opt/airflow/dags/data_processing_dag.py
[2024-11-23T11:10:52.019+0000] {processor.py:925} INFO - DAG(s) 'data_processing_dag' retrieved from /opt/airflow/dags/data_processing_dag.py
[2024-11-23T11:10:52.314+0000] {logging_mixin.py:190} INFO - [2024-11-23T11:10:52.314+0000] {dag.py:3239} INFO - Sync 1 DAGs
[2024-11-23T11:10:52.417+0000] {logging_mixin.py:190} INFO - [2024-11-23T11:10:52.416+0000] {dag.py:4180} INFO - Setting next_dagrun for data_processing_dag to None, run_after=None
[2024-11-23T11:10:52.596+0000] {processor.py:208} INFO - Processing /opt/airflow/dags/data_processing_dag.py took 1.306 seconds
[2024-11-23T11:11:23.226+0000] {processor.py:186} INFO - Started process (PID=4160) to work on /opt/airflow/dags/data_processing_dag.py
[2024-11-23T11:11:23.228+0000] {processor.py:914} INFO - Processing file /opt/airflow/dags/data_processing_dag.py for tasks to queue
[2024-11-23T11:11:23.229+0000] {logging_mixin.py:190} INFO - [2024-11-23T11:11:23.229+0000] {dagbag.py:588} INFO - Filling up the DagBag from /opt/airflow/dags/data_processing_dag.py
[2024-11-23T11:11:23.868+0000] {processor.py:925} INFO - DAG(s) 'data_processing_dag' retrieved from /opt/airflow/dags/data_processing_dag.py
[2024-11-23T11:11:23.888+0000] {logging_mixin.py:190} INFO - [2024-11-23T11:11:23.888+0000] {dag.py:3239} INFO - Sync 1 DAGs
[2024-11-23T11:11:23.903+0000] {logging_mixin.py:190} INFO - [2024-11-23T11:11:23.903+0000] {dag.py:4180} INFO - Setting next_dagrun for data_processing_dag to None, run_after=None
[2024-11-23T11:11:24.568+0000] {processor.py:208} INFO - Processing /opt/airflow/dags/data_processing_dag.py took 1.350 seconds
[2024-11-23T11:11:54.996+0000] {processor.py:186} INFO - Started process (PID=4231) to work on /opt/airflow/dags/data_processing_dag.py
[2024-11-23T11:11:54.997+0000] {processor.py:914} INFO - Processing file /opt/airflow/dags/data_processing_dag.py for tasks to queue
[2024-11-23T11:11:55.000+0000] {logging_mixin.py:190} INFO - [2024-11-23T11:11:54.999+0000] {dagbag.py:588} INFO - Filling up the DagBag from /opt/airflow/dags/data_processing_dag.py
[2024-11-23T11:11:55.707+0000] {processor.py:925} INFO - DAG(s) 'data_processing_dag' retrieved from /opt/airflow/dags/data_processing_dag.py
[2024-11-23T11:11:55.726+0000] {logging_mixin.py:190} INFO - [2024-11-23T11:11:55.725+0000] {dag.py:3239} INFO - Sync 1 DAGs
[2024-11-23T11:11:55.743+0000] {logging_mixin.py:190} INFO - [2024-11-23T11:11:55.743+0000] {dag.py:4180} INFO - Setting next_dagrun for data_processing_dag to None, run_after=None
[2024-11-23T11:11:56.607+0000] {processor.py:208} INFO - Processing /opt/airflow/dags/data_processing_dag.py took 1.620 seconds
[2024-11-23T11:12:27.036+0000] {processor.py:186} INFO - Started process (PID=4310) to work on /opt/airflow/dags/data_processing_dag.py
[2024-11-23T11:12:27.038+0000] {processor.py:914} INFO - Processing file /opt/airflow/dags/data_processing_dag.py for tasks to queue
[2024-11-23T11:12:27.040+0000] {logging_mixin.py:190} INFO - [2024-11-23T11:12:27.040+0000] {dagbag.py:588} INFO - Filling up the DagBag from /opt/airflow/dags/data_processing_dag.py
[2024-11-23T11:12:27.804+0000] {processor.py:925} INFO - DAG(s) 'data_processing_dag' retrieved from /opt/airflow/dags/data_processing_dag.py
[2024-11-23T11:12:27.824+0000] {logging_mixin.py:190} INFO - [2024-11-23T11:12:27.824+0000] {dag.py:3239} INFO - Sync 1 DAGs
[2024-11-23T11:12:27.841+0000] {logging_mixin.py:190} INFO - [2024-11-23T11:12:27.840+0000] {dag.py:4180} INFO - Setting next_dagrun for data_processing_dag to None, run_after=None
[2024-11-23T11:12:29.081+0000] {processor.py:208} INFO - Processing /opt/airflow/dags/data_processing_dag.py took 2.053 seconds
[2024-11-23T11:12:59.690+0000] {processor.py:186} INFO - Started process (PID=4389) to work on /opt/airflow/dags/data_processing_dag.py
[2024-11-23T11:12:59.691+0000] {processor.py:914} INFO - Processing file /opt/airflow/dags/data_processing_dag.py for tasks to queue
[2024-11-23T11:12:59.693+0000] {logging_mixin.py:190} INFO - [2024-11-23T11:12:59.693+0000] {dagbag.py:588} INFO - Filling up the DagBag from /opt/airflow/dags/data_processing_dag.py
[2024-11-23T11:13:00.425+0000] {processor.py:925} INFO - DAG(s) 'data_processing_dag' retrieved from /opt/airflow/dags/data_processing_dag.py
[2024-11-23T11:13:00.444+0000] {logging_mixin.py:190} INFO - [2024-11-23T11:13:00.444+0000] {dag.py:3239} INFO - Sync 1 DAGs
[2024-11-23T11:13:00.459+0000] {logging_mixin.py:190} INFO - [2024-11-23T11:13:00.459+0000] {dag.py:4180} INFO - Setting next_dagrun for data_processing_dag to None, run_after=None
[2024-11-23T11:13:00.804+0000] {processor.py:208} INFO - Processing /opt/airflow/dags/data_processing_dag.py took 1.126 seconds
[2024-11-23T11:13:12.087+0000] {processor.py:186} INFO - Started process (PID=4452) to work on /opt/airflow/dags/data_processing_dag.py
[2024-11-23T11:13:12.089+0000] {processor.py:914} INFO - Processing file /opt/airflow/dags/data_processing_dag.py for tasks to queue
[2024-11-23T11:13:12.091+0000] {logging_mixin.py:190} INFO - [2024-11-23T11:13:12.090+0000] {dagbag.py:588} INFO - Filling up the DagBag from /opt/airflow/dags/data_processing_dag.py
[2024-11-23T11:13:13.197+0000] {processor.py:925} INFO - DAG(s) 'data_processing_dag' retrieved from /opt/airflow/dags/data_processing_dag.py
[2024-11-23T11:13:13.226+0000] {logging_mixin.py:190} INFO - [2024-11-23T11:13:13.225+0000] {dag.py:3239} INFO - Sync 1 DAGs
[2024-11-23T11:13:13.252+0000] {logging_mixin.py:190} INFO - [2024-11-23T11:13:13.252+0000] {dag.py:4180} INFO - Setting next_dagrun for data_processing_dag to None, run_after=None
[2024-11-23T11:13:14.610+0000] {processor.py:208} INFO - Processing /opt/airflow/dags/data_processing_dag.py took 2.533 seconds
[2024-11-23T11:13:44.690+0000] {processor.py:186} INFO - Started process (PID=4531) to work on /opt/airflow/dags/data_processing_dag.py
[2024-11-23T11:13:44.692+0000] {processor.py:914} INFO - Processing file /opt/airflow/dags/data_processing_dag.py for tasks to queue
[2024-11-23T11:13:44.694+0000] {logging_mixin.py:190} INFO - [2024-11-23T11:13:44.693+0000] {dagbag.py:588} INFO - Filling up the DagBag from /opt/airflow/dags/data_processing_dag.py
[2024-11-23T11:13:45.616+0000] {processor.py:925} INFO - DAG(s) 'data_processing_dag' retrieved from /opt/airflow/dags/data_processing_dag.py
[2024-11-23T11:13:45.943+0000] {logging_mixin.py:190} INFO - [2024-11-23T11:13:45.941+0000] {dag.py:3239} INFO - Sync 1 DAGs
[2024-11-23T11:13:46.005+0000] {logging_mixin.py:190} INFO - [2024-11-23T11:13:46.004+0000] {dag.py:4180} INFO - Setting next_dagrun for data_processing_dag to None, run_after=None
[2024-11-23T11:13:46.084+0000] {processor.py:208} INFO - Processing /opt/airflow/dags/data_processing_dag.py took 1.400 seconds
[2024-11-23T11:14:46.692+0000] {processor.py:186} INFO - Started process (PID=4616) to work on /opt/airflow/dags/data_processing_dag.py
[2024-11-23T11:14:46.693+0000] {processor.py:914} INFO - Processing file /opt/airflow/dags/data_processing_dag.py for tasks to queue
[2024-11-23T11:14:46.695+0000] {logging_mixin.py:190} INFO - [2024-11-23T11:14:46.695+0000] {dagbag.py:588} INFO - Filling up the DagBag from /opt/airflow/dags/data_processing_dag.py
[2024-11-23T11:14:48.089+0000] {processor.py:925} INFO - DAG(s) 'data_processing_dag' retrieved from /opt/airflow/dags/data_processing_dag.py
[2024-11-23T11:14:48.110+0000] {logging_mixin.py:190} INFO - [2024-11-23T11:14:48.109+0000] {dag.py:3239} INFO - Sync 1 DAGs
[2024-11-23T11:14:48.125+0000] {logging_mixin.py:190} INFO - [2024-11-23T11:14:48.125+0000] {dag.py:4180} INFO - Setting next_dagrun for data_processing_dag to None, run_after=None
[2024-11-23T11:14:48.937+0000] {processor.py:208} INFO - Processing /opt/airflow/dags/data_processing_dag.py took 2.253 seconds
[2024-11-23T11:15:40.087+0000] {processor.py:186} INFO - Started process (PID=4675) to work on /opt/airflow/dags/data_processing_dag.py
[2024-11-23T11:15:40.089+0000] {processor.py:914} INFO - Processing file /opt/airflow/dags/data_processing_dag.py for tasks to queue
[2024-11-23T11:15:40.091+0000] {logging_mixin.py:190} INFO - [2024-11-23T11:15:40.091+0000] {dagbag.py:588} INFO - Filling up the DagBag from /opt/airflow/dags/data_processing_dag.py
[2024-11-23T11:15:44.615+0000] {processor.py:925} INFO - DAG(s) 'data_processing_dag' retrieved from /opt/airflow/dags/data_processing_dag.py
[2024-11-23T11:15:44.638+0000] {logging_mixin.py:190} INFO - [2024-11-23T11:15:44.637+0000] {dag.py:3239} INFO - Sync 1 DAGs
[2024-11-23T11:15:44.656+0000] {logging_mixin.py:190} INFO - [2024-11-23T11:15:44.656+0000] {dag.py:4180} INFO - Setting next_dagrun for data_processing_dag to None, run_after=None
[2024-11-23T11:15:44.916+0000] {processor.py:208} INFO - Processing /opt/airflow/dags/data_processing_dag.py took 4.839 seconds
[2024-11-23T11:16:15.068+0000] {processor.py:186} INFO - Started process (PID=4754) to work on /opt/airflow/dags/data_processing_dag.py
[2024-11-23T11:16:15.070+0000] {processor.py:914} INFO - Processing file /opt/airflow/dags/data_processing_dag.py for tasks to queue
[2024-11-23T11:16:15.073+0000] {logging_mixin.py:190} INFO - [2024-11-23T11:16:15.072+0000] {dagbag.py:588} INFO - Filling up the DagBag from /opt/airflow/dags/data_processing_dag.py
[2024-11-23T11:16:16.010+0000] {processor.py:925} INFO - DAG(s) 'data_processing_dag' retrieved from /opt/airflow/dags/data_processing_dag.py
[2024-11-23T11:16:16.039+0000] {logging_mixin.py:190} INFO - [2024-11-23T11:16:16.038+0000] {dag.py:3239} INFO - Sync 1 DAGs
[2024-11-23T11:16:16.067+0000] {logging_mixin.py:190} INFO - [2024-11-23T11:16:16.066+0000] {dag.py:4180} INFO - Setting next_dagrun for data_processing_dag to None, run_after=None
[2024-11-23T11:16:16.504+0000] {processor.py:208} INFO - Processing /opt/airflow/dags/data_processing_dag.py took 1.445 seconds
[2024-11-23T11:16:46.997+0000] {processor.py:186} INFO - Started process (PID=4833) to work on /opt/airflow/dags/data_processing_dag.py
[2024-11-23T11:16:46.998+0000] {processor.py:914} INFO - Processing file /opt/airflow/dags/data_processing_dag.py for tasks to queue
[2024-11-23T11:16:47.000+0000] {logging_mixin.py:190} INFO - [2024-11-23T11:16:47.000+0000] {dagbag.py:588} INFO - Filling up the DagBag from /opt/airflow/dags/data_processing_dag.py
[2024-11-23T11:16:47.834+0000] {processor.py:925} INFO - DAG(s) 'data_processing_dag' retrieved from /opt/airflow/dags/data_processing_dag.py
[2024-11-23T11:16:47.855+0000] {logging_mixin.py:190} INFO - [2024-11-23T11:16:47.854+0000] {dag.py:3239} INFO - Sync 1 DAGs
[2024-11-23T11:16:47.875+0000] {logging_mixin.py:190} INFO - [2024-11-23T11:16:47.875+0000] {dag.py:4180} INFO - Setting next_dagrun for data_processing_dag to None, run_after=None
[2024-11-23T11:16:47.974+0000] {processor.py:208} INFO - Processing /opt/airflow/dags/data_processing_dag.py took 0.984 seconds
[2024-11-23T11:17:18.887+0000] {processor.py:186} INFO - Started process (PID=4913) to work on /opt/airflow/dags/data_processing_dag.py
[2024-11-23T11:17:18.888+0000] {processor.py:914} INFO - Processing file /opt/airflow/dags/data_processing_dag.py for tasks to queue
[2024-11-23T11:17:18.890+0000] {logging_mixin.py:190} INFO - [2024-11-23T11:17:18.889+0000] {dagbag.py:588} INFO - Filling up the DagBag from /opt/airflow/dags/data_processing_dag.py
[2024-11-23T11:17:19.602+0000] {processor.py:925} INFO - DAG(s) 'data_processing_dag' retrieved from /opt/airflow/dags/data_processing_dag.py
[2024-11-23T11:17:19.624+0000] {logging_mixin.py:190} INFO - [2024-11-23T11:17:19.624+0000] {dag.py:3239} INFO - Sync 1 DAGs
[2024-11-23T11:17:19.641+0000] {logging_mixin.py:190} INFO - [2024-11-23T11:17:19.641+0000] {dag.py:4180} INFO - Setting next_dagrun for data_processing_dag to None, run_after=None
[2024-11-23T11:17:20.277+0000] {processor.py:208} INFO - Processing /opt/airflow/dags/data_processing_dag.py took 1.399 seconds
[2024-11-23T11:17:50.495+0000] {processor.py:186} INFO - Started process (PID=4993) to work on /opt/airflow/dags/data_processing_dag.py
[2024-11-23T11:17:50.496+0000] {processor.py:914} INFO - Processing file /opt/airflow/dags/data_processing_dag.py for tasks to queue
[2024-11-23T11:17:50.498+0000] {logging_mixin.py:190} INFO - [2024-11-23T11:17:50.498+0000] {dagbag.py:588} INFO - Filling up the DagBag from /opt/airflow/dags/data_processing_dag.py
[2024-11-23T11:17:51.346+0000] {processor.py:925} INFO - DAG(s) 'data_processing_dag' retrieved from /opt/airflow/dags/data_processing_dag.py
[2024-11-23T11:17:51.370+0000] {logging_mixin.py:190} INFO - [2024-11-23T11:17:51.369+0000] {dag.py:3239} INFO - Sync 1 DAGs
[2024-11-23T11:17:51.385+0000] {logging_mixin.py:190} INFO - [2024-11-23T11:17:51.385+0000] {dag.py:4180} INFO - Setting next_dagrun for data_processing_dag to None, run_after=None
[2024-11-23T11:17:52.910+0000] {processor.py:208} INFO - Processing /opt/airflow/dags/data_processing_dag.py took 2.424 seconds
[2024-11-23T11:18:23.367+0000] {processor.py:186} INFO - Started process (PID=5072) to work on /opt/airflow/dags/data_processing_dag.py
[2024-11-23T11:18:23.369+0000] {processor.py:914} INFO - Processing file /opt/airflow/dags/data_processing_dag.py for tasks to queue
[2024-11-23T11:18:23.372+0000] {logging_mixin.py:190} INFO - [2024-11-23T11:18:23.371+0000] {dagbag.py:588} INFO - Filling up the DagBag from /opt/airflow/dags/data_processing_dag.py
[2024-11-23T11:18:24.330+0000] {processor.py:925} INFO - DAG(s) 'data_processing_dag' retrieved from /opt/airflow/dags/data_processing_dag.py
[2024-11-23T11:18:24.354+0000] {logging_mixin.py:190} INFO - [2024-11-23T11:18:24.354+0000] {dag.py:3239} INFO - Sync 1 DAGs
[2024-11-23T11:18:24.379+0000] {logging_mixin.py:190} INFO - [2024-11-23T11:18:24.378+0000] {dag.py:4180} INFO - Setting next_dagrun for data_processing_dag to None, run_after=None
[2024-11-23T11:18:24.433+0000] {processor.py:208} INFO - Processing /opt/airflow/dags/data_processing_dag.py took 1.078 seconds
[2024-11-23T11:18:54.510+0000] {processor.py:186} INFO - Started process (PID=5150) to work on /opt/airflow/dags/data_processing_dag.py
[2024-11-23T11:18:54.511+0000] {processor.py:914} INFO - Processing file /opt/airflow/dags/data_processing_dag.py for tasks to queue
[2024-11-23T11:18:54.513+0000] {logging_mixin.py:190} INFO - [2024-11-23T11:18:54.513+0000] {dagbag.py:588} INFO - Filling up the DagBag from /opt/airflow/dags/data_processing_dag.py
[2024-11-23T11:18:55.242+0000] {processor.py:925} INFO - DAG(s) 'data_processing_dag' retrieved from /opt/airflow/dags/data_processing_dag.py
[2024-11-23T11:18:55.262+0000] {logging_mixin.py:190} INFO - [2024-11-23T11:18:55.262+0000] {dag.py:3239} INFO - Sync 1 DAGs
[2024-11-23T11:18:55.278+0000] {logging_mixin.py:190} INFO - [2024-11-23T11:18:55.277+0000] {dag.py:4180} INFO - Setting next_dagrun for data_processing_dag to None, run_after=None
[2024-11-23T11:18:55.344+0000] {processor.py:208} INFO - Processing /opt/airflow/dags/data_processing_dag.py took 0.841 seconds
[2024-11-23T11:19:26.764+0000] {processor.py:186} INFO - Started process (PID=5225) to work on /opt/airflow/dags/data_processing_dag.py
[2024-11-23T11:19:26.765+0000] {processor.py:914} INFO - Processing file /opt/airflow/dags/data_processing_dag.py for tasks to queue
[2024-11-23T11:19:26.767+0000] {logging_mixin.py:190} INFO - [2024-11-23T11:19:26.767+0000] {dagbag.py:588} INFO - Filling up the DagBag from /opt/airflow/dags/data_processing_dag.py
[2024-11-23T11:19:27.587+0000] {processor.py:925} INFO - DAG(s) 'data_processing_dag' retrieved from /opt/airflow/dags/data_processing_dag.py
[2024-11-23T11:19:27.608+0000] {logging_mixin.py:190} INFO - [2024-11-23T11:19:27.607+0000] {dag.py:3239} INFO - Sync 1 DAGs
[2024-11-23T11:19:27.624+0000] {logging_mixin.py:190} INFO - [2024-11-23T11:19:27.624+0000] {dag.py:4180} INFO - Setting next_dagrun for data_processing_dag to None, run_after=None
[2024-11-23T11:19:29.086+0000] {processor.py:208} INFO - Processing /opt/airflow/dags/data_processing_dag.py took 2.331 seconds
[2024-11-23T11:19:59.607+0000] {processor.py:186} INFO - Started process (PID=5306) to work on /opt/airflow/dags/data_processing_dag.py
[2024-11-23T11:19:59.608+0000] {processor.py:914} INFO - Processing file /opt/airflow/dags/data_processing_dag.py for tasks to queue
[2024-11-23T11:19:59.610+0000] {logging_mixin.py:190} INFO - [2024-11-23T11:19:59.609+0000] {dagbag.py:588} INFO - Filling up the DagBag from /opt/airflow/dags/data_processing_dag.py
[2024-11-23T11:20:00.431+0000] {processor.py:925} INFO - DAG(s) 'data_processing_dag' retrieved from /opt/airflow/dags/data_processing_dag.py
[2024-11-23T11:20:00.453+0000] {logging_mixin.py:190} INFO - [2024-11-23T11:20:00.452+0000] {dag.py:3239} INFO - Sync 1 DAGs
[2024-11-23T11:20:00.469+0000] {logging_mixin.py:190} INFO - [2024-11-23T11:20:00.469+0000] {dag.py:4180} INFO - Setting next_dagrun for data_processing_dag to None, run_after=None
[2024-11-23T11:20:00.567+0000] {processor.py:208} INFO - Processing /opt/airflow/dags/data_processing_dag.py took 0.969 seconds
[2024-11-23T11:20:30.691+0000] {processor.py:186} INFO - Started process (PID=5385) to work on /opt/airflow/dags/data_processing_dag.py
[2024-11-23T11:20:30.692+0000] {processor.py:914} INFO - Processing file /opt/airflow/dags/data_processing_dag.py for tasks to queue
[2024-11-23T11:20:30.694+0000] {logging_mixin.py:190} INFO - [2024-11-23T11:20:30.693+0000] {dagbag.py:588} INFO - Filling up the DagBag from /opt/airflow/dags/data_processing_dag.py
[2024-11-23T11:20:31.416+0000] {processor.py:925} INFO - DAG(s) 'data_processing_dag' retrieved from /opt/airflow/dags/data_processing_dag.py
[2024-11-23T11:20:31.436+0000] {logging_mixin.py:190} INFO - [2024-11-23T11:20:31.436+0000] {dag.py:3239} INFO - Sync 1 DAGs
[2024-11-23T11:20:31.451+0000] {logging_mixin.py:190} INFO - [2024-11-23T11:20:31.451+0000] {dag.py:4180} INFO - Setting next_dagrun for data_processing_dag to None, run_after=None
[2024-11-23T11:20:32.329+0000] {processor.py:208} INFO - Processing /opt/airflow/dags/data_processing_dag.py took 1.649 seconds
[2024-11-23T11:21:02.985+0000] {processor.py:186} INFO - Started process (PID=5464) to work on /opt/airflow/dags/data_processing_dag.py
[2024-11-23T11:21:02.986+0000] {processor.py:914} INFO - Processing file /opt/airflow/dags/data_processing_dag.py for tasks to queue
[2024-11-23T11:21:02.989+0000] {logging_mixin.py:190} INFO - [2024-11-23T11:21:02.988+0000] {dagbag.py:588} INFO - Filling up the DagBag from /opt/airflow/dags/data_processing_dag.py
[2024-11-23T11:21:03.857+0000] {processor.py:925} INFO - DAG(s) 'data_processing_dag' retrieved from /opt/airflow/dags/data_processing_dag.py
[2024-11-23T11:21:03.881+0000] {logging_mixin.py:190} INFO - [2024-11-23T11:21:03.881+0000] {dag.py:3239} INFO - Sync 1 DAGs
[2024-11-23T11:21:03.900+0000] {logging_mixin.py:190} INFO - [2024-11-23T11:21:03.900+0000] {dag.py:4180} INFO - Setting next_dagrun for data_processing_dag to None, run_after=None
[2024-11-23T11:21:03.959+0000] {processor.py:208} INFO - Processing /opt/airflow/dags/data_processing_dag.py took 0.986 seconds
[2024-11-23T11:21:34.394+0000] {processor.py:186} INFO - Started process (PID=5549) to work on /opt/airflow/dags/data_processing_dag.py
[2024-11-23T11:21:34.395+0000] {processor.py:914} INFO - Processing file /opt/airflow/dags/data_processing_dag.py for tasks to queue
[2024-11-23T11:21:34.397+0000] {logging_mixin.py:190} INFO - [2024-11-23T11:21:34.396+0000] {dagbag.py:588} INFO - Filling up the DagBag from /opt/airflow/dags/data_processing_dag.py
[2024-11-23T11:21:35.207+0000] {processor.py:925} INFO - DAG(s) 'data_processing_dag' retrieved from /opt/airflow/dags/data_processing_dag.py
[2024-11-23T11:21:35.231+0000] {logging_mixin.py:190} INFO - [2024-11-23T11:21:35.230+0000] {dag.py:3239} INFO - Sync 1 DAGs
[2024-11-23T11:21:35.267+0000] {logging_mixin.py:190} INFO - [2024-11-23T11:21:35.267+0000] {dag.py:4180} INFO - Setting next_dagrun for data_processing_dag to None, run_after=None
[2024-11-23T11:21:35.384+0000] {processor.py:208} INFO - Processing /opt/airflow/dags/data_processing_dag.py took 1.002 seconds
[2024-11-23T11:22:06.170+0000] {processor.py:186} INFO - Started process (PID=5628) to work on /opt/airflow/dags/data_processing_dag.py
[2024-11-23T11:22:06.171+0000] {processor.py:914} INFO - Processing file /opt/airflow/dags/data_processing_dag.py for tasks to queue
[2024-11-23T11:22:06.174+0000] {logging_mixin.py:190} INFO - [2024-11-23T11:22:06.173+0000] {dagbag.py:588} INFO - Filling up the DagBag from /opt/airflow/dags/data_processing_dag.py
[2024-11-23T11:22:07.026+0000] {processor.py:925} INFO - DAG(s) 'data_processing_dag' retrieved from /opt/airflow/dags/data_processing_dag.py
[2024-11-23T11:22:07.051+0000] {logging_mixin.py:190} INFO - [2024-11-23T11:22:07.051+0000] {dag.py:3239} INFO - Sync 1 DAGs
[2024-11-23T11:22:07.073+0000] {logging_mixin.py:190} INFO - [2024-11-23T11:22:07.073+0000] {dag.py:4180} INFO - Setting next_dagrun for data_processing_dag to None, run_after=None
[2024-11-23T11:22:07.143+0000] {processor.py:208} INFO - Processing /opt/airflow/dags/data_processing_dag.py took 0.981 seconds
[2024-11-23T11:22:37.986+0000] {processor.py:186} INFO - Started process (PID=5707) to work on /opt/airflow/dags/data_processing_dag.py
[2024-11-23T11:22:37.987+0000] {processor.py:914} INFO - Processing file /opt/airflow/dags/data_processing_dag.py for tasks to queue
[2024-11-23T11:22:37.989+0000] {logging_mixin.py:190} INFO - [2024-11-23T11:22:37.989+0000] {dagbag.py:588} INFO - Filling up the DagBag from /opt/airflow/dags/data_processing_dag.py
[2024-11-23T11:22:38.734+0000] {processor.py:925} INFO - DAG(s) 'data_processing_dag' retrieved from /opt/airflow/dags/data_processing_dag.py
[2024-11-23T11:22:38.758+0000] {logging_mixin.py:190} INFO - [2024-11-23T11:22:38.757+0000] {dag.py:3239} INFO - Sync 1 DAGs
[2024-11-23T11:22:38.775+0000] {logging_mixin.py:190} INFO - [2024-11-23T11:22:38.774+0000] {dag.py:4180} INFO - Setting next_dagrun for data_processing_dag to None, run_after=None
[2024-11-23T11:22:38.842+0000] {processor.py:208} INFO - Processing /opt/airflow/dags/data_processing_dag.py took 0.863 seconds
[2024-11-23T11:23:10.507+0000] {processor.py:186} INFO - Started process (PID=5794) to work on /opt/airflow/dags/data_processing_dag.py
[2024-11-23T11:23:10.508+0000] {processor.py:914} INFO - Processing file /opt/airflow/dags/data_processing_dag.py for tasks to queue
[2024-11-23T11:23:10.510+0000] {logging_mixin.py:190} INFO - [2024-11-23T11:23:10.509+0000] {dagbag.py:588} INFO - Filling up the DagBag from /opt/airflow/dags/data_processing_dag.py
[2024-11-23T11:23:11.540+0000] {processor.py:925} INFO - DAG(s) 'data_processing_dag' retrieved from /opt/airflow/dags/data_processing_dag.py
[2024-11-23T11:23:11.567+0000] {logging_mixin.py:190} INFO - [2024-11-23T11:23:11.566+0000] {dag.py:3239} INFO - Sync 1 DAGs
[2024-11-23T11:23:11.586+0000] {logging_mixin.py:190} INFO - [2024-11-23T11:23:11.586+0000] {dag.py:4180} INFO - Setting next_dagrun for data_processing_dag to None, run_after=None
[2024-11-23T11:23:11.647+0000] {processor.py:208} INFO - Processing /opt/airflow/dags/data_processing_dag.py took 1.149 seconds
[2024-11-23T11:26:18.008+0000] {processor.py:186} INFO - Started process (PID=79) to work on /opt/airflow/dags/data_processing_dag.py
[2024-11-23T11:26:18.010+0000] {processor.py:914} INFO - Processing file /opt/airflow/dags/data_processing_dag.py for tasks to queue
[2024-11-23T11:26:18.015+0000] {logging_mixin.py:190} INFO - [2024-11-23T11:26:18.014+0000] {dagbag.py:588} INFO - Filling up the DagBag from /opt/airflow/dags/data_processing_dag.py
[2024-11-23T11:26:18.883+0000] {processor.py:925} INFO - DAG(s) 'data_processing_dag' retrieved from /opt/airflow/dags/data_processing_dag.py
[2024-11-23T11:26:18.908+0000] {logging_mixin.py:190} INFO - [2024-11-23T11:26:18.907+0000] {dag.py:3239} INFO - Sync 1 DAGs
[2024-11-23T11:26:18.990+0000] {logging_mixin.py:190} INFO - [2024-11-23T11:26:18.989+0000] {dag.py:4180} INFO - Setting next_dagrun for data_processing_dag to None, run_after=None
[2024-11-23T11:26:19.133+0000] {processor.py:208} INFO - Processing /opt/airflow/dags/data_processing_dag.py took 1.145 seconds
[2024-11-23T11:26:49.258+0000] {processor.py:186} INFO - Started process (PID=158) to work on /opt/airflow/dags/data_processing_dag.py
[2024-11-23T11:26:49.260+0000] {processor.py:914} INFO - Processing file /opt/airflow/dags/data_processing_dag.py for tasks to queue
[2024-11-23T11:26:49.264+0000] {logging_mixin.py:190} INFO - [2024-11-23T11:26:49.264+0000] {dagbag.py:588} INFO - Filling up the DagBag from /opt/airflow/dags/data_processing_dag.py
[2024-11-23T11:26:50.441+0000] {processor.py:925} INFO - DAG(s) 'data_processing_dag' retrieved from /opt/airflow/dags/data_processing_dag.py
[2024-11-23T11:26:50.458+0000] {logging_mixin.py:190} INFO - [2024-11-23T11:26:50.458+0000] {dag.py:3239} INFO - Sync 1 DAGs
[2024-11-23T11:26:50.474+0000] {logging_mixin.py:190} INFO - [2024-11-23T11:26:50.474+0000] {dag.py:4180} INFO - Setting next_dagrun for data_processing_dag to None, run_after=None
[2024-11-23T11:26:50.527+0000] {processor.py:208} INFO - Processing /opt/airflow/dags/data_processing_dag.py took 1.276 seconds
[2024-11-23T11:27:21.572+0000] {processor.py:186} INFO - Started process (PID=245) to work on /opt/airflow/dags/data_processing_dag.py
[2024-11-23T11:27:21.573+0000] {processor.py:914} INFO - Processing file /opt/airflow/dags/data_processing_dag.py for tasks to queue
[2024-11-23T11:27:21.576+0000] {logging_mixin.py:190} INFO - [2024-11-23T11:27:21.575+0000] {dagbag.py:588} INFO - Filling up the DagBag from /opt/airflow/dags/data_processing_dag.py
[2024-11-23T11:27:22.415+0000] {processor.py:925} INFO - DAG(s) 'data_processing_dag' retrieved from /opt/airflow/dags/data_processing_dag.py
[2024-11-23T11:27:22.432+0000] {logging_mixin.py:190} INFO - [2024-11-23T11:27:22.432+0000] {dag.py:3239} INFO - Sync 1 DAGs
[2024-11-23T11:27:22.447+0000] {logging_mixin.py:190} INFO - [2024-11-23T11:27:22.447+0000] {dag.py:4180} INFO - Setting next_dagrun for data_processing_dag to None, run_after=None
[2024-11-23T11:27:23.172+0000] {processor.py:208} INFO - Processing /opt/airflow/dags/data_processing_dag.py took 1.609 seconds
[2024-11-23T11:27:54.240+0000] {processor.py:186} INFO - Started process (PID=326) to work on /opt/airflow/dags/data_processing_dag.py
[2024-11-23T11:27:54.241+0000] {processor.py:914} INFO - Processing file /opt/airflow/dags/data_processing_dag.py for tasks to queue
[2024-11-23T11:27:54.244+0000] {logging_mixin.py:190} INFO - [2024-11-23T11:27:54.244+0000] {dagbag.py:588} INFO - Filling up the DagBag from /opt/airflow/dags/data_processing_dag.py
[2024-11-23T11:27:55.180+0000] {processor.py:925} INFO - DAG(s) 'data_processing_dag' retrieved from /opt/airflow/dags/data_processing_dag.py
[2024-11-23T11:27:55.201+0000] {logging_mixin.py:190} INFO - [2024-11-23T11:27:55.200+0000] {dag.py:3239} INFO - Sync 1 DAGs
[2024-11-23T11:27:55.217+0000] {logging_mixin.py:190} INFO - [2024-11-23T11:27:55.216+0000] {dag.py:4180} INFO - Setting next_dagrun for data_processing_dag to None, run_after=None
[2024-11-23T11:27:55.284+0000] {processor.py:208} INFO - Processing /opt/airflow/dags/data_processing_dag.py took 1.050 seconds
[2024-11-23T11:28:25.384+0000] {processor.py:186} INFO - Started process (PID=402) to work on /opt/airflow/dags/data_processing_dag.py
[2024-11-23T11:28:25.385+0000] {processor.py:914} INFO - Processing file /opt/airflow/dags/data_processing_dag.py for tasks to queue
[2024-11-23T11:28:25.388+0000] {logging_mixin.py:190} INFO - [2024-11-23T11:28:25.388+0000] {dagbag.py:588} INFO - Filling up the DagBag from /opt/airflow/dags/data_processing_dag.py
[2024-11-23T11:28:26.552+0000] {processor.py:925} INFO - DAG(s) 'data_processing_dag' retrieved from /opt/airflow/dags/data_processing_dag.py
[2024-11-23T11:28:26.572+0000] {logging_mixin.py:190} INFO - [2024-11-23T11:28:26.571+0000] {dag.py:3239} INFO - Sync 1 DAGs
[2024-11-23T11:28:26.588+0000] {logging_mixin.py:190} INFO - [2024-11-23T11:28:26.588+0000] {dag.py:4180} INFO - Setting next_dagrun for data_processing_dag to None, run_after=None
[2024-11-23T11:28:26.634+0000] {processor.py:208} INFO - Processing /opt/airflow/dags/data_processing_dag.py took 1.260 seconds
[2024-11-23T11:28:56.822+0000] {processor.py:186} INFO - Started process (PID=480) to work on /opt/airflow/dags/data_processing_dag.py
[2024-11-23T11:28:56.823+0000] {processor.py:914} INFO - Processing file /opt/airflow/dags/data_processing_dag.py for tasks to queue
[2024-11-23T11:28:56.826+0000] {logging_mixin.py:190} INFO - [2024-11-23T11:28:56.825+0000] {dagbag.py:588} INFO - Filling up the DagBag from /opt/airflow/dags/data_processing_dag.py
[2024-11-23T11:28:57.824+0000] {processor.py:925} INFO - DAG(s) 'data_processing_dag' retrieved from /opt/airflow/dags/data_processing_dag.py
[2024-11-23T11:28:57.840+0000] {logging_mixin.py:190} INFO - [2024-11-23T11:28:57.840+0000] {dag.py:3239} INFO - Sync 1 DAGs
[2024-11-23T11:28:57.854+0000] {logging_mixin.py:190} INFO - [2024-11-23T11:28:57.853+0000] {dag.py:4180} INFO - Setting next_dagrun for data_processing_dag to None, run_after=None
[2024-11-23T11:28:57.942+0000] {processor.py:208} INFO - Processing /opt/airflow/dags/data_processing_dag.py took 1.128 seconds
[2024-11-23T11:29:28.699+0000] {processor.py:186} INFO - Started process (PID=557) to work on /opt/airflow/dags/data_processing_dag.py
[2024-11-23T11:29:28.700+0000] {processor.py:914} INFO - Processing file /opt/airflow/dags/data_processing_dag.py for tasks to queue
[2024-11-23T11:29:28.702+0000] {logging_mixin.py:190} INFO - [2024-11-23T11:29:28.702+0000] {dagbag.py:588} INFO - Filling up the DagBag from /opt/airflow/dags/data_processing_dag.py
[2024-11-23T11:29:29.754+0000] {processor.py:925} INFO - DAG(s) 'data_processing_dag' retrieved from /opt/airflow/dags/data_processing_dag.py
[2024-11-23T11:29:29.773+0000] {logging_mixin.py:190} INFO - [2024-11-23T11:29:29.772+0000] {dag.py:3239} INFO - Sync 1 DAGs
[2024-11-23T11:29:29.787+0000] {logging_mixin.py:190} INFO - [2024-11-23T11:29:29.787+0000] {dag.py:4180} INFO - Setting next_dagrun for data_processing_dag to None, run_after=None
[2024-11-23T11:29:29.855+0000] {processor.py:208} INFO - Processing /opt/airflow/dags/data_processing_dag.py took 1.167 seconds
[2024-11-23T11:30:00.592+0000] {processor.py:186} INFO - Started process (PID=627) to work on /opt/airflow/dags/data_processing_dag.py
[2024-11-23T11:30:00.593+0000] {processor.py:914} INFO - Processing file /opt/airflow/dags/data_processing_dag.py for tasks to queue
[2024-11-23T11:30:00.596+0000] {logging_mixin.py:190} INFO - [2024-11-23T11:30:00.595+0000] {dagbag.py:588} INFO - Filling up the DagBag from /opt/airflow/dags/data_processing_dag.py
[2024-11-23T11:30:01.635+0000] {processor.py:925} INFO - DAG(s) 'data_processing_dag' retrieved from /opt/airflow/dags/data_processing_dag.py
[2024-11-23T11:30:01.655+0000] {logging_mixin.py:190} INFO - [2024-11-23T11:30:01.655+0000] {dag.py:3239} INFO - Sync 1 DAGs
[2024-11-23T11:30:01.670+0000] {logging_mixin.py:190} INFO - [2024-11-23T11:30:01.670+0000] {dag.py:4180} INFO - Setting next_dagrun for data_processing_dag to None, run_after=None
[2024-11-23T11:30:01.738+0000] {processor.py:208} INFO - Processing /opt/airflow/dags/data_processing_dag.py took 1.155 seconds
