[2024-11-23T10:29:01.373+0000] {processor.py:186} INFO - Started process (PID=93) to work on /opt/airflow/dags/model_training_dag.py
[2024-11-23T10:29:01.375+0000] {processor.py:914} INFO - Processing file /opt/airflow/dags/model_training_dag.py for tasks to queue
[2024-11-23T10:29:01.378+0000] {logging_mixin.py:190} INFO - [2024-11-23T10:29:01.378+0000] {dagbag.py:588} INFO - Filling up the DagBag from /opt/airflow/dags/model_training_dag.py
[2024-11-23T10:29:15.832+0000] {processor.py:925} INFO - DAG(s) 'model_training_dag' retrieved from /opt/airflow/dags/model_training_dag.py
[2024-11-23T10:29:16.016+0000] {logging_mixin.py:190} INFO - [2024-11-23T10:29:16.015+0000] {dag.py:3239} INFO - Sync 1 DAGs
[2024-11-23T10:29:16.130+0000] {logging_mixin.py:190} INFO - [2024-11-23T10:29:16.130+0000] {dag.py:4180} INFO - Setting next_dagrun for model_training_dag to None, run_after=None
[2024-11-23T10:29:16.232+0000] {processor.py:208} INFO - Processing /opt/airflow/dags/model_training_dag.py took 14.868 seconds
[2024-11-23T10:29:47.187+0000] {processor.py:186} INFO - Started process (PID=55) to work on /opt/airflow/dags/model_training_dag.py
[2024-11-23T10:29:47.188+0000] {processor.py:914} INFO - Processing file /opt/airflow/dags/model_training_dag.py for tasks to queue
[2024-11-23T10:29:47.191+0000] {logging_mixin.py:190} INFO - [2024-11-23T10:29:47.191+0000] {dagbag.py:588} INFO - Filling up the DagBag from /opt/airflow/dags/model_training_dag.py
[2024-11-23T10:29:48.227+0000] {processor.py:925} INFO - DAG(s) 'model_training_dag' retrieved from /opt/airflow/dags/model_training_dag.py
[2024-11-23T10:29:48.257+0000] {logging_mixin.py:190} INFO - [2024-11-23T10:29:48.256+0000] {dag.py:3239} INFO - Sync 1 DAGs
[2024-11-23T10:29:48.275+0000] {logging_mixin.py:190} INFO - [2024-11-23T10:29:48.275+0000] {dag.py:4180} INFO - Setting next_dagrun for model_training_dag to None, run_after=None
[2024-11-23T10:29:48.846+0000] {processor.py:208} INFO - Processing /opt/airflow/dags/model_training_dag.py took 1.667 seconds
[2024-11-23T10:30:19.082+0000] {processor.py:186} INFO - Started process (PID=140) to work on /opt/airflow/dags/model_training_dag.py
[2024-11-23T10:30:19.083+0000] {processor.py:914} INFO - Processing file /opt/airflow/dags/model_training_dag.py for tasks to queue
[2024-11-23T10:30:19.086+0000] {logging_mixin.py:190} INFO - [2024-11-23T10:30:19.086+0000] {dagbag.py:588} INFO - Filling up the DagBag from /opt/airflow/dags/model_training_dag.py
[2024-11-23T10:30:19.869+0000] {processor.py:925} INFO - DAG(s) 'model_training_dag' retrieved from /opt/airflow/dags/model_training_dag.py
[2024-11-23T10:30:19.899+0000] {logging_mixin.py:190} INFO - [2024-11-23T10:30:19.898+0000] {dag.py:3239} INFO - Sync 1 DAGs
[2024-11-23T10:30:20.176+0000] {logging_mixin.py:190} INFO - [2024-11-23T10:30:20.175+0000] {dag.py:4180} INFO - Setting next_dagrun for model_training_dag to None, run_after=None
[2024-11-23T10:30:20.659+0000] {processor.py:208} INFO - Processing /opt/airflow/dags/model_training_dag.py took 1.584 seconds
[2024-11-23T10:30:50.740+0000] {processor.py:186} INFO - Started process (PID=218) to work on /opt/airflow/dags/model_training_dag.py
[2024-11-23T10:30:50.742+0000] {processor.py:914} INFO - Processing file /opt/airflow/dags/model_training_dag.py for tasks to queue
[2024-11-23T10:30:50.745+0000] {logging_mixin.py:190} INFO - [2024-11-23T10:30:50.745+0000] {dagbag.py:588} INFO - Filling up the DagBag from /opt/airflow/dags/model_training_dag.py
[2024-11-23T10:30:51.590+0000] {processor.py:925} INFO - DAG(s) 'model_training_dag' retrieved from /opt/airflow/dags/model_training_dag.py
[2024-11-23T10:30:51.610+0000] {logging_mixin.py:190} INFO - [2024-11-23T10:30:51.610+0000] {dag.py:3239} INFO - Sync 1 DAGs
[2024-11-23T10:30:51.627+0000] {logging_mixin.py:190} INFO - [2024-11-23T10:30:51.627+0000] {dag.py:4180} INFO - Setting next_dagrun for model_training_dag to None, run_after=None
[2024-11-23T10:30:51.723+0000] {processor.py:208} INFO - Processing /opt/airflow/dags/model_training_dag.py took 0.993 seconds
[2024-11-23T10:31:21.876+0000] {processor.py:186} INFO - Started process (PID=305) to work on /opt/airflow/dags/model_training_dag.py
[2024-11-23T10:31:21.905+0000] {processor.py:914} INFO - Processing file /opt/airflow/dags/model_training_dag.py for tasks to queue
[2024-11-23T10:31:21.910+0000] {logging_mixin.py:190} INFO - [2024-11-23T10:31:21.909+0000] {dagbag.py:588} INFO - Filling up the DagBag from /opt/airflow/dags/model_training_dag.py
[2024-11-23T10:31:22.673+0000] {processor.py:925} INFO - DAG(s) 'model_training_dag' retrieved from /opt/airflow/dags/model_training_dag.py
[2024-11-23T10:31:22.710+0000] {logging_mixin.py:190} INFO - [2024-11-23T10:31:22.709+0000] {dag.py:3239} INFO - Sync 1 DAGs
[2024-11-23T10:31:22.731+0000] {logging_mixin.py:190} INFO - [2024-11-23T10:31:22.731+0000] {dag.py:4180} INFO - Setting next_dagrun for model_training_dag to None, run_after=None
[2024-11-23T10:31:22.784+0000] {processor.py:208} INFO - Processing /opt/airflow/dags/model_training_dag.py took 0.915 seconds
[2024-11-23T10:31:53.439+0000] {processor.py:186} INFO - Started process (PID=384) to work on /opt/airflow/dags/model_training_dag.py
[2024-11-23T10:31:53.440+0000] {processor.py:914} INFO - Processing file /opt/airflow/dags/model_training_dag.py for tasks to queue
[2024-11-23T10:31:53.444+0000] {logging_mixin.py:190} INFO - [2024-11-23T10:31:53.444+0000] {dagbag.py:588} INFO - Filling up the DagBag from /opt/airflow/dags/model_training_dag.py
[2024-11-23T10:31:54.477+0000] {processor.py:925} INFO - DAG(s) 'model_training_dag' retrieved from /opt/airflow/dags/model_training_dag.py
[2024-11-23T10:31:54.494+0000] {logging_mixin.py:190} INFO - [2024-11-23T10:31:54.494+0000] {dag.py:3239} INFO - Sync 1 DAGs
[2024-11-23T10:31:54.509+0000] {logging_mixin.py:190} INFO - [2024-11-23T10:31:54.508+0000] {dag.py:4180} INFO - Setting next_dagrun for model_training_dag to None, run_after=None
[2024-11-23T10:31:54.561+0000] {processor.py:208} INFO - Processing /opt/airflow/dags/model_training_dag.py took 1.130 seconds
[2024-11-23T10:32:25.486+0000] {processor.py:186} INFO - Started process (PID=465) to work on /opt/airflow/dags/model_training_dag.py
[2024-11-23T10:32:25.487+0000] {processor.py:914} INFO - Processing file /opt/airflow/dags/model_training_dag.py for tasks to queue
[2024-11-23T10:32:25.491+0000] {logging_mixin.py:190} INFO - [2024-11-23T10:32:25.490+0000] {dagbag.py:588} INFO - Filling up the DagBag from /opt/airflow/dags/model_training_dag.py
[2024-11-23T10:32:26.538+0000] {processor.py:925} INFO - DAG(s) 'model_training_dag' retrieved from /opt/airflow/dags/model_training_dag.py
[2024-11-23T10:32:26.557+0000] {logging_mixin.py:190} INFO - [2024-11-23T10:32:26.557+0000] {dag.py:3239} INFO - Sync 1 DAGs
[2024-11-23T10:32:26.573+0000] {logging_mixin.py:190} INFO - [2024-11-23T10:32:26.573+0000] {dag.py:4180} INFO - Setting next_dagrun for model_training_dag to None, run_after=None
[2024-11-23T10:32:26.636+0000] {processor.py:208} INFO - Processing /opt/airflow/dags/model_training_dag.py took 1.158 seconds
[2024-11-23T10:32:57.106+0000] {processor.py:186} INFO - Started process (PID=545) to work on /opt/airflow/dags/model_training_dag.py
[2024-11-23T10:32:57.108+0000] {processor.py:914} INFO - Processing file /opt/airflow/dags/model_training_dag.py for tasks to queue
[2024-11-23T10:32:57.111+0000] {logging_mixin.py:190} INFO - [2024-11-23T10:32:57.110+0000] {dagbag.py:588} INFO - Filling up the DagBag from /opt/airflow/dags/model_training_dag.py
[2024-11-23T10:32:58.664+0000] {processor.py:925} INFO - DAG(s) 'model_training_dag' retrieved from /opt/airflow/dags/model_training_dag.py
[2024-11-23T10:32:58.684+0000] {logging_mixin.py:190} INFO - [2024-11-23T10:32:58.683+0000] {dag.py:3239} INFO - Sync 1 DAGs
[2024-11-23T10:32:58.702+0000] {logging_mixin.py:190} INFO - [2024-11-23T10:32:58.702+0000] {dag.py:4180} INFO - Setting next_dagrun for model_training_dag to None, run_after=None
[2024-11-23T10:32:58.766+0000] {processor.py:208} INFO - Processing /opt/airflow/dags/model_training_dag.py took 1.668 seconds
[2024-11-23T10:33:28.929+0000] {processor.py:186} INFO - Started process (PID=626) to work on /opt/airflow/dags/model_training_dag.py
[2024-11-23T10:33:28.931+0000] {processor.py:914} INFO - Processing file /opt/airflow/dags/model_training_dag.py for tasks to queue
[2024-11-23T10:33:28.934+0000] {logging_mixin.py:190} INFO - [2024-11-23T10:33:28.933+0000] {dagbag.py:588} INFO - Filling up the DagBag from /opt/airflow/dags/model_training_dag.py
[2024-11-23T10:33:29.513+0000] {processor.py:925} INFO - DAG(s) 'model_training_dag' retrieved from /opt/airflow/dags/model_training_dag.py
[2024-11-23T10:33:29.708+0000] {logging_mixin.py:190} INFO - [2024-11-23T10:33:29.707+0000] {dag.py:3239} INFO - Sync 1 DAGs
[2024-11-23T10:33:29.720+0000] {logging_mixin.py:190} INFO - [2024-11-23T10:33:29.720+0000] {dag.py:4180} INFO - Setting next_dagrun for model_training_dag to None, run_after=None
[2024-11-23T10:33:30.246+0000] {processor.py:208} INFO - Processing /opt/airflow/dags/model_training_dag.py took 1.324 seconds
[2024-11-23T10:34:00.403+0000] {processor.py:186} INFO - Started process (PID=706) to work on /opt/airflow/dags/model_training_dag.py
[2024-11-23T10:34:00.404+0000] {processor.py:914} INFO - Processing file /opt/airflow/dags/model_training_dag.py for tasks to queue
[2024-11-23T10:34:00.408+0000] {logging_mixin.py:190} INFO - [2024-11-23T10:34:00.408+0000] {dagbag.py:588} INFO - Filling up the DagBag from /opt/airflow/dags/model_training_dag.py
[2024-11-23T10:34:01.445+0000] {processor.py:925} INFO - DAG(s) 'model_training_dag' retrieved from /opt/airflow/dags/model_training_dag.py
[2024-11-23T10:34:01.464+0000] {logging_mixin.py:190} INFO - [2024-11-23T10:34:01.463+0000] {dag.py:3239} INFO - Sync 1 DAGs
[2024-11-23T10:34:01.482+0000] {logging_mixin.py:190} INFO - [2024-11-23T10:34:01.482+0000] {dag.py:4180} INFO - Setting next_dagrun for model_training_dag to None, run_after=None
[2024-11-23T10:34:01.575+0000] {processor.py:208} INFO - Processing /opt/airflow/dags/model_training_dag.py took 1.184 seconds
[2024-11-23T10:42:53.847+0000] {processor.py:186} INFO - Started process (PID=94) to work on /opt/airflow/dags/model_training_dag.py
[2024-11-23T10:42:53.848+0000] {processor.py:914} INFO - Processing file /opt/airflow/dags/model_training_dag.py for tasks to queue
[2024-11-23T10:42:53.853+0000] {logging_mixin.py:190} INFO - [2024-11-23T10:42:53.853+0000] {dagbag.py:588} INFO - Filling up the DagBag from /opt/airflow/dags/model_training_dag.py
[2024-11-23T10:43:03.341+0000] {processor.py:925} INFO - DAG(s) 'model_training_dag' retrieved from /opt/airflow/dags/model_training_dag.py
[2024-11-23T10:43:08.549+0000] {logging_mixin.py:190} INFO - [2024-11-23T10:43:08.549+0000] {dag.py:3239} INFO - Sync 1 DAGs
[2024-11-23T10:43:08.746+0000] {logging_mixin.py:190} INFO - [2024-11-23T10:43:08.745+0000] {dag.py:4180} INFO - Setting next_dagrun for model_training_dag to None, run_after=None
[2024-11-23T10:43:09.750+0000] {processor.py:208} INFO - Processing /opt/airflow/dags/model_training_dag.py took 15.914 seconds
[2024-11-23T10:43:41.356+0000] {processor.py:186} INFO - Started process (PID=178) to work on /opt/airflow/dags/model_training_dag.py
[2024-11-23T10:43:41.358+0000] {processor.py:914} INFO - Processing file /opt/airflow/dags/model_training_dag.py for tasks to queue
[2024-11-23T10:43:41.360+0000] {logging_mixin.py:190} INFO - [2024-11-23T10:43:41.360+0000] {dagbag.py:588} INFO - Filling up the DagBag from /opt/airflow/dags/model_training_dag.py
[2024-11-23T10:43:46.974+0000] {processor.py:925} INFO - DAG(s) 'model_training_dag' retrieved from /opt/airflow/dags/model_training_dag.py
[2024-11-23T10:43:46.993+0000] {logging_mixin.py:190} INFO - [2024-11-23T10:43:46.993+0000] {dag.py:3239} INFO - Sync 1 DAGs
[2024-11-23T10:43:47.009+0000] {logging_mixin.py:190} INFO - [2024-11-23T10:43:47.009+0000] {dag.py:4180} INFO - Setting next_dagrun for model_training_dag to None, run_after=None
[2024-11-23T10:43:58.119+0000] {processor.py:208} INFO - Processing /opt/airflow/dags/model_training_dag.py took 16.771 seconds
[2024-11-23T10:44:28.369+0000] {processor.py:186} INFO - Started process (PID=258) to work on /opt/airflow/dags/model_training_dag.py
[2024-11-23T10:44:28.371+0000] {processor.py:914} INFO - Processing file /opt/airflow/dags/model_training_dag.py for tasks to queue
[2024-11-23T10:44:28.374+0000] {logging_mixin.py:190} INFO - [2024-11-23T10:44:28.374+0000] {dagbag.py:588} INFO - Filling up the DagBag from /opt/airflow/dags/model_training_dag.py
[2024-11-23T10:44:29.224+0000] {processor.py:925} INFO - DAG(s) 'model_training_dag' retrieved from /opt/airflow/dags/model_training_dag.py
[2024-11-23T10:44:29.246+0000] {logging_mixin.py:190} INFO - [2024-11-23T10:44:29.245+0000] {dag.py:3239} INFO - Sync 1 DAGs
[2024-11-23T10:44:29.260+0000] {logging_mixin.py:190} INFO - [2024-11-23T10:44:29.260+0000] {dag.py:4180} INFO - Setting next_dagrun for model_training_dag to None, run_after=None
[2024-11-23T10:44:29.985+0000] {processor.py:208} INFO - Processing /opt/airflow/dags/model_training_dag.py took 1.625 seconds
[2024-11-23T10:45:00.841+0000] {processor.py:186} INFO - Started process (PID=337) to work on /opt/airflow/dags/model_training_dag.py
[2024-11-23T10:45:00.844+0000] {processor.py:914} INFO - Processing file /opt/airflow/dags/model_training_dag.py for tasks to queue
[2024-11-23T10:45:00.847+0000] {logging_mixin.py:190} INFO - [2024-11-23T10:45:00.847+0000] {dagbag.py:588} INFO - Filling up the DagBag from /opt/airflow/dags/model_training_dag.py
[2024-11-23T10:45:02.022+0000] {processor.py:925} INFO - DAG(s) 'model_training_dag' retrieved from /opt/airflow/dags/model_training_dag.py
[2024-11-23T10:45:02.045+0000] {logging_mixin.py:190} INFO - [2024-11-23T10:45:02.045+0000] {dag.py:3239} INFO - Sync 1 DAGs
[2024-11-23T10:45:02.063+0000] {logging_mixin.py:190} INFO - [2024-11-23T10:45:02.062+0000] {dag.py:4180} INFO - Setting next_dagrun for model_training_dag to None, run_after=None
[2024-11-23T10:45:02.450+0000] {processor.py:208} INFO - Processing /opt/airflow/dags/model_training_dag.py took 1.618 seconds
[2024-11-23T10:45:33.521+0000] {processor.py:186} INFO - Started process (PID=416) to work on /opt/airflow/dags/model_training_dag.py
[2024-11-23T10:45:33.525+0000] {processor.py:914} INFO - Processing file /opt/airflow/dags/model_training_dag.py for tasks to queue
[2024-11-23T10:45:33.530+0000] {logging_mixin.py:190} INFO - [2024-11-23T10:45:33.529+0000] {dagbag.py:588} INFO - Filling up the DagBag from /opt/airflow/dags/model_training_dag.py
[2024-11-23T10:45:35.959+0000] {processor.py:925} INFO - DAG(s) 'model_training_dag' retrieved from /opt/airflow/dags/model_training_dag.py
[2024-11-23T10:45:36.026+0000] {logging_mixin.py:190} INFO - [2024-11-23T10:45:36.025+0000] {dag.py:3239} INFO - Sync 1 DAGs
[2024-11-23T10:45:36.041+0000] {logging_mixin.py:190} INFO - [2024-11-23T10:45:36.041+0000] {dag.py:4180} INFO - Setting next_dagrun for model_training_dag to None, run_after=None
[2024-11-23T10:45:36.334+0000] {processor.py:208} INFO - Processing /opt/airflow/dags/model_training_dag.py took 2.825 seconds
[2024-11-23T10:46:06.722+0000] {processor.py:186} INFO - Started process (PID=495) to work on /opt/airflow/dags/model_training_dag.py
[2024-11-23T10:46:06.723+0000] {processor.py:914} INFO - Processing file /opt/airflow/dags/model_training_dag.py for tasks to queue
[2024-11-23T10:46:06.727+0000] {logging_mixin.py:190} INFO - [2024-11-23T10:46:06.727+0000] {dagbag.py:588} INFO - Filling up the DagBag from /opt/airflow/dags/model_training_dag.py
[2024-11-23T10:46:07.566+0000] {processor.py:925} INFO - DAG(s) 'model_training_dag' retrieved from /opt/airflow/dags/model_training_dag.py
[2024-11-23T10:46:07.584+0000] {logging_mixin.py:190} INFO - [2024-11-23T10:46:07.583+0000] {dag.py:3239} INFO - Sync 1 DAGs
[2024-11-23T10:46:07.598+0000] {logging_mixin.py:190} INFO - [2024-11-23T10:46:07.598+0000] {dag.py:4180} INFO - Setting next_dagrun for model_training_dag to None, run_after=None
[2024-11-23T10:46:07.709+0000] {processor.py:208} INFO - Processing /opt/airflow/dags/model_training_dag.py took 0.996 seconds
[2024-11-23T10:46:38.170+0000] {processor.py:186} INFO - Started process (PID=580) to work on /opt/airflow/dags/model_training_dag.py
[2024-11-23T10:46:38.171+0000] {processor.py:914} INFO - Processing file /opt/airflow/dags/model_training_dag.py for tasks to queue
[2024-11-23T10:46:38.174+0000] {logging_mixin.py:190} INFO - [2024-11-23T10:46:38.174+0000] {dagbag.py:588} INFO - Filling up the DagBag from /opt/airflow/dags/model_training_dag.py
[2024-11-23T10:46:39.308+0000] {processor.py:925} INFO - DAG(s) 'model_training_dag' retrieved from /opt/airflow/dags/model_training_dag.py
[2024-11-23T10:46:39.326+0000] {logging_mixin.py:190} INFO - [2024-11-23T10:46:39.325+0000] {dag.py:3239} INFO - Sync 1 DAGs
[2024-11-23T10:46:39.341+0000] {logging_mixin.py:190} INFO - [2024-11-23T10:46:39.341+0000] {dag.py:4180} INFO - Setting next_dagrun for model_training_dag to None, run_after=None
[2024-11-23T10:46:39.388+0000] {processor.py:208} INFO - Processing /opt/airflow/dags/model_training_dag.py took 1.226 seconds
[2024-11-23T10:47:09.608+0000] {processor.py:186} INFO - Started process (PID=659) to work on /opt/airflow/dags/model_training_dag.py
[2024-11-23T10:47:09.609+0000] {processor.py:914} INFO - Processing file /opt/airflow/dags/model_training_dag.py for tasks to queue
[2024-11-23T10:47:09.613+0000] {logging_mixin.py:190} INFO - [2024-11-23T10:47:09.612+0000] {dagbag.py:588} INFO - Filling up the DagBag from /opt/airflow/dags/model_training_dag.py
[2024-11-23T10:47:10.516+0000] {processor.py:925} INFO - DAG(s) 'model_training_dag' retrieved from /opt/airflow/dags/model_training_dag.py
[2024-11-23T10:47:10.538+0000] {logging_mixin.py:190} INFO - [2024-11-23T10:47:10.538+0000] {dag.py:3239} INFO - Sync 1 DAGs
[2024-11-23T10:47:10.558+0000] {logging_mixin.py:190} INFO - [2024-11-23T10:47:10.557+0000] {dag.py:4180} INFO - Setting next_dagrun for model_training_dag to None, run_after=None
[2024-11-23T10:47:10.841+0000] {processor.py:208} INFO - Processing /opt/airflow/dags/model_training_dag.py took 1.244 seconds
[2024-11-23T10:47:40.953+0000] {processor.py:186} INFO - Started process (PID=738) to work on /opt/airflow/dags/model_training_dag.py
[2024-11-23T10:47:40.954+0000] {processor.py:914} INFO - Processing file /opt/airflow/dags/model_training_dag.py for tasks to queue
[2024-11-23T10:47:40.957+0000] {logging_mixin.py:190} INFO - [2024-11-23T10:47:40.957+0000] {dagbag.py:588} INFO - Filling up the DagBag from /opt/airflow/dags/model_training_dag.py
[2024-11-23T10:47:41.850+0000] {processor.py:925} INFO - DAG(s) 'model_training_dag' retrieved from /opt/airflow/dags/model_training_dag.py
[2024-11-23T10:47:41.868+0000] {logging_mixin.py:190} INFO - [2024-11-23T10:47:41.867+0000] {dag.py:3239} INFO - Sync 1 DAGs
[2024-11-23T10:47:41.883+0000] {logging_mixin.py:190} INFO - [2024-11-23T10:47:41.882+0000] {dag.py:4180} INFO - Setting next_dagrun for model_training_dag to None, run_after=None
[2024-11-23T10:47:43.025+0000] {processor.py:208} INFO - Processing /opt/airflow/dags/model_training_dag.py took 2.081 seconds
[2024-11-23T10:48:13.240+0000] {processor.py:186} INFO - Started process (PID=825) to work on /opt/airflow/dags/model_training_dag.py
[2024-11-23T10:48:13.242+0000] {processor.py:914} INFO - Processing file /opt/airflow/dags/model_training_dag.py for tasks to queue
[2024-11-23T10:48:13.247+0000] {logging_mixin.py:190} INFO - [2024-11-23T10:48:13.246+0000] {dagbag.py:588} INFO - Filling up the DagBag from /opt/airflow/dags/model_training_dag.py
[2024-11-23T10:48:14.201+0000] {processor.py:925} INFO - DAG(s) 'model_training_dag' retrieved from /opt/airflow/dags/model_training_dag.py
[2024-11-23T10:48:14.231+0000] {logging_mixin.py:190} INFO - [2024-11-23T10:48:14.230+0000] {dag.py:3239} INFO - Sync 1 DAGs
[2024-11-23T10:48:14.247+0000] {logging_mixin.py:190} INFO - [2024-11-23T10:48:14.247+0000] {dag.py:4180} INFO - Setting next_dagrun for model_training_dag to None, run_after=None
[2024-11-23T10:48:14.299+0000] {processor.py:208} INFO - Processing /opt/airflow/dags/model_training_dag.py took 1.071 seconds
[2024-11-23T10:48:44.783+0000] {processor.py:186} INFO - Started process (PID=904) to work on /opt/airflow/dags/model_training_dag.py
[2024-11-23T10:48:44.785+0000] {processor.py:914} INFO - Processing file /opt/airflow/dags/model_training_dag.py for tasks to queue
[2024-11-23T10:48:44.788+0000] {logging_mixin.py:190} INFO - [2024-11-23T10:48:44.787+0000] {dagbag.py:588} INFO - Filling up the DagBag from /opt/airflow/dags/model_training_dag.py
[2024-11-23T10:48:45.613+0000] {processor.py:925} INFO - DAG(s) 'model_training_dag' retrieved from /opt/airflow/dags/model_training_dag.py
[2024-11-23T10:48:45.635+0000] {logging_mixin.py:190} INFO - [2024-11-23T10:48:45.634+0000] {dag.py:3239} INFO - Sync 1 DAGs
[2024-11-23T10:48:45.652+0000] {logging_mixin.py:190} INFO - [2024-11-23T10:48:45.651+0000] {dag.py:4180} INFO - Setting next_dagrun for model_training_dag to None, run_after=None
[2024-11-23T10:48:45.707+0000] {processor.py:208} INFO - Processing /opt/airflow/dags/model_training_dag.py took 0.932 seconds
[2024-11-23T10:49:16.494+0000] {processor.py:186} INFO - Started process (PID=986) to work on /opt/airflow/dags/model_training_dag.py
[2024-11-23T10:49:16.495+0000] {processor.py:914} INFO - Processing file /opt/airflow/dags/model_training_dag.py for tasks to queue
[2024-11-23T10:49:16.497+0000] {logging_mixin.py:190} INFO - [2024-11-23T10:49:16.497+0000] {dagbag.py:588} INFO - Filling up the DagBag from /opt/airflow/dags/model_training_dag.py
[2024-11-23T10:49:17.281+0000] {processor.py:925} INFO - DAG(s) 'model_training_dag' retrieved from /opt/airflow/dags/model_training_dag.py
[2024-11-23T10:49:17.300+0000] {logging_mixin.py:190} INFO - [2024-11-23T10:49:17.299+0000] {dag.py:3239} INFO - Sync 1 DAGs
[2024-11-23T10:49:17.315+0000] {logging_mixin.py:190} INFO - [2024-11-23T10:49:17.315+0000] {dag.py:4180} INFO - Setting next_dagrun for model_training_dag to None, run_after=None
[2024-11-23T10:49:17.407+0000] {processor.py:208} INFO - Processing /opt/airflow/dags/model_training_dag.py took 0.921 seconds
[2024-11-23T10:49:47.530+0000] {processor.py:186} INFO - Started process (PID=1069) to work on /opt/airflow/dags/model_training_dag.py
[2024-11-23T10:49:47.532+0000] {processor.py:914} INFO - Processing file /opt/airflow/dags/model_training_dag.py for tasks to queue
[2024-11-23T10:49:47.536+0000] {logging_mixin.py:190} INFO - [2024-11-23T10:49:47.536+0000] {dagbag.py:588} INFO - Filling up the DagBag from /opt/airflow/dags/model_training_dag.py
[2024-11-23T10:49:48.560+0000] {processor.py:925} INFO - DAG(s) 'model_training_dag' retrieved from /opt/airflow/dags/model_training_dag.py
[2024-11-23T10:49:48.583+0000] {logging_mixin.py:190} INFO - [2024-11-23T10:49:48.582+0000] {dag.py:3239} INFO - Sync 1 DAGs
[2024-11-23T10:49:48.600+0000] {logging_mixin.py:190} INFO - [2024-11-23T10:49:48.600+0000] {dag.py:4180} INFO - Setting next_dagrun for model_training_dag to None, run_after=None
[2024-11-23T10:49:48.654+0000] {processor.py:208} INFO - Processing /opt/airflow/dags/model_training_dag.py took 1.133 seconds
[2024-11-23T10:50:18.930+0000] {processor.py:186} INFO - Started process (PID=1151) to work on /opt/airflow/dags/model_training_dag.py
[2024-11-23T10:50:18.933+0000] {processor.py:914} INFO - Processing file /opt/airflow/dags/model_training_dag.py for tasks to queue
[2024-11-23T10:50:18.940+0000] {logging_mixin.py:190} INFO - [2024-11-23T10:50:18.939+0000] {dagbag.py:588} INFO - Filling up the DagBag from /opt/airflow/dags/model_training_dag.py
[2024-11-23T10:50:19.996+0000] {processor.py:925} INFO - DAG(s) 'model_training_dag' retrieved from /opt/airflow/dags/model_training_dag.py
[2024-11-23T10:50:20.019+0000] {logging_mixin.py:190} INFO - [2024-11-23T10:50:20.018+0000] {dag.py:3239} INFO - Sync 1 DAGs
[2024-11-23T10:50:20.038+0000] {logging_mixin.py:190} INFO - [2024-11-23T10:50:20.038+0000] {dag.py:4180} INFO - Setting next_dagrun for model_training_dag to None, run_after=None
[2024-11-23T10:50:21.175+0000] {processor.py:208} INFO - Processing /opt/airflow/dags/model_training_dag.py took 2.264 seconds
[2024-11-23T10:50:51.576+0000] {processor.py:186} INFO - Started process (PID=1231) to work on /opt/airflow/dags/model_training_dag.py
[2024-11-23T10:50:51.577+0000] {processor.py:914} INFO - Processing file /opt/airflow/dags/model_training_dag.py for tasks to queue
[2024-11-23T10:50:51.580+0000] {logging_mixin.py:190} INFO - [2024-11-23T10:50:51.580+0000] {dagbag.py:588} INFO - Filling up the DagBag from /opt/airflow/dags/model_training_dag.py
[2024-11-23T10:50:52.272+0000] {processor.py:925} INFO - DAG(s) 'model_training_dag' retrieved from /opt/airflow/dags/model_training_dag.py
[2024-11-23T10:50:52.288+0000] {logging_mixin.py:190} INFO - [2024-11-23T10:50:52.288+0000] {dag.py:3239} INFO - Sync 1 DAGs
[2024-11-23T10:50:52.301+0000] {logging_mixin.py:190} INFO - [2024-11-23T10:50:52.301+0000] {dag.py:4180} INFO - Setting next_dagrun for model_training_dag to None, run_after=None
[2024-11-23T10:50:52.760+0000] {processor.py:208} INFO - Processing /opt/airflow/dags/model_training_dag.py took 1.191 seconds
[2024-11-23T10:51:22.994+0000] {processor.py:186} INFO - Started process (PID=1310) to work on /opt/airflow/dags/model_training_dag.py
[2024-11-23T10:51:22.995+0000] {processor.py:914} INFO - Processing file /opt/airflow/dags/model_training_dag.py for tasks to queue
[2024-11-23T10:51:22.999+0000] {logging_mixin.py:190} INFO - [2024-11-23T10:51:22.999+0000] {dagbag.py:588} INFO - Filling up the DagBag from /opt/airflow/dags/model_training_dag.py
[2024-11-23T10:51:23.834+0000] {processor.py:925} INFO - DAG(s) 'model_training_dag' retrieved from /opt/airflow/dags/model_training_dag.py
[2024-11-23T10:51:23.852+0000] {logging_mixin.py:190} INFO - [2024-11-23T10:51:23.851+0000] {dag.py:3239} INFO - Sync 1 DAGs
[2024-11-23T10:51:23.868+0000] {logging_mixin.py:190} INFO - [2024-11-23T10:51:23.868+0000] {dag.py:4180} INFO - Setting next_dagrun for model_training_dag to None, run_after=None
[2024-11-23T10:51:25.051+0000] {processor.py:208} INFO - Processing /opt/airflow/dags/model_training_dag.py took 2.064 seconds
[2024-11-23T10:51:55.412+0000] {processor.py:186} INFO - Started process (PID=1389) to work on /opt/airflow/dags/model_training_dag.py
[2024-11-23T10:51:55.413+0000] {processor.py:914} INFO - Processing file /opt/airflow/dags/model_training_dag.py for tasks to queue
[2024-11-23T10:51:55.417+0000] {logging_mixin.py:190} INFO - [2024-11-23T10:51:55.417+0000] {dagbag.py:588} INFO - Filling up the DagBag from /opt/airflow/dags/model_training_dag.py
[2024-11-23T10:51:56.831+0000] {processor.py:925} INFO - DAG(s) 'model_training_dag' retrieved from /opt/airflow/dags/model_training_dag.py
[2024-11-23T10:51:56.859+0000] {logging_mixin.py:190} INFO - [2024-11-23T10:51:56.858+0000] {dag.py:3239} INFO - Sync 1 DAGs
[2024-11-23T10:51:56.892+0000] {logging_mixin.py:190} INFO - [2024-11-23T10:51:56.891+0000] {dag.py:4180} INFO - Setting next_dagrun for model_training_dag to None, run_after=None
[2024-11-23T10:51:56.998+0000] {processor.py:208} INFO - Processing /opt/airflow/dags/model_training_dag.py took 1.600 seconds
[2024-11-23T10:52:27.959+0000] {processor.py:186} INFO - Started process (PID=1469) to work on /opt/airflow/dags/model_training_dag.py
[2024-11-23T10:52:27.962+0000] {processor.py:914} INFO - Processing file /opt/airflow/dags/model_training_dag.py for tasks to queue
[2024-11-23T10:52:27.966+0000] {logging_mixin.py:190} INFO - [2024-11-23T10:52:27.965+0000] {dagbag.py:588} INFO - Filling up the DagBag from /opt/airflow/dags/model_training_dag.py
[2024-11-23T10:52:29.155+0000] {processor.py:925} INFO - DAG(s) 'model_training_dag' retrieved from /opt/airflow/dags/model_training_dag.py
[2024-11-23T10:52:29.178+0000] {logging_mixin.py:190} INFO - [2024-11-23T10:52:29.178+0000] {dag.py:3239} INFO - Sync 1 DAGs
[2024-11-23T10:52:29.199+0000] {logging_mixin.py:190} INFO - [2024-11-23T10:52:29.199+0000] {dag.py:4180} INFO - Setting next_dagrun for model_training_dag to None, run_after=None
[2024-11-23T10:52:29.263+0000] {processor.py:208} INFO - Processing /opt/airflow/dags/model_training_dag.py took 1.318 seconds
[2024-11-23T10:52:59.920+0000] {processor.py:186} INFO - Started process (PID=1551) to work on /opt/airflow/dags/model_training_dag.py
[2024-11-23T10:52:59.922+0000] {processor.py:914} INFO - Processing file /opt/airflow/dags/model_training_dag.py for tasks to queue
[2024-11-23T10:52:59.924+0000] {logging_mixin.py:190} INFO - [2024-11-23T10:52:59.924+0000] {dagbag.py:588} INFO - Filling up the DagBag from /opt/airflow/dags/model_training_dag.py
[2024-11-23T10:53:00.688+0000] {processor.py:925} INFO - DAG(s) 'model_training_dag' retrieved from /opt/airflow/dags/model_training_dag.py
[2024-11-23T10:53:00.703+0000] {logging_mixin.py:190} INFO - [2024-11-23T10:53:00.702+0000] {dag.py:3239} INFO - Sync 1 DAGs
[2024-11-23T10:53:00.716+0000] {logging_mixin.py:190} INFO - [2024-11-23T10:53:00.715+0000] {dag.py:4180} INFO - Setting next_dagrun for model_training_dag to None, run_after=None
[2024-11-23T10:53:00.798+0000] {processor.py:208} INFO - Processing /opt/airflow/dags/model_training_dag.py took 0.886 seconds
[2024-11-23T10:53:31.045+0000] {processor.py:186} INFO - Started process (PID=1630) to work on /opt/airflow/dags/model_training_dag.py
[2024-11-23T10:53:31.047+0000] {processor.py:914} INFO - Processing file /opt/airflow/dags/model_training_dag.py for tasks to queue
[2024-11-23T10:53:31.051+0000] {logging_mixin.py:190} INFO - [2024-11-23T10:53:31.051+0000] {dagbag.py:588} INFO - Filling up the DagBag from /opt/airflow/dags/model_training_dag.py
[2024-11-23T10:53:32.079+0000] {processor.py:925} INFO - DAG(s) 'model_training_dag' retrieved from /opt/airflow/dags/model_training_dag.py
[2024-11-23T10:53:32.099+0000] {logging_mixin.py:190} INFO - [2024-11-23T10:53:32.098+0000] {dag.py:3239} INFO - Sync 1 DAGs
[2024-11-23T10:53:32.115+0000] {logging_mixin.py:190} INFO - [2024-11-23T10:53:32.115+0000] {dag.py:4180} INFO - Setting next_dagrun for model_training_dag to None, run_after=None
[2024-11-23T10:53:32.199+0000] {processor.py:208} INFO - Processing /opt/airflow/dags/model_training_dag.py took 1.163 seconds
[2024-11-23T10:54:02.598+0000] {processor.py:186} INFO - Started process (PID=1709) to work on /opt/airflow/dags/model_training_dag.py
[2024-11-23T10:54:02.600+0000] {processor.py:914} INFO - Processing file /opt/airflow/dags/model_training_dag.py for tasks to queue
[2024-11-23T10:54:02.603+0000] {logging_mixin.py:190} INFO - [2024-11-23T10:54:02.602+0000] {dagbag.py:588} INFO - Filling up the DagBag from /opt/airflow/dags/model_training_dag.py
[2024-11-23T10:54:03.378+0000] {processor.py:925} INFO - DAG(s) 'model_training_dag' retrieved from /opt/airflow/dags/model_training_dag.py
[2024-11-23T10:54:03.394+0000] {logging_mixin.py:190} INFO - [2024-11-23T10:54:03.394+0000] {dag.py:3239} INFO - Sync 1 DAGs
[2024-11-23T10:54:03.407+0000] {logging_mixin.py:190} INFO - [2024-11-23T10:54:03.407+0000] {dag.py:4180} INFO - Setting next_dagrun for model_training_dag to None, run_after=None
[2024-11-23T10:54:03.457+0000] {processor.py:208} INFO - Processing /opt/airflow/dags/model_training_dag.py took 0.870 seconds
[2024-11-23T10:54:33.736+0000] {processor.py:186} INFO - Started process (PID=1791) to work on /opt/airflow/dags/model_training_dag.py
[2024-11-23T10:54:33.737+0000] {processor.py:914} INFO - Processing file /opt/airflow/dags/model_training_dag.py for tasks to queue
[2024-11-23T10:54:33.741+0000] {logging_mixin.py:190} INFO - [2024-11-23T10:54:33.740+0000] {dagbag.py:588} INFO - Filling up the DagBag from /opt/airflow/dags/model_training_dag.py
[2024-11-23T10:54:34.629+0000] {processor.py:925} INFO - DAG(s) 'model_training_dag' retrieved from /opt/airflow/dags/model_training_dag.py
[2024-11-23T10:54:34.647+0000] {logging_mixin.py:190} INFO - [2024-11-23T10:54:34.646+0000] {dag.py:3239} INFO - Sync 1 DAGs
[2024-11-23T10:54:34.661+0000] {logging_mixin.py:190} INFO - [2024-11-23T10:54:34.661+0000] {dag.py:4180} INFO - Setting next_dagrun for model_training_dag to None, run_after=None
[2024-11-23T10:54:34.725+0000] {processor.py:208} INFO - Processing /opt/airflow/dags/model_training_dag.py took 0.997 seconds
[2024-11-23T10:55:05.235+0000] {processor.py:186} INFO - Started process (PID=1872) to work on /opt/airflow/dags/model_training_dag.py
[2024-11-23T10:55:05.237+0000] {processor.py:914} INFO - Processing file /opt/airflow/dags/model_training_dag.py for tasks to queue
[2024-11-23T10:55:05.241+0000] {logging_mixin.py:190} INFO - [2024-11-23T10:55:05.240+0000] {dagbag.py:588} INFO - Filling up the DagBag from /opt/airflow/dags/model_training_dag.py
[2024-11-23T10:55:06.047+0000] {processor.py:925} INFO - DAG(s) 'model_training_dag' retrieved from /opt/airflow/dags/model_training_dag.py
[2024-11-23T10:55:06.407+0000] {logging_mixin.py:190} INFO - [2024-11-23T10:55:06.406+0000] {dag.py:3239} INFO - Sync 1 DAGs
[2024-11-23T10:55:06.436+0000] {logging_mixin.py:190} INFO - [2024-11-23T10:55:06.435+0000] {dag.py:4180} INFO - Setting next_dagrun for model_training_dag to None, run_after=None
[2024-11-23T10:55:06.499+0000] {processor.py:208} INFO - Processing /opt/airflow/dags/model_training_dag.py took 1.274 seconds
[2024-11-23T10:55:36.868+0000] {processor.py:186} INFO - Started process (PID=1951) to work on /opt/airflow/dags/model_training_dag.py
[2024-11-23T10:55:36.870+0000] {processor.py:914} INFO - Processing file /opt/airflow/dags/model_training_dag.py for tasks to queue
[2024-11-23T10:55:36.876+0000] {logging_mixin.py:190} INFO - [2024-11-23T10:55:36.875+0000] {dagbag.py:588} INFO - Filling up the DagBag from /opt/airflow/dags/model_training_dag.py
[2024-11-23T10:55:37.853+0000] {processor.py:925} INFO - DAG(s) 'model_training_dag' retrieved from /opt/airflow/dags/model_training_dag.py
[2024-11-23T10:55:37.874+0000] {logging_mixin.py:190} INFO - [2024-11-23T10:55:37.873+0000] {dag.py:3239} INFO - Sync 1 DAGs
[2024-11-23T10:55:37.896+0000] {logging_mixin.py:190} INFO - [2024-11-23T10:55:37.896+0000] {dag.py:4180} INFO - Setting next_dagrun for model_training_dag to None, run_after=None
[2024-11-23T10:55:37.985+0000] {processor.py:208} INFO - Processing /opt/airflow/dags/model_training_dag.py took 1.127 seconds
[2024-11-23T10:56:08.141+0000] {processor.py:186} INFO - Started process (PID=2033) to work on /opt/airflow/dags/model_training_dag.py
[2024-11-23T10:56:08.143+0000] {processor.py:914} INFO - Processing file /opt/airflow/dags/model_training_dag.py for tasks to queue
[2024-11-23T10:56:08.146+0000] {logging_mixin.py:190} INFO - [2024-11-23T10:56:08.146+0000] {dagbag.py:588} INFO - Filling up the DagBag from /opt/airflow/dags/model_training_dag.py
[2024-11-23T10:56:09.090+0000] {processor.py:925} INFO - DAG(s) 'model_training_dag' retrieved from /opt/airflow/dags/model_training_dag.py
[2024-11-23T10:56:09.109+0000] {logging_mixin.py:190} INFO - [2024-11-23T10:56:09.109+0000] {dag.py:3239} INFO - Sync 1 DAGs
[2024-11-23T10:56:09.131+0000] {logging_mixin.py:190} INFO - [2024-11-23T10:56:09.131+0000] {dag.py:4180} INFO - Setting next_dagrun for model_training_dag to None, run_after=None
[2024-11-23T10:56:09.198+0000] {processor.py:208} INFO - Processing /opt/airflow/dags/model_training_dag.py took 1.068 seconds
[2024-11-23T10:56:39.445+0000] {processor.py:186} INFO - Started process (PID=2118) to work on /opt/airflow/dags/model_training_dag.py
[2024-11-23T10:56:39.446+0000] {processor.py:914} INFO - Processing file /opt/airflow/dags/model_training_dag.py for tasks to queue
[2024-11-23T10:56:39.449+0000] {logging_mixin.py:190} INFO - [2024-11-23T10:56:39.449+0000] {dagbag.py:588} INFO - Filling up the DagBag from /opt/airflow/dags/model_training_dag.py
[2024-11-23T10:56:40.263+0000] {processor.py:925} INFO - DAG(s) 'model_training_dag' retrieved from /opt/airflow/dags/model_training_dag.py
[2024-11-23T10:56:40.285+0000] {logging_mixin.py:190} INFO - [2024-11-23T10:56:40.284+0000] {dag.py:3239} INFO - Sync 1 DAGs
[2024-11-23T10:56:40.302+0000] {logging_mixin.py:190} INFO - [2024-11-23T10:56:40.302+0000] {dag.py:4180} INFO - Setting next_dagrun for model_training_dag to None, run_after=None
[2024-11-23T10:56:40.369+0000] {processor.py:208} INFO - Processing /opt/airflow/dags/model_training_dag.py took 0.933 seconds
[2024-11-23T10:57:10.575+0000] {processor.py:186} INFO - Started process (PID=2200) to work on /opt/airflow/dags/model_training_dag.py
[2024-11-23T10:57:10.576+0000] {processor.py:914} INFO - Processing file /opt/airflow/dags/model_training_dag.py for tasks to queue
[2024-11-23T10:57:10.580+0000] {logging_mixin.py:190} INFO - [2024-11-23T10:57:10.579+0000] {dagbag.py:588} INFO - Filling up the DagBag from /opt/airflow/dags/model_training_dag.py
[2024-11-23T10:57:11.429+0000] {processor.py:925} INFO - DAG(s) 'model_training_dag' retrieved from /opt/airflow/dags/model_training_dag.py
[2024-11-23T10:57:11.447+0000] {logging_mixin.py:190} INFO - [2024-11-23T10:57:11.446+0000] {dag.py:3239} INFO - Sync 1 DAGs
[2024-11-23T10:57:11.462+0000] {logging_mixin.py:190} INFO - [2024-11-23T10:57:11.462+0000] {dag.py:4180} INFO - Setting next_dagrun for model_training_dag to None, run_after=None
[2024-11-23T10:57:11.592+0000] {processor.py:208} INFO - Processing /opt/airflow/dags/model_training_dag.py took 1.026 seconds
[2024-11-23T10:57:42.410+0000] {processor.py:186} INFO - Started process (PID=2279) to work on /opt/airflow/dags/model_training_dag.py
[2024-11-23T10:57:42.412+0000] {processor.py:914} INFO - Processing file /opt/airflow/dags/model_training_dag.py for tasks to queue
[2024-11-23T10:57:42.414+0000] {logging_mixin.py:190} INFO - [2024-11-23T10:57:42.414+0000] {dagbag.py:588} INFO - Filling up the DagBag from /opt/airflow/dags/model_training_dag.py
[2024-11-23T10:57:43.128+0000] {processor.py:925} INFO - DAG(s) 'model_training_dag' retrieved from /opt/airflow/dags/model_training_dag.py
[2024-11-23T10:57:43.145+0000] {logging_mixin.py:190} INFO - [2024-11-23T10:57:43.145+0000] {dag.py:3239} INFO - Sync 1 DAGs
[2024-11-23T10:57:43.157+0000] {logging_mixin.py:190} INFO - [2024-11-23T10:57:43.157+0000] {dag.py:4180} INFO - Setting next_dagrun for model_training_dag to None, run_after=None
[2024-11-23T10:57:43.769+0000] {processor.py:208} INFO - Processing /opt/airflow/dags/model_training_dag.py took 1.365 seconds
[2024-11-23T10:58:14.398+0000] {processor.py:186} INFO - Started process (PID=2358) to work on /opt/airflow/dags/model_training_dag.py
[2024-11-23T10:58:14.399+0000] {processor.py:914} INFO - Processing file /opt/airflow/dags/model_training_dag.py for tasks to queue
[2024-11-23T10:58:14.402+0000] {logging_mixin.py:190} INFO - [2024-11-23T10:58:14.401+0000] {dagbag.py:588} INFO - Filling up the DagBag from /opt/airflow/dags/model_training_dag.py
[2024-11-23T10:58:15.184+0000] {processor.py:925} INFO - DAG(s) 'model_training_dag' retrieved from /opt/airflow/dags/model_training_dag.py
[2024-11-23T10:58:15.202+0000] {logging_mixin.py:190} INFO - [2024-11-23T10:58:15.201+0000] {dag.py:3239} INFO - Sync 1 DAGs
[2024-11-23T10:58:15.221+0000] {logging_mixin.py:190} INFO - [2024-11-23T10:58:15.221+0000] {dag.py:4180} INFO - Setting next_dagrun for model_training_dag to None, run_after=None
[2024-11-23T10:58:15.369+0000] {processor.py:208} INFO - Processing /opt/airflow/dags/model_training_dag.py took 0.978 seconds
[2024-11-23T10:58:45.808+0000] {processor.py:186} INFO - Started process (PID=2437) to work on /opt/airflow/dags/model_training_dag.py
[2024-11-23T10:58:45.810+0000] {processor.py:914} INFO - Processing file /opt/airflow/dags/model_training_dag.py for tasks to queue
[2024-11-23T10:58:45.813+0000] {logging_mixin.py:190} INFO - [2024-11-23T10:58:45.813+0000] {dagbag.py:588} INFO - Filling up the DagBag from /opt/airflow/dags/model_training_dag.py
[2024-11-23T10:58:46.945+0000] {processor.py:925} INFO - DAG(s) 'model_training_dag' retrieved from /opt/airflow/dags/model_training_dag.py
[2024-11-23T10:58:46.966+0000] {logging_mixin.py:190} INFO - [2024-11-23T10:58:46.965+0000] {dag.py:3239} INFO - Sync 1 DAGs
[2024-11-23T10:58:46.985+0000] {logging_mixin.py:190} INFO - [2024-11-23T10:58:46.984+0000] {dag.py:4180} INFO - Setting next_dagrun for model_training_dag to None, run_after=None
[2024-11-23T10:58:47.062+0000] {processor.py:208} INFO - Processing /opt/airflow/dags/model_training_dag.py took 1.266 seconds
[2024-11-23T10:59:17.190+0000] {processor.py:186} INFO - Started process (PID=2521) to work on /opt/airflow/dags/model_training_dag.py
[2024-11-23T10:59:17.192+0000] {processor.py:914} INFO - Processing file /opt/airflow/dags/model_training_dag.py for tasks to queue
[2024-11-23T10:59:17.198+0000] {logging_mixin.py:190} INFO - [2024-11-23T10:59:17.197+0000] {dagbag.py:588} INFO - Filling up the DagBag from /opt/airflow/dags/model_training_dag.py
[2024-11-23T10:59:18.251+0000] {processor.py:925} INFO - DAG(s) 'model_training_dag' retrieved from /opt/airflow/dags/model_training_dag.py
[2024-11-23T10:59:18.276+0000] {logging_mixin.py:190} INFO - [2024-11-23T10:59:18.275+0000] {dag.py:3239} INFO - Sync 1 DAGs
[2024-11-23T10:59:18.296+0000] {logging_mixin.py:190} INFO - [2024-11-23T10:59:18.295+0000] {dag.py:4180} INFO - Setting next_dagrun for model_training_dag to None, run_after=None
[2024-11-23T10:59:18.352+0000] {processor.py:208} INFO - Processing /opt/airflow/dags/model_training_dag.py took 1.172 seconds
[2024-11-23T10:59:48.722+0000] {processor.py:186} INFO - Started process (PID=2602) to work on /opt/airflow/dags/model_training_dag.py
[2024-11-23T10:59:48.724+0000] {processor.py:914} INFO - Processing file /opt/airflow/dags/model_training_dag.py for tasks to queue
[2024-11-23T10:59:48.727+0000] {logging_mixin.py:190} INFO - [2024-11-23T10:59:48.727+0000] {dagbag.py:588} INFO - Filling up the DagBag from /opt/airflow/dags/model_training_dag.py
[2024-11-23T10:59:49.563+0000] {processor.py:925} INFO - DAG(s) 'model_training_dag' retrieved from /opt/airflow/dags/model_training_dag.py
[2024-11-23T10:59:49.585+0000] {logging_mixin.py:190} INFO - [2024-11-23T10:59:49.585+0000] {dag.py:3239} INFO - Sync 1 DAGs
[2024-11-23T10:59:49.603+0000] {logging_mixin.py:190} INFO - [2024-11-23T10:59:49.603+0000] {dag.py:4180} INFO - Setting next_dagrun for model_training_dag to None, run_after=None
[2024-11-23T10:59:49.676+0000] {processor.py:208} INFO - Processing /opt/airflow/dags/model_training_dag.py took 0.961 seconds
[2024-11-23T11:00:19.875+0000] {processor.py:186} INFO - Started process (PID=2680) to work on /opt/airflow/dags/model_training_dag.py
[2024-11-23T11:00:19.876+0000] {processor.py:914} INFO - Processing file /opt/airflow/dags/model_training_dag.py for tasks to queue
[2024-11-23T11:00:19.879+0000] {logging_mixin.py:190} INFO - [2024-11-23T11:00:19.879+0000] {dagbag.py:588} INFO - Filling up the DagBag from /opt/airflow/dags/model_training_dag.py
[2024-11-23T11:00:20.841+0000] {processor.py:925} INFO - DAG(s) 'model_training_dag' retrieved from /opt/airflow/dags/model_training_dag.py
[2024-11-23T11:00:20.866+0000] {logging_mixin.py:190} INFO - [2024-11-23T11:00:20.865+0000] {dag.py:3239} INFO - Sync 1 DAGs
[2024-11-23T11:00:20.882+0000] {logging_mixin.py:190} INFO - [2024-11-23T11:00:20.882+0000] {dag.py:4180} INFO - Setting next_dagrun for model_training_dag to None, run_after=None
[2024-11-23T11:00:20.950+0000] {processor.py:208} INFO - Processing /opt/airflow/dags/model_training_dag.py took 1.083 seconds
[2024-11-23T11:00:51.702+0000] {processor.py:186} INFO - Started process (PID=2759) to work on /opt/airflow/dags/model_training_dag.py
[2024-11-23T11:00:51.705+0000] {processor.py:914} INFO - Processing file /opt/airflow/dags/model_training_dag.py for tasks to queue
[2024-11-23T11:00:51.708+0000] {logging_mixin.py:190} INFO - [2024-11-23T11:00:51.708+0000] {dagbag.py:588} INFO - Filling up the DagBag from /opt/airflow/dags/model_training_dag.py
[2024-11-23T11:00:52.581+0000] {processor.py:925} INFO - DAG(s) 'model_training_dag' retrieved from /opt/airflow/dags/model_training_dag.py
[2024-11-23T11:00:52.600+0000] {logging_mixin.py:190} INFO - [2024-11-23T11:00:52.599+0000] {dag.py:3239} INFO - Sync 1 DAGs
[2024-11-23T11:00:52.616+0000] {logging_mixin.py:190} INFO - [2024-11-23T11:00:52.616+0000] {dag.py:4180} INFO - Setting next_dagrun for model_training_dag to None, run_after=None
[2024-11-23T11:00:52.843+0000] {processor.py:208} INFO - Processing /opt/airflow/dags/model_training_dag.py took 1.148 seconds
[2024-11-23T11:01:23.683+0000] {processor.py:186} INFO - Started process (PID=2838) to work on /opt/airflow/dags/model_training_dag.py
[2024-11-23T11:01:23.685+0000] {processor.py:914} INFO - Processing file /opt/airflow/dags/model_training_dag.py for tasks to queue
[2024-11-23T11:01:23.687+0000] {logging_mixin.py:190} INFO - [2024-11-23T11:01:23.687+0000] {dagbag.py:588} INFO - Filling up the DagBag from /opt/airflow/dags/model_training_dag.py
[2024-11-23T11:01:24.576+0000] {processor.py:925} INFO - DAG(s) 'model_training_dag' retrieved from /opt/airflow/dags/model_training_dag.py
[2024-11-23T11:01:24.598+0000] {logging_mixin.py:190} INFO - [2024-11-23T11:01:24.597+0000] {dag.py:3239} INFO - Sync 1 DAGs
[2024-11-23T11:01:24.615+0000] {logging_mixin.py:190} INFO - [2024-11-23T11:01:24.615+0000] {dag.py:4180} INFO - Setting next_dagrun for model_training_dag to None, run_after=None
[2024-11-23T11:01:25.003+0000] {processor.py:208} INFO - Processing /opt/airflow/dags/model_training_dag.py took 1.328 seconds
[2024-11-23T11:01:55.170+0000] {processor.py:186} INFO - Started process (PID=2917) to work on /opt/airflow/dags/model_training_dag.py
[2024-11-23T11:01:55.171+0000] {processor.py:914} INFO - Processing file /opt/airflow/dags/model_training_dag.py for tasks to queue
[2024-11-23T11:01:55.174+0000] {logging_mixin.py:190} INFO - [2024-11-23T11:01:55.174+0000] {dagbag.py:588} INFO - Filling up the DagBag from /opt/airflow/dags/model_training_dag.py
[2024-11-23T11:01:55.912+0000] {processor.py:925} INFO - DAG(s) 'model_training_dag' retrieved from /opt/airflow/dags/model_training_dag.py
[2024-11-23T11:01:55.928+0000] {logging_mixin.py:190} INFO - [2024-11-23T11:01:55.927+0000] {dag.py:3239} INFO - Sync 1 DAGs
[2024-11-23T11:01:55.940+0000] {logging_mixin.py:190} INFO - [2024-11-23T11:01:55.940+0000] {dag.py:4180} INFO - Setting next_dagrun for model_training_dag to None, run_after=None
[2024-11-23T11:01:56.271+0000] {processor.py:208} INFO - Processing /opt/airflow/dags/model_training_dag.py took 1.107 seconds
[2024-11-23T11:02:26.458+0000] {processor.py:186} INFO - Started process (PID=2996) to work on /opt/airflow/dags/model_training_dag.py
[2024-11-23T11:02:26.460+0000] {processor.py:914} INFO - Processing file /opt/airflow/dags/model_training_dag.py for tasks to queue
[2024-11-23T11:02:26.463+0000] {logging_mixin.py:190} INFO - [2024-11-23T11:02:26.462+0000] {dagbag.py:588} INFO - Filling up the DagBag from /opt/airflow/dags/model_training_dag.py
[2024-11-23T11:02:27.205+0000] {processor.py:925} INFO - DAG(s) 'model_training_dag' retrieved from /opt/airflow/dags/model_training_dag.py
[2024-11-23T11:02:27.230+0000] {logging_mixin.py:190} INFO - [2024-11-23T11:02:27.229+0000] {dag.py:3239} INFO - Sync 1 DAGs
[2024-11-23T11:02:27.246+0000] {logging_mixin.py:190} INFO - [2024-11-23T11:02:27.245+0000] {dag.py:4180} INFO - Setting next_dagrun for model_training_dag to None, run_after=None
[2024-11-23T11:02:27.327+0000] {processor.py:208} INFO - Processing /opt/airflow/dags/model_training_dag.py took 0.875 seconds
[2024-11-23T11:02:57.780+0000] {processor.py:186} INFO - Started process (PID=3075) to work on /opt/airflow/dags/model_training_dag.py
[2024-11-23T11:02:57.781+0000] {processor.py:914} INFO - Processing file /opt/airflow/dags/model_training_dag.py for tasks to queue
[2024-11-23T11:02:57.784+0000] {logging_mixin.py:190} INFO - [2024-11-23T11:02:57.783+0000] {dagbag.py:588} INFO - Filling up the DagBag from /opt/airflow/dags/model_training_dag.py
[2024-11-23T11:02:58.509+0000] {processor.py:925} INFO - DAG(s) 'model_training_dag' retrieved from /opt/airflow/dags/model_training_dag.py
[2024-11-23T11:02:58.525+0000] {logging_mixin.py:190} INFO - [2024-11-23T11:02:58.524+0000] {dag.py:3239} INFO - Sync 1 DAGs
[2024-11-23T11:02:58.538+0000] {logging_mixin.py:190} INFO - [2024-11-23T11:02:58.537+0000] {dag.py:4180} INFO - Setting next_dagrun for model_training_dag to None, run_after=None
[2024-11-23T11:02:58.587+0000] {processor.py:208} INFO - Processing /opt/airflow/dags/model_training_dag.py took 0.814 seconds
[2024-11-23T11:03:30.402+0000] {processor.py:186} INFO - Started process (PID=3154) to work on /opt/airflow/dags/model_training_dag.py
[2024-11-23T11:03:30.403+0000] {processor.py:914} INFO - Processing file /opt/airflow/dags/model_training_dag.py for tasks to queue
[2024-11-23T11:03:30.406+0000] {logging_mixin.py:190} INFO - [2024-11-23T11:03:30.405+0000] {dagbag.py:588} INFO - Filling up the DagBag from /opt/airflow/dags/model_training_dag.py
[2024-11-23T11:03:31.124+0000] {processor.py:925} INFO - DAG(s) 'model_training_dag' retrieved from /opt/airflow/dags/model_training_dag.py
[2024-11-23T11:03:31.142+0000] {logging_mixin.py:190} INFO - [2024-11-23T11:03:31.142+0000] {dag.py:3239} INFO - Sync 1 DAGs
[2024-11-23T11:03:31.155+0000] {logging_mixin.py:190} INFO - [2024-11-23T11:03:31.155+0000] {dag.py:4180} INFO - Setting next_dagrun for model_training_dag to None, run_after=None
[2024-11-23T11:03:31.585+0000] {processor.py:208} INFO - Processing /opt/airflow/dags/model_training_dag.py took 1.190 seconds
[2024-11-23T11:04:02.405+0000] {processor.py:186} INFO - Started process (PID=3233) to work on /opt/airflow/dags/model_training_dag.py
[2024-11-23T11:04:02.406+0000] {processor.py:914} INFO - Processing file /opt/airflow/dags/model_training_dag.py for tasks to queue
[2024-11-23T11:04:02.409+0000] {logging_mixin.py:190} INFO - [2024-11-23T11:04:02.408+0000] {dagbag.py:588} INFO - Filling up the DagBag from /opt/airflow/dags/model_training_dag.py
[2024-11-23T11:04:03.104+0000] {processor.py:925} INFO - DAG(s) 'model_training_dag' retrieved from /opt/airflow/dags/model_training_dag.py
[2024-11-23T11:04:03.122+0000] {logging_mixin.py:190} INFO - [2024-11-23T11:04:03.122+0000] {dag.py:3239} INFO - Sync 1 DAGs
[2024-11-23T11:04:03.136+0000] {logging_mixin.py:190} INFO - [2024-11-23T11:04:03.136+0000] {dag.py:4180} INFO - Setting next_dagrun for model_training_dag to None, run_after=None
[2024-11-23T11:04:03.618+0000] {processor.py:208} INFO - Processing /opt/airflow/dags/model_training_dag.py took 1.220 seconds
[2024-11-23T11:04:33.902+0000] {processor.py:186} INFO - Started process (PID=3312) to work on /opt/airflow/dags/model_training_dag.py
[2024-11-23T11:04:33.903+0000] {processor.py:914} INFO - Processing file /opt/airflow/dags/model_training_dag.py for tasks to queue
[2024-11-23T11:04:33.906+0000] {logging_mixin.py:190} INFO - [2024-11-23T11:04:33.905+0000] {dagbag.py:588} INFO - Filling up the DagBag from /opt/airflow/dags/model_training_dag.py
[2024-11-23T11:04:34.665+0000] {processor.py:925} INFO - DAG(s) 'model_training_dag' retrieved from /opt/airflow/dags/model_training_dag.py
[2024-11-23T11:04:34.684+0000] {logging_mixin.py:190} INFO - [2024-11-23T11:04:34.683+0000] {dag.py:3239} INFO - Sync 1 DAGs
[2024-11-23T11:04:34.699+0000] {logging_mixin.py:190} INFO - [2024-11-23T11:04:34.698+0000] {dag.py:4180} INFO - Setting next_dagrun for model_training_dag to None, run_after=None
[2024-11-23T11:04:35.075+0000] {processor.py:208} INFO - Processing /opt/airflow/dags/model_training_dag.py took 1.179 seconds
[2024-11-23T11:05:05.145+0000] {processor.py:186} INFO - Started process (PID=3391) to work on /opt/airflow/dags/model_training_dag.py
[2024-11-23T11:05:05.146+0000] {processor.py:914} INFO - Processing file /opt/airflow/dags/model_training_dag.py for tasks to queue
[2024-11-23T11:05:05.149+0000] {logging_mixin.py:190} INFO - [2024-11-23T11:05:05.149+0000] {dagbag.py:588} INFO - Filling up the DagBag from /opt/airflow/dags/model_training_dag.py
[2024-11-23T11:05:06.128+0000] {processor.py:925} INFO - DAG(s) 'model_training_dag' retrieved from /opt/airflow/dags/model_training_dag.py
[2024-11-23T11:05:06.153+0000] {logging_mixin.py:190} INFO - [2024-11-23T11:05:06.152+0000] {dag.py:3239} INFO - Sync 1 DAGs
[2024-11-23T11:05:06.175+0000] {logging_mixin.py:190} INFO - [2024-11-23T11:05:06.175+0000] {dag.py:4180} INFO - Setting next_dagrun for model_training_dag to None, run_after=None
[2024-11-23T11:05:06.254+0000] {processor.py:208} INFO - Processing /opt/airflow/dags/model_training_dag.py took 1.116 seconds
[2024-11-23T11:05:37.676+0000] {processor.py:186} INFO - Started process (PID=3473) to work on /opt/airflow/dags/model_training_dag.py
[2024-11-23T11:05:37.677+0000] {processor.py:914} INFO - Processing file /opt/airflow/dags/model_training_dag.py for tasks to queue
[2024-11-23T11:05:37.680+0000] {logging_mixin.py:190} INFO - [2024-11-23T11:05:37.680+0000] {dagbag.py:588} INFO - Filling up the DagBag from /opt/airflow/dags/model_training_dag.py
[2024-11-23T11:05:38.518+0000] {processor.py:925} INFO - DAG(s) 'model_training_dag' retrieved from /opt/airflow/dags/model_training_dag.py
[2024-11-23T11:05:38.536+0000] {logging_mixin.py:190} INFO - [2024-11-23T11:05:38.535+0000] {dag.py:3239} INFO - Sync 1 DAGs
[2024-11-23T11:05:38.550+0000] {logging_mixin.py:190} INFO - [2024-11-23T11:05:38.550+0000] {dag.py:4180} INFO - Setting next_dagrun for model_training_dag to None, run_after=None
[2024-11-23T11:05:38.603+0000] {processor.py:208} INFO - Processing /opt/airflow/dags/model_training_dag.py took 0.934 seconds
[2024-11-23T11:06:09.444+0000] {processor.py:186} INFO - Started process (PID=3550) to work on /opt/airflow/dags/model_training_dag.py
[2024-11-23T11:06:09.445+0000] {processor.py:914} INFO - Processing file /opt/airflow/dags/model_training_dag.py for tasks to queue
[2024-11-23T11:06:09.448+0000] {logging_mixin.py:190} INFO - [2024-11-23T11:06:09.448+0000] {dagbag.py:588} INFO - Filling up the DagBag from /opt/airflow/dags/model_training_dag.py
[2024-11-23T11:06:10.240+0000] {processor.py:925} INFO - DAG(s) 'model_training_dag' retrieved from /opt/airflow/dags/model_training_dag.py
[2024-11-23T11:06:10.257+0000] {logging_mixin.py:190} INFO - [2024-11-23T11:06:10.257+0000] {dag.py:3239} INFO - Sync 1 DAGs
[2024-11-23T11:06:10.271+0000] {logging_mixin.py:190} INFO - [2024-11-23T11:06:10.271+0000] {dag.py:4180} INFO - Setting next_dagrun for model_training_dag to None, run_after=None
[2024-11-23T11:06:11.373+0000] {processor.py:208} INFO - Processing /opt/airflow/dags/model_training_dag.py took 1.936 seconds
[2024-11-23T11:06:41.944+0000] {processor.py:186} INFO - Started process (PID=3636) to work on /opt/airflow/dags/model_training_dag.py
[2024-11-23T11:06:41.945+0000] {processor.py:914} INFO - Processing file /opt/airflow/dags/model_training_dag.py for tasks to queue
[2024-11-23T11:06:41.948+0000] {logging_mixin.py:190} INFO - [2024-11-23T11:06:41.948+0000] {dagbag.py:588} INFO - Filling up the DagBag from /opt/airflow/dags/model_training_dag.py
[2024-11-23T11:06:42.471+0000] {processor.py:925} INFO - DAG(s) 'model_training_dag' retrieved from /opt/airflow/dags/model_training_dag.py
[2024-11-23T11:06:42.491+0000] {logging_mixin.py:190} INFO - [2024-11-23T11:06:42.490+0000] {dag.py:3239} INFO - Sync 1 DAGs
[2024-11-23T11:06:42.531+0000] {logging_mixin.py:190} INFO - [2024-11-23T11:06:42.531+0000] {dag.py:4180} INFO - Setting next_dagrun for model_training_dag to None, run_after=None
[2024-11-23T11:06:42.585+0000] {processor.py:208} INFO - Processing /opt/airflow/dags/model_training_dag.py took 0.647 seconds
[2024-11-23T11:07:12.882+0000] {processor.py:186} INFO - Started process (PID=3714) to work on /opt/airflow/dags/model_training_dag.py
[2024-11-23T11:07:12.883+0000] {processor.py:914} INFO - Processing file /opt/airflow/dags/model_training_dag.py for tasks to queue
[2024-11-23T11:07:12.886+0000] {logging_mixin.py:190} INFO - [2024-11-23T11:07:12.886+0000] {dagbag.py:588} INFO - Filling up the DagBag from /opt/airflow/dags/model_training_dag.py
[2024-11-23T11:07:13.718+0000] {processor.py:925} INFO - DAG(s) 'model_training_dag' retrieved from /opt/airflow/dags/model_training_dag.py
[2024-11-23T11:07:13.739+0000] {logging_mixin.py:190} INFO - [2024-11-23T11:07:13.738+0000] {dag.py:3239} INFO - Sync 1 DAGs
[2024-11-23T11:07:13.756+0000] {logging_mixin.py:190} INFO - [2024-11-23T11:07:13.756+0000] {dag.py:4180} INFO - Setting next_dagrun for model_training_dag to None, run_after=None
[2024-11-23T11:07:13.812+0000] {processor.py:208} INFO - Processing /opt/airflow/dags/model_training_dag.py took 0.938 seconds
[2024-11-23T11:07:43.919+0000] {processor.py:186} INFO - Started process (PID=3796) to work on /opt/airflow/dags/model_training_dag.py
[2024-11-23T11:07:43.921+0000] {processor.py:914} INFO - Processing file /opt/airflow/dags/model_training_dag.py for tasks to queue
[2024-11-23T11:07:43.925+0000] {logging_mixin.py:190} INFO - [2024-11-23T11:07:43.925+0000] {dagbag.py:588} INFO - Filling up the DagBag from /opt/airflow/dags/model_training_dag.py
[2024-11-23T11:07:44.629+0000] {processor.py:925} INFO - DAG(s) 'model_training_dag' retrieved from /opt/airflow/dags/model_training_dag.py
[2024-11-23T11:07:44.653+0000] {logging_mixin.py:190} INFO - [2024-11-23T11:07:44.653+0000] {dag.py:3239} INFO - Sync 1 DAGs
[2024-11-23T11:07:44.671+0000] {logging_mixin.py:190} INFO - [2024-11-23T11:07:44.671+0000] {dag.py:4180} INFO - Setting next_dagrun for model_training_dag to None, run_after=None
[2024-11-23T11:07:45.736+0000] {processor.py:208} INFO - Processing /opt/airflow/dags/model_training_dag.py took 1.828 seconds
[2024-11-23T11:08:36.847+0000] {processor.py:186} INFO - Started process (PID=3868) to work on /opt/airflow/dags/model_training_dag.py
[2024-11-23T11:08:36.849+0000] {processor.py:914} INFO - Processing file /opt/airflow/dags/model_training_dag.py for tasks to queue
[2024-11-23T11:08:37.288+0000] {logging_mixin.py:190} INFO - [2024-11-23T11:08:36.852+0000] {dagbag.py:588} INFO - Filling up the DagBag from /opt/airflow/dags/model_training_dag.py
[2024-11-23T11:08:54.792+0000] {processor.py:925} INFO - DAG(s) 'model_training_dag' retrieved from /opt/airflow/dags/model_training_dag.py
[2024-11-23T11:08:55.166+0000] {logging_mixin.py:190} INFO - [2024-11-23T11:08:55.165+0000] {dag.py:3239} INFO - Sync 1 DAGs
[2024-11-23T11:08:55.191+0000] {logging_mixin.py:190} INFO - [2024-11-23T11:08:55.191+0000] {dag.py:4180} INFO - Setting next_dagrun for model_training_dag to None, run_after=None
[2024-11-23T11:08:59.023+0000] {processor.py:208} INFO - Processing /opt/airflow/dags/model_training_dag.py took 22.380 seconds
[2024-11-23T11:09:44.546+0000] {processor.py:186} INFO - Started process (PID=3916) to work on /opt/airflow/dags/model_training_dag.py
[2024-11-23T11:09:44.548+0000] {processor.py:914} INFO - Processing file /opt/airflow/dags/model_training_dag.py for tasks to queue
[2024-11-23T11:09:44.554+0000] {logging_mixin.py:190} INFO - [2024-11-23T11:09:44.553+0000] {dagbag.py:588} INFO - Filling up the DagBag from /opt/airflow/dags/model_training_dag.py
[2024-11-23T11:09:47.361+0000] {processor.py:925} INFO - DAG(s) 'model_training_dag' retrieved from /opt/airflow/dags/model_training_dag.py
[2024-11-23T11:09:47.387+0000] {logging_mixin.py:190} INFO - [2024-11-23T11:09:47.386+0000] {dag.py:3239} INFO - Sync 1 DAGs
[2024-11-23T11:09:47.406+0000] {logging_mixin.py:190} INFO - [2024-11-23T11:09:47.406+0000] {dag.py:4180} INFO - Setting next_dagrun for model_training_dag to None, run_after=None
[2024-11-23T11:09:47.485+0000] {processor.py:208} INFO - Processing /opt/airflow/dags/model_training_dag.py took 2.948 seconds
[2024-11-23T11:10:18.180+0000] {processor.py:186} INFO - Started process (PID=3988) to work on /opt/airflow/dags/model_training_dag.py
[2024-11-23T11:10:18.182+0000] {processor.py:914} INFO - Processing file /opt/airflow/dags/model_training_dag.py for tasks to queue
[2024-11-23T11:10:18.184+0000] {logging_mixin.py:190} INFO - [2024-11-23T11:10:18.183+0000] {dagbag.py:588} INFO - Filling up the DagBag from /opt/airflow/dags/model_training_dag.py
[2024-11-23T11:10:18.914+0000] {processor.py:925} INFO - DAG(s) 'model_training_dag' retrieved from /opt/airflow/dags/model_training_dag.py
[2024-11-23T11:10:18.936+0000] {logging_mixin.py:190} INFO - [2024-11-23T11:10:18.936+0000] {dag.py:3239} INFO - Sync 1 DAGs
[2024-11-23T11:10:18.953+0000] {logging_mixin.py:190} INFO - [2024-11-23T11:10:18.952+0000] {dag.py:4180} INFO - Setting next_dagrun for model_training_dag to None, run_after=None
[2024-11-23T11:10:20.183+0000] {processor.py:208} INFO - Processing /opt/airflow/dags/model_training_dag.py took 2.010 seconds
[2024-11-23T11:10:50.280+0000] {processor.py:186} INFO - Started process (PID=4066) to work on /opt/airflow/dags/model_training_dag.py
[2024-11-23T11:10:50.281+0000] {processor.py:914} INFO - Processing file /opt/airflow/dags/model_training_dag.py for tasks to queue
[2024-11-23T11:10:50.283+0000] {logging_mixin.py:190} INFO - [2024-11-23T11:10:50.282+0000] {dagbag.py:588} INFO - Filling up the DagBag from /opt/airflow/dags/model_training_dag.py
[2024-11-23T11:10:50.957+0000] {processor.py:925} INFO - DAG(s) 'model_training_dag' retrieved from /opt/airflow/dags/model_training_dag.py
[2024-11-23T11:10:50.988+0000] {logging_mixin.py:190} INFO - [2024-11-23T11:10:50.988+0000] {dag.py:3239} INFO - Sync 1 DAGs
[2024-11-23T11:10:51.007+0000] {logging_mixin.py:190} INFO - [2024-11-23T11:10:51.006+0000] {dag.py:4180} INFO - Setting next_dagrun for model_training_dag to None, run_after=None
[2024-11-23T11:10:52.296+0000] {processor.py:208} INFO - Processing /opt/airflow/dags/model_training_dag.py took 2.024 seconds
[2024-11-23T11:11:22.633+0000] {processor.py:186} INFO - Started process (PID=4152) to work on /opt/airflow/dags/model_training_dag.py
[2024-11-23T11:11:22.635+0000] {processor.py:914} INFO - Processing file /opt/airflow/dags/model_training_dag.py for tasks to queue
[2024-11-23T11:11:22.636+0000] {logging_mixin.py:190} INFO - [2024-11-23T11:11:22.636+0000] {dagbag.py:588} INFO - Filling up the DagBag from /opt/airflow/dags/model_training_dag.py
[2024-11-23T11:11:23.218+0000] {processor.py:925} INFO - DAG(s) 'model_training_dag' retrieved from /opt/airflow/dags/model_training_dag.py
[2024-11-23T11:11:23.242+0000] {logging_mixin.py:190} INFO - [2024-11-23T11:11:23.241+0000] {dag.py:3239} INFO - Sync 1 DAGs
[2024-11-23T11:11:23.257+0000] {logging_mixin.py:190} INFO - [2024-11-23T11:11:23.257+0000] {dag.py:4180} INFO - Setting next_dagrun for model_training_dag to None, run_after=None
[2024-11-23T11:11:24.490+0000] {processor.py:208} INFO - Processing /opt/airflow/dags/model_training_dag.py took 1.863 seconds
[2024-11-23T11:11:55.010+0000] {processor.py:186} INFO - Started process (PID=4232) to work on /opt/airflow/dags/model_training_dag.py
[2024-11-23T11:11:55.011+0000] {processor.py:914} INFO - Processing file /opt/airflow/dags/model_training_dag.py for tasks to queue
[2024-11-23T11:11:55.013+0000] {logging_mixin.py:190} INFO - [2024-11-23T11:11:55.012+0000] {dagbag.py:588} INFO - Filling up the DagBag from /opt/airflow/dags/model_training_dag.py
[2024-11-23T11:11:55.610+0000] {processor.py:925} INFO - DAG(s) 'model_training_dag' retrieved from /opt/airflow/dags/model_training_dag.py
[2024-11-23T11:11:55.632+0000] {logging_mixin.py:190} INFO - [2024-11-23T11:11:55.632+0000] {dag.py:3239} INFO - Sync 1 DAGs
[2024-11-23T11:11:55.650+0000] {logging_mixin.py:190} INFO - [2024-11-23T11:11:55.649+0000] {dag.py:4180} INFO - Setting next_dagrun for model_training_dag to None, run_after=None
[2024-11-23T11:11:56.579+0000] {processor.py:208} INFO - Processing /opt/airflow/dags/model_training_dag.py took 1.579 seconds
[2024-11-23T11:12:27.048+0000] {processor.py:186} INFO - Started process (PID=4311) to work on /opt/airflow/dags/model_training_dag.py
[2024-11-23T11:12:27.050+0000] {processor.py:914} INFO - Processing file /opt/airflow/dags/model_training_dag.py for tasks to queue
[2024-11-23T11:12:27.052+0000] {logging_mixin.py:190} INFO - [2024-11-23T11:12:27.052+0000] {dagbag.py:588} INFO - Filling up the DagBag from /opt/airflow/dags/model_training_dag.py
[2024-11-23T11:12:27.711+0000] {processor.py:925} INFO - DAG(s) 'model_training_dag' retrieved from /opt/airflow/dags/model_training_dag.py
[2024-11-23T11:12:27.731+0000] {logging_mixin.py:190} INFO - [2024-11-23T11:12:27.730+0000] {dag.py:3239} INFO - Sync 1 DAGs
[2024-11-23T11:12:27.747+0000] {logging_mixin.py:190} INFO - [2024-11-23T11:12:27.747+0000] {dag.py:4180} INFO - Setting next_dagrun for model_training_dag to None, run_after=None
[2024-11-23T11:12:29.081+0000] {processor.py:208} INFO - Processing /opt/airflow/dags/model_training_dag.py took 2.040 seconds
[2024-11-23T11:12:59.702+0000] {processor.py:186} INFO - Started process (PID=4390) to work on /opt/airflow/dags/model_training_dag.py
[2024-11-23T11:12:59.703+0000] {processor.py:914} INFO - Processing file /opt/airflow/dags/model_training_dag.py for tasks to queue
[2024-11-23T11:12:59.705+0000] {logging_mixin.py:190} INFO - [2024-11-23T11:12:59.704+0000] {dagbag.py:588} INFO - Filling up the DagBag from /opt/airflow/dags/model_training_dag.py
[2024-11-23T11:13:00.313+0000] {processor.py:925} INFO - DAG(s) 'model_training_dag' retrieved from /opt/airflow/dags/model_training_dag.py
[2024-11-23T11:13:00.331+0000] {logging_mixin.py:190} INFO - [2024-11-23T11:13:00.331+0000] {dag.py:3239} INFO - Sync 1 DAGs
[2024-11-23T11:13:00.348+0000] {logging_mixin.py:190} INFO - [2024-11-23T11:13:00.348+0000] {dag.py:4180} INFO - Setting next_dagrun for model_training_dag to None, run_after=None
[2024-11-23T11:13:00.805+0000] {processor.py:208} INFO - Processing /opt/airflow/dags/model_training_dag.py took 1.111 seconds
[2024-11-23T11:13:31.194+0000] {processor.py:186} INFO - Started process (PID=4476) to work on /opt/airflow/dags/model_training_dag.py
[2024-11-23T11:13:31.195+0000] {processor.py:914} INFO - Processing file /opt/airflow/dags/model_training_dag.py for tasks to queue
[2024-11-23T11:13:31.198+0000] {logging_mixin.py:190} INFO - [2024-11-23T11:13:31.197+0000] {dagbag.py:588} INFO - Filling up the DagBag from /opt/airflow/dags/model_training_dag.py
[2024-11-23T11:13:31.892+0000] {processor.py:925} INFO - DAG(s) 'model_training_dag' retrieved from /opt/airflow/dags/model_training_dag.py
[2024-11-23T11:13:31.916+0000] {logging_mixin.py:190} INFO - [2024-11-23T11:13:31.915+0000] {dag.py:3239} INFO - Sync 1 DAGs
[2024-11-23T11:13:31.932+0000] {logging_mixin.py:190} INFO - [2024-11-23T11:13:31.932+0000] {dag.py:4180} INFO - Setting next_dagrun for model_training_dag to None, run_after=None
[2024-11-23T11:13:32.007+0000] {processor.py:208} INFO - Processing /opt/airflow/dags/model_training_dag.py took 0.821 seconds
[2024-11-23T11:14:03.207+0000] {processor.py:186} INFO - Started process (PID=4555) to work on /opt/airflow/dags/model_training_dag.py
[2024-11-23T11:14:03.208+0000] {processor.py:914} INFO - Processing file /opt/airflow/dags/model_training_dag.py for tasks to queue
[2024-11-23T11:14:03.211+0000] {logging_mixin.py:190} INFO - [2024-11-23T11:14:03.210+0000] {dagbag.py:588} INFO - Filling up the DagBag from /opt/airflow/dags/model_training_dag.py
[2024-11-23T11:14:07.689+0000] {processor.py:925} INFO - DAG(s) 'model_training_dag' retrieved from /opt/airflow/dags/model_training_dag.py
[2024-11-23T11:14:07.730+0000] {logging_mixin.py:190} INFO - [2024-11-23T11:14:07.727+0000] {dag.py:3239} INFO - Sync 1 DAGs
[2024-11-23T11:14:07.803+0000] {logging_mixin.py:190} INFO - [2024-11-23T11:14:07.802+0000] {dag.py:4180} INFO - Setting next_dagrun for model_training_dag to None, run_after=None
[2024-11-23T11:14:07.922+0000] {processor.py:208} INFO - Processing /opt/airflow/dags/model_training_dag.py took 4.723 seconds
[2024-11-23T11:14:46.728+0000] {processor.py:186} INFO - Started process (PID=4617) to work on /opt/airflow/dags/model_training_dag.py
[2024-11-23T11:14:46.730+0000] {processor.py:914} INFO - Processing file /opt/airflow/dags/model_training_dag.py for tasks to queue
[2024-11-23T11:14:46.732+0000] {logging_mixin.py:190} INFO - [2024-11-23T11:14:46.732+0000] {dagbag.py:588} INFO - Filling up the DagBag from /opt/airflow/dags/model_training_dag.py
[2024-11-23T11:14:49.096+0000] {processor.py:925} INFO - DAG(s) 'model_training_dag' retrieved from /opt/airflow/dags/model_training_dag.py
[2024-11-23T11:14:49.116+0000] {logging_mixin.py:190} INFO - [2024-11-23T11:14:49.116+0000] {dag.py:3239} INFO - Sync 1 DAGs
[2024-11-23T11:14:49.131+0000] {logging_mixin.py:190} INFO - [2024-11-23T11:14:49.131+0000] {dag.py:4180} INFO - Setting next_dagrun for model_training_dag to None, run_after=None
[2024-11-23T11:14:49.403+0000] {processor.py:208} INFO - Processing /opt/airflow/dags/model_training_dag.py took 2.682 seconds
[2024-11-23T11:15:41.206+0000] {processor.py:186} INFO - Started process (PID=4683) to work on /opt/airflow/dags/model_training_dag.py
[2024-11-23T11:15:41.208+0000] {processor.py:914} INFO - Processing file /opt/airflow/dags/model_training_dag.py for tasks to queue
[2024-11-23T11:15:41.210+0000] {logging_mixin.py:190} INFO - [2024-11-23T11:15:41.209+0000] {dagbag.py:588} INFO - Filling up the DagBag from /opt/airflow/dags/model_training_dag.py
[2024-11-23T11:15:45.183+0000] {processor.py:925} INFO - DAG(s) 'model_training_dag' retrieved from /opt/airflow/dags/model_training_dag.py
[2024-11-23T11:15:45.204+0000] {logging_mixin.py:190} INFO - [2024-11-23T11:15:45.204+0000] {dag.py:3239} INFO - Sync 1 DAGs
[2024-11-23T11:15:45.222+0000] {logging_mixin.py:190} INFO - [2024-11-23T11:15:45.222+0000] {dag.py:4180} INFO - Setting next_dagrun for model_training_dag to None, run_after=None
[2024-11-23T11:15:46.003+0000] {processor.py:208} INFO - Processing /opt/airflow/dags/model_training_dag.py took 4.807 seconds
[2024-11-23T11:16:16.645+0000] {processor.py:186} INFO - Started process (PID=4763) to work on /opt/airflow/dags/model_training_dag.py
[2024-11-23T11:16:16.646+0000] {processor.py:914} INFO - Processing file /opt/airflow/dags/model_training_dag.py for tasks to queue
[2024-11-23T11:16:16.650+0000] {logging_mixin.py:190} INFO - [2024-11-23T11:16:16.649+0000] {dagbag.py:588} INFO - Filling up the DagBag from /opt/airflow/dags/model_training_dag.py
[2024-11-23T11:16:17.377+0000] {processor.py:925} INFO - DAG(s) 'model_training_dag' retrieved from /opt/airflow/dags/model_training_dag.py
[2024-11-23T11:16:17.400+0000] {logging_mixin.py:190} INFO - [2024-11-23T11:16:17.399+0000] {dag.py:3239} INFO - Sync 1 DAGs
[2024-11-23T11:16:17.425+0000] {logging_mixin.py:190} INFO - [2024-11-23T11:16:17.424+0000] {dag.py:4180} INFO - Setting next_dagrun for model_training_dag to None, run_after=None
[2024-11-23T11:16:21.198+0000] {processor.py:208} INFO - Processing /opt/airflow/dags/model_training_dag.py took 4.561 seconds
[2024-11-23T11:17:04.455+0000] {processor.py:186} INFO - Started process (PID=4850) to work on /opt/airflow/dags/model_training_dag.py
[2024-11-23T11:17:04.456+0000] {processor.py:914} INFO - Processing file /opt/airflow/dags/model_training_dag.py for tasks to queue
[2024-11-23T11:17:04.458+0000] {logging_mixin.py:190} INFO - [2024-11-23T11:17:04.457+0000] {dagbag.py:588} INFO - Filling up the DagBag from /opt/airflow/dags/model_training_dag.py
[2024-11-23T11:17:05.059+0000] {processor.py:925} INFO - DAG(s) 'model_training_dag' retrieved from /opt/airflow/dags/model_training_dag.py
[2024-11-23T11:17:05.080+0000] {logging_mixin.py:190} INFO - [2024-11-23T11:17:05.079+0000] {dag.py:3239} INFO - Sync 1 DAGs
[2024-11-23T11:17:05.100+0000] {logging_mixin.py:190} INFO - [2024-11-23T11:17:05.100+0000] {dag.py:4180} INFO - Setting next_dagrun for model_training_dag to None, run_after=None
[2024-11-23T11:17:05.513+0000] {processor.py:208} INFO - Processing /opt/airflow/dags/model_training_dag.py took 1.065 seconds
[2024-11-23T11:17:36.104+0000] {processor.py:186} INFO - Started process (PID=4929) to work on /opt/airflow/dags/model_training_dag.py
[2024-11-23T11:17:36.105+0000] {processor.py:914} INFO - Processing file /opt/airflow/dags/model_training_dag.py for tasks to queue
[2024-11-23T11:17:36.107+0000] {logging_mixin.py:190} INFO - [2024-11-23T11:17:36.107+0000] {dagbag.py:588} INFO - Filling up the DagBag from /opt/airflow/dags/model_training_dag.py
[2024-11-23T11:17:36.671+0000] {processor.py:925} INFO - DAG(s) 'model_training_dag' retrieved from /opt/airflow/dags/model_training_dag.py
[2024-11-23T11:17:36.692+0000] {logging_mixin.py:190} INFO - [2024-11-23T11:17:36.691+0000] {dag.py:3239} INFO - Sync 1 DAGs
[2024-11-23T11:17:36.709+0000] {logging_mixin.py:190} INFO - [2024-11-23T11:17:36.709+0000] {dag.py:4180} INFO - Setting next_dagrun for model_training_dag to None, run_after=None
[2024-11-23T11:17:37.223+0000] {processor.py:208} INFO - Processing /opt/airflow/dags/model_training_dag.py took 1.129 seconds
[2024-11-23T11:18:08.060+0000] {processor.py:186} INFO - Started process (PID=5008) to work on /opt/airflow/dags/model_training_dag.py
[2024-11-23T11:18:08.062+0000] {processor.py:914} INFO - Processing file /opt/airflow/dags/model_training_dag.py for tasks to queue
[2024-11-23T11:18:08.063+0000] {logging_mixin.py:190} INFO - [2024-11-23T11:18:08.063+0000] {dagbag.py:588} INFO - Filling up the DagBag from /opt/airflow/dags/model_training_dag.py
[2024-11-23T11:18:08.613+0000] {processor.py:925} INFO - DAG(s) 'model_training_dag' retrieved from /opt/airflow/dags/model_training_dag.py
[2024-11-23T11:18:08.632+0000] {logging_mixin.py:190} INFO - [2024-11-23T11:18:08.631+0000] {dag.py:3239} INFO - Sync 1 DAGs
[2024-11-23T11:18:08.646+0000] {logging_mixin.py:190} INFO - [2024-11-23T11:18:08.645+0000] {dag.py:4180} INFO - Setting next_dagrun for model_training_dag to None, run_after=None
[2024-11-23T11:18:09.251+0000] {processor.py:208} INFO - Processing /opt/airflow/dags/model_training_dag.py took 1.199 seconds
[2024-11-23T11:18:39.571+0000] {processor.py:186} INFO - Started process (PID=5087) to work on /opt/airflow/dags/model_training_dag.py
[2024-11-23T11:18:39.572+0000] {processor.py:914} INFO - Processing file /opt/airflow/dags/model_training_dag.py for tasks to queue
[2024-11-23T11:18:39.574+0000] {logging_mixin.py:190} INFO - [2024-11-23T11:18:39.573+0000] {dagbag.py:588} INFO - Filling up the DagBag from /opt/airflow/dags/model_training_dag.py
[2024-11-23T11:18:40.279+0000] {processor.py:925} INFO - DAG(s) 'model_training_dag' retrieved from /opt/airflow/dags/model_training_dag.py
[2024-11-23T11:18:40.302+0000] {logging_mixin.py:190} INFO - [2024-11-23T11:18:40.301+0000] {dag.py:3239} INFO - Sync 1 DAGs
[2024-11-23T11:18:40.325+0000] {logging_mixin.py:190} INFO - [2024-11-23T11:18:40.325+0000] {dag.py:4180} INFO - Setting next_dagrun for model_training_dag to None, run_after=None
[2024-11-23T11:18:40.388+0000] {processor.py:208} INFO - Processing /opt/airflow/dags/model_training_dag.py took 0.828 seconds
[2024-11-23T11:19:11.523+0000] {processor.py:186} INFO - Started process (PID=5168) to work on /opt/airflow/dags/model_training_dag.py
[2024-11-23T11:19:11.524+0000] {processor.py:914} INFO - Processing file /opt/airflow/dags/model_training_dag.py for tasks to queue
[2024-11-23T11:19:11.526+0000] {logging_mixin.py:190} INFO - [2024-11-23T11:19:11.525+0000] {dagbag.py:588} INFO - Filling up the DagBag from /opt/airflow/dags/model_training_dag.py
[2024-11-23T11:19:12.178+0000] {processor.py:925} INFO - DAG(s) 'model_training_dag' retrieved from /opt/airflow/dags/model_training_dag.py
[2024-11-23T11:19:12.198+0000] {logging_mixin.py:190} INFO - [2024-11-23T11:19:12.197+0000] {dag.py:3239} INFO - Sync 1 DAGs
[2024-11-23T11:19:12.214+0000] {logging_mixin.py:190} INFO - [2024-11-23T11:19:12.213+0000] {dag.py:4180} INFO - Setting next_dagrun for model_training_dag to None, run_after=None
[2024-11-23T11:19:12.294+0000] {processor.py:208} INFO - Processing /opt/airflow/dags/model_training_dag.py took 0.778 seconds
[2024-11-23T11:19:42.369+0000] {processor.py:186} INFO - Started process (PID=5251) to work on /opt/airflow/dags/model_training_dag.py
[2024-11-23T11:19:42.371+0000] {processor.py:914} INFO - Processing file /opt/airflow/dags/model_training_dag.py for tasks to queue
[2024-11-23T11:19:42.373+0000] {logging_mixin.py:190} INFO - [2024-11-23T11:19:42.373+0000] {dagbag.py:588} INFO - Filling up the DagBag from /opt/airflow/dags/model_training_dag.py
[2024-11-23T11:19:43.046+0000] {processor.py:925} INFO - DAG(s) 'model_training_dag' retrieved from /opt/airflow/dags/model_training_dag.py
[2024-11-23T11:19:43.067+0000] {logging_mixin.py:190} INFO - [2024-11-23T11:19:43.067+0000] {dag.py:3239} INFO - Sync 1 DAGs
[2024-11-23T11:19:43.087+0000] {logging_mixin.py:190} INFO - [2024-11-23T11:19:43.087+0000] {dag.py:4180} INFO - Setting next_dagrun for model_training_dag to None, run_after=None
[2024-11-23T11:19:43.142+0000] {processor.py:208} INFO - Processing /opt/airflow/dags/model_training_dag.py took 0.782 seconds
[2024-11-23T11:20:13.634+0000] {processor.py:186} INFO - Started process (PID=5330) to work on /opt/airflow/dags/model_training_dag.py
[2024-11-23T11:20:13.635+0000] {processor.py:914} INFO - Processing file /opt/airflow/dags/model_training_dag.py for tasks to queue
[2024-11-23T11:20:13.636+0000] {logging_mixin.py:190} INFO - [2024-11-23T11:20:13.636+0000] {dagbag.py:588} INFO - Filling up the DagBag from /opt/airflow/dags/model_training_dag.py
[2024-11-23T11:20:14.271+0000] {processor.py:925} INFO - DAG(s) 'model_training_dag' retrieved from /opt/airflow/dags/model_training_dag.py
[2024-11-23T11:20:14.292+0000] {logging_mixin.py:190} INFO - [2024-11-23T11:20:14.292+0000] {dag.py:3239} INFO - Sync 1 DAGs
[2024-11-23T11:20:14.308+0000] {logging_mixin.py:190} INFO - [2024-11-23T11:20:14.308+0000] {dag.py:4180} INFO - Setting next_dagrun for model_training_dag to None, run_after=None
[2024-11-23T11:20:14.813+0000] {processor.py:208} INFO - Processing /opt/airflow/dags/model_training_dag.py took 1.187 seconds
[2024-11-23T11:20:45.587+0000] {processor.py:186} INFO - Started process (PID=5409) to work on /opt/airflow/dags/model_training_dag.py
[2024-11-23T11:20:45.589+0000] {processor.py:914} INFO - Processing file /opt/airflow/dags/model_training_dag.py for tasks to queue
[2024-11-23T11:20:45.591+0000] {logging_mixin.py:190} INFO - [2024-11-23T11:20:45.591+0000] {dagbag.py:588} INFO - Filling up the DagBag from /opt/airflow/dags/model_training_dag.py
[2024-11-23T11:20:46.216+0000] {processor.py:925} INFO - DAG(s) 'model_training_dag' retrieved from /opt/airflow/dags/model_training_dag.py
[2024-11-23T11:20:46.249+0000] {logging_mixin.py:190} INFO - [2024-11-23T11:20:46.249+0000] {dag.py:3239} INFO - Sync 1 DAGs
[2024-11-23T11:20:46.268+0000] {logging_mixin.py:190} INFO - [2024-11-23T11:20:46.268+0000] {dag.py:4180} INFO - Setting next_dagrun for model_training_dag to None, run_after=None
[2024-11-23T11:20:46.365+0000] {processor.py:208} INFO - Processing /opt/airflow/dags/model_training_dag.py took 0.787 seconds
[2024-11-23T11:21:16.454+0000] {processor.py:186} INFO - Started process (PID=5488) to work on /opt/airflow/dags/model_training_dag.py
[2024-11-23T11:21:16.456+0000] {processor.py:914} INFO - Processing file /opt/airflow/dags/model_training_dag.py for tasks to queue
[2024-11-23T11:21:16.458+0000] {logging_mixin.py:190} INFO - [2024-11-23T11:21:16.457+0000] {dagbag.py:588} INFO - Filling up the DagBag from /opt/airflow/dags/model_training_dag.py
[2024-11-23T11:21:17.219+0000] {processor.py:925} INFO - DAG(s) 'model_training_dag' retrieved from /opt/airflow/dags/model_training_dag.py
[2024-11-23T11:21:17.252+0000] {logging_mixin.py:190} INFO - [2024-11-23T11:21:17.252+0000] {dag.py:3239} INFO - Sync 1 DAGs
[2024-11-23T11:21:17.299+0000] {logging_mixin.py:190} INFO - [2024-11-23T11:21:17.298+0000] {dag.py:4180} INFO - Setting next_dagrun for model_training_dag to None, run_after=None
[2024-11-23T11:21:17.365+0000] {processor.py:208} INFO - Processing /opt/airflow/dags/model_training_dag.py took 0.922 seconds
[2024-11-23T11:21:47.590+0000] {processor.py:186} INFO - Started process (PID=5569) to work on /opt/airflow/dags/model_training_dag.py
[2024-11-23T11:21:47.592+0000] {processor.py:914} INFO - Processing file /opt/airflow/dags/model_training_dag.py for tasks to queue
[2024-11-23T11:21:47.593+0000] {logging_mixin.py:190} INFO - [2024-11-23T11:21:47.593+0000] {dagbag.py:588} INFO - Filling up the DagBag from /opt/airflow/dags/model_training_dag.py
[2024-11-23T11:21:48.271+0000] {processor.py:925} INFO - DAG(s) 'model_training_dag' retrieved from /opt/airflow/dags/model_training_dag.py
[2024-11-23T11:21:48.300+0000] {logging_mixin.py:190} INFO - [2024-11-23T11:21:48.299+0000] {dag.py:3239} INFO - Sync 1 DAGs
[2024-11-23T11:21:48.319+0000] {logging_mixin.py:190} INFO - [2024-11-23T11:21:48.319+0000] {dag.py:4180} INFO - Setting next_dagrun for model_training_dag to None, run_after=None
[2024-11-23T11:21:50.071+0000] {processor.py:208} INFO - Processing /opt/airflow/dags/model_training_dag.py took 2.488 seconds
[2024-11-23T11:22:20.590+0000] {processor.py:186} INFO - Started process (PID=5648) to work on /opt/airflow/dags/model_training_dag.py
[2024-11-23T11:22:20.592+0000] {processor.py:914} INFO - Processing file /opt/airflow/dags/model_training_dag.py for tasks to queue
[2024-11-23T11:22:20.594+0000] {logging_mixin.py:190} INFO - [2024-11-23T11:22:20.593+0000] {dagbag.py:588} INFO - Filling up the DagBag from /opt/airflow/dags/model_training_dag.py
[2024-11-23T11:22:21.281+0000] {processor.py:925} INFO - DAG(s) 'model_training_dag' retrieved from /opt/airflow/dags/model_training_dag.py
[2024-11-23T11:22:21.306+0000] {logging_mixin.py:190} INFO - [2024-11-23T11:22:21.305+0000] {dag.py:3239} INFO - Sync 1 DAGs
[2024-11-23T11:22:21.331+0000] {logging_mixin.py:190} INFO - [2024-11-23T11:22:21.330+0000] {dag.py:4180} INFO - Setting next_dagrun for model_training_dag to None, run_after=None
[2024-11-23T11:22:21.401+0000] {processor.py:208} INFO - Processing /opt/airflow/dags/model_training_dag.py took 0.818 seconds
[2024-11-23T11:22:51.484+0000] {processor.py:186} INFO - Started process (PID=5727) to work on /opt/airflow/dags/model_training_dag.py
[2024-11-23T11:22:51.486+0000] {processor.py:914} INFO - Processing file /opt/airflow/dags/model_training_dag.py for tasks to queue
[2024-11-23T11:22:51.488+0000] {logging_mixin.py:190} INFO - [2024-11-23T11:22:51.487+0000] {dagbag.py:588} INFO - Filling up the DagBag from /opt/airflow/dags/model_training_dag.py
[2024-11-23T11:22:52.138+0000] {processor.py:925} INFO - DAG(s) 'model_training_dag' retrieved from /opt/airflow/dags/model_training_dag.py
[2024-11-23T11:22:52.159+0000] {logging_mixin.py:190} INFO - [2024-11-23T11:22:52.159+0000] {dag.py:3239} INFO - Sync 1 DAGs
[2024-11-23T11:22:52.177+0000] {logging_mixin.py:190} INFO - [2024-11-23T11:22:52.176+0000] {dag.py:4180} INFO - Setting next_dagrun for model_training_dag to None, run_after=None
[2024-11-23T11:22:53.359+0000] {processor.py:208} INFO - Processing /opt/airflow/dags/model_training_dag.py took 1.886 seconds
[2024-11-23T11:23:00.256+0000] {processor.py:186} INFO - Started process (PID=5772) to work on /opt/airflow/dags/model_training_dag.py
[2024-11-23T11:23:00.258+0000] {processor.py:914} INFO - Processing file /opt/airflow/dags/model_training_dag.py for tasks to queue
[2024-11-23T11:23:00.261+0000] {logging_mixin.py:190} INFO - [2024-11-23T11:23:00.260+0000] {dagbag.py:588} INFO - Filling up the DagBag from /opt/airflow/dags/model_training_dag.py
[2024-11-23T11:23:01.204+0000] {processor.py:925} INFO - DAG(s) 'model_training_dag' retrieved from /opt/airflow/dags/model_training_dag.py
[2024-11-23T11:23:01.238+0000] {logging_mixin.py:190} INFO - [2024-11-23T11:23:01.237+0000] {dag.py:3239} INFO - Sync 1 DAGs
[2024-11-23T11:23:01.265+0000] {logging_mixin.py:190} INFO - [2024-11-23T11:23:01.265+0000] {dag.py:4180} INFO - Setting next_dagrun for model_training_dag to None, run_after=None
[2024-11-23T11:23:02.832+0000] {processor.py:208} INFO - Processing /opt/airflow/dags/model_training_dag.py took 2.586 seconds
[2024-11-23T11:26:18.013+0000] {processor.py:186} INFO - Started process (PID=80) to work on /opt/airflow/dags/model_training_dag.py
[2024-11-23T11:26:18.015+0000] {processor.py:914} INFO - Processing file /opt/airflow/dags/model_training_dag.py for tasks to queue
[2024-11-23T11:26:18.020+0000] {logging_mixin.py:190} INFO - [2024-11-23T11:26:18.020+0000] {dagbag.py:588} INFO - Filling up the DagBag from /opt/airflow/dags/model_training_dag.py
[2024-11-23T11:26:18.785+0000] {processor.py:925} INFO - DAG(s) 'model_training_dag' retrieved from /opt/airflow/dags/model_training_dag.py
[2024-11-23T11:26:18.813+0000] {logging_mixin.py:190} INFO - [2024-11-23T11:26:18.812+0000] {dag.py:3239} INFO - Sync 1 DAGs
[2024-11-23T11:26:18.990+0000] {logging_mixin.py:190} INFO - [2024-11-23T11:26:18.989+0000] {dag.py:4180} INFO - Setting next_dagrun for model_training_dag to None, run_after=None
[2024-11-23T11:26:19.094+0000] {processor.py:208} INFO - Processing /opt/airflow/dags/model_training_dag.py took 1.094 seconds
[2024-11-23T11:26:49.274+0000] {processor.py:186} INFO - Started process (PID=159) to work on /opt/airflow/dags/model_training_dag.py
[2024-11-23T11:26:49.276+0000] {processor.py:914} INFO - Processing file /opt/airflow/dags/model_training_dag.py for tasks to queue
[2024-11-23T11:26:49.279+0000] {logging_mixin.py:190} INFO - [2024-11-23T11:26:49.279+0000] {dagbag.py:588} INFO - Filling up the DagBag from /opt/airflow/dags/model_training_dag.py
[2024-11-23T11:26:50.102+0000] {processor.py:925} INFO - DAG(s) 'model_training_dag' retrieved from /opt/airflow/dags/model_training_dag.py
[2024-11-23T11:26:50.127+0000] {logging_mixin.py:190} INFO - [2024-11-23T11:26:50.126+0000] {dag.py:3239} INFO - Sync 1 DAGs
[2024-11-23T11:26:50.412+0000] {logging_mixin.py:190} INFO - [2024-11-23T11:26:50.412+0000] {dag.py:4180} INFO - Setting next_dagrun for model_training_dag to None, run_after=None
[2024-11-23T11:26:50.476+0000] {processor.py:208} INFO - Processing /opt/airflow/dags/model_training_dag.py took 1.215 seconds
[2024-11-23T11:27:20.572+0000] {processor.py:186} INFO - Started process (PID=237) to work on /opt/airflow/dags/model_training_dag.py
[2024-11-23T11:27:20.573+0000] {processor.py:914} INFO - Processing file /opt/airflow/dags/model_training_dag.py for tasks to queue
[2024-11-23T11:27:20.576+0000] {logging_mixin.py:190} INFO - [2024-11-23T11:27:20.575+0000] {dagbag.py:588} INFO - Filling up the DagBag from /opt/airflow/dags/model_training_dag.py
[2024-11-23T11:27:21.173+0000] {processor.py:925} INFO - DAG(s) 'model_training_dag' retrieved from /opt/airflow/dags/model_training_dag.py
[2024-11-23T11:27:21.192+0000] {logging_mixin.py:190} INFO - [2024-11-23T11:27:21.191+0000] {dag.py:3239} INFO - Sync 1 DAGs
[2024-11-23T11:27:21.205+0000] {logging_mixin.py:190} INFO - [2024-11-23T11:27:21.205+0000] {dag.py:4180} INFO - Setting next_dagrun for model_training_dag to None, run_after=None
[2024-11-23T11:27:22.050+0000] {processor.py:208} INFO - Processing /opt/airflow/dags/model_training_dag.py took 1.484 seconds
[2024-11-23T11:27:52.437+0000] {processor.py:186} INFO - Started process (PID=316) to work on /opt/airflow/dags/model_training_dag.py
[2024-11-23T11:27:52.438+0000] {processor.py:914} INFO - Processing file /opt/airflow/dags/model_training_dag.py for tasks to queue
[2024-11-23T11:27:52.441+0000] {logging_mixin.py:190} INFO - [2024-11-23T11:27:52.441+0000] {dagbag.py:588} INFO - Filling up the DagBag from /opt/airflow/dags/model_training_dag.py
[2024-11-23T11:27:53.008+0000] {processor.py:925} INFO - DAG(s) 'model_training_dag' retrieved from /opt/airflow/dags/model_training_dag.py
[2024-11-23T11:27:53.032+0000] {logging_mixin.py:190} INFO - [2024-11-23T11:27:53.032+0000] {dag.py:3239} INFO - Sync 1 DAGs
[2024-11-23T11:27:53.051+0000] {logging_mixin.py:190} INFO - [2024-11-23T11:27:53.051+0000] {dag.py:4180} INFO - Setting next_dagrun for model_training_dag to None, run_after=None
[2024-11-23T11:27:54.169+0000] {processor.py:208} INFO - Processing /opt/airflow/dags/model_training_dag.py took 1.739 seconds
[2024-11-23T11:28:19.704+0000] {processor.py:186} INFO - Started process (PID=395) to work on /opt/airflow/dags/model_training_dag.py
[2024-11-23T11:28:19.705+0000] {processor.py:914} INFO - Processing file /opt/airflow/dags/model_training_dag.py for tasks to queue
[2024-11-23T11:28:19.707+0000] {logging_mixin.py:190} INFO - [2024-11-23T11:28:19.707+0000] {dagbag.py:588} INFO - Filling up the DagBag from /opt/airflow/dags/model_training_dag.py
[2024-11-23T11:28:19.915+0000] {logging_mixin.py:190} INFO - [2024-11-23T11:28:19.852+0000] {dagbag.py:387} ERROR - Failed to import: /opt/airflow/dags/model_training_dag.py
Traceback (most recent call last):
  File "/home/airflow/.local/lib/python3.12/site-packages/airflow/models/dagbag.py", line 383, in parse
    loader.exec_module(new_module)
  File "<frozen importlib._bootstrap_external>", line 995, in exec_module
  File "<frozen importlib._bootstrap>", line 488, in _call_with_frames_removed
  File "/opt/airflow/dags/model_training_dag.py", line 3, in <module>
    import cv2
ModuleNotFoundError: No module named 'cv2'
[2024-11-23T11:28:19.917+0000] {processor.py:927} WARNING - No viable dags retrieved from /opt/airflow/dags/model_training_dag.py
[2024-11-23T11:28:21.280+0000] {processor.py:208} INFO - Processing /opt/airflow/dags/model_training_dag.py took 1.583 seconds
[2024-11-23T11:28:48.758+0000] {processor.py:186} INFO - Started process (PID=467) to work on /opt/airflow/dags/model_training_dag.py
[2024-11-23T11:28:48.761+0000] {processor.py:914} INFO - Processing file /opt/airflow/dags/model_training_dag.py for tasks to queue
[2024-11-23T11:28:48.771+0000] {logging_mixin.py:190} INFO - [2024-11-23T11:28:48.770+0000] {dagbag.py:588} INFO - Filling up the DagBag from /opt/airflow/dags/model_training_dag.py
[2024-11-23T11:28:48.833+0000] {logging_mixin.py:190} INFO - [2024-11-23T11:28:48.826+0000] {dagbag.py:387} ERROR - Failed to import: /opt/airflow/dags/model_training_dag.py
Traceback (most recent call last):
  File "/home/airflow/.local/lib/python3.12/site-packages/airflow/models/dagbag.py", line 383, in parse
    loader.exec_module(new_module)
  File "<frozen importlib._bootstrap_external>", line 995, in exec_module
  File "<frozen importlib._bootstrap>", line 488, in _call_with_frames_removed
  File "/opt/airflow/dags/model_training_dag.py", line 3, in <module>
    import cv2
ModuleNotFoundError: No module named 'cv2'
[2024-11-23T11:28:48.837+0000] {processor.py:927} WARNING - No viable dags retrieved from /opt/airflow/dags/model_training_dag.py
[2024-11-23T11:28:48.913+0000] {processor.py:208} INFO - Processing /opt/airflow/dags/model_training_dag.py took 0.170 seconds
[2024-11-23T11:29:20.035+0000] {processor.py:186} INFO - Started process (PID=539) to work on /opt/airflow/dags/model_training_dag.py
[2024-11-23T11:29:20.036+0000] {processor.py:914} INFO - Processing file /opt/airflow/dags/model_training_dag.py for tasks to queue
[2024-11-23T11:29:20.039+0000] {logging_mixin.py:190} INFO - [2024-11-23T11:29:20.038+0000] {dagbag.py:588} INFO - Filling up the DagBag from /opt/airflow/dags/model_training_dag.py
[2024-11-23T11:29:20.068+0000] {logging_mixin.py:190} INFO - [2024-11-23T11:29:20.062+0000] {dagbag.py:387} ERROR - Failed to import: /opt/airflow/dags/model_training_dag.py
Traceback (most recent call last):
  File "/home/airflow/.local/lib/python3.12/site-packages/airflow/models/dagbag.py", line 383, in parse
    loader.exec_module(new_module)
  File "<frozen importlib._bootstrap_external>", line 995, in exec_module
  File "<frozen importlib._bootstrap>", line 488, in _call_with_frames_removed
  File "/opt/airflow/dags/model_training_dag.py", line 3, in <module>
    import cv2
ModuleNotFoundError: No module named 'cv2'
[2024-11-23T11:29:20.070+0000] {processor.py:927} WARNING - No viable dags retrieved from /opt/airflow/dags/model_training_dag.py
[2024-11-23T11:29:20.137+0000] {processor.py:208} INFO - Processing /opt/airflow/dags/model_training_dag.py took 0.113 seconds
[2024-11-23T11:29:50.733+0000] {processor.py:186} INFO - Started process (PID=611) to work on /opt/airflow/dags/model_training_dag.py
[2024-11-23T11:29:50.734+0000] {processor.py:914} INFO - Processing file /opt/airflow/dags/model_training_dag.py for tasks to queue
[2024-11-23T11:29:50.736+0000] {logging_mixin.py:190} INFO - [2024-11-23T11:29:50.735+0000] {dagbag.py:588} INFO - Filling up the DagBag from /opt/airflow/dags/model_training_dag.py
[2024-11-23T11:29:50.754+0000] {logging_mixin.py:190} INFO - [2024-11-23T11:29:50.750+0000] {dagbag.py:387} ERROR - Failed to import: /opt/airflow/dags/model_training_dag.py
Traceback (most recent call last):
  File "/home/airflow/.local/lib/python3.12/site-packages/airflow/models/dagbag.py", line 383, in parse
    loader.exec_module(new_module)
  File "<frozen importlib._bootstrap_external>", line 995, in exec_module
  File "<frozen importlib._bootstrap>", line 488, in _call_with_frames_removed
  File "/opt/airflow/dags/model_training_dag.py", line 3, in <module>
    import cv2
ModuleNotFoundError: No module named 'cv2'
[2024-11-23T11:29:50.755+0000] {processor.py:927} WARNING - No viable dags retrieved from /opt/airflow/dags/model_training_dag.py
[2024-11-23T11:29:51.389+0000] {processor.py:208} INFO - Processing /opt/airflow/dags/model_training_dag.py took 0.665 seconds
