[2024-11-25T14:09:31.624+0000] {processor.py:186} INFO - Started process (PID=1190) to work on /home/airflow/.local/lib/python3.12/site-packages/airflow/example_dags/example_branch_labels.py
[2024-11-25T14:09:31.625+0000] {processor.py:914} INFO - Processing file /home/airflow/.local/lib/python3.12/site-packages/airflow/example_dags/example_branch_labels.py for tasks to queue
[2024-11-25T14:09:31.628+0000] {logging_mixin.py:190} INFO - [2024-11-25T14:09:31.628+0000] {dagbag.py:588} INFO - Filling up the DagBag from /home/airflow/.local/lib/python3.12/site-packages/airflow/example_dags/example_branch_labels.py
[2024-11-25T14:09:31.643+0000] {processor.py:925} INFO - DAG(s) 'example_branch_labels' retrieved from /home/airflow/.local/lib/python3.12/site-packages/airflow/example_dags/example_branch_labels.py
[2024-11-25T14:09:31.670+0000] {logging_mixin.py:190} INFO - [2024-11-25T14:09:31.670+0000] {dag.py:3239} INFO - Sync 1 DAGs
[2024-11-25T14:09:31.707+0000] {logging_mixin.py:190} INFO - [2024-11-25T14:09:31.706+0000] {dag.py:4180} INFO - Setting next_dagrun for example_branch_labels to 2024-11-24 00:00:00+00:00, run_after=2024-11-25 00:00:00+00:00
[2024-11-25T14:09:31.784+0000] {processor.py:208} INFO - Processing /home/airflow/.local/lib/python3.12/site-packages/airflow/example_dags/example_branch_labels.py took 0.167 seconds
[2024-11-25T14:11:03.687+0000] {processor.py:186} INFO - Started process (PID=521) to work on /home/airflow/.local/lib/python3.12/site-packages/airflow/example_dags/example_branch_labels.py
[2024-11-25T14:11:03.688+0000] {processor.py:914} INFO - Processing file /home/airflow/.local/lib/python3.12/site-packages/airflow/example_dags/example_branch_labels.py for tasks to queue
[2024-11-25T14:11:03.692+0000] {logging_mixin.py:190} INFO - [2024-11-25T14:11:03.691+0000] {dagbag.py:588} INFO - Filling up the DagBag from /home/airflow/.local/lib/python3.12/site-packages/airflow/example_dags/example_branch_labels.py
[2024-11-25T14:11:03.706+0000] {processor.py:925} INFO - DAG(s) 'example_branch_labels' retrieved from /home/airflow/.local/lib/python3.12/site-packages/airflow/example_dags/example_branch_labels.py
[2024-11-25T14:11:03.739+0000] {logging_mixin.py:190} INFO - [2024-11-25T14:11:03.739+0000] {dag.py:3239} INFO - Sync 1 DAGs
[2024-11-25T14:11:03.774+0000] {logging_mixin.py:190} INFO - [2024-11-25T14:11:03.774+0000] {dag.py:4180} INFO - Setting next_dagrun for example_branch_labels to 2024-11-24 00:00:00+00:00, run_after=2024-11-25 00:00:00+00:00
[2024-11-25T14:11:03.848+0000] {processor.py:208} INFO - Processing /home/airflow/.local/lib/python3.12/site-packages/airflow/example_dags/example_branch_labels.py took 0.168 seconds
[2024-11-25T14:11:34.452+0000] {processor.py:186} INFO - Started process (PID=593) to work on /home/airflow/.local/lib/python3.12/site-packages/airflow/example_dags/example_branch_labels.py
[2024-11-25T14:11:34.454+0000] {processor.py:914} INFO - Processing file /home/airflow/.local/lib/python3.12/site-packages/airflow/example_dags/example_branch_labels.py for tasks to queue
[2024-11-25T14:11:34.458+0000] {logging_mixin.py:190} INFO - [2024-11-25T14:11:34.458+0000] {dagbag.py:588} INFO - Filling up the DagBag from /home/airflow/.local/lib/python3.12/site-packages/airflow/example_dags/example_branch_labels.py
[2024-11-25T14:11:34.478+0000] {processor.py:925} INFO - DAG(s) 'example_branch_labels' retrieved from /home/airflow/.local/lib/python3.12/site-packages/airflow/example_dags/example_branch_labels.py
[2024-11-25T14:11:34.510+0000] {logging_mixin.py:190} INFO - [2024-11-25T14:11:34.510+0000] {dag.py:3239} INFO - Sync 1 DAGs
[2024-11-25T14:11:34.546+0000] {logging_mixin.py:190} INFO - [2024-11-25T14:11:34.546+0000] {dag.py:4180} INFO - Setting next_dagrun for example_branch_labels to 2024-11-24 00:00:00+00:00, run_after=2024-11-25 00:00:00+00:00
[2024-11-25T14:11:34.608+0000] {processor.py:208} INFO - Processing /home/airflow/.local/lib/python3.12/site-packages/airflow/example_dags/example_branch_labels.py took 0.166 seconds
[2024-11-25T14:12:06.785+0000] {processor.py:186} INFO - Started process (PID=665) to work on /home/airflow/.local/lib/python3.12/site-packages/airflow/example_dags/example_branch_labels.py
[2024-11-25T14:12:06.787+0000] {processor.py:914} INFO - Processing file /home/airflow/.local/lib/python3.12/site-packages/airflow/example_dags/example_branch_labels.py for tasks to queue
[2024-11-25T14:12:06.790+0000] {logging_mixin.py:190} INFO - [2024-11-25T14:12:06.790+0000] {dagbag.py:588} INFO - Filling up the DagBag from /home/airflow/.local/lib/python3.12/site-packages/airflow/example_dags/example_branch_labels.py
[2024-11-25T14:12:06.803+0000] {processor.py:925} INFO - DAG(s) 'example_branch_labels' retrieved from /home/airflow/.local/lib/python3.12/site-packages/airflow/example_dags/example_branch_labels.py
[2024-11-25T14:12:06.828+0000] {logging_mixin.py:190} INFO - [2024-11-25T14:12:06.828+0000] {dag.py:3239} INFO - Sync 1 DAGs
[2024-11-25T14:12:06.862+0000] {logging_mixin.py:190} INFO - [2024-11-25T14:12:06.862+0000] {dag.py:4180} INFO - Setting next_dagrun for example_branch_labels to 2024-11-24 00:00:00+00:00, run_after=2024-11-25 00:00:00+00:00
[2024-11-25T14:12:06.921+0000] {processor.py:208} INFO - Processing /home/airflow/.local/lib/python3.12/site-packages/airflow/example_dags/example_branch_labels.py took 0.143 seconds
[2024-11-25T14:12:38.000+0000] {processor.py:186} INFO - Started process (PID=737) to work on /home/airflow/.local/lib/python3.12/site-packages/airflow/example_dags/example_branch_labels.py
[2024-11-25T14:12:38.002+0000] {processor.py:914} INFO - Processing file /home/airflow/.local/lib/python3.12/site-packages/airflow/example_dags/example_branch_labels.py for tasks to queue
[2024-11-25T14:12:38.007+0000] {logging_mixin.py:190} INFO - [2024-11-25T14:12:38.006+0000] {dagbag.py:588} INFO - Filling up the DagBag from /home/airflow/.local/lib/python3.12/site-packages/airflow/example_dags/example_branch_labels.py
[2024-11-25T14:12:38.028+0000] {processor.py:925} INFO - DAG(s) 'example_branch_labels' retrieved from /home/airflow/.local/lib/python3.12/site-packages/airflow/example_dags/example_branch_labels.py
[2024-11-25T14:12:38.061+0000] {logging_mixin.py:190} INFO - [2024-11-25T14:12:38.061+0000] {dag.py:3239} INFO - Sync 1 DAGs
[2024-11-25T14:12:38.108+0000] {logging_mixin.py:190} INFO - [2024-11-25T14:12:38.107+0000] {dag.py:4180} INFO - Setting next_dagrun for example_branch_labels to 2024-11-24 00:00:00+00:00, run_after=2024-11-25 00:00:00+00:00
[2024-11-25T14:12:38.191+0000] {processor.py:208} INFO - Processing /home/airflow/.local/lib/python3.12/site-packages/airflow/example_dags/example_branch_labels.py took 0.203 seconds
[2024-11-25T14:13:10.428+0000] {processor.py:186} INFO - Started process (PID=810) to work on /home/airflow/.local/lib/python3.12/site-packages/airflow/example_dags/example_branch_labels.py
[2024-11-25T14:13:10.429+0000] {processor.py:914} INFO - Processing file /home/airflow/.local/lib/python3.12/site-packages/airflow/example_dags/example_branch_labels.py for tasks to queue
[2024-11-25T14:13:10.433+0000] {logging_mixin.py:190} INFO - [2024-11-25T14:13:10.432+0000] {dagbag.py:588} INFO - Filling up the DagBag from /home/airflow/.local/lib/python3.12/site-packages/airflow/example_dags/example_branch_labels.py
[2024-11-25T14:13:10.446+0000] {processor.py:925} INFO - DAG(s) 'example_branch_labels' retrieved from /home/airflow/.local/lib/python3.12/site-packages/airflow/example_dags/example_branch_labels.py
[2024-11-25T14:13:10.473+0000] {logging_mixin.py:190} INFO - [2024-11-25T14:13:10.472+0000] {dag.py:3239} INFO - Sync 1 DAGs
[2024-11-25T14:13:10.505+0000] {logging_mixin.py:190} INFO - [2024-11-25T14:13:10.505+0000] {dag.py:4180} INFO - Setting next_dagrun for example_branch_labels to 2024-11-24 00:00:00+00:00, run_after=2024-11-25 00:00:00+00:00
[2024-11-25T14:13:10.565+0000] {processor.py:208} INFO - Processing /home/airflow/.local/lib/python3.12/site-packages/airflow/example_dags/example_branch_labels.py took 0.143 seconds
[2024-11-25T14:13:41.400+0000] {processor.py:186} INFO - Started process (PID=882) to work on /home/airflow/.local/lib/python3.12/site-packages/airflow/example_dags/example_branch_labels.py
[2024-11-25T14:13:41.401+0000] {processor.py:914} INFO - Processing file /home/airflow/.local/lib/python3.12/site-packages/airflow/example_dags/example_branch_labels.py for tasks to queue
[2024-11-25T14:13:41.404+0000] {logging_mixin.py:190} INFO - [2024-11-25T14:13:41.403+0000] {dagbag.py:588} INFO - Filling up the DagBag from /home/airflow/.local/lib/python3.12/site-packages/airflow/example_dags/example_branch_labels.py
[2024-11-25T14:13:41.414+0000] {processor.py:925} INFO - DAG(s) 'example_branch_labels' retrieved from /home/airflow/.local/lib/python3.12/site-packages/airflow/example_dags/example_branch_labels.py
[2024-11-25T14:13:41.438+0000] {logging_mixin.py:190} INFO - [2024-11-25T14:13:41.438+0000] {dag.py:3239} INFO - Sync 1 DAGs
[2024-11-25T14:13:41.468+0000] {logging_mixin.py:190} INFO - [2024-11-25T14:13:41.468+0000] {dag.py:4180} INFO - Setting next_dagrun for example_branch_labels to 2024-11-24 00:00:00+00:00, run_after=2024-11-25 00:00:00+00:00
[2024-11-25T14:13:41.527+0000] {processor.py:208} INFO - Processing /home/airflow/.local/lib/python3.12/site-packages/airflow/example_dags/example_branch_labels.py took 0.134 seconds
[2024-11-25T14:14:12.905+0000] {processor.py:186} INFO - Started process (PID=954) to work on /home/airflow/.local/lib/python3.12/site-packages/airflow/example_dags/example_branch_labels.py
[2024-11-25T14:14:12.907+0000] {processor.py:914} INFO - Processing file /home/airflow/.local/lib/python3.12/site-packages/airflow/example_dags/example_branch_labels.py for tasks to queue
[2024-11-25T14:14:12.910+0000] {logging_mixin.py:190} INFO - [2024-11-25T14:14:12.910+0000] {dagbag.py:588} INFO - Filling up the DagBag from /home/airflow/.local/lib/python3.12/site-packages/airflow/example_dags/example_branch_labels.py
[2024-11-25T14:14:12.922+0000] {processor.py:925} INFO - DAG(s) 'example_branch_labels' retrieved from /home/airflow/.local/lib/python3.12/site-packages/airflow/example_dags/example_branch_labels.py
[2024-11-25T14:14:12.951+0000] {logging_mixin.py:190} INFO - [2024-11-25T14:14:12.950+0000] {dag.py:3239} INFO - Sync 1 DAGs
[2024-11-25T14:14:12.980+0000] {logging_mixin.py:190} INFO - [2024-11-25T14:14:12.980+0000] {dag.py:4180} INFO - Setting next_dagrun for example_branch_labels to 2024-11-24 00:00:00+00:00, run_after=2024-11-25 00:00:00+00:00
[2024-11-25T14:14:13.030+0000] {processor.py:208} INFO - Processing /home/airflow/.local/lib/python3.12/site-packages/airflow/example_dags/example_branch_labels.py took 0.131 seconds
[2024-11-25T14:14:45.087+0000] {processor.py:186} INFO - Started process (PID=1026) to work on /home/airflow/.local/lib/python3.12/site-packages/airflow/example_dags/example_branch_labels.py
[2024-11-25T14:14:45.089+0000] {processor.py:914} INFO - Processing file /home/airflow/.local/lib/python3.12/site-packages/airflow/example_dags/example_branch_labels.py for tasks to queue
[2024-11-25T14:14:45.093+0000] {logging_mixin.py:190} INFO - [2024-11-25T14:14:45.092+0000] {dagbag.py:588} INFO - Filling up the DagBag from /home/airflow/.local/lib/python3.12/site-packages/airflow/example_dags/example_branch_labels.py
[2024-11-25T14:14:45.114+0000] {processor.py:925} INFO - DAG(s) 'example_branch_labels' retrieved from /home/airflow/.local/lib/python3.12/site-packages/airflow/example_dags/example_branch_labels.py
[2024-11-25T14:14:45.149+0000] {logging_mixin.py:190} INFO - [2024-11-25T14:14:45.149+0000] {dag.py:3239} INFO - Sync 1 DAGs
[2024-11-25T14:14:45.191+0000] {logging_mixin.py:190} INFO - [2024-11-25T14:14:45.190+0000] {dag.py:4180} INFO - Setting next_dagrun for example_branch_labels to 2024-11-24 00:00:00+00:00, run_after=2024-11-25 00:00:00+00:00
[2024-11-25T14:14:45.291+0000] {processor.py:208} INFO - Processing /home/airflow/.local/lib/python3.12/site-packages/airflow/example_dags/example_branch_labels.py took 0.215 seconds
[2024-11-25T14:15:15.825+0000] {processor.py:186} INFO - Started process (PID=1098) to work on /home/airflow/.local/lib/python3.12/site-packages/airflow/example_dags/example_branch_labels.py
[2024-11-25T14:15:15.826+0000] {processor.py:914} INFO - Processing file /home/airflow/.local/lib/python3.12/site-packages/airflow/example_dags/example_branch_labels.py for tasks to queue
[2024-11-25T14:15:15.829+0000] {logging_mixin.py:190} INFO - [2024-11-25T14:15:15.829+0000] {dagbag.py:588} INFO - Filling up the DagBag from /home/airflow/.local/lib/python3.12/site-packages/airflow/example_dags/example_branch_labels.py
[2024-11-25T14:15:15.842+0000] {processor.py:925} INFO - DAG(s) 'example_branch_labels' retrieved from /home/airflow/.local/lib/python3.12/site-packages/airflow/example_dags/example_branch_labels.py
[2024-11-25T14:15:15.867+0000] {logging_mixin.py:190} INFO - [2024-11-25T14:15:15.867+0000] {dag.py:3239} INFO - Sync 1 DAGs
[2024-11-25T14:15:15.900+0000] {logging_mixin.py:190} INFO - [2024-11-25T14:15:15.900+0000] {dag.py:4180} INFO - Setting next_dagrun for example_branch_labels to 2024-11-24 00:00:00+00:00, run_after=2024-11-25 00:00:00+00:00
[2024-11-25T14:15:16.000+0000] {processor.py:208} INFO - Processing /home/airflow/.local/lib/python3.12/site-packages/airflow/example_dags/example_branch_labels.py took 0.182 seconds
[2024-11-25T14:15:46.140+0000] {processor.py:186} INFO - Started process (PID=1162) to work on /home/airflow/.local/lib/python3.12/site-packages/airflow/example_dags/example_branch_labels.py
[2024-11-25T14:15:46.142+0000] {processor.py:914} INFO - Processing file /home/airflow/.local/lib/python3.12/site-packages/airflow/example_dags/example_branch_labels.py for tasks to queue
[2024-11-25T14:15:46.146+0000] {logging_mixin.py:190} INFO - [2024-11-25T14:15:46.146+0000] {dagbag.py:588} INFO - Filling up the DagBag from /home/airflow/.local/lib/python3.12/site-packages/airflow/example_dags/example_branch_labels.py
[2024-11-25T14:15:46.161+0000] {processor.py:925} INFO - DAG(s) 'example_branch_labels' retrieved from /home/airflow/.local/lib/python3.12/site-packages/airflow/example_dags/example_branch_labels.py
[2024-11-25T14:15:46.186+0000] {logging_mixin.py:190} INFO - [2024-11-25T14:15:46.186+0000] {dag.py:3239} INFO - Sync 1 DAGs
[2024-11-25T14:15:46.215+0000] {logging_mixin.py:190} INFO - [2024-11-25T14:15:46.215+0000] {dag.py:4180} INFO - Setting next_dagrun for example_branch_labels to 2024-11-24 00:00:00+00:00, run_after=2024-11-25 00:00:00+00:00
[2024-11-25T14:15:46.268+0000] {processor.py:208} INFO - Processing /home/airflow/.local/lib/python3.12/site-packages/airflow/example_dags/example_branch_labels.py took 0.137 seconds
[2024-11-25T14:16:16.708+0000] {processor.py:186} INFO - Started process (PID=1234) to work on /home/airflow/.local/lib/python3.12/site-packages/airflow/example_dags/example_branch_labels.py
[2024-11-25T14:16:16.710+0000] {processor.py:914} INFO - Processing file /home/airflow/.local/lib/python3.12/site-packages/airflow/example_dags/example_branch_labels.py for tasks to queue
[2024-11-25T14:16:16.713+0000] {logging_mixin.py:190} INFO - [2024-11-25T14:16:16.712+0000] {dagbag.py:588} INFO - Filling up the DagBag from /home/airflow/.local/lib/python3.12/site-packages/airflow/example_dags/example_branch_labels.py
[2024-11-25T14:16:16.726+0000] {processor.py:925} INFO - DAG(s) 'example_branch_labels' retrieved from /home/airflow/.local/lib/python3.12/site-packages/airflow/example_dags/example_branch_labels.py
[2024-11-25T14:16:16.755+0000] {logging_mixin.py:190} INFO - [2024-11-25T14:16:16.755+0000] {dag.py:3239} INFO - Sync 1 DAGs
[2024-11-25T14:16:16.783+0000] {logging_mixin.py:190} INFO - [2024-11-25T14:16:16.783+0000] {dag.py:4180} INFO - Setting next_dagrun for example_branch_labels to 2024-11-24 00:00:00+00:00, run_after=2024-11-25 00:00:00+00:00
[2024-11-25T14:16:16.858+0000] {processor.py:208} INFO - Processing /home/airflow/.local/lib/python3.12/site-packages/airflow/example_dags/example_branch_labels.py took 0.158 seconds
[2024-11-25T14:16:47.771+0000] {processor.py:186} INFO - Started process (PID=1306) to work on /home/airflow/.local/lib/python3.12/site-packages/airflow/example_dags/example_branch_labels.py
[2024-11-25T14:16:47.773+0000] {processor.py:914} INFO - Processing file /home/airflow/.local/lib/python3.12/site-packages/airflow/example_dags/example_branch_labels.py for tasks to queue
[2024-11-25T14:16:47.776+0000] {logging_mixin.py:190} INFO - [2024-11-25T14:16:47.775+0000] {dagbag.py:588} INFO - Filling up the DagBag from /home/airflow/.local/lib/python3.12/site-packages/airflow/example_dags/example_branch_labels.py
[2024-11-25T14:16:47.787+0000] {processor.py:925} INFO - DAG(s) 'example_branch_labels' retrieved from /home/airflow/.local/lib/python3.12/site-packages/airflow/example_dags/example_branch_labels.py
[2024-11-25T14:16:47.830+0000] {logging_mixin.py:190} INFO - [2024-11-25T14:16:47.830+0000] {dag.py:3239} INFO - Sync 1 DAGs
[2024-11-25T14:16:47.870+0000] {logging_mixin.py:190} INFO - [2024-11-25T14:16:47.870+0000] {dag.py:4180} INFO - Setting next_dagrun for example_branch_labels to 2024-11-24 00:00:00+00:00, run_after=2024-11-25 00:00:00+00:00
[2024-11-25T14:16:47.925+0000] {processor.py:208} INFO - Processing /home/airflow/.local/lib/python3.12/site-packages/airflow/example_dags/example_branch_labels.py took 0.160 seconds
[2024-11-25T14:17:18.628+0000] {processor.py:186} INFO - Started process (PID=1378) to work on /home/airflow/.local/lib/python3.12/site-packages/airflow/example_dags/example_branch_labels.py
[2024-11-25T14:17:18.629+0000] {processor.py:914} INFO - Processing file /home/airflow/.local/lib/python3.12/site-packages/airflow/example_dags/example_branch_labels.py for tasks to queue
[2024-11-25T14:17:18.632+0000] {logging_mixin.py:190} INFO - [2024-11-25T14:17:18.632+0000] {dagbag.py:588} INFO - Filling up the DagBag from /home/airflow/.local/lib/python3.12/site-packages/airflow/example_dags/example_branch_labels.py
[2024-11-25T14:17:18.643+0000] {processor.py:925} INFO - DAG(s) 'example_branch_labels' retrieved from /home/airflow/.local/lib/python3.12/site-packages/airflow/example_dags/example_branch_labels.py
[2024-11-25T14:17:18.669+0000] {logging_mixin.py:190} INFO - [2024-11-25T14:17:18.669+0000] {dag.py:3239} INFO - Sync 1 DAGs
[2024-11-25T14:17:18.702+0000] {logging_mixin.py:190} INFO - [2024-11-25T14:17:18.702+0000] {dag.py:4180} INFO - Setting next_dagrun for example_branch_labels to 2024-11-24 00:00:00+00:00, run_after=2024-11-25 00:00:00+00:00
[2024-11-25T14:17:18.769+0000] {processor.py:208} INFO - Processing /home/airflow/.local/lib/python3.12/site-packages/airflow/example_dags/example_branch_labels.py took 0.148 seconds
[2024-11-25T14:17:51.008+0000] {processor.py:186} INFO - Started process (PID=1450) to work on /home/airflow/.local/lib/python3.12/site-packages/airflow/example_dags/example_branch_labels.py
[2024-11-25T14:17:51.009+0000] {processor.py:914} INFO - Processing file /home/airflow/.local/lib/python3.12/site-packages/airflow/example_dags/example_branch_labels.py for tasks to queue
[2024-11-25T14:17:51.012+0000] {logging_mixin.py:190} INFO - [2024-11-25T14:17:51.011+0000] {dagbag.py:588} INFO - Filling up the DagBag from /home/airflow/.local/lib/python3.12/site-packages/airflow/example_dags/example_branch_labels.py
[2024-11-25T14:17:51.025+0000] {processor.py:925} INFO - DAG(s) 'example_branch_labels' retrieved from /home/airflow/.local/lib/python3.12/site-packages/airflow/example_dags/example_branch_labels.py
[2024-11-25T14:17:51.050+0000] {logging_mixin.py:190} INFO - [2024-11-25T14:17:51.050+0000] {dag.py:3239} INFO - Sync 1 DAGs
[2024-11-25T14:17:51.091+0000] {logging_mixin.py:190} INFO - [2024-11-25T14:17:51.090+0000] {dag.py:4180} INFO - Setting next_dagrun for example_branch_labels to 2024-11-24 00:00:00+00:00, run_after=2024-11-25 00:00:00+00:00
[2024-11-25T14:17:51.144+0000] {processor.py:208} INFO - Processing /home/airflow/.local/lib/python3.12/site-packages/airflow/example_dags/example_branch_labels.py took 0.143 seconds
[2024-11-25T14:18:21.360+0000] {processor.py:186} INFO - Started process (PID=1522) to work on /home/airflow/.local/lib/python3.12/site-packages/airflow/example_dags/example_branch_labels.py
[2024-11-25T14:18:21.362+0000] {processor.py:914} INFO - Processing file /home/airflow/.local/lib/python3.12/site-packages/airflow/example_dags/example_branch_labels.py for tasks to queue
[2024-11-25T14:18:21.364+0000] {logging_mixin.py:190} INFO - [2024-11-25T14:18:21.364+0000] {dagbag.py:588} INFO - Filling up the DagBag from /home/airflow/.local/lib/python3.12/site-packages/airflow/example_dags/example_branch_labels.py
[2024-11-25T14:18:21.378+0000] {processor.py:925} INFO - DAG(s) 'example_branch_labels' retrieved from /home/airflow/.local/lib/python3.12/site-packages/airflow/example_dags/example_branch_labels.py
[2024-11-25T14:18:21.404+0000] {logging_mixin.py:190} INFO - [2024-11-25T14:18:21.404+0000] {dag.py:3239} INFO - Sync 1 DAGs
[2024-11-25T14:18:21.437+0000] {logging_mixin.py:190} INFO - [2024-11-25T14:18:21.437+0000] {dag.py:4180} INFO - Setting next_dagrun for example_branch_labels to 2024-11-24 00:00:00+00:00, run_after=2024-11-25 00:00:00+00:00
[2024-11-25T14:18:21.504+0000] {processor.py:208} INFO - Processing /home/airflow/.local/lib/python3.12/site-packages/airflow/example_dags/example_branch_labels.py took 0.151 seconds
[2024-11-25T14:18:52.516+0000] {processor.py:186} INFO - Started process (PID=1594) to work on /home/airflow/.local/lib/python3.12/site-packages/airflow/example_dags/example_branch_labels.py
[2024-11-25T14:18:52.517+0000] {processor.py:914} INFO - Processing file /home/airflow/.local/lib/python3.12/site-packages/airflow/example_dags/example_branch_labels.py for tasks to queue
[2024-11-25T14:18:52.520+0000] {logging_mixin.py:190} INFO - [2024-11-25T14:18:52.520+0000] {dagbag.py:588} INFO - Filling up the DagBag from /home/airflow/.local/lib/python3.12/site-packages/airflow/example_dags/example_branch_labels.py
[2024-11-25T14:18:52.532+0000] {processor.py:925} INFO - DAG(s) 'example_branch_labels' retrieved from /home/airflow/.local/lib/python3.12/site-packages/airflow/example_dags/example_branch_labels.py
[2024-11-25T14:18:52.557+0000] {logging_mixin.py:190} INFO - [2024-11-25T14:18:52.556+0000] {dag.py:3239} INFO - Sync 1 DAGs
[2024-11-25T14:18:52.585+0000] {logging_mixin.py:190} INFO - [2024-11-25T14:18:52.585+0000] {dag.py:4180} INFO - Setting next_dagrun for example_branch_labels to 2024-11-24 00:00:00+00:00, run_after=2024-11-25 00:00:00+00:00
[2024-11-25T14:18:52.685+0000] {processor.py:208} INFO - Processing /home/airflow/.local/lib/python3.12/site-packages/airflow/example_dags/example_branch_labels.py took 0.176 seconds
[2024-11-25T14:49:54.249+0000] {processor.py:186} INFO - Started process (PID=1347) to work on /home/airflow/.local/lib/python3.12/site-packages/airflow/example_dags/example_branch_labels.py
[2024-11-25T14:49:54.261+0000] {processor.py:914} INFO - Processing file /home/airflow/.local/lib/python3.12/site-packages/airflow/example_dags/example_branch_labels.py for tasks to queue
[2024-11-25T14:49:54.264+0000] {logging_mixin.py:190} INFO - [2024-11-25T14:49:54.264+0000] {dagbag.py:588} INFO - Filling up the DagBag from /home/airflow/.local/lib/python3.12/site-packages/airflow/example_dags/example_branch_labels.py
[2024-11-25T14:49:54.275+0000] {processor.py:925} INFO - DAG(s) 'example_branch_labels' retrieved from /home/airflow/.local/lib/python3.12/site-packages/airflow/example_dags/example_branch_labels.py
[2024-11-25T14:49:54.302+0000] {logging_mixin.py:190} INFO - [2024-11-25T14:49:54.301+0000] {dag.py:3239} INFO - Sync 1 DAGs
[2024-11-25T14:49:54.327+0000] {logging_mixin.py:190} INFO - [2024-11-25T14:49:54.327+0000] {dag.py:4180} INFO - Setting next_dagrun for example_branch_labels to 2024-11-24 00:00:00+00:00, run_after=2024-11-25 00:00:00+00:00
[2024-11-25T14:49:54.413+0000] {processor.py:208} INFO - Processing /home/airflow/.local/lib/python3.12/site-packages/airflow/example_dags/example_branch_labels.py took 0.170 seconds
[2024-11-25T14:50:25.054+0000] {processor.py:186} INFO - Started process (PID=1418) to work on /home/airflow/.local/lib/python3.12/site-packages/airflow/example_dags/example_branch_labels.py
[2024-11-25T14:50:25.055+0000] {processor.py:914} INFO - Processing file /home/airflow/.local/lib/python3.12/site-packages/airflow/example_dags/example_branch_labels.py for tasks to queue
[2024-11-25T14:50:25.057+0000] {logging_mixin.py:190} INFO - [2024-11-25T14:50:25.057+0000] {dagbag.py:588} INFO - Filling up the DagBag from /home/airflow/.local/lib/python3.12/site-packages/airflow/example_dags/example_branch_labels.py
[2024-11-25T14:50:25.069+0000] {processor.py:925} INFO - DAG(s) 'example_branch_labels' retrieved from /home/airflow/.local/lib/python3.12/site-packages/airflow/example_dags/example_branch_labels.py
[2024-11-25T14:50:25.098+0000] {logging_mixin.py:190} INFO - [2024-11-25T14:50:25.097+0000] {dag.py:3239} INFO - Sync 1 DAGs
[2024-11-25T14:50:25.127+0000] {logging_mixin.py:190} INFO - [2024-11-25T14:50:25.127+0000] {dag.py:4180} INFO - Setting next_dagrun for example_branch_labels to 2024-11-24 00:00:00+00:00, run_after=2024-11-25 00:00:00+00:00
[2024-11-25T14:50:25.193+0000] {processor.py:208} INFO - Processing /home/airflow/.local/lib/python3.12/site-packages/airflow/example_dags/example_branch_labels.py took 0.145 seconds
[2024-11-25T14:50:56.704+0000] {processor.py:186} INFO - Started process (PID=1498) to work on /home/airflow/.local/lib/python3.12/site-packages/airflow/example_dags/example_branch_labels.py
[2024-11-25T14:50:56.705+0000] {processor.py:914} INFO - Processing file /home/airflow/.local/lib/python3.12/site-packages/airflow/example_dags/example_branch_labels.py for tasks to queue
[2024-11-25T14:50:56.707+0000] {logging_mixin.py:190} INFO - [2024-11-25T14:50:56.706+0000] {dagbag.py:588} INFO - Filling up the DagBag from /home/airflow/.local/lib/python3.12/site-packages/airflow/example_dags/example_branch_labels.py
[2024-11-25T14:50:56.719+0000] {processor.py:925} INFO - DAG(s) 'example_branch_labels' retrieved from /home/airflow/.local/lib/python3.12/site-packages/airflow/example_dags/example_branch_labels.py
[2024-11-25T14:50:56.745+0000] {logging_mixin.py:190} INFO - [2024-11-25T14:50:56.744+0000] {dag.py:3239} INFO - Sync 1 DAGs
[2024-11-25T14:50:56.777+0000] {logging_mixin.py:190} INFO - [2024-11-25T14:50:56.777+0000] {dag.py:4180} INFO - Setting next_dagrun for example_branch_labels to 2024-11-24 00:00:00+00:00, run_after=2024-11-25 00:00:00+00:00
[2024-11-25T14:50:56.845+0000] {processor.py:208} INFO - Processing /home/airflow/.local/lib/python3.12/site-packages/airflow/example_dags/example_branch_labels.py took 0.148 seconds
[2024-11-25T14:51:41.207+0000] {processor.py:186} INFO - Started process (PID=1576) to work on /home/airflow/.local/lib/python3.12/site-packages/airflow/example_dags/example_branch_labels.py
[2024-11-25T14:51:41.208+0000] {processor.py:914} INFO - Processing file /home/airflow/.local/lib/python3.12/site-packages/airflow/example_dags/example_branch_labels.py for tasks to queue
[2024-11-25T14:51:41.210+0000] {logging_mixin.py:190} INFO - [2024-11-25T14:51:41.210+0000] {dagbag.py:588} INFO - Filling up the DagBag from /home/airflow/.local/lib/python3.12/site-packages/airflow/example_dags/example_branch_labels.py
[2024-11-25T14:51:41.221+0000] {processor.py:925} INFO - DAG(s) 'example_branch_labels' retrieved from /home/airflow/.local/lib/python3.12/site-packages/airflow/example_dags/example_branch_labels.py
[2024-11-25T14:51:41.245+0000] {logging_mixin.py:190} INFO - [2024-11-25T14:51:41.245+0000] {dag.py:3239} INFO - Sync 1 DAGs
[2024-11-25T14:51:41.272+0000] {logging_mixin.py:190} INFO - [2024-11-25T14:51:41.272+0000] {dag.py:4180} INFO - Setting next_dagrun for example_branch_labels to 2024-11-24 00:00:00+00:00, run_after=2024-11-25 00:00:00+00:00
[2024-11-25T14:51:41.354+0000] {processor.py:208} INFO - Processing /home/airflow/.local/lib/python3.12/site-packages/airflow/example_dags/example_branch_labels.py took 0.154 seconds
[2024-11-25T14:52:11.582+0000] {processor.py:186} INFO - Started process (PID=1655) to work on /home/airflow/.local/lib/python3.12/site-packages/airflow/example_dags/example_branch_labels.py
[2024-11-25T14:52:11.583+0000] {processor.py:914} INFO - Processing file /home/airflow/.local/lib/python3.12/site-packages/airflow/example_dags/example_branch_labels.py for tasks to queue
[2024-11-25T14:52:11.584+0000] {logging_mixin.py:190} INFO - [2024-11-25T14:52:11.584+0000] {dagbag.py:588} INFO - Filling up the DagBag from /home/airflow/.local/lib/python3.12/site-packages/airflow/example_dags/example_branch_labels.py
[2024-11-25T14:52:11.598+0000] {processor.py:925} INFO - DAG(s) 'example_branch_labels' retrieved from /home/airflow/.local/lib/python3.12/site-packages/airflow/example_dags/example_branch_labels.py
[2024-11-25T14:52:11.622+0000] {logging_mixin.py:190} INFO - [2024-11-25T14:52:11.622+0000] {dag.py:3239} INFO - Sync 1 DAGs
[2024-11-25T14:52:11.653+0000] {logging_mixin.py:190} INFO - [2024-11-25T14:52:11.652+0000] {dag.py:4180} INFO - Setting next_dagrun for example_branch_labels to 2024-11-24 00:00:00+00:00, run_after=2024-11-25 00:00:00+00:00
[2024-11-25T14:52:11.700+0000] {processor.py:208} INFO - Processing /home/airflow/.local/lib/python3.12/site-packages/airflow/example_dags/example_branch_labels.py took 0.125 seconds
[2024-11-25T14:52:43.484+0000] {processor.py:186} INFO - Started process (PID=1735) to work on /home/airflow/.local/lib/python3.12/site-packages/airflow/example_dags/example_branch_labels.py
[2024-11-25T14:52:43.485+0000] {processor.py:914} INFO - Processing file /home/airflow/.local/lib/python3.12/site-packages/airflow/example_dags/example_branch_labels.py for tasks to queue
[2024-11-25T14:52:43.487+0000] {logging_mixin.py:190} INFO - [2024-11-25T14:52:43.486+0000] {dagbag.py:588} INFO - Filling up the DagBag from /home/airflow/.local/lib/python3.12/site-packages/airflow/example_dags/example_branch_labels.py
[2024-11-25T14:52:43.498+0000] {processor.py:925} INFO - DAG(s) 'example_branch_labels' retrieved from /home/airflow/.local/lib/python3.12/site-packages/airflow/example_dags/example_branch_labels.py
[2024-11-25T14:52:43.523+0000] {logging_mixin.py:190} INFO - [2024-11-25T14:52:43.523+0000] {dag.py:3239} INFO - Sync 1 DAGs
[2024-11-25T14:52:43.552+0000] {logging_mixin.py:190} INFO - [2024-11-25T14:52:43.552+0000] {dag.py:4180} INFO - Setting next_dagrun for example_branch_labels to 2024-11-24 00:00:00+00:00, run_after=2024-11-25 00:00:00+00:00
[2024-11-25T14:52:43.598+0000] {processor.py:208} INFO - Processing /home/airflow/.local/lib/python3.12/site-packages/airflow/example_dags/example_branch_labels.py took 0.121 seconds
[2024-11-25T14:53:15.348+0000] {processor.py:186} INFO - Started process (PID=1815) to work on /home/airflow/.local/lib/python3.12/site-packages/airflow/example_dags/example_branch_labels.py
[2024-11-25T14:53:15.349+0000] {processor.py:914} INFO - Processing file /home/airflow/.local/lib/python3.12/site-packages/airflow/example_dags/example_branch_labels.py for tasks to queue
[2024-11-25T14:53:15.351+0000] {logging_mixin.py:190} INFO - [2024-11-25T14:53:15.350+0000] {dagbag.py:588} INFO - Filling up the DagBag from /home/airflow/.local/lib/python3.12/site-packages/airflow/example_dags/example_branch_labels.py
[2024-11-25T14:53:15.362+0000] {processor.py:925} INFO - DAG(s) 'example_branch_labels' retrieved from /home/airflow/.local/lib/python3.12/site-packages/airflow/example_dags/example_branch_labels.py
[2024-11-25T14:53:15.387+0000] {logging_mixin.py:190} INFO - [2024-11-25T14:53:15.386+0000] {dag.py:3239} INFO - Sync 1 DAGs
[2024-11-25T14:53:15.416+0000] {logging_mixin.py:190} INFO - [2024-11-25T14:53:15.415+0000] {dag.py:4180} INFO - Setting next_dagrun for example_branch_labels to 2024-11-24 00:00:00+00:00, run_after=2024-11-25 00:00:00+00:00
[2024-11-25T14:53:15.469+0000] {processor.py:208} INFO - Processing /home/airflow/.local/lib/python3.12/site-packages/airflow/example_dags/example_branch_labels.py took 0.128 seconds
[2024-11-25T14:53:47.317+0000] {processor.py:186} INFO - Started process (PID=1896) to work on /home/airflow/.local/lib/python3.12/site-packages/airflow/example_dags/example_branch_labels.py
[2024-11-25T14:53:47.318+0000] {processor.py:914} INFO - Processing file /home/airflow/.local/lib/python3.12/site-packages/airflow/example_dags/example_branch_labels.py for tasks to queue
[2024-11-25T14:53:47.320+0000] {logging_mixin.py:190} INFO - [2024-11-25T14:53:47.319+0000] {dagbag.py:588} INFO - Filling up the DagBag from /home/airflow/.local/lib/python3.12/site-packages/airflow/example_dags/example_branch_labels.py
[2024-11-25T14:53:47.331+0000] {processor.py:925} INFO - DAG(s) 'example_branch_labels' retrieved from /home/airflow/.local/lib/python3.12/site-packages/airflow/example_dags/example_branch_labels.py
[2024-11-25T14:53:47.355+0000] {logging_mixin.py:190} INFO - [2024-11-25T14:53:47.354+0000] {dag.py:3239} INFO - Sync 1 DAGs
[2024-11-25T14:53:47.383+0000] {logging_mixin.py:190} INFO - [2024-11-25T14:53:47.382+0000] {dag.py:4180} INFO - Setting next_dagrun for example_branch_labels to 2024-11-24 00:00:00+00:00, run_after=2024-11-25 00:00:00+00:00
[2024-11-25T14:53:47.430+0000] {processor.py:208} INFO - Processing /home/airflow/.local/lib/python3.12/site-packages/airflow/example_dags/example_branch_labels.py took 0.119 seconds
[2024-11-25T14:54:18.536+0000] {processor.py:186} INFO - Started process (PID=1978) to work on /home/airflow/.local/lib/python3.12/site-packages/airflow/example_dags/example_branch_labels.py
[2024-11-25T14:54:18.537+0000] {processor.py:914} INFO - Processing file /home/airflow/.local/lib/python3.12/site-packages/airflow/example_dags/example_branch_labels.py for tasks to queue
[2024-11-25T14:54:18.539+0000] {logging_mixin.py:190} INFO - [2024-11-25T14:54:18.539+0000] {dagbag.py:588} INFO - Filling up the DagBag from /home/airflow/.local/lib/python3.12/site-packages/airflow/example_dags/example_branch_labels.py
[2024-11-25T14:54:18.550+0000] {processor.py:925} INFO - DAG(s) 'example_branch_labels' retrieved from /home/airflow/.local/lib/python3.12/site-packages/airflow/example_dags/example_branch_labels.py
[2024-11-25T14:54:18.574+0000] {logging_mixin.py:190} INFO - [2024-11-25T14:54:18.574+0000] {dag.py:3239} INFO - Sync 1 DAGs
[2024-11-25T14:54:18.603+0000] {logging_mixin.py:190} INFO - [2024-11-25T14:54:18.603+0000] {dag.py:4180} INFO - Setting next_dagrun for example_branch_labels to 2024-11-24 00:00:00+00:00, run_after=2024-11-25 00:00:00+00:00
[2024-11-25T14:54:18.661+0000] {processor.py:208} INFO - Processing /home/airflow/.local/lib/python3.12/site-packages/airflow/example_dags/example_branch_labels.py took 0.132 seconds
[2024-11-25T14:54:49.864+0000] {processor.py:186} INFO - Started process (PID=2058) to work on /home/airflow/.local/lib/python3.12/site-packages/airflow/example_dags/example_branch_labels.py
[2024-11-25T14:54:49.865+0000] {processor.py:914} INFO - Processing file /home/airflow/.local/lib/python3.12/site-packages/airflow/example_dags/example_branch_labels.py for tasks to queue
[2024-11-25T14:54:49.867+0000] {logging_mixin.py:190} INFO - [2024-11-25T14:54:49.867+0000] {dagbag.py:588} INFO - Filling up the DagBag from /home/airflow/.local/lib/python3.12/site-packages/airflow/example_dags/example_branch_labels.py
[2024-11-25T14:54:49.880+0000] {processor.py:925} INFO - DAG(s) 'example_branch_labels' retrieved from /home/airflow/.local/lib/python3.12/site-packages/airflow/example_dags/example_branch_labels.py
[2024-11-25T14:54:49.906+0000] {logging_mixin.py:190} INFO - [2024-11-25T14:54:49.905+0000] {dag.py:3239} INFO - Sync 1 DAGs
[2024-11-25T14:54:49.933+0000] {logging_mixin.py:190} INFO - [2024-11-25T14:54:49.933+0000] {dag.py:4180} INFO - Setting next_dagrun for example_branch_labels to 2024-11-24 00:00:00+00:00, run_after=2024-11-25 00:00:00+00:00
[2024-11-25T14:54:50.007+0000] {processor.py:208} INFO - Processing /home/airflow/.local/lib/python3.12/site-packages/airflow/example_dags/example_branch_labels.py took 0.150 seconds
[2024-11-25T14:55:21.627+0000] {processor.py:186} INFO - Started process (PID=2138) to work on /home/airflow/.local/lib/python3.12/site-packages/airflow/example_dags/example_branch_labels.py
[2024-11-25T14:55:21.628+0000] {processor.py:914} INFO - Processing file /home/airflow/.local/lib/python3.12/site-packages/airflow/example_dags/example_branch_labels.py for tasks to queue
[2024-11-25T14:55:21.630+0000] {logging_mixin.py:190} INFO - [2024-11-25T14:55:21.629+0000] {dagbag.py:588} INFO - Filling up the DagBag from /home/airflow/.local/lib/python3.12/site-packages/airflow/example_dags/example_branch_labels.py
[2024-11-25T14:55:21.640+0000] {processor.py:925} INFO - DAG(s) 'example_branch_labels' retrieved from /home/airflow/.local/lib/python3.12/site-packages/airflow/example_dags/example_branch_labels.py
[2024-11-25T14:55:21.664+0000] {logging_mixin.py:190} INFO - [2024-11-25T14:55:21.664+0000] {dag.py:3239} INFO - Sync 1 DAGs
[2024-11-25T14:55:21.695+0000] {logging_mixin.py:190} INFO - [2024-11-25T14:55:21.695+0000] {dag.py:4180} INFO - Setting next_dagrun for example_branch_labels to 2024-11-24 00:00:00+00:00, run_after=2024-11-25 00:00:00+00:00
[2024-11-25T14:55:21.751+0000] {processor.py:208} INFO - Processing /home/airflow/.local/lib/python3.12/site-packages/airflow/example_dags/example_branch_labels.py took 0.131 seconds
[2024-11-25T14:55:52.510+0000] {processor.py:186} INFO - Started process (PID=2218) to work on /home/airflow/.local/lib/python3.12/site-packages/airflow/example_dags/example_branch_labels.py
[2024-11-25T14:55:52.511+0000] {processor.py:914} INFO - Processing file /home/airflow/.local/lib/python3.12/site-packages/airflow/example_dags/example_branch_labels.py for tasks to queue
[2024-11-25T14:55:52.513+0000] {logging_mixin.py:190} INFO - [2024-11-25T14:55:52.512+0000] {dagbag.py:588} INFO - Filling up the DagBag from /home/airflow/.local/lib/python3.12/site-packages/airflow/example_dags/example_branch_labels.py
[2024-11-25T14:55:52.524+0000] {processor.py:925} INFO - DAG(s) 'example_branch_labels' retrieved from /home/airflow/.local/lib/python3.12/site-packages/airflow/example_dags/example_branch_labels.py
[2024-11-25T14:55:52.549+0000] {logging_mixin.py:190} INFO - [2024-11-25T14:55:52.549+0000] {dag.py:3239} INFO - Sync 1 DAGs
[2024-11-25T14:55:52.579+0000] {logging_mixin.py:190} INFO - [2024-11-25T14:55:52.579+0000] {dag.py:4180} INFO - Setting next_dagrun for example_branch_labels to 2024-11-24 00:00:00+00:00, run_after=2024-11-25 00:00:00+00:00
[2024-11-25T14:55:52.646+0000] {processor.py:208} INFO - Processing /home/airflow/.local/lib/python3.12/site-packages/airflow/example_dags/example_branch_labels.py took 0.143 seconds
[2024-11-25T14:56:23.345+0000] {processor.py:186} INFO - Started process (PID=2298) to work on /home/airflow/.local/lib/python3.12/site-packages/airflow/example_dags/example_branch_labels.py
[2024-11-25T14:56:23.346+0000] {processor.py:914} INFO - Processing file /home/airflow/.local/lib/python3.12/site-packages/airflow/example_dags/example_branch_labels.py for tasks to queue
[2024-11-25T14:56:23.348+0000] {logging_mixin.py:190} INFO - [2024-11-25T14:56:23.347+0000] {dagbag.py:588} INFO - Filling up the DagBag from /home/airflow/.local/lib/python3.12/site-packages/airflow/example_dags/example_branch_labels.py
[2024-11-25T14:56:23.358+0000] {processor.py:925} INFO - DAG(s) 'example_branch_labels' retrieved from /home/airflow/.local/lib/python3.12/site-packages/airflow/example_dags/example_branch_labels.py
[2024-11-25T14:56:23.381+0000] {logging_mixin.py:190} INFO - [2024-11-25T14:56:23.381+0000] {dag.py:3239} INFO - Sync 1 DAGs
[2024-11-25T14:56:23.410+0000] {logging_mixin.py:190} INFO - [2024-11-25T14:56:23.410+0000] {dag.py:4180} INFO - Setting next_dagrun for example_branch_labels to 2024-11-24 00:00:00+00:00, run_after=2024-11-25 00:00:00+00:00
[2024-11-25T14:56:23.482+0000] {processor.py:208} INFO - Processing /home/airflow/.local/lib/python3.12/site-packages/airflow/example_dags/example_branch_labels.py took 0.143 seconds
[2024-11-25T14:56:53.816+0000] {processor.py:186} INFO - Started process (PID=2378) to work on /home/airflow/.local/lib/python3.12/site-packages/airflow/example_dags/example_branch_labels.py
[2024-11-25T14:56:53.818+0000] {processor.py:914} INFO - Processing file /home/airflow/.local/lib/python3.12/site-packages/airflow/example_dags/example_branch_labels.py for tasks to queue
[2024-11-25T14:56:53.820+0000] {logging_mixin.py:190} INFO - [2024-11-25T14:56:53.819+0000] {dagbag.py:588} INFO - Filling up the DagBag from /home/airflow/.local/lib/python3.12/site-packages/airflow/example_dags/example_branch_labels.py
[2024-11-25T14:56:53.832+0000] {processor.py:925} INFO - DAG(s) 'example_branch_labels' retrieved from /home/airflow/.local/lib/python3.12/site-packages/airflow/example_dags/example_branch_labels.py
[2024-11-25T14:56:53.858+0000] {logging_mixin.py:190} INFO - [2024-11-25T14:56:53.858+0000] {dag.py:3239} INFO - Sync 1 DAGs
[2024-11-25T14:56:53.888+0000] {logging_mixin.py:190} INFO - [2024-11-25T14:56:53.888+0000] {dag.py:4180} INFO - Setting next_dagrun for example_branch_labels to 2024-11-24 00:00:00+00:00, run_after=2024-11-25 00:00:00+00:00
[2024-11-25T14:56:53.957+0000] {processor.py:208} INFO - Processing /home/airflow/.local/lib/python3.12/site-packages/airflow/example_dags/example_branch_labels.py took 0.147 seconds
[2024-11-25T14:57:24.136+0000] {processor.py:186} INFO - Started process (PID=2458) to work on /home/airflow/.local/lib/python3.12/site-packages/airflow/example_dags/example_branch_labels.py
[2024-11-25T14:57:24.137+0000] {processor.py:914} INFO - Processing file /home/airflow/.local/lib/python3.12/site-packages/airflow/example_dags/example_branch_labels.py for tasks to queue
[2024-11-25T14:57:24.139+0000] {logging_mixin.py:190} INFO - [2024-11-25T14:57:24.138+0000] {dagbag.py:588} INFO - Filling up the DagBag from /home/airflow/.local/lib/python3.12/site-packages/airflow/example_dags/example_branch_labels.py
[2024-11-25T14:57:24.150+0000] {processor.py:925} INFO - DAG(s) 'example_branch_labels' retrieved from /home/airflow/.local/lib/python3.12/site-packages/airflow/example_dags/example_branch_labels.py
[2024-11-25T14:57:24.178+0000] {logging_mixin.py:190} INFO - [2024-11-25T14:57:24.177+0000] {dag.py:3239} INFO - Sync 1 DAGs
[2024-11-25T14:57:24.204+0000] {logging_mixin.py:190} INFO - [2024-11-25T14:57:24.203+0000] {dag.py:4180} INFO - Setting next_dagrun for example_branch_labels to 2024-11-24 00:00:00+00:00, run_after=2024-11-25 00:00:00+00:00
[2024-11-25T14:57:24.254+0000] {processor.py:208} INFO - Processing /home/airflow/.local/lib/python3.12/site-packages/airflow/example_dags/example_branch_labels.py took 0.125 seconds
[2024-11-25T14:57:56.006+0000] {processor.py:186} INFO - Started process (PID=2530) to work on /home/airflow/.local/lib/python3.12/site-packages/airflow/example_dags/example_branch_labels.py
[2024-11-25T14:57:56.008+0000] {processor.py:914} INFO - Processing file /home/airflow/.local/lib/python3.12/site-packages/airflow/example_dags/example_branch_labels.py for tasks to queue
[2024-11-25T14:57:56.009+0000] {logging_mixin.py:190} INFO - [2024-11-25T14:57:56.009+0000] {dagbag.py:588} INFO - Filling up the DagBag from /home/airflow/.local/lib/python3.12/site-packages/airflow/example_dags/example_branch_labels.py
[2024-11-25T14:57:56.020+0000] {processor.py:925} INFO - DAG(s) 'example_branch_labels' retrieved from /home/airflow/.local/lib/python3.12/site-packages/airflow/example_dags/example_branch_labels.py
[2024-11-25T14:57:56.043+0000] {logging_mixin.py:190} INFO - [2024-11-25T14:57:56.042+0000] {dag.py:3239} INFO - Sync 1 DAGs
[2024-11-25T14:57:56.070+0000] {logging_mixin.py:190} INFO - [2024-11-25T14:57:56.070+0000] {dag.py:4180} INFO - Setting next_dagrun for example_branch_labels to 2024-11-24 00:00:00+00:00, run_after=2024-11-25 00:00:00+00:00
[2024-11-25T14:57:56.125+0000] {processor.py:208} INFO - Processing /home/airflow/.local/lib/python3.12/site-packages/airflow/example_dags/example_branch_labels.py took 0.125 seconds
[2024-11-25T14:58:26.735+0000] {processor.py:186} INFO - Started process (PID=2609) to work on /home/airflow/.local/lib/python3.12/site-packages/airflow/example_dags/example_branch_labels.py
[2024-11-25T14:58:26.736+0000] {processor.py:914} INFO - Processing file /home/airflow/.local/lib/python3.12/site-packages/airflow/example_dags/example_branch_labels.py for tasks to queue
[2024-11-25T14:58:26.738+0000] {logging_mixin.py:190} INFO - [2024-11-25T14:58:26.738+0000] {dagbag.py:588} INFO - Filling up the DagBag from /home/airflow/.local/lib/python3.12/site-packages/airflow/example_dags/example_branch_labels.py
[2024-11-25T14:58:26.749+0000] {processor.py:925} INFO - DAG(s) 'example_branch_labels' retrieved from /home/airflow/.local/lib/python3.12/site-packages/airflow/example_dags/example_branch_labels.py
[2024-11-25T14:58:26.774+0000] {logging_mixin.py:190} INFO - [2024-11-25T14:58:26.774+0000] {dag.py:3239} INFO - Sync 1 DAGs
[2024-11-25T14:58:26.804+0000] {logging_mixin.py:190} INFO - [2024-11-25T14:58:26.803+0000] {dag.py:4180} INFO - Setting next_dagrun for example_branch_labels to 2024-11-24 00:00:00+00:00, run_after=2024-11-25 00:00:00+00:00
[2024-11-25T14:58:26.853+0000] {processor.py:208} INFO - Processing /home/airflow/.local/lib/python3.12/site-packages/airflow/example_dags/example_branch_labels.py took 0.125 seconds
[2024-11-25T14:58:57.257+0000] {processor.py:186} INFO - Started process (PID=2689) to work on /home/airflow/.local/lib/python3.12/site-packages/airflow/example_dags/example_branch_labels.py
[2024-11-25T14:58:57.258+0000] {processor.py:914} INFO - Processing file /home/airflow/.local/lib/python3.12/site-packages/airflow/example_dags/example_branch_labels.py for tasks to queue
[2024-11-25T14:58:57.259+0000] {logging_mixin.py:190} INFO - [2024-11-25T14:58:57.259+0000] {dagbag.py:588} INFO - Filling up the DagBag from /home/airflow/.local/lib/python3.12/site-packages/airflow/example_dags/example_branch_labels.py
[2024-11-25T14:58:57.273+0000] {processor.py:925} INFO - DAG(s) 'example_branch_labels' retrieved from /home/airflow/.local/lib/python3.12/site-packages/airflow/example_dags/example_branch_labels.py
[2024-11-25T14:58:57.298+0000] {logging_mixin.py:190} INFO - [2024-11-25T14:58:57.298+0000] {dag.py:3239} INFO - Sync 1 DAGs
[2024-11-25T14:58:57.326+0000] {logging_mixin.py:190} INFO - [2024-11-25T14:58:57.325+0000] {dag.py:4180} INFO - Setting next_dagrun for example_branch_labels to 2024-11-24 00:00:00+00:00, run_after=2024-11-25 00:00:00+00:00
[2024-11-25T14:58:57.382+0000] {processor.py:208} INFO - Processing /home/airflow/.local/lib/python3.12/site-packages/airflow/example_dags/example_branch_labels.py took 0.132 seconds
[2024-11-25T14:59:27.665+0000] {processor.py:186} INFO - Started process (PID=2761) to work on /home/airflow/.local/lib/python3.12/site-packages/airflow/example_dags/example_branch_labels.py
[2024-11-25T14:59:27.666+0000] {processor.py:914} INFO - Processing file /home/airflow/.local/lib/python3.12/site-packages/airflow/example_dags/example_branch_labels.py for tasks to queue
[2024-11-25T14:59:27.668+0000] {logging_mixin.py:190} INFO - [2024-11-25T14:59:27.667+0000] {dagbag.py:588} INFO - Filling up the DagBag from /home/airflow/.local/lib/python3.12/site-packages/airflow/example_dags/example_branch_labels.py
[2024-11-25T14:59:27.678+0000] {processor.py:925} INFO - DAG(s) 'example_branch_labels' retrieved from /home/airflow/.local/lib/python3.12/site-packages/airflow/example_dags/example_branch_labels.py
[2024-11-25T14:59:27.702+0000] {logging_mixin.py:190} INFO - [2024-11-25T14:59:27.702+0000] {dag.py:3239} INFO - Sync 1 DAGs
[2024-11-25T14:59:27.733+0000] {logging_mixin.py:190} INFO - [2024-11-25T14:59:27.733+0000] {dag.py:4180} INFO - Setting next_dagrun for example_branch_labels to 2024-11-24 00:00:00+00:00, run_after=2024-11-25 00:00:00+00:00
[2024-11-25T14:59:27.788+0000] {processor.py:208} INFO - Processing /home/airflow/.local/lib/python3.12/site-packages/airflow/example_dags/example_branch_labels.py took 0.130 seconds
[2024-11-25T14:59:58.988+0000] {processor.py:186} INFO - Started process (PID=2841) to work on /home/airflow/.local/lib/python3.12/site-packages/airflow/example_dags/example_branch_labels.py
[2024-11-25T14:59:58.989+0000] {processor.py:914} INFO - Processing file /home/airflow/.local/lib/python3.12/site-packages/airflow/example_dags/example_branch_labels.py for tasks to queue
[2024-11-25T14:59:58.991+0000] {logging_mixin.py:190} INFO - [2024-11-25T14:59:58.990+0000] {dagbag.py:588} INFO - Filling up the DagBag from /home/airflow/.local/lib/python3.12/site-packages/airflow/example_dags/example_branch_labels.py
[2024-11-25T14:59:59.003+0000] {processor.py:925} INFO - DAG(s) 'example_branch_labels' retrieved from /home/airflow/.local/lib/python3.12/site-packages/airflow/example_dags/example_branch_labels.py
[2024-11-25T14:59:59.028+0000] {logging_mixin.py:190} INFO - [2024-11-25T14:59:59.027+0000] {dag.py:3239} INFO - Sync 1 DAGs
[2024-11-25T14:59:59.054+0000] {logging_mixin.py:190} INFO - [2024-11-25T14:59:59.054+0000] {dag.py:4180} INFO - Setting next_dagrun for example_branch_labels to 2024-11-24 00:00:00+00:00, run_after=2024-11-25 00:00:00+00:00
[2024-11-25T14:59:59.113+0000] {processor.py:208} INFO - Processing /home/airflow/.local/lib/python3.12/site-packages/airflow/example_dags/example_branch_labels.py took 0.132 seconds
[2024-11-25T15:00:29.361+0000] {processor.py:186} INFO - Started process (PID=2921) to work on /home/airflow/.local/lib/python3.12/site-packages/airflow/example_dags/example_branch_labels.py
[2024-11-25T15:00:29.362+0000] {processor.py:914} INFO - Processing file /home/airflow/.local/lib/python3.12/site-packages/airflow/example_dags/example_branch_labels.py for tasks to queue
[2024-11-25T15:00:29.363+0000] {logging_mixin.py:190} INFO - [2024-11-25T15:00:29.363+0000] {dagbag.py:588} INFO - Filling up the DagBag from /home/airflow/.local/lib/python3.12/site-packages/airflow/example_dags/example_branch_labels.py
[2024-11-25T15:00:29.375+0000] {processor.py:925} INFO - DAG(s) 'example_branch_labels' retrieved from /home/airflow/.local/lib/python3.12/site-packages/airflow/example_dags/example_branch_labels.py
[2024-11-25T15:00:29.401+0000] {logging_mixin.py:190} INFO - [2024-11-25T15:00:29.401+0000] {dag.py:3239} INFO - Sync 1 DAGs
[2024-11-25T15:00:29.434+0000] {logging_mixin.py:190} INFO - [2024-11-25T15:00:29.434+0000] {dag.py:4180} INFO - Setting next_dagrun for example_branch_labels to 2024-11-24 00:00:00+00:00, run_after=2024-11-25 00:00:00+00:00
[2024-11-25T15:00:29.489+0000] {processor.py:208} INFO - Processing /home/airflow/.local/lib/python3.12/site-packages/airflow/example_dags/example_branch_labels.py took 0.135 seconds
[2024-11-25T15:01:00.432+0000] {processor.py:186} INFO - Started process (PID=3001) to work on /home/airflow/.local/lib/python3.12/site-packages/airflow/example_dags/example_branch_labels.py
[2024-11-25T15:01:00.433+0000] {processor.py:914} INFO - Processing file /home/airflow/.local/lib/python3.12/site-packages/airflow/example_dags/example_branch_labels.py for tasks to queue
[2024-11-25T15:01:00.435+0000] {logging_mixin.py:190} INFO - [2024-11-25T15:01:00.434+0000] {dagbag.py:588} INFO - Filling up the DagBag from /home/airflow/.local/lib/python3.12/site-packages/airflow/example_dags/example_branch_labels.py
[2024-11-25T15:01:00.449+0000] {processor.py:925} INFO - DAG(s) 'example_branch_labels' retrieved from /home/airflow/.local/lib/python3.12/site-packages/airflow/example_dags/example_branch_labels.py
[2024-11-25T15:01:00.473+0000] {logging_mixin.py:190} INFO - [2024-11-25T15:01:00.472+0000] {dag.py:3239} INFO - Sync 1 DAGs
[2024-11-25T15:01:00.505+0000] {logging_mixin.py:190} INFO - [2024-11-25T15:01:00.505+0000] {dag.py:4180} INFO - Setting next_dagrun for example_branch_labels to 2024-11-24 00:00:00+00:00, run_after=2024-11-25 00:00:00+00:00
[2024-11-25T15:01:00.587+0000] {processor.py:208} INFO - Processing /home/airflow/.local/lib/python3.12/site-packages/airflow/example_dags/example_branch_labels.py took 0.163 seconds
[2024-11-25T15:01:31.348+0000] {processor.py:186} INFO - Started process (PID=3081) to work on /home/airflow/.local/lib/python3.12/site-packages/airflow/example_dags/example_branch_labels.py
[2024-11-25T15:01:31.350+0000] {processor.py:914} INFO - Processing file /home/airflow/.local/lib/python3.12/site-packages/airflow/example_dags/example_branch_labels.py for tasks to queue
[2024-11-25T15:01:31.352+0000] {logging_mixin.py:190} INFO - [2024-11-25T15:01:31.351+0000] {dagbag.py:588} INFO - Filling up the DagBag from /home/airflow/.local/lib/python3.12/site-packages/airflow/example_dags/example_branch_labels.py
[2024-11-25T15:01:31.366+0000] {processor.py:925} INFO - DAG(s) 'example_branch_labels' retrieved from /home/airflow/.local/lib/python3.12/site-packages/airflow/example_dags/example_branch_labels.py
[2024-11-25T15:01:31.392+0000] {logging_mixin.py:190} INFO - [2024-11-25T15:01:31.392+0000] {dag.py:3239} INFO - Sync 1 DAGs
[2024-11-25T15:01:31.420+0000] {logging_mixin.py:190} INFO - [2024-11-25T15:01:31.420+0000] {dag.py:4180} INFO - Setting next_dagrun for example_branch_labels to 2024-11-24 00:00:00+00:00, run_after=2024-11-25 00:00:00+00:00
[2024-11-25T15:01:31.630+0000] {processor.py:208} INFO - Processing /home/airflow/.local/lib/python3.12/site-packages/airflow/example_dags/example_branch_labels.py took 0.289 seconds
[2024-11-25T15:02:05.073+0000] {processor.py:186} INFO - Started process (PID=3161) to work on /home/airflow/.local/lib/python3.12/site-packages/airflow/example_dags/example_branch_labels.py
[2024-11-25T15:02:05.076+0000] {processor.py:914} INFO - Processing file /home/airflow/.local/lib/python3.12/site-packages/airflow/example_dags/example_branch_labels.py for tasks to queue
[2024-11-25T15:02:05.081+0000] {logging_mixin.py:190} INFO - [2024-11-25T15:02:05.080+0000] {dagbag.py:588} INFO - Filling up the DagBag from /home/airflow/.local/lib/python3.12/site-packages/airflow/example_dags/example_branch_labels.py
[2024-11-25T15:02:05.114+0000] {processor.py:925} INFO - DAG(s) 'example_branch_labels' retrieved from /home/airflow/.local/lib/python3.12/site-packages/airflow/example_dags/example_branch_labels.py
[2024-11-25T15:02:05.255+0000] {logging_mixin.py:190} INFO - [2024-11-25T15:02:05.255+0000] {dag.py:3239} INFO - Sync 1 DAGs
[2024-11-25T15:02:05.477+0000] {logging_mixin.py:190} INFO - [2024-11-25T15:02:05.476+0000] {dag.py:4180} INFO - Setting next_dagrun for example_branch_labels to 2024-11-24 00:00:00+00:00, run_after=2024-11-25 00:00:00+00:00
[2024-11-25T15:02:08.286+0000] {logging_mixin.py:190} INFO - [2024-11-25T15:02:08.286+0000] {process_utils.py:266} INFO - Waiting up to 5 seconds for processes to exit...
[2024-11-25T15:02:08.289+0000] {logging_mixin.py:190} WARNING - Exception ignored in: <function WeakKeyDictionary.__init__.<locals>.remove at 0x7fcd74633d80>
[2024-11-25T15:02:08.291+0000] {logging_mixin.py:190} WARNING - Traceback (most recent call last):
[2024-11-25T15:02:08.297+0000] {logging_mixin.py:190} WARNING -   File "/usr/local/lib/python3.12/weakref.py", line 369, in remove
[2024-11-25T15:02:08.304+0000] {logging_mixin.py:190} WARNING -     def remove(k, selfref=ref(self)):
[2024-11-25T15:02:08.310+0000] {logging_mixin.py:190} WARNING -   File "/home/airflow/.local/lib/python3.12/site-packages/airflow/dag_processing/manager.py", line 466, in _exit_gracefully
[2024-11-25T15:02:08.312+0000] {logging_mixin.py:190} WARNING -     self.log.debug("Current Stacktrace is: %s", "\n".join(map(str, inspect.stack())))
[2024-11-25T15:02:08.315+0000] {logging_mixin.py:190} WARNING -                                                                    ^^^^^^^^^^^^^^^
[2024-11-25T15:02:08.323+0000] {logging_mixin.py:190} WARNING -   File "/usr/local/lib/python3.12/inspect.py", line 1777, in stack
[2024-11-25T15:02:08.326+0000] {logging_mixin.py:190} WARNING -     return getouterframes(sys._getframe(1), context)
[2024-11-25T15:02:08.331+0000] {logging_mixin.py:190} WARNING -            ^^^^^^^^^^^^^^^^^^^^^^^^^^^^^^^^^^^^^^^^^
[2024-11-25T15:02:08.335+0000] {logging_mixin.py:190} WARNING -   File "/usr/local/lib/python3.12/inspect.py", line 1752, in getouterframes
[2024-11-25T15:02:08.338+0000] {logging_mixin.py:190} WARNING -     traceback_info = getframeinfo(frame, context)
[2024-11-25T15:02:08.340+0000] {logging_mixin.py:190} WARNING -                      ^^^^^^^^^^^^^^^^^^^^^^^^^^^^
[2024-11-25T15:02:08.341+0000] {logging_mixin.py:190} WARNING -   File "/usr/local/lib/python3.12/inspect.py", line 1698, in getframeinfo
[2024-11-25T15:02:08.344+0000] {logging_mixin.py:190} WARNING -     positions = _get_code_position(frame.f_code, frame.f_lasti)
[2024-11-25T15:02:08.346+0000] {logging_mixin.py:190} WARNING -                 ^^^^^^^^^^^^^^^^^^^^^^^^^^^^^^^^^^^^^^^^^^^^^^^
[2024-11-25T15:02:08.348+0000] {logging_mixin.py:190} WARNING -   File "/usr/local/lib/python3.12/inspect.py", line 1682, in _get_code_position
[2024-11-25T15:02:08.350+0000] {logging_mixin.py:190} WARNING -     return next(itertools.islice(positions_gen, instruction_index // 2, None))
[2024-11-25T15:02:08.352+0000] {logging_mixin.py:190} WARNING -            ^^^^^^^^^^^^^^^^^^^^^^^^^^^^^^^^^^^^^^^^^^^^^^^^^^^^^^^^^^^^^^^^^^^
[2024-11-25T15:02:08.353+0000] {logging_mixin.py:190} WARNING -   File "/home/airflow/.local/lib/python3.12/site-packages/airflow/dag_processing/manager.py", line 466, in _exit_gracefully
[2024-11-25T15:02:08.356+0000] {logging_mixin.py:190} WARNING -     self.log.debug("Current Stacktrace is: %s", "\n".join(map(str, inspect.stack())))
[2024-11-25T15:02:08.357+0000] {logging_mixin.py:190} WARNING -                                                                    ^^^^^^^^^^^^^^^
[2024-11-25T15:02:08.359+0000] {logging_mixin.py:190} WARNING -   File "/usr/local/lib/python3.12/inspect.py", line 1777, in stack
[2024-11-25T15:02:08.362+0000] {logging_mixin.py:190} WARNING -     return getouterframes(sys._getframe(1), context)
[2024-11-25T15:02:08.364+0000] {logging_mixin.py:190} WARNING -            ^^^^^^^^^^^^^^^^^^^^^^^^^^^^^^^^^^^^^^^^^
[2024-11-25T15:02:08.367+0000] {logging_mixin.py:190} WARNING -   File "/usr/local/lib/python3.12/inspect.py", line 1752, in getouterframes
[2024-11-25T15:02:08.370+0000] {logging_mixin.py:190} WARNING -     traceback_info = getframeinfo(frame, context)
[2024-11-25T15:02:08.372+0000] {logging_mixin.py:190} WARNING -                      ^^^^^^^^^^^^^^^^^^^^^^^^^^^^
[2024-11-25T15:02:08.373+0000] {logging_mixin.py:190} WARNING -   File "/usr/local/lib/python3.12/inspect.py", line 1714, in getframeinfo
[2024-11-25T15:02:08.376+0000] {logging_mixin.py:190} WARNING -     lines, lnum = findsource(frame)
[2024-11-25T15:02:08.378+0000] {logging_mixin.py:190} WARNING -                   ^^^^^^^^^^^^^^^^^
[2024-11-25T15:02:08.382+0000] {logging_mixin.py:190} WARNING -   File "/usr/local/lib/python3.12/inspect.py", line 1092, in findsource
[2024-11-25T15:02:08.385+0000] {logging_mixin.py:190} WARNING -     lines = linecache.getlines(file, module.__dict__)
[2024-11-25T15:02:08.386+0000] {logging_mixin.py:190} WARNING -             ^^^^^^^^^^^^^^^^^^^^^^^^^^^^^^^^^^^^^^^^^
[2024-11-25T15:02:08.388+0000] {logging_mixin.py:190} WARNING -   File "/usr/local/lib/python3.12/linecache.py", line 46, in getlines
[2024-11-25T15:02:08.389+0000] {logging_mixin.py:190} WARNING -     return updatecache(filename, module_globals)
[2024-11-25T15:02:08.391+0000] {logging_mixin.py:190} WARNING -            ^^^^^^^^^^^^^^^^^^^^^^^^^^^^^^^^^^^^^
[2024-11-25T15:02:08.393+0000] {logging_mixin.py:190} WARNING -   File "/usr/local/lib/python3.12/linecache.py", line 139, in updatecache
[2024-11-25T15:02:08.395+0000] {logging_mixin.py:190} WARNING -     lines = fp.readlines()
[2024-11-25T15:02:08.397+0000] {logging_mixin.py:190} WARNING -             ^^^^^^^^^^^^^^
[2024-11-25T15:02:08.400+0000] {logging_mixin.py:190} WARNING -   File "<frozen codecs>", line 319, in decode
[2024-11-25T15:02:08.401+0000] {logging_mixin.py:190} WARNING -   File "/home/airflow/.local/lib/python3.12/site-packages/airflow/dag_processing/manager.py", line 470, in _exit_gracefully
[2024-11-25T15:02:08.403+0000] {logging_mixin.py:190} WARNING -     sys.exit(os.EX_OK)
[2024-11-25T15:02:08.406+0000] {logging_mixin.py:190} WARNING - SystemExit: 0
[2024-11-25T15:02:08.556+0000] {processor.py:208} INFO - Processing /home/airflow/.local/lib/python3.12/site-packages/airflow/example_dags/example_branch_labels.py took 3.504 seconds
[2024-11-25T19:21:17.694+0000] {processor.py:186} INFO - Started process (PID=552) to work on /home/airflow/.local/lib/python3.12/site-packages/airflow/example_dags/example_branch_labels.py
[2024-11-25T19:21:17.709+0000] {processor.py:914} INFO - Processing file /home/airflow/.local/lib/python3.12/site-packages/airflow/example_dags/example_branch_labels.py for tasks to queue
[2024-11-25T19:21:17.712+0000] {logging_mixin.py:190} INFO - [2024-11-25T19:21:17.711+0000] {dagbag.py:588} INFO - Filling up the DagBag from /home/airflow/.local/lib/python3.12/site-packages/airflow/example_dags/example_branch_labels.py
[2024-11-25T19:21:17.722+0000] {processor.py:925} INFO - DAG(s) 'example_branch_labels' retrieved from /home/airflow/.local/lib/python3.12/site-packages/airflow/example_dags/example_branch_labels.py
[2024-11-25T19:21:17.747+0000] {logging_mixin.py:190} INFO - [2024-11-25T19:21:17.747+0000] {dag.py:3239} INFO - Sync 1 DAGs
[2024-11-25T19:21:17.776+0000] {logging_mixin.py:190} INFO - [2024-11-25T19:21:17.776+0000] {dag.py:4180} INFO - Setting next_dagrun for example_branch_labels to 2024-11-24 00:00:00+00:00, run_after=2024-11-25 00:00:00+00:00
[2024-11-25T19:21:17.837+0000] {processor.py:208} INFO - Processing /home/airflow/.local/lib/python3.12/site-packages/airflow/example_dags/example_branch_labels.py took 0.149 seconds
[2024-11-25T19:22:03.510+0000] {processor.py:186} INFO - Started process (PID=625) to work on /home/airflow/.local/lib/python3.12/site-packages/airflow/example_dags/example_branch_labels.py
[2024-11-25T19:22:03.538+0000] {processor.py:914} INFO - Processing file /home/airflow/.local/lib/python3.12/site-packages/airflow/example_dags/example_branch_labels.py for tasks to queue
[2024-11-25T19:22:03.540+0000] {logging_mixin.py:190} INFO - [2024-11-25T19:22:03.540+0000] {dagbag.py:588} INFO - Filling up the DagBag from /home/airflow/.local/lib/python3.12/site-packages/airflow/example_dags/example_branch_labels.py
[2024-11-25T19:22:03.549+0000] {processor.py:925} INFO - DAG(s) 'example_branch_labels' retrieved from /home/airflow/.local/lib/python3.12/site-packages/airflow/example_dags/example_branch_labels.py
[2024-11-25T19:22:03.575+0000] {logging_mixin.py:190} INFO - [2024-11-25T19:22:03.575+0000] {dag.py:3239} INFO - Sync 1 DAGs
[2024-11-25T19:22:03.603+0000] {logging_mixin.py:190} INFO - [2024-11-25T19:22:03.603+0000] {dag.py:4180} INFO - Setting next_dagrun for example_branch_labels to 2024-11-24 00:00:00+00:00, run_after=2024-11-25 00:00:00+00:00
[2024-11-25T19:22:03.670+0000] {processor.py:208} INFO - Processing /home/airflow/.local/lib/python3.12/site-packages/airflow/example_dags/example_branch_labels.py took 0.166 seconds
[2024-11-25T19:22:56.700+0000] {processor.py:186} INFO - Started process (PID=719) to work on /home/airflow/.local/lib/python3.12/site-packages/airflow/example_dags/example_branch_labels.py
[2024-11-25T19:22:56.738+0000] {processor.py:914} INFO - Processing file /home/airflow/.local/lib/python3.12/site-packages/airflow/example_dags/example_branch_labels.py for tasks to queue
[2024-11-25T19:22:56.740+0000] {logging_mixin.py:190} INFO - [2024-11-25T19:22:56.739+0000] {dagbag.py:588} INFO - Filling up the DagBag from /home/airflow/.local/lib/python3.12/site-packages/airflow/example_dags/example_branch_labels.py
[2024-11-25T19:22:56.752+0000] {processor.py:925} INFO - DAG(s) 'example_branch_labels' retrieved from /home/airflow/.local/lib/python3.12/site-packages/airflow/example_dags/example_branch_labels.py
[2024-11-25T19:22:56.779+0000] {logging_mixin.py:190} INFO - [2024-11-25T19:22:56.779+0000] {dag.py:3239} INFO - Sync 1 DAGs
[2024-11-25T19:22:56.809+0000] {logging_mixin.py:190} INFO - [2024-11-25T19:22:56.809+0000] {dag.py:4180} INFO - Setting next_dagrun for example_branch_labels to 2024-11-24 00:00:00+00:00, run_after=2024-11-25 00:00:00+00:00
[2024-11-25T19:22:56.863+0000] {processor.py:208} INFO - Processing /home/airflow/.local/lib/python3.12/site-packages/airflow/example_dags/example_branch_labels.py took 0.171 seconds
[2024-11-25T19:24:08.879+0000] {processor.py:186} INFO - Started process (PID=813) to work on /home/airflow/.local/lib/python3.12/site-packages/airflow/example_dags/example_branch_labels.py
[2024-11-25T19:24:08.898+0000] {processor.py:914} INFO - Processing file /home/airflow/.local/lib/python3.12/site-packages/airflow/example_dags/example_branch_labels.py for tasks to queue
[2024-11-25T19:24:08.900+0000] {logging_mixin.py:190} INFO - [2024-11-25T19:24:08.900+0000] {dagbag.py:588} INFO - Filling up the DagBag from /home/airflow/.local/lib/python3.12/site-packages/airflow/example_dags/example_branch_labels.py
[2024-11-25T19:24:08.910+0000] {processor.py:925} INFO - DAG(s) 'example_branch_labels' retrieved from /home/airflow/.local/lib/python3.12/site-packages/airflow/example_dags/example_branch_labels.py
[2024-11-25T19:24:08.933+0000] {logging_mixin.py:190} INFO - [2024-11-25T19:24:08.933+0000] {dag.py:3239} INFO - Sync 1 DAGs
[2024-11-25T19:24:08.965+0000] {logging_mixin.py:190} INFO - [2024-11-25T19:24:08.964+0000] {dag.py:4180} INFO - Setting next_dagrun for example_branch_labels to 2024-11-24 00:00:00+00:00, run_after=2024-11-25 00:00:00+00:00
[2024-11-25T19:24:09.118+0000] {processor.py:208} INFO - Processing /home/airflow/.local/lib/python3.12/site-packages/airflow/example_dags/example_branch_labels.py took 0.245 seconds
[2024-11-25T19:24:50.762+0000] {processor.py:186} INFO - Started process (PID=894) to work on /home/airflow/.local/lib/python3.12/site-packages/airflow/example_dags/example_branch_labels.py
[2024-11-25T19:24:50.763+0000] {processor.py:914} INFO - Processing file /home/airflow/.local/lib/python3.12/site-packages/airflow/example_dags/example_branch_labels.py for tasks to queue
[2024-11-25T19:24:50.764+0000] {logging_mixin.py:190} INFO - [2024-11-25T19:24:50.764+0000] {dagbag.py:588} INFO - Filling up the DagBag from /home/airflow/.local/lib/python3.12/site-packages/airflow/example_dags/example_branch_labels.py
[2024-11-25T19:24:50.777+0000] {processor.py:925} INFO - DAG(s) 'example_branch_labels' retrieved from /home/airflow/.local/lib/python3.12/site-packages/airflow/example_dags/example_branch_labels.py
[2024-11-25T19:24:50.806+0000] {logging_mixin.py:190} INFO - [2024-11-25T19:24:50.806+0000] {dag.py:3239} INFO - Sync 1 DAGs
[2024-11-25T19:24:50.839+0000] {logging_mixin.py:190} INFO - [2024-11-25T19:24:50.838+0000] {dag.py:4180} INFO - Setting next_dagrun for example_branch_labels to 2024-11-24 00:00:00+00:00, run_after=2024-11-25 00:00:00+00:00
[2024-11-25T19:24:50.896+0000] {processor.py:208} INFO - Processing /home/airflow/.local/lib/python3.12/site-packages/airflow/example_dags/example_branch_labels.py took 0.141 seconds
[2024-11-25T19:25:33.939+0000] {processor.py:186} INFO - Started process (PID=975) to work on /home/airflow/.local/lib/python3.12/site-packages/airflow/example_dags/example_branch_labels.py
[2024-11-25T19:25:33.941+0000] {processor.py:914} INFO - Processing file /home/airflow/.local/lib/python3.12/site-packages/airflow/example_dags/example_branch_labels.py for tasks to queue
[2024-11-25T19:25:33.943+0000] {logging_mixin.py:190} INFO - [2024-11-25T19:25:33.943+0000] {dagbag.py:588} INFO - Filling up the DagBag from /home/airflow/.local/lib/python3.12/site-packages/airflow/example_dags/example_branch_labels.py
[2024-11-25T19:25:33.954+0000] {processor.py:925} INFO - DAG(s) 'example_branch_labels' retrieved from /home/airflow/.local/lib/python3.12/site-packages/airflow/example_dags/example_branch_labels.py
[2024-11-25T19:25:33.978+0000] {logging_mixin.py:190} INFO - [2024-11-25T19:25:33.978+0000] {dag.py:3239} INFO - Sync 1 DAGs
[2024-11-25T19:25:34.007+0000] {logging_mixin.py:190} INFO - [2024-11-25T19:25:34.006+0000] {dag.py:4180} INFO - Setting next_dagrun for example_branch_labels to 2024-11-24 00:00:00+00:00, run_after=2024-11-25 00:00:00+00:00
[2024-11-25T19:25:34.186+0000] {processor.py:208} INFO - Processing /home/airflow/.local/lib/python3.12/site-packages/airflow/example_dags/example_branch_labels.py took 0.254 seconds
[2024-11-25T19:26:14.755+0000] {processor.py:186} INFO - Started process (PID=1062) to work on /home/airflow/.local/lib/python3.12/site-packages/airflow/example_dags/example_branch_labels.py
[2024-11-25T19:26:14.756+0000] {processor.py:914} INFO - Processing file /home/airflow/.local/lib/python3.12/site-packages/airflow/example_dags/example_branch_labels.py for tasks to queue
[2024-11-25T19:26:14.758+0000] {logging_mixin.py:190} INFO - [2024-11-25T19:26:14.757+0000] {dagbag.py:588} INFO - Filling up the DagBag from /home/airflow/.local/lib/python3.12/site-packages/airflow/example_dags/example_branch_labels.py
[2024-11-25T19:26:14.770+0000] {processor.py:925} INFO - DAG(s) 'example_branch_labels' retrieved from /home/airflow/.local/lib/python3.12/site-packages/airflow/example_dags/example_branch_labels.py
[2024-11-25T19:26:14.796+0000] {logging_mixin.py:190} INFO - [2024-11-25T19:26:14.795+0000] {dag.py:3239} INFO - Sync 1 DAGs
[2024-11-25T19:26:14.822+0000] {logging_mixin.py:190} INFO - [2024-11-25T19:26:14.822+0000] {dag.py:4180} INFO - Setting next_dagrun for example_branch_labels to 2024-11-24 00:00:00+00:00, run_after=2024-11-25 00:00:00+00:00
[2024-11-25T19:26:15.067+0000] {processor.py:208} INFO - Processing /home/airflow/.local/lib/python3.12/site-packages/airflow/example_dags/example_branch_labels.py took 0.319 seconds
[2024-11-25T19:26:59.079+0000] {processor.py:186} INFO - Started process (PID=1153) to work on /home/airflow/.local/lib/python3.12/site-packages/airflow/example_dags/example_branch_labels.py
[2024-11-25T19:26:59.081+0000] {processor.py:914} INFO - Processing file /home/airflow/.local/lib/python3.12/site-packages/airflow/example_dags/example_branch_labels.py for tasks to queue
[2024-11-25T19:26:59.082+0000] {logging_mixin.py:190} INFO - [2024-11-25T19:26:59.082+0000] {dagbag.py:588} INFO - Filling up the DagBag from /home/airflow/.local/lib/python3.12/site-packages/airflow/example_dags/example_branch_labels.py
[2024-11-25T19:26:59.096+0000] {processor.py:925} INFO - DAG(s) 'example_branch_labels' retrieved from /home/airflow/.local/lib/python3.12/site-packages/airflow/example_dags/example_branch_labels.py
[2024-11-25T19:26:59.121+0000] {logging_mixin.py:190} INFO - [2024-11-25T19:26:59.121+0000] {dag.py:3239} INFO - Sync 1 DAGs
[2024-11-25T19:26:59.157+0000] {logging_mixin.py:190} INFO - [2024-11-25T19:26:59.156+0000] {dag.py:4180} INFO - Setting next_dagrun for example_branch_labels to 2024-11-24 00:00:00+00:00, run_after=2024-11-25 00:00:00+00:00
[2024-11-25T19:26:59.214+0000] {processor.py:208} INFO - Processing /home/airflow/.local/lib/python3.12/site-packages/airflow/example_dags/example_branch_labels.py took 0.141 seconds
[2024-11-25T19:27:42.048+0000] {processor.py:186} INFO - Started process (PID=1240) to work on /home/airflow/.local/lib/python3.12/site-packages/airflow/example_dags/example_branch_labels.py
[2024-11-25T19:27:42.050+0000] {processor.py:914} INFO - Processing file /home/airflow/.local/lib/python3.12/site-packages/airflow/example_dags/example_branch_labels.py for tasks to queue
[2024-11-25T19:27:42.052+0000] {logging_mixin.py:190} INFO - [2024-11-25T19:27:42.052+0000] {dagbag.py:588} INFO - Filling up the DagBag from /home/airflow/.local/lib/python3.12/site-packages/airflow/example_dags/example_branch_labels.py
[2024-11-25T19:27:42.070+0000] {processor.py:925} INFO - DAG(s) 'example_branch_labels' retrieved from /home/airflow/.local/lib/python3.12/site-packages/airflow/example_dags/example_branch_labels.py
[2024-11-25T19:27:42.097+0000] {logging_mixin.py:190} INFO - [2024-11-25T19:27:42.096+0000] {dag.py:3239} INFO - Sync 1 DAGs
[2024-11-25T19:27:42.134+0000] {logging_mixin.py:190} INFO - [2024-11-25T19:27:42.134+0000] {dag.py:4180} INFO - Setting next_dagrun for example_branch_labels to 2024-11-24 00:00:00+00:00, run_after=2024-11-25 00:00:00+00:00
[2024-11-25T19:27:42.226+0000] {processor.py:208} INFO - Processing /home/airflow/.local/lib/python3.12/site-packages/airflow/example_dags/example_branch_labels.py took 0.188 seconds
[2024-11-25T19:28:28.972+0000] {processor.py:186} INFO - Started process (PID=1321) to work on /home/airflow/.local/lib/python3.12/site-packages/airflow/example_dags/example_branch_labels.py
[2024-11-25T19:28:28.973+0000] {processor.py:914} INFO - Processing file /home/airflow/.local/lib/python3.12/site-packages/airflow/example_dags/example_branch_labels.py for tasks to queue
[2024-11-25T19:28:28.975+0000] {logging_mixin.py:190} INFO - [2024-11-25T19:28:28.975+0000] {dagbag.py:588} INFO - Filling up the DagBag from /home/airflow/.local/lib/python3.12/site-packages/airflow/example_dags/example_branch_labels.py
[2024-11-25T19:28:28.992+0000] {processor.py:925} INFO - DAG(s) 'example_branch_labels' retrieved from /home/airflow/.local/lib/python3.12/site-packages/airflow/example_dags/example_branch_labels.py
[2024-11-25T19:28:29.034+0000] {logging_mixin.py:190} INFO - [2024-11-25T19:28:29.034+0000] {dag.py:3239} INFO - Sync 1 DAGs
[2024-11-25T19:28:29.080+0000] {logging_mixin.py:190} INFO - [2024-11-25T19:28:29.080+0000] {dag.py:4180} INFO - Setting next_dagrun for example_branch_labels to 2024-11-24 00:00:00+00:00, run_after=2024-11-25 00:00:00+00:00
[2024-11-25T19:28:29.177+0000] {processor.py:208} INFO - Processing /home/airflow/.local/lib/python3.12/site-packages/airflow/example_dags/example_branch_labels.py took 0.216 seconds
[2024-11-25T19:29:13.006+0000] {processor.py:186} INFO - Started process (PID=1408) to work on /home/airflow/.local/lib/python3.12/site-packages/airflow/example_dags/example_branch_labels.py
[2024-11-25T19:29:13.007+0000] {processor.py:914} INFO - Processing file /home/airflow/.local/lib/python3.12/site-packages/airflow/example_dags/example_branch_labels.py for tasks to queue
[2024-11-25T19:29:13.009+0000] {logging_mixin.py:190} INFO - [2024-11-25T19:29:13.009+0000] {dagbag.py:588} INFO - Filling up the DagBag from /home/airflow/.local/lib/python3.12/site-packages/airflow/example_dags/example_branch_labels.py
[2024-11-25T19:29:13.023+0000] {processor.py:925} INFO - DAG(s) 'example_branch_labels' retrieved from /home/airflow/.local/lib/python3.12/site-packages/airflow/example_dags/example_branch_labels.py
[2024-11-25T19:29:13.053+0000] {logging_mixin.py:190} INFO - [2024-11-25T19:29:13.053+0000] {dag.py:3239} INFO - Sync 1 DAGs
[2024-11-25T19:29:13.089+0000] {logging_mixin.py:190} INFO - [2024-11-25T19:29:13.089+0000] {dag.py:4180} INFO - Setting next_dagrun for example_branch_labels to 2024-11-24 00:00:00+00:00, run_after=2024-11-25 00:00:00+00:00
[2024-11-25T19:29:13.148+0000] {processor.py:208} INFO - Processing /home/airflow/.local/lib/python3.12/site-packages/airflow/example_dags/example_branch_labels.py took 0.149 seconds
[2024-11-25T19:30:37.499+0000] {processor.py:186} INFO - Started process (PID=1495) to work on /home/airflow/.local/lib/python3.12/site-packages/airflow/example_dags/example_branch_labels.py
[2024-11-25T19:30:37.500+0000] {processor.py:914} INFO - Processing file /home/airflow/.local/lib/python3.12/site-packages/airflow/example_dags/example_branch_labels.py for tasks to queue
[2024-11-25T19:30:37.502+0000] {logging_mixin.py:190} INFO - [2024-11-25T19:30:37.501+0000] {dagbag.py:588} INFO - Filling up the DagBag from /home/airflow/.local/lib/python3.12/site-packages/airflow/example_dags/example_branch_labels.py
[2024-11-25T19:30:37.513+0000] {processor.py:925} INFO - DAG(s) 'example_branch_labels' retrieved from /home/airflow/.local/lib/python3.12/site-packages/airflow/example_dags/example_branch_labels.py
[2024-11-25T19:30:37.538+0000] {logging_mixin.py:190} INFO - [2024-11-25T19:30:37.538+0000] {dag.py:3239} INFO - Sync 1 DAGs
[2024-11-25T19:30:37.568+0000] {logging_mixin.py:190} INFO - [2024-11-25T19:30:37.568+0000] {dag.py:4180} INFO - Setting next_dagrun for example_branch_labels to 2024-11-24 00:00:00+00:00, run_after=2024-11-25 00:00:00+00:00
[2024-11-25T19:30:37.629+0000] {processor.py:208} INFO - Processing /home/airflow/.local/lib/python3.12/site-packages/airflow/example_dags/example_branch_labels.py took 0.141 seconds
[2024-11-25T19:31:09.153+0000] {processor.py:186} INFO - Started process (PID=1576) to work on /home/airflow/.local/lib/python3.12/site-packages/airflow/example_dags/example_branch_labels.py
[2024-11-25T19:31:09.154+0000] {processor.py:914} INFO - Processing file /home/airflow/.local/lib/python3.12/site-packages/airflow/example_dags/example_branch_labels.py for tasks to queue
[2024-11-25T19:31:09.156+0000] {logging_mixin.py:190} INFO - [2024-11-25T19:31:09.155+0000] {dagbag.py:588} INFO - Filling up the DagBag from /home/airflow/.local/lib/python3.12/site-packages/airflow/example_dags/example_branch_labels.py
[2024-11-25T19:31:09.167+0000] {processor.py:925} INFO - DAG(s) 'example_branch_labels' retrieved from /home/airflow/.local/lib/python3.12/site-packages/airflow/example_dags/example_branch_labels.py
[2024-11-25T19:31:09.191+0000] {logging_mixin.py:190} INFO - [2024-11-25T19:31:09.191+0000] {dag.py:3239} INFO - Sync 1 DAGs
[2024-11-25T19:31:09.220+0000] {logging_mixin.py:190} INFO - [2024-11-25T19:31:09.219+0000] {dag.py:4180} INFO - Setting next_dagrun for example_branch_labels to 2024-11-24 00:00:00+00:00, run_after=2024-11-25 00:00:00+00:00
[2024-11-25T19:31:09.282+0000] {processor.py:208} INFO - Processing /home/airflow/.local/lib/python3.12/site-packages/airflow/example_dags/example_branch_labels.py took 0.138 seconds
[2024-11-25T19:31:52.908+0000] {processor.py:186} INFO - Started process (PID=1663) to work on /home/airflow/.local/lib/python3.12/site-packages/airflow/example_dags/example_branch_labels.py
[2024-11-25T19:31:52.909+0000] {processor.py:914} INFO - Processing file /home/airflow/.local/lib/python3.12/site-packages/airflow/example_dags/example_branch_labels.py for tasks to queue
[2024-11-25T19:31:52.911+0000] {logging_mixin.py:190} INFO - [2024-11-25T19:31:52.910+0000] {dagbag.py:588} INFO - Filling up the DagBag from /home/airflow/.local/lib/python3.12/site-packages/airflow/example_dags/example_branch_labels.py
[2024-11-25T19:31:52.922+0000] {processor.py:925} INFO - DAG(s) 'example_branch_labels' retrieved from /home/airflow/.local/lib/python3.12/site-packages/airflow/example_dags/example_branch_labels.py
[2024-11-25T19:31:52.953+0000] {logging_mixin.py:190} INFO - [2024-11-25T19:31:52.953+0000] {dag.py:3239} INFO - Sync 1 DAGs
[2024-11-25T19:31:52.993+0000] {logging_mixin.py:190} INFO - [2024-11-25T19:31:52.993+0000] {dag.py:4180} INFO - Setting next_dagrun for example_branch_labels to 2024-11-24 00:00:00+00:00, run_after=2024-11-25 00:00:00+00:00
[2024-11-25T19:31:53.090+0000] {processor.py:208} INFO - Processing /home/airflow/.local/lib/python3.12/site-packages/airflow/example_dags/example_branch_labels.py took 0.188 seconds
[2024-11-25T19:32:54.583+0000] {processor.py:186} INFO - Started process (PID=1751) to work on /home/airflow/.local/lib/python3.12/site-packages/airflow/example_dags/example_branch_labels.py
[2024-11-25T19:32:54.585+0000] {processor.py:914} INFO - Processing file /home/airflow/.local/lib/python3.12/site-packages/airflow/example_dags/example_branch_labels.py for tasks to queue
[2024-11-25T19:32:54.586+0000] {logging_mixin.py:190} INFO - [2024-11-25T19:32:54.586+0000] {dagbag.py:588} INFO - Filling up the DagBag from /home/airflow/.local/lib/python3.12/site-packages/airflow/example_dags/example_branch_labels.py
[2024-11-25T19:32:54.598+0000] {processor.py:925} INFO - DAG(s) 'example_branch_labels' retrieved from /home/airflow/.local/lib/python3.12/site-packages/airflow/example_dags/example_branch_labels.py
[2024-11-25T19:32:54.623+0000] {logging_mixin.py:190} INFO - [2024-11-25T19:32:54.623+0000] {dag.py:3239} INFO - Sync 1 DAGs
[2024-11-25T19:32:54.654+0000] {logging_mixin.py:190} INFO - [2024-11-25T19:32:54.654+0000] {dag.py:4180} INFO - Setting next_dagrun for example_branch_labels to 2024-11-24 00:00:00+00:00, run_after=2024-11-25 00:00:00+00:00
[2024-11-25T19:32:54.766+0000] {processor.py:208} INFO - Processing /home/airflow/.local/lib/python3.12/site-packages/airflow/example_dags/example_branch_labels.py took 0.189 seconds
[2024-11-25T19:33:29.433+0000] {processor.py:186} INFO - Started process (PID=1832) to work on /home/airflow/.local/lib/python3.12/site-packages/airflow/example_dags/example_branch_labels.py
[2024-11-25T19:33:29.434+0000] {processor.py:914} INFO - Processing file /home/airflow/.local/lib/python3.12/site-packages/airflow/example_dags/example_branch_labels.py for tasks to queue
[2024-11-25T19:33:29.436+0000] {logging_mixin.py:190} INFO - [2024-11-25T19:33:29.435+0000] {dagbag.py:588} INFO - Filling up the DagBag from /home/airflow/.local/lib/python3.12/site-packages/airflow/example_dags/example_branch_labels.py
[2024-11-25T19:33:29.447+0000] {processor.py:925} INFO - DAG(s) 'example_branch_labels' retrieved from /home/airflow/.local/lib/python3.12/site-packages/airflow/example_dags/example_branch_labels.py
[2024-11-25T19:33:29.470+0000] {logging_mixin.py:190} INFO - [2024-11-25T19:33:29.470+0000] {dag.py:3239} INFO - Sync 1 DAGs
[2024-11-25T19:33:29.500+0000] {logging_mixin.py:190} INFO - [2024-11-25T19:33:29.500+0000] {dag.py:4180} INFO - Setting next_dagrun for example_branch_labels to 2024-11-24 00:00:00+00:00, run_after=2024-11-25 00:00:00+00:00
[2024-11-25T19:33:29.554+0000] {processor.py:208} INFO - Processing /home/airflow/.local/lib/python3.12/site-packages/airflow/example_dags/example_branch_labels.py took 0.127 seconds
[2024-11-25T19:34:11.583+0000] {processor.py:186} INFO - Started process (PID=1919) to work on /home/airflow/.local/lib/python3.12/site-packages/airflow/example_dags/example_branch_labels.py
[2024-11-25T19:34:11.585+0000] {processor.py:914} INFO - Processing file /home/airflow/.local/lib/python3.12/site-packages/airflow/example_dags/example_branch_labels.py for tasks to queue
[2024-11-25T19:34:11.589+0000] {logging_mixin.py:190} INFO - [2024-11-25T19:34:11.588+0000] {dagbag.py:588} INFO - Filling up the DagBag from /home/airflow/.local/lib/python3.12/site-packages/airflow/example_dags/example_branch_labels.py
[2024-11-25T19:34:11.609+0000] {processor.py:925} INFO - DAG(s) 'example_branch_labels' retrieved from /home/airflow/.local/lib/python3.12/site-packages/airflow/example_dags/example_branch_labels.py
[2024-11-25T19:34:11.640+0000] {logging_mixin.py:190} INFO - [2024-11-25T19:34:11.640+0000] {dag.py:3239} INFO - Sync 1 DAGs
[2024-11-25T19:34:11.671+0000] {logging_mixin.py:190} INFO - [2024-11-25T19:34:11.671+0000] {dag.py:4180} INFO - Setting next_dagrun for example_branch_labels to 2024-11-24 00:00:00+00:00, run_after=2024-11-25 00:00:00+00:00
[2024-11-25T19:34:11.780+0000] {processor.py:208} INFO - Processing /home/airflow/.local/lib/python3.12/site-packages/airflow/example_dags/example_branch_labels.py took 0.211 seconds
[2024-11-25T19:34:52.081+0000] {processor.py:186} INFO - Started process (PID=2000) to work on /home/airflow/.local/lib/python3.12/site-packages/airflow/example_dags/example_branch_labels.py
[2024-11-25T19:34:52.082+0000] {processor.py:914} INFO - Processing file /home/airflow/.local/lib/python3.12/site-packages/airflow/example_dags/example_branch_labels.py for tasks to queue
[2024-11-25T19:34:52.083+0000] {logging_mixin.py:190} INFO - [2024-11-25T19:34:52.083+0000] {dagbag.py:588} INFO - Filling up the DagBag from /home/airflow/.local/lib/python3.12/site-packages/airflow/example_dags/example_branch_labels.py
[2024-11-25T19:34:52.096+0000] {processor.py:925} INFO - DAG(s) 'example_branch_labels' retrieved from /home/airflow/.local/lib/python3.12/site-packages/airflow/example_dags/example_branch_labels.py
[2024-11-25T19:34:52.119+0000] {logging_mixin.py:190} INFO - [2024-11-25T19:34:52.118+0000] {dag.py:3239} INFO - Sync 1 DAGs
[2024-11-25T19:34:52.146+0000] {logging_mixin.py:190} INFO - [2024-11-25T19:34:52.145+0000] {dag.py:4180} INFO - Setting next_dagrun for example_branch_labels to 2024-11-24 00:00:00+00:00, run_after=2024-11-25 00:00:00+00:00
[2024-11-25T19:34:52.208+0000] {processor.py:208} INFO - Processing /home/airflow/.local/lib/python3.12/site-packages/airflow/example_dags/example_branch_labels.py took 0.136 seconds
[2024-11-25T19:35:33.098+0000] {processor.py:186} INFO - Started process (PID=2081) to work on /home/airflow/.local/lib/python3.12/site-packages/airflow/example_dags/example_branch_labels.py
[2024-11-25T19:35:33.099+0000] {processor.py:914} INFO - Processing file /home/airflow/.local/lib/python3.12/site-packages/airflow/example_dags/example_branch_labels.py for tasks to queue
[2024-11-25T19:35:33.101+0000] {logging_mixin.py:190} INFO - [2024-11-25T19:35:33.101+0000] {dagbag.py:588} INFO - Filling up the DagBag from /home/airflow/.local/lib/python3.12/site-packages/airflow/example_dags/example_branch_labels.py
[2024-11-25T19:35:33.111+0000] {processor.py:925} INFO - DAG(s) 'example_branch_labels' retrieved from /home/airflow/.local/lib/python3.12/site-packages/airflow/example_dags/example_branch_labels.py
[2024-11-25T19:35:33.136+0000] {logging_mixin.py:190} INFO - [2024-11-25T19:35:33.136+0000] {dag.py:3239} INFO - Sync 1 DAGs
[2024-11-25T19:35:33.163+0000] {logging_mixin.py:190} INFO - [2024-11-25T19:35:33.162+0000] {dag.py:4180} INFO - Setting next_dagrun for example_branch_labels to 2024-11-24 00:00:00+00:00, run_after=2024-11-25 00:00:00+00:00
[2024-11-25T19:35:33.215+0000] {processor.py:208} INFO - Processing /home/airflow/.local/lib/python3.12/site-packages/airflow/example_dags/example_branch_labels.py took 0.123 seconds
[2024-11-25T19:36:13.824+0000] {processor.py:186} INFO - Started process (PID=2168) to work on /home/airflow/.local/lib/python3.12/site-packages/airflow/example_dags/example_branch_labels.py
[2024-11-25T19:36:13.825+0000] {processor.py:914} INFO - Processing file /home/airflow/.local/lib/python3.12/site-packages/airflow/example_dags/example_branch_labels.py for tasks to queue
[2024-11-25T19:36:13.827+0000] {logging_mixin.py:190} INFO - [2024-11-25T19:36:13.826+0000] {dagbag.py:588} INFO - Filling up the DagBag from /home/airflow/.local/lib/python3.12/site-packages/airflow/example_dags/example_branch_labels.py
[2024-11-25T19:36:13.843+0000] {processor.py:925} INFO - DAG(s) 'example_branch_labels' retrieved from /home/airflow/.local/lib/python3.12/site-packages/airflow/example_dags/example_branch_labels.py
[2024-11-25T19:36:13.872+0000] {logging_mixin.py:190} INFO - [2024-11-25T19:36:13.871+0000] {dag.py:3239} INFO - Sync 1 DAGs
[2024-11-25T19:36:13.906+0000] {logging_mixin.py:190} INFO - [2024-11-25T19:36:13.905+0000] {dag.py:4180} INFO - Setting next_dagrun for example_branch_labels to 2024-11-24 00:00:00+00:00, run_after=2024-11-25 00:00:00+00:00
[2024-11-25T19:36:14.111+0000] {processor.py:208} INFO - Processing /home/airflow/.local/lib/python3.12/site-packages/airflow/example_dags/example_branch_labels.py took 0.294 seconds
[2024-11-25T19:36:54.608+0000] {processor.py:186} INFO - Started process (PID=2249) to work on /home/airflow/.local/lib/python3.12/site-packages/airflow/example_dags/example_branch_labels.py
[2024-11-25T19:36:54.609+0000] {processor.py:914} INFO - Processing file /home/airflow/.local/lib/python3.12/site-packages/airflow/example_dags/example_branch_labels.py for tasks to queue
[2024-11-25T19:36:54.611+0000] {logging_mixin.py:190} INFO - [2024-11-25T19:36:54.610+0000] {dagbag.py:588} INFO - Filling up the DagBag from /home/airflow/.local/lib/python3.12/site-packages/airflow/example_dags/example_branch_labels.py
[2024-11-25T19:36:54.622+0000] {processor.py:925} INFO - DAG(s) 'example_branch_labels' retrieved from /home/airflow/.local/lib/python3.12/site-packages/airflow/example_dags/example_branch_labels.py
[2024-11-25T19:36:54.648+0000] {logging_mixin.py:190} INFO - [2024-11-25T19:36:54.647+0000] {dag.py:3239} INFO - Sync 1 DAGs
[2024-11-25T19:36:54.678+0000] {logging_mixin.py:190} INFO - [2024-11-25T19:36:54.678+0000] {dag.py:4180} INFO - Setting next_dagrun for example_branch_labels to 2024-11-24 00:00:00+00:00, run_after=2024-11-25 00:00:00+00:00
[2024-11-25T19:36:54.738+0000] {processor.py:208} INFO - Processing /home/airflow/.local/lib/python3.12/site-packages/airflow/example_dags/example_branch_labels.py took 0.136 seconds
[2024-11-25T19:37:38.846+0000] {processor.py:186} INFO - Started process (PID=2341) to work on /home/airflow/.local/lib/python3.12/site-packages/airflow/example_dags/example_branch_labels.py
[2024-11-25T19:37:38.848+0000] {processor.py:914} INFO - Processing file /home/airflow/.local/lib/python3.12/site-packages/airflow/example_dags/example_branch_labels.py for tasks to queue
[2024-11-25T19:37:38.851+0000] {logging_mixin.py:190} INFO - [2024-11-25T19:37:38.850+0000] {dagbag.py:588} INFO - Filling up the DagBag from /home/airflow/.local/lib/python3.12/site-packages/airflow/example_dags/example_branch_labels.py
[2024-11-25T19:37:38.865+0000] {processor.py:925} INFO - DAG(s) 'example_branch_labels' retrieved from /home/airflow/.local/lib/python3.12/site-packages/airflow/example_dags/example_branch_labels.py
[2024-11-25T19:37:38.898+0000] {logging_mixin.py:190} INFO - [2024-11-25T19:37:38.897+0000] {dag.py:3239} INFO - Sync 1 DAGs
[2024-11-25T19:37:38.935+0000] {logging_mixin.py:190} INFO - [2024-11-25T19:37:38.934+0000] {dag.py:4180} INFO - Setting next_dagrun for example_branch_labels to 2024-11-24 00:00:00+00:00, run_after=2024-11-25 00:00:00+00:00
[2024-11-25T19:37:39.002+0000] {processor.py:208} INFO - Processing /home/airflow/.local/lib/python3.12/site-packages/airflow/example_dags/example_branch_labels.py took 0.167 seconds
