[2024-11-25T14:09:43.624+0000] {processor.py:186} INFO - Started process (PID=1199) to work on /home/airflow/.local/lib/python3.12/site-packages/airflow/example_dags/example_latest_only.py
[2024-11-25T14:09:43.625+0000] {processor.py:914} INFO - Processing file /home/airflow/.local/lib/python3.12/site-packages/airflow/example_dags/example_latest_only.py for tasks to queue
[2024-11-25T14:09:43.631+0000] {logging_mixin.py:190} INFO - [2024-11-25T14:09:43.631+0000] {dagbag.py:588} INFO - Filling up the DagBag from /home/airflow/.local/lib/python3.12/site-packages/airflow/example_dags/example_latest_only.py
[2024-11-25T14:09:43.645+0000] {processor.py:925} INFO - DAG(s) 'latest_only' retrieved from /home/airflow/.local/lib/python3.12/site-packages/airflow/example_dags/example_latest_only.py
[2024-11-25T14:09:43.679+0000] {logging_mixin.py:190} INFO - [2024-11-25T14:09:43.679+0000] {dag.py:3239} INFO - Sync 1 DAGs
[2024-11-25T14:09:43.724+0000] {logging_mixin.py:190} INFO - [2024-11-25T14:09:43.723+0000] {dag.py:4180} INFO - Setting next_dagrun for latest_only to 2024-11-25 08:00:00+00:00, run_after=2024-11-25 12:00:00+00:00
[2024-11-25T14:09:43.846+0000] {processor.py:208} INFO - Processing /home/airflow/.local/lib/python3.12/site-packages/airflow/example_dags/example_latest_only.py took 0.230 seconds
[2024-11-25T14:11:06.283+0000] {processor.py:186} INFO - Started process (PID=530) to work on /home/airflow/.local/lib/python3.12/site-packages/airflow/example_dags/example_latest_only.py
[2024-11-25T14:11:06.285+0000] {processor.py:914} INFO - Processing file /home/airflow/.local/lib/python3.12/site-packages/airflow/example_dags/example_latest_only.py for tasks to queue
[2024-11-25T14:11:06.288+0000] {logging_mixin.py:190} INFO - [2024-11-25T14:11:06.287+0000] {dagbag.py:588} INFO - Filling up the DagBag from /home/airflow/.local/lib/python3.12/site-packages/airflow/example_dags/example_latest_only.py
[2024-11-25T14:11:06.297+0000] {processor.py:925} INFO - DAG(s) 'latest_only' retrieved from /home/airflow/.local/lib/python3.12/site-packages/airflow/example_dags/example_latest_only.py
[2024-11-25T14:11:06.323+0000] {logging_mixin.py:190} INFO - [2024-11-25T14:11:06.323+0000] {dag.py:3239} INFO - Sync 1 DAGs
[2024-11-25T14:11:06.350+0000] {logging_mixin.py:190} INFO - [2024-11-25T14:11:06.350+0000] {dag.py:4180} INFO - Setting next_dagrun for latest_only to 2024-11-25 08:00:00+00:00, run_after=2024-11-25 12:00:00+00:00
[2024-11-25T14:11:06.412+0000] {processor.py:208} INFO - Processing /home/airflow/.local/lib/python3.12/site-packages/airflow/example_dags/example_latest_only.py took 0.136 seconds
[2024-11-25T14:11:38.990+0000] {processor.py:186} INFO - Started process (PID=602) to work on /home/airflow/.local/lib/python3.12/site-packages/airflow/example_dags/example_latest_only.py
[2024-11-25T14:11:38.992+0000] {processor.py:914} INFO - Processing file /home/airflow/.local/lib/python3.12/site-packages/airflow/example_dags/example_latest_only.py for tasks to queue
[2024-11-25T14:11:38.996+0000] {logging_mixin.py:190} INFO - [2024-11-25T14:11:38.996+0000] {dagbag.py:588} INFO - Filling up the DagBag from /home/airflow/.local/lib/python3.12/site-packages/airflow/example_dags/example_latest_only.py
[2024-11-25T14:11:39.005+0000] {processor.py:925} INFO - DAG(s) 'latest_only' retrieved from /home/airflow/.local/lib/python3.12/site-packages/airflow/example_dags/example_latest_only.py
[2024-11-25T14:11:39.030+0000] {logging_mixin.py:190} INFO - [2024-11-25T14:11:39.030+0000] {dag.py:3239} INFO - Sync 1 DAGs
[2024-11-25T14:11:39.059+0000] {logging_mixin.py:190} INFO - [2024-11-25T14:11:39.058+0000] {dag.py:4180} INFO - Setting next_dagrun for latest_only to 2024-11-25 08:00:00+00:00, run_after=2024-11-25 12:00:00+00:00
[2024-11-25T14:11:39.115+0000] {processor.py:208} INFO - Processing /home/airflow/.local/lib/python3.12/site-packages/airflow/example_dags/example_latest_only.py took 0.132 seconds
[2024-11-25T14:12:09.494+0000] {processor.py:186} INFO - Started process (PID=674) to work on /home/airflow/.local/lib/python3.12/site-packages/airflow/example_dags/example_latest_only.py
[2024-11-25T14:12:09.496+0000] {processor.py:914} INFO - Processing file /home/airflow/.local/lib/python3.12/site-packages/airflow/example_dags/example_latest_only.py for tasks to queue
[2024-11-25T14:12:09.499+0000] {logging_mixin.py:190} INFO - [2024-11-25T14:12:09.499+0000] {dagbag.py:588} INFO - Filling up the DagBag from /home/airflow/.local/lib/python3.12/site-packages/airflow/example_dags/example_latest_only.py
[2024-11-25T14:12:09.509+0000] {processor.py:925} INFO - DAG(s) 'latest_only' retrieved from /home/airflow/.local/lib/python3.12/site-packages/airflow/example_dags/example_latest_only.py
[2024-11-25T14:12:09.534+0000] {logging_mixin.py:190} INFO - [2024-11-25T14:12:09.533+0000] {dag.py:3239} INFO - Sync 1 DAGs
[2024-11-25T14:12:09.562+0000] {logging_mixin.py:190} INFO - [2024-11-25T14:12:09.561+0000] {dag.py:4180} INFO - Setting next_dagrun for latest_only to 2024-11-25 08:00:00+00:00, run_after=2024-11-25 12:00:00+00:00
[2024-11-25T14:12:09.613+0000] {processor.py:208} INFO - Processing /home/airflow/.local/lib/python3.12/site-packages/airflow/example_dags/example_latest_only.py took 0.126 seconds
[2024-11-25T14:12:40.831+0000] {processor.py:186} INFO - Started process (PID=746) to work on /home/airflow/.local/lib/python3.12/site-packages/airflow/example_dags/example_latest_only.py
[2024-11-25T14:12:40.833+0000] {processor.py:914} INFO - Processing file /home/airflow/.local/lib/python3.12/site-packages/airflow/example_dags/example_latest_only.py for tasks to queue
[2024-11-25T14:12:40.835+0000] {logging_mixin.py:190} INFO - [2024-11-25T14:12:40.835+0000] {dagbag.py:588} INFO - Filling up the DagBag from /home/airflow/.local/lib/python3.12/site-packages/airflow/example_dags/example_latest_only.py
[2024-11-25T14:12:40.843+0000] {processor.py:925} INFO - DAG(s) 'latest_only' retrieved from /home/airflow/.local/lib/python3.12/site-packages/airflow/example_dags/example_latest_only.py
[2024-11-25T14:12:40.867+0000] {logging_mixin.py:190} INFO - [2024-11-25T14:12:40.867+0000] {dag.py:3239} INFO - Sync 1 DAGs
[2024-11-25T14:12:40.893+0000] {logging_mixin.py:190} INFO - [2024-11-25T14:12:40.893+0000] {dag.py:4180} INFO - Setting next_dagrun for latest_only to 2024-11-25 08:00:00+00:00, run_after=2024-11-25 12:00:00+00:00
[2024-11-25T14:12:40.953+0000] {processor.py:208} INFO - Processing /home/airflow/.local/lib/python3.12/site-packages/airflow/example_dags/example_latest_only.py took 0.127 seconds
[2024-11-25T14:13:11.332+0000] {processor.py:186} INFO - Started process (PID=818) to work on /home/airflow/.local/lib/python3.12/site-packages/airflow/example_dags/example_latest_only.py
[2024-11-25T14:13:11.334+0000] {processor.py:914} INFO - Processing file /home/airflow/.local/lib/python3.12/site-packages/airflow/example_dags/example_latest_only.py for tasks to queue
[2024-11-25T14:13:11.337+0000] {logging_mixin.py:190} INFO - [2024-11-25T14:13:11.337+0000] {dagbag.py:588} INFO - Filling up the DagBag from /home/airflow/.local/lib/python3.12/site-packages/airflow/example_dags/example_latest_only.py
[2024-11-25T14:13:11.348+0000] {processor.py:925} INFO - DAG(s) 'latest_only' retrieved from /home/airflow/.local/lib/python3.12/site-packages/airflow/example_dags/example_latest_only.py
[2024-11-25T14:13:11.377+0000] {logging_mixin.py:190} INFO - [2024-11-25T14:13:11.377+0000] {dag.py:3239} INFO - Sync 1 DAGs
[2024-11-25T14:13:11.404+0000] {logging_mixin.py:190} INFO - [2024-11-25T14:13:11.404+0000] {dag.py:4180} INFO - Setting next_dagrun for latest_only to 2024-11-25 08:00:00+00:00, run_after=2024-11-25 12:00:00+00:00
[2024-11-25T14:13:11.466+0000] {processor.py:208} INFO - Processing /home/airflow/.local/lib/python3.12/site-packages/airflow/example_dags/example_latest_only.py took 0.140 seconds
[2024-11-25T14:13:41.931+0000] {processor.py:186} INFO - Started process (PID=889) to work on /home/airflow/.local/lib/python3.12/site-packages/airflow/example_dags/example_latest_only.py
[2024-11-25T14:13:41.932+0000] {processor.py:914} INFO - Processing file /home/airflow/.local/lib/python3.12/site-packages/airflow/example_dags/example_latest_only.py for tasks to queue
[2024-11-25T14:13:41.935+0000] {logging_mixin.py:190} INFO - [2024-11-25T14:13:41.935+0000] {dagbag.py:588} INFO - Filling up the DagBag from /home/airflow/.local/lib/python3.12/site-packages/airflow/example_dags/example_latest_only.py
[2024-11-25T14:13:41.944+0000] {processor.py:925} INFO - DAG(s) 'latest_only' retrieved from /home/airflow/.local/lib/python3.12/site-packages/airflow/example_dags/example_latest_only.py
[2024-11-25T14:13:41.966+0000] {logging_mixin.py:190} INFO - [2024-11-25T14:13:41.966+0000] {dag.py:3239} INFO - Sync 1 DAGs
[2024-11-25T14:13:41.992+0000] {logging_mixin.py:190} INFO - [2024-11-25T14:13:41.992+0000] {dag.py:4180} INFO - Setting next_dagrun for latest_only to 2024-11-25 08:00:00+00:00, run_after=2024-11-25 12:00:00+00:00
[2024-11-25T14:13:42.271+0000] {processor.py:208} INFO - Processing /home/airflow/.local/lib/python3.12/site-packages/airflow/example_dags/example_latest_only.py took 0.346 seconds
[2024-11-25T14:14:13.438+0000] {processor.py:186} INFO - Started process (PID=961) to work on /home/airflow/.local/lib/python3.12/site-packages/airflow/example_dags/example_latest_only.py
[2024-11-25T14:14:13.440+0000] {processor.py:914} INFO - Processing file /home/airflow/.local/lib/python3.12/site-packages/airflow/example_dags/example_latest_only.py for tasks to queue
[2024-11-25T14:14:13.443+0000] {logging_mixin.py:190} INFO - [2024-11-25T14:14:13.442+0000] {dagbag.py:588} INFO - Filling up the DagBag from /home/airflow/.local/lib/python3.12/site-packages/airflow/example_dags/example_latest_only.py
[2024-11-25T14:14:13.452+0000] {processor.py:925} INFO - DAG(s) 'latest_only' retrieved from /home/airflow/.local/lib/python3.12/site-packages/airflow/example_dags/example_latest_only.py
[2024-11-25T14:14:13.478+0000] {logging_mixin.py:190} INFO - [2024-11-25T14:14:13.477+0000] {dag.py:3239} INFO - Sync 1 DAGs
[2024-11-25T14:14:13.507+0000] {logging_mixin.py:190} INFO - [2024-11-25T14:14:13.507+0000] {dag.py:4180} INFO - Setting next_dagrun for latest_only to 2024-11-25 08:00:00+00:00, run_after=2024-11-25 12:00:00+00:00
[2024-11-25T14:14:13.562+0000] {processor.py:208} INFO - Processing /home/airflow/.local/lib/python3.12/site-packages/airflow/example_dags/example_latest_only.py took 0.130 seconds
[2024-11-25T14:14:46.343+0000] {processor.py:186} INFO - Started process (PID=1034) to work on /home/airflow/.local/lib/python3.12/site-packages/airflow/example_dags/example_latest_only.py
[2024-11-25T14:14:46.345+0000] {processor.py:914} INFO - Processing file /home/airflow/.local/lib/python3.12/site-packages/airflow/example_dags/example_latest_only.py for tasks to queue
[2024-11-25T14:14:46.349+0000] {logging_mixin.py:190} INFO - [2024-11-25T14:14:46.348+0000] {dagbag.py:588} INFO - Filling up the DagBag from /home/airflow/.local/lib/python3.12/site-packages/airflow/example_dags/example_latest_only.py
[2024-11-25T14:14:46.360+0000] {processor.py:925} INFO - DAG(s) 'latest_only' retrieved from /home/airflow/.local/lib/python3.12/site-packages/airflow/example_dags/example_latest_only.py
[2024-11-25T14:14:46.390+0000] {logging_mixin.py:190} INFO - [2024-11-25T14:14:46.390+0000] {dag.py:3239} INFO - Sync 1 DAGs
[2024-11-25T14:14:46.438+0000] {logging_mixin.py:190} INFO - [2024-11-25T14:14:46.437+0000] {dag.py:4180} INFO - Setting next_dagrun for latest_only to 2024-11-25 08:00:00+00:00, run_after=2024-11-25 12:00:00+00:00
[2024-11-25T14:14:46.520+0000] {processor.py:208} INFO - Processing /home/airflow/.local/lib/python3.12/site-packages/airflow/example_dags/example_latest_only.py took 0.187 seconds
[2024-11-25T14:15:16.698+0000] {processor.py:186} INFO - Started process (PID=1105) to work on /home/airflow/.local/lib/python3.12/site-packages/airflow/example_dags/example_latest_only.py
[2024-11-25T14:15:16.700+0000] {processor.py:914} INFO - Processing file /home/airflow/.local/lib/python3.12/site-packages/airflow/example_dags/example_latest_only.py for tasks to queue
[2024-11-25T14:15:16.703+0000] {logging_mixin.py:190} INFO - [2024-11-25T14:15:16.702+0000] {dagbag.py:588} INFO - Filling up the DagBag from /home/airflow/.local/lib/python3.12/site-packages/airflow/example_dags/example_latest_only.py
[2024-11-25T14:15:16.718+0000] {processor.py:925} INFO - DAG(s) 'latest_only' retrieved from /home/airflow/.local/lib/python3.12/site-packages/airflow/example_dags/example_latest_only.py
[2024-11-25T14:15:16.741+0000] {logging_mixin.py:190} INFO - [2024-11-25T14:15:16.741+0000] {dag.py:3239} INFO - Sync 1 DAGs
[2024-11-25T14:15:16.771+0000] {logging_mixin.py:190} INFO - [2024-11-25T14:15:16.771+0000] {dag.py:4180} INFO - Setting next_dagrun for latest_only to 2024-11-25 08:00:00+00:00, run_after=2024-11-25 12:00:00+00:00
[2024-11-25T14:15:16.858+0000] {processor.py:208} INFO - Processing /home/airflow/.local/lib/python3.12/site-packages/airflow/example_dags/example_latest_only.py took 0.166 seconds
[2024-11-25T14:15:47.570+0000] {processor.py:186} INFO - Started process (PID=1177) to work on /home/airflow/.local/lib/python3.12/site-packages/airflow/example_dags/example_latest_only.py
[2024-11-25T14:15:47.571+0000] {processor.py:914} INFO - Processing file /home/airflow/.local/lib/python3.12/site-packages/airflow/example_dags/example_latest_only.py for tasks to queue
[2024-11-25T14:15:47.574+0000] {logging_mixin.py:190} INFO - [2024-11-25T14:15:47.574+0000] {dagbag.py:588} INFO - Filling up the DagBag from /home/airflow/.local/lib/python3.12/site-packages/airflow/example_dags/example_latest_only.py
[2024-11-25T14:15:47.583+0000] {processor.py:925} INFO - DAG(s) 'latest_only' retrieved from /home/airflow/.local/lib/python3.12/site-packages/airflow/example_dags/example_latest_only.py
[2024-11-25T14:15:47.607+0000] {logging_mixin.py:190} INFO - [2024-11-25T14:15:47.607+0000] {dag.py:3239} INFO - Sync 1 DAGs
[2024-11-25T14:15:47.638+0000] {logging_mixin.py:190} INFO - [2024-11-25T14:15:47.637+0000] {dag.py:4180} INFO - Setting next_dagrun for latest_only to 2024-11-25 08:00:00+00:00, run_after=2024-11-25 12:00:00+00:00
[2024-11-25T14:15:47.693+0000] {processor.py:208} INFO - Processing /home/airflow/.local/lib/python3.12/site-packages/airflow/example_dags/example_latest_only.py took 0.130 seconds
[2024-11-25T14:16:19.709+0000] {processor.py:186} INFO - Started process (PID=1249) to work on /home/airflow/.local/lib/python3.12/site-packages/airflow/example_dags/example_latest_only.py
[2024-11-25T14:16:19.710+0000] {processor.py:914} INFO - Processing file /home/airflow/.local/lib/python3.12/site-packages/airflow/example_dags/example_latest_only.py for tasks to queue
[2024-11-25T14:16:19.713+0000] {logging_mixin.py:190} INFO - [2024-11-25T14:16:19.713+0000] {dagbag.py:588} INFO - Filling up the DagBag from /home/airflow/.local/lib/python3.12/site-packages/airflow/example_dags/example_latest_only.py
[2024-11-25T14:16:19.724+0000] {processor.py:925} INFO - DAG(s) 'latest_only' retrieved from /home/airflow/.local/lib/python3.12/site-packages/airflow/example_dags/example_latest_only.py
[2024-11-25T14:16:19.748+0000] {logging_mixin.py:190} INFO - [2024-11-25T14:16:19.748+0000] {dag.py:3239} INFO - Sync 1 DAGs
[2024-11-25T14:16:19.778+0000] {logging_mixin.py:190} INFO - [2024-11-25T14:16:19.778+0000] {dag.py:4180} INFO - Setting next_dagrun for latest_only to 2024-11-25 08:00:00+00:00, run_after=2024-11-25 12:00:00+00:00
[2024-11-25T14:16:20.080+0000] {processor.py:208} INFO - Processing /home/airflow/.local/lib/python3.12/site-packages/airflow/example_dags/example_latest_only.py took 0.380 seconds
[2024-11-25T14:16:51.717+0000] {processor.py:186} INFO - Started process (PID=1321) to work on /home/airflow/.local/lib/python3.12/site-packages/airflow/example_dags/example_latest_only.py
[2024-11-25T14:16:51.719+0000] {processor.py:914} INFO - Processing file /home/airflow/.local/lib/python3.12/site-packages/airflow/example_dags/example_latest_only.py for tasks to queue
[2024-11-25T14:16:51.723+0000] {logging_mixin.py:190} INFO - [2024-11-25T14:16:51.723+0000] {dagbag.py:588} INFO - Filling up the DagBag from /home/airflow/.local/lib/python3.12/site-packages/airflow/example_dags/example_latest_only.py
[2024-11-25T14:16:51.744+0000] {processor.py:925} INFO - DAG(s) 'latest_only' retrieved from /home/airflow/.local/lib/python3.12/site-packages/airflow/example_dags/example_latest_only.py
[2024-11-25T14:16:51.799+0000] {logging_mixin.py:190} INFO - [2024-11-25T14:16:51.798+0000] {dag.py:3239} INFO - Sync 1 DAGs
[2024-11-25T14:16:51.844+0000] {logging_mixin.py:190} INFO - [2024-11-25T14:16:51.844+0000] {dag.py:4180} INFO - Setting next_dagrun for latest_only to 2024-11-25 08:00:00+00:00, run_after=2024-11-25 12:00:00+00:00
[2024-11-25T14:16:51.900+0000] {processor.py:208} INFO - Processing /home/airflow/.local/lib/python3.12/site-packages/airflow/example_dags/example_latest_only.py took 0.199 seconds
[2024-11-25T14:17:22.573+0000] {processor.py:186} INFO - Started process (PID=1393) to work on /home/airflow/.local/lib/python3.12/site-packages/airflow/example_dags/example_latest_only.py
[2024-11-25T14:17:22.574+0000] {processor.py:914} INFO - Processing file /home/airflow/.local/lib/python3.12/site-packages/airflow/example_dags/example_latest_only.py for tasks to queue
[2024-11-25T14:17:22.577+0000] {logging_mixin.py:190} INFO - [2024-11-25T14:17:22.577+0000] {dagbag.py:588} INFO - Filling up the DagBag from /home/airflow/.local/lib/python3.12/site-packages/airflow/example_dags/example_latest_only.py
[2024-11-25T14:17:22.587+0000] {processor.py:925} INFO - DAG(s) 'latest_only' retrieved from /home/airflow/.local/lib/python3.12/site-packages/airflow/example_dags/example_latest_only.py
[2024-11-25T14:17:22.611+0000] {logging_mixin.py:190} INFO - [2024-11-25T14:17:22.611+0000] {dag.py:3239} INFO - Sync 1 DAGs
[2024-11-25T14:17:22.641+0000] {logging_mixin.py:190} INFO - [2024-11-25T14:17:22.641+0000] {dag.py:4180} INFO - Setting next_dagrun for latest_only to 2024-11-25 08:00:00+00:00, run_after=2024-11-25 12:00:00+00:00
[2024-11-25T14:17:22.709+0000] {processor.py:208} INFO - Processing /home/airflow/.local/lib/python3.12/site-packages/airflow/example_dags/example_latest_only.py took 0.142 seconds
[2024-11-25T14:17:53.088+0000] {processor.py:186} INFO - Started process (PID=1457) to work on /home/airflow/.local/lib/python3.12/site-packages/airflow/example_dags/example_latest_only.py
[2024-11-25T14:17:53.090+0000] {processor.py:914} INFO - Processing file /home/airflow/.local/lib/python3.12/site-packages/airflow/example_dags/example_latest_only.py for tasks to queue
[2024-11-25T14:17:53.094+0000] {logging_mixin.py:190} INFO - [2024-11-25T14:17:53.093+0000] {dagbag.py:588} INFO - Filling up the DagBag from /home/airflow/.local/lib/python3.12/site-packages/airflow/example_dags/example_latest_only.py
[2024-11-25T14:17:53.111+0000] {processor.py:925} INFO - DAG(s) 'latest_only' retrieved from /home/airflow/.local/lib/python3.12/site-packages/airflow/example_dags/example_latest_only.py
[2024-11-25T14:17:53.148+0000] {logging_mixin.py:190} INFO - [2024-11-25T14:17:53.148+0000] {dag.py:3239} INFO - Sync 1 DAGs
[2024-11-25T14:17:53.197+0000] {logging_mixin.py:190} INFO - [2024-11-25T14:17:53.196+0000] {dag.py:4180} INFO - Setting next_dagrun for latest_only to 2024-11-25 08:00:00+00:00, run_after=2024-11-25 12:00:00+00:00
[2024-11-25T14:17:53.257+0000] {processor.py:208} INFO - Processing /home/airflow/.local/lib/python3.12/site-packages/airflow/example_dags/example_latest_only.py took 0.180 seconds
[2024-11-25T14:18:24.985+0000] {processor.py:186} INFO - Started process (PID=1529) to work on /home/airflow/.local/lib/python3.12/site-packages/airflow/example_dags/example_latest_only.py
[2024-11-25T14:18:24.987+0000] {processor.py:914} INFO - Processing file /home/airflow/.local/lib/python3.12/site-packages/airflow/example_dags/example_latest_only.py for tasks to queue
[2024-11-25T14:18:24.990+0000] {logging_mixin.py:190} INFO - [2024-11-25T14:18:24.990+0000] {dagbag.py:588} INFO - Filling up the DagBag from /home/airflow/.local/lib/python3.12/site-packages/airflow/example_dags/example_latest_only.py
[2024-11-25T14:18:24.999+0000] {processor.py:925} INFO - DAG(s) 'latest_only' retrieved from /home/airflow/.local/lib/python3.12/site-packages/airflow/example_dags/example_latest_only.py
[2024-11-25T14:18:25.032+0000] {logging_mixin.py:190} INFO - [2024-11-25T14:18:25.031+0000] {dag.py:3239} INFO - Sync 1 DAGs
[2024-11-25T14:18:25.072+0000] {logging_mixin.py:190} INFO - [2024-11-25T14:18:25.072+0000] {dag.py:4180} INFO - Setting next_dagrun for latest_only to 2024-11-25 08:00:00+00:00, run_after=2024-11-25 12:00:00+00:00
[2024-11-25T14:18:25.139+0000] {processor.py:208} INFO - Processing /home/airflow/.local/lib/python3.12/site-packages/airflow/example_dags/example_latest_only.py took 0.160 seconds
[2024-11-25T14:18:56.334+0000] {processor.py:186} INFO - Started process (PID=1601) to work on /home/airflow/.local/lib/python3.12/site-packages/airflow/example_dags/example_latest_only.py
[2024-11-25T14:18:56.335+0000] {processor.py:914} INFO - Processing file /home/airflow/.local/lib/python3.12/site-packages/airflow/example_dags/example_latest_only.py for tasks to queue
[2024-11-25T14:18:56.339+0000] {logging_mixin.py:190} INFO - [2024-11-25T14:18:56.338+0000] {dagbag.py:588} INFO - Filling up the DagBag from /home/airflow/.local/lib/python3.12/site-packages/airflow/example_dags/example_latest_only.py
[2024-11-25T14:18:56.349+0000] {processor.py:925} INFO - DAG(s) 'latest_only' retrieved from /home/airflow/.local/lib/python3.12/site-packages/airflow/example_dags/example_latest_only.py
[2024-11-25T14:18:56.555+0000] {logging_mixin.py:190} INFO - [2024-11-25T14:18:56.555+0000] {dag.py:3239} INFO - Sync 1 DAGs
[2024-11-25T14:18:56.608+0000] {logging_mixin.py:190} INFO - [2024-11-25T14:18:56.607+0000] {dag.py:4180} INFO - Setting next_dagrun for latest_only to 2024-11-25 08:00:00+00:00, run_after=2024-11-25 12:00:00+00:00
[2024-11-25T14:18:56.668+0000] {processor.py:208} INFO - Processing /home/airflow/.local/lib/python3.12/site-packages/airflow/example_dags/example_latest_only.py took 0.340 seconds
[2024-11-25T14:50:07.458+0000] {processor.py:186} INFO - Started process (PID=1356) to work on /home/airflow/.local/lib/python3.12/site-packages/airflow/example_dags/example_latest_only.py
[2024-11-25T14:50:07.479+0000] {processor.py:914} INFO - Processing file /home/airflow/.local/lib/python3.12/site-packages/airflow/example_dags/example_latest_only.py for tasks to queue
[2024-11-25T14:50:07.480+0000] {logging_mixin.py:190} INFO - [2024-11-25T14:50:07.480+0000] {dagbag.py:588} INFO - Filling up the DagBag from /home/airflow/.local/lib/python3.12/site-packages/airflow/example_dags/example_latest_only.py
[2024-11-25T14:50:07.491+0000] {processor.py:925} INFO - DAG(s) 'latest_only' retrieved from /home/airflow/.local/lib/python3.12/site-packages/airflow/example_dags/example_latest_only.py
[2024-11-25T14:50:07.512+0000] {logging_mixin.py:190} INFO - [2024-11-25T14:50:07.512+0000] {dag.py:3239} INFO - Sync 1 DAGs
[2024-11-25T14:50:07.536+0000] {logging_mixin.py:190} INFO - [2024-11-25T14:50:07.536+0000] {dag.py:4180} INFO - Setting next_dagrun for latest_only to 2024-11-25 08:00:00+00:00, run_after=2024-11-25 12:00:00+00:00
[2024-11-25T14:50:07.603+0000] {processor.py:208} INFO - Processing /home/airflow/.local/lib/python3.12/site-packages/airflow/example_dags/example_latest_only.py took 0.156 seconds
[2024-11-25T14:50:40.015+0000] {processor.py:186} INFO - Started process (PID=1434) to work on /home/airflow/.local/lib/python3.12/site-packages/airflow/example_dags/example_latest_only.py
[2024-11-25T14:50:40.016+0000] {processor.py:914} INFO - Processing file /home/airflow/.local/lib/python3.12/site-packages/airflow/example_dags/example_latest_only.py for tasks to queue
[2024-11-25T14:50:40.018+0000] {logging_mixin.py:190} INFO - [2024-11-25T14:50:40.018+0000] {dagbag.py:588} INFO - Filling up the DagBag from /home/airflow/.local/lib/python3.12/site-packages/airflow/example_dags/example_latest_only.py
[2024-11-25T14:50:40.028+0000] {processor.py:925} INFO - DAG(s) 'latest_only' retrieved from /home/airflow/.local/lib/python3.12/site-packages/airflow/example_dags/example_latest_only.py
[2024-11-25T14:50:40.051+0000] {logging_mixin.py:190} INFO - [2024-11-25T14:50:40.050+0000] {dag.py:3239} INFO - Sync 1 DAGs
[2024-11-25T14:50:40.078+0000] {logging_mixin.py:190} INFO - [2024-11-25T14:50:40.078+0000] {dag.py:4180} INFO - Setting next_dagrun for latest_only to 2024-11-25 08:00:00+00:00, run_after=2024-11-25 12:00:00+00:00
[2024-11-25T14:50:40.176+0000] {processor.py:208} INFO - Processing /home/airflow/.local/lib/python3.12/site-packages/airflow/example_dags/example_latest_only.py took 0.168 seconds
[2024-11-25T14:51:10.501+0000] {processor.py:186} INFO - Started process (PID=1513) to work on /home/airflow/.local/lib/python3.12/site-packages/airflow/example_dags/example_latest_only.py
[2024-11-25T14:51:10.503+0000] {processor.py:914} INFO - Processing file /home/airflow/.local/lib/python3.12/site-packages/airflow/example_dags/example_latest_only.py for tasks to queue
[2024-11-25T14:51:10.505+0000] {logging_mixin.py:190} INFO - [2024-11-25T14:51:10.504+0000] {dagbag.py:588} INFO - Filling up the DagBag from /home/airflow/.local/lib/python3.12/site-packages/airflow/example_dags/example_latest_only.py
[2024-11-25T14:51:10.514+0000] {processor.py:925} INFO - DAG(s) 'latest_only' retrieved from /home/airflow/.local/lib/python3.12/site-packages/airflow/example_dags/example_latest_only.py
[2024-11-25T14:51:10.539+0000] {logging_mixin.py:190} INFO - [2024-11-25T14:51:10.539+0000] {dag.py:3239} INFO - Sync 1 DAGs
[2024-11-25T14:51:10.568+0000] {logging_mixin.py:190} INFO - [2024-11-25T14:51:10.567+0000] {dag.py:4180} INFO - Setting next_dagrun for latest_only to 2024-11-25 08:00:00+00:00, run_after=2024-11-25 12:00:00+00:00
[2024-11-25T14:51:10.625+0000] {processor.py:208} INFO - Processing /home/airflow/.local/lib/python3.12/site-packages/airflow/example_dags/example_latest_only.py took 0.131 seconds
[2024-11-25T14:51:44.382+0000] {processor.py:186} INFO - Started process (PID=1593) to work on /home/airflow/.local/lib/python3.12/site-packages/airflow/example_dags/example_latest_only.py
[2024-11-25T14:51:44.383+0000] {processor.py:914} INFO - Processing file /home/airflow/.local/lib/python3.12/site-packages/airflow/example_dags/example_latest_only.py for tasks to queue
[2024-11-25T14:51:44.385+0000] {logging_mixin.py:190} INFO - [2024-11-25T14:51:44.384+0000] {dagbag.py:588} INFO - Filling up the DagBag from /home/airflow/.local/lib/python3.12/site-packages/airflow/example_dags/example_latest_only.py
[2024-11-25T14:51:44.393+0000] {processor.py:925} INFO - DAG(s) 'latest_only' retrieved from /home/airflow/.local/lib/python3.12/site-packages/airflow/example_dags/example_latest_only.py
[2024-11-25T14:51:44.415+0000] {logging_mixin.py:190} INFO - [2024-11-25T14:51:44.415+0000] {dag.py:3239} INFO - Sync 1 DAGs
[2024-11-25T14:51:44.441+0000] {logging_mixin.py:190} INFO - [2024-11-25T14:51:44.441+0000] {dag.py:4180} INFO - Setting next_dagrun for latest_only to 2024-11-25 08:00:00+00:00, run_after=2024-11-25 12:00:00+00:00
[2024-11-25T14:51:44.642+0000] {processor.py:208} INFO - Processing /home/airflow/.local/lib/python3.12/site-packages/airflow/example_dags/example_latest_only.py took 0.266 seconds
[2024-11-25T14:52:15.664+0000] {processor.py:186} INFO - Started process (PID=1664) to work on /home/airflow/.local/lib/python3.12/site-packages/airflow/example_dags/example_latest_only.py
[2024-11-25T14:52:15.665+0000] {processor.py:914} INFO - Processing file /home/airflow/.local/lib/python3.12/site-packages/airflow/example_dags/example_latest_only.py for tasks to queue
[2024-11-25T14:52:15.667+0000] {logging_mixin.py:190} INFO - [2024-11-25T14:52:15.666+0000] {dagbag.py:588} INFO - Filling up the DagBag from /home/airflow/.local/lib/python3.12/site-packages/airflow/example_dags/example_latest_only.py
[2024-11-25T14:52:15.676+0000] {processor.py:925} INFO - DAG(s) 'latest_only' retrieved from /home/airflow/.local/lib/python3.12/site-packages/airflow/example_dags/example_latest_only.py
[2024-11-25T14:52:15.698+0000] {logging_mixin.py:190} INFO - [2024-11-25T14:52:15.697+0000] {dag.py:3239} INFO - Sync 1 DAGs
[2024-11-25T14:52:15.726+0000] {logging_mixin.py:190} INFO - [2024-11-25T14:52:15.725+0000] {dag.py:4180} INFO - Setting next_dagrun for latest_only to 2024-11-25 08:00:00+00:00, run_after=2024-11-25 12:00:00+00:00
[2024-11-25T14:52:15.788+0000] {processor.py:208} INFO - Processing /home/airflow/.local/lib/python3.12/site-packages/airflow/example_dags/example_latest_only.py took 0.130 seconds
[2024-11-25T14:52:46.994+0000] {processor.py:186} INFO - Started process (PID=1744) to work on /home/airflow/.local/lib/python3.12/site-packages/airflow/example_dags/example_latest_only.py
[2024-11-25T14:52:46.995+0000] {processor.py:914} INFO - Processing file /home/airflow/.local/lib/python3.12/site-packages/airflow/example_dags/example_latest_only.py for tasks to queue
[2024-11-25T14:52:46.997+0000] {logging_mixin.py:190} INFO - [2024-11-25T14:52:46.996+0000] {dagbag.py:588} INFO - Filling up the DagBag from /home/airflow/.local/lib/python3.12/site-packages/airflow/example_dags/example_latest_only.py
[2024-11-25T14:52:47.006+0000] {processor.py:925} INFO - DAG(s) 'latest_only' retrieved from /home/airflow/.local/lib/python3.12/site-packages/airflow/example_dags/example_latest_only.py
[2024-11-25T14:52:47.027+0000] {logging_mixin.py:190} INFO - [2024-11-25T14:52:47.027+0000] {dag.py:3239} INFO - Sync 1 DAGs
[2024-11-25T14:52:47.054+0000] {logging_mixin.py:190} INFO - [2024-11-25T14:52:47.054+0000] {dag.py:4180} INFO - Setting next_dagrun for latest_only to 2024-11-25 08:00:00+00:00, run_after=2024-11-25 12:00:00+00:00
[2024-11-25T14:52:47.114+0000] {processor.py:208} INFO - Processing /home/airflow/.local/lib/python3.12/site-packages/airflow/example_dags/example_latest_only.py took 0.126 seconds
[2024-11-25T14:53:18.952+0000] {processor.py:186} INFO - Started process (PID=1826) to work on /home/airflow/.local/lib/python3.12/site-packages/airflow/example_dags/example_latest_only.py
[2024-11-25T14:53:18.953+0000] {processor.py:914} INFO - Processing file /home/airflow/.local/lib/python3.12/site-packages/airflow/example_dags/example_latest_only.py for tasks to queue
[2024-11-25T14:53:18.955+0000] {logging_mixin.py:190} INFO - [2024-11-25T14:53:18.955+0000] {dagbag.py:588} INFO - Filling up the DagBag from /home/airflow/.local/lib/python3.12/site-packages/airflow/example_dags/example_latest_only.py
[2024-11-25T14:53:18.965+0000] {processor.py:925} INFO - DAG(s) 'latest_only' retrieved from /home/airflow/.local/lib/python3.12/site-packages/airflow/example_dags/example_latest_only.py
[2024-11-25T14:53:18.988+0000] {logging_mixin.py:190} INFO - [2024-11-25T14:53:18.988+0000] {dag.py:3239} INFO - Sync 1 DAGs
[2024-11-25T14:53:19.014+0000] {logging_mixin.py:190} INFO - [2024-11-25T14:53:19.014+0000] {dag.py:4180} INFO - Setting next_dagrun for latest_only to 2024-11-25 08:00:00+00:00, run_after=2024-11-25 12:00:00+00:00
[2024-11-25T14:53:19.067+0000] {processor.py:208} INFO - Processing /home/airflow/.local/lib/python3.12/site-packages/airflow/example_dags/example_latest_only.py took 0.122 seconds
[2024-11-25T14:53:50.469+0000] {processor.py:186} INFO - Started process (PID=1907) to work on /home/airflow/.local/lib/python3.12/site-packages/airflow/example_dags/example_latest_only.py
[2024-11-25T14:53:50.470+0000] {processor.py:914} INFO - Processing file /home/airflow/.local/lib/python3.12/site-packages/airflow/example_dags/example_latest_only.py for tasks to queue
[2024-11-25T14:53:50.472+0000] {logging_mixin.py:190} INFO - [2024-11-25T14:53:50.471+0000] {dagbag.py:588} INFO - Filling up the DagBag from /home/airflow/.local/lib/python3.12/site-packages/airflow/example_dags/example_latest_only.py
[2024-11-25T14:53:50.481+0000] {processor.py:925} INFO - DAG(s) 'latest_only' retrieved from /home/airflow/.local/lib/python3.12/site-packages/airflow/example_dags/example_latest_only.py
[2024-11-25T14:53:50.504+0000] {logging_mixin.py:190} INFO - [2024-11-25T14:53:50.504+0000] {dag.py:3239} INFO - Sync 1 DAGs
[2024-11-25T14:53:50.529+0000] {logging_mixin.py:190} INFO - [2024-11-25T14:53:50.529+0000] {dag.py:4180} INFO - Setting next_dagrun for latest_only to 2024-11-25 08:00:00+00:00, run_after=2024-11-25 12:00:00+00:00
[2024-11-25T14:53:50.586+0000] {processor.py:208} INFO - Processing /home/airflow/.local/lib/python3.12/site-packages/airflow/example_dags/example_latest_only.py took 0.124 seconds
[2024-11-25T14:54:22.227+0000] {processor.py:186} INFO - Started process (PID=1987) to work on /home/airflow/.local/lib/python3.12/site-packages/airflow/example_dags/example_latest_only.py
[2024-11-25T14:54:22.229+0000] {processor.py:914} INFO - Processing file /home/airflow/.local/lib/python3.12/site-packages/airflow/example_dags/example_latest_only.py for tasks to queue
[2024-11-25T14:54:22.230+0000] {logging_mixin.py:190} INFO - [2024-11-25T14:54:22.230+0000] {dagbag.py:588} INFO - Filling up the DagBag from /home/airflow/.local/lib/python3.12/site-packages/airflow/example_dags/example_latest_only.py
[2024-11-25T14:54:22.239+0000] {processor.py:925} INFO - DAG(s) 'latest_only' retrieved from /home/airflow/.local/lib/python3.12/site-packages/airflow/example_dags/example_latest_only.py
[2024-11-25T14:54:22.261+0000] {logging_mixin.py:190} INFO - [2024-11-25T14:54:22.261+0000] {dag.py:3239} INFO - Sync 1 DAGs
[2024-11-25T14:54:22.285+0000] {logging_mixin.py:190} INFO - [2024-11-25T14:54:22.285+0000] {dag.py:4180} INFO - Setting next_dagrun for latest_only to 2024-11-25 08:00:00+00:00, run_after=2024-11-25 12:00:00+00:00
[2024-11-25T14:54:22.334+0000] {processor.py:208} INFO - Processing /home/airflow/.local/lib/python3.12/site-packages/airflow/example_dags/example_latest_only.py took 0.113 seconds
[2024-11-25T14:54:52.757+0000] {processor.py:186} INFO - Started process (PID=2067) to work on /home/airflow/.local/lib/python3.12/site-packages/airflow/example_dags/example_latest_only.py
[2024-11-25T14:54:52.758+0000] {processor.py:914} INFO - Processing file /home/airflow/.local/lib/python3.12/site-packages/airflow/example_dags/example_latest_only.py for tasks to queue
[2024-11-25T14:54:52.760+0000] {logging_mixin.py:190} INFO - [2024-11-25T14:54:52.759+0000] {dagbag.py:588} INFO - Filling up the DagBag from /home/airflow/.local/lib/python3.12/site-packages/airflow/example_dags/example_latest_only.py
[2024-11-25T14:54:52.769+0000] {processor.py:925} INFO - DAG(s) 'latest_only' retrieved from /home/airflow/.local/lib/python3.12/site-packages/airflow/example_dags/example_latest_only.py
[2024-11-25T14:54:52.792+0000] {logging_mixin.py:190} INFO - [2024-11-25T14:54:52.791+0000] {dag.py:3239} INFO - Sync 1 DAGs
[2024-11-25T14:54:52.819+0000] {logging_mixin.py:190} INFO - [2024-11-25T14:54:52.818+0000] {dag.py:4180} INFO - Setting next_dagrun for latest_only to 2024-11-25 08:00:00+00:00, run_after=2024-11-25 12:00:00+00:00
[2024-11-25T14:54:53.194+0000] {processor.py:208} INFO - Processing /home/airflow/.local/lib/python3.12/site-packages/airflow/example_dags/example_latest_only.py took 0.443 seconds
[2024-11-25T14:55:24.481+0000] {processor.py:186} INFO - Started process (PID=2146) to work on /home/airflow/.local/lib/python3.12/site-packages/airflow/example_dags/example_latest_only.py
[2024-11-25T14:55:24.482+0000] {processor.py:914} INFO - Processing file /home/airflow/.local/lib/python3.12/site-packages/airflow/example_dags/example_latest_only.py for tasks to queue
[2024-11-25T14:55:24.484+0000] {logging_mixin.py:190} INFO - [2024-11-25T14:55:24.484+0000] {dagbag.py:588} INFO - Filling up the DagBag from /home/airflow/.local/lib/python3.12/site-packages/airflow/example_dags/example_latest_only.py
[2024-11-25T14:55:24.495+0000] {processor.py:925} INFO - DAG(s) 'latest_only' retrieved from /home/airflow/.local/lib/python3.12/site-packages/airflow/example_dags/example_latest_only.py
[2024-11-25T14:55:24.519+0000] {logging_mixin.py:190} INFO - [2024-11-25T14:55:24.519+0000] {dag.py:3239} INFO - Sync 1 DAGs
[2024-11-25T14:55:24.547+0000] {logging_mixin.py:190} INFO - [2024-11-25T14:55:24.547+0000] {dag.py:4180} INFO - Setting next_dagrun for latest_only to 2024-11-25 08:00:00+00:00, run_after=2024-11-25 12:00:00+00:00
[2024-11-25T14:55:24.599+0000] {processor.py:208} INFO - Processing /home/airflow/.local/lib/python3.12/site-packages/airflow/example_dags/example_latest_only.py took 0.125 seconds
[2024-11-25T14:55:55.463+0000] {processor.py:186} INFO - Started process (PID=2229) to work on /home/airflow/.local/lib/python3.12/site-packages/airflow/example_dags/example_latest_only.py
[2024-11-25T14:55:55.464+0000] {processor.py:914} INFO - Processing file /home/airflow/.local/lib/python3.12/site-packages/airflow/example_dags/example_latest_only.py for tasks to queue
[2024-11-25T14:55:55.466+0000] {logging_mixin.py:190} INFO - [2024-11-25T14:55:55.466+0000] {dagbag.py:588} INFO - Filling up the DagBag from /home/airflow/.local/lib/python3.12/site-packages/airflow/example_dags/example_latest_only.py
[2024-11-25T14:55:55.476+0000] {processor.py:925} INFO - DAG(s) 'latest_only' retrieved from /home/airflow/.local/lib/python3.12/site-packages/airflow/example_dags/example_latest_only.py
[2024-11-25T14:55:55.501+0000] {logging_mixin.py:190} INFO - [2024-11-25T14:55:55.500+0000] {dag.py:3239} INFO - Sync 1 DAGs
[2024-11-25T14:55:55.527+0000] {logging_mixin.py:190} INFO - [2024-11-25T14:55:55.527+0000] {dag.py:4180} INFO - Setting next_dagrun for latest_only to 2024-11-25 08:00:00+00:00, run_after=2024-11-25 12:00:00+00:00
[2024-11-25T14:55:55.580+0000] {processor.py:208} INFO - Processing /home/airflow/.local/lib/python3.12/site-packages/airflow/example_dags/example_latest_only.py took 0.124 seconds
[2024-11-25T14:56:26.485+0000] {processor.py:186} INFO - Started process (PID=2309) to work on /home/airflow/.local/lib/python3.12/site-packages/airflow/example_dags/example_latest_only.py
[2024-11-25T14:56:26.487+0000] {processor.py:914} INFO - Processing file /home/airflow/.local/lib/python3.12/site-packages/airflow/example_dags/example_latest_only.py for tasks to queue
[2024-11-25T14:56:26.488+0000] {logging_mixin.py:190} INFO - [2024-11-25T14:56:26.488+0000] {dagbag.py:588} INFO - Filling up the DagBag from /home/airflow/.local/lib/python3.12/site-packages/airflow/example_dags/example_latest_only.py
[2024-11-25T14:56:26.498+0000] {processor.py:925} INFO - DAG(s) 'latest_only' retrieved from /home/airflow/.local/lib/python3.12/site-packages/airflow/example_dags/example_latest_only.py
[2024-11-25T14:56:26.521+0000] {logging_mixin.py:190} INFO - [2024-11-25T14:56:26.521+0000] {dag.py:3239} INFO - Sync 1 DAGs
[2024-11-25T14:56:26.555+0000] {logging_mixin.py:190} INFO - [2024-11-25T14:56:26.555+0000] {dag.py:4180} INFO - Setting next_dagrun for latest_only to 2024-11-25 08:00:00+00:00, run_after=2024-11-25 12:00:00+00:00
[2024-11-25T14:56:26.619+0000] {processor.py:208} INFO - Processing /home/airflow/.local/lib/python3.12/site-packages/airflow/example_dags/example_latest_only.py took 0.141 seconds
[2024-11-25T14:56:57.239+0000] {processor.py:186} INFO - Started process (PID=2389) to work on /home/airflow/.local/lib/python3.12/site-packages/airflow/example_dags/example_latest_only.py
[2024-11-25T14:56:57.240+0000] {processor.py:914} INFO - Processing file /home/airflow/.local/lib/python3.12/site-packages/airflow/example_dags/example_latest_only.py for tasks to queue
[2024-11-25T14:56:57.241+0000] {logging_mixin.py:190} INFO - [2024-11-25T14:56:57.241+0000] {dagbag.py:588} INFO - Filling up the DagBag from /home/airflow/.local/lib/python3.12/site-packages/airflow/example_dags/example_latest_only.py
[2024-11-25T14:56:57.251+0000] {processor.py:925} INFO - DAG(s) 'latest_only' retrieved from /home/airflow/.local/lib/python3.12/site-packages/airflow/example_dags/example_latest_only.py
[2024-11-25T14:56:57.273+0000] {logging_mixin.py:190} INFO - [2024-11-25T14:56:57.273+0000] {dag.py:3239} INFO - Sync 1 DAGs
[2024-11-25T14:56:57.300+0000] {logging_mixin.py:190} INFO - [2024-11-25T14:56:57.300+0000] {dag.py:4180} INFO - Setting next_dagrun for latest_only to 2024-11-25 08:00:00+00:00, run_after=2024-11-25 12:00:00+00:00
[2024-11-25T14:56:57.351+0000] {processor.py:208} INFO - Processing /home/airflow/.local/lib/python3.12/site-packages/airflow/example_dags/example_latest_only.py took 0.119 seconds
[2024-11-25T14:57:27.704+0000] {processor.py:186} INFO - Started process (PID=2468) to work on /home/airflow/.local/lib/python3.12/site-packages/airflow/example_dags/example_latest_only.py
[2024-11-25T14:57:27.706+0000] {processor.py:914} INFO - Processing file /home/airflow/.local/lib/python3.12/site-packages/airflow/example_dags/example_latest_only.py for tasks to queue
[2024-11-25T14:57:27.708+0000] {logging_mixin.py:190} INFO - [2024-11-25T14:57:27.707+0000] {dagbag.py:588} INFO - Filling up the DagBag from /home/airflow/.local/lib/python3.12/site-packages/airflow/example_dags/example_latest_only.py
[2024-11-25T14:57:27.716+0000] {processor.py:925} INFO - DAG(s) 'latest_only' retrieved from /home/airflow/.local/lib/python3.12/site-packages/airflow/example_dags/example_latest_only.py
[2024-11-25T14:57:27.739+0000] {logging_mixin.py:190} INFO - [2024-11-25T14:57:27.739+0000] {dag.py:3239} INFO - Sync 1 DAGs
[2024-11-25T14:57:27.769+0000] {logging_mixin.py:190} INFO - [2024-11-25T14:57:27.769+0000] {dag.py:4180} INFO - Setting next_dagrun for latest_only to 2024-11-25 08:00:00+00:00, run_after=2024-11-25 12:00:00+00:00
[2024-11-25T14:57:27.814+0000] {processor.py:208} INFO - Processing /home/airflow/.local/lib/python3.12/site-packages/airflow/example_dags/example_latest_only.py took 0.116 seconds
[2024-11-25T14:57:59.600+0000] {processor.py:186} INFO - Started process (PID=2549) to work on /home/airflow/.local/lib/python3.12/site-packages/airflow/example_dags/example_latest_only.py
[2024-11-25T14:57:59.601+0000] {processor.py:914} INFO - Processing file /home/airflow/.local/lib/python3.12/site-packages/airflow/example_dags/example_latest_only.py for tasks to queue
[2024-11-25T14:57:59.602+0000] {logging_mixin.py:190} INFO - [2024-11-25T14:57:59.602+0000] {dagbag.py:588} INFO - Filling up the DagBag from /home/airflow/.local/lib/python3.12/site-packages/airflow/example_dags/example_latest_only.py
[2024-11-25T14:57:59.613+0000] {processor.py:925} INFO - DAG(s) 'latest_only' retrieved from /home/airflow/.local/lib/python3.12/site-packages/airflow/example_dags/example_latest_only.py
[2024-11-25T14:57:59.635+0000] {logging_mixin.py:190} INFO - [2024-11-25T14:57:59.635+0000] {dag.py:3239} INFO - Sync 1 DAGs
[2024-11-25T14:57:59.663+0000] {logging_mixin.py:190} INFO - [2024-11-25T14:57:59.663+0000] {dag.py:4180} INFO - Setting next_dagrun for latest_only to 2024-11-25 08:00:00+00:00, run_after=2024-11-25 12:00:00+00:00
[2024-11-25T14:57:59.721+0000] {processor.py:208} INFO - Processing /home/airflow/.local/lib/python3.12/site-packages/airflow/example_dags/example_latest_only.py took 0.129 seconds
[2024-11-25T14:58:29.963+0000] {processor.py:186} INFO - Started process (PID=2620) to work on /home/airflow/.local/lib/python3.12/site-packages/airflow/example_dags/example_latest_only.py
[2024-11-25T14:58:29.964+0000] {processor.py:914} INFO - Processing file /home/airflow/.local/lib/python3.12/site-packages/airflow/example_dags/example_latest_only.py for tasks to queue
[2024-11-25T14:58:29.966+0000] {logging_mixin.py:190} INFO - [2024-11-25T14:58:29.966+0000] {dagbag.py:588} INFO - Filling up the DagBag from /home/airflow/.local/lib/python3.12/site-packages/airflow/example_dags/example_latest_only.py
[2024-11-25T14:58:29.975+0000] {processor.py:925} INFO - DAG(s) 'latest_only' retrieved from /home/airflow/.local/lib/python3.12/site-packages/airflow/example_dags/example_latest_only.py
[2024-11-25T14:58:29.998+0000] {logging_mixin.py:190} INFO - [2024-11-25T14:58:29.998+0000] {dag.py:3239} INFO - Sync 1 DAGs
[2024-11-25T14:58:30.025+0000] {logging_mixin.py:190} INFO - [2024-11-25T14:58:30.024+0000] {dag.py:4180} INFO - Setting next_dagrun for latest_only to 2024-11-25 08:00:00+00:00, run_after=2024-11-25 12:00:00+00:00
[2024-11-25T14:58:30.081+0000] {processor.py:208} INFO - Processing /home/airflow/.local/lib/python3.12/site-packages/airflow/example_dags/example_latest_only.py took 0.124 seconds
[2024-11-25T14:59:01.302+0000] {processor.py:186} INFO - Started process (PID=2700) to work on /home/airflow/.local/lib/python3.12/site-packages/airflow/example_dags/example_latest_only.py
[2024-11-25T14:59:01.303+0000] {processor.py:914} INFO - Processing file /home/airflow/.local/lib/python3.12/site-packages/airflow/example_dags/example_latest_only.py for tasks to queue
[2024-11-25T14:59:01.305+0000] {logging_mixin.py:190} INFO - [2024-11-25T14:59:01.305+0000] {dagbag.py:588} INFO - Filling up the DagBag from /home/airflow/.local/lib/python3.12/site-packages/airflow/example_dags/example_latest_only.py
[2024-11-25T14:59:01.315+0000] {processor.py:925} INFO - DAG(s) 'latest_only' retrieved from /home/airflow/.local/lib/python3.12/site-packages/airflow/example_dags/example_latest_only.py
[2024-11-25T14:59:01.337+0000] {logging_mixin.py:190} INFO - [2024-11-25T14:59:01.337+0000] {dag.py:3239} INFO - Sync 1 DAGs
[2024-11-25T14:59:01.366+0000] {logging_mixin.py:190} INFO - [2024-11-25T14:59:01.365+0000] {dag.py:4180} INFO - Setting next_dagrun for latest_only to 2024-11-25 08:00:00+00:00, run_after=2024-11-25 12:00:00+00:00
[2024-11-25T14:59:01.420+0000] {processor.py:208} INFO - Processing /home/airflow/.local/lib/python3.12/site-packages/airflow/example_dags/example_latest_only.py took 0.125 seconds
[2024-11-25T14:59:32.810+0000] {processor.py:186} INFO - Started process (PID=2780) to work on /home/airflow/.local/lib/python3.12/site-packages/airflow/example_dags/example_latest_only.py
[2024-11-25T14:59:32.812+0000] {processor.py:914} INFO - Processing file /home/airflow/.local/lib/python3.12/site-packages/airflow/example_dags/example_latest_only.py for tasks to queue
[2024-11-25T14:59:32.813+0000] {logging_mixin.py:190} INFO - [2024-11-25T14:59:32.813+0000] {dagbag.py:588} INFO - Filling up the DagBag from /home/airflow/.local/lib/python3.12/site-packages/airflow/example_dags/example_latest_only.py
[2024-11-25T14:59:32.823+0000] {processor.py:925} INFO - DAG(s) 'latest_only' retrieved from /home/airflow/.local/lib/python3.12/site-packages/airflow/example_dags/example_latest_only.py
[2024-11-25T14:59:32.846+0000] {logging_mixin.py:190} INFO - [2024-11-25T14:59:32.846+0000] {dag.py:3239} INFO - Sync 1 DAGs
[2024-11-25T14:59:32.873+0000] {logging_mixin.py:190} INFO - [2024-11-25T14:59:32.873+0000] {dag.py:4180} INFO - Setting next_dagrun for latest_only to 2024-11-25 08:00:00+00:00, run_after=2024-11-25 12:00:00+00:00
[2024-11-25T14:59:32.959+0000] {processor.py:208} INFO - Processing /home/airflow/.local/lib/python3.12/site-packages/airflow/example_dags/example_latest_only.py took 0.155 seconds
[2024-11-25T15:00:03.580+0000] {processor.py:186} INFO - Started process (PID=2859) to work on /home/airflow/.local/lib/python3.12/site-packages/airflow/example_dags/example_latest_only.py
[2024-11-25T15:00:03.581+0000] {processor.py:914} INFO - Processing file /home/airflow/.local/lib/python3.12/site-packages/airflow/example_dags/example_latest_only.py for tasks to queue
[2024-11-25T15:00:03.583+0000] {logging_mixin.py:190} INFO - [2024-11-25T15:00:03.582+0000] {dagbag.py:588} INFO - Filling up the DagBag from /home/airflow/.local/lib/python3.12/site-packages/airflow/example_dags/example_latest_only.py
[2024-11-25T15:00:03.592+0000] {processor.py:925} INFO - DAG(s) 'latest_only' retrieved from /home/airflow/.local/lib/python3.12/site-packages/airflow/example_dags/example_latest_only.py
[2024-11-25T15:00:03.617+0000] {logging_mixin.py:190} INFO - [2024-11-25T15:00:03.617+0000] {dag.py:3239} INFO - Sync 1 DAGs
[2024-11-25T15:00:03.651+0000] {logging_mixin.py:190} INFO - [2024-11-25T15:00:03.651+0000] {dag.py:4180} INFO - Setting next_dagrun for latest_only to 2024-11-25 08:00:00+00:00, run_after=2024-11-25 12:00:00+00:00
[2024-11-25T15:00:03.704+0000] {processor.py:208} INFO - Processing /home/airflow/.local/lib/python3.12/site-packages/airflow/example_dags/example_latest_only.py took 0.132 seconds
[2024-11-25T15:00:36.004+0000] {processor.py:186} INFO - Started process (PID=2939) to work on /home/airflow/.local/lib/python3.12/site-packages/airflow/example_dags/example_latest_only.py
[2024-11-25T15:00:36.005+0000] {processor.py:914} INFO - Processing file /home/airflow/.local/lib/python3.12/site-packages/airflow/example_dags/example_latest_only.py for tasks to queue
[2024-11-25T15:00:36.007+0000] {logging_mixin.py:190} INFO - [2024-11-25T15:00:36.007+0000] {dagbag.py:588} INFO - Filling up the DagBag from /home/airflow/.local/lib/python3.12/site-packages/airflow/example_dags/example_latest_only.py
[2024-11-25T15:00:36.016+0000] {processor.py:925} INFO - DAG(s) 'latest_only' retrieved from /home/airflow/.local/lib/python3.12/site-packages/airflow/example_dags/example_latest_only.py
[2024-11-25T15:00:36.039+0000] {logging_mixin.py:190} INFO - [2024-11-25T15:00:36.038+0000] {dag.py:3239} INFO - Sync 1 DAGs
[2024-11-25T15:00:36.067+0000] {logging_mixin.py:190} INFO - [2024-11-25T15:00:36.067+0000] {dag.py:4180} INFO - Setting next_dagrun for latest_only to 2024-11-25 08:00:00+00:00, run_after=2024-11-25 12:00:00+00:00
[2024-11-25T15:00:36.129+0000] {processor.py:208} INFO - Processing /home/airflow/.local/lib/python3.12/site-packages/airflow/example_dags/example_latest_only.py took 0.131 seconds
[2024-11-25T15:01:06.481+0000] {processor.py:186} INFO - Started process (PID=3019) to work on /home/airflow/.local/lib/python3.12/site-packages/airflow/example_dags/example_latest_only.py
[2024-11-25T15:01:06.482+0000] {processor.py:914} INFO - Processing file /home/airflow/.local/lib/python3.12/site-packages/airflow/example_dags/example_latest_only.py for tasks to queue
[2024-11-25T15:01:06.483+0000] {logging_mixin.py:190} INFO - [2024-11-25T15:01:06.483+0000] {dagbag.py:588} INFO - Filling up the DagBag from /home/airflow/.local/lib/python3.12/site-packages/airflow/example_dags/example_latest_only.py
[2024-11-25T15:01:06.492+0000] {processor.py:925} INFO - DAG(s) 'latest_only' retrieved from /home/airflow/.local/lib/python3.12/site-packages/airflow/example_dags/example_latest_only.py
[2024-11-25T15:01:06.515+0000] {logging_mixin.py:190} INFO - [2024-11-25T15:01:06.514+0000] {dag.py:3239} INFO - Sync 1 DAGs
[2024-11-25T15:01:06.541+0000] {logging_mixin.py:190} INFO - [2024-11-25T15:01:06.541+0000] {dag.py:4180} INFO - Setting next_dagrun for latest_only to 2024-11-25 08:00:00+00:00, run_after=2024-11-25 12:00:00+00:00
[2024-11-25T15:01:06.599+0000] {processor.py:208} INFO - Processing /home/airflow/.local/lib/python3.12/site-packages/airflow/example_dags/example_latest_only.py took 0.125 seconds
[2024-11-25T15:01:36.828+0000] {processor.py:186} INFO - Started process (PID=3099) to work on /home/airflow/.local/lib/python3.12/site-packages/airflow/example_dags/example_latest_only.py
[2024-11-25T15:01:36.830+0000] {processor.py:914} INFO - Processing file /home/airflow/.local/lib/python3.12/site-packages/airflow/example_dags/example_latest_only.py for tasks to queue
[2024-11-25T15:01:36.831+0000] {logging_mixin.py:190} INFO - [2024-11-25T15:01:36.831+0000] {dagbag.py:588} INFO - Filling up the DagBag from /home/airflow/.local/lib/python3.12/site-packages/airflow/example_dags/example_latest_only.py
[2024-11-25T15:01:36.841+0000] {processor.py:925} INFO - DAG(s) 'latest_only' retrieved from /home/airflow/.local/lib/python3.12/site-packages/airflow/example_dags/example_latest_only.py
[2024-11-25T15:01:36.862+0000] {logging_mixin.py:190} INFO - [2024-11-25T15:01:36.862+0000] {dag.py:3239} INFO - Sync 1 DAGs
[2024-11-25T15:01:36.890+0000] {logging_mixin.py:190} INFO - [2024-11-25T15:01:36.890+0000] {dag.py:4180} INFO - Setting next_dagrun for latest_only to 2024-11-25 08:00:00+00:00, run_after=2024-11-25 12:00:00+00:00
[2024-11-25T15:01:36.943+0000] {processor.py:208} INFO - Processing /home/airflow/.local/lib/python3.12/site-packages/airflow/example_dags/example_latest_only.py took 0.121 seconds
[2024-11-25T19:21:20.715+0000] {processor.py:186} INFO - Started process (PID=561) to work on /home/airflow/.local/lib/python3.12/site-packages/airflow/example_dags/example_latest_only.py
[2024-11-25T19:21:20.784+0000] {processor.py:914} INFO - Processing file /home/airflow/.local/lib/python3.12/site-packages/airflow/example_dags/example_latest_only.py for tasks to queue
[2024-11-25T19:21:20.787+0000] {logging_mixin.py:190} INFO - [2024-11-25T19:21:20.787+0000] {dagbag.py:588} INFO - Filling up the DagBag from /home/airflow/.local/lib/python3.12/site-packages/airflow/example_dags/example_latest_only.py
[2024-11-25T19:21:20.796+0000] {processor.py:925} INFO - DAG(s) 'latest_only' retrieved from /home/airflow/.local/lib/python3.12/site-packages/airflow/example_dags/example_latest_only.py
[2024-11-25T19:21:20.820+0000] {logging_mixin.py:190} INFO - [2024-11-25T19:21:20.819+0000] {dag.py:3239} INFO - Sync 1 DAGs
[2024-11-25T19:21:20.846+0000] {logging_mixin.py:190} INFO - [2024-11-25T19:21:20.846+0000] {dag.py:4180} INFO - Setting next_dagrun for latest_only to 2024-11-25 12:00:00+00:00, run_after=2024-11-25 16:00:00+00:00
[2024-11-25T19:21:20.899+0000] {processor.py:208} INFO - Processing /home/airflow/.local/lib/python3.12/site-packages/airflow/example_dags/example_latest_only.py took 0.189 seconds
[2024-11-25T19:22:07.099+0000] {processor.py:186} INFO - Started process (PID=640) to work on /home/airflow/.local/lib/python3.12/site-packages/airflow/example_dags/example_latest_only.py
[2024-11-25T19:22:07.120+0000] {processor.py:914} INFO - Processing file /home/airflow/.local/lib/python3.12/site-packages/airflow/example_dags/example_latest_only.py for tasks to queue
[2024-11-25T19:22:07.122+0000] {logging_mixin.py:190} INFO - [2024-11-25T19:22:07.122+0000] {dagbag.py:588} INFO - Filling up the DagBag from /home/airflow/.local/lib/python3.12/site-packages/airflow/example_dags/example_latest_only.py
[2024-11-25T19:22:07.131+0000] {processor.py:925} INFO - DAG(s) 'latest_only' retrieved from /home/airflow/.local/lib/python3.12/site-packages/airflow/example_dags/example_latest_only.py
[2024-11-25T19:22:07.155+0000] {logging_mixin.py:190} INFO - [2024-11-25T19:22:07.155+0000] {dag.py:3239} INFO - Sync 1 DAGs
[2024-11-25T19:22:07.190+0000] {logging_mixin.py:190} INFO - [2024-11-25T19:22:07.190+0000] {dag.py:4180} INFO - Setting next_dagrun for latest_only to 2024-11-25 12:00:00+00:00, run_after=2024-11-25 16:00:00+00:00
[2024-11-25T19:22:07.279+0000] {processor.py:208} INFO - Processing /home/airflow/.local/lib/python3.12/site-packages/airflow/example_dags/example_latest_only.py took 0.186 seconds
[2024-11-25T19:22:58.751+0000] {processor.py:186} INFO - Started process (PID=728) to work on /home/airflow/.local/lib/python3.12/site-packages/airflow/example_dags/example_latest_only.py
[2024-11-25T19:22:58.838+0000] {processor.py:914} INFO - Processing file /home/airflow/.local/lib/python3.12/site-packages/airflow/example_dags/example_latest_only.py for tasks to queue
[2024-11-25T19:22:58.840+0000] {logging_mixin.py:190} INFO - [2024-11-25T19:22:58.840+0000] {dagbag.py:588} INFO - Filling up the DagBag from /home/airflow/.local/lib/python3.12/site-packages/airflow/example_dags/example_latest_only.py
[2024-11-25T19:22:58.848+0000] {processor.py:925} INFO - DAG(s) 'latest_only' retrieved from /home/airflow/.local/lib/python3.12/site-packages/airflow/example_dags/example_latest_only.py
[2024-11-25T19:22:58.869+0000] {logging_mixin.py:190} INFO - [2024-11-25T19:22:58.869+0000] {dag.py:3239} INFO - Sync 1 DAGs
[2024-11-25T19:22:58.896+0000] {logging_mixin.py:190} INFO - [2024-11-25T19:22:58.896+0000] {dag.py:4180} INFO - Setting next_dagrun for latest_only to 2024-11-25 12:00:00+00:00, run_after=2024-11-25 16:00:00+00:00
[2024-11-25T19:22:59.218+0000] {processor.py:208} INFO - Processing /home/airflow/.local/lib/python3.12/site-packages/airflow/example_dags/example_latest_only.py took 0.474 seconds
[2024-11-25T19:24:10.899+0000] {processor.py:186} INFO - Started process (PID=822) to work on /home/airflow/.local/lib/python3.12/site-packages/airflow/example_dags/example_latest_only.py
[2024-11-25T19:24:10.943+0000] {processor.py:914} INFO - Processing file /home/airflow/.local/lib/python3.12/site-packages/airflow/example_dags/example_latest_only.py for tasks to queue
[2024-11-25T19:24:10.945+0000] {logging_mixin.py:190} INFO - [2024-11-25T19:24:10.945+0000] {dagbag.py:588} INFO - Filling up the DagBag from /home/airflow/.local/lib/python3.12/site-packages/airflow/example_dags/example_latest_only.py
[2024-11-25T19:24:10.954+0000] {processor.py:925} INFO - DAG(s) 'latest_only' retrieved from /home/airflow/.local/lib/python3.12/site-packages/airflow/example_dags/example_latest_only.py
[2024-11-25T19:24:10.977+0000] {logging_mixin.py:190} INFO - [2024-11-25T19:24:10.977+0000] {dag.py:3239} INFO - Sync 1 DAGs
[2024-11-25T19:24:11.008+0000] {logging_mixin.py:190} INFO - [2024-11-25T19:24:11.008+0000] {dag.py:4180} INFO - Setting next_dagrun for latest_only to 2024-11-25 12:00:00+00:00, run_after=2024-11-25 16:00:00+00:00
[2024-11-25T19:24:11.085+0000] {processor.py:208} INFO - Processing /home/airflow/.local/lib/python3.12/site-packages/airflow/example_dags/example_latest_only.py took 0.192 seconds
[2024-11-25T19:24:52.162+0000] {processor.py:186} INFO - Started process (PID=903) to work on /home/airflow/.local/lib/python3.12/site-packages/airflow/example_dags/example_latest_only.py
[2024-11-25T19:24:52.163+0000] {processor.py:914} INFO - Processing file /home/airflow/.local/lib/python3.12/site-packages/airflow/example_dags/example_latest_only.py for tasks to queue
[2024-11-25T19:24:52.165+0000] {logging_mixin.py:190} INFO - [2024-11-25T19:24:52.164+0000] {dagbag.py:588} INFO - Filling up the DagBag from /home/airflow/.local/lib/python3.12/site-packages/airflow/example_dags/example_latest_only.py
[2024-11-25T19:24:52.177+0000] {processor.py:925} INFO - DAG(s) 'latest_only' retrieved from /home/airflow/.local/lib/python3.12/site-packages/airflow/example_dags/example_latest_only.py
[2024-11-25T19:24:52.206+0000] {logging_mixin.py:190} INFO - [2024-11-25T19:24:52.205+0000] {dag.py:3239} INFO - Sync 1 DAGs
[2024-11-25T19:24:52.243+0000] {logging_mixin.py:190} INFO - [2024-11-25T19:24:52.243+0000] {dag.py:4180} INFO - Setting next_dagrun for latest_only to 2024-11-25 12:00:00+00:00, run_after=2024-11-25 16:00:00+00:00
[2024-11-25T19:24:52.295+0000] {processor.py:208} INFO - Processing /home/airflow/.local/lib/python3.12/site-packages/airflow/example_dags/example_latest_only.py took 0.142 seconds
[2024-11-25T19:25:36.103+0000] {processor.py:186} INFO - Started process (PID=990) to work on /home/airflow/.local/lib/python3.12/site-packages/airflow/example_dags/example_latest_only.py
[2024-11-25T19:25:36.104+0000] {processor.py:914} INFO - Processing file /home/airflow/.local/lib/python3.12/site-packages/airflow/example_dags/example_latest_only.py for tasks to queue
[2024-11-25T19:25:36.106+0000] {logging_mixin.py:190} INFO - [2024-11-25T19:25:36.106+0000] {dagbag.py:588} INFO - Filling up the DagBag from /home/airflow/.local/lib/python3.12/site-packages/airflow/example_dags/example_latest_only.py
[2024-11-25T19:25:36.118+0000] {processor.py:925} INFO - DAG(s) 'latest_only' retrieved from /home/airflow/.local/lib/python3.12/site-packages/airflow/example_dags/example_latest_only.py
[2024-11-25T19:25:36.144+0000] {logging_mixin.py:190} INFO - [2024-11-25T19:25:36.144+0000] {dag.py:3239} INFO - Sync 1 DAGs
[2024-11-25T19:25:36.182+0000] {logging_mixin.py:190} INFO - [2024-11-25T19:25:36.182+0000] {dag.py:4180} INFO - Setting next_dagrun for latest_only to 2024-11-25 12:00:00+00:00, run_after=2024-11-25 16:00:00+00:00
[2024-11-25T19:25:36.250+0000] {processor.py:208} INFO - Processing /home/airflow/.local/lib/python3.12/site-packages/airflow/example_dags/example_latest_only.py took 0.157 seconds
[2024-11-25T19:26:17.733+0000] {processor.py:186} INFO - Started process (PID=1071) to work on /home/airflow/.local/lib/python3.12/site-packages/airflow/example_dags/example_latest_only.py
[2024-11-25T19:26:17.735+0000] {processor.py:914} INFO - Processing file /home/airflow/.local/lib/python3.12/site-packages/airflow/example_dags/example_latest_only.py for tasks to queue
[2024-11-25T19:26:17.737+0000] {logging_mixin.py:190} INFO - [2024-11-25T19:26:17.736+0000] {dagbag.py:588} INFO - Filling up the DagBag from /home/airflow/.local/lib/python3.12/site-packages/airflow/example_dags/example_latest_only.py
[2024-11-25T19:26:17.748+0000] {processor.py:925} INFO - DAG(s) 'latest_only' retrieved from /home/airflow/.local/lib/python3.12/site-packages/airflow/example_dags/example_latest_only.py
[2024-11-25T19:26:17.775+0000] {logging_mixin.py:190} INFO - [2024-11-25T19:26:17.775+0000] {dag.py:3239} INFO - Sync 1 DAGs
[2024-11-25T19:26:17.808+0000] {logging_mixin.py:190} INFO - [2024-11-25T19:26:17.808+0000] {dag.py:4180} INFO - Setting next_dagrun for latest_only to 2024-11-25 12:00:00+00:00, run_after=2024-11-25 16:00:00+00:00
[2024-11-25T19:26:17.894+0000] {processor.py:208} INFO - Processing /home/airflow/.local/lib/python3.12/site-packages/airflow/example_dags/example_latest_only.py took 0.171 seconds
[2024-11-25T19:27:01.732+0000] {processor.py:186} INFO - Started process (PID=1162) to work on /home/airflow/.local/lib/python3.12/site-packages/airflow/example_dags/example_latest_only.py
[2024-11-25T19:27:01.734+0000] {processor.py:914} INFO - Processing file /home/airflow/.local/lib/python3.12/site-packages/airflow/example_dags/example_latest_only.py for tasks to queue
[2024-11-25T19:27:01.735+0000] {logging_mixin.py:190} INFO - [2024-11-25T19:27:01.735+0000] {dagbag.py:588} INFO - Filling up the DagBag from /home/airflow/.local/lib/python3.12/site-packages/airflow/example_dags/example_latest_only.py
[2024-11-25T19:27:01.747+0000] {processor.py:925} INFO - DAG(s) 'latest_only' retrieved from /home/airflow/.local/lib/python3.12/site-packages/airflow/example_dags/example_latest_only.py
[2024-11-25T19:27:01.769+0000] {logging_mixin.py:190} INFO - [2024-11-25T19:27:01.768+0000] {dag.py:3239} INFO - Sync 1 DAGs
[2024-11-25T19:27:01.798+0000] {logging_mixin.py:190} INFO - [2024-11-25T19:27:01.798+0000] {dag.py:4180} INFO - Setting next_dagrun for latest_only to 2024-11-25 12:00:00+00:00, run_after=2024-11-25 16:00:00+00:00
[2024-11-25T19:27:01.871+0000] {processor.py:208} INFO - Processing /home/airflow/.local/lib/python3.12/site-packages/airflow/example_dags/example_latest_only.py took 0.146 seconds
[2024-11-25T19:27:44.053+0000] {processor.py:186} INFO - Started process (PID=1249) to work on /home/airflow/.local/lib/python3.12/site-packages/airflow/example_dags/example_latest_only.py
[2024-11-25T19:27:44.055+0000] {processor.py:914} INFO - Processing file /home/airflow/.local/lib/python3.12/site-packages/airflow/example_dags/example_latest_only.py for tasks to queue
[2024-11-25T19:27:44.057+0000] {logging_mixin.py:190} INFO - [2024-11-25T19:27:44.056+0000] {dagbag.py:588} INFO - Filling up the DagBag from /home/airflow/.local/lib/python3.12/site-packages/airflow/example_dags/example_latest_only.py
[2024-11-25T19:27:44.068+0000] {processor.py:925} INFO - DAG(s) 'latest_only' retrieved from /home/airflow/.local/lib/python3.12/site-packages/airflow/example_dags/example_latest_only.py
[2024-11-25T19:27:44.097+0000] {logging_mixin.py:190} INFO - [2024-11-25T19:27:44.096+0000] {dag.py:3239} INFO - Sync 1 DAGs
[2024-11-25T19:27:44.133+0000] {logging_mixin.py:190} INFO - [2024-11-25T19:27:44.133+0000] {dag.py:4180} INFO - Setting next_dagrun for latest_only to 2024-11-25 12:00:00+00:00, run_after=2024-11-25 16:00:00+00:00
[2024-11-25T19:27:44.211+0000] {processor.py:208} INFO - Processing /home/airflow/.local/lib/python3.12/site-packages/airflow/example_dags/example_latest_only.py took 0.167 seconds
[2024-11-25T19:28:30.724+0000] {processor.py:186} INFO - Started process (PID=1330) to work on /home/airflow/.local/lib/python3.12/site-packages/airflow/example_dags/example_latest_only.py
[2024-11-25T19:28:30.725+0000] {processor.py:914} INFO - Processing file /home/airflow/.local/lib/python3.12/site-packages/airflow/example_dags/example_latest_only.py for tasks to queue
[2024-11-25T19:28:30.727+0000] {logging_mixin.py:190} INFO - [2024-11-25T19:28:30.726+0000] {dagbag.py:588} INFO - Filling up the DagBag from /home/airflow/.local/lib/python3.12/site-packages/airflow/example_dags/example_latest_only.py
[2024-11-25T19:28:30.739+0000] {processor.py:925} INFO - DAG(s) 'latest_only' retrieved from /home/airflow/.local/lib/python3.12/site-packages/airflow/example_dags/example_latest_only.py
[2024-11-25T19:28:30.768+0000] {logging_mixin.py:190} INFO - [2024-11-25T19:28:30.764+0000] {dag.py:3239} INFO - Sync 1 DAGs
[2024-11-25T19:28:30.801+0000] {logging_mixin.py:190} INFO - [2024-11-25T19:28:30.801+0000] {dag.py:4180} INFO - Setting next_dagrun for latest_only to 2024-11-25 12:00:00+00:00, run_after=2024-11-25 16:00:00+00:00
[2024-11-25T19:28:30.870+0000] {processor.py:208} INFO - Processing /home/airflow/.local/lib/python3.12/site-packages/airflow/example_dags/example_latest_only.py took 0.156 seconds
[2024-11-25T19:29:14.694+0000] {processor.py:186} INFO - Started process (PID=1417) to work on /home/airflow/.local/lib/python3.12/site-packages/airflow/example_dags/example_latest_only.py
[2024-11-25T19:29:14.696+0000] {processor.py:914} INFO - Processing file /home/airflow/.local/lib/python3.12/site-packages/airflow/example_dags/example_latest_only.py for tasks to queue
[2024-11-25T19:29:14.698+0000] {logging_mixin.py:190} INFO - [2024-11-25T19:29:14.697+0000] {dagbag.py:588} INFO - Filling up the DagBag from /home/airflow/.local/lib/python3.12/site-packages/airflow/example_dags/example_latest_only.py
[2024-11-25T19:29:14.711+0000] {processor.py:925} INFO - DAG(s) 'latest_only' retrieved from /home/airflow/.local/lib/python3.12/site-packages/airflow/example_dags/example_latest_only.py
[2024-11-25T19:29:14.735+0000] {logging_mixin.py:190} INFO - [2024-11-25T19:29:14.735+0000] {dag.py:3239} INFO - Sync 1 DAGs
[2024-11-25T19:29:14.769+0000] {logging_mixin.py:190} INFO - [2024-11-25T19:29:14.769+0000] {dag.py:4180} INFO - Setting next_dagrun for latest_only to 2024-11-25 12:00:00+00:00, run_after=2024-11-25 16:00:00+00:00
[2024-11-25T19:29:14.829+0000] {processor.py:208} INFO - Processing /home/airflow/.local/lib/python3.12/site-packages/airflow/example_dags/example_latest_only.py took 0.143 seconds
[2024-11-25T19:30:39.282+0000] {processor.py:186} INFO - Started process (PID=1504) to work on /home/airflow/.local/lib/python3.12/site-packages/airflow/example_dags/example_latest_only.py
[2024-11-25T19:30:39.284+0000] {processor.py:914} INFO - Processing file /home/airflow/.local/lib/python3.12/site-packages/airflow/example_dags/example_latest_only.py for tasks to queue
[2024-11-25T19:30:39.286+0000] {logging_mixin.py:190} INFO - [2024-11-25T19:30:39.286+0000] {dagbag.py:588} INFO - Filling up the DagBag from /home/airflow/.local/lib/python3.12/site-packages/airflow/example_dags/example_latest_only.py
[2024-11-25T19:30:39.301+0000] {processor.py:925} INFO - DAG(s) 'latest_only' retrieved from /home/airflow/.local/lib/python3.12/site-packages/airflow/example_dags/example_latest_only.py
[2024-11-25T19:30:39.330+0000] {logging_mixin.py:190} INFO - [2024-11-25T19:30:39.330+0000] {dag.py:3239} INFO - Sync 1 DAGs
[2024-11-25T19:30:39.365+0000] {logging_mixin.py:190} INFO - [2024-11-25T19:30:39.364+0000] {dag.py:4180} INFO - Setting next_dagrun for latest_only to 2024-11-25 12:00:00+00:00, run_after=2024-11-25 16:00:00+00:00
[2024-11-25T19:30:39.444+0000] {processor.py:208} INFO - Processing /home/airflow/.local/lib/python3.12/site-packages/airflow/example_dags/example_latest_only.py took 0.169 seconds
[2024-11-25T19:31:12.255+0000] {processor.py:186} INFO - Started process (PID=1591) to work on /home/airflow/.local/lib/python3.12/site-packages/airflow/example_dags/example_latest_only.py
[2024-11-25T19:31:12.256+0000] {processor.py:914} INFO - Processing file /home/airflow/.local/lib/python3.12/site-packages/airflow/example_dags/example_latest_only.py for tasks to queue
[2024-11-25T19:31:12.258+0000] {logging_mixin.py:190} INFO - [2024-11-25T19:31:12.257+0000] {dagbag.py:588} INFO - Filling up the DagBag from /home/airflow/.local/lib/python3.12/site-packages/airflow/example_dags/example_latest_only.py
[2024-11-25T19:31:12.271+0000] {processor.py:925} INFO - DAG(s) 'latest_only' retrieved from /home/airflow/.local/lib/python3.12/site-packages/airflow/example_dags/example_latest_only.py
[2024-11-25T19:31:12.297+0000] {logging_mixin.py:190} INFO - [2024-11-25T19:31:12.297+0000] {dag.py:3239} INFO - Sync 1 DAGs
[2024-11-25T19:31:12.335+0000] {logging_mixin.py:190} INFO - [2024-11-25T19:31:12.335+0000] {dag.py:4180} INFO - Setting next_dagrun for latest_only to 2024-11-25 12:00:00+00:00, run_after=2024-11-25 16:00:00+00:00
[2024-11-25T19:31:12.389+0000] {processor.py:208} INFO - Processing /home/airflow/.local/lib/python3.12/site-packages/airflow/example_dags/example_latest_only.py took 0.141 seconds
[2024-11-25T19:31:54.637+0000] {processor.py:186} INFO - Started process (PID=1672) to work on /home/airflow/.local/lib/python3.12/site-packages/airflow/example_dags/example_latest_only.py
[2024-11-25T19:31:54.638+0000] {processor.py:914} INFO - Processing file /home/airflow/.local/lib/python3.12/site-packages/airflow/example_dags/example_latest_only.py for tasks to queue
[2024-11-25T19:31:54.640+0000] {logging_mixin.py:190} INFO - [2024-11-25T19:31:54.640+0000] {dagbag.py:588} INFO - Filling up the DagBag from /home/airflow/.local/lib/python3.12/site-packages/airflow/example_dags/example_latest_only.py
[2024-11-25T19:31:54.649+0000] {processor.py:925} INFO - DAG(s) 'latest_only' retrieved from /home/airflow/.local/lib/python3.12/site-packages/airflow/example_dags/example_latest_only.py
[2024-11-25T19:31:54.677+0000] {logging_mixin.py:190} INFO - [2024-11-25T19:31:54.677+0000] {dag.py:3239} INFO - Sync 1 DAGs
[2024-11-25T19:31:54.706+0000] {logging_mixin.py:190} INFO - [2024-11-25T19:31:54.705+0000] {dag.py:4180} INFO - Setting next_dagrun for latest_only to 2024-11-25 12:00:00+00:00, run_after=2024-11-25 16:00:00+00:00
[2024-11-25T19:31:54.795+0000] {processor.py:208} INFO - Processing /home/airflow/.local/lib/python3.12/site-packages/airflow/example_dags/example_latest_only.py took 0.165 seconds
[2024-11-25T19:33:01.149+0000] {processor.py:186} INFO - Started process (PID=1760) to work on /home/airflow/.local/lib/python3.12/site-packages/airflow/example_dags/example_latest_only.py
[2024-11-25T19:33:01.150+0000] {processor.py:914} INFO - Processing file /home/airflow/.local/lib/python3.12/site-packages/airflow/example_dags/example_latest_only.py for tasks to queue
[2024-11-25T19:33:01.152+0000] {logging_mixin.py:190} INFO - [2024-11-25T19:33:01.151+0000] {dagbag.py:588} INFO - Filling up the DagBag from /home/airflow/.local/lib/python3.12/site-packages/airflow/example_dags/example_latest_only.py
[2024-11-25T19:33:01.161+0000] {processor.py:925} INFO - DAG(s) 'latest_only' retrieved from /home/airflow/.local/lib/python3.12/site-packages/airflow/example_dags/example_latest_only.py
[2024-11-25T19:33:01.184+0000] {logging_mixin.py:190} INFO - [2024-11-25T19:33:01.184+0000] {dag.py:3239} INFO - Sync 1 DAGs
[2024-11-25T19:33:01.211+0000] {logging_mixin.py:190} INFO - [2024-11-25T19:33:01.211+0000] {dag.py:4180} INFO - Setting next_dagrun for latest_only to 2024-11-25 12:00:00+00:00, run_after=2024-11-25 16:00:00+00:00
[2024-11-25T19:33:01.288+0000] {processor.py:208} INFO - Processing /home/airflow/.local/lib/python3.12/site-packages/airflow/example_dags/example_latest_only.py took 0.146 seconds
[2024-11-25T19:33:31.853+0000] {processor.py:186} INFO - Started process (PID=1841) to work on /home/airflow/.local/lib/python3.12/site-packages/airflow/example_dags/example_latest_only.py
[2024-11-25T19:33:31.855+0000] {processor.py:914} INFO - Processing file /home/airflow/.local/lib/python3.12/site-packages/airflow/example_dags/example_latest_only.py for tasks to queue
[2024-11-25T19:33:31.857+0000] {logging_mixin.py:190} INFO - [2024-11-25T19:33:31.856+0000] {dagbag.py:588} INFO - Filling up the DagBag from /home/airflow/.local/lib/python3.12/site-packages/airflow/example_dags/example_latest_only.py
[2024-11-25T19:33:31.868+0000] {processor.py:925} INFO - DAG(s) 'latest_only' retrieved from /home/airflow/.local/lib/python3.12/site-packages/airflow/example_dags/example_latest_only.py
[2024-11-25T19:33:31.894+0000] {logging_mixin.py:190} INFO - [2024-11-25T19:33:31.893+0000] {dag.py:3239} INFO - Sync 1 DAGs
[2024-11-25T19:33:31.925+0000] {logging_mixin.py:190} INFO - [2024-11-25T19:33:31.925+0000] {dag.py:4180} INFO - Setting next_dagrun for latest_only to 2024-11-25 12:00:00+00:00, run_after=2024-11-25 16:00:00+00:00
[2024-11-25T19:33:31.986+0000] {processor.py:208} INFO - Processing /home/airflow/.local/lib/python3.12/site-packages/airflow/example_dags/example_latest_only.py took 0.142 seconds
[2024-11-25T19:34:14.090+0000] {processor.py:186} INFO - Started process (PID=1928) to work on /home/airflow/.local/lib/python3.12/site-packages/airflow/example_dags/example_latest_only.py
[2024-11-25T19:34:14.091+0000] {processor.py:914} INFO - Processing file /home/airflow/.local/lib/python3.12/site-packages/airflow/example_dags/example_latest_only.py for tasks to queue
[2024-11-25T19:34:14.093+0000] {logging_mixin.py:190} INFO - [2024-11-25T19:34:14.092+0000] {dagbag.py:588} INFO - Filling up the DagBag from /home/airflow/.local/lib/python3.12/site-packages/airflow/example_dags/example_latest_only.py
[2024-11-25T19:34:14.103+0000] {processor.py:925} INFO - DAG(s) 'latest_only' retrieved from /home/airflow/.local/lib/python3.12/site-packages/airflow/example_dags/example_latest_only.py
[2024-11-25T19:34:14.127+0000] {logging_mixin.py:190} INFO - [2024-11-25T19:34:14.126+0000] {dag.py:3239} INFO - Sync 1 DAGs
[2024-11-25T19:34:14.155+0000] {logging_mixin.py:190} INFO - [2024-11-25T19:34:14.155+0000] {dag.py:4180} INFO - Setting next_dagrun for latest_only to 2024-11-25 12:00:00+00:00, run_after=2024-11-25 16:00:00+00:00
[2024-11-25T19:34:14.327+0000] {processor.py:208} INFO - Processing /home/airflow/.local/lib/python3.12/site-packages/airflow/example_dags/example_latest_only.py took 0.243 seconds
[2024-11-25T19:34:53.562+0000] {processor.py:186} INFO - Started process (PID=2009) to work on /home/airflow/.local/lib/python3.12/site-packages/airflow/example_dags/example_latest_only.py
[2024-11-25T19:34:53.563+0000] {processor.py:914} INFO - Processing file /home/airflow/.local/lib/python3.12/site-packages/airflow/example_dags/example_latest_only.py for tasks to queue
[2024-11-25T19:34:53.565+0000] {logging_mixin.py:190} INFO - [2024-11-25T19:34:53.565+0000] {dagbag.py:588} INFO - Filling up the DagBag from /home/airflow/.local/lib/python3.12/site-packages/airflow/example_dags/example_latest_only.py
[2024-11-25T19:34:53.580+0000] {processor.py:925} INFO - DAG(s) 'latest_only' retrieved from /home/airflow/.local/lib/python3.12/site-packages/airflow/example_dags/example_latest_only.py
[2024-11-25T19:34:53.606+0000] {logging_mixin.py:190} INFO - [2024-11-25T19:34:53.605+0000] {dag.py:3239} INFO - Sync 1 DAGs
[2024-11-25T19:34:53.636+0000] {logging_mixin.py:190} INFO - [2024-11-25T19:34:53.635+0000] {dag.py:4180} INFO - Setting next_dagrun for latest_only to 2024-11-25 12:00:00+00:00, run_after=2024-11-25 16:00:00+00:00
[2024-11-25T19:34:53.691+0000] {processor.py:208} INFO - Processing /home/airflow/.local/lib/python3.12/site-packages/airflow/example_dags/example_latest_only.py took 0.136 seconds
[2024-11-25T19:35:35.926+0000] {processor.py:186} INFO - Started process (PID=2090) to work on /home/airflow/.local/lib/python3.12/site-packages/airflow/example_dags/example_latest_only.py
[2024-11-25T19:35:35.927+0000] {processor.py:914} INFO - Processing file /home/airflow/.local/lib/python3.12/site-packages/airflow/example_dags/example_latest_only.py for tasks to queue
[2024-11-25T19:35:35.928+0000] {logging_mixin.py:190} INFO - [2024-11-25T19:35:35.928+0000] {dagbag.py:588} INFO - Filling up the DagBag from /home/airflow/.local/lib/python3.12/site-packages/airflow/example_dags/example_latest_only.py
[2024-11-25T19:35:35.937+0000] {processor.py:925} INFO - DAG(s) 'latest_only' retrieved from /home/airflow/.local/lib/python3.12/site-packages/airflow/example_dags/example_latest_only.py
[2024-11-25T19:35:35.959+0000] {logging_mixin.py:190} INFO - [2024-11-25T19:35:35.958+0000] {dag.py:3239} INFO - Sync 1 DAGs
[2024-11-25T19:35:35.984+0000] {logging_mixin.py:190} INFO - [2024-11-25T19:35:35.984+0000] {dag.py:4180} INFO - Setting next_dagrun for latest_only to 2024-11-25 12:00:00+00:00, run_after=2024-11-25 16:00:00+00:00
[2024-11-25T19:35:36.071+0000] {processor.py:208} INFO - Processing /home/airflow/.local/lib/python3.12/site-packages/airflow/example_dags/example_latest_only.py took 0.152 seconds
[2024-11-25T19:36:15.669+0000] {processor.py:186} INFO - Started process (PID=2177) to work on /home/airflow/.local/lib/python3.12/site-packages/airflow/example_dags/example_latest_only.py
[2024-11-25T19:36:15.671+0000] {processor.py:914} INFO - Processing file /home/airflow/.local/lib/python3.12/site-packages/airflow/example_dags/example_latest_only.py for tasks to queue
[2024-11-25T19:36:15.673+0000] {logging_mixin.py:190} INFO - [2024-11-25T19:36:15.673+0000] {dagbag.py:588} INFO - Filling up the DagBag from /home/airflow/.local/lib/python3.12/site-packages/airflow/example_dags/example_latest_only.py
[2024-11-25T19:36:15.685+0000] {processor.py:925} INFO - DAG(s) 'latest_only' retrieved from /home/airflow/.local/lib/python3.12/site-packages/airflow/example_dags/example_latest_only.py
[2024-11-25T19:36:15.713+0000] {logging_mixin.py:190} INFO - [2024-11-25T19:36:15.713+0000] {dag.py:3239} INFO - Sync 1 DAGs
[2024-11-25T19:36:15.744+0000] {logging_mixin.py:190} INFO - [2024-11-25T19:36:15.744+0000] {dag.py:4180} INFO - Setting next_dagrun for latest_only to 2024-11-25 12:00:00+00:00, run_after=2024-11-25 16:00:00+00:00
[2024-11-25T19:36:15.804+0000] {processor.py:208} INFO - Processing /home/airflow/.local/lib/python3.12/site-packages/airflow/example_dags/example_latest_only.py took 0.142 seconds
[2024-11-25T19:36:55.825+0000] {processor.py:186} INFO - Started process (PID=2258) to work on /home/airflow/.local/lib/python3.12/site-packages/airflow/example_dags/example_latest_only.py
[2024-11-25T19:36:55.826+0000] {processor.py:914} INFO - Processing file /home/airflow/.local/lib/python3.12/site-packages/airflow/example_dags/example_latest_only.py for tasks to queue
[2024-11-25T19:36:55.828+0000] {logging_mixin.py:190} INFO - [2024-11-25T19:36:55.827+0000] {dagbag.py:588} INFO - Filling up the DagBag from /home/airflow/.local/lib/python3.12/site-packages/airflow/example_dags/example_latest_only.py
[2024-11-25T19:36:55.837+0000] {processor.py:925} INFO - DAG(s) 'latest_only' retrieved from /home/airflow/.local/lib/python3.12/site-packages/airflow/example_dags/example_latest_only.py
[2024-11-25T19:36:55.865+0000] {logging_mixin.py:190} INFO - [2024-11-25T19:36:55.864+0000] {dag.py:3239} INFO - Sync 1 DAGs
[2024-11-25T19:36:55.895+0000] {logging_mixin.py:190} INFO - [2024-11-25T19:36:55.894+0000] {dag.py:4180} INFO - Setting next_dagrun for latest_only to 2024-11-25 12:00:00+00:00, run_after=2024-11-25 16:00:00+00:00
[2024-11-25T19:36:55.973+0000] {processor.py:208} INFO - Processing /home/airflow/.local/lib/python3.12/site-packages/airflow/example_dags/example_latest_only.py took 0.155 seconds
[2024-11-25T19:37:41.803+0000] {processor.py:186} INFO - Started process (PID=2356) to work on /home/airflow/.local/lib/python3.12/site-packages/airflow/example_dags/example_latest_only.py
[2024-11-25T19:37:41.804+0000] {processor.py:914} INFO - Processing file /home/airflow/.local/lib/python3.12/site-packages/airflow/example_dags/example_latest_only.py for tasks to queue
[2024-11-25T19:37:41.805+0000] {logging_mixin.py:190} INFO - [2024-11-25T19:37:41.805+0000] {dagbag.py:588} INFO - Filling up the DagBag from /home/airflow/.local/lib/python3.12/site-packages/airflow/example_dags/example_latest_only.py
[2024-11-25T19:37:41.814+0000] {processor.py:925} INFO - DAG(s) 'latest_only' retrieved from /home/airflow/.local/lib/python3.12/site-packages/airflow/example_dags/example_latest_only.py
[2024-11-25T19:37:41.837+0000] {logging_mixin.py:190} INFO - [2024-11-25T19:37:41.837+0000] {dag.py:3239} INFO - Sync 1 DAGs
[2024-11-25T19:37:41.863+0000] {logging_mixin.py:190} INFO - [2024-11-25T19:37:41.863+0000] {dag.py:4180} INFO - Setting next_dagrun for latest_only to 2024-11-25 12:00:00+00:00, run_after=2024-11-25 16:00:00+00:00
[2024-11-25T19:37:41.963+0000] {processor.py:208} INFO - Processing /home/airflow/.local/lib/python3.12/site-packages/airflow/example_dags/example_latest_only.py took 0.166 seconds
