[2024-11-24T20:36:26.154+0000] {processor.py:186} INFO - Started process (PID=169) to work on /home/airflow/.local/lib/python3.12/site-packages/airflow/example_dags/example_xcomargs.py
[2024-11-24T20:36:26.156+0000] {processor.py:914} INFO - Processing file /home/airflow/.local/lib/python3.12/site-packages/airflow/example_dags/example_xcomargs.py for tasks to queue
[2024-11-24T20:36:26.160+0000] {logging_mixin.py:190} INFO - [2024-11-24T20:36:26.159+0000] {dagbag.py:588} INFO - Filling up the DagBag from /home/airflow/.local/lib/python3.12/site-packages/airflow/example_dags/example_xcomargs.py
[2024-11-24T20:36:26.174+0000] {processor.py:925} INFO - DAG(s) 'example_xcom_args_with_operators', 'example_xcom_args' retrieved from /home/airflow/.local/lib/python3.12/site-packages/airflow/example_dags/example_xcomargs.py
[2024-11-24T20:36:26.204+0000] {logging_mixin.py:190} INFO - [2024-11-24T20:36:26.204+0000] {dag.py:3239} INFO - Sync 2 DAGs
[2024-11-24T20:36:26.224+0000] {logging_mixin.py:190} INFO - [2024-11-24T20:36:26.223+0000] {dag.py:4180} INFO - Setting next_dagrun for example_xcom_args to None, run_after=None
[2024-11-24T20:36:26.228+0000] {logging_mixin.py:190} INFO - [2024-11-24T20:36:26.228+0000] {dag.py:4180} INFO - Setting next_dagrun for example_xcom_args_with_operators to None, run_after=None
[2024-11-24T20:36:26.297+0000] {processor.py:208} INFO - Processing /home/airflow/.local/lib/python3.12/site-packages/airflow/example_dags/example_xcomargs.py took 0.151 seconds
[2024-11-24T20:37:00.978+0000] {processor.py:186} INFO - Started process (PID=241) to work on /home/airflow/.local/lib/python3.12/site-packages/airflow/example_dags/example_xcomargs.py
[2024-11-24T20:37:00.979+0000] {processor.py:914} INFO - Processing file /home/airflow/.local/lib/python3.12/site-packages/airflow/example_dags/example_xcomargs.py for tasks to queue
[2024-11-24T20:37:00.984+0000] {logging_mixin.py:190} INFO - [2024-11-24T20:37:00.983+0000] {dagbag.py:588} INFO - Filling up the DagBag from /home/airflow/.local/lib/python3.12/site-packages/airflow/example_dags/example_xcomargs.py
[2024-11-24T20:37:00.999+0000] {processor.py:925} INFO - DAG(s) 'example_xcom_args', 'example_xcom_args_with_operators' retrieved from /home/airflow/.local/lib/python3.12/site-packages/airflow/example_dags/example_xcomargs.py
[2024-11-24T20:37:01.033+0000] {logging_mixin.py:190} INFO - [2024-11-24T20:37:01.032+0000] {dag.py:3239} INFO - Sync 2 DAGs
[2024-11-24T20:37:01.052+0000] {logging_mixin.py:190} INFO - [2024-11-24T20:37:01.052+0000] {dag.py:4180} INFO - Setting next_dagrun for example_xcom_args to None, run_after=None
[2024-11-24T20:37:01.057+0000] {logging_mixin.py:190} INFO - [2024-11-24T20:37:01.057+0000] {dag.py:4180} INFO - Setting next_dagrun for example_xcom_args_with_operators to None, run_after=None
[2024-11-24T20:37:01.135+0000] {processor.py:208} INFO - Processing /home/airflow/.local/lib/python3.12/site-packages/airflow/example_dags/example_xcomargs.py took 0.165 seconds
[2024-11-24T20:37:41.843+0000] {processor.py:186} INFO - Started process (PID=313) to work on /home/airflow/.local/lib/python3.12/site-packages/airflow/example_dags/example_xcomargs.py
[2024-11-24T20:37:41.844+0000] {processor.py:914} INFO - Processing file /home/airflow/.local/lib/python3.12/site-packages/airflow/example_dags/example_xcomargs.py for tasks to queue
[2024-11-24T20:37:41.848+0000] {logging_mixin.py:190} INFO - [2024-11-24T20:37:41.848+0000] {dagbag.py:588} INFO - Filling up the DagBag from /home/airflow/.local/lib/python3.12/site-packages/airflow/example_dags/example_xcomargs.py
[2024-11-24T20:37:41.862+0000] {processor.py:925} INFO - DAG(s) 'example_xcom_args', 'example_xcom_args_with_operators' retrieved from /home/airflow/.local/lib/python3.12/site-packages/airflow/example_dags/example_xcomargs.py
[2024-11-24T20:37:41.889+0000] {logging_mixin.py:190} INFO - [2024-11-24T20:37:41.888+0000] {dag.py:3239} INFO - Sync 2 DAGs
[2024-11-24T20:37:41.905+0000] {logging_mixin.py:190} INFO - [2024-11-24T20:37:41.905+0000] {dag.py:4180} INFO - Setting next_dagrun for example_xcom_args to None, run_after=None
[2024-11-24T20:37:41.911+0000] {logging_mixin.py:190} INFO - [2024-11-24T20:37:41.910+0000] {dag.py:4180} INFO - Setting next_dagrun for example_xcom_args_with_operators to None, run_after=None
[2024-11-24T20:37:42.067+0000] {processor.py:208} INFO - Processing /home/airflow/.local/lib/python3.12/site-packages/airflow/example_dags/example_xcomargs.py took 0.235 seconds
[2024-11-24T20:38:14.176+0000] {processor.py:186} INFO - Started process (PID=385) to work on /home/airflow/.local/lib/python3.12/site-packages/airflow/example_dags/example_xcomargs.py
[2024-11-24T20:38:14.177+0000] {processor.py:914} INFO - Processing file /home/airflow/.local/lib/python3.12/site-packages/airflow/example_dags/example_xcomargs.py for tasks to queue
[2024-11-24T20:38:14.181+0000] {logging_mixin.py:190} INFO - [2024-11-24T20:38:14.180+0000] {dagbag.py:588} INFO - Filling up the DagBag from /home/airflow/.local/lib/python3.12/site-packages/airflow/example_dags/example_xcomargs.py
[2024-11-24T20:38:14.204+0000] {processor.py:925} INFO - DAG(s) 'example_xcom_args', 'example_xcom_args_with_operators' retrieved from /home/airflow/.local/lib/python3.12/site-packages/airflow/example_dags/example_xcomargs.py
[2024-11-24T20:38:14.235+0000] {logging_mixin.py:190} INFO - [2024-11-24T20:38:14.235+0000] {dag.py:3239} INFO - Sync 2 DAGs
[2024-11-24T20:38:14.253+0000] {logging_mixin.py:190} INFO - [2024-11-24T20:38:14.253+0000] {dag.py:4180} INFO - Setting next_dagrun for example_xcom_args to None, run_after=None
[2024-11-24T20:38:14.258+0000] {logging_mixin.py:190} INFO - [2024-11-24T20:38:14.257+0000] {dag.py:4180} INFO - Setting next_dagrun for example_xcom_args_with_operators to None, run_after=None
[2024-11-24T20:38:14.333+0000] {processor.py:208} INFO - Processing /home/airflow/.local/lib/python3.12/site-packages/airflow/example_dags/example_xcomargs.py took 0.164 seconds
[2024-11-24T20:38:45.103+0000] {processor.py:186} INFO - Started process (PID=457) to work on /home/airflow/.local/lib/python3.12/site-packages/airflow/example_dags/example_xcomargs.py
[2024-11-24T20:38:45.104+0000] {processor.py:914} INFO - Processing file /home/airflow/.local/lib/python3.12/site-packages/airflow/example_dags/example_xcomargs.py for tasks to queue
[2024-11-24T20:38:45.108+0000] {logging_mixin.py:190} INFO - [2024-11-24T20:38:45.107+0000] {dagbag.py:588} INFO - Filling up the DagBag from /home/airflow/.local/lib/python3.12/site-packages/airflow/example_dags/example_xcomargs.py
[2024-11-24T20:38:45.120+0000] {processor.py:925} INFO - DAG(s) 'example_xcom_args', 'example_xcom_args_with_operators' retrieved from /home/airflow/.local/lib/python3.12/site-packages/airflow/example_dags/example_xcomargs.py
[2024-11-24T20:38:45.147+0000] {logging_mixin.py:190} INFO - [2024-11-24T20:38:45.147+0000] {dag.py:3239} INFO - Sync 2 DAGs
[2024-11-24T20:38:45.165+0000] {logging_mixin.py:190} INFO - [2024-11-24T20:38:45.165+0000] {dag.py:4180} INFO - Setting next_dagrun for example_xcom_args to None, run_after=None
[2024-11-24T20:38:45.170+0000] {logging_mixin.py:190} INFO - [2024-11-24T20:38:45.170+0000] {dag.py:4180} INFO - Setting next_dagrun for example_xcom_args_with_operators to None, run_after=None
[2024-11-24T20:38:45.215+0000] {processor.py:208} INFO - Processing /home/airflow/.local/lib/python3.12/site-packages/airflow/example_dags/example_xcomargs.py took 0.119 seconds
[2024-11-24T20:39:16.871+0000] {processor.py:186} INFO - Started process (PID=529) to work on /home/airflow/.local/lib/python3.12/site-packages/airflow/example_dags/example_xcomargs.py
[2024-11-24T20:39:16.873+0000] {processor.py:914} INFO - Processing file /home/airflow/.local/lib/python3.12/site-packages/airflow/example_dags/example_xcomargs.py for tasks to queue
[2024-11-24T20:39:16.876+0000] {logging_mixin.py:190} INFO - [2024-11-24T20:39:16.875+0000] {dagbag.py:588} INFO - Filling up the DagBag from /home/airflow/.local/lib/python3.12/site-packages/airflow/example_dags/example_xcomargs.py
[2024-11-24T20:39:16.894+0000] {processor.py:925} INFO - DAG(s) 'example_xcom_args_with_operators', 'example_xcom_args' retrieved from /home/airflow/.local/lib/python3.12/site-packages/airflow/example_dags/example_xcomargs.py
[2024-11-24T20:39:16.932+0000] {logging_mixin.py:190} INFO - [2024-11-24T20:39:16.932+0000] {dag.py:3239} INFO - Sync 2 DAGs
[2024-11-24T20:39:16.953+0000] {logging_mixin.py:190} INFO - [2024-11-24T20:39:16.953+0000] {dag.py:4180} INFO - Setting next_dagrun for example_xcom_args to None, run_after=None
[2024-11-24T20:39:16.957+0000] {logging_mixin.py:190} INFO - [2024-11-24T20:39:16.957+0000] {dag.py:4180} INFO - Setting next_dagrun for example_xcom_args_with_operators to None, run_after=None
[2024-11-24T20:39:17.008+0000] {processor.py:208} INFO - Processing /home/airflow/.local/lib/python3.12/site-packages/airflow/example_dags/example_xcomargs.py took 0.145 seconds
[2024-11-24T20:39:48.548+0000] {processor.py:186} INFO - Started process (PID=600) to work on /home/airflow/.local/lib/python3.12/site-packages/airflow/example_dags/example_xcomargs.py
[2024-11-24T20:39:48.549+0000] {processor.py:914} INFO - Processing file /home/airflow/.local/lib/python3.12/site-packages/airflow/example_dags/example_xcomargs.py for tasks to queue
[2024-11-24T20:39:48.552+0000] {logging_mixin.py:190} INFO - [2024-11-24T20:39:48.552+0000] {dagbag.py:588} INFO - Filling up the DagBag from /home/airflow/.local/lib/python3.12/site-packages/airflow/example_dags/example_xcomargs.py
[2024-11-24T20:39:48.563+0000] {processor.py:925} INFO - DAG(s) 'example_xcom_args', 'example_xcom_args_with_operators' retrieved from /home/airflow/.local/lib/python3.12/site-packages/airflow/example_dags/example_xcomargs.py
[2024-11-24T20:39:48.588+0000] {logging_mixin.py:190} INFO - [2024-11-24T20:39:48.588+0000] {dag.py:3239} INFO - Sync 2 DAGs
[2024-11-24T20:39:48.605+0000] {logging_mixin.py:190} INFO - [2024-11-24T20:39:48.605+0000] {dag.py:4180} INFO - Setting next_dagrun for example_xcom_args to None, run_after=None
[2024-11-24T20:39:48.609+0000] {logging_mixin.py:190} INFO - [2024-11-24T20:39:48.609+0000] {dag.py:4180} INFO - Setting next_dagrun for example_xcom_args_with_operators to None, run_after=None
[2024-11-24T20:39:48.924+0000] {processor.py:208} INFO - Processing /home/airflow/.local/lib/python3.12/site-packages/airflow/example_dags/example_xcomargs.py took 0.384 seconds
[2024-11-24T20:40:19.035+0000] {processor.py:186} INFO - Started process (PID=672) to work on /home/airflow/.local/lib/python3.12/site-packages/airflow/example_dags/example_xcomargs.py
[2024-11-24T20:40:19.036+0000] {processor.py:914} INFO - Processing file /home/airflow/.local/lib/python3.12/site-packages/airflow/example_dags/example_xcomargs.py for tasks to queue
[2024-11-24T20:40:19.039+0000] {logging_mixin.py:190} INFO - [2024-11-24T20:40:19.038+0000] {dagbag.py:588} INFO - Filling up the DagBag from /home/airflow/.local/lib/python3.12/site-packages/airflow/example_dags/example_xcomargs.py
[2024-11-24T20:40:19.051+0000] {processor.py:925} INFO - DAG(s) 'example_xcom_args', 'example_xcom_args_with_operators' retrieved from /home/airflow/.local/lib/python3.12/site-packages/airflow/example_dags/example_xcomargs.py
[2024-11-24T20:40:19.078+0000] {logging_mixin.py:190} INFO - [2024-11-24T20:40:19.078+0000] {dag.py:3239} INFO - Sync 2 DAGs
[2024-11-24T20:40:19.095+0000] {logging_mixin.py:190} INFO - [2024-11-24T20:40:19.095+0000] {dag.py:4180} INFO - Setting next_dagrun for example_xcom_args to None, run_after=None
[2024-11-24T20:40:19.100+0000] {logging_mixin.py:190} INFO - [2024-11-24T20:40:19.099+0000] {dag.py:4180} INFO - Setting next_dagrun for example_xcom_args_with_operators to None, run_after=None
[2024-11-24T20:40:19.234+0000] {processor.py:208} INFO - Processing /home/airflow/.local/lib/python3.12/site-packages/airflow/example_dags/example_xcomargs.py took 0.205 seconds
[2024-11-24T20:40:50.618+0000] {processor.py:186} INFO - Started process (PID=743) to work on /home/airflow/.local/lib/python3.12/site-packages/airflow/example_dags/example_xcomargs.py
[2024-11-24T20:40:50.720+0000] {processor.py:914} INFO - Processing file /home/airflow/.local/lib/python3.12/site-packages/airflow/example_dags/example_xcomargs.py for tasks to queue
[2024-11-24T20:40:50.723+0000] {logging_mixin.py:190} INFO - [2024-11-24T20:40:50.723+0000] {dagbag.py:588} INFO - Filling up the DagBag from /home/airflow/.local/lib/python3.12/site-packages/airflow/example_dags/example_xcomargs.py
[2024-11-24T20:40:50.741+0000] {processor.py:925} INFO - DAG(s) 'example_xcom_args_with_operators', 'example_xcom_args' retrieved from /home/airflow/.local/lib/python3.12/site-packages/airflow/example_dags/example_xcomargs.py
[2024-11-24T20:40:50.774+0000] {logging_mixin.py:190} INFO - [2024-11-24T20:40:50.774+0000] {dag.py:3239} INFO - Sync 2 DAGs
[2024-11-24T20:40:50.793+0000] {logging_mixin.py:190} INFO - [2024-11-24T20:40:50.793+0000] {dag.py:4180} INFO - Setting next_dagrun for example_xcom_args to None, run_after=None
[2024-11-24T20:40:50.798+0000] {logging_mixin.py:190} INFO - [2024-11-24T20:40:50.798+0000] {dag.py:4180} INFO - Setting next_dagrun for example_xcom_args_with_operators to None, run_after=None
[2024-11-24T20:40:50.876+0000] {processor.py:208} INFO - Processing /home/airflow/.local/lib/python3.12/site-packages/airflow/example_dags/example_xcomargs.py took 0.267 seconds
[2024-11-24T20:41:21.661+0000] {processor.py:186} INFO - Started process (PID=815) to work on /home/airflow/.local/lib/python3.12/site-packages/airflow/example_dags/example_xcomargs.py
[2024-11-24T20:41:21.663+0000] {processor.py:914} INFO - Processing file /home/airflow/.local/lib/python3.12/site-packages/airflow/example_dags/example_xcomargs.py for tasks to queue
[2024-11-24T20:41:21.666+0000] {logging_mixin.py:190} INFO - [2024-11-24T20:41:21.666+0000] {dagbag.py:588} INFO - Filling up the DagBag from /home/airflow/.local/lib/python3.12/site-packages/airflow/example_dags/example_xcomargs.py
[2024-11-24T20:41:21.678+0000] {processor.py:925} INFO - DAG(s) 'example_xcom_args', 'example_xcom_args_with_operators' retrieved from /home/airflow/.local/lib/python3.12/site-packages/airflow/example_dags/example_xcomargs.py
[2024-11-24T20:41:21.705+0000] {logging_mixin.py:190} INFO - [2024-11-24T20:41:21.705+0000] {dag.py:3239} INFO - Sync 2 DAGs
[2024-11-24T20:41:21.722+0000] {logging_mixin.py:190} INFO - [2024-11-24T20:41:21.722+0000] {dag.py:4180} INFO - Setting next_dagrun for example_xcom_args to None, run_after=None
[2024-11-24T20:41:21.727+0000] {logging_mixin.py:190} INFO - [2024-11-24T20:41:21.727+0000] {dag.py:4180} INFO - Setting next_dagrun for example_xcom_args_with_operators to None, run_after=None
[2024-11-24T20:41:21.777+0000] {processor.py:208} INFO - Processing /home/airflow/.local/lib/python3.12/site-packages/airflow/example_dags/example_xcomargs.py took 0.123 seconds
[2024-11-24T20:41:54.547+0000] {processor.py:186} INFO - Started process (PID=887) to work on /home/airflow/.local/lib/python3.12/site-packages/airflow/example_dags/example_xcomargs.py
[2024-11-24T20:41:54.548+0000] {processor.py:914} INFO - Processing file /home/airflow/.local/lib/python3.12/site-packages/airflow/example_dags/example_xcomargs.py for tasks to queue
[2024-11-24T20:41:54.551+0000] {logging_mixin.py:190} INFO - [2024-11-24T20:41:54.550+0000] {dagbag.py:588} INFO - Filling up the DagBag from /home/airflow/.local/lib/python3.12/site-packages/airflow/example_dags/example_xcomargs.py
[2024-11-24T20:41:54.563+0000] {processor.py:925} INFO - DAG(s) 'example_xcom_args_with_operators', 'example_xcom_args' retrieved from /home/airflow/.local/lib/python3.12/site-packages/airflow/example_dags/example_xcomargs.py
[2024-11-24T20:41:54.589+0000] {logging_mixin.py:190} INFO - [2024-11-24T20:41:54.589+0000] {dag.py:3239} INFO - Sync 2 DAGs
[2024-11-24T20:41:54.605+0000] {logging_mixin.py:190} INFO - [2024-11-24T20:41:54.605+0000] {dag.py:4180} INFO - Setting next_dagrun for example_xcom_args to None, run_after=None
[2024-11-24T20:41:54.610+0000] {logging_mixin.py:190} INFO - [2024-11-24T20:41:54.610+0000] {dag.py:4180} INFO - Setting next_dagrun for example_xcom_args_with_operators to None, run_after=None
[2024-11-24T20:41:54.661+0000] {processor.py:208} INFO - Processing /home/airflow/.local/lib/python3.12/site-packages/airflow/example_dags/example_xcomargs.py took 0.120 seconds
[2024-11-24T20:42:27.141+0000] {processor.py:186} INFO - Started process (PID=965) to work on /home/airflow/.local/lib/python3.12/site-packages/airflow/example_dags/example_xcomargs.py
[2024-11-24T20:42:27.143+0000] {processor.py:914} INFO - Processing file /home/airflow/.local/lib/python3.12/site-packages/airflow/example_dags/example_xcomargs.py for tasks to queue
[2024-11-24T20:42:27.146+0000] {logging_mixin.py:190} INFO - [2024-11-24T20:42:27.145+0000] {dagbag.py:588} INFO - Filling up the DagBag from /home/airflow/.local/lib/python3.12/site-packages/airflow/example_dags/example_xcomargs.py
[2024-11-24T20:42:27.159+0000] {processor.py:925} INFO - DAG(s) 'example_xcom_args_with_operators', 'example_xcom_args' retrieved from /home/airflow/.local/lib/python3.12/site-packages/airflow/example_dags/example_xcomargs.py
[2024-11-24T20:42:27.189+0000] {logging_mixin.py:190} INFO - [2024-11-24T20:42:27.189+0000] {dag.py:3239} INFO - Sync 2 DAGs
[2024-11-24T20:42:27.211+0000] {logging_mixin.py:190} INFO - [2024-11-24T20:42:27.210+0000] {dag.py:4180} INFO - Setting next_dagrun for example_xcom_args to None, run_after=None
[2024-11-24T20:42:27.215+0000] {logging_mixin.py:190} INFO - [2024-11-24T20:42:27.215+0000] {dag.py:4180} INFO - Setting next_dagrun for example_xcom_args_with_operators to None, run_after=None
[2024-11-24T20:42:27.270+0000] {processor.py:208} INFO - Processing /home/airflow/.local/lib/python3.12/site-packages/airflow/example_dags/example_xcomargs.py took 0.137 seconds
[2024-11-24T20:42:58.198+0000] {processor.py:186} INFO - Started process (PID=1037) to work on /home/airflow/.local/lib/python3.12/site-packages/airflow/example_dags/example_xcomargs.py
[2024-11-24T20:42:58.200+0000] {processor.py:914} INFO - Processing file /home/airflow/.local/lib/python3.12/site-packages/airflow/example_dags/example_xcomargs.py for tasks to queue
[2024-11-24T20:42:58.203+0000] {logging_mixin.py:190} INFO - [2024-11-24T20:42:58.202+0000] {dagbag.py:588} INFO - Filling up the DagBag from /home/airflow/.local/lib/python3.12/site-packages/airflow/example_dags/example_xcomargs.py
[2024-11-24T20:42:58.215+0000] {processor.py:925} INFO - DAG(s) 'example_xcom_args', 'example_xcom_args_with_operators' retrieved from /home/airflow/.local/lib/python3.12/site-packages/airflow/example_dags/example_xcomargs.py
[2024-11-24T20:42:58.252+0000] {logging_mixin.py:190} INFO - [2024-11-24T20:42:58.251+0000] {dag.py:3239} INFO - Sync 2 DAGs
[2024-11-24T20:42:58.272+0000] {logging_mixin.py:190} INFO - [2024-11-24T20:42:58.271+0000] {dag.py:4180} INFO - Setting next_dagrun for example_xcom_args to None, run_after=None
[2024-11-24T20:42:58.277+0000] {logging_mixin.py:190} INFO - [2024-11-24T20:42:58.277+0000] {dag.py:4180} INFO - Setting next_dagrun for example_xcom_args_with_operators to None, run_after=None
[2024-11-24T20:42:58.340+0000] {processor.py:208} INFO - Processing /home/airflow/.local/lib/python3.12/site-packages/airflow/example_dags/example_xcomargs.py took 0.149 seconds
[2024-11-24T20:43:30.101+0000] {processor.py:186} INFO - Started process (PID=1109) to work on /home/airflow/.local/lib/python3.12/site-packages/airflow/example_dags/example_xcomargs.py
[2024-11-24T20:43:30.102+0000] {processor.py:914} INFO - Processing file /home/airflow/.local/lib/python3.12/site-packages/airflow/example_dags/example_xcomargs.py for tasks to queue
[2024-11-24T20:43:30.106+0000] {logging_mixin.py:190} INFO - [2024-11-24T20:43:30.105+0000] {dagbag.py:588} INFO - Filling up the DagBag from /home/airflow/.local/lib/python3.12/site-packages/airflow/example_dags/example_xcomargs.py
[2024-11-24T20:43:30.119+0000] {processor.py:925} INFO - DAG(s) 'example_xcom_args', 'example_xcom_args_with_operators' retrieved from /home/airflow/.local/lib/python3.12/site-packages/airflow/example_dags/example_xcomargs.py
[2024-11-24T20:43:30.151+0000] {logging_mixin.py:190} INFO - [2024-11-24T20:43:30.150+0000] {dag.py:3239} INFO - Sync 2 DAGs
[2024-11-24T20:43:30.173+0000] {logging_mixin.py:190} INFO - [2024-11-24T20:43:30.173+0000] {dag.py:4180} INFO - Setting next_dagrun for example_xcom_args to None, run_after=None
[2024-11-24T20:43:30.179+0000] {logging_mixin.py:190} INFO - [2024-11-24T20:43:30.178+0000] {dag.py:4180} INFO - Setting next_dagrun for example_xcom_args_with_operators to None, run_after=None
[2024-11-24T20:43:30.231+0000] {processor.py:208} INFO - Processing /home/airflow/.local/lib/python3.12/site-packages/airflow/example_dags/example_xcomargs.py took 0.137 seconds
[2024-11-24T20:44:01.545+0000] {processor.py:186} INFO - Started process (PID=1181) to work on /home/airflow/.local/lib/python3.12/site-packages/airflow/example_dags/example_xcomargs.py
[2024-11-24T20:44:01.546+0000] {processor.py:914} INFO - Processing file /home/airflow/.local/lib/python3.12/site-packages/airflow/example_dags/example_xcomargs.py for tasks to queue
[2024-11-24T20:44:01.549+0000] {logging_mixin.py:190} INFO - [2024-11-24T20:44:01.549+0000] {dagbag.py:588} INFO - Filling up the DagBag from /home/airflow/.local/lib/python3.12/site-packages/airflow/example_dags/example_xcomargs.py
[2024-11-24T20:44:01.563+0000] {processor.py:925} INFO - DAG(s) 'example_xcom_args', 'example_xcom_args_with_operators' retrieved from /home/airflow/.local/lib/python3.12/site-packages/airflow/example_dags/example_xcomargs.py
[2024-11-24T20:44:01.590+0000] {logging_mixin.py:190} INFO - [2024-11-24T20:44:01.590+0000] {dag.py:3239} INFO - Sync 2 DAGs
[2024-11-24T20:44:01.610+0000] {logging_mixin.py:190} INFO - [2024-11-24T20:44:01.610+0000] {dag.py:4180} INFO - Setting next_dagrun for example_xcom_args to None, run_after=None
[2024-11-24T20:44:01.617+0000] {logging_mixin.py:190} INFO - [2024-11-24T20:44:01.616+0000] {dag.py:4180} INFO - Setting next_dagrun for example_xcom_args_with_operators to None, run_after=None
[2024-11-24T20:44:01.663+0000] {processor.py:208} INFO - Processing /home/airflow/.local/lib/python3.12/site-packages/airflow/example_dags/example_xcomargs.py took 0.125 seconds
[2024-11-24T21:38:42.940+0000] {processor.py:186} INFO - Started process (PID=534) to work on /home/airflow/.local/lib/python3.12/site-packages/airflow/example_dags/example_xcomargs.py
[2024-11-24T21:38:42.942+0000] {processor.py:914} INFO - Processing file /home/airflow/.local/lib/python3.12/site-packages/airflow/example_dags/example_xcomargs.py for tasks to queue
[2024-11-24T21:38:42.946+0000] {logging_mixin.py:190} INFO - [2024-11-24T21:38:42.945+0000] {dagbag.py:588} INFO - Filling up the DagBag from /home/airflow/.local/lib/python3.12/site-packages/airflow/example_dags/example_xcomargs.py
[2024-11-24T21:38:42.961+0000] {processor.py:925} INFO - DAG(s) 'example_xcom_args', 'example_xcom_args_with_operators' retrieved from /home/airflow/.local/lib/python3.12/site-packages/airflow/example_dags/example_xcomargs.py
[2024-11-24T21:38:42.989+0000] {logging_mixin.py:190} INFO - [2024-11-24T21:38:42.989+0000] {dag.py:3239} INFO - Sync 2 DAGs
[2024-11-24T21:38:43.005+0000] {logging_mixin.py:190} INFO - [2024-11-24T21:38:43.004+0000] {dag.py:4180} INFO - Setting next_dagrun for example_xcom_args to None, run_after=None
[2024-11-24T21:38:43.010+0000] {logging_mixin.py:190} INFO - [2024-11-24T21:38:43.009+0000] {dag.py:4180} INFO - Setting next_dagrun for example_xcom_args_with_operators to None, run_after=None
[2024-11-24T21:38:43.064+0000] {processor.py:208} INFO - Processing /home/airflow/.local/lib/python3.12/site-packages/airflow/example_dags/example_xcomargs.py took 0.130 seconds
[2024-11-24T21:39:14.423+0000] {processor.py:186} INFO - Started process (PID=606) to work on /home/airflow/.local/lib/python3.12/site-packages/airflow/example_dags/example_xcomargs.py
[2024-11-24T21:39:14.425+0000] {processor.py:914} INFO - Processing file /home/airflow/.local/lib/python3.12/site-packages/airflow/example_dags/example_xcomargs.py for tasks to queue
[2024-11-24T21:39:14.428+0000] {logging_mixin.py:190} INFO - [2024-11-24T21:39:14.428+0000] {dagbag.py:588} INFO - Filling up the DagBag from /home/airflow/.local/lib/python3.12/site-packages/airflow/example_dags/example_xcomargs.py
[2024-11-24T21:39:14.440+0000] {processor.py:925} INFO - DAG(s) 'example_xcom_args', 'example_xcom_args_with_operators' retrieved from /home/airflow/.local/lib/python3.12/site-packages/airflow/example_dags/example_xcomargs.py
[2024-11-24T21:39:14.470+0000] {logging_mixin.py:190} INFO - [2024-11-24T21:39:14.470+0000] {dag.py:3239} INFO - Sync 2 DAGs
[2024-11-24T21:39:14.487+0000] {logging_mixin.py:190} INFO - [2024-11-24T21:39:14.487+0000] {dag.py:4180} INFO - Setting next_dagrun for example_xcom_args to None, run_after=None
[2024-11-24T21:39:14.492+0000] {logging_mixin.py:190} INFO - [2024-11-24T21:39:14.492+0000] {dag.py:4180} INFO - Setting next_dagrun for example_xcom_args_with_operators to None, run_after=None
[2024-11-24T21:39:14.542+0000] {processor.py:208} INFO - Processing /home/airflow/.local/lib/python3.12/site-packages/airflow/example_dags/example_xcomargs.py took 0.124 seconds
[2024-11-24T21:39:47.768+0000] {processor.py:186} INFO - Started process (PID=678) to work on /home/airflow/.local/lib/python3.12/site-packages/airflow/example_dags/example_xcomargs.py
[2024-11-24T21:39:47.769+0000] {processor.py:914} INFO - Processing file /home/airflow/.local/lib/python3.12/site-packages/airflow/example_dags/example_xcomargs.py for tasks to queue
[2024-11-24T21:39:47.772+0000] {logging_mixin.py:190} INFO - [2024-11-24T21:39:47.772+0000] {dagbag.py:588} INFO - Filling up the DagBag from /home/airflow/.local/lib/python3.12/site-packages/airflow/example_dags/example_xcomargs.py
[2024-11-24T21:39:47.782+0000] {processor.py:925} INFO - DAG(s) 'example_xcom_args', 'example_xcom_args_with_operators' retrieved from /home/airflow/.local/lib/python3.12/site-packages/airflow/example_dags/example_xcomargs.py
[2024-11-24T21:39:47.808+0000] {logging_mixin.py:190} INFO - [2024-11-24T21:39:47.808+0000] {dag.py:3239} INFO - Sync 2 DAGs
[2024-11-24T21:39:47.824+0000] {logging_mixin.py:190} INFO - [2024-11-24T21:39:47.823+0000] {dag.py:4180} INFO - Setting next_dagrun for example_xcom_args to None, run_after=None
[2024-11-24T21:39:47.828+0000] {logging_mixin.py:190} INFO - [2024-11-24T21:39:47.827+0000] {dag.py:4180} INFO - Setting next_dagrun for example_xcom_args_with_operators to None, run_after=None
[2024-11-24T21:39:47.880+0000] {processor.py:208} INFO - Processing /home/airflow/.local/lib/python3.12/site-packages/airflow/example_dags/example_xcomargs.py took 0.120 seconds
[2024-11-24T21:40:20.001+0000] {processor.py:186} INFO - Started process (PID=750) to work on /home/airflow/.local/lib/python3.12/site-packages/airflow/example_dags/example_xcomargs.py
[2024-11-24T21:40:20.002+0000] {processor.py:914} INFO - Processing file /home/airflow/.local/lib/python3.12/site-packages/airflow/example_dags/example_xcomargs.py for tasks to queue
[2024-11-24T21:40:20.005+0000] {logging_mixin.py:190} INFO - [2024-11-24T21:40:20.005+0000] {dagbag.py:588} INFO - Filling up the DagBag from /home/airflow/.local/lib/python3.12/site-packages/airflow/example_dags/example_xcomargs.py
[2024-11-24T21:40:20.015+0000] {processor.py:925} INFO - DAG(s) 'example_xcom_args_with_operators', 'example_xcom_args' retrieved from /home/airflow/.local/lib/python3.12/site-packages/airflow/example_dags/example_xcomargs.py
[2024-11-24T21:40:20.042+0000] {logging_mixin.py:190} INFO - [2024-11-24T21:40:20.042+0000] {dag.py:3239} INFO - Sync 2 DAGs
[2024-11-24T21:40:20.058+0000] {logging_mixin.py:190} INFO - [2024-11-24T21:40:20.057+0000] {dag.py:4180} INFO - Setting next_dagrun for example_xcom_args to None, run_after=None
[2024-11-24T21:40:20.062+0000] {logging_mixin.py:190} INFO - [2024-11-24T21:40:20.062+0000] {dag.py:4180} INFO - Setting next_dagrun for example_xcom_args_with_operators to None, run_after=None
[2024-11-24T21:40:20.161+0000] {processor.py:208} INFO - Processing /home/airflow/.local/lib/python3.12/site-packages/airflow/example_dags/example_xcomargs.py took 0.166 seconds
[2024-11-24T21:40:51.599+0000] {processor.py:186} INFO - Started process (PID=822) to work on /home/airflow/.local/lib/python3.12/site-packages/airflow/example_dags/example_xcomargs.py
[2024-11-24T21:40:51.600+0000] {processor.py:914} INFO - Processing file /home/airflow/.local/lib/python3.12/site-packages/airflow/example_dags/example_xcomargs.py for tasks to queue
[2024-11-24T21:40:51.603+0000] {logging_mixin.py:190} INFO - [2024-11-24T21:40:51.602+0000] {dagbag.py:588} INFO - Filling up the DagBag from /home/airflow/.local/lib/python3.12/site-packages/airflow/example_dags/example_xcomargs.py
[2024-11-24T21:40:51.613+0000] {processor.py:925} INFO - DAG(s) 'example_xcom_args_with_operators', 'example_xcom_args' retrieved from /home/airflow/.local/lib/python3.12/site-packages/airflow/example_dags/example_xcomargs.py
[2024-11-24T21:40:51.640+0000] {logging_mixin.py:190} INFO - [2024-11-24T21:40:51.640+0000] {dag.py:3239} INFO - Sync 2 DAGs
[2024-11-24T21:40:51.656+0000] {logging_mixin.py:190} INFO - [2024-11-24T21:40:51.656+0000] {dag.py:4180} INFO - Setting next_dagrun for example_xcom_args to None, run_after=None
[2024-11-24T21:40:51.661+0000] {logging_mixin.py:190} INFO - [2024-11-24T21:40:51.660+0000] {dag.py:4180} INFO - Setting next_dagrun for example_xcom_args_with_operators to None, run_after=None
[2024-11-24T21:40:51.742+0000] {processor.py:208} INFO - Processing /home/airflow/.local/lib/python3.12/site-packages/airflow/example_dags/example_xcomargs.py took 0.149 seconds
[2024-11-24T21:41:22.232+0000] {processor.py:186} INFO - Started process (PID=894) to work on /home/airflow/.local/lib/python3.12/site-packages/airflow/example_dags/example_xcomargs.py
[2024-11-24T21:41:22.233+0000] {processor.py:914} INFO - Processing file /home/airflow/.local/lib/python3.12/site-packages/airflow/example_dags/example_xcomargs.py for tasks to queue
[2024-11-24T21:41:22.236+0000] {logging_mixin.py:190} INFO - [2024-11-24T21:41:22.235+0000] {dagbag.py:588} INFO - Filling up the DagBag from /home/airflow/.local/lib/python3.12/site-packages/airflow/example_dags/example_xcomargs.py
[2024-11-24T21:41:22.247+0000] {processor.py:925} INFO - DAG(s) 'example_xcom_args_with_operators', 'example_xcom_args' retrieved from /home/airflow/.local/lib/python3.12/site-packages/airflow/example_dags/example_xcomargs.py
[2024-11-24T21:41:22.273+0000] {logging_mixin.py:190} INFO - [2024-11-24T21:41:22.273+0000] {dag.py:3239} INFO - Sync 2 DAGs
[2024-11-24T21:41:22.289+0000] {logging_mixin.py:190} INFO - [2024-11-24T21:41:22.289+0000] {dag.py:4180} INFO - Setting next_dagrun for example_xcom_args to None, run_after=None
[2024-11-24T21:41:22.293+0000] {logging_mixin.py:190} INFO - [2024-11-24T21:41:22.293+0000] {dag.py:4180} INFO - Setting next_dagrun for example_xcom_args_with_operators to None, run_after=None
[2024-11-24T21:41:22.344+0000] {processor.py:208} INFO - Processing /home/airflow/.local/lib/python3.12/site-packages/airflow/example_dags/example_xcomargs.py took 0.118 seconds
[2024-11-24T21:41:53.871+0000] {processor.py:186} INFO - Started process (PID=965) to work on /home/airflow/.local/lib/python3.12/site-packages/airflow/example_dags/example_xcomargs.py
[2024-11-24T21:41:53.873+0000] {processor.py:914} INFO - Processing file /home/airflow/.local/lib/python3.12/site-packages/airflow/example_dags/example_xcomargs.py for tasks to queue
[2024-11-24T21:41:53.876+0000] {logging_mixin.py:190} INFO - [2024-11-24T21:41:53.876+0000] {dagbag.py:588} INFO - Filling up the DagBag from /home/airflow/.local/lib/python3.12/site-packages/airflow/example_dags/example_xcomargs.py
[2024-11-24T21:41:53.889+0000] {processor.py:925} INFO - DAG(s) 'example_xcom_args', 'example_xcom_args_with_operators' retrieved from /home/airflow/.local/lib/python3.12/site-packages/airflow/example_dags/example_xcomargs.py
[2024-11-24T21:41:53.916+0000] {logging_mixin.py:190} INFO - [2024-11-24T21:41:53.916+0000] {dag.py:3239} INFO - Sync 2 DAGs
[2024-11-24T21:41:53.932+0000] {logging_mixin.py:190} INFO - [2024-11-24T21:41:53.932+0000] {dag.py:4180} INFO - Setting next_dagrun for example_xcom_args to None, run_after=None
[2024-11-24T21:41:53.937+0000] {logging_mixin.py:190} INFO - [2024-11-24T21:41:53.937+0000] {dag.py:4180} INFO - Setting next_dagrun for example_xcom_args_with_operators to None, run_after=None
[2024-11-24T21:41:54.111+0000] {processor.py:208} INFO - Processing /home/airflow/.local/lib/python3.12/site-packages/airflow/example_dags/example_xcomargs.py took 0.249 seconds
[2024-11-24T21:42:25.528+0000] {processor.py:186} INFO - Started process (PID=1037) to work on /home/airflow/.local/lib/python3.12/site-packages/airflow/example_dags/example_xcomargs.py
[2024-11-24T21:42:25.529+0000] {processor.py:914} INFO - Processing file /home/airflow/.local/lib/python3.12/site-packages/airflow/example_dags/example_xcomargs.py for tasks to queue
[2024-11-24T21:42:25.532+0000] {logging_mixin.py:190} INFO - [2024-11-24T21:42:25.532+0000] {dagbag.py:588} INFO - Filling up the DagBag from /home/airflow/.local/lib/python3.12/site-packages/airflow/example_dags/example_xcomargs.py
[2024-11-24T21:42:25.543+0000] {processor.py:925} INFO - DAG(s) 'example_xcom_args', 'example_xcom_args_with_operators' retrieved from /home/airflow/.local/lib/python3.12/site-packages/airflow/example_dags/example_xcomargs.py
[2024-11-24T21:42:25.569+0000] {logging_mixin.py:190} INFO - [2024-11-24T21:42:25.569+0000] {dag.py:3239} INFO - Sync 2 DAGs
[2024-11-24T21:42:25.585+0000] {logging_mixin.py:190} INFO - [2024-11-24T21:42:25.584+0000] {dag.py:4180} INFO - Setting next_dagrun for example_xcom_args to None, run_after=None
[2024-11-24T21:42:25.589+0000] {logging_mixin.py:190} INFO - [2024-11-24T21:42:25.589+0000] {dag.py:4180} INFO - Setting next_dagrun for example_xcom_args_with_operators to None, run_after=None
[2024-11-24T21:42:25.707+0000] {processor.py:208} INFO - Processing /home/airflow/.local/lib/python3.12/site-packages/airflow/example_dags/example_xcomargs.py took 0.185 seconds
[2024-11-24T21:42:56.834+0000] {processor.py:186} INFO - Started process (PID=1109) to work on /home/airflow/.local/lib/python3.12/site-packages/airflow/example_dags/example_xcomargs.py
[2024-11-24T21:42:56.836+0000] {processor.py:914} INFO - Processing file /home/airflow/.local/lib/python3.12/site-packages/airflow/example_dags/example_xcomargs.py for tasks to queue
[2024-11-24T21:42:56.840+0000] {logging_mixin.py:190} INFO - [2024-11-24T21:42:56.839+0000] {dagbag.py:588} INFO - Filling up the DagBag from /home/airflow/.local/lib/python3.12/site-packages/airflow/example_dags/example_xcomargs.py
[2024-11-24T21:42:56.854+0000] {processor.py:925} INFO - DAG(s) 'example_xcom_args_with_operators', 'example_xcom_args' retrieved from /home/airflow/.local/lib/python3.12/site-packages/airflow/example_dags/example_xcomargs.py
[2024-11-24T21:42:56.889+0000] {logging_mixin.py:190} INFO - [2024-11-24T21:42:56.889+0000] {dag.py:3239} INFO - Sync 2 DAGs
[2024-11-24T21:42:56.906+0000] {logging_mixin.py:190} INFO - [2024-11-24T21:42:56.906+0000] {dag.py:4180} INFO - Setting next_dagrun for example_xcom_args to None, run_after=None
[2024-11-24T21:42:56.911+0000] {logging_mixin.py:190} INFO - [2024-11-24T21:42:56.910+0000] {dag.py:4180} INFO - Setting next_dagrun for example_xcom_args_with_operators to None, run_after=None
[2024-11-24T21:42:56.967+0000] {processor.py:208} INFO - Processing /home/airflow/.local/lib/python3.12/site-packages/airflow/example_dags/example_xcomargs.py took 0.140 seconds
[2024-11-24T21:43:27.215+0000] {processor.py:186} INFO - Started process (PID=1181) to work on /home/airflow/.local/lib/python3.12/site-packages/airflow/example_dags/example_xcomargs.py
[2024-11-24T21:43:27.216+0000] {processor.py:914} INFO - Processing file /home/airflow/.local/lib/python3.12/site-packages/airflow/example_dags/example_xcomargs.py for tasks to queue
[2024-11-24T21:43:27.219+0000] {logging_mixin.py:190} INFO - [2024-11-24T21:43:27.218+0000] {dagbag.py:588} INFO - Filling up the DagBag from /home/airflow/.local/lib/python3.12/site-packages/airflow/example_dags/example_xcomargs.py
[2024-11-24T21:43:27.230+0000] {processor.py:925} INFO - DAG(s) 'example_xcom_args_with_operators', 'example_xcom_args' retrieved from /home/airflow/.local/lib/python3.12/site-packages/airflow/example_dags/example_xcomargs.py
[2024-11-24T21:43:27.260+0000] {logging_mixin.py:190} INFO - [2024-11-24T21:43:27.259+0000] {dag.py:3239} INFO - Sync 2 DAGs
[2024-11-24T21:43:27.276+0000] {logging_mixin.py:190} INFO - [2024-11-24T21:43:27.276+0000] {dag.py:4180} INFO - Setting next_dagrun for example_xcom_args to None, run_after=None
[2024-11-24T21:43:27.281+0000] {logging_mixin.py:190} INFO - [2024-11-24T21:43:27.281+0000] {dag.py:4180} INFO - Setting next_dagrun for example_xcom_args_with_operators to None, run_after=None
[2024-11-24T21:43:27.335+0000] {processor.py:208} INFO - Processing /home/airflow/.local/lib/python3.12/site-packages/airflow/example_dags/example_xcomargs.py took 0.127 seconds
[2024-11-24T21:43:58.371+0000] {processor.py:186} INFO - Started process (PID=1253) to work on /home/airflow/.local/lib/python3.12/site-packages/airflow/example_dags/example_xcomargs.py
[2024-11-24T21:43:58.372+0000] {processor.py:914} INFO - Processing file /home/airflow/.local/lib/python3.12/site-packages/airflow/example_dags/example_xcomargs.py for tasks to queue
[2024-11-24T21:43:58.375+0000] {logging_mixin.py:190} INFO - [2024-11-24T21:43:58.374+0000] {dagbag.py:588} INFO - Filling up the DagBag from /home/airflow/.local/lib/python3.12/site-packages/airflow/example_dags/example_xcomargs.py
[2024-11-24T21:43:58.389+0000] {processor.py:925} INFO - DAG(s) 'example_xcom_args_with_operators', 'example_xcom_args' retrieved from /home/airflow/.local/lib/python3.12/site-packages/airflow/example_dags/example_xcomargs.py
[2024-11-24T21:43:58.419+0000] {logging_mixin.py:190} INFO - [2024-11-24T21:43:58.419+0000] {dag.py:3239} INFO - Sync 2 DAGs
[2024-11-24T21:43:58.441+0000] {logging_mixin.py:190} INFO - [2024-11-24T21:43:58.440+0000] {dag.py:4180} INFO - Setting next_dagrun for example_xcom_args to None, run_after=None
[2024-11-24T21:43:58.445+0000] {logging_mixin.py:190} INFO - [2024-11-24T21:43:58.445+0000] {dag.py:4180} INFO - Setting next_dagrun for example_xcom_args_with_operators to None, run_after=None
[2024-11-24T21:43:58.494+0000] {processor.py:208} INFO - Processing /home/airflow/.local/lib/python3.12/site-packages/airflow/example_dags/example_xcomargs.py took 0.131 seconds
[2024-11-24T21:44:29.815+0000] {processor.py:186} INFO - Started process (PID=1325) to work on /home/airflow/.local/lib/python3.12/site-packages/airflow/example_dags/example_xcomargs.py
[2024-11-24T21:44:29.816+0000] {processor.py:914} INFO - Processing file /home/airflow/.local/lib/python3.12/site-packages/airflow/example_dags/example_xcomargs.py for tasks to queue
[2024-11-24T21:44:29.818+0000] {logging_mixin.py:190} INFO - [2024-11-24T21:44:29.818+0000] {dagbag.py:588} INFO - Filling up the DagBag from /home/airflow/.local/lib/python3.12/site-packages/airflow/example_dags/example_xcomargs.py
[2024-11-24T21:44:29.830+0000] {processor.py:925} INFO - DAG(s) 'example_xcom_args', 'example_xcom_args_with_operators' retrieved from /home/airflow/.local/lib/python3.12/site-packages/airflow/example_dags/example_xcomargs.py
[2024-11-24T21:44:29.863+0000] {logging_mixin.py:190} INFO - [2024-11-24T21:44:29.863+0000] {dag.py:3239} INFO - Sync 2 DAGs
[2024-11-24T21:44:29.882+0000] {logging_mixin.py:190} INFO - [2024-11-24T21:44:29.882+0000] {dag.py:4180} INFO - Setting next_dagrun for example_xcom_args to None, run_after=None
[2024-11-24T21:44:29.888+0000] {logging_mixin.py:190} INFO - [2024-11-24T21:44:29.887+0000] {dag.py:4180} INFO - Setting next_dagrun for example_xcom_args_with_operators to None, run_after=None
[2024-11-24T21:44:29.940+0000] {processor.py:208} INFO - Processing /home/airflow/.local/lib/python3.12/site-packages/airflow/example_dags/example_xcomargs.py took 0.133 seconds
[2024-11-24T21:45:01.063+0000] {processor.py:186} INFO - Started process (PID=1403) to work on /home/airflow/.local/lib/python3.12/site-packages/airflow/example_dags/example_xcomargs.py
[2024-11-24T21:45:01.064+0000] {processor.py:914} INFO - Processing file /home/airflow/.local/lib/python3.12/site-packages/airflow/example_dags/example_xcomargs.py for tasks to queue
[2024-11-24T21:45:01.067+0000] {logging_mixin.py:190} INFO - [2024-11-24T21:45:01.066+0000] {dagbag.py:588} INFO - Filling up the DagBag from /home/airflow/.local/lib/python3.12/site-packages/airflow/example_dags/example_xcomargs.py
[2024-11-24T21:45:01.079+0000] {processor.py:925} INFO - DAG(s) 'example_xcom_args_with_operators', 'example_xcom_args' retrieved from /home/airflow/.local/lib/python3.12/site-packages/airflow/example_dags/example_xcomargs.py
[2024-11-24T21:45:01.108+0000] {logging_mixin.py:190} INFO - [2024-11-24T21:45:01.108+0000] {dag.py:3239} INFO - Sync 2 DAGs
[2024-11-24T21:45:01.126+0000] {logging_mixin.py:190} INFO - [2024-11-24T21:45:01.126+0000] {dag.py:4180} INFO - Setting next_dagrun for example_xcom_args to None, run_after=None
[2024-11-24T21:45:01.131+0000] {logging_mixin.py:190} INFO - [2024-11-24T21:45:01.131+0000] {dag.py:4180} INFO - Setting next_dagrun for example_xcom_args_with_operators to None, run_after=None
[2024-11-24T21:45:01.277+0000] {processor.py:208} INFO - Processing /home/airflow/.local/lib/python3.12/site-packages/airflow/example_dags/example_xcomargs.py took 0.221 seconds
