[2024-11-19T17:41:59.716+0000] {processor.py:186} INFO - Started process (PID=158) to work on /home/airflow/.local/lib/python3.12/site-packages/airflow/example_dags/example_dataset_alias_with_no_taskflow.py
[2024-11-19T17:41:59.717+0000] {processor.py:914} INFO - Processing file /home/airflow/.local/lib/python3.12/site-packages/airflow/example_dags/example_dataset_alias_with_no_taskflow.py for tasks to queue
[2024-11-19T17:41:59.720+0000] {logging_mixin.py:190} INFO - [2024-11-19T17:41:59.719+0000] {dagbag.py:588} INFO - Filling up the DagBag from /home/airflow/.local/lib/python3.12/site-packages/airflow/example_dags/example_dataset_alias_with_no_taskflow.py
[2024-11-19T17:42:00.592+0000] {processor.py:925} INFO - DAG(s) 'dataset_s3_bucket_producer_with_no_taskflow', 'dataset_s3_bucket_consumer_with_no_taskflow', 'dataset_alias_example_alias_producer_with_no_taskflow', 'dataset_alias_example_alias_consumer_with_no_taskflow' retrieved from /home/airflow/.local/lib/python3.12/site-packages/airflow/example_dags/example_dataset_alias_with_no_taskflow.py
[2024-11-19T17:42:00.619+0000] {logging_mixin.py:190} INFO - [2024-11-19T17:42:00.618+0000] {dag.py:3239} INFO - Sync 4 DAGs
[2024-11-19T17:42:00.648+0000] {logging_mixin.py:190} INFO - [2024-11-19T17:42:00.647+0000] {dag.py:4180} INFO - Setting next_dagrun for dataset_alias_example_alias_consumer_with_no_taskflow to None, run_after=None
[2024-11-19T17:42:00.651+0000] {logging_mixin.py:190} INFO - [2024-11-19T17:42:00.651+0000] {dag.py:4180} INFO - Setting next_dagrun for dataset_alias_example_alias_producer_with_no_taskflow to None, run_after=None
[2024-11-19T17:42:00.654+0000] {logging_mixin.py:190} INFO - [2024-11-19T17:42:00.654+0000] {dag.py:4180} INFO - Setting next_dagrun for dataset_s3_bucket_consumer_with_no_taskflow to None, run_after=None
[2024-11-19T17:42:00.656+0000] {logging_mixin.py:190} INFO - [2024-11-19T17:42:00.656+0000] {dag.py:4180} INFO - Setting next_dagrun for dataset_s3_bucket_producer_with_no_taskflow to None, run_after=None
[2024-11-19T17:42:00.729+0000] {processor.py:208} INFO - Processing /home/airflow/.local/lib/python3.12/site-packages/airflow/example_dags/example_dataset_alias_with_no_taskflow.py took 1.021 seconds
[2024-11-19T17:43:35.360+0000] {processor.py:186} INFO - Started process (PID=118) to work on /home/airflow/.local/lib/python3.12/site-packages/airflow/example_dags/example_dataset_alias_with_no_taskflow.py
[2024-11-19T17:43:35.361+0000] {processor.py:914} INFO - Processing file /home/airflow/.local/lib/python3.12/site-packages/airflow/example_dags/example_dataset_alias_with_no_taskflow.py for tasks to queue
[2024-11-19T17:43:35.364+0000] {logging_mixin.py:190} INFO - [2024-11-19T17:43:35.364+0000] {dagbag.py:588} INFO - Filling up the DagBag from /home/airflow/.local/lib/python3.12/site-packages/airflow/example_dags/example_dataset_alias_with_no_taskflow.py
[2024-11-19T17:43:36.122+0000] {processor.py:925} INFO - DAG(s) 'dataset_s3_bucket_consumer_with_no_taskflow', 'dataset_s3_bucket_producer_with_no_taskflow', 'dataset_alias_example_alias_consumer_with_no_taskflow', 'dataset_alias_example_alias_producer_with_no_taskflow' retrieved from /home/airflow/.local/lib/python3.12/site-packages/airflow/example_dags/example_dataset_alias_with_no_taskflow.py
[2024-11-19T17:43:36.157+0000] {logging_mixin.py:190} INFO - [2024-11-19T17:43:36.157+0000] {dag.py:3239} INFO - Sync 4 DAGs
[2024-11-19T17:43:36.185+0000] {logging_mixin.py:190} INFO - [2024-11-19T17:43:36.184+0000] {dag.py:4180} INFO - Setting next_dagrun for dataset_alias_example_alias_consumer_with_no_taskflow to None, run_after=None
[2024-11-19T17:43:36.189+0000] {logging_mixin.py:190} INFO - [2024-11-19T17:43:36.189+0000] {dag.py:4180} INFO - Setting next_dagrun for dataset_alias_example_alias_producer_with_no_taskflow to None, run_after=None
[2024-11-19T17:43:36.191+0000] {logging_mixin.py:190} INFO - [2024-11-19T17:43:36.191+0000] {dag.py:4180} INFO - Setting next_dagrun for dataset_s3_bucket_consumer_with_no_taskflow to None, run_after=None
[2024-11-19T17:43:36.193+0000] {logging_mixin.py:190} INFO - [2024-11-19T17:43:36.193+0000] {dag.py:4180} INFO - Setting next_dagrun for dataset_s3_bucket_producer_with_no_taskflow to None, run_after=None
[2024-11-19T17:43:36.270+0000] {processor.py:208} INFO - Processing /home/airflow/.local/lib/python3.12/site-packages/airflow/example_dags/example_dataset_alias_with_no_taskflow.py took 0.918 seconds
[2024-11-19T17:44:06.980+0000] {processor.py:186} INFO - Started process (PID=195) to work on /home/airflow/.local/lib/python3.12/site-packages/airflow/example_dags/example_dataset_alias_with_no_taskflow.py
[2024-11-19T17:44:06.982+0000] {processor.py:914} INFO - Processing file /home/airflow/.local/lib/python3.12/site-packages/airflow/example_dags/example_dataset_alias_with_no_taskflow.py for tasks to queue
[2024-11-19T17:44:06.986+0000] {logging_mixin.py:190} INFO - [2024-11-19T17:44:06.986+0000] {dagbag.py:588} INFO - Filling up the DagBag from /home/airflow/.local/lib/python3.12/site-packages/airflow/example_dags/example_dataset_alias_with_no_taskflow.py
[2024-11-19T17:44:07.753+0000] {processor.py:925} INFO - DAG(s) 'dataset_alias_example_alias_consumer_with_no_taskflow', 'dataset_s3_bucket_consumer_with_no_taskflow', 'dataset_s3_bucket_producer_with_no_taskflow', 'dataset_alias_example_alias_producer_with_no_taskflow' retrieved from /home/airflow/.local/lib/python3.12/site-packages/airflow/example_dags/example_dataset_alias_with_no_taskflow.py
[2024-11-19T17:44:07.784+0000] {logging_mixin.py:190} INFO - [2024-11-19T17:44:07.782+0000] {dag.py:3239} INFO - Sync 4 DAGs
[2024-11-19T17:44:07.812+0000] {logging_mixin.py:190} INFO - [2024-11-19T17:44:07.812+0000] {dag.py:4180} INFO - Setting next_dagrun for dataset_alias_example_alias_consumer_with_no_taskflow to None, run_after=None
[2024-11-19T17:44:07.816+0000] {logging_mixin.py:190} INFO - [2024-11-19T17:44:07.816+0000] {dag.py:4180} INFO - Setting next_dagrun for dataset_alias_example_alias_producer_with_no_taskflow to None, run_after=None
[2024-11-19T17:44:07.820+0000] {logging_mixin.py:190} INFO - [2024-11-19T17:44:07.820+0000] {dag.py:4180} INFO - Setting next_dagrun for dataset_s3_bucket_consumer_with_no_taskflow to None, run_after=None
[2024-11-19T17:44:07.823+0000] {logging_mixin.py:190} INFO - [2024-11-19T17:44:07.822+0000] {dag.py:4180} INFO - Setting next_dagrun for dataset_s3_bucket_producer_with_no_taskflow to None, run_after=None
[2024-11-19T17:44:08.124+0000] {processor.py:208} INFO - Processing /home/airflow/.local/lib/python3.12/site-packages/airflow/example_dags/example_dataset_alias_with_no_taskflow.py took 1.151 seconds
[2024-11-19T17:44:38.495+0000] {processor.py:186} INFO - Started process (PID=266) to work on /home/airflow/.local/lib/python3.12/site-packages/airflow/example_dags/example_dataset_alias_with_no_taskflow.py
[2024-11-19T17:44:38.497+0000] {processor.py:914} INFO - Processing file /home/airflow/.local/lib/python3.12/site-packages/airflow/example_dags/example_dataset_alias_with_no_taskflow.py for tasks to queue
[2024-11-19T17:44:38.501+0000] {logging_mixin.py:190} INFO - [2024-11-19T17:44:38.501+0000] {dagbag.py:588} INFO - Filling up the DagBag from /home/airflow/.local/lib/python3.12/site-packages/airflow/example_dags/example_dataset_alias_with_no_taskflow.py
[2024-11-19T17:44:39.258+0000] {processor.py:925} INFO - DAG(s) 'dataset_alias_example_alias_consumer_with_no_taskflow', 'dataset_alias_example_alias_producer_with_no_taskflow', 'dataset_s3_bucket_consumer_with_no_taskflow', 'dataset_s3_bucket_producer_with_no_taskflow' retrieved from /home/airflow/.local/lib/python3.12/site-packages/airflow/example_dags/example_dataset_alias_with_no_taskflow.py
[2024-11-19T17:44:39.288+0000] {logging_mixin.py:190} INFO - [2024-11-19T17:44:39.287+0000] {dag.py:3239} INFO - Sync 4 DAGs
[2024-11-19T17:44:39.317+0000] {logging_mixin.py:190} INFO - [2024-11-19T17:44:39.317+0000] {dag.py:4180} INFO - Setting next_dagrun for dataset_alias_example_alias_consumer_with_no_taskflow to None, run_after=None
[2024-11-19T17:44:39.322+0000] {logging_mixin.py:190} INFO - [2024-11-19T17:44:39.321+0000] {dag.py:4180} INFO - Setting next_dagrun for dataset_alias_example_alias_producer_with_no_taskflow to None, run_after=None
[2024-11-19T17:44:39.324+0000] {logging_mixin.py:190} INFO - [2024-11-19T17:44:39.324+0000] {dag.py:4180} INFO - Setting next_dagrun for dataset_s3_bucket_consumer_with_no_taskflow to None, run_after=None
[2024-11-19T17:44:39.328+0000] {logging_mixin.py:190} INFO - [2024-11-19T17:44:39.327+0000] {dag.py:4180} INFO - Setting next_dagrun for dataset_s3_bucket_producer_with_no_taskflow to None, run_after=None
[2024-11-19T17:44:39.687+0000] {processor.py:208} INFO - Processing /home/airflow/.local/lib/python3.12/site-packages/airflow/example_dags/example_dataset_alias_with_no_taskflow.py took 1.203 seconds
[2024-11-19T17:45:09.874+0000] {processor.py:186} INFO - Started process (PID=335) to work on /home/airflow/.local/lib/python3.12/site-packages/airflow/example_dags/example_dataset_alias_with_no_taskflow.py
[2024-11-19T17:45:09.876+0000] {processor.py:914} INFO - Processing file /home/airflow/.local/lib/python3.12/site-packages/airflow/example_dags/example_dataset_alias_with_no_taskflow.py for tasks to queue
[2024-11-19T17:45:09.879+0000] {logging_mixin.py:190} INFO - [2024-11-19T17:45:09.878+0000] {dagbag.py:588} INFO - Filling up the DagBag from /home/airflow/.local/lib/python3.12/site-packages/airflow/example_dags/example_dataset_alias_with_no_taskflow.py
[2024-11-19T17:45:10.608+0000] {processor.py:925} INFO - DAG(s) 'dataset_s3_bucket_consumer_with_no_taskflow', 'dataset_alias_example_alias_consumer_with_no_taskflow', 'dataset_alias_example_alias_producer_with_no_taskflow', 'dataset_s3_bucket_producer_with_no_taskflow' retrieved from /home/airflow/.local/lib/python3.12/site-packages/airflow/example_dags/example_dataset_alias_with_no_taskflow.py
[2024-11-19T17:45:10.637+0000] {logging_mixin.py:190} INFO - [2024-11-19T17:45:10.636+0000] {dag.py:3239} INFO - Sync 4 DAGs
[2024-11-19T17:45:10.677+0000] {logging_mixin.py:190} INFO - [2024-11-19T17:45:10.677+0000] {dag.py:4180} INFO - Setting next_dagrun for dataset_alias_example_alias_consumer_with_no_taskflow to None, run_after=None
[2024-11-19T17:45:10.685+0000] {logging_mixin.py:190} INFO - [2024-11-19T17:45:10.685+0000] {dag.py:4180} INFO - Setting next_dagrun for dataset_alias_example_alias_producer_with_no_taskflow to None, run_after=None
[2024-11-19T17:45:10.688+0000] {logging_mixin.py:190} INFO - [2024-11-19T17:45:10.688+0000] {dag.py:4180} INFO - Setting next_dagrun for dataset_s3_bucket_consumer_with_no_taskflow to None, run_after=None
[2024-11-19T17:45:10.692+0000] {logging_mixin.py:190} INFO - [2024-11-19T17:45:10.691+0000] {dag.py:4180} INFO - Setting next_dagrun for dataset_s3_bucket_producer_with_no_taskflow to None, run_after=None
[2024-11-19T17:45:11.459+0000] {processor.py:208} INFO - Processing /home/airflow/.local/lib/python3.12/site-packages/airflow/example_dags/example_dataset_alias_with_no_taskflow.py took 1.594 seconds
[2024-11-19T17:45:45.208+0000] {processor.py:186} INFO - Started process (PID=408) to work on /home/airflow/.local/lib/python3.12/site-packages/airflow/example_dags/example_dataset_alias_with_no_taskflow.py
[2024-11-19T17:45:45.215+0000] {processor.py:914} INFO - Processing file /home/airflow/.local/lib/python3.12/site-packages/airflow/example_dags/example_dataset_alias_with_no_taskflow.py for tasks to queue
[2024-11-19T17:45:45.219+0000] {logging_mixin.py:190} INFO - [2024-11-19T17:45:45.219+0000] {dagbag.py:588} INFO - Filling up the DagBag from /home/airflow/.local/lib/python3.12/site-packages/airflow/example_dags/example_dataset_alias_with_no_taskflow.py
[2024-11-19T17:45:46.036+0000] {processor.py:925} INFO - DAG(s) 'dataset_s3_bucket_consumer_with_no_taskflow', 'dataset_alias_example_alias_producer_with_no_taskflow', 'dataset_alias_example_alias_consumer_with_no_taskflow', 'dataset_s3_bucket_producer_with_no_taskflow' retrieved from /home/airflow/.local/lib/python3.12/site-packages/airflow/example_dags/example_dataset_alias_with_no_taskflow.py
[2024-11-19T17:45:46.069+0000] {logging_mixin.py:190} INFO - [2024-11-19T17:45:46.068+0000] {dag.py:3239} INFO - Sync 4 DAGs
[2024-11-19T17:45:46.102+0000] {logging_mixin.py:190} INFO - [2024-11-19T17:45:46.102+0000] {dag.py:4180} INFO - Setting next_dagrun for dataset_alias_example_alias_consumer_with_no_taskflow to None, run_after=None
[2024-11-19T17:45:46.106+0000] {logging_mixin.py:190} INFO - [2024-11-19T17:45:46.106+0000] {dag.py:4180} INFO - Setting next_dagrun for dataset_alias_example_alias_producer_with_no_taskflow to None, run_after=None
[2024-11-19T17:45:46.108+0000] {logging_mixin.py:190} INFO - [2024-11-19T17:45:46.108+0000] {dag.py:4180} INFO - Setting next_dagrun for dataset_s3_bucket_consumer_with_no_taskflow to None, run_after=None
[2024-11-19T17:45:46.111+0000] {logging_mixin.py:190} INFO - [2024-11-19T17:45:46.110+0000] {dag.py:4180} INFO - Setting next_dagrun for dataset_s3_bucket_producer_with_no_taskflow to None, run_after=None
[2024-11-19T17:45:46.199+0000] {processor.py:208} INFO - Processing /home/airflow/.local/lib/python3.12/site-packages/airflow/example_dags/example_dataset_alias_with_no_taskflow.py took 0.998 seconds
[2024-11-19T17:46:17.300+0000] {processor.py:186} INFO - Started process (PID=485) to work on /home/airflow/.local/lib/python3.12/site-packages/airflow/example_dags/example_dataset_alias_with_no_taskflow.py
[2024-11-19T17:46:17.301+0000] {processor.py:914} INFO - Processing file /home/airflow/.local/lib/python3.12/site-packages/airflow/example_dags/example_dataset_alias_with_no_taskflow.py for tasks to queue
[2024-11-19T17:46:17.305+0000] {logging_mixin.py:190} INFO - [2024-11-19T17:46:17.305+0000] {dagbag.py:588} INFO - Filling up the DagBag from /home/airflow/.local/lib/python3.12/site-packages/airflow/example_dags/example_dataset_alias_with_no_taskflow.py
[2024-11-19T17:46:17.999+0000] {processor.py:925} INFO - DAG(s) 'dataset_alias_example_alias_producer_with_no_taskflow', 'dataset_s3_bucket_producer_with_no_taskflow', 'dataset_s3_bucket_consumer_with_no_taskflow', 'dataset_alias_example_alias_consumer_with_no_taskflow' retrieved from /home/airflow/.local/lib/python3.12/site-packages/airflow/example_dags/example_dataset_alias_with_no_taskflow.py
[2024-11-19T17:46:18.028+0000] {logging_mixin.py:190} INFO - [2024-11-19T17:46:18.027+0000] {dag.py:3239} INFO - Sync 4 DAGs
[2024-11-19T17:46:18.056+0000] {logging_mixin.py:190} INFO - [2024-11-19T17:46:18.056+0000] {dag.py:4180} INFO - Setting next_dagrun for dataset_alias_example_alias_consumer_with_no_taskflow to None, run_after=None
[2024-11-19T17:46:18.059+0000] {logging_mixin.py:190} INFO - [2024-11-19T17:46:18.059+0000] {dag.py:4180} INFO - Setting next_dagrun for dataset_alias_example_alias_producer_with_no_taskflow to None, run_after=None
[2024-11-19T17:46:18.062+0000] {logging_mixin.py:190} INFO - [2024-11-19T17:46:18.061+0000] {dag.py:4180} INFO - Setting next_dagrun for dataset_s3_bucket_consumer_with_no_taskflow to None, run_after=None
[2024-11-19T17:46:18.063+0000] {logging_mixin.py:190} INFO - [2024-11-19T17:46:18.063+0000] {dag.py:4180} INFO - Setting next_dagrun for dataset_s3_bucket_producer_with_no_taskflow to None, run_after=None
[2024-11-19T17:46:19.012+0000] {processor.py:208} INFO - Processing /home/airflow/.local/lib/python3.12/site-packages/airflow/example_dags/example_dataset_alias_with_no_taskflow.py took 1.719 seconds
[2024-11-19T17:46:49.070+0000] {processor.py:186} INFO - Started process (PID=556) to work on /home/airflow/.local/lib/python3.12/site-packages/airflow/example_dags/example_dataset_alias_with_no_taskflow.py
[2024-11-19T17:46:49.072+0000] {processor.py:914} INFO - Processing file /home/airflow/.local/lib/python3.12/site-packages/airflow/example_dags/example_dataset_alias_with_no_taskflow.py for tasks to queue
[2024-11-19T17:46:49.075+0000] {logging_mixin.py:190} INFO - [2024-11-19T17:46:49.074+0000] {dagbag.py:588} INFO - Filling up the DagBag from /home/airflow/.local/lib/python3.12/site-packages/airflow/example_dags/example_dataset_alias_with_no_taskflow.py
[2024-11-19T17:46:49.734+0000] {processor.py:925} INFO - DAG(s) 'dataset_s3_bucket_consumer_with_no_taskflow', 'dataset_alias_example_alias_consumer_with_no_taskflow', 'dataset_alias_example_alias_producer_with_no_taskflow', 'dataset_s3_bucket_producer_with_no_taskflow' retrieved from /home/airflow/.local/lib/python3.12/site-packages/airflow/example_dags/example_dataset_alias_with_no_taskflow.py
[2024-11-19T17:46:49.759+0000] {logging_mixin.py:190} INFO - [2024-11-19T17:46:49.758+0000] {dag.py:3239} INFO - Sync 4 DAGs
[2024-11-19T17:46:49.784+0000] {logging_mixin.py:190} INFO - [2024-11-19T17:46:49.784+0000] {dag.py:4180} INFO - Setting next_dagrun for dataset_alias_example_alias_consumer_with_no_taskflow to None, run_after=None
[2024-11-19T17:46:49.788+0000] {logging_mixin.py:190} INFO - [2024-11-19T17:46:49.787+0000] {dag.py:4180} INFO - Setting next_dagrun for dataset_alias_example_alias_producer_with_no_taskflow to None, run_after=None
[2024-11-19T17:46:49.790+0000] {logging_mixin.py:190} INFO - [2024-11-19T17:46:49.790+0000] {dag.py:4180} INFO - Setting next_dagrun for dataset_s3_bucket_consumer_with_no_taskflow to None, run_after=None
[2024-11-19T17:46:49.792+0000] {logging_mixin.py:190} INFO - [2024-11-19T17:46:49.792+0000] {dag.py:4180} INFO - Setting next_dagrun for dataset_s3_bucket_producer_with_no_taskflow to None, run_after=None
[2024-11-19T17:46:50.277+0000] {processor.py:208} INFO - Processing /home/airflow/.local/lib/python3.12/site-packages/airflow/example_dags/example_dataset_alias_with_no_taskflow.py took 1.213 seconds
[2024-11-19T17:47:24.017+0000] {processor.py:186} INFO - Started process (PID=632) to work on /home/airflow/.local/lib/python3.12/site-packages/airflow/example_dags/example_dataset_alias_with_no_taskflow.py
[2024-11-19T17:47:24.019+0000] {processor.py:914} INFO - Processing file /home/airflow/.local/lib/python3.12/site-packages/airflow/example_dags/example_dataset_alias_with_no_taskflow.py for tasks to queue
[2024-11-19T17:47:24.022+0000] {logging_mixin.py:190} INFO - [2024-11-19T17:47:24.021+0000] {dagbag.py:588} INFO - Filling up the DagBag from /home/airflow/.local/lib/python3.12/site-packages/airflow/example_dags/example_dataset_alias_with_no_taskflow.py
[2024-11-19T17:47:24.908+0000] {processor.py:925} INFO - DAG(s) 'dataset_alias_example_alias_consumer_with_no_taskflow', 'dataset_alias_example_alias_producer_with_no_taskflow', 'dataset_s3_bucket_producer_with_no_taskflow', 'dataset_s3_bucket_consumer_with_no_taskflow' retrieved from /home/airflow/.local/lib/python3.12/site-packages/airflow/example_dags/example_dataset_alias_with_no_taskflow.py
[2024-11-19T17:47:24.947+0000] {logging_mixin.py:190} INFO - [2024-11-19T17:47:24.946+0000] {dag.py:3239} INFO - Sync 4 DAGs
[2024-11-19T17:47:24.983+0000] {logging_mixin.py:190} INFO - [2024-11-19T17:47:24.983+0000] {dag.py:4180} INFO - Setting next_dagrun for dataset_alias_example_alias_consumer_with_no_taskflow to None, run_after=None
[2024-11-19T17:47:24.988+0000] {logging_mixin.py:190} INFO - [2024-11-19T17:47:24.988+0000] {dag.py:4180} INFO - Setting next_dagrun for dataset_alias_example_alias_producer_with_no_taskflow to None, run_after=None
[2024-11-19T17:47:24.992+0000] {logging_mixin.py:190} INFO - [2024-11-19T17:47:24.992+0000] {dag.py:4180} INFO - Setting next_dagrun for dataset_s3_bucket_consumer_with_no_taskflow to None, run_after=None
[2024-11-19T17:47:24.995+0000] {logging_mixin.py:190} INFO - [2024-11-19T17:47:24.995+0000] {dag.py:4180} INFO - Setting next_dagrun for dataset_s3_bucket_producer_with_no_taskflow to None, run_after=None
[2024-11-19T17:47:25.061+0000] {processor.py:208} INFO - Processing /home/airflow/.local/lib/python3.12/site-packages/airflow/example_dags/example_dataset_alias_with_no_taskflow.py took 1.051 seconds
[2024-11-19T17:47:58.772+0000] {processor.py:186} INFO - Started process (PID=713) to work on /home/airflow/.local/lib/python3.12/site-packages/airflow/example_dags/example_dataset_alias_with_no_taskflow.py
[2024-11-19T17:47:58.773+0000] {processor.py:914} INFO - Processing file /home/airflow/.local/lib/python3.12/site-packages/airflow/example_dags/example_dataset_alias_with_no_taskflow.py for tasks to queue
[2024-11-19T17:47:58.776+0000] {logging_mixin.py:190} INFO - [2024-11-19T17:47:58.776+0000] {dagbag.py:588} INFO - Filling up the DagBag from /home/airflow/.local/lib/python3.12/site-packages/airflow/example_dags/example_dataset_alias_with_no_taskflow.py
[2024-11-19T17:47:59.734+0000] {processor.py:925} INFO - DAG(s) 'dataset_alias_example_alias_consumer_with_no_taskflow', 'dataset_s3_bucket_consumer_with_no_taskflow', 'dataset_alias_example_alias_producer_with_no_taskflow', 'dataset_s3_bucket_producer_with_no_taskflow' retrieved from /home/airflow/.local/lib/python3.12/site-packages/airflow/example_dags/example_dataset_alias_with_no_taskflow.py
[2024-11-19T17:47:59.761+0000] {logging_mixin.py:190} INFO - [2024-11-19T17:47:59.761+0000] {dag.py:3239} INFO - Sync 4 DAGs
[2024-11-19T17:47:59.791+0000] {logging_mixin.py:190} INFO - [2024-11-19T17:47:59.791+0000] {dag.py:4180} INFO - Setting next_dagrun for dataset_alias_example_alias_consumer_with_no_taskflow to None, run_after=None
[2024-11-19T17:47:59.795+0000] {logging_mixin.py:190} INFO - [2024-11-19T17:47:59.795+0000] {dag.py:4180} INFO - Setting next_dagrun for dataset_alias_example_alias_producer_with_no_taskflow to None, run_after=None
[2024-11-19T17:47:59.797+0000] {logging_mixin.py:190} INFO - [2024-11-19T17:47:59.797+0000] {dag.py:4180} INFO - Setting next_dagrun for dataset_s3_bucket_consumer_with_no_taskflow to None, run_after=None
[2024-11-19T17:47:59.800+0000] {logging_mixin.py:190} INFO - [2024-11-19T17:47:59.799+0000] {dag.py:4180} INFO - Setting next_dagrun for dataset_s3_bucket_producer_with_no_taskflow to None, run_after=None
[2024-11-19T17:47:59.859+0000] {processor.py:208} INFO - Processing /home/airflow/.local/lib/python3.12/site-packages/airflow/example_dags/example_dataset_alias_with_no_taskflow.py took 1.099 seconds
[2024-11-19T17:48:30.443+0000] {processor.py:186} INFO - Started process (PID=784) to work on /home/airflow/.local/lib/python3.12/site-packages/airflow/example_dags/example_dataset_alias_with_no_taskflow.py
[2024-11-19T17:48:31.761+0000] {processor.py:914} INFO - Processing file /home/airflow/.local/lib/python3.12/site-packages/airflow/example_dags/example_dataset_alias_with_no_taskflow.py for tasks to queue
[2024-11-19T17:48:31.765+0000] {logging_mixin.py:190} INFO - [2024-11-19T17:48:31.765+0000] {dagbag.py:588} INFO - Filling up the DagBag from /home/airflow/.local/lib/python3.12/site-packages/airflow/example_dags/example_dataset_alias_with_no_taskflow.py
[2024-11-19T17:48:32.942+0000] {processor.py:925} INFO - DAG(s) 'dataset_alias_example_alias_producer_with_no_taskflow', 'dataset_s3_bucket_producer_with_no_taskflow', 'dataset_s3_bucket_consumer_with_no_taskflow', 'dataset_alias_example_alias_consumer_with_no_taskflow' retrieved from /home/airflow/.local/lib/python3.12/site-packages/airflow/example_dags/example_dataset_alias_with_no_taskflow.py
[2024-11-19T17:48:33.076+0000] {logging_mixin.py:190} INFO - [2024-11-19T17:48:33.074+0000] {dag.py:3239} INFO - Sync 4 DAGs
[2024-11-19T17:48:33.197+0000] {logging_mixin.py:190} INFO - [2024-11-19T17:48:33.197+0000] {dag.py:4180} INFO - Setting next_dagrun for dataset_alias_example_alias_consumer_with_no_taskflow to None, run_after=None
[2024-11-19T17:48:33.213+0000] {logging_mixin.py:190} INFO - [2024-11-19T17:48:33.213+0000] {dag.py:4180} INFO - Setting next_dagrun for dataset_alias_example_alias_producer_with_no_taskflow to None, run_after=None
[2024-11-19T17:48:33.224+0000] {logging_mixin.py:190} INFO - [2024-11-19T17:48:33.217+0000] {dag.py:4180} INFO - Setting next_dagrun for dataset_s3_bucket_consumer_with_no_taskflow to None, run_after=None
[2024-11-19T17:48:33.230+0000] {logging_mixin.py:190} INFO - [2024-11-19T17:48:33.230+0000] {dag.py:4180} INFO - Setting next_dagrun for dataset_s3_bucket_producer_with_no_taskflow to None, run_after=None
[2024-11-19T17:48:34.867+0000] {processor.py:208} INFO - Processing /home/airflow/.local/lib/python3.12/site-packages/airflow/example_dags/example_dataset_alias_with_no_taskflow.py took 4.434 seconds
[2024-11-19T17:49:05.507+0000] {processor.py:186} INFO - Started process (PID=859) to work on /home/airflow/.local/lib/python3.12/site-packages/airflow/example_dags/example_dataset_alias_with_no_taskflow.py
[2024-11-19T17:49:05.510+0000] {processor.py:914} INFO - Processing file /home/airflow/.local/lib/python3.12/site-packages/airflow/example_dags/example_dataset_alias_with_no_taskflow.py for tasks to queue
[2024-11-19T17:49:05.516+0000] {logging_mixin.py:190} INFO - [2024-11-19T17:49:05.515+0000] {dagbag.py:588} INFO - Filling up the DagBag from /home/airflow/.local/lib/python3.12/site-packages/airflow/example_dags/example_dataset_alias_with_no_taskflow.py
[2024-11-19T17:49:06.746+0000] {processor.py:925} INFO - DAG(s) 'dataset_alias_example_alias_consumer_with_no_taskflow', 'dataset_alias_example_alias_producer_with_no_taskflow', 'dataset_s3_bucket_consumer_with_no_taskflow', 'dataset_s3_bucket_producer_with_no_taskflow' retrieved from /home/airflow/.local/lib/python3.12/site-packages/airflow/example_dags/example_dataset_alias_with_no_taskflow.py
[2024-11-19T17:49:06.780+0000] {logging_mixin.py:190} INFO - [2024-11-19T17:49:06.779+0000] {dag.py:3239} INFO - Sync 4 DAGs
[2024-11-19T17:49:06.813+0000] {logging_mixin.py:190} INFO - [2024-11-19T17:49:06.813+0000] {dag.py:4180} INFO - Setting next_dagrun for dataset_alias_example_alias_consumer_with_no_taskflow to None, run_after=None
[2024-11-19T17:49:06.817+0000] {logging_mixin.py:190} INFO - [2024-11-19T17:49:06.817+0000] {dag.py:4180} INFO - Setting next_dagrun for dataset_alias_example_alias_producer_with_no_taskflow to None, run_after=None
[2024-11-19T17:49:06.821+0000] {logging_mixin.py:190} INFO - [2024-11-19T17:49:06.820+0000] {dag.py:4180} INFO - Setting next_dagrun for dataset_s3_bucket_consumer_with_no_taskflow to None, run_after=None
[2024-11-19T17:49:06.824+0000] {logging_mixin.py:190} INFO - [2024-11-19T17:49:06.823+0000] {dag.py:4180} INFO - Setting next_dagrun for dataset_s3_bucket_producer_with_no_taskflow to None, run_after=None
[2024-11-19T17:49:07.362+0000] {processor.py:208} INFO - Processing /home/airflow/.local/lib/python3.12/site-packages/airflow/example_dags/example_dataset_alias_with_no_taskflow.py took 1.869 seconds
[2024-11-19T17:49:37.473+0000] {processor.py:186} INFO - Started process (PID=930) to work on /home/airflow/.local/lib/python3.12/site-packages/airflow/example_dags/example_dataset_alias_with_no_taskflow.py
[2024-11-19T17:49:37.475+0000] {processor.py:914} INFO - Processing file /home/airflow/.local/lib/python3.12/site-packages/airflow/example_dags/example_dataset_alias_with_no_taskflow.py for tasks to queue
[2024-11-19T17:49:37.479+0000] {logging_mixin.py:190} INFO - [2024-11-19T17:49:37.479+0000] {dagbag.py:588} INFO - Filling up the DagBag from /home/airflow/.local/lib/python3.12/site-packages/airflow/example_dags/example_dataset_alias_with_no_taskflow.py
[2024-11-19T17:49:40.034+0000] {processor.py:925} INFO - DAG(s) 'dataset_s3_bucket_producer_with_no_taskflow', 'dataset_s3_bucket_consumer_with_no_taskflow', 'dataset_alias_example_alias_producer_with_no_taskflow', 'dataset_alias_example_alias_consumer_with_no_taskflow' retrieved from /home/airflow/.local/lib/python3.12/site-packages/airflow/example_dags/example_dataset_alias_with_no_taskflow.py
[2024-11-19T17:49:40.083+0000] {logging_mixin.py:190} INFO - [2024-11-19T17:49:40.082+0000] {dag.py:3239} INFO - Sync 4 DAGs
[2024-11-19T17:49:40.127+0000] {logging_mixin.py:190} INFO - [2024-11-19T17:49:40.127+0000] {dag.py:4180} INFO - Setting next_dagrun for dataset_alias_example_alias_consumer_with_no_taskflow to None, run_after=None
[2024-11-19T17:49:40.132+0000] {logging_mixin.py:190} INFO - [2024-11-19T17:49:40.132+0000] {dag.py:4180} INFO - Setting next_dagrun for dataset_alias_example_alias_producer_with_no_taskflow to None, run_after=None
[2024-11-19T17:49:40.135+0000] {logging_mixin.py:190} INFO - [2024-11-19T17:49:40.134+0000] {dag.py:4180} INFO - Setting next_dagrun for dataset_s3_bucket_consumer_with_no_taskflow to None, run_after=None
[2024-11-19T17:49:40.139+0000] {logging_mixin.py:190} INFO - [2024-11-19T17:49:40.138+0000] {dag.py:4180} INFO - Setting next_dagrun for dataset_s3_bucket_producer_with_no_taskflow to None, run_after=None
[2024-11-19T17:49:40.213+0000] {processor.py:208} INFO - Processing /home/airflow/.local/lib/python3.12/site-packages/airflow/example_dags/example_dataset_alias_with_no_taskflow.py took 2.750 seconds
[2024-11-19T17:50:10.550+0000] {processor.py:186} INFO - Started process (PID=1001) to work on /home/airflow/.local/lib/python3.12/site-packages/airflow/example_dags/example_dataset_alias_with_no_taskflow.py
[2024-11-19T17:50:10.552+0000] {processor.py:914} INFO - Processing file /home/airflow/.local/lib/python3.12/site-packages/airflow/example_dags/example_dataset_alias_with_no_taskflow.py for tasks to queue
[2024-11-19T17:50:10.555+0000] {logging_mixin.py:190} INFO - [2024-11-19T17:50:10.555+0000] {dagbag.py:588} INFO - Filling up the DagBag from /home/airflow/.local/lib/python3.12/site-packages/airflow/example_dags/example_dataset_alias_with_no_taskflow.py
[2024-11-19T17:50:11.538+0000] {processor.py:925} INFO - DAG(s) 'dataset_s3_bucket_producer_with_no_taskflow', 'dataset_alias_example_alias_consumer_with_no_taskflow', 'dataset_alias_example_alias_producer_with_no_taskflow', 'dataset_s3_bucket_consumer_with_no_taskflow' retrieved from /home/airflow/.local/lib/python3.12/site-packages/airflow/example_dags/example_dataset_alias_with_no_taskflow.py
[2024-11-19T17:50:11.604+0000] {logging_mixin.py:190} INFO - [2024-11-19T17:50:11.603+0000] {dag.py:3239} INFO - Sync 4 DAGs
[2024-11-19T17:50:11.707+0000] {logging_mixin.py:190} INFO - [2024-11-19T17:50:11.707+0000] {dag.py:4180} INFO - Setting next_dagrun for dataset_alias_example_alias_consumer_with_no_taskflow to None, run_after=None
[2024-11-19T17:50:11.752+0000] {logging_mixin.py:190} INFO - [2024-11-19T17:50:11.751+0000] {dag.py:4180} INFO - Setting next_dagrun for dataset_alias_example_alias_producer_with_no_taskflow to None, run_after=None
[2024-11-19T17:50:11.765+0000] {logging_mixin.py:190} INFO - [2024-11-19T17:50:11.764+0000] {dag.py:4180} INFO - Setting next_dagrun for dataset_s3_bucket_consumer_with_no_taskflow to None, run_after=None
[2024-11-19T17:50:11.771+0000] {logging_mixin.py:190} INFO - [2024-11-19T17:50:11.770+0000] {dag.py:4180} INFO - Setting next_dagrun for dataset_s3_bucket_producer_with_no_taskflow to None, run_after=None
[2024-11-19T17:50:11.886+0000] {processor.py:208} INFO - Processing /home/airflow/.local/lib/python3.12/site-packages/airflow/example_dags/example_dataset_alias_with_no_taskflow.py took 1.351 seconds
[2024-11-19T17:50:42.570+0000] {processor.py:186} INFO - Started process (PID=1078) to work on /home/airflow/.local/lib/python3.12/site-packages/airflow/example_dags/example_dataset_alias_with_no_taskflow.py
[2024-11-19T17:50:42.572+0000] {processor.py:914} INFO - Processing file /home/airflow/.local/lib/python3.12/site-packages/airflow/example_dags/example_dataset_alias_with_no_taskflow.py for tasks to queue
[2024-11-19T17:50:42.575+0000] {logging_mixin.py:190} INFO - [2024-11-19T17:50:42.575+0000] {dagbag.py:588} INFO - Filling up the DagBag from /home/airflow/.local/lib/python3.12/site-packages/airflow/example_dags/example_dataset_alias_with_no_taskflow.py
[2024-11-19T17:50:43.583+0000] {processor.py:925} INFO - DAG(s) 'dataset_alias_example_alias_consumer_with_no_taskflow', 'dataset_s3_bucket_consumer_with_no_taskflow', 'dataset_alias_example_alias_producer_with_no_taskflow', 'dataset_s3_bucket_producer_with_no_taskflow' retrieved from /home/airflow/.local/lib/python3.12/site-packages/airflow/example_dags/example_dataset_alias_with_no_taskflow.py
[2024-11-19T17:50:43.613+0000] {logging_mixin.py:190} INFO - [2024-11-19T17:50:43.612+0000] {dag.py:3239} INFO - Sync 4 DAGs
[2024-11-19T17:50:43.647+0000] {logging_mixin.py:190} INFO - [2024-11-19T17:50:43.646+0000] {dag.py:4180} INFO - Setting next_dagrun for dataset_alias_example_alias_consumer_with_no_taskflow to None, run_after=None
[2024-11-19T17:50:43.650+0000] {logging_mixin.py:190} INFO - [2024-11-19T17:50:43.650+0000] {dag.py:4180} INFO - Setting next_dagrun for dataset_alias_example_alias_producer_with_no_taskflow to None, run_after=None
[2024-11-19T17:50:43.653+0000] {logging_mixin.py:190} INFO - [2024-11-19T17:50:43.652+0000] {dag.py:4180} INFO - Setting next_dagrun for dataset_s3_bucket_consumer_with_no_taskflow to None, run_after=None
[2024-11-19T17:50:43.655+0000] {logging_mixin.py:190} INFO - [2024-11-19T17:50:43.655+0000] {dag.py:4180} INFO - Setting next_dagrun for dataset_s3_bucket_producer_with_no_taskflow to None, run_after=None
[2024-11-19T17:50:44.612+0000] {processor.py:208} INFO - Processing /home/airflow/.local/lib/python3.12/site-packages/airflow/example_dags/example_dataset_alias_with_no_taskflow.py took 2.050 seconds
[2024-11-19T17:51:14.786+0000] {processor.py:186} INFO - Started process (PID=1149) to work on /home/airflow/.local/lib/python3.12/site-packages/airflow/example_dags/example_dataset_alias_with_no_taskflow.py
[2024-11-19T17:51:14.788+0000] {processor.py:914} INFO - Processing file /home/airflow/.local/lib/python3.12/site-packages/airflow/example_dags/example_dataset_alias_with_no_taskflow.py for tasks to queue
[2024-11-19T17:51:14.792+0000] {logging_mixin.py:190} INFO - [2024-11-19T17:51:14.791+0000] {dagbag.py:588} INFO - Filling up the DagBag from /home/airflow/.local/lib/python3.12/site-packages/airflow/example_dags/example_dataset_alias_with_no_taskflow.py
[2024-11-19T17:51:15.732+0000] {processor.py:925} INFO - DAG(s) 'dataset_alias_example_alias_consumer_with_no_taskflow', 'dataset_alias_example_alias_producer_with_no_taskflow', 'dataset_s3_bucket_consumer_with_no_taskflow', 'dataset_s3_bucket_producer_with_no_taskflow' retrieved from /home/airflow/.local/lib/python3.12/site-packages/airflow/example_dags/example_dataset_alias_with_no_taskflow.py
[2024-11-19T17:51:15.778+0000] {logging_mixin.py:190} INFO - [2024-11-19T17:51:15.777+0000] {dag.py:3239} INFO - Sync 4 DAGs
[2024-11-19T17:51:15.822+0000] {logging_mixin.py:190} INFO - [2024-11-19T17:51:15.822+0000] {dag.py:4180} INFO - Setting next_dagrun for dataset_alias_example_alias_consumer_with_no_taskflow to None, run_after=None
[2024-11-19T17:51:15.829+0000] {logging_mixin.py:190} INFO - [2024-11-19T17:51:15.829+0000] {dag.py:4180} INFO - Setting next_dagrun for dataset_alias_example_alias_producer_with_no_taskflow to None, run_after=None
[2024-11-19T17:51:15.833+0000] {logging_mixin.py:190} INFO - [2024-11-19T17:51:15.833+0000] {dag.py:4180} INFO - Setting next_dagrun for dataset_s3_bucket_consumer_with_no_taskflow to None, run_after=None
[2024-11-19T17:51:15.836+0000] {logging_mixin.py:190} INFO - [2024-11-19T17:51:15.835+0000] {dag.py:4180} INFO - Setting next_dagrun for dataset_s3_bucket_producer_with_no_taskflow to None, run_after=None
[2024-11-19T17:51:16.093+0000] {processor.py:208} INFO - Processing /home/airflow/.local/lib/python3.12/site-packages/airflow/example_dags/example_dataset_alias_with_no_taskflow.py took 1.317 seconds
[2024-11-19T17:51:46.593+0000] {processor.py:186} INFO - Started process (PID=1220) to work on /home/airflow/.local/lib/python3.12/site-packages/airflow/example_dags/example_dataset_alias_with_no_taskflow.py
[2024-11-19T17:51:47.635+0000] {processor.py:914} INFO - Processing file /home/airflow/.local/lib/python3.12/site-packages/airflow/example_dags/example_dataset_alias_with_no_taskflow.py for tasks to queue
[2024-11-19T17:51:47.640+0000] {logging_mixin.py:190} INFO - [2024-11-19T17:51:47.639+0000] {dagbag.py:588} INFO - Filling up the DagBag from /home/airflow/.local/lib/python3.12/site-packages/airflow/example_dags/example_dataset_alias_with_no_taskflow.py
[2024-11-19T17:51:48.580+0000] {processor.py:925} INFO - DAG(s) 'dataset_s3_bucket_producer_with_no_taskflow', 'dataset_s3_bucket_consumer_with_no_taskflow', 'dataset_alias_example_alias_consumer_with_no_taskflow', 'dataset_alias_example_alias_producer_with_no_taskflow' retrieved from /home/airflow/.local/lib/python3.12/site-packages/airflow/example_dags/example_dataset_alias_with_no_taskflow.py
[2024-11-19T17:51:48.611+0000] {logging_mixin.py:190} INFO - [2024-11-19T17:51:48.611+0000] {dag.py:3239} INFO - Sync 4 DAGs
[2024-11-19T17:51:48.645+0000] {logging_mixin.py:190} INFO - [2024-11-19T17:51:48.644+0000] {dag.py:4180} INFO - Setting next_dagrun for dataset_alias_example_alias_consumer_with_no_taskflow to None, run_after=None
[2024-11-19T17:51:48.650+0000] {logging_mixin.py:190} INFO - [2024-11-19T17:51:48.650+0000] {dag.py:4180} INFO - Setting next_dagrun for dataset_alias_example_alias_producer_with_no_taskflow to None, run_after=None
[2024-11-19T17:51:48.653+0000] {logging_mixin.py:190} INFO - [2024-11-19T17:51:48.653+0000] {dag.py:4180} INFO - Setting next_dagrun for dataset_s3_bucket_consumer_with_no_taskflow to None, run_after=None
[2024-11-19T17:51:48.656+0000] {logging_mixin.py:190} INFO - [2024-11-19T17:51:48.655+0000] {dag.py:4180} INFO - Setting next_dagrun for dataset_s3_bucket_producer_with_no_taskflow to None, run_after=None
[2024-11-19T17:51:50.048+0000] {processor.py:208} INFO - Processing /home/airflow/.local/lib/python3.12/site-packages/airflow/example_dags/example_dataset_alias_with_no_taskflow.py took 3.463 seconds
[2024-11-19T17:52:20.620+0000] {processor.py:186} INFO - Started process (PID=1292) to work on /home/airflow/.local/lib/python3.12/site-packages/airflow/example_dags/example_dataset_alias_with_no_taskflow.py
[2024-11-19T17:52:20.621+0000] {processor.py:914} INFO - Processing file /home/airflow/.local/lib/python3.12/site-packages/airflow/example_dags/example_dataset_alias_with_no_taskflow.py for tasks to queue
[2024-11-19T17:52:20.625+0000] {logging_mixin.py:190} INFO - [2024-11-19T17:52:20.624+0000] {dagbag.py:588} INFO - Filling up the DagBag from /home/airflow/.local/lib/python3.12/site-packages/airflow/example_dags/example_dataset_alias_with_no_taskflow.py
[2024-11-19T17:52:21.448+0000] {processor.py:925} INFO - DAG(s) 'dataset_alias_example_alias_producer_with_no_taskflow', 'dataset_alias_example_alias_consumer_with_no_taskflow', 'dataset_s3_bucket_producer_with_no_taskflow', 'dataset_s3_bucket_consumer_with_no_taskflow' retrieved from /home/airflow/.local/lib/python3.12/site-packages/airflow/example_dags/example_dataset_alias_with_no_taskflow.py
[2024-11-19T17:52:21.477+0000] {logging_mixin.py:190} INFO - [2024-11-19T17:52:21.477+0000] {dag.py:3239} INFO - Sync 4 DAGs
[2024-11-19T17:52:21.511+0000] {logging_mixin.py:190} INFO - [2024-11-19T17:52:21.511+0000] {dag.py:4180} INFO - Setting next_dagrun for dataset_alias_example_alias_consumer_with_no_taskflow to None, run_after=None
[2024-11-19T17:52:21.516+0000] {logging_mixin.py:190} INFO - [2024-11-19T17:52:21.515+0000] {dag.py:4180} INFO - Setting next_dagrun for dataset_alias_example_alias_producer_with_no_taskflow to None, run_after=None
[2024-11-19T17:52:21.518+0000] {logging_mixin.py:190} INFO - [2024-11-19T17:52:21.518+0000] {dag.py:4180} INFO - Setting next_dagrun for dataset_s3_bucket_consumer_with_no_taskflow to None, run_after=None
[2024-11-19T17:52:21.520+0000] {logging_mixin.py:190} INFO - [2024-11-19T17:52:21.520+0000] {dag.py:4180} INFO - Setting next_dagrun for dataset_s3_bucket_producer_with_no_taskflow to None, run_after=None
[2024-11-19T17:52:21.594+0000] {processor.py:208} INFO - Processing /home/airflow/.local/lib/python3.12/site-packages/airflow/example_dags/example_dataset_alias_with_no_taskflow.py took 0.980 seconds
[2024-11-19T17:52:52.162+0000] {processor.py:186} INFO - Started process (PID=1363) to work on /home/airflow/.local/lib/python3.12/site-packages/airflow/example_dags/example_dataset_alias_with_no_taskflow.py
[2024-11-19T17:52:52.164+0000] {processor.py:914} INFO - Processing file /home/airflow/.local/lib/python3.12/site-packages/airflow/example_dags/example_dataset_alias_with_no_taskflow.py for tasks to queue
[2024-11-19T17:52:52.166+0000] {logging_mixin.py:190} INFO - [2024-11-19T17:52:52.166+0000] {dagbag.py:588} INFO - Filling up the DagBag from /home/airflow/.local/lib/python3.12/site-packages/airflow/example_dags/example_dataset_alias_with_no_taskflow.py
[2024-11-19T17:52:52.823+0000] {processor.py:925} INFO - DAG(s) 'dataset_s3_bucket_producer_with_no_taskflow', 'dataset_s3_bucket_consumer_with_no_taskflow', 'dataset_alias_example_alias_producer_with_no_taskflow', 'dataset_alias_example_alias_consumer_with_no_taskflow' retrieved from /home/airflow/.local/lib/python3.12/site-packages/airflow/example_dags/example_dataset_alias_with_no_taskflow.py
[2024-11-19T17:52:52.848+0000] {logging_mixin.py:190} INFO - [2024-11-19T17:52:52.847+0000] {dag.py:3239} INFO - Sync 4 DAGs
[2024-11-19T17:52:52.877+0000] {logging_mixin.py:190} INFO - [2024-11-19T17:52:52.877+0000] {dag.py:4180} INFO - Setting next_dagrun for dataset_alias_example_alias_consumer_with_no_taskflow to None, run_after=None
[2024-11-19T17:52:52.881+0000] {logging_mixin.py:190} INFO - [2024-11-19T17:52:52.881+0000] {dag.py:4180} INFO - Setting next_dagrun for dataset_alias_example_alias_producer_with_no_taskflow to None, run_after=None
[2024-11-19T17:52:52.883+0000] {logging_mixin.py:190} INFO - [2024-11-19T17:52:52.882+0000] {dag.py:4180} INFO - Setting next_dagrun for dataset_s3_bucket_consumer_with_no_taskflow to None, run_after=None
[2024-11-19T17:52:52.884+0000] {logging_mixin.py:190} INFO - [2024-11-19T17:52:52.884+0000] {dag.py:4180} INFO - Setting next_dagrun for dataset_s3_bucket_producer_with_no_taskflow to None, run_after=None
[2024-11-19T17:52:53.543+0000] {processor.py:208} INFO - Processing /home/airflow/.local/lib/python3.12/site-packages/airflow/example_dags/example_dataset_alias_with_no_taskflow.py took 1.387 seconds
[2024-11-19T17:53:24.231+0000] {processor.py:186} INFO - Started process (PID=1434) to work on /home/airflow/.local/lib/python3.12/site-packages/airflow/example_dags/example_dataset_alias_with_no_taskflow.py
[2024-11-19T17:53:24.232+0000] {processor.py:914} INFO - Processing file /home/airflow/.local/lib/python3.12/site-packages/airflow/example_dags/example_dataset_alias_with_no_taskflow.py for tasks to queue
[2024-11-19T17:53:24.236+0000] {logging_mixin.py:190} INFO - [2024-11-19T17:53:24.235+0000] {dagbag.py:588} INFO - Filling up the DagBag from /home/airflow/.local/lib/python3.12/site-packages/airflow/example_dags/example_dataset_alias_with_no_taskflow.py
[2024-11-19T17:53:24.943+0000] {processor.py:925} INFO - DAG(s) 'dataset_alias_example_alias_producer_with_no_taskflow', 'dataset_s3_bucket_producer_with_no_taskflow', 'dataset_s3_bucket_consumer_with_no_taskflow', 'dataset_alias_example_alias_consumer_with_no_taskflow' retrieved from /home/airflow/.local/lib/python3.12/site-packages/airflow/example_dags/example_dataset_alias_with_no_taskflow.py
[2024-11-19T17:53:24.972+0000] {logging_mixin.py:190} INFO - [2024-11-19T17:53:24.972+0000] {dag.py:3239} INFO - Sync 4 DAGs
[2024-11-19T17:53:25.633+0000] {logging_mixin.py:190} INFO - [2024-11-19T17:53:25.632+0000] {dag.py:4180} INFO - Setting next_dagrun for dataset_alias_example_alias_consumer_with_no_taskflow to None, run_after=None
[2024-11-19T17:53:25.638+0000] {logging_mixin.py:190} INFO - [2024-11-19T17:53:25.638+0000] {dag.py:4180} INFO - Setting next_dagrun for dataset_alias_example_alias_producer_with_no_taskflow to None, run_after=None
[2024-11-19T17:53:25.641+0000] {logging_mixin.py:190} INFO - [2024-11-19T17:53:25.640+0000] {dag.py:4180} INFO - Setting next_dagrun for dataset_s3_bucket_consumer_with_no_taskflow to None, run_after=None
[2024-11-19T17:53:25.644+0000] {logging_mixin.py:190} INFO - [2024-11-19T17:53:25.643+0000] {dag.py:4180} INFO - Setting next_dagrun for dataset_s3_bucket_producer_with_no_taskflow to None, run_after=None
[2024-11-19T17:53:25.802+0000] {processor.py:208} INFO - Processing /home/airflow/.local/lib/python3.12/site-packages/airflow/example_dags/example_dataset_alias_with_no_taskflow.py took 1.580 seconds
[2024-11-19T17:53:55.976+0000] {processor.py:186} INFO - Started process (PID=1505) to work on /home/airflow/.local/lib/python3.12/site-packages/airflow/example_dags/example_dataset_alias_with_no_taskflow.py
[2024-11-19T17:53:55.977+0000] {processor.py:914} INFO - Processing file /home/airflow/.local/lib/python3.12/site-packages/airflow/example_dags/example_dataset_alias_with_no_taskflow.py for tasks to queue
[2024-11-19T17:53:55.981+0000] {logging_mixin.py:190} INFO - [2024-11-19T17:53:55.981+0000] {dagbag.py:588} INFO - Filling up the DagBag from /home/airflow/.local/lib/python3.12/site-packages/airflow/example_dags/example_dataset_alias_with_no_taskflow.py
[2024-11-19T17:53:56.766+0000] {processor.py:925} INFO - DAG(s) 'dataset_s3_bucket_consumer_with_no_taskflow', 'dataset_s3_bucket_producer_with_no_taskflow', 'dataset_alias_example_alias_producer_with_no_taskflow', 'dataset_alias_example_alias_consumer_with_no_taskflow' retrieved from /home/airflow/.local/lib/python3.12/site-packages/airflow/example_dags/example_dataset_alias_with_no_taskflow.py
[2024-11-19T17:53:56.795+0000] {logging_mixin.py:190} INFO - [2024-11-19T17:53:56.794+0000] {dag.py:3239} INFO - Sync 4 DAGs
[2024-11-19T17:53:56.823+0000] {logging_mixin.py:190} INFO - [2024-11-19T17:53:56.822+0000] {dag.py:4180} INFO - Setting next_dagrun for dataset_alias_example_alias_consumer_with_no_taskflow to None, run_after=None
[2024-11-19T17:53:56.827+0000] {logging_mixin.py:190} INFO - [2024-11-19T17:53:56.826+0000] {dag.py:4180} INFO - Setting next_dagrun for dataset_alias_example_alias_producer_with_no_taskflow to None, run_after=None
[2024-11-19T17:53:56.829+0000] {logging_mixin.py:190} INFO - [2024-11-19T17:53:56.829+0000] {dag.py:4180} INFO - Setting next_dagrun for dataset_s3_bucket_consumer_with_no_taskflow to None, run_after=None
[2024-11-19T17:53:56.832+0000] {logging_mixin.py:190} INFO - [2024-11-19T17:53:56.831+0000] {dag.py:4180} INFO - Setting next_dagrun for dataset_s3_bucket_producer_with_no_taskflow to None, run_after=None
[2024-11-19T17:53:56.943+0000] {processor.py:208} INFO - Processing /home/airflow/.local/lib/python3.12/site-packages/airflow/example_dags/example_dataset_alias_with_no_taskflow.py took 0.979 seconds
[2024-11-19T17:54:27.052+0000] {processor.py:186} INFO - Started process (PID=1576) to work on /home/airflow/.local/lib/python3.12/site-packages/airflow/example_dags/example_dataset_alias_with_no_taskflow.py
[2024-11-19T17:54:27.053+0000] {processor.py:914} INFO - Processing file /home/airflow/.local/lib/python3.12/site-packages/airflow/example_dags/example_dataset_alias_with_no_taskflow.py for tasks to queue
[2024-11-19T17:54:27.058+0000] {logging_mixin.py:190} INFO - [2024-11-19T17:54:27.057+0000] {dagbag.py:588} INFO - Filling up the DagBag from /home/airflow/.local/lib/python3.12/site-packages/airflow/example_dags/example_dataset_alias_with_no_taskflow.py
[2024-11-19T17:54:28.142+0000] {processor.py:925} INFO - DAG(s) 'dataset_s3_bucket_producer_with_no_taskflow', 'dataset_alias_example_alias_consumer_with_no_taskflow', 'dataset_s3_bucket_consumer_with_no_taskflow', 'dataset_alias_example_alias_producer_with_no_taskflow' retrieved from /home/airflow/.local/lib/python3.12/site-packages/airflow/example_dags/example_dataset_alias_with_no_taskflow.py
[2024-11-19T17:54:28.172+0000] {logging_mixin.py:190} INFO - [2024-11-19T17:54:28.172+0000] {dag.py:3239} INFO - Sync 4 DAGs
[2024-11-19T17:54:28.207+0000] {logging_mixin.py:190} INFO - [2024-11-19T17:54:28.206+0000] {dag.py:4180} INFO - Setting next_dagrun for dataset_alias_example_alias_consumer_with_no_taskflow to None, run_after=None
[2024-11-19T17:54:28.211+0000] {logging_mixin.py:190} INFO - [2024-11-19T17:54:28.211+0000] {dag.py:4180} INFO - Setting next_dagrun for dataset_alias_example_alias_producer_with_no_taskflow to None, run_after=None
[2024-11-19T17:54:28.215+0000] {logging_mixin.py:190} INFO - [2024-11-19T17:54:28.215+0000] {dag.py:4180} INFO - Setting next_dagrun for dataset_s3_bucket_consumer_with_no_taskflow to None, run_after=None
[2024-11-19T17:54:28.217+0000] {logging_mixin.py:190} INFO - [2024-11-19T17:54:28.217+0000] {dag.py:4180} INFO - Setting next_dagrun for dataset_s3_bucket_producer_with_no_taskflow to None, run_after=None
[2024-11-19T17:54:28.365+0000] {processor.py:208} INFO - Processing /home/airflow/.local/lib/python3.12/site-packages/airflow/example_dags/example_dataset_alias_with_no_taskflow.py took 1.322 seconds
[2024-11-19T17:54:59.079+0000] {processor.py:186} INFO - Started process (PID=1649) to work on /home/airflow/.local/lib/python3.12/site-packages/airflow/example_dags/example_dataset_alias_with_no_taskflow.py
[2024-11-19T17:54:59.081+0000] {processor.py:914} INFO - Processing file /home/airflow/.local/lib/python3.12/site-packages/airflow/example_dags/example_dataset_alias_with_no_taskflow.py for tasks to queue
[2024-11-19T17:54:59.085+0000] {logging_mixin.py:190} INFO - [2024-11-19T17:54:59.084+0000] {dagbag.py:588} INFO - Filling up the DagBag from /home/airflow/.local/lib/python3.12/site-packages/airflow/example_dags/example_dataset_alias_with_no_taskflow.py
[2024-11-19T17:55:00.343+0000] {processor.py:925} INFO - DAG(s) 'dataset_alias_example_alias_producer_with_no_taskflow', 'dataset_s3_bucket_producer_with_no_taskflow', 'dataset_alias_example_alias_consumer_with_no_taskflow', 'dataset_s3_bucket_consumer_with_no_taskflow' retrieved from /home/airflow/.local/lib/python3.12/site-packages/airflow/example_dags/example_dataset_alias_with_no_taskflow.py
[2024-11-19T17:55:00.397+0000] {logging_mixin.py:190} INFO - [2024-11-19T17:55:00.396+0000] {dag.py:3239} INFO - Sync 4 DAGs
[2024-11-19T17:55:00.474+0000] {logging_mixin.py:190} INFO - [2024-11-19T17:55:00.474+0000] {dag.py:4180} INFO - Setting next_dagrun for dataset_alias_example_alias_consumer_with_no_taskflow to None, run_after=None
[2024-11-19T17:55:00.481+0000] {logging_mixin.py:190} INFO - [2024-11-19T17:55:00.480+0000] {dag.py:4180} INFO - Setting next_dagrun for dataset_alias_example_alias_producer_with_no_taskflow to None, run_after=None
[2024-11-19T17:55:00.484+0000] {logging_mixin.py:190} INFO - [2024-11-19T17:55:00.484+0000] {dag.py:4180} INFO - Setting next_dagrun for dataset_s3_bucket_consumer_with_no_taskflow to None, run_after=None
[2024-11-19T17:55:00.488+0000] {logging_mixin.py:190} INFO - [2024-11-19T17:55:00.487+0000] {dag.py:4180} INFO - Setting next_dagrun for dataset_s3_bucket_producer_with_no_taskflow to None, run_after=None
[2024-11-19T17:55:00.743+0000] {processor.py:208} INFO - Processing /home/airflow/.local/lib/python3.12/site-packages/airflow/example_dags/example_dataset_alias_with_no_taskflow.py took 1.676 seconds
[2024-11-19T17:55:30.823+0000] {processor.py:186} INFO - Started process (PID=1722) to work on /home/airflow/.local/lib/python3.12/site-packages/airflow/example_dags/example_dataset_alias_with_no_taskflow.py
[2024-11-19T17:55:30.824+0000] {processor.py:914} INFO - Processing file /home/airflow/.local/lib/python3.12/site-packages/airflow/example_dags/example_dataset_alias_with_no_taskflow.py for tasks to queue
[2024-11-19T17:55:30.828+0000] {logging_mixin.py:190} INFO - [2024-11-19T17:55:30.827+0000] {dagbag.py:588} INFO - Filling up the DagBag from /home/airflow/.local/lib/python3.12/site-packages/airflow/example_dags/example_dataset_alias_with_no_taskflow.py
[2024-11-19T17:55:32.034+0000] {processor.py:925} INFO - DAG(s) 'dataset_alias_example_alias_consumer_with_no_taskflow', 'dataset_s3_bucket_producer_with_no_taskflow', 'dataset_s3_bucket_consumer_with_no_taskflow', 'dataset_alias_example_alias_producer_with_no_taskflow' retrieved from /home/airflow/.local/lib/python3.12/site-packages/airflow/example_dags/example_dataset_alias_with_no_taskflow.py
[2024-11-19T17:55:32.060+0000] {logging_mixin.py:190} INFO - [2024-11-19T17:55:32.059+0000] {dag.py:3239} INFO - Sync 4 DAGs
[2024-11-19T17:55:32.091+0000] {logging_mixin.py:190} INFO - [2024-11-19T17:55:32.091+0000] {dag.py:4180} INFO - Setting next_dagrun for dataset_alias_example_alias_consumer_with_no_taskflow to None, run_after=None
[2024-11-19T17:55:32.095+0000] {logging_mixin.py:190} INFO - [2024-11-19T17:55:32.095+0000] {dag.py:4180} INFO - Setting next_dagrun for dataset_alias_example_alias_producer_with_no_taskflow to None, run_after=None
[2024-11-19T17:55:32.101+0000] {logging_mixin.py:190} INFO - [2024-11-19T17:55:32.100+0000] {dag.py:4180} INFO - Setting next_dagrun for dataset_s3_bucket_consumer_with_no_taskflow to None, run_after=None
[2024-11-19T17:55:32.103+0000] {logging_mixin.py:190} INFO - [2024-11-19T17:55:32.102+0000] {dag.py:4180} INFO - Setting next_dagrun for dataset_s3_bucket_producer_with_no_taskflow to None, run_after=None
[2024-11-19T17:55:32.266+0000] {processor.py:208} INFO - Processing /home/airflow/.local/lib/python3.12/site-packages/airflow/example_dags/example_dataset_alias_with_no_taskflow.py took 1.449 seconds
[2024-11-19T17:56:02.411+0000] {processor.py:186} INFO - Started process (PID=1795) to work on /home/airflow/.local/lib/python3.12/site-packages/airflow/example_dags/example_dataset_alias_with_no_taskflow.py
[2024-11-19T17:56:02.413+0000] {processor.py:914} INFO - Processing file /home/airflow/.local/lib/python3.12/site-packages/airflow/example_dags/example_dataset_alias_with_no_taskflow.py for tasks to queue
[2024-11-19T17:56:02.416+0000] {logging_mixin.py:190} INFO - [2024-11-19T17:56:02.416+0000] {dagbag.py:588} INFO - Filling up the DagBag from /home/airflow/.local/lib/python3.12/site-packages/airflow/example_dags/example_dataset_alias_with_no_taskflow.py
[2024-11-19T17:56:03.108+0000] {processor.py:925} INFO - DAG(s) 'dataset_alias_example_alias_consumer_with_no_taskflow', 'dataset_alias_example_alias_producer_with_no_taskflow', 'dataset_s3_bucket_consumer_with_no_taskflow', 'dataset_s3_bucket_producer_with_no_taskflow' retrieved from /home/airflow/.local/lib/python3.12/site-packages/airflow/example_dags/example_dataset_alias_with_no_taskflow.py
[2024-11-19T17:56:03.132+0000] {logging_mixin.py:190} INFO - [2024-11-19T17:56:03.131+0000] {dag.py:3239} INFO - Sync 4 DAGs
[2024-11-19T17:56:03.156+0000] {logging_mixin.py:190} INFO - [2024-11-19T17:56:03.156+0000] {dag.py:4180} INFO - Setting next_dagrun for dataset_alias_example_alias_consumer_with_no_taskflow to None, run_after=None
[2024-11-19T17:56:03.159+0000] {logging_mixin.py:190} INFO - [2024-11-19T17:56:03.159+0000] {dag.py:4180} INFO - Setting next_dagrun for dataset_alias_example_alias_producer_with_no_taskflow to None, run_after=None
[2024-11-19T17:56:03.162+0000] {logging_mixin.py:190} INFO - [2024-11-19T17:56:03.162+0000] {dag.py:4180} INFO - Setting next_dagrun for dataset_s3_bucket_consumer_with_no_taskflow to None, run_after=None
[2024-11-19T17:56:03.164+0000] {logging_mixin.py:190} INFO - [2024-11-19T17:56:03.164+0000] {dag.py:4180} INFO - Setting next_dagrun for dataset_s3_bucket_producer_with_no_taskflow to None, run_after=None
[2024-11-19T17:56:03.254+0000] {processor.py:208} INFO - Processing /home/airflow/.local/lib/python3.12/site-packages/airflow/example_dags/example_dataset_alias_with_no_taskflow.py took 0.850 seconds
[2024-11-19T17:56:33.633+0000] {processor.py:186} INFO - Started process (PID=1867) to work on /home/airflow/.local/lib/python3.12/site-packages/airflow/example_dags/example_dataset_alias_with_no_taskflow.py
[2024-11-19T17:56:33.634+0000] {processor.py:914} INFO - Processing file /home/airflow/.local/lib/python3.12/site-packages/airflow/example_dags/example_dataset_alias_with_no_taskflow.py for tasks to queue
[2024-11-19T17:56:33.637+0000] {logging_mixin.py:190} INFO - [2024-11-19T17:56:33.637+0000] {dagbag.py:588} INFO - Filling up the DagBag from /home/airflow/.local/lib/python3.12/site-packages/airflow/example_dags/example_dataset_alias_with_no_taskflow.py
[2024-11-19T17:56:34.422+0000] {processor.py:925} INFO - DAG(s) 'dataset_s3_bucket_consumer_with_no_taskflow', 'dataset_alias_example_alias_consumer_with_no_taskflow', 'dataset_alias_example_alias_producer_with_no_taskflow', 'dataset_s3_bucket_producer_with_no_taskflow' retrieved from /home/airflow/.local/lib/python3.12/site-packages/airflow/example_dags/example_dataset_alias_with_no_taskflow.py
[2024-11-19T17:56:34.449+0000] {logging_mixin.py:190} INFO - [2024-11-19T17:56:34.449+0000] {dag.py:3239} INFO - Sync 4 DAGs
[2024-11-19T17:56:34.482+0000] {logging_mixin.py:190} INFO - [2024-11-19T17:56:34.481+0000] {dag.py:4180} INFO - Setting next_dagrun for dataset_alias_example_alias_consumer_with_no_taskflow to None, run_after=None
[2024-11-19T17:56:34.486+0000] {logging_mixin.py:190} INFO - [2024-11-19T17:56:34.485+0000] {dag.py:4180} INFO - Setting next_dagrun for dataset_alias_example_alias_producer_with_no_taskflow to None, run_after=None
[2024-11-19T17:56:34.488+0000] {logging_mixin.py:190} INFO - [2024-11-19T17:56:34.488+0000] {dag.py:4180} INFO - Setting next_dagrun for dataset_s3_bucket_consumer_with_no_taskflow to None, run_after=None
[2024-11-19T17:56:34.491+0000] {logging_mixin.py:190} INFO - [2024-11-19T17:56:34.491+0000] {dag.py:4180} INFO - Setting next_dagrun for dataset_s3_bucket_producer_with_no_taskflow to None, run_after=None
[2024-11-19T17:56:34.944+0000] {processor.py:208} INFO - Processing /home/airflow/.local/lib/python3.12/site-packages/airflow/example_dags/example_dataset_alias_with_no_taskflow.py took 1.318 seconds
[2024-11-19T17:57:04.991+0000] {processor.py:186} INFO - Started process (PID=1938) to work on /home/airflow/.local/lib/python3.12/site-packages/airflow/example_dags/example_dataset_alias_with_no_taskflow.py
[2024-11-19T17:57:04.993+0000] {processor.py:914} INFO - Processing file /home/airflow/.local/lib/python3.12/site-packages/airflow/example_dags/example_dataset_alias_with_no_taskflow.py for tasks to queue
[2024-11-19T17:57:04.996+0000] {logging_mixin.py:190} INFO - [2024-11-19T17:57:04.995+0000] {dagbag.py:588} INFO - Filling up the DagBag from /home/airflow/.local/lib/python3.12/site-packages/airflow/example_dags/example_dataset_alias_with_no_taskflow.py
[2024-11-19T17:57:05.668+0000] {processor.py:925} INFO - DAG(s) 'dataset_s3_bucket_consumer_with_no_taskflow', 'dataset_s3_bucket_producer_with_no_taskflow', 'dataset_alias_example_alias_consumer_with_no_taskflow', 'dataset_alias_example_alias_producer_with_no_taskflow' retrieved from /home/airflow/.local/lib/python3.12/site-packages/airflow/example_dags/example_dataset_alias_with_no_taskflow.py
[2024-11-19T17:57:05.698+0000] {logging_mixin.py:190} INFO - [2024-11-19T17:57:05.697+0000] {dag.py:3239} INFO - Sync 4 DAGs
[2024-11-19T17:57:05.724+0000] {logging_mixin.py:190} INFO - [2024-11-19T17:57:05.724+0000] {dag.py:4180} INFO - Setting next_dagrun for dataset_alias_example_alias_consumer_with_no_taskflow to None, run_after=None
[2024-11-19T17:57:05.727+0000] {logging_mixin.py:190} INFO - [2024-11-19T17:57:05.727+0000] {dag.py:4180} INFO - Setting next_dagrun for dataset_alias_example_alias_producer_with_no_taskflow to None, run_after=None
[2024-11-19T17:57:05.729+0000] {logging_mixin.py:190} INFO - [2024-11-19T17:57:05.729+0000] {dag.py:4180} INFO - Setting next_dagrun for dataset_s3_bucket_consumer_with_no_taskflow to None, run_after=None
[2024-11-19T17:57:05.731+0000] {logging_mixin.py:190} INFO - [2024-11-19T17:57:05.731+0000] {dag.py:4180} INFO - Setting next_dagrun for dataset_s3_bucket_producer_with_no_taskflow to None, run_after=None
[2024-11-19T17:57:05.808+0000] {processor.py:208} INFO - Processing /home/airflow/.local/lib/python3.12/site-packages/airflow/example_dags/example_dataset_alias_with_no_taskflow.py took 0.824 seconds
[2024-11-19T17:57:36.555+0000] {processor.py:186} INFO - Started process (PID=2009) to work on /home/airflow/.local/lib/python3.12/site-packages/airflow/example_dags/example_dataset_alias_with_no_taskflow.py
[2024-11-19T17:57:36.556+0000] {processor.py:914} INFO - Processing file /home/airflow/.local/lib/python3.12/site-packages/airflow/example_dags/example_dataset_alias_with_no_taskflow.py for tasks to queue
[2024-11-19T17:57:36.560+0000] {logging_mixin.py:190} INFO - [2024-11-19T17:57:36.560+0000] {dagbag.py:588} INFO - Filling up the DagBag from /home/airflow/.local/lib/python3.12/site-packages/airflow/example_dags/example_dataset_alias_with_no_taskflow.py
[2024-11-19T17:57:37.781+0000] {processor.py:925} INFO - DAG(s) 'dataset_s3_bucket_consumer_with_no_taskflow', 'dataset_alias_example_alias_producer_with_no_taskflow', 'dataset_alias_example_alias_consumer_with_no_taskflow', 'dataset_s3_bucket_producer_with_no_taskflow' retrieved from /home/airflow/.local/lib/python3.12/site-packages/airflow/example_dags/example_dataset_alias_with_no_taskflow.py
[2024-11-19T17:57:37.834+0000] {logging_mixin.py:190} INFO - [2024-11-19T17:57:37.833+0000] {dag.py:3239} INFO - Sync 4 DAGs
[2024-11-19T17:57:37.907+0000] {logging_mixin.py:190} INFO - [2024-11-19T17:57:37.906+0000] {dag.py:4180} INFO - Setting next_dagrun for dataset_alias_example_alias_consumer_with_no_taskflow to None, run_after=None
[2024-11-19T17:57:37.913+0000] {logging_mixin.py:190} INFO - [2024-11-19T17:57:37.913+0000] {dag.py:4180} INFO - Setting next_dagrun for dataset_alias_example_alias_producer_with_no_taskflow to None, run_after=None
[2024-11-19T17:57:37.919+0000] {logging_mixin.py:190} INFO - [2024-11-19T17:57:37.918+0000] {dag.py:4180} INFO - Setting next_dagrun for dataset_s3_bucket_consumer_with_no_taskflow to None, run_after=None
[2024-11-19T17:57:37.921+0000] {logging_mixin.py:190} INFO - [2024-11-19T17:57:37.921+0000] {dag.py:4180} INFO - Setting next_dagrun for dataset_s3_bucket_producer_with_no_taskflow to None, run_after=None
[2024-11-19T17:57:38.113+0000] {processor.py:208} INFO - Processing /home/airflow/.local/lib/python3.12/site-packages/airflow/example_dags/example_dataset_alias_with_no_taskflow.py took 1.566 seconds
