[2024-11-19T17:41:51.048+0000] {processor.py:186} INFO - Started process (PID=131) to work on /home/airflow/.local/lib/python3.12/site-packages/airflow/example_dags/example_setup_teardown.py
[2024-11-19T17:41:51.049+0000] {processor.py:914} INFO - Processing file /home/airflow/.local/lib/python3.12/site-packages/airflow/example_dags/example_setup_teardown.py for tasks to queue
[2024-11-19T17:41:51.052+0000] {logging_mixin.py:190} INFO - [2024-11-19T17:41:51.052+0000] {dagbag.py:588} INFO - Filling up the DagBag from /home/airflow/.local/lib/python3.12/site-packages/airflow/example_dags/example_setup_teardown.py
[2024-11-19T17:41:51.064+0000] {processor.py:925} INFO - DAG(s) 'example_setup_teardown' retrieved from /home/airflow/.local/lib/python3.12/site-packages/airflow/example_dags/example_setup_teardown.py
[2024-11-19T17:41:51.092+0000] {logging_mixin.py:190} INFO - [2024-11-19T17:41:51.092+0000] {dag.py:3239} INFO - Sync 1 DAGs
[2024-11-19T17:41:51.113+0000] {logging_mixin.py:190} INFO - [2024-11-19T17:41:51.112+0000] {dag.py:4180} INFO - Setting next_dagrun for example_setup_teardown to None, run_after=None
[2024-11-19T17:41:51.168+0000] {processor.py:208} INFO - Processing /home/airflow/.local/lib/python3.12/site-packages/airflow/example_dags/example_setup_teardown.py took 0.128 seconds
[2024-11-19T17:43:20.751+0000] {processor.py:186} INFO - Started process (PID=91) to work on /home/airflow/.local/lib/python3.12/site-packages/airflow/example_dags/example_setup_teardown.py
[2024-11-19T17:43:20.753+0000] {processor.py:914} INFO - Processing file /home/airflow/.local/lib/python3.12/site-packages/airflow/example_dags/example_setup_teardown.py for tasks to queue
[2024-11-19T17:43:20.756+0000] {logging_mixin.py:190} INFO - [2024-11-19T17:43:20.755+0000] {dagbag.py:588} INFO - Filling up the DagBag from /home/airflow/.local/lib/python3.12/site-packages/airflow/example_dags/example_setup_teardown.py
[2024-11-19T17:43:20.766+0000] {processor.py:925} INFO - DAG(s) 'example_setup_teardown' retrieved from /home/airflow/.local/lib/python3.12/site-packages/airflow/example_dags/example_setup_teardown.py
[2024-11-19T17:43:20.796+0000] {logging_mixin.py:190} INFO - [2024-11-19T17:43:20.796+0000] {dag.py:3239} INFO - Sync 1 DAGs
[2024-11-19T17:43:20.813+0000] {logging_mixin.py:190} INFO - [2024-11-19T17:43:20.813+0000] {dag.py:4180} INFO - Setting next_dagrun for example_setup_teardown to None, run_after=None
[2024-11-19T17:43:20.969+0000] {processor.py:208} INFO - Processing /home/airflow/.local/lib/python3.12/site-packages/airflow/example_dags/example_setup_teardown.py took 0.225 seconds
[2024-11-19T17:43:51.929+0000] {processor.py:186} INFO - Started process (PID=162) to work on /home/airflow/.local/lib/python3.12/site-packages/airflow/example_dags/example_setup_teardown.py
[2024-11-19T17:43:51.931+0000] {processor.py:914} INFO - Processing file /home/airflow/.local/lib/python3.12/site-packages/airflow/example_dags/example_setup_teardown.py for tasks to queue
[2024-11-19T17:43:51.934+0000] {logging_mixin.py:190} INFO - [2024-11-19T17:43:51.933+0000] {dagbag.py:588} INFO - Filling up the DagBag from /home/airflow/.local/lib/python3.12/site-packages/airflow/example_dags/example_setup_teardown.py
[2024-11-19T17:43:51.946+0000] {processor.py:925} INFO - DAG(s) 'example_setup_teardown' retrieved from /home/airflow/.local/lib/python3.12/site-packages/airflow/example_dags/example_setup_teardown.py
[2024-11-19T17:43:51.977+0000] {logging_mixin.py:190} INFO - [2024-11-19T17:43:51.976+0000] {dag.py:3239} INFO - Sync 1 DAGs
[2024-11-19T17:43:51.996+0000] {logging_mixin.py:190} INFO - [2024-11-19T17:43:51.996+0000] {dag.py:4180} INFO - Setting next_dagrun for example_setup_teardown to None, run_after=None
[2024-11-19T17:43:52.049+0000] {processor.py:208} INFO - Processing /home/airflow/.local/lib/python3.12/site-packages/airflow/example_dags/example_setup_teardown.py took 0.130 seconds
[2024-11-19T17:44:23.655+0000] {processor.py:186} INFO - Started process (PID=233) to work on /home/airflow/.local/lib/python3.12/site-packages/airflow/example_dags/example_setup_teardown.py
[2024-11-19T17:44:23.657+0000] {processor.py:914} INFO - Processing file /home/airflow/.local/lib/python3.12/site-packages/airflow/example_dags/example_setup_teardown.py for tasks to queue
[2024-11-19T17:44:23.661+0000] {logging_mixin.py:190} INFO - [2024-11-19T17:44:23.661+0000] {dagbag.py:588} INFO - Filling up the DagBag from /home/airflow/.local/lib/python3.12/site-packages/airflow/example_dags/example_setup_teardown.py
[2024-11-19T17:44:23.682+0000] {processor.py:925} INFO - DAG(s) 'example_setup_teardown' retrieved from /home/airflow/.local/lib/python3.12/site-packages/airflow/example_dags/example_setup_teardown.py
[2024-11-19T17:44:23.740+0000] {logging_mixin.py:190} INFO - [2024-11-19T17:44:23.739+0000] {dag.py:3239} INFO - Sync 1 DAGs
[2024-11-19T17:44:23.792+0000] {logging_mixin.py:190} INFO - [2024-11-19T17:44:23.791+0000] {dag.py:4180} INFO - Setting next_dagrun for example_setup_teardown to None, run_after=None
[2024-11-19T17:44:23.896+0000] {processor.py:208} INFO - Processing /home/airflow/.local/lib/python3.12/site-packages/airflow/example_dags/example_setup_teardown.py took 0.252 seconds
[2024-11-19T17:44:54.138+0000] {processor.py:186} INFO - Started process (PID=304) to work on /home/airflow/.local/lib/python3.12/site-packages/airflow/example_dags/example_setup_teardown.py
[2024-11-19T17:44:54.141+0000] {processor.py:914} INFO - Processing file /home/airflow/.local/lib/python3.12/site-packages/airflow/example_dags/example_setup_teardown.py for tasks to queue
[2024-11-19T17:44:54.146+0000] {logging_mixin.py:190} INFO - [2024-11-19T17:44:54.145+0000] {dagbag.py:588} INFO - Filling up the DagBag from /home/airflow/.local/lib/python3.12/site-packages/airflow/example_dags/example_setup_teardown.py
[2024-11-19T17:44:54.163+0000] {processor.py:925} INFO - DAG(s) 'example_setup_teardown' retrieved from /home/airflow/.local/lib/python3.12/site-packages/airflow/example_dags/example_setup_teardown.py
[2024-11-19T17:44:54.208+0000] {logging_mixin.py:190} INFO - [2024-11-19T17:44:54.207+0000] {dag.py:3239} INFO - Sync 1 DAGs
[2024-11-19T17:44:54.243+0000] {logging_mixin.py:190} INFO - [2024-11-19T17:44:54.242+0000] {dag.py:4180} INFO - Setting next_dagrun for example_setup_teardown to None, run_after=None
[2024-11-19T17:44:54.384+0000] {processor.py:208} INFO - Processing /home/airflow/.local/lib/python3.12/site-packages/airflow/example_dags/example_setup_teardown.py took 0.258 seconds
[2024-11-19T17:45:38.920+0000] {processor.py:186} INFO - Started process (PID=375) to work on /home/airflow/.local/lib/python3.12/site-packages/airflow/example_dags/example_setup_teardown.py
[2024-11-19T17:45:38.963+0000] {processor.py:914} INFO - Processing file /home/airflow/.local/lib/python3.12/site-packages/airflow/example_dags/example_setup_teardown.py for tasks to queue
[2024-11-19T17:45:38.966+0000] {logging_mixin.py:190} INFO - [2024-11-19T17:45:38.966+0000] {dagbag.py:588} INFO - Filling up the DagBag from /home/airflow/.local/lib/python3.12/site-packages/airflow/example_dags/example_setup_teardown.py
[2024-11-19T17:45:38.976+0000] {processor.py:925} INFO - DAG(s) 'example_setup_teardown' retrieved from /home/airflow/.local/lib/python3.12/site-packages/airflow/example_dags/example_setup_teardown.py
[2024-11-19T17:45:39.000+0000] {logging_mixin.py:190} INFO - [2024-11-19T17:45:38.999+0000] {dag.py:3239} INFO - Sync 1 DAGs
[2024-11-19T17:45:39.015+0000] {logging_mixin.py:190} INFO - [2024-11-19T17:45:39.015+0000] {dag.py:4180} INFO - Setting next_dagrun for example_setup_teardown to None, run_after=None
[2024-11-19T17:45:39.121+0000] {processor.py:208} INFO - Processing /home/airflow/.local/lib/python3.12/site-packages/airflow/example_dags/example_setup_teardown.py took 0.211 seconds
[2024-11-19T17:46:09.574+0000] {processor.py:186} INFO - Started process (PID=446) to work on /home/airflow/.local/lib/python3.12/site-packages/airflow/example_dags/example_setup_teardown.py
[2024-11-19T17:46:09.575+0000] {processor.py:914} INFO - Processing file /home/airflow/.local/lib/python3.12/site-packages/airflow/example_dags/example_setup_teardown.py for tasks to queue
[2024-11-19T17:46:09.578+0000] {logging_mixin.py:190} INFO - [2024-11-19T17:46:09.578+0000] {dagbag.py:588} INFO - Filling up the DagBag from /home/airflow/.local/lib/python3.12/site-packages/airflow/example_dags/example_setup_teardown.py
[2024-11-19T17:46:09.587+0000] {processor.py:925} INFO - DAG(s) 'example_setup_teardown' retrieved from /home/airflow/.local/lib/python3.12/site-packages/airflow/example_dags/example_setup_teardown.py
[2024-11-19T17:46:09.612+0000] {logging_mixin.py:190} INFO - [2024-11-19T17:46:09.611+0000] {dag.py:3239} INFO - Sync 1 DAGs
[2024-11-19T17:46:09.627+0000] {logging_mixin.py:190} INFO - [2024-11-19T17:46:09.627+0000] {dag.py:4180} INFO - Setting next_dagrun for example_setup_teardown to None, run_after=None
[2024-11-19T17:46:09.719+0000] {processor.py:208} INFO - Processing /home/airflow/.local/lib/python3.12/site-packages/airflow/example_dags/example_setup_teardown.py took 0.152 seconds
[2024-11-19T17:46:40.329+0000] {processor.py:186} INFO - Started process (PID=517) to work on /home/airflow/.local/lib/python3.12/site-packages/airflow/example_dags/example_setup_teardown.py
[2024-11-19T17:46:40.333+0000] {processor.py:914} INFO - Processing file /home/airflow/.local/lib/python3.12/site-packages/airflow/example_dags/example_setup_teardown.py for tasks to queue
[2024-11-19T17:46:40.338+0000] {logging_mixin.py:190} INFO - [2024-11-19T17:46:40.337+0000] {dagbag.py:588} INFO - Filling up the DagBag from /home/airflow/.local/lib/python3.12/site-packages/airflow/example_dags/example_setup_teardown.py
[2024-11-19T17:46:40.360+0000] {processor.py:925} INFO - DAG(s) 'example_setup_teardown' retrieved from /home/airflow/.local/lib/python3.12/site-packages/airflow/example_dags/example_setup_teardown.py
[2024-11-19T17:46:40.430+0000] {logging_mixin.py:190} INFO - [2024-11-19T17:46:40.430+0000] {dag.py:3239} INFO - Sync 1 DAGs
[2024-11-19T17:46:40.495+0000] {logging_mixin.py:190} INFO - [2024-11-19T17:46:40.493+0000] {dag.py:4180} INFO - Setting next_dagrun for example_setup_teardown to None, run_after=None
[2024-11-19T17:46:40.574+0000] {processor.py:208} INFO - Processing /home/airflow/.local/lib/python3.12/site-packages/airflow/example_dags/example_setup_teardown.py took 0.255 seconds
[2024-11-19T17:47:12.006+0000] {processor.py:186} INFO - Started process (PID=594) to work on /home/airflow/.local/lib/python3.12/site-packages/airflow/example_dags/example_setup_teardown.py
[2024-11-19T17:47:12.007+0000] {processor.py:914} INFO - Processing file /home/airflow/.local/lib/python3.12/site-packages/airflow/example_dags/example_setup_teardown.py for tasks to queue
[2024-11-19T17:47:12.010+0000] {logging_mixin.py:190} INFO - [2024-11-19T17:47:12.010+0000] {dagbag.py:588} INFO - Filling up the DagBag from /home/airflow/.local/lib/python3.12/site-packages/airflow/example_dags/example_setup_teardown.py
[2024-11-19T17:47:12.020+0000] {processor.py:925} INFO - DAG(s) 'example_setup_teardown' retrieved from /home/airflow/.local/lib/python3.12/site-packages/airflow/example_dags/example_setup_teardown.py
[2024-11-19T17:47:12.044+0000] {logging_mixin.py:190} INFO - [2024-11-19T17:47:12.043+0000] {dag.py:3239} INFO - Sync 1 DAGs
[2024-11-19T17:47:12.061+0000] {logging_mixin.py:190} INFO - [2024-11-19T17:47:12.061+0000] {dag.py:4180} INFO - Setting next_dagrun for example_setup_teardown to None, run_after=None
[2024-11-19T17:47:12.113+0000] {processor.py:208} INFO - Processing /home/airflow/.local/lib/python3.12/site-packages/airflow/example_dags/example_setup_teardown.py took 0.114 seconds
[2024-11-19T17:47:43.680+0000] {processor.py:186} INFO - Started process (PID=665) to work on /home/airflow/.local/lib/python3.12/site-packages/airflow/example_dags/example_setup_teardown.py
[2024-11-19T17:47:43.682+0000] {processor.py:914} INFO - Processing file /home/airflow/.local/lib/python3.12/site-packages/airflow/example_dags/example_setup_teardown.py for tasks to queue
[2024-11-19T17:47:43.685+0000] {logging_mixin.py:190} INFO - [2024-11-19T17:47:43.684+0000] {dagbag.py:588} INFO - Filling up the DagBag from /home/airflow/.local/lib/python3.12/site-packages/airflow/example_dags/example_setup_teardown.py
[2024-11-19T17:47:43.699+0000] {processor.py:925} INFO - DAG(s) 'example_setup_teardown' retrieved from /home/airflow/.local/lib/python3.12/site-packages/airflow/example_dags/example_setup_teardown.py
[2024-11-19T17:47:43.725+0000] {logging_mixin.py:190} INFO - [2024-11-19T17:47:43.724+0000] {dag.py:3239} INFO - Sync 1 DAGs
[2024-11-19T17:47:43.745+0000] {logging_mixin.py:190} INFO - [2024-11-19T17:47:43.745+0000] {dag.py:4180} INFO - Setting next_dagrun for example_setup_teardown to None, run_after=None
[2024-11-19T17:47:43.804+0000] {processor.py:208} INFO - Processing /home/airflow/.local/lib/python3.12/site-packages/airflow/example_dags/example_setup_teardown.py took 0.135 seconds
[2024-11-19T17:48:15.632+0000] {processor.py:186} INFO - Started process (PID=736) to work on /home/airflow/.local/lib/python3.12/site-packages/airflow/example_dags/example_setup_teardown.py
[2024-11-19T17:48:15.633+0000] {processor.py:914} INFO - Processing file /home/airflow/.local/lib/python3.12/site-packages/airflow/example_dags/example_setup_teardown.py for tasks to queue
[2024-11-19T17:48:15.637+0000] {logging_mixin.py:190} INFO - [2024-11-19T17:48:15.636+0000] {dagbag.py:588} INFO - Filling up the DagBag from /home/airflow/.local/lib/python3.12/site-packages/airflow/example_dags/example_setup_teardown.py
[2024-11-19T17:48:15.648+0000] {processor.py:925} INFO - DAG(s) 'example_setup_teardown' retrieved from /home/airflow/.local/lib/python3.12/site-packages/airflow/example_dags/example_setup_teardown.py
[2024-11-19T17:48:15.687+0000] {logging_mixin.py:190} INFO - [2024-11-19T17:48:15.687+0000] {dag.py:3239} INFO - Sync 1 DAGs
[2024-11-19T17:48:15.715+0000] {logging_mixin.py:190} INFO - [2024-11-19T17:48:15.715+0000] {dag.py:4180} INFO - Setting next_dagrun for example_setup_teardown to None, run_after=None
[2024-11-19T17:48:15.818+0000] {processor.py:208} INFO - Processing /home/airflow/.local/lib/python3.12/site-packages/airflow/example_dags/example_setup_teardown.py took 0.197 seconds
[2024-11-19T17:48:46.694+0000] {processor.py:186} INFO - Started process (PID=799) to work on /home/airflow/.local/lib/python3.12/site-packages/airflow/example_dags/example_setup_teardown.py
[2024-11-19T17:48:46.706+0000] {processor.py:914} INFO - Processing file /home/airflow/.local/lib/python3.12/site-packages/airflow/example_dags/example_setup_teardown.py for tasks to queue
[2024-11-19T17:48:46.711+0000] {logging_mixin.py:190} INFO - [2024-11-19T17:48:46.710+0000] {dagbag.py:588} INFO - Filling up the DagBag from /home/airflow/.local/lib/python3.12/site-packages/airflow/example_dags/example_setup_teardown.py
[2024-11-19T17:48:46.762+0000] {processor.py:925} INFO - DAG(s) 'example_setup_teardown' retrieved from /home/airflow/.local/lib/python3.12/site-packages/airflow/example_dags/example_setup_teardown.py
[2024-11-19T17:48:46.848+0000] {logging_mixin.py:190} INFO - [2024-11-19T17:48:46.848+0000] {dag.py:3239} INFO - Sync 1 DAGs
[2024-11-19T17:48:46.883+0000] {logging_mixin.py:190} INFO - [2024-11-19T17:48:46.882+0000] {dag.py:4180} INFO - Setting next_dagrun for example_setup_teardown to None, run_after=None
[2024-11-19T17:48:47.019+0000] {processor.py:208} INFO - Processing /home/airflow/.local/lib/python3.12/site-packages/airflow/example_dags/example_setup_teardown.py took 0.340 seconds
[2024-11-19T17:49:17.200+0000] {processor.py:186} INFO - Started process (PID=870) to work on /home/airflow/.local/lib/python3.12/site-packages/airflow/example_dags/example_setup_teardown.py
[2024-11-19T17:49:17.202+0000] {processor.py:914} INFO - Processing file /home/airflow/.local/lib/python3.12/site-packages/airflow/example_dags/example_setup_teardown.py for tasks to queue
[2024-11-19T17:49:17.207+0000] {logging_mixin.py:190} INFO - [2024-11-19T17:49:17.206+0000] {dagbag.py:588} INFO - Filling up the DagBag from /home/airflow/.local/lib/python3.12/site-packages/airflow/example_dags/example_setup_teardown.py
[2024-11-19T17:49:17.219+0000] {processor.py:925} INFO - DAG(s) 'example_setup_teardown' retrieved from /home/airflow/.local/lib/python3.12/site-packages/airflow/example_dags/example_setup_teardown.py
[2024-11-19T17:49:17.250+0000] {logging_mixin.py:190} INFO - [2024-11-19T17:49:17.249+0000] {dag.py:3239} INFO - Sync 1 DAGs
[2024-11-19T17:49:17.270+0000] {logging_mixin.py:190} INFO - [2024-11-19T17:49:17.270+0000] {dag.py:4180} INFO - Setting next_dagrun for example_setup_teardown to None, run_after=None
[2024-11-19T17:49:17.347+0000] {processor.py:208} INFO - Processing /home/airflow/.local/lib/python3.12/site-packages/airflow/example_dags/example_setup_teardown.py took 0.156 seconds
[2024-11-19T17:49:51.237+0000] {processor.py:186} INFO - Started process (PID=949) to work on /home/airflow/.local/lib/python3.12/site-packages/airflow/example_dags/example_setup_teardown.py
[2024-11-19T17:49:51.252+0000] {processor.py:914} INFO - Processing file /home/airflow/.local/lib/python3.12/site-packages/airflow/example_dags/example_setup_teardown.py for tasks to queue
[2024-11-19T17:49:51.266+0000] {logging_mixin.py:190} INFO - [2024-11-19T17:49:51.265+0000] {dagbag.py:588} INFO - Filling up the DagBag from /home/airflow/.local/lib/python3.12/site-packages/airflow/example_dags/example_setup_teardown.py
[2024-11-19T17:49:51.308+0000] {processor.py:925} INFO - DAG(s) 'example_setup_teardown' retrieved from /home/airflow/.local/lib/python3.12/site-packages/airflow/example_dags/example_setup_teardown.py
[2024-11-19T17:49:51.398+0000] {logging_mixin.py:190} INFO - [2024-11-19T17:49:51.398+0000] {dag.py:3239} INFO - Sync 1 DAGs
[2024-11-19T17:49:51.471+0000] {logging_mixin.py:190} INFO - [2024-11-19T17:49:51.470+0000] {dag.py:4180} INFO - Setting next_dagrun for example_setup_teardown to None, run_after=None
[2024-11-19T17:49:51.787+0000] {processor.py:208} INFO - Processing /home/airflow/.local/lib/python3.12/site-packages/airflow/example_dags/example_setup_teardown.py took 0.583 seconds
[2024-11-19T17:50:22.533+0000] {processor.py:186} INFO - Started process (PID=1012) to work on /home/airflow/.local/lib/python3.12/site-packages/airflow/example_dags/example_setup_teardown.py
[2024-11-19T17:50:22.535+0000] {processor.py:914} INFO - Processing file /home/airflow/.local/lib/python3.12/site-packages/airflow/example_dags/example_setup_teardown.py for tasks to queue
[2024-11-19T17:50:22.539+0000] {logging_mixin.py:190} INFO - [2024-11-19T17:50:22.539+0000] {dagbag.py:588} INFO - Filling up the DagBag from /home/airflow/.local/lib/python3.12/site-packages/airflow/example_dags/example_setup_teardown.py
[2024-11-19T17:50:22.556+0000] {processor.py:925} INFO - DAG(s) 'example_setup_teardown' retrieved from /home/airflow/.local/lib/python3.12/site-packages/airflow/example_dags/example_setup_teardown.py
[2024-11-19T17:50:22.601+0000] {logging_mixin.py:190} INFO - [2024-11-19T17:50:22.600+0000] {dag.py:3239} INFO - Sync 1 DAGs
[2024-11-19T17:50:22.628+0000] {logging_mixin.py:190} INFO - [2024-11-19T17:50:22.627+0000] {dag.py:4180} INFO - Setting next_dagrun for example_setup_teardown to None, run_after=None
[2024-11-19T17:50:22.710+0000] {processor.py:208} INFO - Processing /home/airflow/.local/lib/python3.12/site-packages/airflow/example_dags/example_setup_teardown.py took 0.190 seconds
[2024-11-19T17:50:53.584+0000] {processor.py:186} INFO - Started process (PID=1083) to work on /home/airflow/.local/lib/python3.12/site-packages/airflow/example_dags/example_setup_teardown.py
[2024-11-19T17:50:53.586+0000] {processor.py:914} INFO - Processing file /home/airflow/.local/lib/python3.12/site-packages/airflow/example_dags/example_setup_teardown.py for tasks to queue
[2024-11-19T17:50:53.591+0000] {logging_mixin.py:190} INFO - [2024-11-19T17:50:53.590+0000] {dagbag.py:588} INFO - Filling up the DagBag from /home/airflow/.local/lib/python3.12/site-packages/airflow/example_dags/example_setup_teardown.py
[2024-11-19T17:50:53.608+0000] {processor.py:925} INFO - DAG(s) 'example_setup_teardown' retrieved from /home/airflow/.local/lib/python3.12/site-packages/airflow/example_dags/example_setup_teardown.py
[2024-11-19T17:50:53.640+0000] {logging_mixin.py:190} INFO - [2024-11-19T17:50:53.640+0000] {dag.py:3239} INFO - Sync 1 DAGs
[2024-11-19T17:50:53.665+0000] {logging_mixin.py:190} INFO - [2024-11-19T17:50:53.665+0000] {dag.py:4180} INFO - Setting next_dagrun for example_setup_teardown to None, run_after=None
[2024-11-19T17:50:53.735+0000] {processor.py:208} INFO - Processing /home/airflow/.local/lib/python3.12/site-packages/airflow/example_dags/example_setup_teardown.py took 0.162 seconds
[2024-11-19T17:51:24.520+0000] {processor.py:186} INFO - Started process (PID=1154) to work on /home/airflow/.local/lib/python3.12/site-packages/airflow/example_dags/example_setup_teardown.py
[2024-11-19T17:51:24.522+0000] {processor.py:914} INFO - Processing file /home/airflow/.local/lib/python3.12/site-packages/airflow/example_dags/example_setup_teardown.py for tasks to queue
[2024-11-19T17:51:24.526+0000] {logging_mixin.py:190} INFO - [2024-11-19T17:51:24.526+0000] {dagbag.py:588} INFO - Filling up the DagBag from /home/airflow/.local/lib/python3.12/site-packages/airflow/example_dags/example_setup_teardown.py
[2024-11-19T17:51:24.543+0000] {processor.py:925} INFO - DAG(s) 'example_setup_teardown' retrieved from /home/airflow/.local/lib/python3.12/site-packages/airflow/example_dags/example_setup_teardown.py
[2024-11-19T17:51:24.601+0000] {logging_mixin.py:190} INFO - [2024-11-19T17:51:24.600+0000] {dag.py:3239} INFO - Sync 1 DAGs
[2024-11-19T17:51:24.637+0000] {logging_mixin.py:190} INFO - [2024-11-19T17:51:24.637+0000] {dag.py:4180} INFO - Setting next_dagrun for example_setup_teardown to None, run_after=None
[2024-11-19T17:51:24.718+0000] {processor.py:208} INFO - Processing /home/airflow/.local/lib/python3.12/site-packages/airflow/example_dags/example_setup_teardown.py took 0.209 seconds
[2024-11-19T17:51:56.220+0000] {processor.py:186} INFO - Started process (PID=1225) to work on /home/airflow/.local/lib/python3.12/site-packages/airflow/example_dags/example_setup_teardown.py
[2024-11-19T17:51:56.240+0000] {processor.py:914} INFO - Processing file /home/airflow/.local/lib/python3.12/site-packages/airflow/example_dags/example_setup_teardown.py for tasks to queue
[2024-11-19T17:51:56.262+0000] {logging_mixin.py:190} INFO - [2024-11-19T17:51:56.261+0000] {dagbag.py:588} INFO - Filling up the DagBag from /home/airflow/.local/lib/python3.12/site-packages/airflow/example_dags/example_setup_teardown.py
[2024-11-19T17:51:56.332+0000] {processor.py:925} INFO - DAG(s) 'example_setup_teardown' retrieved from /home/airflow/.local/lib/python3.12/site-packages/airflow/example_dags/example_setup_teardown.py
[2024-11-19T17:51:56.422+0000] {logging_mixin.py:190} INFO - [2024-11-19T17:51:56.422+0000] {dag.py:3239} INFO - Sync 1 DAGs
[2024-11-19T17:51:56.466+0000] {logging_mixin.py:190} INFO - [2024-11-19T17:51:56.466+0000] {dag.py:4180} INFO - Setting next_dagrun for example_setup_teardown to None, run_after=None
[2024-11-19T17:51:56.572+0000] {processor.py:208} INFO - Processing /home/airflow/.local/lib/python3.12/site-packages/airflow/example_dags/example_setup_teardown.py took 0.378 seconds
[2024-11-19T17:52:27.432+0000] {processor.py:186} INFO - Started process (PID=1297) to work on /home/airflow/.local/lib/python3.12/site-packages/airflow/example_dags/example_setup_teardown.py
[2024-11-19T17:52:27.434+0000] {processor.py:914} INFO - Processing file /home/airflow/.local/lib/python3.12/site-packages/airflow/example_dags/example_setup_teardown.py for tasks to queue
[2024-11-19T17:52:27.437+0000] {logging_mixin.py:190} INFO - [2024-11-19T17:52:27.436+0000] {dagbag.py:588} INFO - Filling up the DagBag from /home/airflow/.local/lib/python3.12/site-packages/airflow/example_dags/example_setup_teardown.py
[2024-11-19T17:52:27.448+0000] {processor.py:925} INFO - DAG(s) 'example_setup_teardown' retrieved from /home/airflow/.local/lib/python3.12/site-packages/airflow/example_dags/example_setup_teardown.py
[2024-11-19T17:52:27.475+0000] {logging_mixin.py:190} INFO - [2024-11-19T17:52:27.474+0000] {dag.py:3239} INFO - Sync 1 DAGs
[2024-11-19T17:52:27.495+0000] {logging_mixin.py:190} INFO - [2024-11-19T17:52:27.495+0000] {dag.py:4180} INFO - Setting next_dagrun for example_setup_teardown to None, run_after=None
[2024-11-19T17:52:27.587+0000] {processor.py:208} INFO - Processing /home/airflow/.local/lib/python3.12/site-packages/airflow/example_dags/example_setup_teardown.py took 0.165 seconds
[2024-11-19T17:52:58.033+0000] {processor.py:186} INFO - Started process (PID=1368) to work on /home/airflow/.local/lib/python3.12/site-packages/airflow/example_dags/example_setup_teardown.py
[2024-11-19T17:52:58.034+0000] {processor.py:914} INFO - Processing file /home/airflow/.local/lib/python3.12/site-packages/airflow/example_dags/example_setup_teardown.py for tasks to queue
[2024-11-19T17:52:58.037+0000] {logging_mixin.py:190} INFO - [2024-11-19T17:52:58.037+0000] {dagbag.py:588} INFO - Filling up the DagBag from /home/airflow/.local/lib/python3.12/site-packages/airflow/example_dags/example_setup_teardown.py
[2024-11-19T17:52:58.047+0000] {processor.py:925} INFO - DAG(s) 'example_setup_teardown' retrieved from /home/airflow/.local/lib/python3.12/site-packages/airflow/example_dags/example_setup_teardown.py
[2024-11-19T17:52:58.074+0000] {logging_mixin.py:190} INFO - [2024-11-19T17:52:58.074+0000] {dag.py:3239} INFO - Sync 1 DAGs
[2024-11-19T17:52:58.092+0000] {logging_mixin.py:190} INFO - [2024-11-19T17:52:58.092+0000] {dag.py:4180} INFO - Setting next_dagrun for example_setup_teardown to None, run_after=None
[2024-11-19T17:52:58.155+0000] {processor.py:208} INFO - Processing /home/airflow/.local/lib/python3.12/site-packages/airflow/example_dags/example_setup_teardown.py took 0.130 seconds
[2024-11-19T17:53:28.385+0000] {processor.py:186} INFO - Started process (PID=1439) to work on /home/airflow/.local/lib/python3.12/site-packages/airflow/example_dags/example_setup_teardown.py
[2024-11-19T17:53:28.387+0000] {processor.py:914} INFO - Processing file /home/airflow/.local/lib/python3.12/site-packages/airflow/example_dags/example_setup_teardown.py for tasks to queue
[2024-11-19T17:53:28.391+0000] {logging_mixin.py:190} INFO - [2024-11-19T17:53:28.390+0000] {dagbag.py:588} INFO - Filling up the DagBag from /home/airflow/.local/lib/python3.12/site-packages/airflow/example_dags/example_setup_teardown.py
[2024-11-19T17:53:28.404+0000] {processor.py:925} INFO - DAG(s) 'example_setup_teardown' retrieved from /home/airflow/.local/lib/python3.12/site-packages/airflow/example_dags/example_setup_teardown.py
[2024-11-19T17:53:28.436+0000] {logging_mixin.py:190} INFO - [2024-11-19T17:53:28.435+0000] {dag.py:3239} INFO - Sync 1 DAGs
[2024-11-19T17:53:28.456+0000] {logging_mixin.py:190} INFO - [2024-11-19T17:53:28.456+0000] {dag.py:4180} INFO - Setting next_dagrun for example_setup_teardown to None, run_after=None
[2024-11-19T17:53:28.598+0000] {processor.py:208} INFO - Processing /home/airflow/.local/lib/python3.12/site-packages/airflow/example_dags/example_setup_teardown.py took 0.223 seconds
[2024-11-19T17:53:59.485+0000] {processor.py:186} INFO - Started process (PID=1510) to work on /home/airflow/.local/lib/python3.12/site-packages/airflow/example_dags/example_setup_teardown.py
[2024-11-19T17:53:59.486+0000] {processor.py:914} INFO - Processing file /home/airflow/.local/lib/python3.12/site-packages/airflow/example_dags/example_setup_teardown.py for tasks to queue
[2024-11-19T17:53:59.491+0000] {logging_mixin.py:190} INFO - [2024-11-19T17:53:59.491+0000] {dagbag.py:588} INFO - Filling up the DagBag from /home/airflow/.local/lib/python3.12/site-packages/airflow/example_dags/example_setup_teardown.py
[2024-11-19T17:53:59.502+0000] {processor.py:925} INFO - DAG(s) 'example_setup_teardown' retrieved from /home/airflow/.local/lib/python3.12/site-packages/airflow/example_dags/example_setup_teardown.py
[2024-11-19T17:53:59.538+0000] {logging_mixin.py:190} INFO - [2024-11-19T17:53:59.537+0000] {dag.py:3239} INFO - Sync 1 DAGs
[2024-11-19T17:53:59.557+0000] {logging_mixin.py:190} INFO - [2024-11-19T17:53:59.556+0000] {dag.py:4180} INFO - Setting next_dagrun for example_setup_teardown to None, run_after=None
[2024-11-19T17:53:59.683+0000] {processor.py:208} INFO - Processing /home/airflow/.local/lib/python3.12/site-packages/airflow/example_dags/example_setup_teardown.py took 0.206 seconds
[2024-11-19T17:54:29.777+0000] {processor.py:186} INFO - Started process (PID=1581) to work on /home/airflow/.local/lib/python3.12/site-packages/airflow/example_dags/example_setup_teardown.py
[2024-11-19T17:54:29.779+0000] {processor.py:914} INFO - Processing file /home/airflow/.local/lib/python3.12/site-packages/airflow/example_dags/example_setup_teardown.py for tasks to queue
[2024-11-19T17:54:29.784+0000] {logging_mixin.py:190} INFO - [2024-11-19T17:54:29.783+0000] {dagbag.py:588} INFO - Filling up the DagBag from /home/airflow/.local/lib/python3.12/site-packages/airflow/example_dags/example_setup_teardown.py
[2024-11-19T17:54:29.797+0000] {processor.py:925} INFO - DAG(s) 'example_setup_teardown' retrieved from /home/airflow/.local/lib/python3.12/site-packages/airflow/example_dags/example_setup_teardown.py
[2024-11-19T17:54:29.833+0000] {logging_mixin.py:190} INFO - [2024-11-19T17:54:29.833+0000] {dag.py:3239} INFO - Sync 1 DAGs
[2024-11-19T17:54:29.853+0000] {logging_mixin.py:190} INFO - [2024-11-19T17:54:29.852+0000] {dag.py:4180} INFO - Setting next_dagrun for example_setup_teardown to None, run_after=None
[2024-11-19T17:54:29.963+0000] {processor.py:208} INFO - Processing /home/airflow/.local/lib/python3.12/site-packages/airflow/example_dags/example_setup_teardown.py took 0.196 seconds
[2024-11-19T17:55:00.426+0000] {processor.py:186} INFO - Started process (PID=1652) to work on /home/airflow/.local/lib/python3.12/site-packages/airflow/example_dags/example_setup_teardown.py
[2024-11-19T17:55:00.428+0000] {processor.py:914} INFO - Processing file /home/airflow/.local/lib/python3.12/site-packages/airflow/example_dags/example_setup_teardown.py for tasks to queue
[2024-11-19T17:55:00.432+0000] {logging_mixin.py:190} INFO - [2024-11-19T17:55:00.432+0000] {dagbag.py:588} INFO - Filling up the DagBag from /home/airflow/.local/lib/python3.12/site-packages/airflow/example_dags/example_setup_teardown.py
[2024-11-19T17:55:00.458+0000] {processor.py:925} INFO - DAG(s) 'example_setup_teardown' retrieved from /home/airflow/.local/lib/python3.12/site-packages/airflow/example_dags/example_setup_teardown.py
[2024-11-19T17:55:00.501+0000] {logging_mixin.py:190} INFO - [2024-11-19T17:55:00.500+0000] {dag.py:3239} INFO - Sync 1 DAGs
[2024-11-19T17:55:00.543+0000] {logging_mixin.py:190} INFO - [2024-11-19T17:55:00.543+0000] {dag.py:4180} INFO - Setting next_dagrun for example_setup_teardown to None, run_after=None
[2024-11-19T17:55:00.826+0000] {processor.py:208} INFO - Processing /home/airflow/.local/lib/python3.12/site-packages/airflow/example_dags/example_setup_teardown.py took 0.414 seconds
[2024-11-19T17:55:30.974+0000] {processor.py:186} INFO - Started process (PID=1723) to work on /home/airflow/.local/lib/python3.12/site-packages/airflow/example_dags/example_setup_teardown.py
[2024-11-19T17:55:30.976+0000] {processor.py:914} INFO - Processing file /home/airflow/.local/lib/python3.12/site-packages/airflow/example_dags/example_setup_teardown.py for tasks to queue
[2024-11-19T17:55:30.981+0000] {logging_mixin.py:190} INFO - [2024-11-19T17:55:30.980+0000] {dagbag.py:588} INFO - Filling up the DagBag from /home/airflow/.local/lib/python3.12/site-packages/airflow/example_dags/example_setup_teardown.py
[2024-11-19T17:55:30.993+0000] {processor.py:925} INFO - DAG(s) 'example_setup_teardown' retrieved from /home/airflow/.local/lib/python3.12/site-packages/airflow/example_dags/example_setup_teardown.py
[2024-11-19T17:55:31.035+0000] {logging_mixin.py:190} INFO - [2024-11-19T17:55:31.035+0000] {dag.py:3239} INFO - Sync 1 DAGs
[2024-11-19T17:55:31.063+0000] {logging_mixin.py:190} INFO - [2024-11-19T17:55:31.062+0000] {dag.py:4180} INFO - Setting next_dagrun for example_setup_teardown to None, run_after=None
[2024-11-19T17:55:31.272+0000] {processor.py:208} INFO - Processing /home/airflow/.local/lib/python3.12/site-packages/airflow/example_dags/example_setup_teardown.py took 0.309 seconds
[2024-11-19T17:56:02.197+0000] {processor.py:186} INFO - Started process (PID=1793) to work on /home/airflow/.local/lib/python3.12/site-packages/airflow/example_dags/example_setup_teardown.py
[2024-11-19T17:56:02.199+0000] {processor.py:914} INFO - Processing file /home/airflow/.local/lib/python3.12/site-packages/airflow/example_dags/example_setup_teardown.py for tasks to queue
[2024-11-19T17:56:02.202+0000] {logging_mixin.py:190} INFO - [2024-11-19T17:56:02.201+0000] {dagbag.py:588} INFO - Filling up the DagBag from /home/airflow/.local/lib/python3.12/site-packages/airflow/example_dags/example_setup_teardown.py
[2024-11-19T17:56:02.216+0000] {processor.py:925} INFO - DAG(s) 'example_setup_teardown' retrieved from /home/airflow/.local/lib/python3.12/site-packages/airflow/example_dags/example_setup_teardown.py
[2024-11-19T17:56:02.244+0000] {logging_mixin.py:190} INFO - [2024-11-19T17:56:02.244+0000] {dag.py:3239} INFO - Sync 1 DAGs
[2024-11-19T17:56:02.265+0000] {logging_mixin.py:190} INFO - [2024-11-19T17:56:02.265+0000] {dag.py:4180} INFO - Setting next_dagrun for example_setup_teardown to None, run_after=None
[2024-11-19T17:56:02.372+0000] {processor.py:208} INFO - Processing /home/airflow/.local/lib/python3.12/site-packages/airflow/example_dags/example_setup_teardown.py took 0.184 seconds
[2024-11-19T17:56:32.557+0000] {processor.py:186} INFO - Started process (PID=1864) to work on /home/airflow/.local/lib/python3.12/site-packages/airflow/example_dags/example_setup_teardown.py
[2024-11-19T17:56:32.559+0000] {processor.py:914} INFO - Processing file /home/airflow/.local/lib/python3.12/site-packages/airflow/example_dags/example_setup_teardown.py for tasks to queue
[2024-11-19T17:56:32.562+0000] {logging_mixin.py:190} INFO - [2024-11-19T17:56:32.562+0000] {dagbag.py:588} INFO - Filling up the DagBag from /home/airflow/.local/lib/python3.12/site-packages/airflow/example_dags/example_setup_teardown.py
[2024-11-19T17:56:32.573+0000] {processor.py:925} INFO - DAG(s) 'example_setup_teardown' retrieved from /home/airflow/.local/lib/python3.12/site-packages/airflow/example_dags/example_setup_teardown.py
[2024-11-19T17:56:32.602+0000] {logging_mixin.py:190} INFO - [2024-11-19T17:56:32.602+0000] {dag.py:3239} INFO - Sync 1 DAGs
[2024-11-19T17:56:32.627+0000] {logging_mixin.py:190} INFO - [2024-11-19T17:56:32.627+0000] {dag.py:4180} INFO - Setting next_dagrun for example_setup_teardown to None, run_after=None
[2024-11-19T17:56:32.791+0000] {processor.py:208} INFO - Processing /home/airflow/.local/lib/python3.12/site-packages/airflow/example_dags/example_setup_teardown.py took 0.241 seconds
[2024-11-19T17:57:03.734+0000] {processor.py:186} INFO - Started process (PID=1935) to work on /home/airflow/.local/lib/python3.12/site-packages/airflow/example_dags/example_setup_teardown.py
[2024-11-19T17:57:03.736+0000] {processor.py:914} INFO - Processing file /home/airflow/.local/lib/python3.12/site-packages/airflow/example_dags/example_setup_teardown.py for tasks to queue
[2024-11-19T17:57:03.739+0000] {logging_mixin.py:190} INFO - [2024-11-19T17:57:03.739+0000] {dagbag.py:588} INFO - Filling up the DagBag from /home/airflow/.local/lib/python3.12/site-packages/airflow/example_dags/example_setup_teardown.py
[2024-11-19T17:57:03.753+0000] {processor.py:925} INFO - DAG(s) 'example_setup_teardown' retrieved from /home/airflow/.local/lib/python3.12/site-packages/airflow/example_dags/example_setup_teardown.py
[2024-11-19T17:57:03.783+0000] {logging_mixin.py:190} INFO - [2024-11-19T17:57:03.782+0000] {dag.py:3239} INFO - Sync 1 DAGs
[2024-11-19T17:57:03.801+0000] {logging_mixin.py:190} INFO - [2024-11-19T17:57:03.801+0000] {dag.py:4180} INFO - Setting next_dagrun for example_setup_teardown to None, run_after=None
[2024-11-19T17:57:03.897+0000] {processor.py:208} INFO - Processing /home/airflow/.local/lib/python3.12/site-packages/airflow/example_dags/example_setup_teardown.py took 0.173 seconds
[2024-11-19T17:57:34.281+0000] {processor.py:186} INFO - Started process (PID=2006) to work on /home/airflow/.local/lib/python3.12/site-packages/airflow/example_dags/example_setup_teardown.py
[2024-11-19T17:57:34.283+0000] {processor.py:914} INFO - Processing file /home/airflow/.local/lib/python3.12/site-packages/airflow/example_dags/example_setup_teardown.py for tasks to queue
[2024-11-19T17:57:34.286+0000] {logging_mixin.py:190} INFO - [2024-11-19T17:57:34.285+0000] {dagbag.py:588} INFO - Filling up the DagBag from /home/airflow/.local/lib/python3.12/site-packages/airflow/example_dags/example_setup_teardown.py
[2024-11-19T17:57:34.297+0000] {processor.py:925} INFO - DAG(s) 'example_setup_teardown' retrieved from /home/airflow/.local/lib/python3.12/site-packages/airflow/example_dags/example_setup_teardown.py
[2024-11-19T17:57:34.332+0000] {logging_mixin.py:190} INFO - [2024-11-19T17:57:34.331+0000] {dag.py:3239} INFO - Sync 1 DAGs
[2024-11-19T17:57:34.353+0000] {logging_mixin.py:190} INFO - [2024-11-19T17:57:34.353+0000] {dag.py:4180} INFO - Setting next_dagrun for example_setup_teardown to None, run_after=None
[2024-11-19T17:57:34.455+0000] {processor.py:208} INFO - Processing /home/airflow/.local/lib/python3.12/site-packages/airflow/example_dags/example_setup_teardown.py took 0.182 seconds
