[2024-11-19T17:41:56.224+0000] {processor.py:186} INFO - Started process (PID=146) to work on /home/airflow/.local/lib/python3.12/site-packages/airflow/example_dags/example_inlet_event_extra.py
[2024-11-19T17:41:56.226+0000] {processor.py:914} INFO - Processing file /home/airflow/.local/lib/python3.12/site-packages/airflow/example_dags/example_inlet_event_extra.py for tasks to queue
[2024-11-19T17:41:56.229+0000] {logging_mixin.py:190} INFO - [2024-11-19T17:41:56.228+0000] {dagbag.py:588} INFO - Filling up the DagBag from /home/airflow/.local/lib/python3.12/site-packages/airflow/example_dags/example_inlet_event_extra.py
[2024-11-19T17:41:58.024+0000] {processor.py:925} INFO - DAG(s) 'read_dataset_event_from_classic', 'read_dataset_event' retrieved from /home/airflow/.local/lib/python3.12/site-packages/airflow/example_dags/example_inlet_event_extra.py
[2024-11-19T17:41:58.053+0000] {logging_mixin.py:190} INFO - [2024-11-19T17:41:58.053+0000] {dag.py:3239} INFO - Sync 2 DAGs
[2024-11-19T17:41:58.094+0000] {logging_mixin.py:190} INFO - [2024-11-19T17:41:58.094+0000] {dag.py:4180} INFO - Setting next_dagrun for read_dataset_event to 2024-11-18 00:00:00+00:00, run_after=2024-11-19 00:00:00+00:00
[2024-11-19T17:41:58.103+0000] {logging_mixin.py:190} INFO - [2024-11-19T17:41:58.103+0000] {dag.py:4180} INFO - Setting next_dagrun for read_dataset_event_from_classic to 2024-11-18 00:00:00+00:00, run_after=2024-11-19 00:00:00+00:00
[2024-11-19T17:41:58.156+0000] {processor.py:208} INFO - Processing /home/airflow/.local/lib/python3.12/site-packages/airflow/example_dags/example_inlet_event_extra.py took 1.943 seconds
[2024-11-19T17:43:32.927+0000] {processor.py:186} INFO - Started process (PID=106) to work on /home/airflow/.local/lib/python3.12/site-packages/airflow/example_dags/example_inlet_event_extra.py
[2024-11-19T17:43:32.928+0000] {processor.py:914} INFO - Processing file /home/airflow/.local/lib/python3.12/site-packages/airflow/example_dags/example_inlet_event_extra.py for tasks to queue
[2024-11-19T17:43:32.931+0000] {logging_mixin.py:190} INFO - [2024-11-19T17:43:32.930+0000] {dagbag.py:588} INFO - Filling up the DagBag from /home/airflow/.local/lib/python3.12/site-packages/airflow/example_dags/example_inlet_event_extra.py
[2024-11-19T17:43:33.996+0000] {processor.py:925} INFO - DAG(s) 'read_dataset_event', 'read_dataset_event_from_classic' retrieved from /home/airflow/.local/lib/python3.12/site-packages/airflow/example_dags/example_inlet_event_extra.py
[2024-11-19T17:43:34.034+0000] {logging_mixin.py:190} INFO - [2024-11-19T17:43:34.034+0000] {dag.py:3239} INFO - Sync 2 DAGs
[2024-11-19T17:43:34.105+0000] {logging_mixin.py:190} INFO - [2024-11-19T17:43:34.105+0000] {dag.py:4180} INFO - Setting next_dagrun for read_dataset_event to 2024-11-18 00:00:00+00:00, run_after=2024-11-19 00:00:00+00:00
[2024-11-19T17:43:34.115+0000] {logging_mixin.py:190} INFO - [2024-11-19T17:43:34.114+0000] {dag.py:4180} INFO - Setting next_dagrun for read_dataset_event_from_classic to 2024-11-18 00:00:00+00:00, run_after=2024-11-19 00:00:00+00:00
[2024-11-19T17:43:34.254+0000] {processor.py:208} INFO - Processing /home/airflow/.local/lib/python3.12/site-packages/airflow/example_dags/example_inlet_event_extra.py took 1.334 seconds
[2024-11-19T17:44:05.104+0000] {processor.py:186} INFO - Started process (PID=178) to work on /home/airflow/.local/lib/python3.12/site-packages/airflow/example_dags/example_inlet_event_extra.py
[2024-11-19T17:44:05.106+0000] {processor.py:914} INFO - Processing file /home/airflow/.local/lib/python3.12/site-packages/airflow/example_dags/example_inlet_event_extra.py for tasks to queue
[2024-11-19T17:44:05.109+0000] {logging_mixin.py:190} INFO - [2024-11-19T17:44:05.108+0000] {dagbag.py:588} INFO - Filling up the DagBag from /home/airflow/.local/lib/python3.12/site-packages/airflow/example_dags/example_inlet_event_extra.py
[2024-11-19T17:44:05.953+0000] {processor.py:925} INFO - DAG(s) 'read_dataset_event_from_classic', 'read_dataset_event' retrieved from /home/airflow/.local/lib/python3.12/site-packages/airflow/example_dags/example_inlet_event_extra.py
[2024-11-19T17:44:05.983+0000] {logging_mixin.py:190} INFO - [2024-11-19T17:44:05.983+0000] {dag.py:3239} INFO - Sync 2 DAGs
[2024-11-19T17:44:06.021+0000] {logging_mixin.py:190} INFO - [2024-11-19T17:44:06.021+0000] {dag.py:4180} INFO - Setting next_dagrun for read_dataset_event to 2024-11-18 00:00:00+00:00, run_after=2024-11-19 00:00:00+00:00
[2024-11-19T17:44:06.028+0000] {logging_mixin.py:190} INFO - [2024-11-19T17:44:06.028+0000] {dag.py:4180} INFO - Setting next_dagrun for read_dataset_event_from_classic to 2024-11-18 00:00:00+00:00, run_after=2024-11-19 00:00:00+00:00
[2024-11-19T17:44:06.109+0000] {processor.py:208} INFO - Processing /home/airflow/.local/lib/python3.12/site-packages/airflow/example_dags/example_inlet_event_extra.py took 1.013 seconds
[2024-11-19T17:44:36.997+0000] {processor.py:186} INFO - Started process (PID=252) to work on /home/airflow/.local/lib/python3.12/site-packages/airflow/example_dags/example_inlet_event_extra.py
[2024-11-19T17:44:36.998+0000] {processor.py:914} INFO - Processing file /home/airflow/.local/lib/python3.12/site-packages/airflow/example_dags/example_inlet_event_extra.py for tasks to queue
[2024-11-19T17:44:37.001+0000] {logging_mixin.py:190} INFO - [2024-11-19T17:44:37.000+0000] {dagbag.py:588} INFO - Filling up the DagBag from /home/airflow/.local/lib/python3.12/site-packages/airflow/example_dags/example_inlet_event_extra.py
[2024-11-19T17:44:37.748+0000] {processor.py:925} INFO - DAG(s) 'read_dataset_event', 'read_dataset_event_from_classic' retrieved from /home/airflow/.local/lib/python3.12/site-packages/airflow/example_dags/example_inlet_event_extra.py
[2024-11-19T17:44:37.778+0000] {logging_mixin.py:190} INFO - [2024-11-19T17:44:37.777+0000] {dag.py:3239} INFO - Sync 2 DAGs
[2024-11-19T17:44:37.810+0000] {logging_mixin.py:190} INFO - [2024-11-19T17:44:37.809+0000] {dag.py:4180} INFO - Setting next_dagrun for read_dataset_event to 2024-11-18 00:00:00+00:00, run_after=2024-11-19 00:00:00+00:00
[2024-11-19T17:44:37.816+0000] {logging_mixin.py:190} INFO - [2024-11-19T17:44:37.816+0000] {dag.py:4180} INFO - Setting next_dagrun for read_dataset_event_from_classic to 2024-11-18 00:00:00+00:00, run_after=2024-11-19 00:00:00+00:00
[2024-11-19T17:44:37.932+0000] {processor.py:208} INFO - Processing /home/airflow/.local/lib/python3.12/site-packages/airflow/example_dags/example_inlet_event_extra.py took 0.942 seconds
[2024-11-19T17:45:08.466+0000] {processor.py:186} INFO - Started process (PID=324) to work on /home/airflow/.local/lib/python3.12/site-packages/airflow/example_dags/example_inlet_event_extra.py
[2024-11-19T17:45:08.468+0000] {processor.py:914} INFO - Processing file /home/airflow/.local/lib/python3.12/site-packages/airflow/example_dags/example_inlet_event_extra.py for tasks to queue
[2024-11-19T17:45:08.472+0000] {logging_mixin.py:190} INFO - [2024-11-19T17:45:08.471+0000] {dagbag.py:588} INFO - Filling up the DagBag from /home/airflow/.local/lib/python3.12/site-packages/airflow/example_dags/example_inlet_event_extra.py
[2024-11-19T17:45:09.381+0000] {processor.py:925} INFO - DAG(s) 'read_dataset_event_from_classic', 'read_dataset_event' retrieved from /home/airflow/.local/lib/python3.12/site-packages/airflow/example_dags/example_inlet_event_extra.py
[2024-11-19T17:45:09.410+0000] {logging_mixin.py:190} INFO - [2024-11-19T17:45:09.410+0000] {dag.py:3239} INFO - Sync 2 DAGs
[2024-11-19T17:45:09.439+0000] {logging_mixin.py:190} INFO - [2024-11-19T17:45:09.438+0000] {dag.py:4180} INFO - Setting next_dagrun for read_dataset_event to 2024-11-18 00:00:00+00:00, run_after=2024-11-19 00:00:00+00:00
[2024-11-19T17:45:09.446+0000] {logging_mixin.py:190} INFO - [2024-11-19T17:45:09.445+0000] {dag.py:4180} INFO - Setting next_dagrun for read_dataset_event_from_classic to 2024-11-18 00:00:00+00:00, run_after=2024-11-19 00:00:00+00:00
[2024-11-19T17:45:09.525+0000] {processor.py:208} INFO - Processing /home/airflow/.local/lib/python3.12/site-packages/airflow/example_dags/example_inlet_event_extra.py took 1.069 seconds
[2024-11-19T17:45:44.113+0000] {processor.py:186} INFO - Started process (PID=403) to work on /home/airflow/.local/lib/python3.12/site-packages/airflow/example_dags/example_inlet_event_extra.py
[2024-11-19T17:45:44.167+0000] {processor.py:914} INFO - Processing file /home/airflow/.local/lib/python3.12/site-packages/airflow/example_dags/example_inlet_event_extra.py for tasks to queue
[2024-11-19T17:45:44.171+0000] {logging_mixin.py:190} INFO - [2024-11-19T17:45:44.170+0000] {dagbag.py:588} INFO - Filling up the DagBag from /home/airflow/.local/lib/python3.12/site-packages/airflow/example_dags/example_inlet_event_extra.py
[2024-11-19T17:45:45.015+0000] {processor.py:925} INFO - DAG(s) 'read_dataset_event_from_classic', 'read_dataset_event' retrieved from /home/airflow/.local/lib/python3.12/site-packages/airflow/example_dags/example_inlet_event_extra.py
[2024-11-19T17:45:45.047+0000] {logging_mixin.py:190} INFO - [2024-11-19T17:45:45.046+0000] {dag.py:3239} INFO - Sync 2 DAGs
[2024-11-19T17:45:45.080+0000] {logging_mixin.py:190} INFO - [2024-11-19T17:45:45.080+0000] {dag.py:4180} INFO - Setting next_dagrun for read_dataset_event to 2024-11-18 00:00:00+00:00, run_after=2024-11-19 00:00:00+00:00
[2024-11-19T17:45:45.087+0000] {logging_mixin.py:190} INFO - [2024-11-19T17:45:45.087+0000] {dag.py:4180} INFO - Setting next_dagrun for read_dataset_event_from_classic to 2024-11-18 00:00:00+00:00, run_after=2024-11-19 00:00:00+00:00
[2024-11-19T17:45:45.161+0000] {processor.py:208} INFO - Processing /home/airflow/.local/lib/python3.12/site-packages/airflow/example_dags/example_inlet_event_extra.py took 1.056 seconds
[2024-11-19T17:46:16.120+0000] {processor.py:186} INFO - Started process (PID=474) to work on /home/airflow/.local/lib/python3.12/site-packages/airflow/example_dags/example_inlet_event_extra.py
[2024-11-19T17:46:16.121+0000] {processor.py:914} INFO - Processing file /home/airflow/.local/lib/python3.12/site-packages/airflow/example_dags/example_inlet_event_extra.py for tasks to queue
[2024-11-19T17:46:16.124+0000] {logging_mixin.py:190} INFO - [2024-11-19T17:46:16.124+0000] {dagbag.py:588} INFO - Filling up the DagBag from /home/airflow/.local/lib/python3.12/site-packages/airflow/example_dags/example_inlet_event_extra.py
[2024-11-19T17:46:16.837+0000] {processor.py:925} INFO - DAG(s) 'read_dataset_event_from_classic', 'read_dataset_event' retrieved from /home/airflow/.local/lib/python3.12/site-packages/airflow/example_dags/example_inlet_event_extra.py
[2024-11-19T17:46:16.864+0000] {logging_mixin.py:190} INFO - [2024-11-19T17:46:16.864+0000] {dag.py:3239} INFO - Sync 2 DAGs
[2024-11-19T17:46:16.894+0000] {logging_mixin.py:190} INFO - [2024-11-19T17:46:16.894+0000] {dag.py:4180} INFO - Setting next_dagrun for read_dataset_event to 2024-11-18 00:00:00+00:00, run_after=2024-11-19 00:00:00+00:00
[2024-11-19T17:46:16.901+0000] {logging_mixin.py:190} INFO - [2024-11-19T17:46:16.900+0000] {dag.py:4180} INFO - Setting next_dagrun for read_dataset_event_from_classic to 2024-11-18 00:00:00+00:00, run_after=2024-11-19 00:00:00+00:00
[2024-11-19T17:46:16.964+0000] {processor.py:208} INFO - Processing /home/airflow/.local/lib/python3.12/site-packages/airflow/example_dags/example_inlet_event_extra.py took 0.851 seconds
[2024-11-19T17:46:47.139+0000] {processor.py:186} INFO - Started process (PID=547) to work on /home/airflow/.local/lib/python3.12/site-packages/airflow/example_dags/example_inlet_event_extra.py
[2024-11-19T17:46:47.141+0000] {processor.py:914} INFO - Processing file /home/airflow/.local/lib/python3.12/site-packages/airflow/example_dags/example_inlet_event_extra.py for tasks to queue
[2024-11-19T17:46:47.144+0000] {logging_mixin.py:190} INFO - [2024-11-19T17:46:47.143+0000] {dagbag.py:588} INFO - Filling up the DagBag from /home/airflow/.local/lib/python3.12/site-packages/airflow/example_dags/example_inlet_event_extra.py
[2024-11-19T17:46:47.819+0000] {processor.py:925} INFO - DAG(s) 'read_dataset_event', 'read_dataset_event_from_classic' retrieved from /home/airflow/.local/lib/python3.12/site-packages/airflow/example_dags/example_inlet_event_extra.py
[2024-11-19T17:46:47.846+0000] {logging_mixin.py:190} INFO - [2024-11-19T17:46:47.845+0000] {dag.py:3239} INFO - Sync 2 DAGs
[2024-11-19T17:46:47.878+0000] {logging_mixin.py:190} INFO - [2024-11-19T17:46:47.878+0000] {dag.py:4180} INFO - Setting next_dagrun for read_dataset_event to 2024-11-18 00:00:00+00:00, run_after=2024-11-19 00:00:00+00:00
[2024-11-19T17:46:47.887+0000] {logging_mixin.py:190} INFO - [2024-11-19T17:46:47.887+0000] {dag.py:4180} INFO - Setting next_dagrun for read_dataset_event_from_classic to 2024-11-18 00:00:00+00:00, run_after=2024-11-19 00:00:00+00:00
[2024-11-19T17:46:47.933+0000] {processor.py:208} INFO - Processing /home/airflow/.local/lib/python3.12/site-packages/airflow/example_dags/example_inlet_event_extra.py took 0.802 seconds
[2024-11-19T17:47:19.679+0000] {processor.py:186} INFO - Started process (PID=609) to work on /home/airflow/.local/lib/python3.12/site-packages/airflow/example_dags/example_inlet_event_extra.py
[2024-11-19T17:47:19.681+0000] {processor.py:914} INFO - Processing file /home/airflow/.local/lib/python3.12/site-packages/airflow/example_dags/example_inlet_event_extra.py for tasks to queue
[2024-11-19T17:47:19.684+0000] {logging_mixin.py:190} INFO - [2024-11-19T17:47:19.683+0000] {dagbag.py:588} INFO - Filling up the DagBag from /home/airflow/.local/lib/python3.12/site-packages/airflow/example_dags/example_inlet_event_extra.py
[2024-11-19T17:47:20.403+0000] {processor.py:925} INFO - DAG(s) 'read_dataset_event_from_classic', 'read_dataset_event' retrieved from /home/airflow/.local/lib/python3.12/site-packages/airflow/example_dags/example_inlet_event_extra.py
[2024-11-19T17:47:20.429+0000] {logging_mixin.py:190} INFO - [2024-11-19T17:47:20.429+0000] {dag.py:3239} INFO - Sync 2 DAGs
[2024-11-19T17:47:20.460+0000] {logging_mixin.py:190} INFO - [2024-11-19T17:47:20.460+0000] {dag.py:4180} INFO - Setting next_dagrun for read_dataset_event to 2024-11-18 00:00:00+00:00, run_after=2024-11-19 00:00:00+00:00
[2024-11-19T17:47:20.467+0000] {logging_mixin.py:190} INFO - [2024-11-19T17:47:20.466+0000] {dag.py:4180} INFO - Setting next_dagrun for read_dataset_event_from_classic to 2024-11-18 00:00:00+00:00, run_after=2024-11-19 00:00:00+00:00
[2024-11-19T17:47:20.688+0000] {processor.py:208} INFO - Processing /home/airflow/.local/lib/python3.12/site-packages/airflow/example_dags/example_inlet_event_extra.py took 1.016 seconds
[2024-11-19T17:47:51.436+0000] {processor.py:186} INFO - Started process (PID=680) to work on /home/airflow/.local/lib/python3.12/site-packages/airflow/example_dags/example_inlet_event_extra.py
[2024-11-19T17:47:51.439+0000] {processor.py:914} INFO - Processing file /home/airflow/.local/lib/python3.12/site-packages/airflow/example_dags/example_inlet_event_extra.py for tasks to queue
[2024-11-19T17:47:51.445+0000] {logging_mixin.py:190} INFO - [2024-11-19T17:47:51.444+0000] {dagbag.py:588} INFO - Filling up the DagBag from /home/airflow/.local/lib/python3.12/site-packages/airflow/example_dags/example_inlet_event_extra.py
[2024-11-19T17:47:53.127+0000] {processor.py:925} INFO - DAG(s) 'read_dataset_event_from_classic', 'read_dataset_event' retrieved from /home/airflow/.local/lib/python3.12/site-packages/airflow/example_dags/example_inlet_event_extra.py
[2024-11-19T17:47:53.513+0000] {logging_mixin.py:190} INFO - [2024-11-19T17:47:53.513+0000] {dag.py:3239} INFO - Sync 2 DAGs
[2024-11-19T17:47:53.863+0000] {logging_mixin.py:190} INFO - [2024-11-19T17:47:53.861+0000] {dag.py:4180} INFO - Setting next_dagrun for read_dataset_event to 2024-11-18 00:00:00+00:00, run_after=2024-11-19 00:00:00+00:00
[2024-11-19T17:47:53.873+0000] {logging_mixin.py:190} INFO - [2024-11-19T17:47:53.872+0000] {dag.py:4180} INFO - Setting next_dagrun for read_dataset_event_from_classic to 2024-11-18 00:00:00+00:00, run_after=2024-11-19 00:00:00+00:00
[2024-11-19T17:47:54.008+0000] {processor.py:208} INFO - Processing /home/airflow/.local/lib/python3.12/site-packages/airflow/example_dags/example_inlet_event_extra.py took 2.585 seconds
[2024-11-19T17:48:24.651+0000] {processor.py:186} INFO - Started process (PID=751) to work on /home/airflow/.local/lib/python3.12/site-packages/airflow/example_dags/example_inlet_event_extra.py
[2024-11-19T17:48:24.690+0000] {processor.py:914} INFO - Processing file /home/airflow/.local/lib/python3.12/site-packages/airflow/example_dags/example_inlet_event_extra.py for tasks to queue
[2024-11-19T17:48:24.694+0000] {logging_mixin.py:190} INFO - [2024-11-19T17:48:24.693+0000] {dagbag.py:588} INFO - Filling up the DagBag from /home/airflow/.local/lib/python3.12/site-packages/airflow/example_dags/example_inlet_event_extra.py
[2024-11-19T17:48:25.897+0000] {processor.py:925} INFO - DAG(s) 'read_dataset_event_from_classic', 'read_dataset_event' retrieved from /home/airflow/.local/lib/python3.12/site-packages/airflow/example_dags/example_inlet_event_extra.py
[2024-11-19T17:48:25.925+0000] {logging_mixin.py:190} INFO - [2024-11-19T17:48:25.925+0000] {dag.py:3239} INFO - Sync 2 DAGs
[2024-11-19T17:48:25.966+0000] {logging_mixin.py:190} INFO - [2024-11-19T17:48:25.966+0000] {dag.py:4180} INFO - Setting next_dagrun for read_dataset_event to 2024-11-18 00:00:00+00:00, run_after=2024-11-19 00:00:00+00:00
[2024-11-19T17:48:25.973+0000] {logging_mixin.py:190} INFO - [2024-11-19T17:48:25.973+0000] {dag.py:4180} INFO - Setting next_dagrun for read_dataset_event_from_classic to 2024-11-18 00:00:00+00:00, run_after=2024-11-19 00:00:00+00:00
[2024-11-19T17:48:26.027+0000] {processor.py:208} INFO - Processing /home/airflow/.local/lib/python3.12/site-packages/airflow/example_dags/example_inlet_event_extra.py took 1.387 seconds
[2024-11-19T17:48:56.714+0000] {processor.py:186} INFO - Started process (PID=826) to work on /home/airflow/.local/lib/python3.12/site-packages/airflow/example_dags/example_inlet_event_extra.py
[2024-11-19T17:48:56.715+0000] {processor.py:914} INFO - Processing file /home/airflow/.local/lib/python3.12/site-packages/airflow/example_dags/example_inlet_event_extra.py for tasks to queue
[2024-11-19T17:48:56.719+0000] {logging_mixin.py:190} INFO - [2024-11-19T17:48:56.719+0000] {dagbag.py:588} INFO - Filling up the DagBag from /home/airflow/.local/lib/python3.12/site-packages/airflow/example_dags/example_inlet_event_extra.py
[2024-11-19T17:48:57.640+0000] {processor.py:925} INFO - DAG(s) 'read_dataset_event', 'read_dataset_event_from_classic' retrieved from /home/airflow/.local/lib/python3.12/site-packages/airflow/example_dags/example_inlet_event_extra.py
[2024-11-19T17:48:57.675+0000] {logging_mixin.py:190} INFO - [2024-11-19T17:48:57.675+0000] {dag.py:3239} INFO - Sync 2 DAGs
[2024-11-19T17:48:57.718+0000] {logging_mixin.py:190} INFO - [2024-11-19T17:48:57.718+0000] {dag.py:4180} INFO - Setting next_dagrun for read_dataset_event to 2024-11-18 00:00:00+00:00, run_after=2024-11-19 00:00:00+00:00
[2024-11-19T17:48:57.726+0000] {logging_mixin.py:190} INFO - [2024-11-19T17:48:57.726+0000] {dag.py:4180} INFO - Setting next_dagrun for read_dataset_event_from_classic to 2024-11-18 00:00:00+00:00, run_after=2024-11-19 00:00:00+00:00
[2024-11-19T17:48:57.839+0000] {processor.py:208} INFO - Processing /home/airflow/.local/lib/python3.12/site-packages/airflow/example_dags/example_inlet_event_extra.py took 1.135 seconds
[2024-11-19T17:49:28.114+0000] {processor.py:186} INFO - Started process (PID=897) to work on /home/airflow/.local/lib/python3.12/site-packages/airflow/example_dags/example_inlet_event_extra.py
[2024-11-19T17:49:28.115+0000] {processor.py:914} INFO - Processing file /home/airflow/.local/lib/python3.12/site-packages/airflow/example_dags/example_inlet_event_extra.py for tasks to queue
[2024-11-19T17:49:28.119+0000] {logging_mixin.py:190} INFO - [2024-11-19T17:49:28.119+0000] {dagbag.py:588} INFO - Filling up the DagBag from /home/airflow/.local/lib/python3.12/site-packages/airflow/example_dags/example_inlet_event_extra.py
[2024-11-19T17:49:29.189+0000] {processor.py:925} INFO - DAG(s) 'read_dataset_event', 'read_dataset_event_from_classic' retrieved from /home/airflow/.local/lib/python3.12/site-packages/airflow/example_dags/example_inlet_event_extra.py
[2024-11-19T17:49:29.242+0000] {logging_mixin.py:190} INFO - [2024-11-19T17:49:29.242+0000] {dag.py:3239} INFO - Sync 2 DAGs
[2024-11-19T17:49:29.293+0000] {logging_mixin.py:190} INFO - [2024-11-19T17:49:29.293+0000] {dag.py:4180} INFO - Setting next_dagrun for read_dataset_event to 2024-11-18 00:00:00+00:00, run_after=2024-11-19 00:00:00+00:00
[2024-11-19T17:49:29.304+0000] {logging_mixin.py:190} INFO - [2024-11-19T17:49:29.303+0000] {dag.py:4180} INFO - Setting next_dagrun for read_dataset_event_from_classic to 2024-11-18 00:00:00+00:00, run_after=2024-11-19 00:00:00+00:00
[2024-11-19T17:49:29.388+0000] {processor.py:208} INFO - Processing /home/airflow/.local/lib/python3.12/site-packages/airflow/example_dags/example_inlet_event_extra.py took 1.284 seconds
[2024-11-19T17:50:00.011+0000] {processor.py:186} INFO - Started process (PID=968) to work on /home/airflow/.local/lib/python3.12/site-packages/airflow/example_dags/example_inlet_event_extra.py
[2024-11-19T17:50:00.014+0000] {processor.py:914} INFO - Processing file /home/airflow/.local/lib/python3.12/site-packages/airflow/example_dags/example_inlet_event_extra.py for tasks to queue
[2024-11-19T17:50:00.020+0000] {logging_mixin.py:190} INFO - [2024-11-19T17:50:00.018+0000] {dagbag.py:588} INFO - Filling up the DagBag from /home/airflow/.local/lib/python3.12/site-packages/airflow/example_dags/example_inlet_event_extra.py
[2024-11-19T17:50:01.303+0000] {processor.py:925} INFO - DAG(s) 'read_dataset_event_from_classic', 'read_dataset_event' retrieved from /home/airflow/.local/lib/python3.12/site-packages/airflow/example_dags/example_inlet_event_extra.py
[2024-11-19T17:50:01.348+0000] {logging_mixin.py:190} INFO - [2024-11-19T17:50:01.348+0000] {dag.py:3239} INFO - Sync 2 DAGs
[2024-11-19T17:50:01.400+0000] {logging_mixin.py:190} INFO - [2024-11-19T17:50:01.400+0000] {dag.py:4180} INFO - Setting next_dagrun for read_dataset_event to 2024-11-18 00:00:00+00:00, run_after=2024-11-19 00:00:00+00:00
[2024-11-19T17:50:01.412+0000] {logging_mixin.py:190} INFO - [2024-11-19T17:50:01.411+0000] {dag.py:4180} INFO - Setting next_dagrun for read_dataset_event_from_classic to 2024-11-18 00:00:00+00:00, run_after=2024-11-19 00:00:00+00:00
[2024-11-19T17:50:01.939+0000] {processor.py:208} INFO - Processing /home/airflow/.local/lib/python3.12/site-packages/airflow/example_dags/example_inlet_event_extra.py took 1.940 seconds
[2024-11-19T17:50:32.444+0000] {processor.py:186} INFO - Started process (PID=1039) to work on /home/airflow/.local/lib/python3.12/site-packages/airflow/example_dags/example_inlet_event_extra.py
[2024-11-19T17:50:32.445+0000] {processor.py:914} INFO - Processing file /home/airflow/.local/lib/python3.12/site-packages/airflow/example_dags/example_inlet_event_extra.py for tasks to queue
[2024-11-19T17:50:32.449+0000] {logging_mixin.py:190} INFO - [2024-11-19T17:50:32.448+0000] {dagbag.py:588} INFO - Filling up the DagBag from /home/airflow/.local/lib/python3.12/site-packages/airflow/example_dags/example_inlet_event_extra.py
[2024-11-19T17:50:33.563+0000] {processor.py:925} INFO - DAG(s) 'read_dataset_event', 'read_dataset_event_from_classic' retrieved from /home/airflow/.local/lib/python3.12/site-packages/airflow/example_dags/example_inlet_event_extra.py
[2024-11-19T17:50:33.603+0000] {logging_mixin.py:190} INFO - [2024-11-19T17:50:33.602+0000] {dag.py:3239} INFO - Sync 2 DAGs
[2024-11-19T17:50:33.651+0000] {logging_mixin.py:190} INFO - [2024-11-19T17:50:33.651+0000] {dag.py:4180} INFO - Setting next_dagrun for read_dataset_event to 2024-11-18 00:00:00+00:00, run_after=2024-11-19 00:00:00+00:00
[2024-11-19T17:50:33.665+0000] {logging_mixin.py:190} INFO - [2024-11-19T17:50:33.664+0000] {dag.py:4180} INFO - Setting next_dagrun for read_dataset_event_from_classic to 2024-11-18 00:00:00+00:00, run_after=2024-11-19 00:00:00+00:00
[2024-11-19T17:50:34.301+0000] {processor.py:208} INFO - Processing /home/airflow/.local/lib/python3.12/site-packages/airflow/example_dags/example_inlet_event_extra.py took 1.866 seconds
[2024-11-19T17:51:05.678+0000] {processor.py:186} INFO - Started process (PID=1115) to work on /home/airflow/.local/lib/python3.12/site-packages/airflow/example_dags/example_inlet_event_extra.py
[2024-11-19T17:51:05.680+0000] {processor.py:914} INFO - Processing file /home/airflow/.local/lib/python3.12/site-packages/airflow/example_dags/example_inlet_event_extra.py for tasks to queue
[2024-11-19T17:51:05.684+0000] {logging_mixin.py:190} INFO - [2024-11-19T17:51:05.684+0000] {dagbag.py:588} INFO - Filling up the DagBag from /home/airflow/.local/lib/python3.12/site-packages/airflow/example_dags/example_inlet_event_extra.py
[2024-11-19T17:51:06.647+0000] {processor.py:925} INFO - DAG(s) 'read_dataset_event', 'read_dataset_event_from_classic' retrieved from /home/airflow/.local/lib/python3.12/site-packages/airflow/example_dags/example_inlet_event_extra.py
[2024-11-19T17:51:06.679+0000] {logging_mixin.py:190} INFO - [2024-11-19T17:51:06.679+0000] {dag.py:3239} INFO - Sync 2 DAGs
[2024-11-19T17:51:06.715+0000] {logging_mixin.py:190} INFO - [2024-11-19T17:51:06.715+0000] {dag.py:4180} INFO - Setting next_dagrun for read_dataset_event to 2024-11-18 00:00:00+00:00, run_after=2024-11-19 00:00:00+00:00
[2024-11-19T17:51:06.722+0000] {logging_mixin.py:190} INFO - [2024-11-19T17:51:06.722+0000] {dag.py:4180} INFO - Setting next_dagrun for read_dataset_event_from_classic to 2024-11-18 00:00:00+00:00, run_after=2024-11-19 00:00:00+00:00
[2024-11-19T17:51:06.932+0000] {processor.py:208} INFO - Processing /home/airflow/.local/lib/python3.12/site-packages/airflow/example_dags/example_inlet_event_extra.py took 1.263 seconds
[2024-11-19T17:51:39.609+0000] {processor.py:186} INFO - Started process (PID=1189) to work on /home/airflow/.local/lib/python3.12/site-packages/airflow/example_dags/example_inlet_event_extra.py
[2024-11-19T17:51:39.611+0000] {processor.py:914} INFO - Processing file /home/airflow/.local/lib/python3.12/site-packages/airflow/example_dags/example_inlet_event_extra.py for tasks to queue
[2024-11-19T17:51:39.614+0000] {logging_mixin.py:190} INFO - [2024-11-19T17:51:39.614+0000] {dagbag.py:588} INFO - Filling up the DagBag from /home/airflow/.local/lib/python3.12/site-packages/airflow/example_dags/example_inlet_event_extra.py
[2024-11-19T17:51:41.598+0000] {processor.py:925} INFO - DAG(s) 'read_dataset_event_from_classic', 'read_dataset_event' retrieved from /home/airflow/.local/lib/python3.12/site-packages/airflow/example_dags/example_inlet_event_extra.py
[2024-11-19T17:51:41.661+0000] {logging_mixin.py:190} INFO - [2024-11-19T17:51:41.661+0000] {dag.py:3239} INFO - Sync 2 DAGs
[2024-11-19T17:51:41.765+0000] {logging_mixin.py:190} INFO - [2024-11-19T17:51:41.764+0000] {dag.py:4180} INFO - Setting next_dagrun for read_dataset_event to 2024-11-18 00:00:00+00:00, run_after=2024-11-19 00:00:00+00:00
[2024-11-19T17:51:41.779+0000] {logging_mixin.py:190} INFO - [2024-11-19T17:51:41.778+0000] {dag.py:4180} INFO - Setting next_dagrun for read_dataset_event_from_classic to 2024-11-18 00:00:00+00:00, run_after=2024-11-19 00:00:00+00:00
[2024-11-19T17:51:41.841+0000] {processor.py:208} INFO - Processing /home/airflow/.local/lib/python3.12/site-packages/airflow/example_dags/example_inlet_event_extra.py took 2.244 seconds
[2024-11-19T17:52:12.628+0000] {processor.py:186} INFO - Started process (PID=1272) to work on /home/airflow/.local/lib/python3.12/site-packages/airflow/example_dags/example_inlet_event_extra.py
[2024-11-19T17:52:12.629+0000] {processor.py:914} INFO - Processing file /home/airflow/.local/lib/python3.12/site-packages/airflow/example_dags/example_inlet_event_extra.py for tasks to queue
[2024-11-19T17:52:12.634+0000] {logging_mixin.py:190} INFO - [2024-11-19T17:52:12.633+0000] {dagbag.py:588} INFO - Filling up the DagBag from /home/airflow/.local/lib/python3.12/site-packages/airflow/example_dags/example_inlet_event_extra.py
[2024-11-19T17:52:13.681+0000] {processor.py:925} INFO - DAG(s) 'read_dataset_event_from_classic', 'read_dataset_event' retrieved from /home/airflow/.local/lib/python3.12/site-packages/airflow/example_dags/example_inlet_event_extra.py
[2024-11-19T17:52:13.709+0000] {logging_mixin.py:190} INFO - [2024-11-19T17:52:13.708+0000] {dag.py:3239} INFO - Sync 2 DAGs
[2024-11-19T17:52:13.745+0000] {logging_mixin.py:190} INFO - [2024-11-19T17:52:13.745+0000] {dag.py:4180} INFO - Setting next_dagrun for read_dataset_event to 2024-11-18 00:00:00+00:00, run_after=2024-11-19 00:00:00+00:00
[2024-11-19T17:52:13.752+0000] {logging_mixin.py:190} INFO - [2024-11-19T17:52:13.752+0000] {dag.py:4180} INFO - Setting next_dagrun for read_dataset_event_from_classic to 2024-11-18 00:00:00+00:00, run_after=2024-11-19 00:00:00+00:00
[2024-11-19T17:52:14.011+0000] {processor.py:208} INFO - Processing /home/airflow/.local/lib/python3.12/site-packages/airflow/example_dags/example_inlet_event_extra.py took 1.395 seconds
[2024-11-19T17:52:44.310+0000] {processor.py:186} INFO - Started process (PID=1344) to work on /home/airflow/.local/lib/python3.12/site-packages/airflow/example_dags/example_inlet_event_extra.py
[2024-11-19T17:52:44.311+0000] {processor.py:914} INFO - Processing file /home/airflow/.local/lib/python3.12/site-packages/airflow/example_dags/example_inlet_event_extra.py for tasks to queue
[2024-11-19T17:52:44.314+0000] {logging_mixin.py:190} INFO - [2024-11-19T17:52:44.314+0000] {dagbag.py:588} INFO - Filling up the DagBag from /home/airflow/.local/lib/python3.12/site-packages/airflow/example_dags/example_inlet_event_extra.py
[2024-11-19T17:52:45.156+0000] {processor.py:925} INFO - DAG(s) 'read_dataset_event_from_classic', 'read_dataset_event' retrieved from /home/airflow/.local/lib/python3.12/site-packages/airflow/example_dags/example_inlet_event_extra.py
[2024-11-19T17:52:45.183+0000] {logging_mixin.py:190} INFO - [2024-11-19T17:52:45.183+0000] {dag.py:3239} INFO - Sync 2 DAGs
[2024-11-19T17:52:45.224+0000] {logging_mixin.py:190} INFO - [2024-11-19T17:52:45.224+0000] {dag.py:4180} INFO - Setting next_dagrun for read_dataset_event to 2024-11-18 00:00:00+00:00, run_after=2024-11-19 00:00:00+00:00
[2024-11-19T17:52:45.233+0000] {logging_mixin.py:190} INFO - [2024-11-19T17:52:45.232+0000] {dag.py:4180} INFO - Setting next_dagrun for read_dataset_event_from_classic to 2024-11-18 00:00:00+00:00, run_after=2024-11-19 00:00:00+00:00
[2024-11-19T17:52:45.293+0000] {processor.py:208} INFO - Processing /home/airflow/.local/lib/python3.12/site-packages/airflow/example_dags/example_inlet_event_extra.py took 0.992 seconds
[2024-11-19T17:53:15.547+0000] {processor.py:186} INFO - Started process (PID=1419) to work on /home/airflow/.local/lib/python3.12/site-packages/airflow/example_dags/example_inlet_event_extra.py
[2024-11-19T17:53:15.549+0000] {processor.py:914} INFO - Processing file /home/airflow/.local/lib/python3.12/site-packages/airflow/example_dags/example_inlet_event_extra.py for tasks to queue
[2024-11-19T17:53:15.552+0000] {logging_mixin.py:190} INFO - [2024-11-19T17:53:15.552+0000] {dagbag.py:588} INFO - Filling up the DagBag from /home/airflow/.local/lib/python3.12/site-packages/airflow/example_dags/example_inlet_event_extra.py
[2024-11-19T17:53:16.417+0000] {processor.py:925} INFO - DAG(s) 'read_dataset_event_from_classic', 'read_dataset_event' retrieved from /home/airflow/.local/lib/python3.12/site-packages/airflow/example_dags/example_inlet_event_extra.py
[2024-11-19T17:53:16.445+0000] {logging_mixin.py:190} INFO - [2024-11-19T17:53:16.444+0000] {dag.py:3239} INFO - Sync 2 DAGs
[2024-11-19T17:53:16.482+0000] {logging_mixin.py:190} INFO - [2024-11-19T17:53:16.481+0000] {dag.py:4180} INFO - Setting next_dagrun for read_dataset_event to 2024-11-18 00:00:00+00:00, run_after=2024-11-19 00:00:00+00:00
[2024-11-19T17:53:16.491+0000] {logging_mixin.py:190} INFO - [2024-11-19T17:53:16.491+0000] {dag.py:4180} INFO - Setting next_dagrun for read_dataset_event_from_classic to 2024-11-18 00:00:00+00:00, run_after=2024-11-19 00:00:00+00:00
[2024-11-19T17:53:16.550+0000] {processor.py:208} INFO - Processing /home/airflow/.local/lib/python3.12/site-packages/airflow/example_dags/example_inlet_event_extra.py took 1.011 seconds
[2024-11-19T17:53:46.749+0000] {processor.py:186} INFO - Started process (PID=1493) to work on /home/airflow/.local/lib/python3.12/site-packages/airflow/example_dags/example_inlet_event_extra.py
[2024-11-19T17:53:46.750+0000] {processor.py:914} INFO - Processing file /home/airflow/.local/lib/python3.12/site-packages/airflow/example_dags/example_inlet_event_extra.py for tasks to queue
[2024-11-19T17:53:46.753+0000] {logging_mixin.py:190} INFO - [2024-11-19T17:53:46.753+0000] {dagbag.py:588} INFO - Filling up the DagBag from /home/airflow/.local/lib/python3.12/site-packages/airflow/example_dags/example_inlet_event_extra.py
[2024-11-19T17:53:47.589+0000] {processor.py:925} INFO - DAG(s) 'read_dataset_event', 'read_dataset_event_from_classic' retrieved from /home/airflow/.local/lib/python3.12/site-packages/airflow/example_dags/example_inlet_event_extra.py
[2024-11-19T17:53:47.625+0000] {logging_mixin.py:190} INFO - [2024-11-19T17:53:47.625+0000] {dag.py:3239} INFO - Sync 2 DAGs
[2024-11-19T17:53:47.659+0000] {logging_mixin.py:190} INFO - [2024-11-19T17:53:47.659+0000] {dag.py:4180} INFO - Setting next_dagrun for read_dataset_event to 2024-11-18 00:00:00+00:00, run_after=2024-11-19 00:00:00+00:00
[2024-11-19T17:53:47.666+0000] {logging_mixin.py:190} INFO - [2024-11-19T17:53:47.666+0000] {dag.py:4180} INFO - Setting next_dagrun for read_dataset_event_from_classic to 2024-11-18 00:00:00+00:00, run_after=2024-11-19 00:00:00+00:00
[2024-11-19T17:53:47.774+0000] {processor.py:208} INFO - Processing /home/airflow/.local/lib/python3.12/site-packages/airflow/example_dags/example_inlet_event_extra.py took 1.035 seconds
[2024-11-19T17:54:18.133+0000] {processor.py:186} INFO - Started process (PID=1567) to work on /home/airflow/.local/lib/python3.12/site-packages/airflow/example_dags/example_inlet_event_extra.py
[2024-11-19T17:54:18.135+0000] {processor.py:914} INFO - Processing file /home/airflow/.local/lib/python3.12/site-packages/airflow/example_dags/example_inlet_event_extra.py for tasks to queue
[2024-11-19T17:54:18.139+0000] {logging_mixin.py:190} INFO - [2024-11-19T17:54:18.138+0000] {dagbag.py:588} INFO - Filling up the DagBag from /home/airflow/.local/lib/python3.12/site-packages/airflow/example_dags/example_inlet_event_extra.py
[2024-11-19T17:54:18.913+0000] {processor.py:925} INFO - DAG(s) 'read_dataset_event', 'read_dataset_event_from_classic' retrieved from /home/airflow/.local/lib/python3.12/site-packages/airflow/example_dags/example_inlet_event_extra.py
[2024-11-19T17:54:18.943+0000] {logging_mixin.py:190} INFO - [2024-11-19T17:54:18.942+0000] {dag.py:3239} INFO - Sync 2 DAGs
[2024-11-19T17:54:18.978+0000] {logging_mixin.py:190} INFO - [2024-11-19T17:54:18.978+0000] {dag.py:4180} INFO - Setting next_dagrun for read_dataset_event to 2024-11-18 00:00:00+00:00, run_after=2024-11-19 00:00:00+00:00
[2024-11-19T17:54:18.984+0000] {logging_mixin.py:190} INFO - [2024-11-19T17:54:18.984+0000] {dag.py:4180} INFO - Setting next_dagrun for read_dataset_event_from_classic to 2024-11-18 00:00:00+00:00, run_after=2024-11-19 00:00:00+00:00
[2024-11-19T17:54:19.065+0000] {processor.py:208} INFO - Processing /home/airflow/.local/lib/python3.12/site-packages/airflow/example_dags/example_inlet_event_extra.py took 0.941 seconds
[2024-11-19T17:54:50.079+0000] {processor.py:186} INFO - Started process (PID=1640) to work on /home/airflow/.local/lib/python3.12/site-packages/airflow/example_dags/example_inlet_event_extra.py
[2024-11-19T17:54:50.080+0000] {processor.py:914} INFO - Processing file /home/airflow/.local/lib/python3.12/site-packages/airflow/example_dags/example_inlet_event_extra.py for tasks to queue
[2024-11-19T17:54:50.087+0000] {logging_mixin.py:190} INFO - [2024-11-19T17:54:50.085+0000] {dagbag.py:588} INFO - Filling up the DagBag from /home/airflow/.local/lib/python3.12/site-packages/airflow/example_dags/example_inlet_event_extra.py
[2024-11-19T17:54:51.062+0000] {processor.py:925} INFO - DAG(s) 'read_dataset_event_from_classic', 'read_dataset_event' retrieved from /home/airflow/.local/lib/python3.12/site-packages/airflow/example_dags/example_inlet_event_extra.py
[2024-11-19T17:54:51.100+0000] {logging_mixin.py:190} INFO - [2024-11-19T17:54:51.100+0000] {dag.py:3239} INFO - Sync 2 DAGs
[2024-11-19T17:54:51.158+0000] {logging_mixin.py:190} INFO - [2024-11-19T17:54:51.158+0000] {dag.py:4180} INFO - Setting next_dagrun for read_dataset_event to 2024-11-18 00:00:00+00:00, run_after=2024-11-19 00:00:00+00:00
[2024-11-19T17:54:51.169+0000] {logging_mixin.py:190} INFO - [2024-11-19T17:54:51.168+0000] {dag.py:4180} INFO - Setting next_dagrun for read_dataset_event_from_classic to 2024-11-18 00:00:00+00:00, run_after=2024-11-19 00:00:00+00:00
[2024-11-19T17:54:51.259+0000] {processor.py:208} INFO - Processing /home/airflow/.local/lib/python3.12/site-packages/airflow/example_dags/example_inlet_event_extra.py took 1.192 seconds
[2024-11-19T17:55:21.375+0000] {processor.py:186} INFO - Started process (PID=1711) to work on /home/airflow/.local/lib/python3.12/site-packages/airflow/example_dags/example_inlet_event_extra.py
[2024-11-19T17:55:21.377+0000] {processor.py:914} INFO - Processing file /home/airflow/.local/lib/python3.12/site-packages/airflow/example_dags/example_inlet_event_extra.py for tasks to queue
[2024-11-19T17:55:21.381+0000] {logging_mixin.py:190} INFO - [2024-11-19T17:55:21.381+0000] {dagbag.py:588} INFO - Filling up the DagBag from /home/airflow/.local/lib/python3.12/site-packages/airflow/example_dags/example_inlet_event_extra.py
[2024-11-19T17:55:22.221+0000] {processor.py:925} INFO - DAG(s) 'read_dataset_event_from_classic', 'read_dataset_event' retrieved from /home/airflow/.local/lib/python3.12/site-packages/airflow/example_dags/example_inlet_event_extra.py
[2024-11-19T17:55:22.248+0000] {logging_mixin.py:190} INFO - [2024-11-19T17:55:22.247+0000] {dag.py:3239} INFO - Sync 2 DAGs
[2024-11-19T17:55:22.280+0000] {logging_mixin.py:190} INFO - [2024-11-19T17:55:22.280+0000] {dag.py:4180} INFO - Setting next_dagrun for read_dataset_event to 2024-11-18 00:00:00+00:00, run_after=2024-11-19 00:00:00+00:00
[2024-11-19T17:55:22.287+0000] {logging_mixin.py:190} INFO - [2024-11-19T17:55:22.287+0000] {dag.py:4180} INFO - Setting next_dagrun for read_dataset_event_from_classic to 2024-11-18 00:00:00+00:00, run_after=2024-11-19 00:00:00+00:00
[2024-11-19T17:55:22.398+0000] {processor.py:208} INFO - Processing /home/airflow/.local/lib/python3.12/site-packages/airflow/example_dags/example_inlet_event_extra.py took 1.031 seconds
[2024-11-19T17:55:52.602+0000] {processor.py:186} INFO - Started process (PID=1784) to work on /home/airflow/.local/lib/python3.12/site-packages/airflow/example_dags/example_inlet_event_extra.py
[2024-11-19T17:55:52.603+0000] {processor.py:914} INFO - Processing file /home/airflow/.local/lib/python3.12/site-packages/airflow/example_dags/example_inlet_event_extra.py for tasks to queue
[2024-11-19T17:55:52.607+0000] {logging_mixin.py:190} INFO - [2024-11-19T17:55:52.607+0000] {dagbag.py:588} INFO - Filling up the DagBag from /home/airflow/.local/lib/python3.12/site-packages/airflow/example_dags/example_inlet_event_extra.py
[2024-11-19T17:55:54.035+0000] {processor.py:925} INFO - DAG(s) 'read_dataset_event', 'read_dataset_event_from_classic' retrieved from /home/airflow/.local/lib/python3.12/site-packages/airflow/example_dags/example_inlet_event_extra.py
[2024-11-19T17:55:54.065+0000] {logging_mixin.py:190} INFO - [2024-11-19T17:55:54.065+0000] {dag.py:3239} INFO - Sync 2 DAGs
[2024-11-19T17:55:54.119+0000] {logging_mixin.py:190} INFO - [2024-11-19T17:55:54.119+0000] {dag.py:4180} INFO - Setting next_dagrun for read_dataset_event to 2024-11-18 00:00:00+00:00, run_after=2024-11-19 00:00:00+00:00
[2024-11-19T17:55:54.127+0000] {logging_mixin.py:190} INFO - [2024-11-19T17:55:54.127+0000] {dag.py:4180} INFO - Setting next_dagrun for read_dataset_event_from_classic to 2024-11-18 00:00:00+00:00, run_after=2024-11-19 00:00:00+00:00
[2024-11-19T17:55:54.387+0000] {processor.py:208} INFO - Processing /home/airflow/.local/lib/python3.12/site-packages/airflow/example_dags/example_inlet_event_extra.py took 1.801 seconds
[2024-11-19T17:56:24.855+0000] {processor.py:186} INFO - Started process (PID=1855) to work on /home/airflow/.local/lib/python3.12/site-packages/airflow/example_dags/example_inlet_event_extra.py
[2024-11-19T17:56:24.856+0000] {processor.py:914} INFO - Processing file /home/airflow/.local/lib/python3.12/site-packages/airflow/example_dags/example_inlet_event_extra.py for tasks to queue
[2024-11-19T17:56:24.859+0000] {logging_mixin.py:190} INFO - [2024-11-19T17:56:24.858+0000] {dagbag.py:588} INFO - Filling up the DagBag from /home/airflow/.local/lib/python3.12/site-packages/airflow/example_dags/example_inlet_event_extra.py
[2024-11-19T17:56:25.568+0000] {processor.py:925} INFO - DAG(s) 'read_dataset_event_from_classic', 'read_dataset_event' retrieved from /home/airflow/.local/lib/python3.12/site-packages/airflow/example_dags/example_inlet_event_extra.py
[2024-11-19T17:56:25.590+0000] {logging_mixin.py:190} INFO - [2024-11-19T17:56:25.590+0000] {dag.py:3239} INFO - Sync 2 DAGs
[2024-11-19T17:56:25.617+0000] {logging_mixin.py:190} INFO - [2024-11-19T17:56:25.617+0000] {dag.py:4180} INFO - Setting next_dagrun for read_dataset_event to 2024-11-18 00:00:00+00:00, run_after=2024-11-19 00:00:00+00:00
[2024-11-19T17:56:25.623+0000] {logging_mixin.py:190} INFO - [2024-11-19T17:56:25.623+0000] {dag.py:4180} INFO - Setting next_dagrun for read_dataset_event_from_classic to 2024-11-18 00:00:00+00:00, run_after=2024-11-19 00:00:00+00:00
[2024-11-19T17:56:25.981+0000] {processor.py:208} INFO - Processing /home/airflow/.local/lib/python3.12/site-packages/airflow/example_dags/example_inlet_event_extra.py took 1.135 seconds
[2024-11-19T17:56:56.269+0000] {processor.py:186} INFO - Started process (PID=1930) to work on /home/airflow/.local/lib/python3.12/site-packages/airflow/example_dags/example_inlet_event_extra.py
[2024-11-19T17:56:56.271+0000] {processor.py:914} INFO - Processing file /home/airflow/.local/lib/python3.12/site-packages/airflow/example_dags/example_inlet_event_extra.py for tasks to queue
[2024-11-19T17:56:56.273+0000] {logging_mixin.py:190} INFO - [2024-11-19T17:56:56.273+0000] {dagbag.py:588} INFO - Filling up the DagBag from /home/airflow/.local/lib/python3.12/site-packages/airflow/example_dags/example_inlet_event_extra.py
[2024-11-19T17:56:57.005+0000] {processor.py:925} INFO - DAG(s) 'read_dataset_event_from_classic', 'read_dataset_event' retrieved from /home/airflow/.local/lib/python3.12/site-packages/airflow/example_dags/example_inlet_event_extra.py
[2024-11-19T17:56:57.027+0000] {logging_mixin.py:190} INFO - [2024-11-19T17:56:57.026+0000] {dag.py:3239} INFO - Sync 2 DAGs
[2024-11-19T17:56:57.062+0000] {logging_mixin.py:190} INFO - [2024-11-19T17:56:57.062+0000] {dag.py:4180} INFO - Setting next_dagrun for read_dataset_event to 2024-11-18 00:00:00+00:00, run_after=2024-11-19 00:00:00+00:00
[2024-11-19T17:56:57.068+0000] {logging_mixin.py:190} INFO - [2024-11-19T17:56:57.068+0000] {dag.py:4180} INFO - Setting next_dagrun for read_dataset_event_from_classic to 2024-11-18 00:00:00+00:00, run_after=2024-11-19 00:00:00+00:00
[2024-11-19T17:56:57.241+0000] {processor.py:208} INFO - Processing /home/airflow/.local/lib/python3.12/site-packages/airflow/example_dags/example_inlet_event_extra.py took 0.979 seconds
[2024-11-19T17:57:27.301+0000] {processor.py:186} INFO - Started process (PID=2001) to work on /home/airflow/.local/lib/python3.12/site-packages/airflow/example_dags/example_inlet_event_extra.py
[2024-11-19T17:57:27.303+0000] {processor.py:914} INFO - Processing file /home/airflow/.local/lib/python3.12/site-packages/airflow/example_dags/example_inlet_event_extra.py for tasks to queue
[2024-11-19T17:57:27.306+0000] {logging_mixin.py:190} INFO - [2024-11-19T17:57:27.306+0000] {dagbag.py:588} INFO - Filling up the DagBag from /home/airflow/.local/lib/python3.12/site-packages/airflow/example_dags/example_inlet_event_extra.py
[2024-11-19T17:57:28.108+0000] {processor.py:925} INFO - DAG(s) 'read_dataset_event', 'read_dataset_event_from_classic' retrieved from /home/airflow/.local/lib/python3.12/site-packages/airflow/example_dags/example_inlet_event_extra.py
[2024-11-19T17:57:28.138+0000] {logging_mixin.py:190} INFO - [2024-11-19T17:57:28.138+0000] {dag.py:3239} INFO - Sync 2 DAGs
[2024-11-19T17:57:28.176+0000] {logging_mixin.py:190} INFO - [2024-11-19T17:57:28.175+0000] {dag.py:4180} INFO - Setting next_dagrun for read_dataset_event to 2024-11-18 00:00:00+00:00, run_after=2024-11-19 00:00:00+00:00
[2024-11-19T17:57:28.183+0000] {logging_mixin.py:190} INFO - [2024-11-19T17:57:28.183+0000] {dag.py:4180} INFO - Setting next_dagrun for read_dataset_event_from_classic to 2024-11-18 00:00:00+00:00, run_after=2024-11-19 00:00:00+00:00
[2024-11-19T17:57:28.265+0000] {processor.py:208} INFO - Processing /home/airflow/.local/lib/python3.12/site-packages/airflow/example_dags/example_inlet_event_extra.py took 0.974 seconds
[2024-11-19T17:57:59.059+0000] {processor.py:186} INFO - Started process (PID=2072) to work on /home/airflow/.local/lib/python3.12/site-packages/airflow/example_dags/example_inlet_event_extra.py
[2024-11-19T17:57:59.061+0000] {processor.py:914} INFO - Processing file /home/airflow/.local/lib/python3.12/site-packages/airflow/example_dags/example_inlet_event_extra.py for tasks to queue
[2024-11-19T17:57:59.063+0000] {logging_mixin.py:190} INFO - [2024-11-19T17:57:59.063+0000] {dagbag.py:588} INFO - Filling up the DagBag from /home/airflow/.local/lib/python3.12/site-packages/airflow/example_dags/example_inlet_event_extra.py
[2024-11-19T17:57:59.837+0000] {processor.py:925} INFO - DAG(s) 'read_dataset_event_from_classic', 'read_dataset_event' retrieved from /home/airflow/.local/lib/python3.12/site-packages/airflow/example_dags/example_inlet_event_extra.py
[2024-11-19T17:57:59.861+0000] {logging_mixin.py:190} INFO - [2024-11-19T17:57:59.861+0000] {dag.py:3239} INFO - Sync 2 DAGs
[2024-11-19T17:57:59.894+0000] {logging_mixin.py:190} INFO - [2024-11-19T17:57:59.893+0000] {dag.py:4180} INFO - Setting next_dagrun for read_dataset_event to 2024-11-18 00:00:00+00:00, run_after=2024-11-19 00:00:00+00:00
[2024-11-19T17:57:59.902+0000] {logging_mixin.py:190} INFO - [2024-11-19T17:57:59.901+0000] {dag.py:4180} INFO - Setting next_dagrun for read_dataset_event_from_classic to 2024-11-18 00:00:00+00:00, run_after=2024-11-19 00:00:00+00:00
[2024-11-19T17:57:59.953+0000] {processor.py:208} INFO - Processing /home/airflow/.local/lib/python3.12/site-packages/airflow/example_dags/example_inlet_event_extra.py took 0.902 seconds
