[2024-11-25T14:09:52.119+0000] {processor.py:186} INFO - Started process (PID=1219) to work on /home/airflow/.local/lib/python3.12/site-packages/airflow/example_dags/example_branch_day_of_week_operator.py
[2024-11-25T14:09:52.120+0000] {processor.py:914} INFO - Processing file /home/airflow/.local/lib/python3.12/site-packages/airflow/example_dags/example_branch_day_of_week_operator.py for tasks to queue
[2024-11-25T14:09:52.123+0000] {logging_mixin.py:190} INFO - [2024-11-25T14:09:52.123+0000] {dagbag.py:588} INFO - Filling up the DagBag from /home/airflow/.local/lib/python3.12/site-packages/airflow/example_dags/example_branch_day_of_week_operator.py
[2024-11-25T14:09:52.136+0000] {processor.py:925} INFO - DAG(s) 'example_weekday_branch_operator' retrieved from /home/airflow/.local/lib/python3.12/site-packages/airflow/example_dags/example_branch_day_of_week_operator.py
[2024-11-25T14:09:52.164+0000] {logging_mixin.py:190} INFO - [2024-11-25T14:09:52.163+0000] {dag.py:3239} INFO - Sync 1 DAGs
[2024-11-25T14:09:52.192+0000] {logging_mixin.py:190} INFO - [2024-11-25T14:09:52.191+0000] {dag.py:4180} INFO - Setting next_dagrun for example_weekday_branch_operator to 2024-11-24 00:00:00+00:00, run_after=2024-11-25 00:00:00+00:00
[2024-11-25T14:09:52.264+0000] {processor.py:208} INFO - Processing /home/airflow/.local/lib/python3.12/site-packages/airflow/example_dags/example_branch_day_of_week_operator.py took 0.154 seconds
[2024-11-25T14:11:09.190+0000] {processor.py:186} INFO - Started process (PID=545) to work on /home/airflow/.local/lib/python3.12/site-packages/airflow/example_dags/example_branch_day_of_week_operator.py
[2024-11-25T14:11:09.191+0000] {processor.py:914} INFO - Processing file /home/airflow/.local/lib/python3.12/site-packages/airflow/example_dags/example_branch_day_of_week_operator.py for tasks to queue
[2024-11-25T14:11:09.195+0000] {logging_mixin.py:190} INFO - [2024-11-25T14:11:09.194+0000] {dagbag.py:588} INFO - Filling up the DagBag from /home/airflow/.local/lib/python3.12/site-packages/airflow/example_dags/example_branch_day_of_week_operator.py
[2024-11-25T14:11:09.209+0000] {processor.py:925} INFO - DAG(s) 'example_weekday_branch_operator' retrieved from /home/airflow/.local/lib/python3.12/site-packages/airflow/example_dags/example_branch_day_of_week_operator.py
[2024-11-25T14:11:09.235+0000] {logging_mixin.py:190} INFO - [2024-11-25T14:11:09.235+0000] {dag.py:3239} INFO - Sync 1 DAGs
[2024-11-25T14:11:09.276+0000] {logging_mixin.py:190} INFO - [2024-11-25T14:11:09.276+0000] {dag.py:4180} INFO - Setting next_dagrun for example_weekday_branch_operator to 2024-11-24 00:00:00+00:00, run_after=2024-11-25 00:00:00+00:00
[2024-11-25T14:11:09.348+0000] {processor.py:208} INFO - Processing /home/airflow/.local/lib/python3.12/site-packages/airflow/example_dags/example_branch_day_of_week_operator.py took 0.169 seconds
[2024-11-25T14:11:41.374+0000] {processor.py:186} INFO - Started process (PID=617) to work on /home/airflow/.local/lib/python3.12/site-packages/airflow/example_dags/example_branch_day_of_week_operator.py
[2024-11-25T14:11:41.376+0000] {processor.py:914} INFO - Processing file /home/airflow/.local/lib/python3.12/site-packages/airflow/example_dags/example_branch_day_of_week_operator.py for tasks to queue
[2024-11-25T14:11:41.379+0000] {logging_mixin.py:190} INFO - [2024-11-25T14:11:41.379+0000] {dagbag.py:588} INFO - Filling up the DagBag from /home/airflow/.local/lib/python3.12/site-packages/airflow/example_dags/example_branch_day_of_week_operator.py
[2024-11-25T14:11:41.390+0000] {processor.py:925} INFO - DAG(s) 'example_weekday_branch_operator' retrieved from /home/airflow/.local/lib/python3.12/site-packages/airflow/example_dags/example_branch_day_of_week_operator.py
[2024-11-25T14:11:41.419+0000] {logging_mixin.py:190} INFO - [2024-11-25T14:11:41.419+0000] {dag.py:3239} INFO - Sync 1 DAGs
[2024-11-25T14:11:41.450+0000] {logging_mixin.py:190} INFO - [2024-11-25T14:11:41.450+0000] {dag.py:4180} INFO - Setting next_dagrun for example_weekday_branch_operator to 2024-11-24 00:00:00+00:00, run_after=2024-11-25 00:00:00+00:00
[2024-11-25T14:11:41.503+0000] {processor.py:208} INFO - Processing /home/airflow/.local/lib/python3.12/site-packages/airflow/example_dags/example_branch_day_of_week_operator.py took 0.138 seconds
[2024-11-25T14:12:13.944+0000] {processor.py:186} INFO - Started process (PID=689) to work on /home/airflow/.local/lib/python3.12/site-packages/airflow/example_dags/example_branch_day_of_week_operator.py
[2024-11-25T14:12:13.946+0000] {processor.py:914} INFO - Processing file /home/airflow/.local/lib/python3.12/site-packages/airflow/example_dags/example_branch_day_of_week_operator.py for tasks to queue
[2024-11-25T14:12:13.950+0000] {logging_mixin.py:190} INFO - [2024-11-25T14:12:13.949+0000] {dagbag.py:588} INFO - Filling up the DagBag from /home/airflow/.local/lib/python3.12/site-packages/airflow/example_dags/example_branch_day_of_week_operator.py
[2024-11-25T14:12:13.964+0000] {processor.py:925} INFO - DAG(s) 'example_weekday_branch_operator' retrieved from /home/airflow/.local/lib/python3.12/site-packages/airflow/example_dags/example_branch_day_of_week_operator.py
[2024-11-25T14:12:13.988+0000] {logging_mixin.py:190} INFO - [2024-11-25T14:12:13.988+0000] {dag.py:3239} INFO - Sync 1 DAGs
[2024-11-25T14:12:14.016+0000] {logging_mixin.py:190} INFO - [2024-11-25T14:12:14.016+0000] {dag.py:4180} INFO - Setting next_dagrun for example_weekday_branch_operator to 2024-11-24 00:00:00+00:00, run_after=2024-11-25 00:00:00+00:00
[2024-11-25T14:12:14.068+0000] {processor.py:208} INFO - Processing /home/airflow/.local/lib/python3.12/site-packages/airflow/example_dags/example_branch_day_of_week_operator.py took 0.130 seconds
[2024-11-25T14:12:45.830+0000] {processor.py:186} INFO - Started process (PID=761) to work on /home/airflow/.local/lib/python3.12/site-packages/airflow/example_dags/example_branch_day_of_week_operator.py
[2024-11-25T14:12:45.831+0000] {processor.py:914} INFO - Processing file /home/airflow/.local/lib/python3.12/site-packages/airflow/example_dags/example_branch_day_of_week_operator.py for tasks to queue
[2024-11-25T14:12:45.834+0000] {logging_mixin.py:190} INFO - [2024-11-25T14:12:45.834+0000] {dagbag.py:588} INFO - Filling up the DagBag from /home/airflow/.local/lib/python3.12/site-packages/airflow/example_dags/example_branch_day_of_week_operator.py
[2024-11-25T14:12:45.847+0000] {processor.py:925} INFO - DAG(s) 'example_weekday_branch_operator' retrieved from /home/airflow/.local/lib/python3.12/site-packages/airflow/example_dags/example_branch_day_of_week_operator.py
[2024-11-25T14:12:45.879+0000] {logging_mixin.py:190} INFO - [2024-11-25T14:12:45.879+0000] {dag.py:3239} INFO - Sync 1 DAGs
[2024-11-25T14:12:45.923+0000] {logging_mixin.py:190} INFO - [2024-11-25T14:12:45.923+0000] {dag.py:4180} INFO - Setting next_dagrun for example_weekday_branch_operator to 2024-11-24 00:00:00+00:00, run_after=2024-11-25 00:00:00+00:00
[2024-11-25T14:12:45.983+0000] {processor.py:208} INFO - Processing /home/airflow/.local/lib/python3.12/site-packages/airflow/example_dags/example_branch_day_of_week_operator.py took 0.161 seconds
[2024-11-25T14:13:18.427+0000] {processor.py:186} INFO - Started process (PID=834) to work on /home/airflow/.local/lib/python3.12/site-packages/airflow/example_dags/example_branch_day_of_week_operator.py
[2024-11-25T14:13:18.428+0000] {processor.py:914} INFO - Processing file /home/airflow/.local/lib/python3.12/site-packages/airflow/example_dags/example_branch_day_of_week_operator.py for tasks to queue
[2024-11-25T14:13:18.431+0000] {logging_mixin.py:190} INFO - [2024-11-25T14:13:18.431+0000] {dagbag.py:588} INFO - Filling up the DagBag from /home/airflow/.local/lib/python3.12/site-packages/airflow/example_dags/example_branch_day_of_week_operator.py
[2024-11-25T14:13:18.442+0000] {processor.py:925} INFO - DAG(s) 'example_weekday_branch_operator' retrieved from /home/airflow/.local/lib/python3.12/site-packages/airflow/example_dags/example_branch_day_of_week_operator.py
[2024-11-25T14:13:18.469+0000] {logging_mixin.py:190} INFO - [2024-11-25T14:13:18.468+0000] {dag.py:3239} INFO - Sync 1 DAGs
[2024-11-25T14:13:18.502+0000] {logging_mixin.py:190} INFO - [2024-11-25T14:13:18.502+0000] {dag.py:4180} INFO - Setting next_dagrun for example_weekday_branch_operator to 2024-11-24 00:00:00+00:00, run_after=2024-11-25 00:00:00+00:00
[2024-11-25T14:13:18.549+0000] {processor.py:208} INFO - Processing /home/airflow/.local/lib/python3.12/site-packages/airflow/example_dags/example_branch_day_of_week_operator.py took 0.130 seconds
[2024-11-25T14:13:49.764+0000] {processor.py:186} INFO - Started process (PID=906) to work on /home/airflow/.local/lib/python3.12/site-packages/airflow/example_dags/example_branch_day_of_week_operator.py
[2024-11-25T14:13:49.765+0000] {processor.py:914} INFO - Processing file /home/airflow/.local/lib/python3.12/site-packages/airflow/example_dags/example_branch_day_of_week_operator.py for tasks to queue
[2024-11-25T14:13:49.769+0000] {logging_mixin.py:190} INFO - [2024-11-25T14:13:49.769+0000] {dagbag.py:588} INFO - Filling up the DagBag from /home/airflow/.local/lib/python3.12/site-packages/airflow/example_dags/example_branch_day_of_week_operator.py
[2024-11-25T14:13:49.784+0000] {processor.py:925} INFO - DAG(s) 'example_weekday_branch_operator' retrieved from /home/airflow/.local/lib/python3.12/site-packages/airflow/example_dags/example_branch_day_of_week_operator.py
[2024-11-25T14:13:49.812+0000] {logging_mixin.py:190} INFO - [2024-11-25T14:13:49.812+0000] {dag.py:3239} INFO - Sync 1 DAGs
[2024-11-25T14:13:49.840+0000] {logging_mixin.py:190} INFO - [2024-11-25T14:13:49.839+0000] {dag.py:4180} INFO - Setting next_dagrun for example_weekday_branch_operator to 2024-11-24 00:00:00+00:00, run_after=2024-11-25 00:00:00+00:00
[2024-11-25T14:13:49.887+0000] {processor.py:208} INFO - Processing /home/airflow/.local/lib/python3.12/site-packages/airflow/example_dags/example_branch_day_of_week_operator.py took 0.130 seconds
[2024-11-25T14:14:20.802+0000] {processor.py:186} INFO - Started process (PID=978) to work on /home/airflow/.local/lib/python3.12/site-packages/airflow/example_dags/example_branch_day_of_week_operator.py
[2024-11-25T14:14:20.803+0000] {processor.py:914} INFO - Processing file /home/airflow/.local/lib/python3.12/site-packages/airflow/example_dags/example_branch_day_of_week_operator.py for tasks to queue
[2024-11-25T14:14:20.808+0000] {logging_mixin.py:190} INFO - [2024-11-25T14:14:20.807+0000] {dagbag.py:588} INFO - Filling up the DagBag from /home/airflow/.local/lib/python3.12/site-packages/airflow/example_dags/example_branch_day_of_week_operator.py
[2024-11-25T14:14:20.822+0000] {processor.py:925} INFO - DAG(s) 'example_weekday_branch_operator' retrieved from /home/airflow/.local/lib/python3.12/site-packages/airflow/example_dags/example_branch_day_of_week_operator.py
[2024-11-25T14:14:20.855+0000] {logging_mixin.py:190} INFO - [2024-11-25T14:14:20.854+0000] {dag.py:3239} INFO - Sync 1 DAGs
[2024-11-25T14:14:20.887+0000] {logging_mixin.py:190} INFO - [2024-11-25T14:14:20.887+0000] {dag.py:4180} INFO - Setting next_dagrun for example_weekday_branch_operator to 2024-11-24 00:00:00+00:00, run_after=2024-11-25 00:00:00+00:00
[2024-11-25T14:14:20.975+0000] {processor.py:208} INFO - Processing /home/airflow/.local/lib/python3.12/site-packages/airflow/example_dags/example_branch_day_of_week_operator.py took 0.180 seconds
[2024-11-25T14:14:52.122+0000] {processor.py:186} INFO - Started process (PID=1050) to work on /home/airflow/.local/lib/python3.12/site-packages/airflow/example_dags/example_branch_day_of_week_operator.py
[2024-11-25T14:14:52.123+0000] {processor.py:914} INFO - Processing file /home/airflow/.local/lib/python3.12/site-packages/airflow/example_dags/example_branch_day_of_week_operator.py for tasks to queue
[2024-11-25T14:14:52.127+0000] {logging_mixin.py:190} INFO - [2024-11-25T14:14:52.126+0000] {dagbag.py:588} INFO - Filling up the DagBag from /home/airflow/.local/lib/python3.12/site-packages/airflow/example_dags/example_branch_day_of_week_operator.py
[2024-11-25T14:14:52.140+0000] {processor.py:925} INFO - DAG(s) 'example_weekday_branch_operator' retrieved from /home/airflow/.local/lib/python3.12/site-packages/airflow/example_dags/example_branch_day_of_week_operator.py
[2024-11-25T14:14:52.167+0000] {logging_mixin.py:190} INFO - [2024-11-25T14:14:52.167+0000] {dag.py:3239} INFO - Sync 1 DAGs
[2024-11-25T14:14:52.206+0000] {logging_mixin.py:190} INFO - [2024-11-25T14:14:52.206+0000] {dag.py:4180} INFO - Setting next_dagrun for example_weekday_branch_operator to 2024-11-24 00:00:00+00:00, run_after=2024-11-25 00:00:00+00:00
[2024-11-25T14:14:52.261+0000] {processor.py:208} INFO - Processing /home/airflow/.local/lib/python3.12/site-packages/airflow/example_dags/example_branch_day_of_week_operator.py took 0.147 seconds
[2024-11-25T14:15:22.860+0000] {processor.py:186} INFO - Started process (PID=1121) to work on /home/airflow/.local/lib/python3.12/site-packages/airflow/example_dags/example_branch_day_of_week_operator.py
[2024-11-25T14:15:22.861+0000] {processor.py:914} INFO - Processing file /home/airflow/.local/lib/python3.12/site-packages/airflow/example_dags/example_branch_day_of_week_operator.py for tasks to queue
[2024-11-25T14:15:22.865+0000] {logging_mixin.py:190} INFO - [2024-11-25T14:15:22.864+0000] {dagbag.py:588} INFO - Filling up the DagBag from /home/airflow/.local/lib/python3.12/site-packages/airflow/example_dags/example_branch_day_of_week_operator.py
[2024-11-25T14:15:22.878+0000] {processor.py:925} INFO - DAG(s) 'example_weekday_branch_operator' retrieved from /home/airflow/.local/lib/python3.12/site-packages/airflow/example_dags/example_branch_day_of_week_operator.py
[2024-11-25T14:15:22.904+0000] {logging_mixin.py:190} INFO - [2024-11-25T14:15:22.904+0000] {dag.py:3239} INFO - Sync 1 DAGs
[2024-11-25T14:15:22.933+0000] {logging_mixin.py:190} INFO - [2024-11-25T14:15:22.932+0000] {dag.py:4180} INFO - Setting next_dagrun for example_weekday_branch_operator to 2024-11-24 00:00:00+00:00, run_after=2024-11-25 00:00:00+00:00
[2024-11-25T14:15:22.985+0000] {processor.py:208} INFO - Processing /home/airflow/.local/lib/python3.12/site-packages/airflow/example_dags/example_branch_day_of_week_operator.py took 0.131 seconds
[2024-11-25T14:15:56.132+0000] {processor.py:186} INFO - Started process (PID=1193) to work on /home/airflow/.local/lib/python3.12/site-packages/airflow/example_dags/example_branch_day_of_week_operator.py
[2024-11-25T14:15:56.134+0000] {processor.py:914} INFO - Processing file /home/airflow/.local/lib/python3.12/site-packages/airflow/example_dags/example_branch_day_of_week_operator.py for tasks to queue
[2024-11-25T14:15:56.136+0000] {logging_mixin.py:190} INFO - [2024-11-25T14:15:56.136+0000] {dagbag.py:588} INFO - Filling up the DagBag from /home/airflow/.local/lib/python3.12/site-packages/airflow/example_dags/example_branch_day_of_week_operator.py
[2024-11-25T14:15:56.149+0000] {processor.py:925} INFO - DAG(s) 'example_weekday_branch_operator' retrieved from /home/airflow/.local/lib/python3.12/site-packages/airflow/example_dags/example_branch_day_of_week_operator.py
[2024-11-25T14:15:56.174+0000] {logging_mixin.py:190} INFO - [2024-11-25T14:15:56.174+0000] {dag.py:3239} INFO - Sync 1 DAGs
[2024-11-25T14:15:56.205+0000] {logging_mixin.py:190} INFO - [2024-11-25T14:15:56.205+0000] {dag.py:4180} INFO - Setting next_dagrun for example_weekday_branch_operator to 2024-11-24 00:00:00+00:00, run_after=2024-11-25 00:00:00+00:00
[2024-11-25T14:15:56.257+0000] {processor.py:208} INFO - Processing /home/airflow/.local/lib/python3.12/site-packages/airflow/example_dags/example_branch_day_of_week_operator.py took 0.186 seconds
[2024-11-25T14:16:27.339+0000] {processor.py:186} INFO - Started process (PID=1265) to work on /home/airflow/.local/lib/python3.12/site-packages/airflow/example_dags/example_branch_day_of_week_operator.py
[2024-11-25T14:16:27.341+0000] {processor.py:914} INFO - Processing file /home/airflow/.local/lib/python3.12/site-packages/airflow/example_dags/example_branch_day_of_week_operator.py for tasks to queue
[2024-11-25T14:16:27.343+0000] {logging_mixin.py:190} INFO - [2024-11-25T14:16:27.343+0000] {dagbag.py:588} INFO - Filling up the DagBag from /home/airflow/.local/lib/python3.12/site-packages/airflow/example_dags/example_branch_day_of_week_operator.py
[2024-11-25T14:16:27.359+0000] {processor.py:925} INFO - DAG(s) 'example_weekday_branch_operator' retrieved from /home/airflow/.local/lib/python3.12/site-packages/airflow/example_dags/example_branch_day_of_week_operator.py
[2024-11-25T14:16:27.386+0000] {logging_mixin.py:190} INFO - [2024-11-25T14:16:27.385+0000] {dag.py:3239} INFO - Sync 1 DAGs
[2024-11-25T14:16:27.417+0000] {logging_mixin.py:190} INFO - [2024-11-25T14:16:27.417+0000] {dag.py:4180} INFO - Setting next_dagrun for example_weekday_branch_operator to 2024-11-24 00:00:00+00:00, run_after=2024-11-25 00:00:00+00:00
[2024-11-25T14:16:27.488+0000] {processor.py:208} INFO - Processing /home/airflow/.local/lib/python3.12/site-packages/airflow/example_dags/example_branch_day_of_week_operator.py took 0.155 seconds
[2024-11-25T14:16:59.044+0000] {processor.py:186} INFO - Started process (PID=1342) to work on /home/airflow/.local/lib/python3.12/site-packages/airflow/example_dags/example_branch_day_of_week_operator.py
[2024-11-25T14:16:59.046+0000] {processor.py:914} INFO - Processing file /home/airflow/.local/lib/python3.12/site-packages/airflow/example_dags/example_branch_day_of_week_operator.py for tasks to queue
[2024-11-25T14:16:59.051+0000] {logging_mixin.py:190} INFO - [2024-11-25T14:16:59.050+0000] {dagbag.py:588} INFO - Filling up the DagBag from /home/airflow/.local/lib/python3.12/site-packages/airflow/example_dags/example_branch_day_of_week_operator.py
[2024-11-25T14:16:59.065+0000] {processor.py:925} INFO - DAG(s) 'example_weekday_branch_operator' retrieved from /home/airflow/.local/lib/python3.12/site-packages/airflow/example_dags/example_branch_day_of_week_operator.py
[2024-11-25T14:16:59.100+0000] {logging_mixin.py:190} INFO - [2024-11-25T14:16:59.099+0000] {dag.py:3239} INFO - Sync 1 DAGs
[2024-11-25T14:16:59.137+0000] {logging_mixin.py:190} INFO - [2024-11-25T14:16:59.136+0000] {dag.py:4180} INFO - Setting next_dagrun for example_weekday_branch_operator to 2024-11-24 00:00:00+00:00, run_after=2024-11-25 00:00:00+00:00
[2024-11-25T14:16:59.189+0000] {processor.py:208} INFO - Processing /home/airflow/.local/lib/python3.12/site-packages/airflow/example_dags/example_branch_day_of_week_operator.py took 0.153 seconds
[2024-11-25T14:17:31.307+0000] {processor.py:186} INFO - Started process (PID=1414) to work on /home/airflow/.local/lib/python3.12/site-packages/airflow/example_dags/example_branch_day_of_week_operator.py
[2024-11-25T14:17:31.308+0000] {processor.py:914} INFO - Processing file /home/airflow/.local/lib/python3.12/site-packages/airflow/example_dags/example_branch_day_of_week_operator.py for tasks to queue
[2024-11-25T14:17:31.311+0000] {logging_mixin.py:190} INFO - [2024-11-25T14:17:31.311+0000] {dagbag.py:588} INFO - Filling up the DagBag from /home/airflow/.local/lib/python3.12/site-packages/airflow/example_dags/example_branch_day_of_week_operator.py
[2024-11-25T14:17:31.324+0000] {processor.py:925} INFO - DAG(s) 'example_weekday_branch_operator' retrieved from /home/airflow/.local/lib/python3.12/site-packages/airflow/example_dags/example_branch_day_of_week_operator.py
[2024-11-25T14:17:31.351+0000] {logging_mixin.py:190} INFO - [2024-11-25T14:17:31.351+0000] {dag.py:3239} INFO - Sync 1 DAGs
[2024-11-25T14:17:31.382+0000] {logging_mixin.py:190} INFO - [2024-11-25T14:17:31.382+0000] {dag.py:4180} INFO - Setting next_dagrun for example_weekday_branch_operator to 2024-11-24 00:00:00+00:00, run_after=2024-11-25 00:00:00+00:00
[2024-11-25T14:17:31.439+0000] {processor.py:208} INFO - Processing /home/airflow/.local/lib/python3.12/site-packages/airflow/example_dags/example_branch_day_of_week_operator.py took 0.139 seconds
[2024-11-25T14:18:01.488+0000] {processor.py:186} INFO - Started process (PID=1486) to work on /home/airflow/.local/lib/python3.12/site-packages/airflow/example_dags/example_branch_day_of_week_operator.py
[2024-11-25T14:18:01.489+0000] {processor.py:914} INFO - Processing file /home/airflow/.local/lib/python3.12/site-packages/airflow/example_dags/example_branch_day_of_week_operator.py for tasks to queue
[2024-11-25T14:18:01.492+0000] {logging_mixin.py:190} INFO - [2024-11-25T14:18:01.492+0000] {dagbag.py:588} INFO - Filling up the DagBag from /home/airflow/.local/lib/python3.12/site-packages/airflow/example_dags/example_branch_day_of_week_operator.py
[2024-11-25T14:18:01.504+0000] {processor.py:925} INFO - DAG(s) 'example_weekday_branch_operator' retrieved from /home/airflow/.local/lib/python3.12/site-packages/airflow/example_dags/example_branch_day_of_week_operator.py
[2024-11-25T14:18:01.530+0000] {logging_mixin.py:190} INFO - [2024-11-25T14:18:01.530+0000] {dag.py:3239} INFO - Sync 1 DAGs
[2024-11-25T14:18:01.558+0000] {logging_mixin.py:190} INFO - [2024-11-25T14:18:01.557+0000] {dag.py:4180} INFO - Setting next_dagrun for example_weekday_branch_operator to 2024-11-24 00:00:00+00:00, run_after=2024-11-25 00:00:00+00:00
[2024-11-25T14:18:01.605+0000] {processor.py:208} INFO - Processing /home/airflow/.local/lib/python3.12/site-packages/airflow/example_dags/example_branch_day_of_week_operator.py took 0.123 seconds
[2024-11-25T14:18:32.155+0000] {processor.py:186} INFO - Started process (PID=1558) to work on /home/airflow/.local/lib/python3.12/site-packages/airflow/example_dags/example_branch_day_of_week_operator.py
[2024-11-25T14:18:32.157+0000] {processor.py:914} INFO - Processing file /home/airflow/.local/lib/python3.12/site-packages/airflow/example_dags/example_branch_day_of_week_operator.py for tasks to queue
[2024-11-25T14:18:32.160+0000] {logging_mixin.py:190} INFO - [2024-11-25T14:18:32.160+0000] {dagbag.py:588} INFO - Filling up the DagBag from /home/airflow/.local/lib/python3.12/site-packages/airflow/example_dags/example_branch_day_of_week_operator.py
[2024-11-25T14:18:32.176+0000] {processor.py:925} INFO - DAG(s) 'example_weekday_branch_operator' retrieved from /home/airflow/.local/lib/python3.12/site-packages/airflow/example_dags/example_branch_day_of_week_operator.py
[2024-11-25T14:18:32.202+0000] {logging_mixin.py:190} INFO - [2024-11-25T14:18:32.202+0000] {dag.py:3239} INFO - Sync 1 DAGs
[2024-11-25T14:18:32.245+0000] {logging_mixin.py:190} INFO - [2024-11-25T14:18:32.245+0000] {dag.py:4180} INFO - Setting next_dagrun for example_weekday_branch_operator to 2024-11-24 00:00:00+00:00, run_after=2024-11-25 00:00:00+00:00
[2024-11-25T14:18:32.305+0000] {processor.py:208} INFO - Processing /home/airflow/.local/lib/python3.12/site-packages/airflow/example_dags/example_branch_day_of_week_operator.py took 0.160 seconds
[2024-11-25T14:19:03.599+0000] {processor.py:186} INFO - Started process (PID=1630) to work on /home/airflow/.local/lib/python3.12/site-packages/airflow/example_dags/example_branch_day_of_week_operator.py
[2024-11-25T14:19:03.600+0000] {processor.py:914} INFO - Processing file /home/airflow/.local/lib/python3.12/site-packages/airflow/example_dags/example_branch_day_of_week_operator.py for tasks to queue
[2024-11-25T14:19:03.603+0000] {logging_mixin.py:190} INFO - [2024-11-25T14:19:03.603+0000] {dagbag.py:588} INFO - Filling up the DagBag from /home/airflow/.local/lib/python3.12/site-packages/airflow/example_dags/example_branch_day_of_week_operator.py
[2024-11-25T14:19:03.617+0000] {processor.py:925} INFO - DAG(s) 'example_weekday_branch_operator' retrieved from /home/airflow/.local/lib/python3.12/site-packages/airflow/example_dags/example_branch_day_of_week_operator.py
[2024-11-25T14:19:03.646+0000] {logging_mixin.py:190} INFO - [2024-11-25T14:19:03.646+0000] {dag.py:3239} INFO - Sync 1 DAGs
[2024-11-25T14:19:03.678+0000] {logging_mixin.py:190} INFO - [2024-11-25T14:19:03.677+0000] {dag.py:4180} INFO - Setting next_dagrun for example_weekday_branch_operator to 2024-11-24 00:00:00+00:00, run_after=2024-11-25 00:00:00+00:00
[2024-11-25T14:19:03.744+0000] {processor.py:208} INFO - Processing /home/airflow/.local/lib/python3.12/site-packages/airflow/example_dags/example_branch_day_of_week_operator.py took 0.153 seconds
[2024-11-25T14:50:10.042+0000] {processor.py:186} INFO - Started process (PID=1377) to work on /home/airflow/.local/lib/python3.12/site-packages/airflow/example_dags/example_branch_day_of_week_operator.py
[2024-11-25T14:50:10.084+0000] {processor.py:914} INFO - Processing file /home/airflow/.local/lib/python3.12/site-packages/airflow/example_dags/example_branch_day_of_week_operator.py for tasks to queue
[2024-11-25T14:50:10.086+0000] {logging_mixin.py:190} INFO - [2024-11-25T14:50:10.086+0000] {dagbag.py:588} INFO - Filling up the DagBag from /home/airflow/.local/lib/python3.12/site-packages/airflow/example_dags/example_branch_day_of_week_operator.py
[2024-11-25T14:50:10.098+0000] {processor.py:925} INFO - DAG(s) 'example_weekday_branch_operator' retrieved from /home/airflow/.local/lib/python3.12/site-packages/airflow/example_dags/example_branch_day_of_week_operator.py
[2024-11-25T14:50:10.124+0000] {logging_mixin.py:190} INFO - [2024-11-25T14:50:10.124+0000] {dag.py:3239} INFO - Sync 1 DAGs
[2024-11-25T14:50:10.151+0000] {logging_mixin.py:190} INFO - [2024-11-25T14:50:10.150+0000] {dag.py:4180} INFO - Setting next_dagrun for example_weekday_branch_operator to 2024-11-24 00:00:00+00:00, run_after=2024-11-25 00:00:00+00:00
[2024-11-25T14:50:10.220+0000] {processor.py:208} INFO - Processing /home/airflow/.local/lib/python3.12/site-packages/airflow/example_dags/example_branch_day_of_week_operator.py took 0.184 seconds
[2024-11-25T14:50:45.112+0000] {processor.py:186} INFO - Started process (PID=1454) to work on /home/airflow/.local/lib/python3.12/site-packages/airflow/example_dags/example_branch_day_of_week_operator.py
[2024-11-25T14:50:45.113+0000] {processor.py:914} INFO - Processing file /home/airflow/.local/lib/python3.12/site-packages/airflow/example_dags/example_branch_day_of_week_operator.py for tasks to queue
[2024-11-25T14:50:45.115+0000] {logging_mixin.py:190} INFO - [2024-11-25T14:50:45.114+0000] {dagbag.py:588} INFO - Filling up the DagBag from /home/airflow/.local/lib/python3.12/site-packages/airflow/example_dags/example_branch_day_of_week_operator.py
[2024-11-25T14:50:45.127+0000] {processor.py:925} INFO - DAG(s) 'example_weekday_branch_operator' retrieved from /home/airflow/.local/lib/python3.12/site-packages/airflow/example_dags/example_branch_day_of_week_operator.py
[2024-11-25T14:50:45.151+0000] {logging_mixin.py:190} INFO - [2024-11-25T14:50:45.150+0000] {dag.py:3239} INFO - Sync 1 DAGs
[2024-11-25T14:50:45.178+0000] {logging_mixin.py:190} INFO - [2024-11-25T14:50:45.178+0000] {dag.py:4180} INFO - Setting next_dagrun for example_weekday_branch_operator to 2024-11-24 00:00:00+00:00, run_after=2024-11-25 00:00:00+00:00
[2024-11-25T14:50:45.267+0000] {processor.py:208} INFO - Processing /home/airflow/.local/lib/python3.12/site-packages/airflow/example_dags/example_branch_day_of_week_operator.py took 0.162 seconds
[2024-11-25T14:51:15.351+0000] {processor.py:186} INFO - Started process (PID=1533) to work on /home/airflow/.local/lib/python3.12/site-packages/airflow/example_dags/example_branch_day_of_week_operator.py
[2024-11-25T14:51:15.352+0000] {processor.py:914} INFO - Processing file /home/airflow/.local/lib/python3.12/site-packages/airflow/example_dags/example_branch_day_of_week_operator.py for tasks to queue
[2024-11-25T14:51:15.353+0000] {logging_mixin.py:190} INFO - [2024-11-25T14:51:15.353+0000] {dagbag.py:588} INFO - Filling up the DagBag from /home/airflow/.local/lib/python3.12/site-packages/airflow/example_dags/example_branch_day_of_week_operator.py
[2024-11-25T14:51:15.364+0000] {processor.py:925} INFO - DAG(s) 'example_weekday_branch_operator' retrieved from /home/airflow/.local/lib/python3.12/site-packages/airflow/example_dags/example_branch_day_of_week_operator.py
[2024-11-25T14:51:15.387+0000] {logging_mixin.py:190} INFO - [2024-11-25T14:51:15.387+0000] {dag.py:3239} INFO - Sync 1 DAGs
[2024-11-25T14:51:15.414+0000] {logging_mixin.py:190} INFO - [2024-11-25T14:51:15.414+0000] {dag.py:4180} INFO - Setting next_dagrun for example_weekday_branch_operator to 2024-11-24 00:00:00+00:00, run_after=2024-11-25 00:00:00+00:00
[2024-11-25T14:51:15.478+0000] {processor.py:208} INFO - Processing /home/airflow/.local/lib/python3.12/site-packages/airflow/example_dags/example_branch_day_of_week_operator.py took 0.134 seconds
[2024-11-25T14:51:47.929+0000] {processor.py:186} INFO - Started process (PID=1613) to work on /home/airflow/.local/lib/python3.12/site-packages/airflow/example_dags/example_branch_day_of_week_operator.py
[2024-11-25T14:51:47.931+0000] {processor.py:914} INFO - Processing file /home/airflow/.local/lib/python3.12/site-packages/airflow/example_dags/example_branch_day_of_week_operator.py for tasks to queue
[2024-11-25T14:51:47.934+0000] {logging_mixin.py:190} INFO - [2024-11-25T14:51:47.932+0000] {dagbag.py:588} INFO - Filling up the DagBag from /home/airflow/.local/lib/python3.12/site-packages/airflow/example_dags/example_branch_day_of_week_operator.py
[2024-11-25T14:51:47.945+0000] {processor.py:925} INFO - DAG(s) 'example_weekday_branch_operator' retrieved from /home/airflow/.local/lib/python3.12/site-packages/airflow/example_dags/example_branch_day_of_week_operator.py
[2024-11-25T14:51:47.971+0000] {logging_mixin.py:190} INFO - [2024-11-25T14:51:47.970+0000] {dag.py:3239} INFO - Sync 1 DAGs
[2024-11-25T14:51:48.000+0000] {logging_mixin.py:190} INFO - [2024-11-25T14:51:48.000+0000] {dag.py:4180} INFO - Setting next_dagrun for example_weekday_branch_operator to 2024-11-24 00:00:00+00:00, run_after=2024-11-25 00:00:00+00:00
[2024-11-25T14:51:48.054+0000] {processor.py:208} INFO - Processing /home/airflow/.local/lib/python3.12/site-packages/airflow/example_dags/example_branch_day_of_week_operator.py took 0.131 seconds
[2024-11-25T14:52:20.176+0000] {processor.py:186} INFO - Started process (PID=1693) to work on /home/airflow/.local/lib/python3.12/site-packages/airflow/example_dags/example_branch_day_of_week_operator.py
[2024-11-25T14:52:20.177+0000] {processor.py:914} INFO - Processing file /home/airflow/.local/lib/python3.12/site-packages/airflow/example_dags/example_branch_day_of_week_operator.py for tasks to queue
[2024-11-25T14:52:20.179+0000] {logging_mixin.py:190} INFO - [2024-11-25T14:52:20.179+0000] {dagbag.py:588} INFO - Filling up the DagBag from /home/airflow/.local/lib/python3.12/site-packages/airflow/example_dags/example_branch_day_of_week_operator.py
[2024-11-25T14:52:20.192+0000] {processor.py:925} INFO - DAG(s) 'example_weekday_branch_operator' retrieved from /home/airflow/.local/lib/python3.12/site-packages/airflow/example_dags/example_branch_day_of_week_operator.py
[2024-11-25T14:52:20.218+0000] {logging_mixin.py:190} INFO - [2024-11-25T14:52:20.217+0000] {dag.py:3239} INFO - Sync 1 DAGs
[2024-11-25T14:52:20.249+0000] {logging_mixin.py:190} INFO - [2024-11-25T14:52:20.249+0000] {dag.py:4180} INFO - Setting next_dagrun for example_weekday_branch_operator to 2024-11-24 00:00:00+00:00, run_after=2024-11-25 00:00:00+00:00
[2024-11-25T14:52:20.309+0000] {processor.py:208} INFO - Processing /home/airflow/.local/lib/python3.12/site-packages/airflow/example_dags/example_branch_day_of_week_operator.py took 0.139 seconds
[2024-11-25T14:52:53.283+0000] {processor.py:186} INFO - Started process (PID=1773) to work on /home/airflow/.local/lib/python3.12/site-packages/airflow/example_dags/example_branch_day_of_week_operator.py
[2024-11-25T14:52:53.284+0000] {processor.py:914} INFO - Processing file /home/airflow/.local/lib/python3.12/site-packages/airflow/example_dags/example_branch_day_of_week_operator.py for tasks to queue
[2024-11-25T14:52:53.286+0000] {logging_mixin.py:190} INFO - [2024-11-25T14:52:53.285+0000] {dagbag.py:588} INFO - Filling up the DagBag from /home/airflow/.local/lib/python3.12/site-packages/airflow/example_dags/example_branch_day_of_week_operator.py
[2024-11-25T14:52:53.297+0000] {processor.py:925} INFO - DAG(s) 'example_weekday_branch_operator' retrieved from /home/airflow/.local/lib/python3.12/site-packages/airflow/example_dags/example_branch_day_of_week_operator.py
[2024-11-25T14:52:53.322+0000] {logging_mixin.py:190} INFO - [2024-11-25T14:52:53.321+0000] {dag.py:3239} INFO - Sync 1 DAGs
[2024-11-25T14:52:53.362+0000] {logging_mixin.py:190} INFO - [2024-11-25T14:52:53.362+0000] {dag.py:4180} INFO - Setting next_dagrun for example_weekday_branch_operator to 2024-11-24 00:00:00+00:00, run_after=2024-11-25 00:00:00+00:00
[2024-11-25T14:52:53.409+0000] {processor.py:208} INFO - Processing /home/airflow/.local/lib/python3.12/site-packages/airflow/example_dags/example_branch_day_of_week_operator.py took 0.133 seconds
[2024-11-25T14:53:24.847+0000] {processor.py:186} INFO - Started process (PID=1845) to work on /home/airflow/.local/lib/python3.12/site-packages/airflow/example_dags/example_branch_day_of_week_operator.py
[2024-11-25T14:53:24.848+0000] {processor.py:914} INFO - Processing file /home/airflow/.local/lib/python3.12/site-packages/airflow/example_dags/example_branch_day_of_week_operator.py for tasks to queue
[2024-11-25T14:53:24.850+0000] {logging_mixin.py:190} INFO - [2024-11-25T14:53:24.849+0000] {dagbag.py:588} INFO - Filling up the DagBag from /home/airflow/.local/lib/python3.12/site-packages/airflow/example_dags/example_branch_day_of_week_operator.py
[2024-11-25T14:53:24.860+0000] {processor.py:925} INFO - DAG(s) 'example_weekday_branch_operator' retrieved from /home/airflow/.local/lib/python3.12/site-packages/airflow/example_dags/example_branch_day_of_week_operator.py
[2024-11-25T14:53:24.884+0000] {logging_mixin.py:190} INFO - [2024-11-25T14:53:24.884+0000] {dag.py:3239} INFO - Sync 1 DAGs
[2024-11-25T14:53:24.912+0000] {logging_mixin.py:190} INFO - [2024-11-25T14:53:24.911+0000] {dag.py:4180} INFO - Setting next_dagrun for example_weekday_branch_operator to 2024-11-24 00:00:00+00:00, run_after=2024-11-25 00:00:00+00:00
[2024-11-25T14:53:24.972+0000] {processor.py:208} INFO - Processing /home/airflow/.local/lib/python3.12/site-packages/airflow/example_dags/example_branch_day_of_week_operator.py took 0.132 seconds
[2024-11-25T14:53:55.391+0000] {processor.py:186} INFO - Started process (PID=1925) to work on /home/airflow/.local/lib/python3.12/site-packages/airflow/example_dags/example_branch_day_of_week_operator.py
[2024-11-25T14:53:55.392+0000] {processor.py:914} INFO - Processing file /home/airflow/.local/lib/python3.12/site-packages/airflow/example_dags/example_branch_day_of_week_operator.py for tasks to queue
[2024-11-25T14:53:55.394+0000] {logging_mixin.py:190} INFO - [2024-11-25T14:53:55.393+0000] {dagbag.py:588} INFO - Filling up the DagBag from /home/airflow/.local/lib/python3.12/site-packages/airflow/example_dags/example_branch_day_of_week_operator.py
[2024-11-25T14:53:55.404+0000] {processor.py:925} INFO - DAG(s) 'example_weekday_branch_operator' retrieved from /home/airflow/.local/lib/python3.12/site-packages/airflow/example_dags/example_branch_day_of_week_operator.py
[2024-11-25T14:53:55.429+0000] {logging_mixin.py:190} INFO - [2024-11-25T14:53:55.428+0000] {dag.py:3239} INFO - Sync 1 DAGs
[2024-11-25T14:53:55.455+0000] {logging_mixin.py:190} INFO - [2024-11-25T14:53:55.455+0000] {dag.py:4180} INFO - Setting next_dagrun for example_weekday_branch_operator to 2024-11-24 00:00:00+00:00, run_after=2024-11-25 00:00:00+00:00
[2024-11-25T14:53:55.511+0000] {processor.py:208} INFO - Processing /home/airflow/.local/lib/python3.12/site-packages/airflow/example_dags/example_branch_day_of_week_operator.py took 0.127 seconds
[2024-11-25T14:54:26.131+0000] {processor.py:186} INFO - Started process (PID=2008) to work on /home/airflow/.local/lib/python3.12/site-packages/airflow/example_dags/example_branch_day_of_week_operator.py
[2024-11-25T14:54:26.132+0000] {processor.py:914} INFO - Processing file /home/airflow/.local/lib/python3.12/site-packages/airflow/example_dags/example_branch_day_of_week_operator.py for tasks to queue
[2024-11-25T14:54:26.133+0000] {logging_mixin.py:190} INFO - [2024-11-25T14:54:26.133+0000] {dagbag.py:588} INFO - Filling up the DagBag from /home/airflow/.local/lib/python3.12/site-packages/airflow/example_dags/example_branch_day_of_week_operator.py
[2024-11-25T14:54:26.144+0000] {processor.py:925} INFO - DAG(s) 'example_weekday_branch_operator' retrieved from /home/airflow/.local/lib/python3.12/site-packages/airflow/example_dags/example_branch_day_of_week_operator.py
[2024-11-25T14:54:26.168+0000] {logging_mixin.py:190} INFO - [2024-11-25T14:54:26.168+0000] {dag.py:3239} INFO - Sync 1 DAGs
[2024-11-25T14:54:26.195+0000] {logging_mixin.py:190} INFO - [2024-11-25T14:54:26.195+0000] {dag.py:4180} INFO - Setting next_dagrun for example_weekday_branch_operator to 2024-11-24 00:00:00+00:00, run_after=2024-11-25 00:00:00+00:00
[2024-11-25T14:54:26.240+0000] {processor.py:208} INFO - Processing /home/airflow/.local/lib/python3.12/site-packages/airflow/example_dags/example_branch_day_of_week_operator.py took 0.117 seconds
[2024-11-25T14:54:57.704+0000] {processor.py:186} INFO - Started process (PID=2093) to work on /home/airflow/.local/lib/python3.12/site-packages/airflow/example_dags/example_branch_day_of_week_operator.py
[2024-11-25T14:54:57.705+0000] {processor.py:914} INFO - Processing file /home/airflow/.local/lib/python3.12/site-packages/airflow/example_dags/example_branch_day_of_week_operator.py for tasks to queue
[2024-11-25T14:54:57.707+0000] {logging_mixin.py:190} INFO - [2024-11-25T14:54:57.706+0000] {dagbag.py:588} INFO - Filling up the DagBag from /home/airflow/.local/lib/python3.12/site-packages/airflow/example_dags/example_branch_day_of_week_operator.py
[2024-11-25T14:54:57.718+0000] {processor.py:925} INFO - DAG(s) 'example_weekday_branch_operator' retrieved from /home/airflow/.local/lib/python3.12/site-packages/airflow/example_dags/example_branch_day_of_week_operator.py
[2024-11-25T14:54:57.743+0000] {logging_mixin.py:190} INFO - [2024-11-25T14:54:57.743+0000] {dag.py:3239} INFO - Sync 1 DAGs
[2024-11-25T14:54:57.773+0000] {logging_mixin.py:190} INFO - [2024-11-25T14:54:57.772+0000] {dag.py:4180} INFO - Setting next_dagrun for example_weekday_branch_operator to 2024-11-24 00:00:00+00:00, run_after=2024-11-25 00:00:00+00:00
[2024-11-25T14:54:57.823+0000] {processor.py:208} INFO - Processing /home/airflow/.local/lib/python3.12/site-packages/airflow/example_dags/example_branch_day_of_week_operator.py took 0.127 seconds
[2024-11-25T14:55:28.976+0000] {processor.py:186} INFO - Started process (PID=2174) to work on /home/airflow/.local/lib/python3.12/site-packages/airflow/example_dags/example_branch_day_of_week_operator.py
[2024-11-25T14:55:28.977+0000] {processor.py:914} INFO - Processing file /home/airflow/.local/lib/python3.12/site-packages/airflow/example_dags/example_branch_day_of_week_operator.py for tasks to queue
[2024-11-25T14:55:28.979+0000] {logging_mixin.py:190} INFO - [2024-11-25T14:55:28.979+0000] {dagbag.py:588} INFO - Filling up the DagBag from /home/airflow/.local/lib/python3.12/site-packages/airflow/example_dags/example_branch_day_of_week_operator.py
[2024-11-25T14:55:28.991+0000] {processor.py:925} INFO - DAG(s) 'example_weekday_branch_operator' retrieved from /home/airflow/.local/lib/python3.12/site-packages/airflow/example_dags/example_branch_day_of_week_operator.py
[2024-11-25T14:55:29.016+0000] {logging_mixin.py:190} INFO - [2024-11-25T14:55:29.016+0000] {dag.py:3239} INFO - Sync 1 DAGs
[2024-11-25T14:55:29.046+0000] {logging_mixin.py:190} INFO - [2024-11-25T14:55:29.046+0000] {dag.py:4180} INFO - Setting next_dagrun for example_weekday_branch_operator to 2024-11-24 00:00:00+00:00, run_after=2024-11-25 00:00:00+00:00
[2024-11-25T14:55:29.100+0000] {processor.py:208} INFO - Processing /home/airflow/.local/lib/python3.12/site-packages/airflow/example_dags/example_branch_day_of_week_operator.py took 0.132 seconds
[2024-11-25T14:56:00.536+0000] {processor.py:186} INFO - Started process (PID=2255) to work on /home/airflow/.local/lib/python3.12/site-packages/airflow/example_dags/example_branch_day_of_week_operator.py
[2024-11-25T14:56:00.538+0000] {processor.py:914} INFO - Processing file /home/airflow/.local/lib/python3.12/site-packages/airflow/example_dags/example_branch_day_of_week_operator.py for tasks to queue
[2024-11-25T14:56:00.540+0000] {logging_mixin.py:190} INFO - [2024-11-25T14:56:00.539+0000] {dagbag.py:588} INFO - Filling up the DagBag from /home/airflow/.local/lib/python3.12/site-packages/airflow/example_dags/example_branch_day_of_week_operator.py
[2024-11-25T14:56:00.552+0000] {processor.py:925} INFO - DAG(s) 'example_weekday_branch_operator' retrieved from /home/airflow/.local/lib/python3.12/site-packages/airflow/example_dags/example_branch_day_of_week_operator.py
[2024-11-25T14:56:00.580+0000] {logging_mixin.py:190} INFO - [2024-11-25T14:56:00.579+0000] {dag.py:3239} INFO - Sync 1 DAGs
[2024-11-25T14:56:00.609+0000] {logging_mixin.py:190} INFO - [2024-11-25T14:56:00.609+0000] {dag.py:4180} INFO - Setting next_dagrun for example_weekday_branch_operator to 2024-11-24 00:00:00+00:00, run_after=2024-11-25 00:00:00+00:00
[2024-11-25T14:56:00.668+0000] {processor.py:208} INFO - Processing /home/airflow/.local/lib/python3.12/site-packages/airflow/example_dags/example_branch_day_of_week_operator.py took 0.139 seconds
[2024-11-25T14:56:32.814+0000] {processor.py:186} INFO - Started process (PID=2335) to work on /home/airflow/.local/lib/python3.12/site-packages/airflow/example_dags/example_branch_day_of_week_operator.py
[2024-11-25T14:56:32.815+0000] {processor.py:914} INFO - Processing file /home/airflow/.local/lib/python3.12/site-packages/airflow/example_dags/example_branch_day_of_week_operator.py for tasks to queue
[2024-11-25T14:56:32.817+0000] {logging_mixin.py:190} INFO - [2024-11-25T14:56:32.817+0000] {dagbag.py:588} INFO - Filling up the DagBag from /home/airflow/.local/lib/python3.12/site-packages/airflow/example_dags/example_branch_day_of_week_operator.py
[2024-11-25T14:56:32.829+0000] {processor.py:925} INFO - DAG(s) 'example_weekday_branch_operator' retrieved from /home/airflow/.local/lib/python3.12/site-packages/airflow/example_dags/example_branch_day_of_week_operator.py
[2024-11-25T14:56:32.854+0000] {logging_mixin.py:190} INFO - [2024-11-25T14:56:32.854+0000] {dag.py:3239} INFO - Sync 1 DAGs
[2024-11-25T14:56:32.885+0000] {logging_mixin.py:190} INFO - [2024-11-25T14:56:32.885+0000] {dag.py:4180} INFO - Setting next_dagrun for example_weekday_branch_operator to 2024-11-24 00:00:00+00:00, run_after=2024-11-25 00:00:00+00:00
[2024-11-25T14:56:32.942+0000] {processor.py:208} INFO - Processing /home/airflow/.local/lib/python3.12/site-packages/airflow/example_dags/example_branch_day_of_week_operator.py took 0.134 seconds
[2024-11-25T14:57:05.121+0000] {processor.py:186} INFO - Started process (PID=2415) to work on /home/airflow/.local/lib/python3.12/site-packages/airflow/example_dags/example_branch_day_of_week_operator.py
[2024-11-25T14:57:05.122+0000] {processor.py:914} INFO - Processing file /home/airflow/.local/lib/python3.12/site-packages/airflow/example_dags/example_branch_day_of_week_operator.py for tasks to queue
[2024-11-25T14:57:05.124+0000] {logging_mixin.py:190} INFO - [2024-11-25T14:57:05.124+0000] {dagbag.py:588} INFO - Filling up the DagBag from /home/airflow/.local/lib/python3.12/site-packages/airflow/example_dags/example_branch_day_of_week_operator.py
[2024-11-25T14:57:05.135+0000] {processor.py:925} INFO - DAG(s) 'example_weekday_branch_operator' retrieved from /home/airflow/.local/lib/python3.12/site-packages/airflow/example_dags/example_branch_day_of_week_operator.py
[2024-11-25T14:57:05.159+0000] {logging_mixin.py:190} INFO - [2024-11-25T14:57:05.159+0000] {dag.py:3239} INFO - Sync 1 DAGs
[2024-11-25T14:57:05.186+0000] {logging_mixin.py:190} INFO - [2024-11-25T14:57:05.186+0000] {dag.py:4180} INFO - Setting next_dagrun for example_weekday_branch_operator to 2024-11-24 00:00:00+00:00, run_after=2024-11-25 00:00:00+00:00
[2024-11-25T14:57:05.241+0000] {processor.py:208} INFO - Processing /home/airflow/.local/lib/python3.12/site-packages/airflow/example_dags/example_branch_day_of_week_operator.py took 0.130 seconds
[2024-11-25T14:57:36.681+0000] {processor.py:186} INFO - Started process (PID=2495) to work on /home/airflow/.local/lib/python3.12/site-packages/airflow/example_dags/example_branch_day_of_week_operator.py
[2024-11-25T14:57:36.682+0000] {processor.py:914} INFO - Processing file /home/airflow/.local/lib/python3.12/site-packages/airflow/example_dags/example_branch_day_of_week_operator.py for tasks to queue
[2024-11-25T14:57:36.683+0000] {logging_mixin.py:190} INFO - [2024-11-25T14:57:36.683+0000] {dagbag.py:588} INFO - Filling up the DagBag from /home/airflow/.local/lib/python3.12/site-packages/airflow/example_dags/example_branch_day_of_week_operator.py
[2024-11-25T14:57:36.693+0000] {processor.py:925} INFO - DAG(s) 'example_weekday_branch_operator' retrieved from /home/airflow/.local/lib/python3.12/site-packages/airflow/example_dags/example_branch_day_of_week_operator.py
[2024-11-25T14:57:36.720+0000] {logging_mixin.py:190} INFO - [2024-11-25T14:57:36.720+0000] {dag.py:3239} INFO - Sync 1 DAGs
[2024-11-25T14:57:36.750+0000] {logging_mixin.py:190} INFO - [2024-11-25T14:57:36.749+0000] {dag.py:4180} INFO - Setting next_dagrun for example_weekday_branch_operator to 2024-11-24 00:00:00+00:00, run_after=2024-11-25 00:00:00+00:00
[2024-11-25T14:57:36.805+0000] {processor.py:208} INFO - Processing /home/airflow/.local/lib/python3.12/site-packages/airflow/example_dags/example_branch_day_of_week_operator.py took 0.130 seconds
[2024-11-25T14:58:08.423+0000] {processor.py:186} INFO - Started process (PID=2575) to work on /home/airflow/.local/lib/python3.12/site-packages/airflow/example_dags/example_branch_day_of_week_operator.py
[2024-11-25T14:58:08.424+0000] {processor.py:914} INFO - Processing file /home/airflow/.local/lib/python3.12/site-packages/airflow/example_dags/example_branch_day_of_week_operator.py for tasks to queue
[2024-11-25T14:58:08.426+0000] {logging_mixin.py:190} INFO - [2024-11-25T14:58:08.426+0000] {dagbag.py:588} INFO - Filling up the DagBag from /home/airflow/.local/lib/python3.12/site-packages/airflow/example_dags/example_branch_day_of_week_operator.py
[2024-11-25T14:58:08.437+0000] {processor.py:925} INFO - DAG(s) 'example_weekday_branch_operator' retrieved from /home/airflow/.local/lib/python3.12/site-packages/airflow/example_dags/example_branch_day_of_week_operator.py
[2024-11-25T14:58:08.461+0000] {logging_mixin.py:190} INFO - [2024-11-25T14:58:08.461+0000] {dag.py:3239} INFO - Sync 1 DAGs
[2024-11-25T14:58:08.492+0000] {logging_mixin.py:190} INFO - [2024-11-25T14:58:08.491+0000] {dag.py:4180} INFO - Setting next_dagrun for example_weekday_branch_operator to 2024-11-24 00:00:00+00:00, run_after=2024-11-25 00:00:00+00:00
[2024-11-25T14:58:08.543+0000] {processor.py:208} INFO - Processing /home/airflow/.local/lib/python3.12/site-packages/airflow/example_dags/example_branch_day_of_week_operator.py took 0.127 seconds
[2024-11-25T14:58:41.310+0000] {processor.py:186} INFO - Started process (PID=2661) to work on /home/airflow/.local/lib/python3.12/site-packages/airflow/example_dags/example_branch_day_of_week_operator.py
[2024-11-25T14:58:41.311+0000] {processor.py:914} INFO - Processing file /home/airflow/.local/lib/python3.12/site-packages/airflow/example_dags/example_branch_day_of_week_operator.py for tasks to queue
[2024-11-25T14:58:41.313+0000] {logging_mixin.py:190} INFO - [2024-11-25T14:58:41.312+0000] {dagbag.py:588} INFO - Filling up the DagBag from /home/airflow/.local/lib/python3.12/site-packages/airflow/example_dags/example_branch_day_of_week_operator.py
[2024-11-25T14:58:41.324+0000] {processor.py:925} INFO - DAG(s) 'example_weekday_branch_operator' retrieved from /home/airflow/.local/lib/python3.12/site-packages/airflow/example_dags/example_branch_day_of_week_operator.py
[2024-11-25T14:58:41.352+0000] {logging_mixin.py:190} INFO - [2024-11-25T14:58:41.351+0000] {dag.py:3239} INFO - Sync 1 DAGs
[2024-11-25T14:58:41.380+0000] {logging_mixin.py:190} INFO - [2024-11-25T14:58:41.380+0000] {dag.py:4180} INFO - Setting next_dagrun for example_weekday_branch_operator to 2024-11-24 00:00:00+00:00, run_after=2024-11-25 00:00:00+00:00
[2024-11-25T14:58:41.444+0000] {processor.py:208} INFO - Processing /home/airflow/.local/lib/python3.12/site-packages/airflow/example_dags/example_branch_day_of_week_operator.py took 0.142 seconds
[2024-11-25T14:59:11.647+0000] {processor.py:186} INFO - Started process (PID=2741) to work on /home/airflow/.local/lib/python3.12/site-packages/airflow/example_dags/example_branch_day_of_week_operator.py
[2024-11-25T14:59:11.648+0000] {processor.py:914} INFO - Processing file /home/airflow/.local/lib/python3.12/site-packages/airflow/example_dags/example_branch_day_of_week_operator.py for tasks to queue
[2024-11-25T14:59:11.649+0000] {logging_mixin.py:190} INFO - [2024-11-25T14:59:11.649+0000] {dagbag.py:588} INFO - Filling up the DagBag from /home/airflow/.local/lib/python3.12/site-packages/airflow/example_dags/example_branch_day_of_week_operator.py
[2024-11-25T14:59:11.662+0000] {processor.py:925} INFO - DAG(s) 'example_weekday_branch_operator' retrieved from /home/airflow/.local/lib/python3.12/site-packages/airflow/example_dags/example_branch_day_of_week_operator.py
[2024-11-25T14:59:11.688+0000] {logging_mixin.py:190} INFO - [2024-11-25T14:59:11.687+0000] {dag.py:3239} INFO - Sync 1 DAGs
[2024-11-25T14:59:11.720+0000] {logging_mixin.py:190} INFO - [2024-11-25T14:59:11.720+0000] {dag.py:4180} INFO - Setting next_dagrun for example_weekday_branch_operator to 2024-11-24 00:00:00+00:00, run_after=2024-11-25 00:00:00+00:00
[2024-11-25T14:59:11.767+0000] {processor.py:208} INFO - Processing /home/airflow/.local/lib/python3.12/site-packages/airflow/example_dags/example_branch_day_of_week_operator.py took 0.128 seconds
[2024-11-25T14:59:44.091+0000] {processor.py:186} INFO - Started process (PID=2821) to work on /home/airflow/.local/lib/python3.12/site-packages/airflow/example_dags/example_branch_day_of_week_operator.py
[2024-11-25T14:59:44.092+0000] {processor.py:914} INFO - Processing file /home/airflow/.local/lib/python3.12/site-packages/airflow/example_dags/example_branch_day_of_week_operator.py for tasks to queue
[2024-11-25T14:59:44.094+0000] {logging_mixin.py:190} INFO - [2024-11-25T14:59:44.094+0000] {dagbag.py:588} INFO - Filling up the DagBag from /home/airflow/.local/lib/python3.12/site-packages/airflow/example_dags/example_branch_day_of_week_operator.py
[2024-11-25T14:59:44.105+0000] {processor.py:925} INFO - DAG(s) 'example_weekday_branch_operator' retrieved from /home/airflow/.local/lib/python3.12/site-packages/airflow/example_dags/example_branch_day_of_week_operator.py
[2024-11-25T14:59:44.128+0000] {logging_mixin.py:190} INFO - [2024-11-25T14:59:44.128+0000] {dag.py:3239} INFO - Sync 1 DAGs
[2024-11-25T14:59:44.156+0000] {logging_mixin.py:190} INFO - [2024-11-25T14:59:44.156+0000] {dag.py:4180} INFO - Setting next_dagrun for example_weekday_branch_operator to 2024-11-24 00:00:00+00:00, run_after=2024-11-25 00:00:00+00:00
[2024-11-25T14:59:44.204+0000] {processor.py:208} INFO - Processing /home/airflow/.local/lib/python3.12/site-packages/airflow/example_dags/example_branch_day_of_week_operator.py took 0.119 seconds
[2024-11-25T15:00:15.235+0000] {processor.py:186} INFO - Started process (PID=2901) to work on /home/airflow/.local/lib/python3.12/site-packages/airflow/example_dags/example_branch_day_of_week_operator.py
[2024-11-25T15:00:15.236+0000] {processor.py:914} INFO - Processing file /home/airflow/.local/lib/python3.12/site-packages/airflow/example_dags/example_branch_day_of_week_operator.py for tasks to queue
[2024-11-25T15:00:15.237+0000] {logging_mixin.py:190} INFO - [2024-11-25T15:00:15.237+0000] {dagbag.py:588} INFO - Filling up the DagBag from /home/airflow/.local/lib/python3.12/site-packages/airflow/example_dags/example_branch_day_of_week_operator.py
[2024-11-25T15:00:15.248+0000] {processor.py:925} INFO - DAG(s) 'example_weekday_branch_operator' retrieved from /home/airflow/.local/lib/python3.12/site-packages/airflow/example_dags/example_branch_day_of_week_operator.py
[2024-11-25T15:00:15.273+0000] {logging_mixin.py:190} INFO - [2024-11-25T15:00:15.273+0000] {dag.py:3239} INFO - Sync 1 DAGs
[2024-11-25T15:00:15.304+0000] {logging_mixin.py:190} INFO - [2024-11-25T15:00:15.304+0000] {dag.py:4180} INFO - Setting next_dagrun for example_weekday_branch_operator to 2024-11-24 00:00:00+00:00, run_after=2024-11-25 00:00:00+00:00
[2024-11-25T15:00:15.362+0000] {processor.py:208} INFO - Processing /home/airflow/.local/lib/python3.12/site-packages/airflow/example_dags/example_branch_day_of_week_operator.py took 0.134 seconds
[2024-11-25T15:00:48.609+0000] {processor.py:186} INFO - Started process (PID=2981) to work on /home/airflow/.local/lib/python3.12/site-packages/airflow/example_dags/example_branch_day_of_week_operator.py
[2024-11-25T15:00:48.611+0000] {processor.py:914} INFO - Processing file /home/airflow/.local/lib/python3.12/site-packages/airflow/example_dags/example_branch_day_of_week_operator.py for tasks to queue
[2024-11-25T15:00:48.613+0000] {logging_mixin.py:190} INFO - [2024-11-25T15:00:48.612+0000] {dagbag.py:588} INFO - Filling up the DagBag from /home/airflow/.local/lib/python3.12/site-packages/airflow/example_dags/example_branch_day_of_week_operator.py
[2024-11-25T15:00:48.627+0000] {processor.py:925} INFO - DAG(s) 'example_weekday_branch_operator' retrieved from /home/airflow/.local/lib/python3.12/site-packages/airflow/example_dags/example_branch_day_of_week_operator.py
[2024-11-25T15:00:48.654+0000] {logging_mixin.py:190} INFO - [2024-11-25T15:00:48.654+0000] {dag.py:3239} INFO - Sync 1 DAGs
[2024-11-25T15:00:48.684+0000] {logging_mixin.py:190} INFO - [2024-11-25T15:00:48.684+0000] {dag.py:4180} INFO - Setting next_dagrun for example_weekday_branch_operator to 2024-11-24 00:00:00+00:00, run_after=2024-11-25 00:00:00+00:00
[2024-11-25T15:00:48.733+0000] {processor.py:208} INFO - Processing /home/airflow/.local/lib/python3.12/site-packages/airflow/example_dags/example_branch_day_of_week_operator.py took 0.131 seconds
[2024-11-25T15:01:19.624+0000] {processor.py:186} INFO - Started process (PID=3053) to work on /home/airflow/.local/lib/python3.12/site-packages/airflow/example_dags/example_branch_day_of_week_operator.py
[2024-11-25T15:01:19.626+0000] {processor.py:914} INFO - Processing file /home/airflow/.local/lib/python3.12/site-packages/airflow/example_dags/example_branch_day_of_week_operator.py for tasks to queue
[2024-11-25T15:01:19.627+0000] {logging_mixin.py:190} INFO - [2024-11-25T15:01:19.627+0000] {dagbag.py:588} INFO - Filling up the DagBag from /home/airflow/.local/lib/python3.12/site-packages/airflow/example_dags/example_branch_day_of_week_operator.py
[2024-11-25T15:01:19.638+0000] {processor.py:925} INFO - DAG(s) 'example_weekday_branch_operator' retrieved from /home/airflow/.local/lib/python3.12/site-packages/airflow/example_dags/example_branch_day_of_week_operator.py
[2024-11-25T15:01:19.664+0000] {logging_mixin.py:190} INFO - [2024-11-25T15:01:19.664+0000] {dag.py:3239} INFO - Sync 1 DAGs
[2024-11-25T15:01:19.693+0000] {logging_mixin.py:190} INFO - [2024-11-25T15:01:19.693+0000] {dag.py:4180} INFO - Setting next_dagrun for example_weekday_branch_operator to 2024-11-24 00:00:00+00:00, run_after=2024-11-25 00:00:00+00:00
[2024-11-25T15:01:19.749+0000] {processor.py:208} INFO - Processing /home/airflow/.local/lib/python3.12/site-packages/airflow/example_dags/example_branch_day_of_week_operator.py took 0.133 seconds
[2024-11-25T15:01:53.498+0000] {processor.py:186} INFO - Started process (PID=3133) to work on /home/airflow/.local/lib/python3.12/site-packages/airflow/example_dags/example_branch_day_of_week_operator.py
[2024-11-25T15:01:53.500+0000] {processor.py:914} INFO - Processing file /home/airflow/.local/lib/python3.12/site-packages/airflow/example_dags/example_branch_day_of_week_operator.py for tasks to queue
[2024-11-25T15:01:53.503+0000] {logging_mixin.py:190} INFO - [2024-11-25T15:01:53.502+0000] {dagbag.py:588} INFO - Filling up the DagBag from /home/airflow/.local/lib/python3.12/site-packages/airflow/example_dags/example_branch_day_of_week_operator.py
[2024-11-25T15:01:53.524+0000] {processor.py:925} INFO - DAG(s) 'example_weekday_branch_operator' retrieved from /home/airflow/.local/lib/python3.12/site-packages/airflow/example_dags/example_branch_day_of_week_operator.py
[2024-11-25T15:01:53.554+0000] {logging_mixin.py:190} INFO - [2024-11-25T15:01:53.554+0000] {dag.py:3239} INFO - Sync 1 DAGs
[2024-11-25T15:01:53.593+0000] {logging_mixin.py:190} INFO - [2024-11-25T15:01:53.593+0000] {dag.py:4180} INFO - Setting next_dagrun for example_weekday_branch_operator to 2024-11-24 00:00:00+00:00, run_after=2024-11-25 00:00:00+00:00
[2024-11-25T15:01:53.662+0000] {processor.py:208} INFO - Processing /home/airflow/.local/lib/python3.12/site-packages/airflow/example_dags/example_branch_day_of_week_operator.py took 0.175 seconds
[2024-11-25T19:21:22.866+0000] {processor.py:186} INFO - Started process (PID=576) to work on /home/airflow/.local/lib/python3.12/site-packages/airflow/example_dags/example_branch_day_of_week_operator.py
[2024-11-25T19:21:22.867+0000] {processor.py:914} INFO - Processing file /home/airflow/.local/lib/python3.12/site-packages/airflow/example_dags/example_branch_day_of_week_operator.py for tasks to queue
[2024-11-25T19:21:22.871+0000] {logging_mixin.py:190} INFO - [2024-11-25T19:21:22.870+0000] {dagbag.py:588} INFO - Filling up the DagBag from /home/airflow/.local/lib/python3.12/site-packages/airflow/example_dags/example_branch_day_of_week_operator.py
[2024-11-25T19:21:22.882+0000] {processor.py:925} INFO - DAG(s) 'example_weekday_branch_operator' retrieved from /home/airflow/.local/lib/python3.12/site-packages/airflow/example_dags/example_branch_day_of_week_operator.py
[2024-11-25T19:21:22.905+0000] {logging_mixin.py:190} INFO - [2024-11-25T19:21:22.905+0000] {dag.py:3239} INFO - Sync 1 DAGs
[2024-11-25T19:21:22.935+0000] {logging_mixin.py:190} INFO - [2024-11-25T19:21:22.935+0000] {dag.py:4180} INFO - Setting next_dagrun for example_weekday_branch_operator to 2024-11-24 00:00:00+00:00, run_after=2024-11-25 00:00:00+00:00
[2024-11-25T19:21:22.997+0000] {processor.py:208} INFO - Processing /home/airflow/.local/lib/python3.12/site-packages/airflow/example_dags/example_branch_day_of_week_operator.py took 0.137 seconds
[2024-11-25T19:22:13.781+0000] {processor.py:186} INFO - Started process (PID=655) to work on /home/airflow/.local/lib/python3.12/site-packages/airflow/example_dags/example_branch_day_of_week_operator.py
[2024-11-25T19:22:13.852+0000] {processor.py:914} INFO - Processing file /home/airflow/.local/lib/python3.12/site-packages/airflow/example_dags/example_branch_day_of_week_operator.py for tasks to queue
[2024-11-25T19:22:13.854+0000] {logging_mixin.py:190} INFO - [2024-11-25T19:22:13.853+0000] {dagbag.py:588} INFO - Filling up the DagBag from /home/airflow/.local/lib/python3.12/site-packages/airflow/example_dags/example_branch_day_of_week_operator.py
[2024-11-25T19:22:13.867+0000] {processor.py:925} INFO - DAG(s) 'example_weekday_branch_operator' retrieved from /home/airflow/.local/lib/python3.12/site-packages/airflow/example_dags/example_branch_day_of_week_operator.py
[2024-11-25T19:22:13.898+0000] {logging_mixin.py:190} INFO - [2024-11-25T19:22:13.897+0000] {dag.py:3239} INFO - Sync 1 DAGs
[2024-11-25T19:22:13.937+0000] {logging_mixin.py:190} INFO - [2024-11-25T19:22:13.937+0000] {dag.py:4180} INFO - Setting next_dagrun for example_weekday_branch_operator to 2024-11-24 00:00:00+00:00, run_after=2024-11-25 00:00:00+00:00
[2024-11-25T19:22:14.013+0000] {processor.py:208} INFO - Processing /home/airflow/.local/lib/python3.12/site-packages/airflow/example_dags/example_branch_day_of_week_operator.py took 0.238 seconds
[2024-11-25T19:23:04.165+0000] {processor.py:186} INFO - Started process (PID=743) to work on /home/airflow/.local/lib/python3.12/site-packages/airflow/example_dags/example_branch_day_of_week_operator.py
[2024-11-25T19:23:04.415+0000] {processor.py:914} INFO - Processing file /home/airflow/.local/lib/python3.12/site-packages/airflow/example_dags/example_branch_day_of_week_operator.py for tasks to queue
[2024-11-25T19:23:04.417+0000] {logging_mixin.py:190} INFO - [2024-11-25T19:23:04.417+0000] {dagbag.py:588} INFO - Filling up the DagBag from /home/airflow/.local/lib/python3.12/site-packages/airflow/example_dags/example_branch_day_of_week_operator.py
[2024-11-25T19:23:04.429+0000] {processor.py:925} INFO - DAG(s) 'example_weekday_branch_operator' retrieved from /home/airflow/.local/lib/python3.12/site-packages/airflow/example_dags/example_branch_day_of_week_operator.py
[2024-11-25T19:23:04.454+0000] {logging_mixin.py:190} INFO - [2024-11-25T19:23:04.453+0000] {dag.py:3239} INFO - Sync 1 DAGs
[2024-11-25T19:23:04.480+0000] {logging_mixin.py:190} INFO - [2024-11-25T19:23:04.480+0000] {dag.py:4180} INFO - Setting next_dagrun for example_weekday_branch_operator to 2024-11-24 00:00:00+00:00, run_after=2024-11-25 00:00:00+00:00
[2024-11-25T19:23:04.749+0000] {processor.py:208} INFO - Processing /home/airflow/.local/lib/python3.12/site-packages/airflow/example_dags/example_branch_day_of_week_operator.py took 0.590 seconds
[2024-11-25T19:24:13.282+0000] {processor.py:186} INFO - Started process (PID=837) to work on /home/airflow/.local/lib/python3.12/site-packages/airflow/example_dags/example_branch_day_of_week_operator.py
[2024-11-25T19:24:13.375+0000] {processor.py:914} INFO - Processing file /home/airflow/.local/lib/python3.12/site-packages/airflow/example_dags/example_branch_day_of_week_operator.py for tasks to queue
[2024-11-25T19:24:13.376+0000] {logging_mixin.py:190} INFO - [2024-11-25T19:24:13.376+0000] {dagbag.py:588} INFO - Filling up the DagBag from /home/airflow/.local/lib/python3.12/site-packages/airflow/example_dags/example_branch_day_of_week_operator.py
[2024-11-25T19:24:13.388+0000] {processor.py:925} INFO - DAG(s) 'example_weekday_branch_operator' retrieved from /home/airflow/.local/lib/python3.12/site-packages/airflow/example_dags/example_branch_day_of_week_operator.py
[2024-11-25T19:24:13.415+0000] {logging_mixin.py:190} INFO - [2024-11-25T19:24:13.415+0000] {dag.py:3239} INFO - Sync 1 DAGs
[2024-11-25T19:24:13.444+0000] {logging_mixin.py:190} INFO - [2024-11-25T19:24:13.444+0000] {dag.py:4180} INFO - Setting next_dagrun for example_weekday_branch_operator to 2024-11-24 00:00:00+00:00, run_after=2024-11-25 00:00:00+00:00
[2024-11-25T19:24:13.530+0000] {processor.py:208} INFO - Processing /home/airflow/.local/lib/python3.12/site-packages/airflow/example_dags/example_branch_day_of_week_operator.py took 0.256 seconds
[2024-11-25T19:24:54.047+0000] {processor.py:186} INFO - Started process (PID=918) to work on /home/airflow/.local/lib/python3.12/site-packages/airflow/example_dags/example_branch_day_of_week_operator.py
[2024-11-25T19:24:54.049+0000] {processor.py:914} INFO - Processing file /home/airflow/.local/lib/python3.12/site-packages/airflow/example_dags/example_branch_day_of_week_operator.py for tasks to queue
[2024-11-25T19:24:54.051+0000] {logging_mixin.py:190} INFO - [2024-11-25T19:24:54.050+0000] {dagbag.py:588} INFO - Filling up the DagBag from /home/airflow/.local/lib/python3.12/site-packages/airflow/example_dags/example_branch_day_of_week_operator.py
[2024-11-25T19:24:54.066+0000] {processor.py:925} INFO - DAG(s) 'example_weekday_branch_operator' retrieved from /home/airflow/.local/lib/python3.12/site-packages/airflow/example_dags/example_branch_day_of_week_operator.py
[2024-11-25T19:24:54.092+0000] {logging_mixin.py:190} INFO - [2024-11-25T19:24:54.092+0000] {dag.py:3239} INFO - Sync 1 DAGs
[2024-11-25T19:24:54.125+0000] {logging_mixin.py:190} INFO - [2024-11-25T19:24:54.125+0000] {dag.py:4180} INFO - Setting next_dagrun for example_weekday_branch_operator to 2024-11-24 00:00:00+00:00, run_after=2024-11-25 00:00:00+00:00
[2024-11-25T19:24:54.276+0000] {processor.py:208} INFO - Processing /home/airflow/.local/lib/python3.12/site-packages/airflow/example_dags/example_branch_day_of_week_operator.py took 0.239 seconds
[2024-11-25T19:25:40.046+0000] {processor.py:186} INFO - Started process (PID=1005) to work on /home/airflow/.local/lib/python3.12/site-packages/airflow/example_dags/example_branch_day_of_week_operator.py
[2024-11-25T19:25:40.047+0000] {processor.py:914} INFO - Processing file /home/airflow/.local/lib/python3.12/site-packages/airflow/example_dags/example_branch_day_of_week_operator.py for tasks to queue
[2024-11-25T19:25:40.049+0000] {logging_mixin.py:190} INFO - [2024-11-25T19:25:40.048+0000] {dagbag.py:588} INFO - Filling up the DagBag from /home/airflow/.local/lib/python3.12/site-packages/airflow/example_dags/example_branch_day_of_week_operator.py
[2024-11-25T19:25:40.060+0000] {processor.py:925} INFO - DAG(s) 'example_weekday_branch_operator' retrieved from /home/airflow/.local/lib/python3.12/site-packages/airflow/example_dags/example_branch_day_of_week_operator.py
[2024-11-25T19:25:40.084+0000] {logging_mixin.py:190} INFO - [2024-11-25T19:25:40.084+0000] {dag.py:3239} INFO - Sync 1 DAGs
[2024-11-25T19:25:40.116+0000] {logging_mixin.py:190} INFO - [2024-11-25T19:25:40.115+0000] {dag.py:4180} INFO - Setting next_dagrun for example_weekday_branch_operator to 2024-11-24 00:00:00+00:00, run_after=2024-11-25 00:00:00+00:00
[2024-11-25T19:25:40.232+0000] {processor.py:208} INFO - Processing /home/airflow/.local/lib/python3.12/site-packages/airflow/example_dags/example_branch_day_of_week_operator.py took 0.193 seconds
[2024-11-25T19:26:19.870+0000] {processor.py:186} INFO - Started process (PID=1086) to work on /home/airflow/.local/lib/python3.12/site-packages/airflow/example_dags/example_branch_day_of_week_operator.py
[2024-11-25T19:26:19.871+0000] {processor.py:914} INFO - Processing file /home/airflow/.local/lib/python3.12/site-packages/airflow/example_dags/example_branch_day_of_week_operator.py for tasks to queue
[2024-11-25T19:26:19.873+0000] {logging_mixin.py:190} INFO - [2024-11-25T19:26:19.872+0000] {dagbag.py:588} INFO - Filling up the DagBag from /home/airflow/.local/lib/python3.12/site-packages/airflow/example_dags/example_branch_day_of_week_operator.py
[2024-11-25T19:26:19.885+0000] {processor.py:925} INFO - DAG(s) 'example_weekday_branch_operator' retrieved from /home/airflow/.local/lib/python3.12/site-packages/airflow/example_dags/example_branch_day_of_week_operator.py
[2024-11-25T19:26:19.917+0000] {logging_mixin.py:190} INFO - [2024-11-25T19:26:19.917+0000] {dag.py:3239} INFO - Sync 1 DAGs
[2024-11-25T19:26:19.969+0000] {logging_mixin.py:190} INFO - [2024-11-25T19:26:19.969+0000] {dag.py:4180} INFO - Setting next_dagrun for example_weekday_branch_operator to 2024-11-24 00:00:00+00:00, run_after=2024-11-25 00:00:00+00:00
[2024-11-25T19:26:20.023+0000] {processor.py:208} INFO - Processing /home/airflow/.local/lib/python3.12/site-packages/airflow/example_dags/example_branch_day_of_week_operator.py took 0.161 seconds
[2024-11-25T19:27:04.653+0000] {processor.py:186} INFO - Started process (PID=1177) to work on /home/airflow/.local/lib/python3.12/site-packages/airflow/example_dags/example_branch_day_of_week_operator.py
[2024-11-25T19:27:04.654+0000] {processor.py:914} INFO - Processing file /home/airflow/.local/lib/python3.12/site-packages/airflow/example_dags/example_branch_day_of_week_operator.py for tasks to queue
[2024-11-25T19:27:04.656+0000] {logging_mixin.py:190} INFO - [2024-11-25T19:27:04.656+0000] {dagbag.py:588} INFO - Filling up the DagBag from /home/airflow/.local/lib/python3.12/site-packages/airflow/example_dags/example_branch_day_of_week_operator.py
[2024-11-25T19:27:04.672+0000] {processor.py:925} INFO - DAG(s) 'example_weekday_branch_operator' retrieved from /home/airflow/.local/lib/python3.12/site-packages/airflow/example_dags/example_branch_day_of_week_operator.py
[2024-11-25T19:27:04.711+0000] {logging_mixin.py:190} INFO - [2024-11-25T19:27:04.711+0000] {dag.py:3239} INFO - Sync 1 DAGs
[2024-11-25T19:27:04.750+0000] {logging_mixin.py:190} INFO - [2024-11-25T19:27:04.750+0000] {dag.py:4180} INFO - Setting next_dagrun for example_weekday_branch_operator to 2024-11-24 00:00:00+00:00, run_after=2024-11-25 00:00:00+00:00
[2024-11-25T19:27:04.851+0000] {processor.py:208} INFO - Processing /home/airflow/.local/lib/python3.12/site-packages/airflow/example_dags/example_branch_day_of_week_operator.py took 0.208 seconds
[2024-11-25T19:27:46.969+0000] {processor.py:186} INFO - Started process (PID=1264) to work on /home/airflow/.local/lib/python3.12/site-packages/airflow/example_dags/example_branch_day_of_week_operator.py
[2024-11-25T19:27:46.970+0000] {processor.py:914} INFO - Processing file /home/airflow/.local/lib/python3.12/site-packages/airflow/example_dags/example_branch_day_of_week_operator.py for tasks to queue
[2024-11-25T19:27:46.972+0000] {logging_mixin.py:190} INFO - [2024-11-25T19:27:46.972+0000] {dagbag.py:588} INFO - Filling up the DagBag from /home/airflow/.local/lib/python3.12/site-packages/airflow/example_dags/example_branch_day_of_week_operator.py
[2024-11-25T19:27:46.990+0000] {processor.py:925} INFO - DAG(s) 'example_weekday_branch_operator' retrieved from /home/airflow/.local/lib/python3.12/site-packages/airflow/example_dags/example_branch_day_of_week_operator.py
[2024-11-25T19:27:47.024+0000] {logging_mixin.py:190} INFO - [2024-11-25T19:27:47.024+0000] {dag.py:3239} INFO - Sync 1 DAGs
[2024-11-25T19:27:47.075+0000] {logging_mixin.py:190} INFO - [2024-11-25T19:27:47.075+0000] {dag.py:4180} INFO - Setting next_dagrun for example_weekday_branch_operator to 2024-11-24 00:00:00+00:00, run_after=2024-11-25 00:00:00+00:00
[2024-11-25T19:27:47.140+0000] {processor.py:208} INFO - Processing /home/airflow/.local/lib/python3.12/site-packages/airflow/example_dags/example_branch_day_of_week_operator.py took 0.180 seconds
[2024-11-25T19:28:33.019+0000] {processor.py:186} INFO - Started process (PID=1345) to work on /home/airflow/.local/lib/python3.12/site-packages/airflow/example_dags/example_branch_day_of_week_operator.py
[2024-11-25T19:28:33.020+0000] {processor.py:914} INFO - Processing file /home/airflow/.local/lib/python3.12/site-packages/airflow/example_dags/example_branch_day_of_week_operator.py for tasks to queue
[2024-11-25T19:28:33.022+0000] {logging_mixin.py:190} INFO - [2024-11-25T19:28:33.022+0000] {dagbag.py:588} INFO - Filling up the DagBag from /home/airflow/.local/lib/python3.12/site-packages/airflow/example_dags/example_branch_day_of_week_operator.py
[2024-11-25T19:28:33.034+0000] {processor.py:925} INFO - DAG(s) 'example_weekday_branch_operator' retrieved from /home/airflow/.local/lib/python3.12/site-packages/airflow/example_dags/example_branch_day_of_week_operator.py
[2024-11-25T19:28:33.061+0000] {logging_mixin.py:190} INFO - [2024-11-25T19:28:33.060+0000] {dag.py:3239} INFO - Sync 1 DAGs
[2024-11-25T19:28:33.095+0000] {logging_mixin.py:190} INFO - [2024-11-25T19:28:33.094+0000] {dag.py:4180} INFO - Setting next_dagrun for example_weekday_branch_operator to 2024-11-24 00:00:00+00:00, run_after=2024-11-25 00:00:00+00:00
[2024-11-25T19:28:33.159+0000] {processor.py:208} INFO - Processing /home/airflow/.local/lib/python3.12/site-packages/airflow/example_dags/example_branch_day_of_week_operator.py took 0.147 seconds
[2024-11-25T19:29:18.574+0000] {processor.py:186} INFO - Started process (PID=1432) to work on /home/airflow/.local/lib/python3.12/site-packages/airflow/example_dags/example_branch_day_of_week_operator.py
[2024-11-25T19:29:18.575+0000] {processor.py:914} INFO - Processing file /home/airflow/.local/lib/python3.12/site-packages/airflow/example_dags/example_branch_day_of_week_operator.py for tasks to queue
[2024-11-25T19:29:18.577+0000] {logging_mixin.py:190} INFO - [2024-11-25T19:29:18.577+0000] {dagbag.py:588} INFO - Filling up the DagBag from /home/airflow/.local/lib/python3.12/site-packages/airflow/example_dags/example_branch_day_of_week_operator.py
[2024-11-25T19:29:18.591+0000] {processor.py:925} INFO - DAG(s) 'example_weekday_branch_operator' retrieved from /home/airflow/.local/lib/python3.12/site-packages/airflow/example_dags/example_branch_day_of_week_operator.py
[2024-11-25T19:29:18.620+0000] {logging_mixin.py:190} INFO - [2024-11-25T19:29:18.619+0000] {dag.py:3239} INFO - Sync 1 DAGs
[2024-11-25T19:29:18.663+0000] {logging_mixin.py:190} INFO - [2024-11-25T19:29:18.663+0000] {dag.py:4180} INFO - Setting next_dagrun for example_weekday_branch_operator to 2024-11-24 00:00:00+00:00, run_after=2024-11-25 00:00:00+00:00
[2024-11-25T19:29:18.745+0000] {processor.py:208} INFO - Processing /home/airflow/.local/lib/python3.12/site-packages/airflow/example_dags/example_branch_day_of_week_operator.py took 0.178 seconds
[2024-11-25T19:30:41.617+0000] {processor.py:186} INFO - Started process (PID=1525) to work on /home/airflow/.local/lib/python3.12/site-packages/airflow/example_dags/example_branch_day_of_week_operator.py
[2024-11-25T19:30:41.619+0000] {processor.py:914} INFO - Processing file /home/airflow/.local/lib/python3.12/site-packages/airflow/example_dags/example_branch_day_of_week_operator.py for tasks to queue
[2024-11-25T19:30:41.621+0000] {logging_mixin.py:190} INFO - [2024-11-25T19:30:41.620+0000] {dagbag.py:588} INFO - Filling up the DagBag from /home/airflow/.local/lib/python3.12/site-packages/airflow/example_dags/example_branch_day_of_week_operator.py
[2024-11-25T19:30:41.635+0000] {processor.py:925} INFO - DAG(s) 'example_weekday_branch_operator' retrieved from /home/airflow/.local/lib/python3.12/site-packages/airflow/example_dags/example_branch_day_of_week_operator.py
[2024-11-25T19:30:41.664+0000] {logging_mixin.py:190} INFO - [2024-11-25T19:30:41.663+0000] {dag.py:3239} INFO - Sync 1 DAGs
[2024-11-25T19:30:41.700+0000] {logging_mixin.py:190} INFO - [2024-11-25T19:30:41.700+0000] {dag.py:4180} INFO - Setting next_dagrun for example_weekday_branch_operator to 2024-11-24 00:00:00+00:00, run_after=2024-11-25 00:00:00+00:00
[2024-11-25T19:30:41.762+0000] {processor.py:208} INFO - Processing /home/airflow/.local/lib/python3.12/site-packages/airflow/example_dags/example_branch_day_of_week_operator.py took 0.152 seconds
[2024-11-25T19:31:15.481+0000] {processor.py:186} INFO - Started process (PID=1606) to work on /home/airflow/.local/lib/python3.12/site-packages/airflow/example_dags/example_branch_day_of_week_operator.py
[2024-11-25T19:31:15.483+0000] {processor.py:914} INFO - Processing file /home/airflow/.local/lib/python3.12/site-packages/airflow/example_dags/example_branch_day_of_week_operator.py for tasks to queue
[2024-11-25T19:31:15.484+0000] {logging_mixin.py:190} INFO - [2024-11-25T19:31:15.484+0000] {dagbag.py:588} INFO - Filling up the DagBag from /home/airflow/.local/lib/python3.12/site-packages/airflow/example_dags/example_branch_day_of_week_operator.py
[2024-11-25T19:31:15.501+0000] {processor.py:925} INFO - DAG(s) 'example_weekday_branch_operator' retrieved from /home/airflow/.local/lib/python3.12/site-packages/airflow/example_dags/example_branch_day_of_week_operator.py
[2024-11-25T19:31:15.528+0000] {logging_mixin.py:190} INFO - [2024-11-25T19:31:15.528+0000] {dag.py:3239} INFO - Sync 1 DAGs
[2024-11-25T19:31:15.564+0000] {logging_mixin.py:190} INFO - [2024-11-25T19:31:15.563+0000] {dag.py:4180} INFO - Setting next_dagrun for example_weekday_branch_operator to 2024-11-24 00:00:00+00:00, run_after=2024-11-25 00:00:00+00:00
[2024-11-25T19:31:15.618+0000] {processor.py:208} INFO - Processing /home/airflow/.local/lib/python3.12/site-packages/airflow/example_dags/example_branch_day_of_week_operator.py took 0.146 seconds
[2024-11-25T19:31:56.842+0000] {processor.py:186} INFO - Started process (PID=1687) to work on /home/airflow/.local/lib/python3.12/site-packages/airflow/example_dags/example_branch_day_of_week_operator.py
[2024-11-25T19:31:56.844+0000] {processor.py:914} INFO - Processing file /home/airflow/.local/lib/python3.12/site-packages/airflow/example_dags/example_branch_day_of_week_operator.py for tasks to queue
[2024-11-25T19:31:56.845+0000] {logging_mixin.py:190} INFO - [2024-11-25T19:31:56.845+0000] {dagbag.py:588} INFO - Filling up the DagBag from /home/airflow/.local/lib/python3.12/site-packages/airflow/example_dags/example_branch_day_of_week_operator.py
[2024-11-25T19:31:56.856+0000] {processor.py:925} INFO - DAG(s) 'example_weekday_branch_operator' retrieved from /home/airflow/.local/lib/python3.12/site-packages/airflow/example_dags/example_branch_day_of_week_operator.py
[2024-11-25T19:31:56.884+0000] {logging_mixin.py:190} INFO - [2024-11-25T19:31:56.884+0000] {dag.py:3239} INFO - Sync 1 DAGs
[2024-11-25T19:31:56.917+0000] {logging_mixin.py:190} INFO - [2024-11-25T19:31:56.916+0000] {dag.py:4180} INFO - Setting next_dagrun for example_weekday_branch_operator to 2024-11-24 00:00:00+00:00, run_after=2024-11-25 00:00:00+00:00
[2024-11-25T19:31:57.007+0000] {processor.py:208} INFO - Processing /home/airflow/.local/lib/python3.12/site-packages/airflow/example_dags/example_branch_day_of_week_operator.py took 0.172 seconds
[2024-11-25T19:33:05.926+0000] {processor.py:186} INFO - Started process (PID=1783) to work on /home/airflow/.local/lib/python3.12/site-packages/airflow/example_dags/example_branch_day_of_week_operator.py
[2024-11-25T19:33:05.928+0000] {processor.py:914} INFO - Processing file /home/airflow/.local/lib/python3.12/site-packages/airflow/example_dags/example_branch_day_of_week_operator.py for tasks to queue
[2024-11-25T19:33:05.929+0000] {logging_mixin.py:190} INFO - [2024-11-25T19:33:05.929+0000] {dagbag.py:588} INFO - Filling up the DagBag from /home/airflow/.local/lib/python3.12/site-packages/airflow/example_dags/example_branch_day_of_week_operator.py
[2024-11-25T19:33:05.939+0000] {processor.py:925} INFO - DAG(s) 'example_weekday_branch_operator' retrieved from /home/airflow/.local/lib/python3.12/site-packages/airflow/example_dags/example_branch_day_of_week_operator.py
[2024-11-25T19:33:05.963+0000] {logging_mixin.py:190} INFO - [2024-11-25T19:33:05.963+0000] {dag.py:3239} INFO - Sync 1 DAGs
[2024-11-25T19:33:05.992+0000] {logging_mixin.py:190} INFO - [2024-11-25T19:33:05.992+0000] {dag.py:4180} INFO - Setting next_dagrun for example_weekday_branch_operator to 2024-11-24 00:00:00+00:00, run_after=2024-11-25 00:00:00+00:00
[2024-11-25T19:33:06.048+0000] {processor.py:208} INFO - Processing /home/airflow/.local/lib/python3.12/site-packages/airflow/example_dags/example_branch_day_of_week_operator.py took 0.129 seconds
[2024-11-25T19:33:37.897+0000] {processor.py:186} INFO - Started process (PID=1856) to work on /home/airflow/.local/lib/python3.12/site-packages/airflow/example_dags/example_branch_day_of_week_operator.py
[2024-11-25T19:33:37.898+0000] {processor.py:914} INFO - Processing file /home/airflow/.local/lib/python3.12/site-packages/airflow/example_dags/example_branch_day_of_week_operator.py for tasks to queue
[2024-11-25T19:33:37.900+0000] {logging_mixin.py:190} INFO - [2024-11-25T19:33:37.900+0000] {dagbag.py:588} INFO - Filling up the DagBag from /home/airflow/.local/lib/python3.12/site-packages/airflow/example_dags/example_branch_day_of_week_operator.py
[2024-11-25T19:33:37.911+0000] {processor.py:925} INFO - DAG(s) 'example_weekday_branch_operator' retrieved from /home/airflow/.local/lib/python3.12/site-packages/airflow/example_dags/example_branch_day_of_week_operator.py
[2024-11-25T19:33:37.935+0000] {logging_mixin.py:190} INFO - [2024-11-25T19:33:37.935+0000] {dag.py:3239} INFO - Sync 1 DAGs
[2024-11-25T19:33:37.965+0000] {logging_mixin.py:190} INFO - [2024-11-25T19:33:37.965+0000] {dag.py:4180} INFO - Setting next_dagrun for example_weekday_branch_operator to 2024-11-24 00:00:00+00:00, run_after=2024-11-25 00:00:00+00:00
[2024-11-25T19:33:38.021+0000] {processor.py:208} INFO - Processing /home/airflow/.local/lib/python3.12/site-packages/airflow/example_dags/example_branch_day_of_week_operator.py took 0.131 seconds
[2024-11-25T19:34:17.614+0000] {processor.py:186} INFO - Started process (PID=1943) to work on /home/airflow/.local/lib/python3.12/site-packages/airflow/example_dags/example_branch_day_of_week_operator.py
[2024-11-25T19:34:17.615+0000] {processor.py:914} INFO - Processing file /home/airflow/.local/lib/python3.12/site-packages/airflow/example_dags/example_branch_day_of_week_operator.py for tasks to queue
[2024-11-25T19:34:17.616+0000] {logging_mixin.py:190} INFO - [2024-11-25T19:34:17.616+0000] {dagbag.py:588} INFO - Filling up the DagBag from /home/airflow/.local/lib/python3.12/site-packages/airflow/example_dags/example_branch_day_of_week_operator.py
[2024-11-25T19:34:17.626+0000] {processor.py:925} INFO - DAG(s) 'example_weekday_branch_operator' retrieved from /home/airflow/.local/lib/python3.12/site-packages/airflow/example_dags/example_branch_day_of_week_operator.py
[2024-11-25T19:34:17.648+0000] {logging_mixin.py:190} INFO - [2024-11-25T19:34:17.647+0000] {dag.py:3239} INFO - Sync 1 DAGs
[2024-11-25T19:34:17.673+0000] {logging_mixin.py:190} INFO - [2024-11-25T19:34:17.672+0000] {dag.py:4180} INFO - Setting next_dagrun for example_weekday_branch_operator to 2024-11-24 00:00:00+00:00, run_after=2024-11-25 00:00:00+00:00
[2024-11-25T19:34:17.764+0000] {processor.py:208} INFO - Processing /home/airflow/.local/lib/python3.12/site-packages/airflow/example_dags/example_branch_day_of_week_operator.py took 0.156 seconds
[2024-11-25T19:34:56.289+0000] {processor.py:186} INFO - Started process (PID=2024) to work on /home/airflow/.local/lib/python3.12/site-packages/airflow/example_dags/example_branch_day_of_week_operator.py
[2024-11-25T19:34:56.290+0000] {processor.py:914} INFO - Processing file /home/airflow/.local/lib/python3.12/site-packages/airflow/example_dags/example_branch_day_of_week_operator.py for tasks to queue
[2024-11-25T19:34:56.292+0000] {logging_mixin.py:190} INFO - [2024-11-25T19:34:56.292+0000] {dagbag.py:588} INFO - Filling up the DagBag from /home/airflow/.local/lib/python3.12/site-packages/airflow/example_dags/example_branch_day_of_week_operator.py
[2024-11-25T19:34:56.303+0000] {processor.py:925} INFO - DAG(s) 'example_weekday_branch_operator' retrieved from /home/airflow/.local/lib/python3.12/site-packages/airflow/example_dags/example_branch_day_of_week_operator.py
[2024-11-25T19:34:56.331+0000] {logging_mixin.py:190} INFO - [2024-11-25T19:34:56.330+0000] {dag.py:3239} INFO - Sync 1 DAGs
[2024-11-25T19:34:56.367+0000] {logging_mixin.py:190} INFO - [2024-11-25T19:34:56.367+0000] {dag.py:4180} INFO - Setting next_dagrun for example_weekday_branch_operator to 2024-11-24 00:00:00+00:00, run_after=2024-11-25 00:00:00+00:00
[2024-11-25T19:34:56.629+0000] {processor.py:208} INFO - Processing /home/airflow/.local/lib/python3.12/site-packages/airflow/example_dags/example_branch_day_of_week_operator.py took 0.347 seconds
[2024-11-25T19:35:38.225+0000] {processor.py:186} INFO - Started process (PID=2105) to work on /home/airflow/.local/lib/python3.12/site-packages/airflow/example_dags/example_branch_day_of_week_operator.py
[2024-11-25T19:35:38.226+0000] {processor.py:914} INFO - Processing file /home/airflow/.local/lib/python3.12/site-packages/airflow/example_dags/example_branch_day_of_week_operator.py for tasks to queue
[2024-11-25T19:35:38.228+0000] {logging_mixin.py:190} INFO - [2024-11-25T19:35:38.227+0000] {dagbag.py:588} INFO - Filling up the DagBag from /home/airflow/.local/lib/python3.12/site-packages/airflow/example_dags/example_branch_day_of_week_operator.py
[2024-11-25T19:35:38.239+0000] {processor.py:925} INFO - DAG(s) 'example_weekday_branch_operator' retrieved from /home/airflow/.local/lib/python3.12/site-packages/airflow/example_dags/example_branch_day_of_week_operator.py
[2024-11-25T19:35:38.263+0000] {logging_mixin.py:190} INFO - [2024-11-25T19:35:38.263+0000] {dag.py:3239} INFO - Sync 1 DAGs
[2024-11-25T19:35:38.290+0000] {logging_mixin.py:190} INFO - [2024-11-25T19:35:38.290+0000] {dag.py:4180} INFO - Setting next_dagrun for example_weekday_branch_operator to 2024-11-24 00:00:00+00:00, run_after=2024-11-25 00:00:00+00:00
[2024-11-25T19:35:38.478+0000] {processor.py:208} INFO - Processing /home/airflow/.local/lib/python3.12/site-packages/airflow/example_dags/example_branch_day_of_week_operator.py took 0.261 seconds
[2024-11-25T19:36:19.189+0000] {processor.py:186} INFO - Started process (PID=2192) to work on /home/airflow/.local/lib/python3.12/site-packages/airflow/example_dags/example_branch_day_of_week_operator.py
[2024-11-25T19:36:19.190+0000] {processor.py:914} INFO - Processing file /home/airflow/.local/lib/python3.12/site-packages/airflow/example_dags/example_branch_day_of_week_operator.py for tasks to queue
[2024-11-25T19:36:19.192+0000] {logging_mixin.py:190} INFO - [2024-11-25T19:36:19.191+0000] {dagbag.py:588} INFO - Filling up the DagBag from /home/airflow/.local/lib/python3.12/site-packages/airflow/example_dags/example_branch_day_of_week_operator.py
[2024-11-25T19:36:19.208+0000] {processor.py:925} INFO - DAG(s) 'example_weekday_branch_operator' retrieved from /home/airflow/.local/lib/python3.12/site-packages/airflow/example_dags/example_branch_day_of_week_operator.py
[2024-11-25T19:36:19.236+0000] {logging_mixin.py:190} INFO - [2024-11-25T19:36:19.235+0000] {dag.py:3239} INFO - Sync 1 DAGs
[2024-11-25T19:36:19.265+0000] {logging_mixin.py:190} INFO - [2024-11-25T19:36:19.264+0000] {dag.py:4180} INFO - Setting next_dagrun for example_weekday_branch_operator to 2024-11-24 00:00:00+00:00, run_after=2024-11-25 00:00:00+00:00
[2024-11-25T19:36:19.341+0000] {processor.py:208} INFO - Processing /home/airflow/.local/lib/python3.12/site-packages/airflow/example_dags/example_branch_day_of_week_operator.py took 0.158 seconds
[2024-11-25T19:36:57.920+0000] {processor.py:186} INFO - Started process (PID=2273) to work on /home/airflow/.local/lib/python3.12/site-packages/airflow/example_dags/example_branch_day_of_week_operator.py
[2024-11-25T19:36:57.921+0000] {processor.py:914} INFO - Processing file /home/airflow/.local/lib/python3.12/site-packages/airflow/example_dags/example_branch_day_of_week_operator.py for tasks to queue
[2024-11-25T19:36:57.923+0000] {logging_mixin.py:190} INFO - [2024-11-25T19:36:57.923+0000] {dagbag.py:588} INFO - Filling up the DagBag from /home/airflow/.local/lib/python3.12/site-packages/airflow/example_dags/example_branch_day_of_week_operator.py
[2024-11-25T19:36:57.938+0000] {processor.py:925} INFO - DAG(s) 'example_weekday_branch_operator' retrieved from /home/airflow/.local/lib/python3.12/site-packages/airflow/example_dags/example_branch_day_of_week_operator.py
[2024-11-25T19:36:57.965+0000] {logging_mixin.py:190} INFO - [2024-11-25T19:36:57.965+0000] {dag.py:3239} INFO - Sync 1 DAGs
[2024-11-25T19:36:57.999+0000] {logging_mixin.py:190} INFO - [2024-11-25T19:36:57.998+0000] {dag.py:4180} INFO - Setting next_dagrun for example_weekday_branch_operator to 2024-11-24 00:00:00+00:00, run_after=2024-11-25 00:00:00+00:00
[2024-11-25T19:36:58.063+0000] {processor.py:208} INFO - Processing /home/airflow/.local/lib/python3.12/site-packages/airflow/example_dags/example_branch_day_of_week_operator.py took 0.152 seconds
