[2024-11-19T19:21:22.421+0000] {local_task_job_runner.py:123} INFO - ::group::Pre task execution logs
[2024-11-19T19:21:22.443+0000] {taskinstance.py:2613} INFO - Dependencies all met for dep_context=non-requeueable deps ti=<TaskInstance: upload_to_google_sheets_dag.upload_train_data manual__2024-11-19T19:20:52.104879+00:00 [queued]>
[2024-11-19T19:21:22.456+0000] {taskinstance.py:2613} INFO - Dependencies all met for dep_context=requeueable deps ti=<TaskInstance: upload_to_google_sheets_dag.upload_train_data manual__2024-11-19T19:20:52.104879+00:00 [queued]>
[2024-11-19T19:21:22.456+0000] {taskinstance.py:2866} INFO - Starting attempt 1 of 2
[2024-11-19T19:21:22.519+0000] {taskinstance.py:2889} INFO - Executing <Task(PythonOperator): upload_train_data> on 2024-11-19 19:20:52.104879+00:00
[2024-11-19T19:21:22.529+0000] {warnings.py:112} WARNING - /home/***/.local/lib/python3.12/site-packages/***/task/task_runner/standard_task_runner.py:70: DeprecationWarning: This process (pid=1494) is multi-threaded, use of fork() may lead to deadlocks in the child.
  pid = os.fork()

[2024-11-19T19:21:22.532+0000] {standard_task_runner.py:72} INFO - Started process 1514 to run task
[2024-11-19T19:21:22.532+0000] {standard_task_runner.py:104} INFO - Running: ['***', 'tasks', 'run', 'upload_to_google_sheets_dag', 'upload_train_data', 'manual__2024-11-19T19:20:52.104879+00:00', '--job-id', '62', '--raw', '--subdir', 'DAGS_FOLDER/Zad3.py', '--cfg-path', '/tmp/tmpboiiigis']
[2024-11-19T19:21:22.533+0000] {standard_task_runner.py:105} INFO - Job 62: Subtask upload_train_data
[2024-11-19T19:21:22.640+0000] {task_command.py:467} INFO - Running <TaskInstance: upload_to_google_sheets_dag.upload_train_data manual__2024-11-19T19:20:52.104879+00:00 [running]> on host 5dfac9e274c2
[2024-11-19T19:21:22.875+0000] {taskinstance.py:3132} INFO - Exporting env vars: AIRFLOW_CTX_DAG_OWNER='***' AIRFLOW_CTX_DAG_ID='upload_to_google_sheets_dag' AIRFLOW_CTX_TASK_ID='upload_train_data' AIRFLOW_CTX_EXECUTION_DATE='2024-11-19T19:20:52.104879+00:00' AIRFLOW_CTX_TRY_NUMBER='1' AIRFLOW_CTX_DAG_RUN_ID='manual__2024-11-19T19:20:52.104879+00:00'
[2024-11-19T19:21:22.877+0000] {logging_mixin.py:190} INFO - Task instance is in running state
[2024-11-19T19:21:22.878+0000] {logging_mixin.py:190} INFO -  Previous state of the Task instance: queued
[2024-11-19T19:21:22.878+0000] {logging_mixin.py:190} INFO - Current task name:upload_train_data state:running start_date:2024-11-19 19:21:22.444562+00:00
[2024-11-19T19:21:22.879+0000] {logging_mixin.py:190} INFO - Dag name:upload_to_google_sheets_dag and current dag run status:running
[2024-11-19T19:21:22.879+0000] {taskinstance.py:731} INFO - ::endgroup::
[2024-11-19T19:21:22.882+0000] {Zad3.py:24} INFO - Zapis danych do Google Sheets: Train Data...
[2024-11-19T19:21:23.853+0000] {Zad3.py:47} ERROR - Błąd podczas zapisu danych. Kod odpowiedzi: 401, Treść: {
  "error": {
    "code": 401,
    "message": "API keys are not supported by this API. Expected OAuth2 access token or other authentication credentials that assert a principal. See https://cloud.google.com/docs/authentication",
    "status": "UNAUTHENTICATED",
    "details": [
      {
        "@type": "type.googleapis.com/google.rpc.ErrorInfo",
        "reason": "CREDENTIALS_MISSING",
        "domain": "googleapis.com",
        "metadata": {
          "method": "google.apps.sheets.v4.SpreadsheetsService.AppendValues",
          "service": "sheets.googleapis.com"
        }
      }
    ]
  }
}

[2024-11-19T19:21:23.854+0000] {python.py:240} INFO - Done. Returned value was: None
[2024-11-19T19:21:23.869+0000] {taskinstance.py:340} INFO - ::group::Post task execution logs
[2024-11-19T19:21:23.870+0000] {taskinstance.py:352} INFO - Marking task as SUCCESS. dag_id=upload_to_google_sheets_dag, task_id=upload_train_data, run_id=manual__2024-11-19T19:20:52.104879+00:00, execution_date=20241119T192052, start_date=20241119T192122, end_date=20241119T192123
[2024-11-19T19:21:24.262+0000] {logging_mixin.py:190} INFO - Task instance in success state
[2024-11-19T19:21:24.264+0000] {logging_mixin.py:190} INFO -  Previous state of the Task instance: running
[2024-11-19T19:21:24.265+0000] {logging_mixin.py:190} INFO - Dag name:upload_to_google_sheets_dag queued_at:2024-11-19 19:20:52.121843+00:00
[2024-11-19T19:21:24.266+0000] {logging_mixin.py:190} INFO - Task hostname:5dfac9e274c2 operator:PythonOperator
[2024-11-19T19:21:24.315+0000] {local_task_job_runner.py:266} INFO - Task exited with return code 0
[2024-11-19T19:21:24.340+0000] {taskinstance.py:3895} INFO - 0 downstream tasks scheduled from follow-on schedule check
[2024-11-19T19:21:24.414+0000] {local_task_job_runner.py:245} INFO - ::endgroup::
