[2024-11-19T17:41:59.987+0000] {processor.py:186} INFO - Started process (PID=159) to work on /home/airflow/.local/lib/python3.12/site-packages/airflow/example_dags/example_subdag_operator.py
[2024-11-19T17:41:59.988+0000] {processor.py:914} INFO - Processing file /home/airflow/.local/lib/python3.12/site-packages/airflow/example_dags/example_subdag_operator.py for tasks to queue
[2024-11-19T17:41:59.992+0000] {logging_mixin.py:190} INFO - [2024-11-19T17:41:59.991+0000] {dagbag.py:588} INFO - Filling up the DagBag from /home/airflow/.local/lib/python3.12/site-packages/airflow/example_dags/example_subdag_operator.py
[2024-11-19T17:42:00.067+0000] {processor.py:925} INFO - DAG(s) 'example_subdag_operator.section-1', 'example_subdag_operator.section-2', 'example_subdag_operator' retrieved from /home/airflow/.local/lib/python3.12/site-packages/airflow/example_dags/example_subdag_operator.py
[2024-11-19T17:42:00.090+0000] {logging_mixin.py:190} INFO - [2024-11-19T17:42:00.090+0000] {dag.py:3239} INFO - Sync 3 DAGs
[2024-11-19T17:42:00.121+0000] {logging_mixin.py:190} INFO - [2024-11-19T17:42:00.120+0000] {dag.py:4180} INFO - Setting next_dagrun for example_subdag_operator to 2022-01-01 00:00:00+00:00, run_after=2022-01-01 00:00:00+00:00
[2024-11-19T17:42:00.126+0000] {logging_mixin.py:190} INFO - [2024-11-19T17:42:00.126+0000] {dag.py:4180} INFO - Setting next_dagrun for example_subdag_operator.section-1 to None, run_after=None
[2024-11-19T17:42:00.128+0000] {logging_mixin.py:190} INFO - [2024-11-19T17:42:00.128+0000] {dag.py:4180} INFO - Setting next_dagrun for example_subdag_operator.section-2 to None, run_after=None
[2024-11-19T17:42:00.138+0000] {logging_mixin.py:190} INFO - [2024-11-19T17:42:00.138+0000] {dag.py:3239} INFO - Sync 2 DAGs
[2024-11-19T17:42:00.146+0000] {logging_mixin.py:190} INFO - [2024-11-19T17:42:00.146+0000] {dag.py:4180} INFO - Setting next_dagrun for example_subdag_operator.section-1 to None, run_after=None
[2024-11-19T17:42:00.147+0000] {logging_mixin.py:190} INFO - [2024-11-19T17:42:00.147+0000] {dag.py:4180} INFO - Setting next_dagrun for example_subdag_operator.section-2 to None, run_after=None
[2024-11-19T17:42:00.201+0000] {processor.py:208} INFO - Processing /home/airflow/.local/lib/python3.12/site-packages/airflow/example_dags/example_subdag_operator.py took 0.222 seconds
[2024-11-19T17:43:35.526+0000] {processor.py:186} INFO - Started process (PID=119) to work on /home/airflow/.local/lib/python3.12/site-packages/airflow/example_dags/example_subdag_operator.py
[2024-11-19T17:43:35.528+0000] {processor.py:914} INFO - Processing file /home/airflow/.local/lib/python3.12/site-packages/airflow/example_dags/example_subdag_operator.py for tasks to queue
[2024-11-19T17:43:35.531+0000] {logging_mixin.py:190} INFO - [2024-11-19T17:43:35.530+0000] {dagbag.py:588} INFO - Filling up the DagBag from /home/airflow/.local/lib/python3.12/site-packages/airflow/example_dags/example_subdag_operator.py
[2024-11-19T17:43:35.563+0000] {processor.py:925} INFO - DAG(s) 'example_subdag_operator.section-1', 'example_subdag_operator.section-2', 'example_subdag_operator' retrieved from /home/airflow/.local/lib/python3.12/site-packages/airflow/example_dags/example_subdag_operator.py
[2024-11-19T17:43:35.582+0000] {logging_mixin.py:190} INFO - [2024-11-19T17:43:35.582+0000] {dag.py:3239} INFO - Sync 3 DAGs
[2024-11-19T17:43:35.610+0000] {logging_mixin.py:190} INFO - [2024-11-19T17:43:35.609+0000] {dag.py:4180} INFO - Setting next_dagrun for example_subdag_operator to 2022-01-01 00:00:00+00:00, run_after=2022-01-01 00:00:00+00:00
[2024-11-19T17:43:35.614+0000] {logging_mixin.py:190} INFO - [2024-11-19T17:43:35.614+0000] {dag.py:4180} INFO - Setting next_dagrun for example_subdag_operator.section-1 to None, run_after=None
[2024-11-19T17:43:35.616+0000] {logging_mixin.py:190} INFO - [2024-11-19T17:43:35.616+0000] {dag.py:4180} INFO - Setting next_dagrun for example_subdag_operator.section-2 to None, run_after=None
[2024-11-19T17:43:35.626+0000] {logging_mixin.py:190} INFO - [2024-11-19T17:43:35.625+0000] {dag.py:3239} INFO - Sync 2 DAGs
[2024-11-19T17:43:35.633+0000] {logging_mixin.py:190} INFO - [2024-11-19T17:43:35.632+0000] {dag.py:4180} INFO - Setting next_dagrun for example_subdag_operator.section-1 to None, run_after=None
[2024-11-19T17:43:35.633+0000] {logging_mixin.py:190} INFO - [2024-11-19T17:43:35.633+0000] {dag.py:4180} INFO - Setting next_dagrun for example_subdag_operator.section-2 to None, run_after=None
[2024-11-19T17:43:35.713+0000] {processor.py:208} INFO - Processing /home/airflow/.local/lib/python3.12/site-packages/airflow/example_dags/example_subdag_operator.py took 0.195 seconds
[2024-11-19T17:44:06.554+0000] {processor.py:186} INFO - Started process (PID=189) to work on /home/airflow/.local/lib/python3.12/site-packages/airflow/example_dags/example_subdag_operator.py
[2024-11-19T17:44:06.556+0000] {processor.py:914} INFO - Processing file /home/airflow/.local/lib/python3.12/site-packages/airflow/example_dags/example_subdag_operator.py for tasks to queue
[2024-11-19T17:44:06.558+0000] {logging_mixin.py:190} INFO - [2024-11-19T17:44:06.558+0000] {dagbag.py:588} INFO - Filling up the DagBag from /home/airflow/.local/lib/python3.12/site-packages/airflow/example_dags/example_subdag_operator.py
[2024-11-19T17:44:06.589+0000] {processor.py:925} INFO - DAG(s) 'example_subdag_operator.section-1', 'example_subdag_operator.section-2', 'example_subdag_operator' retrieved from /home/airflow/.local/lib/python3.12/site-packages/airflow/example_dags/example_subdag_operator.py
[2024-11-19T17:44:06.610+0000] {logging_mixin.py:190} INFO - [2024-11-19T17:44:06.610+0000] {dag.py:3239} INFO - Sync 3 DAGs
[2024-11-19T17:44:06.641+0000] {logging_mixin.py:190} INFO - [2024-11-19T17:44:06.641+0000] {dag.py:4180} INFO - Setting next_dagrun for example_subdag_operator to 2022-01-01 00:00:00+00:00, run_after=2022-01-01 00:00:00+00:00
[2024-11-19T17:44:06.645+0000] {logging_mixin.py:190} INFO - [2024-11-19T17:44:06.645+0000] {dag.py:4180} INFO - Setting next_dagrun for example_subdag_operator.section-1 to None, run_after=None
[2024-11-19T17:44:06.648+0000] {logging_mixin.py:190} INFO - [2024-11-19T17:44:06.647+0000] {dag.py:4180} INFO - Setting next_dagrun for example_subdag_operator.section-2 to None, run_after=None
[2024-11-19T17:44:06.657+0000] {logging_mixin.py:190} INFO - [2024-11-19T17:44:06.657+0000] {dag.py:3239} INFO - Sync 2 DAGs
[2024-11-19T17:44:06.666+0000] {logging_mixin.py:190} INFO - [2024-11-19T17:44:06.665+0000] {dag.py:4180} INFO - Setting next_dagrun for example_subdag_operator.section-1 to None, run_after=None
[2024-11-19T17:44:06.666+0000] {logging_mixin.py:190} INFO - [2024-11-19T17:44:06.666+0000] {dag.py:4180} INFO - Setting next_dagrun for example_subdag_operator.section-2 to None, run_after=None
[2024-11-19T17:44:06.717+0000] {processor.py:208} INFO - Processing /home/airflow/.local/lib/python3.12/site-packages/airflow/example_dags/example_subdag_operator.py took 0.171 seconds
[2024-11-19T17:44:38.159+0000] {processor.py:186} INFO - Started process (PID=260) to work on /home/airflow/.local/lib/python3.12/site-packages/airflow/example_dags/example_subdag_operator.py
[2024-11-19T17:44:38.160+0000] {processor.py:914} INFO - Processing file /home/airflow/.local/lib/python3.12/site-packages/airflow/example_dags/example_subdag_operator.py for tasks to queue
[2024-11-19T17:44:38.165+0000] {logging_mixin.py:190} INFO - [2024-11-19T17:44:38.164+0000] {dagbag.py:588} INFO - Filling up the DagBag from /home/airflow/.local/lib/python3.12/site-packages/airflow/example_dags/example_subdag_operator.py
[2024-11-19T17:44:38.198+0000] {processor.py:925} INFO - DAG(s) 'example_subdag_operator.section-1', 'example_subdag_operator.section-2', 'example_subdag_operator' retrieved from /home/airflow/.local/lib/python3.12/site-packages/airflow/example_dags/example_subdag_operator.py
[2024-11-19T17:44:38.220+0000] {logging_mixin.py:190} INFO - [2024-11-19T17:44:38.220+0000] {dag.py:3239} INFO - Sync 3 DAGs
[2024-11-19T17:44:38.250+0000] {logging_mixin.py:190} INFO - [2024-11-19T17:44:38.249+0000] {dag.py:4180} INFO - Setting next_dagrun for example_subdag_operator to 2022-01-01 00:00:00+00:00, run_after=2022-01-01 00:00:00+00:00
[2024-11-19T17:44:38.255+0000] {logging_mixin.py:190} INFO - [2024-11-19T17:44:38.254+0000] {dag.py:4180} INFO - Setting next_dagrun for example_subdag_operator.section-1 to None, run_after=None
[2024-11-19T17:44:38.257+0000] {logging_mixin.py:190} INFO - [2024-11-19T17:44:38.257+0000] {dag.py:4180} INFO - Setting next_dagrun for example_subdag_operator.section-2 to None, run_after=None
[2024-11-19T17:44:38.268+0000] {logging_mixin.py:190} INFO - [2024-11-19T17:44:38.267+0000] {dag.py:3239} INFO - Sync 2 DAGs
[2024-11-19T17:44:38.276+0000] {logging_mixin.py:190} INFO - [2024-11-19T17:44:38.276+0000] {dag.py:4180} INFO - Setting next_dagrun for example_subdag_operator.section-1 to None, run_after=None
[2024-11-19T17:44:38.277+0000] {logging_mixin.py:190} INFO - [2024-11-19T17:44:38.277+0000] {dag.py:4180} INFO - Setting next_dagrun for example_subdag_operator.section-2 to None, run_after=None
[2024-11-19T17:44:38.318+0000] {processor.py:208} INFO - Processing /home/airflow/.local/lib/python3.12/site-packages/airflow/example_dags/example_subdag_operator.py took 0.168 seconds
[2024-11-19T17:45:09.575+0000] {processor.py:186} INFO - Started process (PID=331) to work on /home/airflow/.local/lib/python3.12/site-packages/airflow/example_dags/example_subdag_operator.py
[2024-11-19T17:45:09.576+0000] {processor.py:914} INFO - Processing file /home/airflow/.local/lib/python3.12/site-packages/airflow/example_dags/example_subdag_operator.py for tasks to queue
[2024-11-19T17:45:09.579+0000] {logging_mixin.py:190} INFO - [2024-11-19T17:45:09.579+0000] {dagbag.py:588} INFO - Filling up the DagBag from /home/airflow/.local/lib/python3.12/site-packages/airflow/example_dags/example_subdag_operator.py
[2024-11-19T17:45:09.610+0000] {processor.py:925} INFO - DAG(s) 'example_subdag_operator.section-1', 'example_subdag_operator.section-2', 'example_subdag_operator' retrieved from /home/airflow/.local/lib/python3.12/site-packages/airflow/example_dags/example_subdag_operator.py
[2024-11-19T17:45:09.629+0000] {logging_mixin.py:190} INFO - [2024-11-19T17:45:09.629+0000] {dag.py:3239} INFO - Sync 3 DAGs
[2024-11-19T17:45:09.658+0000] {logging_mixin.py:190} INFO - [2024-11-19T17:45:09.657+0000] {dag.py:4180} INFO - Setting next_dagrun for example_subdag_operator to 2022-01-01 00:00:00+00:00, run_after=2022-01-01 00:00:00+00:00
[2024-11-19T17:45:09.663+0000] {logging_mixin.py:190} INFO - [2024-11-19T17:45:09.662+0000] {dag.py:4180} INFO - Setting next_dagrun for example_subdag_operator.section-1 to None, run_after=None
[2024-11-19T17:45:09.666+0000] {logging_mixin.py:190} INFO - [2024-11-19T17:45:09.666+0000] {dag.py:4180} INFO - Setting next_dagrun for example_subdag_operator.section-2 to None, run_after=None
[2024-11-19T17:45:09.676+0000] {logging_mixin.py:190} INFO - [2024-11-19T17:45:09.675+0000] {dag.py:3239} INFO - Sync 2 DAGs
[2024-11-19T17:45:09.684+0000] {logging_mixin.py:190} INFO - [2024-11-19T17:45:09.683+0000] {dag.py:4180} INFO - Setting next_dagrun for example_subdag_operator.section-1 to None, run_after=None
[2024-11-19T17:45:09.685+0000] {logging_mixin.py:190} INFO - [2024-11-19T17:45:09.685+0000] {dag.py:4180} INFO - Setting next_dagrun for example_subdag_operator.section-2 to None, run_after=None
[2024-11-19T17:45:09.737+0000] {processor.py:208} INFO - Processing /home/airflow/.local/lib/python3.12/site-packages/airflow/example_dags/example_subdag_operator.py took 0.169 seconds
[2024-11-19T17:45:45.269+0000] {processor.py:186} INFO - Started process (PID=409) to work on /home/airflow/.local/lib/python3.12/site-packages/airflow/example_dags/example_subdag_operator.py
[2024-11-19T17:45:45.272+0000] {processor.py:914} INFO - Processing file /home/airflow/.local/lib/python3.12/site-packages/airflow/example_dags/example_subdag_operator.py for tasks to queue
[2024-11-19T17:45:45.275+0000] {logging_mixin.py:190} INFO - [2024-11-19T17:45:45.275+0000] {dagbag.py:588} INFO - Filling up the DagBag from /home/airflow/.local/lib/python3.12/site-packages/airflow/example_dags/example_subdag_operator.py
[2024-11-19T17:45:45.311+0000] {processor.py:925} INFO - DAG(s) 'example_subdag_operator.section-1', 'example_subdag_operator.section-2', 'example_subdag_operator' retrieved from /home/airflow/.local/lib/python3.12/site-packages/airflow/example_dags/example_subdag_operator.py
[2024-11-19T17:45:45.334+0000] {logging_mixin.py:190} INFO - [2024-11-19T17:45:45.334+0000] {dag.py:3239} INFO - Sync 3 DAGs
[2024-11-19T17:45:45.366+0000] {logging_mixin.py:190} INFO - [2024-11-19T17:45:45.366+0000] {dag.py:4180} INFO - Setting next_dagrun for example_subdag_operator to 2022-01-01 00:00:00+00:00, run_after=2022-01-01 00:00:00+00:00
[2024-11-19T17:45:45.372+0000] {logging_mixin.py:190} INFO - [2024-11-19T17:45:45.371+0000] {dag.py:4180} INFO - Setting next_dagrun for example_subdag_operator.section-1 to None, run_after=None
[2024-11-19T17:45:45.374+0000] {logging_mixin.py:190} INFO - [2024-11-19T17:45:45.374+0000] {dag.py:4180} INFO - Setting next_dagrun for example_subdag_operator.section-2 to None, run_after=None
[2024-11-19T17:45:45.384+0000] {logging_mixin.py:190} INFO - [2024-11-19T17:45:45.384+0000] {dag.py:3239} INFO - Sync 2 DAGs
[2024-11-19T17:45:45.392+0000] {logging_mixin.py:190} INFO - [2024-11-19T17:45:45.391+0000] {dag.py:4180} INFO - Setting next_dagrun for example_subdag_operator.section-1 to None, run_after=None
[2024-11-19T17:45:45.393+0000] {logging_mixin.py:190} INFO - [2024-11-19T17:45:45.392+0000] {dag.py:4180} INFO - Setting next_dagrun for example_subdag_operator.section-2 to None, run_after=None
[2024-11-19T17:45:45.533+0000] {processor.py:208} INFO - Processing /home/airflow/.local/lib/python3.12/site-packages/airflow/example_dags/example_subdag_operator.py took 0.271 seconds
[2024-11-19T17:46:16.946+0000] {processor.py:186} INFO - Started process (PID=479) to work on /home/airflow/.local/lib/python3.12/site-packages/airflow/example_dags/example_subdag_operator.py
[2024-11-19T17:46:16.947+0000] {processor.py:914} INFO - Processing file /home/airflow/.local/lib/python3.12/site-packages/airflow/example_dags/example_subdag_operator.py for tasks to queue
[2024-11-19T17:46:16.950+0000] {logging_mixin.py:190} INFO - [2024-11-19T17:46:16.950+0000] {dagbag.py:588} INFO - Filling up the DagBag from /home/airflow/.local/lib/python3.12/site-packages/airflow/example_dags/example_subdag_operator.py
[2024-11-19T17:46:16.984+0000] {processor.py:925} INFO - DAG(s) 'example_subdag_operator.section-1', 'example_subdag_operator.section-2', 'example_subdag_operator' retrieved from /home/airflow/.local/lib/python3.12/site-packages/airflow/example_dags/example_subdag_operator.py
[2024-11-19T17:46:17.006+0000] {logging_mixin.py:190} INFO - [2024-11-19T17:46:17.006+0000] {dag.py:3239} INFO - Sync 3 DAGs
[2024-11-19T17:46:17.035+0000] {logging_mixin.py:190} INFO - [2024-11-19T17:46:17.035+0000] {dag.py:4180} INFO - Setting next_dagrun for example_subdag_operator to 2022-01-01 00:00:00+00:00, run_after=2022-01-01 00:00:00+00:00
[2024-11-19T17:46:17.040+0000] {logging_mixin.py:190} INFO - [2024-11-19T17:46:17.040+0000] {dag.py:4180} INFO - Setting next_dagrun for example_subdag_operator.section-1 to None, run_after=None
[2024-11-19T17:46:17.043+0000] {logging_mixin.py:190} INFO - [2024-11-19T17:46:17.042+0000] {dag.py:4180} INFO - Setting next_dagrun for example_subdag_operator.section-2 to None, run_after=None
[2024-11-19T17:46:17.052+0000] {logging_mixin.py:190} INFO - [2024-11-19T17:46:17.052+0000] {dag.py:3239} INFO - Sync 2 DAGs
[2024-11-19T17:46:17.060+0000] {logging_mixin.py:190} INFO - [2024-11-19T17:46:17.060+0000] {dag.py:4180} INFO - Setting next_dagrun for example_subdag_operator.section-1 to None, run_after=None
[2024-11-19T17:46:17.061+0000] {logging_mixin.py:190} INFO - [2024-11-19T17:46:17.061+0000] {dag.py:4180} INFO - Setting next_dagrun for example_subdag_operator.section-2 to None, run_after=None
[2024-11-19T17:46:17.102+0000] {processor.py:208} INFO - Processing /home/airflow/.local/lib/python3.12/site-packages/airflow/example_dags/example_subdag_operator.py took 0.163 seconds
[2024-11-19T17:46:47.632+0000] {processor.py:186} INFO - Started process (PID=551) to work on /home/airflow/.local/lib/python3.12/site-packages/airflow/example_dags/example_subdag_operator.py
[2024-11-19T17:46:47.634+0000] {processor.py:914} INFO - Processing file /home/airflow/.local/lib/python3.12/site-packages/airflow/example_dags/example_subdag_operator.py for tasks to queue
[2024-11-19T17:46:47.638+0000] {logging_mixin.py:190} INFO - [2024-11-19T17:46:47.638+0000] {dagbag.py:588} INFO - Filling up the DagBag from /home/airflow/.local/lib/python3.12/site-packages/airflow/example_dags/example_subdag_operator.py
[2024-11-19T17:46:47.671+0000] {processor.py:925} INFO - DAG(s) 'example_subdag_operator.section-1', 'example_subdag_operator.section-2', 'example_subdag_operator' retrieved from /home/airflow/.local/lib/python3.12/site-packages/airflow/example_dags/example_subdag_operator.py
[2024-11-19T17:46:47.692+0000] {logging_mixin.py:190} INFO - [2024-11-19T17:46:47.692+0000] {dag.py:3239} INFO - Sync 3 DAGs
[2024-11-19T17:46:47.720+0000] {logging_mixin.py:190} INFO - [2024-11-19T17:46:47.719+0000] {dag.py:4180} INFO - Setting next_dagrun for example_subdag_operator to 2022-01-01 00:00:00+00:00, run_after=2022-01-01 00:00:00+00:00
[2024-11-19T17:46:47.724+0000] {logging_mixin.py:190} INFO - [2024-11-19T17:46:47.724+0000] {dag.py:4180} INFO - Setting next_dagrun for example_subdag_operator.section-1 to None, run_after=None
[2024-11-19T17:46:47.726+0000] {logging_mixin.py:190} INFO - [2024-11-19T17:46:47.726+0000] {dag.py:4180} INFO - Setting next_dagrun for example_subdag_operator.section-2 to None, run_after=None
[2024-11-19T17:46:47.734+0000] {logging_mixin.py:190} INFO - [2024-11-19T17:46:47.734+0000] {dag.py:3239} INFO - Sync 2 DAGs
[2024-11-19T17:46:47.741+0000] {logging_mixin.py:190} INFO - [2024-11-19T17:46:47.741+0000] {dag.py:4180} INFO - Setting next_dagrun for example_subdag_operator.section-1 to None, run_after=None
[2024-11-19T17:46:47.742+0000] {logging_mixin.py:190} INFO - [2024-11-19T17:46:47.742+0000] {dag.py:4180} INFO - Setting next_dagrun for example_subdag_operator.section-2 to None, run_after=None
[2024-11-19T17:46:47.793+0000] {processor.py:208} INFO - Processing /home/airflow/.local/lib/python3.12/site-packages/airflow/example_dags/example_subdag_operator.py took 0.168 seconds
[2024-11-19T17:47:21.724+0000] {processor.py:186} INFO - Started process (PID=621) to work on /home/airflow/.local/lib/python3.12/site-packages/airflow/example_dags/example_subdag_operator.py
[2024-11-19T17:47:21.726+0000] {processor.py:914} INFO - Processing file /home/airflow/.local/lib/python3.12/site-packages/airflow/example_dags/example_subdag_operator.py for tasks to queue
[2024-11-19T17:47:21.731+0000] {logging_mixin.py:190} INFO - [2024-11-19T17:47:21.730+0000] {dagbag.py:588} INFO - Filling up the DagBag from /home/airflow/.local/lib/python3.12/site-packages/airflow/example_dags/example_subdag_operator.py
[2024-11-19T17:47:21.774+0000] {processor.py:925} INFO - DAG(s) 'example_subdag_operator.section-1', 'example_subdag_operator.section-2', 'example_subdag_operator' retrieved from /home/airflow/.local/lib/python3.12/site-packages/airflow/example_dags/example_subdag_operator.py
[2024-11-19T17:47:21.795+0000] {logging_mixin.py:190} INFO - [2024-11-19T17:47:21.795+0000] {dag.py:3239} INFO - Sync 3 DAGs
[2024-11-19T17:47:21.827+0000] {logging_mixin.py:190} INFO - [2024-11-19T17:47:21.827+0000] {dag.py:4180} INFO - Setting next_dagrun for example_subdag_operator to 2022-01-01 00:00:00+00:00, run_after=2022-01-01 00:00:00+00:00
[2024-11-19T17:47:21.832+0000] {logging_mixin.py:190} INFO - [2024-11-19T17:47:21.831+0000] {dag.py:4180} INFO - Setting next_dagrun for example_subdag_operator.section-1 to None, run_after=None
[2024-11-19T17:47:21.833+0000] {logging_mixin.py:190} INFO - [2024-11-19T17:47:21.833+0000] {dag.py:4180} INFO - Setting next_dagrun for example_subdag_operator.section-2 to None, run_after=None
[2024-11-19T17:47:21.841+0000] {logging_mixin.py:190} INFO - [2024-11-19T17:47:21.841+0000] {dag.py:3239} INFO - Sync 2 DAGs
[2024-11-19T17:47:21.847+0000] {logging_mixin.py:190} INFO - [2024-11-19T17:47:21.847+0000] {dag.py:4180} INFO - Setting next_dagrun for example_subdag_operator.section-1 to None, run_after=None
[2024-11-19T17:47:21.847+0000] {logging_mixin.py:190} INFO - [2024-11-19T17:47:21.847+0000] {dag.py:4180} INFO - Setting next_dagrun for example_subdag_operator.section-2 to None, run_after=None
[2024-11-19T17:47:21.901+0000] {processor.py:208} INFO - Processing /home/airflow/.local/lib/python3.12/site-packages/airflow/example_dags/example_subdag_operator.py took 0.192 seconds
[2024-11-19T17:47:57.599+0000] {processor.py:186} INFO - Started process (PID=699) to work on /home/airflow/.local/lib/python3.12/site-packages/airflow/example_dags/example_subdag_operator.py
[2024-11-19T17:47:57.600+0000] {processor.py:914} INFO - Processing file /home/airflow/.local/lib/python3.12/site-packages/airflow/example_dags/example_subdag_operator.py for tasks to queue
[2024-11-19T17:47:57.604+0000] {logging_mixin.py:190} INFO - [2024-11-19T17:47:57.603+0000] {dagbag.py:588} INFO - Filling up the DagBag from /home/airflow/.local/lib/python3.12/site-packages/airflow/example_dags/example_subdag_operator.py
[2024-11-19T17:47:57.660+0000] {processor.py:925} INFO - DAG(s) 'example_subdag_operator.section-1', 'example_subdag_operator.section-2', 'example_subdag_operator' retrieved from /home/airflow/.local/lib/python3.12/site-packages/airflow/example_dags/example_subdag_operator.py
[2024-11-19T17:47:57.683+0000] {logging_mixin.py:190} INFO - [2024-11-19T17:47:57.682+0000] {dag.py:3239} INFO - Sync 3 DAGs
[2024-11-19T17:47:57.719+0000] {logging_mixin.py:190} INFO - [2024-11-19T17:47:57.718+0000] {dag.py:4180} INFO - Setting next_dagrun for example_subdag_operator to 2022-01-01 00:00:00+00:00, run_after=2022-01-01 00:00:00+00:00
[2024-11-19T17:47:57.726+0000] {logging_mixin.py:190} INFO - [2024-11-19T17:47:57.725+0000] {dag.py:4180} INFO - Setting next_dagrun for example_subdag_operator.section-1 to None, run_after=None
[2024-11-19T17:47:57.728+0000] {logging_mixin.py:190} INFO - [2024-11-19T17:47:57.728+0000] {dag.py:4180} INFO - Setting next_dagrun for example_subdag_operator.section-2 to None, run_after=None
[2024-11-19T17:47:57.738+0000] {logging_mixin.py:190} INFO - [2024-11-19T17:47:57.738+0000] {dag.py:3239} INFO - Sync 2 DAGs
[2024-11-19T17:47:57.746+0000] {logging_mixin.py:190} INFO - [2024-11-19T17:47:57.746+0000] {dag.py:4180} INFO - Setting next_dagrun for example_subdag_operator.section-1 to None, run_after=None
[2024-11-19T17:47:57.747+0000] {logging_mixin.py:190} INFO - [2024-11-19T17:47:57.746+0000] {dag.py:4180} INFO - Setting next_dagrun for example_subdag_operator.section-2 to None, run_after=None
[2024-11-19T17:47:57.797+0000] {processor.py:208} INFO - Processing /home/airflow/.local/lib/python3.12/site-packages/airflow/example_dags/example_subdag_operator.py took 0.205 seconds
[2024-11-19T17:48:27.968+0000] {processor.py:186} INFO - Started process (PID=771) to work on /home/airflow/.local/lib/python3.12/site-packages/airflow/example_dags/example_subdag_operator.py
[2024-11-19T17:48:27.970+0000] {processor.py:914} INFO - Processing file /home/airflow/.local/lib/python3.12/site-packages/airflow/example_dags/example_subdag_operator.py for tasks to queue
[2024-11-19T17:48:27.974+0000] {logging_mixin.py:190} INFO - [2024-11-19T17:48:27.974+0000] {dagbag.py:588} INFO - Filling up the DagBag from /home/airflow/.local/lib/python3.12/site-packages/airflow/example_dags/example_subdag_operator.py
[2024-11-19T17:48:28.009+0000] {processor.py:925} INFO - DAG(s) 'example_subdag_operator.section-1', 'example_subdag_operator.section-2', 'example_subdag_operator' retrieved from /home/airflow/.local/lib/python3.12/site-packages/airflow/example_dags/example_subdag_operator.py
[2024-11-19T17:48:28.036+0000] {logging_mixin.py:190} INFO - [2024-11-19T17:48:28.035+0000] {dag.py:3239} INFO - Sync 3 DAGs
[2024-11-19T17:48:28.069+0000] {logging_mixin.py:190} INFO - [2024-11-19T17:48:28.069+0000] {dag.py:4180} INFO - Setting next_dagrun for example_subdag_operator to 2022-01-01 00:00:00+00:00, run_after=2022-01-01 00:00:00+00:00
[2024-11-19T17:48:28.075+0000] {logging_mixin.py:190} INFO - [2024-11-19T17:48:28.075+0000] {dag.py:4180} INFO - Setting next_dagrun for example_subdag_operator.section-1 to None, run_after=None
[2024-11-19T17:48:28.079+0000] {logging_mixin.py:190} INFO - [2024-11-19T17:48:28.078+0000] {dag.py:4180} INFO - Setting next_dagrun for example_subdag_operator.section-2 to None, run_after=None
[2024-11-19T17:48:28.088+0000] {logging_mixin.py:190} INFO - [2024-11-19T17:48:28.088+0000] {dag.py:3239} INFO - Sync 2 DAGs
[2024-11-19T17:48:28.096+0000] {logging_mixin.py:190} INFO - [2024-11-19T17:48:28.096+0000] {dag.py:4180} INFO - Setting next_dagrun for example_subdag_operator.section-1 to None, run_after=None
[2024-11-19T17:48:28.097+0000] {logging_mixin.py:190} INFO - [2024-11-19T17:48:28.097+0000] {dag.py:4180} INFO - Setting next_dagrun for example_subdag_operator.section-2 to None, run_after=None
[2024-11-19T17:48:28.207+0000] {processor.py:208} INFO - Processing /home/airflow/.local/lib/python3.12/site-packages/airflow/example_dags/example_subdag_operator.py took 0.246 seconds
[2024-11-19T17:49:00.248+0000] {processor.py:186} INFO - Started process (PID=849) to work on /home/airflow/.local/lib/python3.12/site-packages/airflow/example_dags/example_subdag_operator.py
[2024-11-19T17:49:00.249+0000] {processor.py:914} INFO - Processing file /home/airflow/.local/lib/python3.12/site-packages/airflow/example_dags/example_subdag_operator.py for tasks to queue
[2024-11-19T17:49:00.253+0000] {logging_mixin.py:190} INFO - [2024-11-19T17:49:00.253+0000] {dagbag.py:588} INFO - Filling up the DagBag from /home/airflow/.local/lib/python3.12/site-packages/airflow/example_dags/example_subdag_operator.py
[2024-11-19T17:49:00.303+0000] {processor.py:925} INFO - DAG(s) 'example_subdag_operator.section-1', 'example_subdag_operator.section-2', 'example_subdag_operator' retrieved from /home/airflow/.local/lib/python3.12/site-packages/airflow/example_dags/example_subdag_operator.py
[2024-11-19T17:49:00.331+0000] {logging_mixin.py:190} INFO - [2024-11-19T17:49:00.331+0000] {dag.py:3239} INFO - Sync 3 DAGs
[2024-11-19T17:49:00.382+0000] {logging_mixin.py:190} INFO - [2024-11-19T17:49:00.381+0000] {dag.py:4180} INFO - Setting next_dagrun for example_subdag_operator to 2022-01-01 00:00:00+00:00, run_after=2022-01-01 00:00:00+00:00
[2024-11-19T17:49:00.389+0000] {logging_mixin.py:190} INFO - [2024-11-19T17:49:00.389+0000] {dag.py:4180} INFO - Setting next_dagrun for example_subdag_operator.section-1 to None, run_after=None
[2024-11-19T17:49:00.392+0000] {logging_mixin.py:190} INFO - [2024-11-19T17:49:00.392+0000] {dag.py:4180} INFO - Setting next_dagrun for example_subdag_operator.section-2 to None, run_after=None
[2024-11-19T17:49:00.408+0000] {logging_mixin.py:190} INFO - [2024-11-19T17:49:00.408+0000] {dag.py:3239} INFO - Sync 2 DAGs
[2024-11-19T17:49:00.418+0000] {logging_mixin.py:190} INFO - [2024-11-19T17:49:00.417+0000] {dag.py:4180} INFO - Setting next_dagrun for example_subdag_operator.section-1 to None, run_after=None
[2024-11-19T17:49:00.419+0000] {logging_mixin.py:190} INFO - [2024-11-19T17:49:00.419+0000] {dag.py:4180} INFO - Setting next_dagrun for example_subdag_operator.section-2 to None, run_after=None
[2024-11-19T17:49:00.462+0000] {processor.py:208} INFO - Processing /home/airflow/.local/lib/python3.12/site-packages/airflow/example_dags/example_subdag_operator.py took 0.224 seconds
[2024-11-19T17:49:33.342+0000] {processor.py:186} INFO - Started process (PID=921) to work on /home/airflow/.local/lib/python3.12/site-packages/airflow/example_dags/example_subdag_operator.py
[2024-11-19T17:49:33.344+0000] {processor.py:914} INFO - Processing file /home/airflow/.local/lib/python3.12/site-packages/airflow/example_dags/example_subdag_operator.py for tasks to queue
[2024-11-19T17:49:33.347+0000] {logging_mixin.py:190} INFO - [2024-11-19T17:49:33.347+0000] {dagbag.py:588} INFO - Filling up the DagBag from /home/airflow/.local/lib/python3.12/site-packages/airflow/example_dags/example_subdag_operator.py
[2024-11-19T17:49:33.385+0000] {processor.py:925} INFO - DAG(s) 'example_subdag_operator.section-1', 'example_subdag_operator.section-2', 'example_subdag_operator' retrieved from /home/airflow/.local/lib/python3.12/site-packages/airflow/example_dags/example_subdag_operator.py
[2024-11-19T17:49:33.408+0000] {logging_mixin.py:190} INFO - [2024-11-19T17:49:33.407+0000] {dag.py:3239} INFO - Sync 3 DAGs
[2024-11-19T17:49:33.441+0000] {logging_mixin.py:190} INFO - [2024-11-19T17:49:33.441+0000] {dag.py:4180} INFO - Setting next_dagrun for example_subdag_operator to 2022-01-01 00:00:00+00:00, run_after=2022-01-01 00:00:00+00:00
[2024-11-19T17:49:33.446+0000] {logging_mixin.py:190} INFO - [2024-11-19T17:49:33.446+0000] {dag.py:4180} INFO - Setting next_dagrun for example_subdag_operator.section-1 to None, run_after=None
[2024-11-19T17:49:33.448+0000] {logging_mixin.py:190} INFO - [2024-11-19T17:49:33.448+0000] {dag.py:4180} INFO - Setting next_dagrun for example_subdag_operator.section-2 to None, run_after=None
[2024-11-19T17:49:33.458+0000] {logging_mixin.py:190} INFO - [2024-11-19T17:49:33.458+0000] {dag.py:3239} INFO - Sync 2 DAGs
[2024-11-19T17:49:33.467+0000] {logging_mixin.py:190} INFO - [2024-11-19T17:49:33.466+0000] {dag.py:4180} INFO - Setting next_dagrun for example_subdag_operator.section-1 to None, run_after=None
[2024-11-19T17:49:33.468+0000] {logging_mixin.py:190} INFO - [2024-11-19T17:49:33.467+0000] {dag.py:4180} INFO - Setting next_dagrun for example_subdag_operator.section-2 to None, run_after=None
[2024-11-19T17:49:33.532+0000] {processor.py:208} INFO - Processing /home/airflow/.local/lib/python3.12/site-packages/airflow/example_dags/example_subdag_operator.py took 0.200 seconds
[2024-11-19T17:50:06.202+0000] {processor.py:186} INFO - Started process (PID=996) to work on /home/airflow/.local/lib/python3.12/site-packages/airflow/example_dags/example_subdag_operator.py
[2024-11-19T17:50:06.204+0000] {processor.py:914} INFO - Processing file /home/airflow/.local/lib/python3.12/site-packages/airflow/example_dags/example_subdag_operator.py for tasks to queue
[2024-11-19T17:50:06.207+0000] {logging_mixin.py:190} INFO - [2024-11-19T17:50:06.207+0000] {dagbag.py:588} INFO - Filling up the DagBag from /home/airflow/.local/lib/python3.12/site-packages/airflow/example_dags/example_subdag_operator.py
[2024-11-19T17:50:06.250+0000] {processor.py:925} INFO - DAG(s) 'example_subdag_operator.section-1', 'example_subdag_operator.section-2', 'example_subdag_operator' retrieved from /home/airflow/.local/lib/python3.12/site-packages/airflow/example_dags/example_subdag_operator.py
[2024-11-19T17:50:06.278+0000] {logging_mixin.py:190} INFO - [2024-11-19T17:50:06.278+0000] {dag.py:3239} INFO - Sync 3 DAGs
[2024-11-19T17:50:06.324+0000] {logging_mixin.py:190} INFO - [2024-11-19T17:50:06.324+0000] {dag.py:4180} INFO - Setting next_dagrun for example_subdag_operator to 2022-01-01 00:00:00+00:00, run_after=2022-01-01 00:00:00+00:00
[2024-11-19T17:50:06.331+0000] {logging_mixin.py:190} INFO - [2024-11-19T17:50:06.330+0000] {dag.py:4180} INFO - Setting next_dagrun for example_subdag_operator.section-1 to None, run_after=None
[2024-11-19T17:50:06.333+0000] {logging_mixin.py:190} INFO - [2024-11-19T17:50:06.333+0000] {dag.py:4180} INFO - Setting next_dagrun for example_subdag_operator.section-2 to None, run_after=None
[2024-11-19T17:50:06.347+0000] {logging_mixin.py:190} INFO - [2024-11-19T17:50:06.347+0000] {dag.py:3239} INFO - Sync 2 DAGs
[2024-11-19T17:50:06.356+0000] {logging_mixin.py:190} INFO - [2024-11-19T17:50:06.356+0000] {dag.py:4180} INFO - Setting next_dagrun for example_subdag_operator.section-1 to None, run_after=None
[2024-11-19T17:50:06.357+0000] {logging_mixin.py:190} INFO - [2024-11-19T17:50:06.357+0000] {dag.py:4180} INFO - Setting next_dagrun for example_subdag_operator.section-2 to None, run_after=None
[2024-11-19T17:50:06.439+0000] {processor.py:208} INFO - Processing /home/airflow/.local/lib/python3.12/site-packages/airflow/example_dags/example_subdag_operator.py took 0.246 seconds
[2024-11-19T17:50:38.245+0000] {processor.py:186} INFO - Started process (PID=1068) to work on /home/airflow/.local/lib/python3.12/site-packages/airflow/example_dags/example_subdag_operator.py
[2024-11-19T17:50:38.247+0000] {processor.py:914} INFO - Processing file /home/airflow/.local/lib/python3.12/site-packages/airflow/example_dags/example_subdag_operator.py for tasks to queue
[2024-11-19T17:50:38.251+0000] {logging_mixin.py:190} INFO - [2024-11-19T17:50:38.251+0000] {dagbag.py:588} INFO - Filling up the DagBag from /home/airflow/.local/lib/python3.12/site-packages/airflow/example_dags/example_subdag_operator.py
[2024-11-19T17:50:38.294+0000] {processor.py:925} INFO - DAG(s) 'example_subdag_operator.section-1', 'example_subdag_operator.section-2', 'example_subdag_operator' retrieved from /home/airflow/.local/lib/python3.12/site-packages/airflow/example_dags/example_subdag_operator.py
[2024-11-19T17:50:38.324+0000] {logging_mixin.py:190} INFO - [2024-11-19T17:50:38.323+0000] {dag.py:3239} INFO - Sync 3 DAGs
[2024-11-19T17:50:38.374+0000] {logging_mixin.py:190} INFO - [2024-11-19T17:50:38.374+0000] {dag.py:4180} INFO - Setting next_dagrun for example_subdag_operator to 2022-01-01 00:00:00+00:00, run_after=2022-01-01 00:00:00+00:00
[2024-11-19T17:50:38.381+0000] {logging_mixin.py:190} INFO - [2024-11-19T17:50:38.381+0000] {dag.py:4180} INFO - Setting next_dagrun for example_subdag_operator.section-1 to None, run_after=None
[2024-11-19T17:50:38.384+0000] {logging_mixin.py:190} INFO - [2024-11-19T17:50:38.384+0000] {dag.py:4180} INFO - Setting next_dagrun for example_subdag_operator.section-2 to None, run_after=None
[2024-11-19T17:50:38.397+0000] {logging_mixin.py:190} INFO - [2024-11-19T17:50:38.397+0000] {dag.py:3239} INFO - Sync 2 DAGs
[2024-11-19T17:50:38.407+0000] {logging_mixin.py:190} INFO - [2024-11-19T17:50:38.407+0000] {dag.py:4180} INFO - Setting next_dagrun for example_subdag_operator.section-1 to None, run_after=None
[2024-11-19T17:50:38.408+0000] {logging_mixin.py:190} INFO - [2024-11-19T17:50:38.408+0000] {dag.py:4180} INFO - Setting next_dagrun for example_subdag_operator.section-2 to None, run_after=None
[2024-11-19T17:50:38.471+0000] {processor.py:208} INFO - Processing /home/airflow/.local/lib/python3.12/site-packages/airflow/example_dags/example_subdag_operator.py took 0.237 seconds
[2024-11-19T17:51:10.299+0000] {processor.py:186} INFO - Started process (PID=1138) to work on /home/airflow/.local/lib/python3.12/site-packages/airflow/example_dags/example_subdag_operator.py
[2024-11-19T17:51:10.302+0000] {processor.py:914} INFO - Processing file /home/airflow/.local/lib/python3.12/site-packages/airflow/example_dags/example_subdag_operator.py for tasks to queue
[2024-11-19T17:51:10.309+0000] {logging_mixin.py:190} INFO - [2024-11-19T17:51:10.307+0000] {dagbag.py:588} INFO - Filling up the DagBag from /home/airflow/.local/lib/python3.12/site-packages/airflow/example_dags/example_subdag_operator.py
[2024-11-19T17:51:10.364+0000] {processor.py:925} INFO - DAG(s) 'example_subdag_operator.section-1', 'example_subdag_operator.section-2', 'example_subdag_operator' retrieved from /home/airflow/.local/lib/python3.12/site-packages/airflow/example_dags/example_subdag_operator.py
[2024-11-19T17:51:10.402+0000] {logging_mixin.py:190} INFO - [2024-11-19T17:51:10.401+0000] {dag.py:3239} INFO - Sync 3 DAGs
[2024-11-19T17:51:10.453+0000] {logging_mixin.py:190} INFO - [2024-11-19T17:51:10.452+0000] {dag.py:4180} INFO - Setting next_dagrun for example_subdag_operator to 2022-01-01 00:00:00+00:00, run_after=2022-01-01 00:00:00+00:00
[2024-11-19T17:51:10.460+0000] {logging_mixin.py:190} INFO - [2024-11-19T17:51:10.460+0000] {dag.py:4180} INFO - Setting next_dagrun for example_subdag_operator.section-1 to None, run_after=None
[2024-11-19T17:51:10.467+0000] {logging_mixin.py:190} INFO - [2024-11-19T17:51:10.466+0000] {dag.py:4180} INFO - Setting next_dagrun for example_subdag_operator.section-2 to None, run_after=None
[2024-11-19T17:51:10.482+0000] {logging_mixin.py:190} INFO - [2024-11-19T17:51:10.482+0000] {dag.py:3239} INFO - Sync 2 DAGs
[2024-11-19T17:51:10.495+0000] {logging_mixin.py:190} INFO - [2024-11-19T17:51:10.494+0000] {dag.py:4180} INFO - Setting next_dagrun for example_subdag_operator.section-1 to None, run_after=None
[2024-11-19T17:51:10.497+0000] {logging_mixin.py:190} INFO - [2024-11-19T17:51:10.497+0000] {dag.py:4180} INFO - Setting next_dagrun for example_subdag_operator.section-2 to None, run_after=None
[2024-11-19T17:51:10.544+0000] {processor.py:208} INFO - Processing /home/airflow/.local/lib/python3.12/site-packages/airflow/example_dags/example_subdag_operator.py took 0.261 seconds
[2024-11-19T17:51:45.239+0000] {processor.py:186} INFO - Started process (PID=1215) to work on /home/airflow/.local/lib/python3.12/site-packages/airflow/example_dags/example_subdag_operator.py
[2024-11-19T17:51:45.241+0000] {processor.py:914} INFO - Processing file /home/airflow/.local/lib/python3.12/site-packages/airflow/example_dags/example_subdag_operator.py for tasks to queue
[2024-11-19T17:51:45.244+0000] {logging_mixin.py:190} INFO - [2024-11-19T17:51:45.244+0000] {dagbag.py:588} INFO - Filling up the DagBag from /home/airflow/.local/lib/python3.12/site-packages/airflow/example_dags/example_subdag_operator.py
[2024-11-19T17:51:45.288+0000] {processor.py:925} INFO - DAG(s) 'example_subdag_operator.section-1', 'example_subdag_operator.section-2', 'example_subdag_operator' retrieved from /home/airflow/.local/lib/python3.12/site-packages/airflow/example_dags/example_subdag_operator.py
[2024-11-19T17:51:45.315+0000] {logging_mixin.py:190} INFO - [2024-11-19T17:51:45.314+0000] {dag.py:3239} INFO - Sync 3 DAGs
[2024-11-19T17:51:45.353+0000] {logging_mixin.py:190} INFO - [2024-11-19T17:51:45.353+0000] {dag.py:4180} INFO - Setting next_dagrun for example_subdag_operator to 2022-01-01 00:00:00+00:00, run_after=2022-01-01 00:00:00+00:00
[2024-11-19T17:51:45.359+0000] {logging_mixin.py:190} INFO - [2024-11-19T17:51:45.359+0000] {dag.py:4180} INFO - Setting next_dagrun for example_subdag_operator.section-1 to None, run_after=None
[2024-11-19T17:51:45.362+0000] {logging_mixin.py:190} INFO - [2024-11-19T17:51:45.361+0000] {dag.py:4180} INFO - Setting next_dagrun for example_subdag_operator.section-2 to None, run_after=None
[2024-11-19T17:51:45.373+0000] {logging_mixin.py:190} INFO - [2024-11-19T17:51:45.373+0000] {dag.py:3239} INFO - Sync 2 DAGs
[2024-11-19T17:51:45.383+0000] {logging_mixin.py:190} INFO - [2024-11-19T17:51:45.383+0000] {dag.py:4180} INFO - Setting next_dagrun for example_subdag_operator.section-1 to None, run_after=None
[2024-11-19T17:51:45.385+0000] {logging_mixin.py:190} INFO - [2024-11-19T17:51:45.384+0000] {dag.py:4180} INFO - Setting next_dagrun for example_subdag_operator.section-2 to None, run_after=None
[2024-11-19T17:51:45.434+0000] {processor.py:208} INFO - Processing /home/airflow/.local/lib/python3.12/site-packages/airflow/example_dags/example_subdag_operator.py took 0.204 seconds
[2024-11-19T17:52:16.357+0000] {processor.py:186} INFO - Started process (PID=1288) to work on /home/airflow/.local/lib/python3.12/site-packages/airflow/example_dags/example_subdag_operator.py
[2024-11-19T17:52:16.359+0000] {processor.py:914} INFO - Processing file /home/airflow/.local/lib/python3.12/site-packages/airflow/example_dags/example_subdag_operator.py for tasks to queue
[2024-11-19T17:52:16.362+0000] {logging_mixin.py:190} INFO - [2024-11-19T17:52:16.362+0000] {dagbag.py:588} INFO - Filling up the DagBag from /home/airflow/.local/lib/python3.12/site-packages/airflow/example_dags/example_subdag_operator.py
[2024-11-19T17:52:16.398+0000] {processor.py:925} INFO - DAG(s) 'example_subdag_operator.section-1', 'example_subdag_operator.section-2', 'example_subdag_operator' retrieved from /home/airflow/.local/lib/python3.12/site-packages/airflow/example_dags/example_subdag_operator.py
[2024-11-19T17:52:16.421+0000] {logging_mixin.py:190} INFO - [2024-11-19T17:52:16.421+0000] {dag.py:3239} INFO - Sync 3 DAGs
[2024-11-19T17:52:16.457+0000] {logging_mixin.py:190} INFO - [2024-11-19T17:52:16.456+0000] {dag.py:4180} INFO - Setting next_dagrun for example_subdag_operator to 2022-01-01 00:00:00+00:00, run_after=2022-01-01 00:00:00+00:00
[2024-11-19T17:52:16.462+0000] {logging_mixin.py:190} INFO - [2024-11-19T17:52:16.462+0000] {dag.py:4180} INFO - Setting next_dagrun for example_subdag_operator.section-1 to None, run_after=None
[2024-11-19T17:52:16.466+0000] {logging_mixin.py:190} INFO - [2024-11-19T17:52:16.465+0000] {dag.py:4180} INFO - Setting next_dagrun for example_subdag_operator.section-2 to None, run_after=None
[2024-11-19T17:52:16.476+0000] {logging_mixin.py:190} INFO - [2024-11-19T17:52:16.476+0000] {dag.py:3239} INFO - Sync 2 DAGs
[2024-11-19T17:52:16.486+0000] {logging_mixin.py:190} INFO - [2024-11-19T17:52:16.485+0000] {dag.py:4180} INFO - Setting next_dagrun for example_subdag_operator.section-1 to None, run_after=None
[2024-11-19T17:52:16.487+0000] {logging_mixin.py:190} INFO - [2024-11-19T17:52:16.487+0000] {dag.py:4180} INFO - Setting next_dagrun for example_subdag_operator.section-2 to None, run_after=None
[2024-11-19T17:52:16.608+0000] {processor.py:208} INFO - Processing /home/airflow/.local/lib/python3.12/site-packages/airflow/example_dags/example_subdag_operator.py took 0.259 seconds
[2024-11-19T17:52:47.766+0000] {processor.py:186} INFO - Started process (PID=1358) to work on /home/airflow/.local/lib/python3.12/site-packages/airflow/example_dags/example_subdag_operator.py
[2024-11-19T17:52:47.768+0000] {processor.py:914} INFO - Processing file /home/airflow/.local/lib/python3.12/site-packages/airflow/example_dags/example_subdag_operator.py for tasks to queue
[2024-11-19T17:52:47.772+0000] {logging_mixin.py:190} INFO - [2024-11-19T17:52:47.771+0000] {dagbag.py:588} INFO - Filling up the DagBag from /home/airflow/.local/lib/python3.12/site-packages/airflow/example_dags/example_subdag_operator.py
[2024-11-19T17:52:47.807+0000] {processor.py:925} INFO - DAG(s) 'example_subdag_operator.section-1', 'example_subdag_operator.section-2', 'example_subdag_operator' retrieved from /home/airflow/.local/lib/python3.12/site-packages/airflow/example_dags/example_subdag_operator.py
[2024-11-19T17:52:47.826+0000] {logging_mixin.py:190} INFO - [2024-11-19T17:52:47.826+0000] {dag.py:3239} INFO - Sync 3 DAGs
[2024-11-19T17:52:47.859+0000] {logging_mixin.py:190} INFO - [2024-11-19T17:52:47.859+0000] {dag.py:4180} INFO - Setting next_dagrun for example_subdag_operator to 2022-01-01 00:00:00+00:00, run_after=2022-01-01 00:00:00+00:00
[2024-11-19T17:52:47.864+0000] {logging_mixin.py:190} INFO - [2024-11-19T17:52:47.863+0000] {dag.py:4180} INFO - Setting next_dagrun for example_subdag_operator.section-1 to None, run_after=None
[2024-11-19T17:52:47.866+0000] {logging_mixin.py:190} INFO - [2024-11-19T17:52:47.866+0000] {dag.py:4180} INFO - Setting next_dagrun for example_subdag_operator.section-2 to None, run_after=None
[2024-11-19T17:52:47.875+0000] {logging_mixin.py:190} INFO - [2024-11-19T17:52:47.875+0000] {dag.py:3239} INFO - Sync 2 DAGs
[2024-11-19T17:52:47.882+0000] {logging_mixin.py:190} INFO - [2024-11-19T17:52:47.882+0000] {dag.py:4180} INFO - Setting next_dagrun for example_subdag_operator.section-1 to None, run_after=None
[2024-11-19T17:52:47.883+0000] {logging_mixin.py:190} INFO - [2024-11-19T17:52:47.883+0000] {dag.py:4180} INFO - Setting next_dagrun for example_subdag_operator.section-2 to None, run_after=None
[2024-11-19T17:52:47.960+0000] {processor.py:208} INFO - Processing /home/airflow/.local/lib/python3.12/site-packages/airflow/example_dags/example_subdag_operator.py took 0.202 seconds
[2024-11-19T17:53:18.719+0000] {processor.py:186} INFO - Started process (PID=1429) to work on /home/airflow/.local/lib/python3.12/site-packages/airflow/example_dags/example_subdag_operator.py
[2024-11-19T17:53:18.720+0000] {processor.py:914} INFO - Processing file /home/airflow/.local/lib/python3.12/site-packages/airflow/example_dags/example_subdag_operator.py for tasks to queue
[2024-11-19T17:53:18.724+0000] {logging_mixin.py:190} INFO - [2024-11-19T17:53:18.724+0000] {dagbag.py:588} INFO - Filling up the DagBag from /home/airflow/.local/lib/python3.12/site-packages/airflow/example_dags/example_subdag_operator.py
[2024-11-19T17:53:18.761+0000] {processor.py:925} INFO - DAG(s) 'example_subdag_operator.section-1', 'example_subdag_operator.section-2', 'example_subdag_operator' retrieved from /home/airflow/.local/lib/python3.12/site-packages/airflow/example_dags/example_subdag_operator.py
[2024-11-19T17:53:18.784+0000] {logging_mixin.py:190} INFO - [2024-11-19T17:53:18.784+0000] {dag.py:3239} INFO - Sync 3 DAGs
[2024-11-19T17:53:18.821+0000] {logging_mixin.py:190} INFO - [2024-11-19T17:53:18.821+0000] {dag.py:4180} INFO - Setting next_dagrun for example_subdag_operator to 2022-01-01 00:00:00+00:00, run_after=2022-01-01 00:00:00+00:00
[2024-11-19T17:53:18.827+0000] {logging_mixin.py:190} INFO - [2024-11-19T17:53:18.826+0000] {dag.py:4180} INFO - Setting next_dagrun for example_subdag_operator.section-1 to None, run_after=None
[2024-11-19T17:53:18.830+0000] {logging_mixin.py:190} INFO - [2024-11-19T17:53:18.830+0000] {dag.py:4180} INFO - Setting next_dagrun for example_subdag_operator.section-2 to None, run_after=None
[2024-11-19T17:53:18.841+0000] {logging_mixin.py:190} INFO - [2024-11-19T17:53:18.841+0000] {dag.py:3239} INFO - Sync 2 DAGs
[2024-11-19T17:53:18.851+0000] {logging_mixin.py:190} INFO - [2024-11-19T17:53:18.851+0000] {dag.py:4180} INFO - Setting next_dagrun for example_subdag_operator.section-1 to None, run_after=None
[2024-11-19T17:53:18.852+0000] {logging_mixin.py:190} INFO - [2024-11-19T17:53:18.852+0000] {dag.py:4180} INFO - Setting next_dagrun for example_subdag_operator.section-2 to None, run_after=None
[2024-11-19T17:53:19.025+0000] {processor.py:208} INFO - Processing /home/airflow/.local/lib/python3.12/site-packages/airflow/example_dags/example_subdag_operator.py took 0.317 seconds
[2024-11-19T17:53:49.502+0000] {processor.py:186} INFO - Started process (PID=1500) to work on /home/airflow/.local/lib/python3.12/site-packages/airflow/example_dags/example_subdag_operator.py
[2024-11-19T17:53:49.504+0000] {processor.py:914} INFO - Processing file /home/airflow/.local/lib/python3.12/site-packages/airflow/example_dags/example_subdag_operator.py for tasks to queue
[2024-11-19T17:53:49.507+0000] {logging_mixin.py:190} INFO - [2024-11-19T17:53:49.507+0000] {dagbag.py:588} INFO - Filling up the DagBag from /home/airflow/.local/lib/python3.12/site-packages/airflow/example_dags/example_subdag_operator.py
[2024-11-19T17:53:49.544+0000] {processor.py:925} INFO - DAG(s) 'example_subdag_operator.section-1', 'example_subdag_operator.section-2', 'example_subdag_operator' retrieved from /home/airflow/.local/lib/python3.12/site-packages/airflow/example_dags/example_subdag_operator.py
[2024-11-19T17:53:49.566+0000] {logging_mixin.py:190} INFO - [2024-11-19T17:53:49.566+0000] {dag.py:3239} INFO - Sync 3 DAGs
[2024-11-19T17:53:49.600+0000] {logging_mixin.py:190} INFO - [2024-11-19T17:53:49.600+0000] {dag.py:4180} INFO - Setting next_dagrun for example_subdag_operator to 2022-01-01 00:00:00+00:00, run_after=2022-01-01 00:00:00+00:00
[2024-11-19T17:53:49.607+0000] {logging_mixin.py:190} INFO - [2024-11-19T17:53:49.607+0000] {dag.py:4180} INFO - Setting next_dagrun for example_subdag_operator.section-1 to None, run_after=None
[2024-11-19T17:53:49.610+0000] {logging_mixin.py:190} INFO - [2024-11-19T17:53:49.609+0000] {dag.py:4180} INFO - Setting next_dagrun for example_subdag_operator.section-2 to None, run_after=None
[2024-11-19T17:53:49.622+0000] {logging_mixin.py:190} INFO - [2024-11-19T17:53:49.622+0000] {dag.py:3239} INFO - Sync 2 DAGs
[2024-11-19T17:53:49.629+0000] {logging_mixin.py:190} INFO - [2024-11-19T17:53:49.629+0000] {dag.py:4180} INFO - Setting next_dagrun for example_subdag_operator.section-1 to None, run_after=None
[2024-11-19T17:53:49.630+0000] {logging_mixin.py:190} INFO - [2024-11-19T17:53:49.629+0000] {dag.py:4180} INFO - Setting next_dagrun for example_subdag_operator.section-2 to None, run_after=None
[2024-11-19T17:53:49.720+0000] {processor.py:208} INFO - Processing /home/airflow/.local/lib/python3.12/site-packages/airflow/example_dags/example_subdag_operator.py took 0.226 seconds
[2024-11-19T17:54:20.600+0000] {processor.py:186} INFO - Started process (PID=1571) to work on /home/airflow/.local/lib/python3.12/site-packages/airflow/example_dags/example_subdag_operator.py
[2024-11-19T17:54:20.602+0000] {processor.py:914} INFO - Processing file /home/airflow/.local/lib/python3.12/site-packages/airflow/example_dags/example_subdag_operator.py for tasks to queue
[2024-11-19T17:54:20.606+0000] {logging_mixin.py:190} INFO - [2024-11-19T17:54:20.605+0000] {dagbag.py:588} INFO - Filling up the DagBag from /home/airflow/.local/lib/python3.12/site-packages/airflow/example_dags/example_subdag_operator.py
[2024-11-19T17:54:20.638+0000] {processor.py:925} INFO - DAG(s) 'example_subdag_operator.section-1', 'example_subdag_operator.section-2', 'example_subdag_operator' retrieved from /home/airflow/.local/lib/python3.12/site-packages/airflow/example_dags/example_subdag_operator.py
[2024-11-19T17:54:20.665+0000] {logging_mixin.py:190} INFO - [2024-11-19T17:54:20.664+0000] {dag.py:3239} INFO - Sync 3 DAGs
[2024-11-19T17:54:20.705+0000] {logging_mixin.py:190} INFO - [2024-11-19T17:54:20.705+0000] {dag.py:4180} INFO - Setting next_dagrun for example_subdag_operator to 2022-01-01 00:00:00+00:00, run_after=2022-01-01 00:00:00+00:00
[2024-11-19T17:54:20.710+0000] {logging_mixin.py:190} INFO - [2024-11-19T17:54:20.709+0000] {dag.py:4180} INFO - Setting next_dagrun for example_subdag_operator.section-1 to None, run_after=None
[2024-11-19T17:54:20.712+0000] {logging_mixin.py:190} INFO - [2024-11-19T17:54:20.712+0000] {dag.py:4180} INFO - Setting next_dagrun for example_subdag_operator.section-2 to None, run_after=None
[2024-11-19T17:54:20.722+0000] {logging_mixin.py:190} INFO - [2024-11-19T17:54:20.721+0000] {dag.py:3239} INFO - Sync 2 DAGs
[2024-11-19T17:54:20.732+0000] {logging_mixin.py:190} INFO - [2024-11-19T17:54:20.732+0000] {dag.py:4180} INFO - Setting next_dagrun for example_subdag_operator.section-1 to None, run_after=None
[2024-11-19T17:54:20.733+0000] {logging_mixin.py:190} INFO - [2024-11-19T17:54:20.733+0000] {dag.py:4180} INFO - Setting next_dagrun for example_subdag_operator.section-2 to None, run_after=None
[2024-11-19T17:54:20.835+0000] {processor.py:208} INFO - Processing /home/airflow/.local/lib/python3.12/site-packages/airflow/example_dags/example_subdag_operator.py took 0.244 seconds
[2024-11-19T17:54:51.310+0000] {processor.py:186} INFO - Started process (PID=1642) to work on /home/airflow/.local/lib/python3.12/site-packages/airflow/example_dags/example_subdag_operator.py
[2024-11-19T17:54:51.312+0000] {processor.py:914} INFO - Processing file /home/airflow/.local/lib/python3.12/site-packages/airflow/example_dags/example_subdag_operator.py for tasks to queue
[2024-11-19T17:54:51.315+0000] {logging_mixin.py:190} INFO - [2024-11-19T17:54:51.314+0000] {dagbag.py:588} INFO - Filling up the DagBag from /home/airflow/.local/lib/python3.12/site-packages/airflow/example_dags/example_subdag_operator.py
[2024-11-19T17:54:51.367+0000] {processor.py:925} INFO - DAG(s) 'example_subdag_operator.section-1', 'example_subdag_operator.section-2', 'example_subdag_operator' retrieved from /home/airflow/.local/lib/python3.12/site-packages/airflow/example_dags/example_subdag_operator.py
[2024-11-19T17:54:51.405+0000] {logging_mixin.py:190} INFO - [2024-11-19T17:54:51.405+0000] {dag.py:3239} INFO - Sync 3 DAGs
[2024-11-19T17:54:51.470+0000] {logging_mixin.py:190} INFO - [2024-11-19T17:54:51.469+0000] {dag.py:4180} INFO - Setting next_dagrun for example_subdag_operator to 2022-01-01 00:00:00+00:00, run_after=2022-01-01 00:00:00+00:00
[2024-11-19T17:54:51.479+0000] {logging_mixin.py:190} INFO - [2024-11-19T17:54:51.478+0000] {dag.py:4180} INFO - Setting next_dagrun for example_subdag_operator.section-1 to None, run_after=None
[2024-11-19T17:54:51.483+0000] {logging_mixin.py:190} INFO - [2024-11-19T17:54:51.483+0000] {dag.py:4180} INFO - Setting next_dagrun for example_subdag_operator.section-2 to None, run_after=None
[2024-11-19T17:54:51.501+0000] {logging_mixin.py:190} INFO - [2024-11-19T17:54:51.501+0000] {dag.py:3239} INFO - Sync 2 DAGs
[2024-11-19T17:54:51.515+0000] {logging_mixin.py:190} INFO - [2024-11-19T17:54:51.515+0000] {dag.py:4180} INFO - Setting next_dagrun for example_subdag_operator.section-1 to None, run_after=None
[2024-11-19T17:54:51.516+0000] {logging_mixin.py:190} INFO - [2024-11-19T17:54:51.516+0000] {dag.py:4180} INFO - Setting next_dagrun for example_subdag_operator.section-2 to None, run_after=None
[2024-11-19T17:54:51.607+0000] {processor.py:208} INFO - Processing /home/airflow/.local/lib/python3.12/site-packages/airflow/example_dags/example_subdag_operator.py took 0.307 seconds
[2024-11-19T17:55:21.802+0000] {processor.py:186} INFO - Started process (PID=1715) to work on /home/airflow/.local/lib/python3.12/site-packages/airflow/example_dags/example_subdag_operator.py
[2024-11-19T17:55:21.803+0000] {processor.py:914} INFO - Processing file /home/airflow/.local/lib/python3.12/site-packages/airflow/example_dags/example_subdag_operator.py for tasks to queue
[2024-11-19T17:55:21.806+0000] {logging_mixin.py:190} INFO - [2024-11-19T17:55:21.806+0000] {dagbag.py:588} INFO - Filling up the DagBag from /home/airflow/.local/lib/python3.12/site-packages/airflow/example_dags/example_subdag_operator.py
[2024-11-19T17:55:21.852+0000] {processor.py:925} INFO - DAG(s) 'example_subdag_operator.section-1', 'example_subdag_operator.section-2', 'example_subdag_operator' retrieved from /home/airflow/.local/lib/python3.12/site-packages/airflow/example_dags/example_subdag_operator.py
[2024-11-19T17:55:21.882+0000] {logging_mixin.py:190} INFO - [2024-11-19T17:55:21.881+0000] {dag.py:3239} INFO - Sync 3 DAGs
[2024-11-19T17:55:21.911+0000] {logging_mixin.py:190} INFO - [2024-11-19T17:55:21.911+0000] {dag.py:4180} INFO - Setting next_dagrun for example_subdag_operator to 2022-01-01 00:00:00+00:00, run_after=2022-01-01 00:00:00+00:00
[2024-11-19T17:55:21.916+0000] {logging_mixin.py:190} INFO - [2024-11-19T17:55:21.915+0000] {dag.py:4180} INFO - Setting next_dagrun for example_subdag_operator.section-1 to None, run_after=None
[2024-11-19T17:55:21.918+0000] {logging_mixin.py:190} INFO - [2024-11-19T17:55:21.917+0000] {dag.py:4180} INFO - Setting next_dagrun for example_subdag_operator.section-2 to None, run_after=None
[2024-11-19T17:55:21.926+0000] {logging_mixin.py:190} INFO - [2024-11-19T17:55:21.926+0000] {dag.py:3239} INFO - Sync 2 DAGs
[2024-11-19T17:55:21.933+0000] {logging_mixin.py:190} INFO - [2024-11-19T17:55:21.933+0000] {dag.py:4180} INFO - Setting next_dagrun for example_subdag_operator.section-1 to None, run_after=None
[2024-11-19T17:55:21.934+0000] {logging_mixin.py:190} INFO - [2024-11-19T17:55:21.934+0000] {dag.py:4180} INFO - Setting next_dagrun for example_subdag_operator.section-2 to None, run_after=None
[2024-11-19T17:55:22.036+0000] {processor.py:208} INFO - Processing /home/airflow/.local/lib/python3.12/site-packages/airflow/example_dags/example_subdag_operator.py took 0.242 seconds
[2024-11-19T17:55:53.786+0000] {processor.py:186} INFO - Started process (PID=1785) to work on /home/airflow/.local/lib/python3.12/site-packages/airflow/example_dags/example_subdag_operator.py
[2024-11-19T17:55:53.787+0000] {processor.py:914} INFO - Processing file /home/airflow/.local/lib/python3.12/site-packages/airflow/example_dags/example_subdag_operator.py for tasks to queue
[2024-11-19T17:55:53.792+0000] {logging_mixin.py:190} INFO - [2024-11-19T17:55:53.792+0000] {dagbag.py:588} INFO - Filling up the DagBag from /home/airflow/.local/lib/python3.12/site-packages/airflow/example_dags/example_subdag_operator.py
[2024-11-19T17:55:53.833+0000] {processor.py:925} INFO - DAG(s) 'example_subdag_operator.section-1', 'example_subdag_operator.section-2', 'example_subdag_operator' retrieved from /home/airflow/.local/lib/python3.12/site-packages/airflow/example_dags/example_subdag_operator.py
[2024-11-19T17:55:53.872+0000] {logging_mixin.py:190} INFO - [2024-11-19T17:55:53.871+0000] {dag.py:3239} INFO - Sync 3 DAGs
[2024-11-19T17:55:53.910+0000] {logging_mixin.py:190} INFO - [2024-11-19T17:55:53.909+0000] {dag.py:4180} INFO - Setting next_dagrun for example_subdag_operator to 2022-01-01 00:00:00+00:00, run_after=2022-01-01 00:00:00+00:00
[2024-11-19T17:55:53.918+0000] {logging_mixin.py:190} INFO - [2024-11-19T17:55:53.917+0000] {dag.py:4180} INFO - Setting next_dagrun for example_subdag_operator.section-1 to None, run_after=None
[2024-11-19T17:55:53.920+0000] {logging_mixin.py:190} INFO - [2024-11-19T17:55:53.920+0000] {dag.py:4180} INFO - Setting next_dagrun for example_subdag_operator.section-2 to None, run_after=None
[2024-11-19T17:55:53.932+0000] {logging_mixin.py:190} INFO - [2024-11-19T17:55:53.931+0000] {dag.py:3239} INFO - Sync 2 DAGs
[2024-11-19T17:55:53.946+0000] {logging_mixin.py:190} INFO - [2024-11-19T17:55:53.945+0000] {dag.py:4180} INFO - Setting next_dagrun for example_subdag_operator.section-1 to None, run_after=None
[2024-11-19T17:55:53.947+0000] {logging_mixin.py:190} INFO - [2024-11-19T17:55:53.947+0000] {dag.py:4180} INFO - Setting next_dagrun for example_subdag_operator.section-2 to None, run_after=None
[2024-11-19T17:55:54.233+0000] {processor.py:208} INFO - Processing /home/airflow/.local/lib/python3.12/site-packages/airflow/example_dags/example_subdag_operator.py took 0.457 seconds
[2024-11-19T17:56:24.856+0000] {processor.py:186} INFO - Started process (PID=1856) to work on /home/airflow/.local/lib/python3.12/site-packages/airflow/example_dags/example_subdag_operator.py
[2024-11-19T17:56:24.857+0000] {processor.py:914} INFO - Processing file /home/airflow/.local/lib/python3.12/site-packages/airflow/example_dags/example_subdag_operator.py for tasks to queue
[2024-11-19T17:56:24.861+0000] {logging_mixin.py:190} INFO - [2024-11-19T17:56:24.860+0000] {dagbag.py:588} INFO - Filling up the DagBag from /home/airflow/.local/lib/python3.12/site-packages/airflow/example_dags/example_subdag_operator.py
[2024-11-19T17:56:24.895+0000] {processor.py:925} INFO - DAG(s) 'example_subdag_operator.section-1', 'example_subdag_operator.section-2', 'example_subdag_operator' retrieved from /home/airflow/.local/lib/python3.12/site-packages/airflow/example_dags/example_subdag_operator.py
[2024-11-19T17:56:24.916+0000] {logging_mixin.py:190} INFO - [2024-11-19T17:56:24.916+0000] {dag.py:3239} INFO - Sync 3 DAGs
[2024-11-19T17:56:24.947+0000] {logging_mixin.py:190} INFO - [2024-11-19T17:56:24.947+0000] {dag.py:4180} INFO - Setting next_dagrun for example_subdag_operator to 2022-01-01 00:00:00+00:00, run_after=2022-01-01 00:00:00+00:00
[2024-11-19T17:56:24.952+0000] {logging_mixin.py:190} INFO - [2024-11-19T17:56:24.951+0000] {dag.py:4180} INFO - Setting next_dagrun for example_subdag_operator.section-1 to None, run_after=None
[2024-11-19T17:56:24.954+0000] {logging_mixin.py:190} INFO - [2024-11-19T17:56:24.953+0000] {dag.py:4180} INFO - Setting next_dagrun for example_subdag_operator.section-2 to None, run_after=None
[2024-11-19T17:56:24.963+0000] {logging_mixin.py:190} INFO - [2024-11-19T17:56:24.963+0000] {dag.py:3239} INFO - Sync 2 DAGs
[2024-11-19T17:56:24.970+0000] {logging_mixin.py:190} INFO - [2024-11-19T17:56:24.969+0000] {dag.py:4180} INFO - Setting next_dagrun for example_subdag_operator.section-1 to None, run_after=None
[2024-11-19T17:56:24.970+0000] {logging_mixin.py:190} INFO - [2024-11-19T17:56:24.970+0000] {dag.py:4180} INFO - Setting next_dagrun for example_subdag_operator.section-2 to None, run_after=None
[2024-11-19T17:56:25.051+0000] {processor.py:208} INFO - Processing /home/airflow/.local/lib/python3.12/site-packages/airflow/example_dags/example_subdag_operator.py took 0.203 seconds
[2024-11-19T17:56:55.298+0000] {processor.py:186} INFO - Started process (PID=1926) to work on /home/airflow/.local/lib/python3.12/site-packages/airflow/example_dags/example_subdag_operator.py
[2024-11-19T17:56:55.300+0000] {processor.py:914} INFO - Processing file /home/airflow/.local/lib/python3.12/site-packages/airflow/example_dags/example_subdag_operator.py for tasks to queue
[2024-11-19T17:56:55.302+0000] {logging_mixin.py:190} INFO - [2024-11-19T17:56:55.302+0000] {dagbag.py:588} INFO - Filling up the DagBag from /home/airflow/.local/lib/python3.12/site-packages/airflow/example_dags/example_subdag_operator.py
[2024-11-19T17:56:55.342+0000] {processor.py:925} INFO - DAG(s) 'example_subdag_operator.section-1', 'example_subdag_operator.section-2', 'example_subdag_operator' retrieved from /home/airflow/.local/lib/python3.12/site-packages/airflow/example_dags/example_subdag_operator.py
[2024-11-19T17:56:55.362+0000] {logging_mixin.py:190} INFO - [2024-11-19T17:56:55.362+0000] {dag.py:3239} INFO - Sync 3 DAGs
[2024-11-19T17:56:55.392+0000] {logging_mixin.py:190} INFO - [2024-11-19T17:56:55.392+0000] {dag.py:4180} INFO - Setting next_dagrun for example_subdag_operator to 2022-01-01 00:00:00+00:00, run_after=2022-01-01 00:00:00+00:00
[2024-11-19T17:56:55.396+0000] {logging_mixin.py:190} INFO - [2024-11-19T17:56:55.396+0000] {dag.py:4180} INFO - Setting next_dagrun for example_subdag_operator.section-1 to None, run_after=None
[2024-11-19T17:56:55.398+0000] {logging_mixin.py:190} INFO - [2024-11-19T17:56:55.398+0000] {dag.py:4180} INFO - Setting next_dagrun for example_subdag_operator.section-2 to None, run_after=None
[2024-11-19T17:56:55.409+0000] {logging_mixin.py:190} INFO - [2024-11-19T17:56:55.408+0000] {dag.py:3239} INFO - Sync 2 DAGs
[2024-11-19T17:56:55.416+0000] {logging_mixin.py:190} INFO - [2024-11-19T17:56:55.416+0000] {dag.py:4180} INFO - Setting next_dagrun for example_subdag_operator.section-1 to None, run_after=None
[2024-11-19T17:56:55.417+0000] {logging_mixin.py:190} INFO - [2024-11-19T17:56:55.417+0000] {dag.py:4180} INFO - Setting next_dagrun for example_subdag_operator.section-2 to None, run_after=None
[2024-11-19T17:56:55.506+0000] {processor.py:208} INFO - Processing /home/airflow/.local/lib/python3.12/site-packages/airflow/example_dags/example_subdag_operator.py took 0.216 seconds
[2024-11-19T17:57:26.127+0000] {processor.py:186} INFO - Started process (PID=1996) to work on /home/airflow/.local/lib/python3.12/site-packages/airflow/example_dags/example_subdag_operator.py
[2024-11-19T17:57:26.128+0000] {processor.py:914} INFO - Processing file /home/airflow/.local/lib/python3.12/site-packages/airflow/example_dags/example_subdag_operator.py for tasks to queue
[2024-11-19T17:57:26.133+0000] {logging_mixin.py:190} INFO - [2024-11-19T17:57:26.132+0000] {dagbag.py:588} INFO - Filling up the DagBag from /home/airflow/.local/lib/python3.12/site-packages/airflow/example_dags/example_subdag_operator.py
[2024-11-19T17:57:26.177+0000] {processor.py:925} INFO - DAG(s) 'example_subdag_operator.section-1', 'example_subdag_operator.section-2', 'example_subdag_operator' retrieved from /home/airflow/.local/lib/python3.12/site-packages/airflow/example_dags/example_subdag_operator.py
[2024-11-19T17:57:26.200+0000] {logging_mixin.py:190} INFO - [2024-11-19T17:57:26.200+0000] {dag.py:3239} INFO - Sync 3 DAGs
[2024-11-19T17:57:26.230+0000] {logging_mixin.py:190} INFO - [2024-11-19T17:57:26.230+0000] {dag.py:4180} INFO - Setting next_dagrun for example_subdag_operator to 2022-01-01 00:00:00+00:00, run_after=2022-01-01 00:00:00+00:00
[2024-11-19T17:57:26.237+0000] {logging_mixin.py:190} INFO - [2024-11-19T17:57:26.236+0000] {dag.py:4180} INFO - Setting next_dagrun for example_subdag_operator.section-1 to None, run_after=None
[2024-11-19T17:57:26.240+0000] {logging_mixin.py:190} INFO - [2024-11-19T17:57:26.239+0000] {dag.py:4180} INFO - Setting next_dagrun for example_subdag_operator.section-2 to None, run_after=None
[2024-11-19T17:57:26.249+0000] {logging_mixin.py:190} INFO - [2024-11-19T17:57:26.248+0000] {dag.py:3239} INFO - Sync 2 DAGs
[2024-11-19T17:57:26.258+0000] {logging_mixin.py:190} INFO - [2024-11-19T17:57:26.257+0000] {dag.py:4180} INFO - Setting next_dagrun for example_subdag_operator.section-1 to None, run_after=None
[2024-11-19T17:57:26.259+0000] {logging_mixin.py:190} INFO - [2024-11-19T17:57:26.259+0000] {dag.py:4180} INFO - Setting next_dagrun for example_subdag_operator.section-2 to None, run_after=None
[2024-11-19T17:57:26.316+0000] {processor.py:208} INFO - Processing /home/airflow/.local/lib/python3.12/site-packages/airflow/example_dags/example_subdag_operator.py took 0.199 seconds
[2024-11-19T17:57:56.786+0000] {processor.py:186} INFO - Started process (PID=2067) to work on /home/airflow/.local/lib/python3.12/site-packages/airflow/example_dags/example_subdag_operator.py
[2024-11-19T17:57:56.787+0000] {processor.py:914} INFO - Processing file /home/airflow/.local/lib/python3.12/site-packages/airflow/example_dags/example_subdag_operator.py for tasks to queue
[2024-11-19T17:57:56.791+0000] {logging_mixin.py:190} INFO - [2024-11-19T17:57:56.790+0000] {dagbag.py:588} INFO - Filling up the DagBag from /home/airflow/.local/lib/python3.12/site-packages/airflow/example_dags/example_subdag_operator.py
[2024-11-19T17:57:56.839+0000] {processor.py:925} INFO - DAG(s) 'example_subdag_operator.section-1', 'example_subdag_operator.section-2', 'example_subdag_operator' retrieved from /home/airflow/.local/lib/python3.12/site-packages/airflow/example_dags/example_subdag_operator.py
[2024-11-19T17:57:56.879+0000] {logging_mixin.py:190} INFO - [2024-11-19T17:57:56.878+0000] {dag.py:3239} INFO - Sync 3 DAGs
[2024-11-19T17:57:56.930+0000] {logging_mixin.py:190} INFO - [2024-11-19T17:57:56.930+0000] {dag.py:4180} INFO - Setting next_dagrun for example_subdag_operator to 2022-01-01 00:00:00+00:00, run_after=2022-01-01 00:00:00+00:00
[2024-11-19T17:57:56.940+0000] {logging_mixin.py:190} INFO - [2024-11-19T17:57:56.940+0000] {dag.py:4180} INFO - Setting next_dagrun for example_subdag_operator.section-1 to None, run_after=None
[2024-11-19T17:57:56.943+0000] {logging_mixin.py:190} INFO - [2024-11-19T17:57:56.943+0000] {dag.py:4180} INFO - Setting next_dagrun for example_subdag_operator.section-2 to None, run_after=None
[2024-11-19T17:57:56.961+0000] {logging_mixin.py:190} INFO - [2024-11-19T17:57:56.960+0000] {dag.py:3239} INFO - Sync 2 DAGs
[2024-11-19T17:57:56.970+0000] {logging_mixin.py:190} INFO - [2024-11-19T17:57:56.970+0000] {dag.py:4180} INFO - Setting next_dagrun for example_subdag_operator.section-1 to None, run_after=None
[2024-11-19T17:57:56.971+0000] {logging_mixin.py:190} INFO - [2024-11-19T17:57:56.971+0000] {dag.py:4180} INFO - Setting next_dagrun for example_subdag_operator.section-2 to None, run_after=None
[2024-11-19T17:57:57.045+0000] {processor.py:208} INFO - Processing /home/airflow/.local/lib/python3.12/site-packages/airflow/example_dags/example_subdag_operator.py took 0.272 seconds
