[2024-11-19T17:41:49.751+0000] {processor.py:186} INFO - Started process (PID=119) to work on /home/airflow/.local/lib/python3.12/site-packages/airflow/example_dags/example_complex.py
[2024-11-19T17:41:49.752+0000] {processor.py:914} INFO - Processing file /home/airflow/.local/lib/python3.12/site-packages/airflow/example_dags/example_complex.py for tasks to queue
[2024-11-19T17:41:49.756+0000] {logging_mixin.py:190} INFO - [2024-11-19T17:41:49.756+0000] {dagbag.py:588} INFO - Filling up the DagBag from /home/airflow/.local/lib/python3.12/site-packages/airflow/example_dags/example_complex.py
[2024-11-19T17:41:49.777+0000] {processor.py:925} INFO - DAG(s) 'example_complex' retrieved from /home/airflow/.local/lib/python3.12/site-packages/airflow/example_dags/example_complex.py
[2024-11-19T17:41:49.835+0000] {logging_mixin.py:190} INFO - [2024-11-19T17:41:49.835+0000] {dag.py:3239} INFO - Sync 1 DAGs
[2024-11-19T17:41:49.853+0000] {logging_mixin.py:190} INFO - [2024-11-19T17:41:49.853+0000] {dag.py:4180} INFO - Setting next_dagrun for example_complex to None, run_after=None
[2024-11-19T17:41:49.920+0000] {processor.py:208} INFO - Processing /home/airflow/.local/lib/python3.12/site-packages/airflow/example_dags/example_complex.py took 0.177 seconds
[2024-11-19T17:43:18.362+0000] {processor.py:186} INFO - Started process (PID=79) to work on /home/airflow/.local/lib/python3.12/site-packages/airflow/example_dags/example_complex.py
[2024-11-19T17:43:18.364+0000] {processor.py:914} INFO - Processing file /home/airflow/.local/lib/python3.12/site-packages/airflow/example_dags/example_complex.py for tasks to queue
[2024-11-19T17:43:18.366+0000] {logging_mixin.py:190} INFO - [2024-11-19T17:43:18.366+0000] {dagbag.py:588} INFO - Filling up the DagBag from /home/airflow/.local/lib/python3.12/site-packages/airflow/example_dags/example_complex.py
[2024-11-19T17:43:18.382+0000] {processor.py:925} INFO - DAG(s) 'example_complex' retrieved from /home/airflow/.local/lib/python3.12/site-packages/airflow/example_dags/example_complex.py
[2024-11-19T17:43:18.433+0000] {logging_mixin.py:190} INFO - [2024-11-19T17:43:18.432+0000] {dag.py:3239} INFO - Sync 1 DAGs
[2024-11-19T17:43:18.453+0000] {logging_mixin.py:190} INFO - [2024-11-19T17:43:18.453+0000] {dag.py:4180} INFO - Setting next_dagrun for example_complex to None, run_after=None
[2024-11-19T17:43:18.558+0000] {processor.py:208} INFO - Processing /home/airflow/.local/lib/python3.12/site-packages/airflow/example_dags/example_complex.py took 0.204 seconds
[2024-11-19T17:43:48.735+0000] {processor.py:186} INFO - Started process (PID=150) to work on /home/airflow/.local/lib/python3.12/site-packages/airflow/example_dags/example_complex.py
[2024-11-19T17:43:48.736+0000] {processor.py:914} INFO - Processing file /home/airflow/.local/lib/python3.12/site-packages/airflow/example_dags/example_complex.py for tasks to queue
[2024-11-19T17:43:48.739+0000] {logging_mixin.py:190} INFO - [2024-11-19T17:43:48.739+0000] {dagbag.py:588} INFO - Filling up the DagBag from /home/airflow/.local/lib/python3.12/site-packages/airflow/example_dags/example_complex.py
[2024-11-19T17:43:48.756+0000] {processor.py:925} INFO - DAG(s) 'example_complex' retrieved from /home/airflow/.local/lib/python3.12/site-packages/airflow/example_dags/example_complex.py
[2024-11-19T17:43:48.801+0000] {logging_mixin.py:190} INFO - [2024-11-19T17:43:48.801+0000] {dag.py:3239} INFO - Sync 1 DAGs
[2024-11-19T17:43:48.825+0000] {logging_mixin.py:190} INFO - [2024-11-19T17:43:48.824+0000] {dag.py:4180} INFO - Setting next_dagrun for example_complex to None, run_after=None
[2024-11-19T17:43:48.877+0000] {processor.py:208} INFO - Processing /home/airflow/.local/lib/python3.12/site-packages/airflow/example_dags/example_complex.py took 0.152 seconds
[2024-11-19T17:44:20.197+0000] {processor.py:186} INFO - Started process (PID=221) to work on /home/airflow/.local/lib/python3.12/site-packages/airflow/example_dags/example_complex.py
[2024-11-19T17:44:20.199+0000] {processor.py:914} INFO - Processing file /home/airflow/.local/lib/python3.12/site-packages/airflow/example_dags/example_complex.py for tasks to queue
[2024-11-19T17:44:20.203+0000] {logging_mixin.py:190} INFO - [2024-11-19T17:44:20.202+0000] {dagbag.py:588} INFO - Filling up the DagBag from /home/airflow/.local/lib/python3.12/site-packages/airflow/example_dags/example_complex.py
[2024-11-19T17:44:20.240+0000] {processor.py:925} INFO - DAG(s) 'example_complex' retrieved from /home/airflow/.local/lib/python3.12/site-packages/airflow/example_dags/example_complex.py
[2024-11-19T17:44:20.350+0000] {logging_mixin.py:190} INFO - [2024-11-19T17:44:20.350+0000] {dag.py:3239} INFO - Sync 1 DAGs
[2024-11-19T17:44:20.399+0000] {logging_mixin.py:190} INFO - [2024-11-19T17:44:20.399+0000] {dag.py:4180} INFO - Setting next_dagrun for example_complex to None, run_after=None
[2024-11-19T17:44:20.462+0000] {processor.py:208} INFO - Processing /home/airflow/.local/lib/python3.12/site-packages/airflow/example_dags/example_complex.py took 0.276 seconds
[2024-11-19T17:44:51.734+0000] {processor.py:186} INFO - Started process (PID=292) to work on /home/airflow/.local/lib/python3.12/site-packages/airflow/example_dags/example_complex.py
[2024-11-19T17:44:51.736+0000] {processor.py:914} INFO - Processing file /home/airflow/.local/lib/python3.12/site-packages/airflow/example_dags/example_complex.py for tasks to queue
[2024-11-19T17:44:51.739+0000] {logging_mixin.py:190} INFO - [2024-11-19T17:44:51.738+0000] {dagbag.py:588} INFO - Filling up the DagBag from /home/airflow/.local/lib/python3.12/site-packages/airflow/example_dags/example_complex.py
[2024-11-19T17:44:51.769+0000] {processor.py:925} INFO - DAG(s) 'example_complex' retrieved from /home/airflow/.local/lib/python3.12/site-packages/airflow/example_dags/example_complex.py
[2024-11-19T17:44:51.827+0000] {logging_mixin.py:190} INFO - [2024-11-19T17:44:51.826+0000] {dag.py:3239} INFO - Sync 1 DAGs
[2024-11-19T17:44:51.855+0000] {logging_mixin.py:190} INFO - [2024-11-19T17:44:51.855+0000] {dag.py:4180} INFO - Setting next_dagrun for example_complex to None, run_after=None
[2024-11-19T17:44:51.915+0000] {processor.py:208} INFO - Processing /home/airflow/.local/lib/python3.12/site-packages/airflow/example_dags/example_complex.py took 0.191 seconds
[2024-11-19T17:45:23.634+0000] {processor.py:186} INFO - Started process (PID=355) to work on /home/airflow/.local/lib/python3.12/site-packages/airflow/example_dags/example_complex.py
[2024-11-19T17:45:23.636+0000] {processor.py:914} INFO - Processing file /home/airflow/.local/lib/python3.12/site-packages/airflow/example_dags/example_complex.py for tasks to queue
[2024-11-19T17:45:23.638+0000] {logging_mixin.py:190} INFO - [2024-11-19T17:45:23.638+0000] {dagbag.py:588} INFO - Filling up the DagBag from /home/airflow/.local/lib/python3.12/site-packages/airflow/example_dags/example_complex.py
[2024-11-19T17:45:23.653+0000] {processor.py:925} INFO - DAG(s) 'example_complex' retrieved from /home/airflow/.local/lib/python3.12/site-packages/airflow/example_dags/example_complex.py
[2024-11-19T17:45:23.692+0000] {logging_mixin.py:190} INFO - [2024-11-19T17:45:23.691+0000] {dag.py:3239} INFO - Sync 1 DAGs
[2024-11-19T17:45:23.709+0000] {logging_mixin.py:190} INFO - [2024-11-19T17:45:23.709+0000] {dag.py:4180} INFO - Setting next_dagrun for example_complex to None, run_after=None
[2024-11-19T17:45:23.985+0000] {processor.py:208} INFO - Processing /home/airflow/.local/lib/python3.12/site-packages/airflow/example_dags/example_complex.py took 0.358 seconds
[2024-11-19T17:45:54.329+0000] {processor.py:186} INFO - Started process (PID=426) to work on /home/airflow/.local/lib/python3.12/site-packages/airflow/example_dags/example_complex.py
[2024-11-19T17:45:54.331+0000] {processor.py:914} INFO - Processing file /home/airflow/.local/lib/python3.12/site-packages/airflow/example_dags/example_complex.py for tasks to queue
[2024-11-19T17:45:54.334+0000] {logging_mixin.py:190} INFO - [2024-11-19T17:45:54.333+0000] {dagbag.py:588} INFO - Filling up the DagBag from /home/airflow/.local/lib/python3.12/site-packages/airflow/example_dags/example_complex.py
[2024-11-19T17:45:54.350+0000] {processor.py:925} INFO - DAG(s) 'example_complex' retrieved from /home/airflow/.local/lib/python3.12/site-packages/airflow/example_dags/example_complex.py
[2024-11-19T17:45:54.393+0000] {logging_mixin.py:190} INFO - [2024-11-19T17:45:54.393+0000] {dag.py:3239} INFO - Sync 1 DAGs
[2024-11-19T17:45:54.411+0000] {logging_mixin.py:190} INFO - [2024-11-19T17:45:54.411+0000] {dag.py:4180} INFO - Setting next_dagrun for example_complex to None, run_after=None
[2024-11-19T17:45:54.531+0000] {processor.py:208} INFO - Processing /home/airflow/.local/lib/python3.12/site-packages/airflow/example_dags/example_complex.py took 0.210 seconds
[2024-11-19T17:46:25.974+0000] {processor.py:186} INFO - Started process (PID=497) to work on /home/airflow/.local/lib/python3.12/site-packages/airflow/example_dags/example_complex.py
[2024-11-19T17:46:25.975+0000] {processor.py:914} INFO - Processing file /home/airflow/.local/lib/python3.12/site-packages/airflow/example_dags/example_complex.py for tasks to queue
[2024-11-19T17:46:25.978+0000] {logging_mixin.py:190} INFO - [2024-11-19T17:46:25.978+0000] {dagbag.py:588} INFO - Filling up the DagBag from /home/airflow/.local/lib/python3.12/site-packages/airflow/example_dags/example_complex.py
[2024-11-19T17:46:25.992+0000] {processor.py:925} INFO - DAG(s) 'example_complex' retrieved from /home/airflow/.local/lib/python3.12/site-packages/airflow/example_dags/example_complex.py
[2024-11-19T17:46:26.032+0000] {logging_mixin.py:190} INFO - [2024-11-19T17:46:26.032+0000] {dag.py:3239} INFO - Sync 1 DAGs
[2024-11-19T17:46:26.049+0000] {logging_mixin.py:190} INFO - [2024-11-19T17:46:26.049+0000] {dag.py:4180} INFO - Setting next_dagrun for example_complex to None, run_after=None
[2024-11-19T17:46:26.110+0000] {processor.py:208} INFO - Processing /home/airflow/.local/lib/python3.12/site-packages/airflow/example_dags/example_complex.py took 0.142 seconds
[2024-11-19T17:46:56.257+0000] {processor.py:186} INFO - Started process (PID=568) to work on /home/airflow/.local/lib/python3.12/site-packages/airflow/example_dags/example_complex.py
[2024-11-19T17:46:56.258+0000] {processor.py:914} INFO - Processing file /home/airflow/.local/lib/python3.12/site-packages/airflow/example_dags/example_complex.py for tasks to queue
[2024-11-19T17:46:56.262+0000] {logging_mixin.py:190} INFO - [2024-11-19T17:46:56.262+0000] {dagbag.py:588} INFO - Filling up the DagBag from /home/airflow/.local/lib/python3.12/site-packages/airflow/example_dags/example_complex.py
[2024-11-19T17:46:56.283+0000] {processor.py:925} INFO - DAG(s) 'example_complex' retrieved from /home/airflow/.local/lib/python3.12/site-packages/airflow/example_dags/example_complex.py
[2024-11-19T17:46:56.332+0000] {logging_mixin.py:190} INFO - [2024-11-19T17:46:56.331+0000] {dag.py:3239} INFO - Sync 1 DAGs
[2024-11-19T17:46:56.349+0000] {logging_mixin.py:190} INFO - [2024-11-19T17:46:56.349+0000] {dag.py:4180} INFO - Setting next_dagrun for example_complex to None, run_after=None
[2024-11-19T17:46:56.400+0000] {processor.py:208} INFO - Processing /home/airflow/.local/lib/python3.12/site-packages/airflow/example_dags/example_complex.py took 0.153 seconds
[2024-11-19T17:47:27.348+0000] {processor.py:186} INFO - Started process (PID=639) to work on /home/airflow/.local/lib/python3.12/site-packages/airflow/example_dags/example_complex.py
[2024-11-19T17:47:27.349+0000] {processor.py:914} INFO - Processing file /home/airflow/.local/lib/python3.12/site-packages/airflow/example_dags/example_complex.py for tasks to queue
[2024-11-19T17:47:27.353+0000] {logging_mixin.py:190} INFO - [2024-11-19T17:47:27.353+0000] {dagbag.py:588} INFO - Filling up the DagBag from /home/airflow/.local/lib/python3.12/site-packages/airflow/example_dags/example_complex.py
[2024-11-19T17:47:27.371+0000] {processor.py:925} INFO - DAG(s) 'example_complex' retrieved from /home/airflow/.local/lib/python3.12/site-packages/airflow/example_dags/example_complex.py
[2024-11-19T17:47:27.410+0000] {logging_mixin.py:190} INFO - [2024-11-19T17:47:27.410+0000] {dag.py:3239} INFO - Sync 1 DAGs
[2024-11-19T17:47:27.427+0000] {logging_mixin.py:190} INFO - [2024-11-19T17:47:27.426+0000] {dag.py:4180} INFO - Setting next_dagrun for example_complex to None, run_after=None
[2024-11-19T17:47:27.500+0000] {processor.py:208} INFO - Processing /home/airflow/.local/lib/python3.12/site-packages/airflow/example_dags/example_complex.py took 0.161 seconds
[2024-11-19T17:47:58.361+0000] {processor.py:186} INFO - Started process (PID=709) to work on /home/airflow/.local/lib/python3.12/site-packages/airflow/example_dags/example_complex.py
[2024-11-19T17:47:58.362+0000] {processor.py:914} INFO - Processing file /home/airflow/.local/lib/python3.12/site-packages/airflow/example_dags/example_complex.py for tasks to queue
[2024-11-19T17:47:58.366+0000] {logging_mixin.py:190} INFO - [2024-11-19T17:47:58.365+0000] {dagbag.py:588} INFO - Filling up the DagBag from /home/airflow/.local/lib/python3.12/site-packages/airflow/example_dags/example_complex.py
[2024-11-19T17:47:58.384+0000] {processor.py:925} INFO - DAG(s) 'example_complex' retrieved from /home/airflow/.local/lib/python3.12/site-packages/airflow/example_dags/example_complex.py
[2024-11-19T17:47:58.432+0000] {logging_mixin.py:190} INFO - [2024-11-19T17:47:58.431+0000] {dag.py:3239} INFO - Sync 1 DAGs
[2024-11-19T17:47:58.452+0000] {logging_mixin.py:190} INFO - [2024-11-19T17:47:58.451+0000] {dag.py:4180} INFO - Setting next_dagrun for example_complex to None, run_after=None
[2024-11-19T17:47:58.505+0000] {processor.py:208} INFO - Processing /home/airflow/.local/lib/python3.12/site-packages/airflow/example_dags/example_complex.py took 0.155 seconds
[2024-11-19T17:48:28.907+0000] {processor.py:186} INFO - Started process (PID=780) to work on /home/airflow/.local/lib/python3.12/site-packages/airflow/example_dags/example_complex.py
[2024-11-19T17:48:28.909+0000] {processor.py:914} INFO - Processing file /home/airflow/.local/lib/python3.12/site-packages/airflow/example_dags/example_complex.py for tasks to queue
[2024-11-19T17:48:28.913+0000] {logging_mixin.py:190} INFO - [2024-11-19T17:48:28.913+0000] {dagbag.py:588} INFO - Filling up the DagBag from /home/airflow/.local/lib/python3.12/site-packages/airflow/example_dags/example_complex.py
[2024-11-19T17:48:28.930+0000] {processor.py:925} INFO - DAG(s) 'example_complex' retrieved from /home/airflow/.local/lib/python3.12/site-packages/airflow/example_dags/example_complex.py
[2024-11-19T17:48:28.981+0000] {logging_mixin.py:190} INFO - [2024-11-19T17:48:28.981+0000] {dag.py:3239} INFO - Sync 1 DAGs
[2024-11-19T17:48:29.002+0000] {logging_mixin.py:190} INFO - [2024-11-19T17:48:29.002+0000] {dag.py:4180} INFO - Setting next_dagrun for example_complex to None, run_after=None
[2024-11-19T17:48:29.092+0000] {processor.py:208} INFO - Processing /home/airflow/.local/lib/python3.12/site-packages/airflow/example_dags/example_complex.py took 0.194 seconds
[2024-11-19T17:48:59.872+0000] {processor.py:186} INFO - Started process (PID=846) to work on /home/airflow/.local/lib/python3.12/site-packages/airflow/example_dags/example_complex.py
[2024-11-19T17:48:59.874+0000] {processor.py:914} INFO - Processing file /home/airflow/.local/lib/python3.12/site-packages/airflow/example_dags/example_complex.py for tasks to queue
[2024-11-19T17:48:59.878+0000] {logging_mixin.py:190} INFO - [2024-11-19T17:48:59.877+0000] {dagbag.py:588} INFO - Filling up the DagBag from /home/airflow/.local/lib/python3.12/site-packages/airflow/example_dags/example_complex.py
[2024-11-19T17:48:59.906+0000] {processor.py:925} INFO - DAG(s) 'example_complex' retrieved from /home/airflow/.local/lib/python3.12/site-packages/airflow/example_dags/example_complex.py
[2024-11-19T17:48:59.965+0000] {logging_mixin.py:190} INFO - [2024-11-19T17:48:59.965+0000] {dag.py:3239} INFO - Sync 1 DAGs
[2024-11-19T17:48:59.991+0000] {logging_mixin.py:190} INFO - [2024-11-19T17:48:59.991+0000] {dag.py:4180} INFO - Setting next_dagrun for example_complex to None, run_after=None
[2024-11-19T17:49:00.056+0000] {processor.py:208} INFO - Processing /home/airflow/.local/lib/python3.12/site-packages/airflow/example_dags/example_complex.py took 0.196 seconds
[2024-11-19T17:49:32.322+0000] {processor.py:186} INFO - Started process (PID=916) to work on /home/airflow/.local/lib/python3.12/site-packages/airflow/example_dags/example_complex.py
[2024-11-19T17:49:32.324+0000] {processor.py:914} INFO - Processing file /home/airflow/.local/lib/python3.12/site-packages/airflow/example_dags/example_complex.py for tasks to queue
[2024-11-19T17:49:32.331+0000] {logging_mixin.py:190} INFO - [2024-11-19T17:49:32.330+0000] {dagbag.py:588} INFO - Filling up the DagBag from /home/airflow/.local/lib/python3.12/site-packages/airflow/example_dags/example_complex.py
[2024-11-19T17:49:32.383+0000] {processor.py:925} INFO - DAG(s) 'example_complex' retrieved from /home/airflow/.local/lib/python3.12/site-packages/airflow/example_dags/example_complex.py
[2024-11-19T17:49:32.484+0000] {logging_mixin.py:190} INFO - [2024-11-19T17:49:32.483+0000] {dag.py:3239} INFO - Sync 1 DAGs
[2024-11-19T17:49:32.521+0000] {logging_mixin.py:190} INFO - [2024-11-19T17:49:32.521+0000] {dag.py:4180} INFO - Setting next_dagrun for example_complex to None, run_after=None
[2024-11-19T17:49:32.694+0000] {processor.py:208} INFO - Processing /home/airflow/.local/lib/python3.12/site-packages/airflow/example_dags/example_complex.py took 0.393 seconds
[2024-11-19T17:50:04.939+0000] {processor.py:186} INFO - Started process (PID=987) to work on /home/airflow/.local/lib/python3.12/site-packages/airflow/example_dags/example_complex.py
[2024-11-19T17:50:04.941+0000] {processor.py:914} INFO - Processing file /home/airflow/.local/lib/python3.12/site-packages/airflow/example_dags/example_complex.py for tasks to queue
[2024-11-19T17:50:04.946+0000] {logging_mixin.py:190} INFO - [2024-11-19T17:50:04.946+0000] {dagbag.py:588} INFO - Filling up the DagBag from /home/airflow/.local/lib/python3.12/site-packages/airflow/example_dags/example_complex.py
[2024-11-19T17:50:04.966+0000] {processor.py:925} INFO - DAG(s) 'example_complex' retrieved from /home/airflow/.local/lib/python3.12/site-packages/airflow/example_dags/example_complex.py
[2024-11-19T17:50:05.037+0000] {logging_mixin.py:190} INFO - [2024-11-19T17:50:05.036+0000] {dag.py:3239} INFO - Sync 1 DAGs
[2024-11-19T17:50:05.065+0000] {logging_mixin.py:190} INFO - [2024-11-19T17:50:05.065+0000] {dag.py:4180} INFO - Setting next_dagrun for example_complex to None, run_after=None
[2024-11-19T17:50:05.135+0000] {processor.py:208} INFO - Processing /home/airflow/.local/lib/python3.12/site-packages/airflow/example_dags/example_complex.py took 0.206 seconds
[2024-11-19T17:50:36.343+0000] {processor.py:186} INFO - Started process (PID=1058) to work on /home/airflow/.local/lib/python3.12/site-packages/airflow/example_dags/example_complex.py
[2024-11-19T17:50:36.345+0000] {processor.py:914} INFO - Processing file /home/airflow/.local/lib/python3.12/site-packages/airflow/example_dags/example_complex.py for tasks to queue
[2024-11-19T17:50:36.348+0000] {logging_mixin.py:190} INFO - [2024-11-19T17:50:36.347+0000] {dagbag.py:588} INFO - Filling up the DagBag from /home/airflow/.local/lib/python3.12/site-packages/airflow/example_dags/example_complex.py
[2024-11-19T17:50:36.367+0000] {processor.py:925} INFO - DAG(s) 'example_complex' retrieved from /home/airflow/.local/lib/python3.12/site-packages/airflow/example_dags/example_complex.py
[2024-11-19T17:50:36.414+0000] {logging_mixin.py:190} INFO - [2024-11-19T17:50:36.414+0000] {dag.py:3239} INFO - Sync 1 DAGs
[2024-11-19T17:50:36.435+0000] {logging_mixin.py:190} INFO - [2024-11-19T17:50:36.435+0000] {dag.py:4180} INFO - Setting next_dagrun for example_complex to None, run_after=None
[2024-11-19T17:50:36.486+0000] {processor.py:208} INFO - Processing /home/airflow/.local/lib/python3.12/site-packages/airflow/example_dags/example_complex.py took 0.151 seconds
[2024-11-19T17:51:07.434+0000] {processor.py:186} INFO - Started process (PID=1119) to work on /home/airflow/.local/lib/python3.12/site-packages/airflow/example_dags/example_complex.py
[2024-11-19T17:51:07.435+0000] {processor.py:914} INFO - Processing file /home/airflow/.local/lib/python3.12/site-packages/airflow/example_dags/example_complex.py for tasks to queue
[2024-11-19T17:51:07.439+0000] {logging_mixin.py:190} INFO - [2024-11-19T17:51:07.439+0000] {dagbag.py:588} INFO - Filling up the DagBag from /home/airflow/.local/lib/python3.12/site-packages/airflow/example_dags/example_complex.py
[2024-11-19T17:51:07.459+0000] {processor.py:925} INFO - DAG(s) 'example_complex' retrieved from /home/airflow/.local/lib/python3.12/site-packages/airflow/example_dags/example_complex.py
[2024-11-19T17:51:07.513+0000] {logging_mixin.py:190} INFO - [2024-11-19T17:51:07.512+0000] {dag.py:3239} INFO - Sync 1 DAGs
[2024-11-19T17:51:07.545+0000] {logging_mixin.py:190} INFO - [2024-11-19T17:51:07.544+0000] {dag.py:4180} INFO - Setting next_dagrun for example_complex to None, run_after=None
[2024-11-19T17:51:07.601+0000] {processor.py:208} INFO - Processing /home/airflow/.local/lib/python3.12/site-packages/airflow/example_dags/example_complex.py took 0.178 seconds
[2024-11-19T17:51:39.769+0000] {processor.py:186} INFO - Started process (PID=1190) to work on /home/airflow/.local/lib/python3.12/site-packages/airflow/example_dags/example_complex.py
[2024-11-19T17:51:39.771+0000] {processor.py:914} INFO - Processing file /home/airflow/.local/lib/python3.12/site-packages/airflow/example_dags/example_complex.py for tasks to queue
[2024-11-19T17:51:39.777+0000] {logging_mixin.py:190} INFO - [2024-11-19T17:51:39.776+0000] {dagbag.py:588} INFO - Filling up the DagBag from /home/airflow/.local/lib/python3.12/site-packages/airflow/example_dags/example_complex.py
[2024-11-19T17:51:39.815+0000] {processor.py:925} INFO - DAG(s) 'example_complex' retrieved from /home/airflow/.local/lib/python3.12/site-packages/airflow/example_dags/example_complex.py
[2024-11-19T17:51:39.949+0000] {logging_mixin.py:190} INFO - [2024-11-19T17:51:39.949+0000] {dag.py:3239} INFO - Sync 1 DAGs
[2024-11-19T17:51:40.022+0000] {logging_mixin.py:190} INFO - [2024-11-19T17:51:40.022+0000] {dag.py:4180} INFO - Setting next_dagrun for example_complex to None, run_after=None
[2024-11-19T17:51:40.171+0000] {processor.py:208} INFO - Processing /home/airflow/.local/lib/python3.12/site-packages/airflow/example_dags/example_complex.py took 0.420 seconds
[2024-11-19T17:52:10.253+0000] {processor.py:186} INFO - Started process (PID=1260) to work on /home/airflow/.local/lib/python3.12/site-packages/airflow/example_dags/example_complex.py
[2024-11-19T17:52:10.255+0000] {processor.py:914} INFO - Processing file /home/airflow/.local/lib/python3.12/site-packages/airflow/example_dags/example_complex.py for tasks to queue
[2024-11-19T17:52:10.259+0000] {logging_mixin.py:190} INFO - [2024-11-19T17:52:10.258+0000] {dagbag.py:588} INFO - Filling up the DagBag from /home/airflow/.local/lib/python3.12/site-packages/airflow/example_dags/example_complex.py
[2024-11-19T17:52:10.284+0000] {processor.py:925} INFO - DAG(s) 'example_complex' retrieved from /home/airflow/.local/lib/python3.12/site-packages/airflow/example_dags/example_complex.py
[2024-11-19T17:52:10.353+0000] {logging_mixin.py:190} INFO - [2024-11-19T17:52:10.353+0000] {dag.py:3239} INFO - Sync 1 DAGs
[2024-11-19T17:52:10.381+0000] {logging_mixin.py:190} INFO - [2024-11-19T17:52:10.380+0000] {dag.py:4180} INFO - Setting next_dagrun for example_complex to None, run_after=None
[2024-11-19T17:52:10.488+0000] {processor.py:208} INFO - Processing /home/airflow/.local/lib/python3.12/site-packages/airflow/example_dags/example_complex.py took 0.247 seconds
[2024-11-19T17:52:40.587+0000] {processor.py:186} INFO - Started process (PID=1331) to work on /home/airflow/.local/lib/python3.12/site-packages/airflow/example_dags/example_complex.py
[2024-11-19T17:52:40.589+0000] {processor.py:914} INFO - Processing file /home/airflow/.local/lib/python3.12/site-packages/airflow/example_dags/example_complex.py for tasks to queue
[2024-11-19T17:52:40.593+0000] {logging_mixin.py:190} INFO - [2024-11-19T17:52:40.592+0000] {dagbag.py:588} INFO - Filling up the DagBag from /home/airflow/.local/lib/python3.12/site-packages/airflow/example_dags/example_complex.py
[2024-11-19T17:52:40.610+0000] {processor.py:925} INFO - DAG(s) 'example_complex' retrieved from /home/airflow/.local/lib/python3.12/site-packages/airflow/example_dags/example_complex.py
[2024-11-19T17:52:40.653+0000] {logging_mixin.py:190} INFO - [2024-11-19T17:52:40.653+0000] {dag.py:3239} INFO - Sync 1 DAGs
[2024-11-19T17:52:40.672+0000] {logging_mixin.py:190} INFO - [2024-11-19T17:52:40.672+0000] {dag.py:4180} INFO - Setting next_dagrun for example_complex to None, run_after=None
[2024-11-19T17:52:41.216+0000] {processor.py:208} INFO - Processing /home/airflow/.local/lib/python3.12/site-packages/airflow/example_dags/example_complex.py took 0.637 seconds
[2024-11-19T17:53:11.784+0000] {processor.py:186} INFO - Started process (PID=1402) to work on /home/airflow/.local/lib/python3.12/site-packages/airflow/example_dags/example_complex.py
[2024-11-19T17:53:11.786+0000] {processor.py:914} INFO - Processing file /home/airflow/.local/lib/python3.12/site-packages/airflow/example_dags/example_complex.py for tasks to queue
[2024-11-19T17:53:11.788+0000] {logging_mixin.py:190} INFO - [2024-11-19T17:53:11.787+0000] {dagbag.py:588} INFO - Filling up the DagBag from /home/airflow/.local/lib/python3.12/site-packages/airflow/example_dags/example_complex.py
[2024-11-19T17:53:11.806+0000] {processor.py:925} INFO - DAG(s) 'example_complex' retrieved from /home/airflow/.local/lib/python3.12/site-packages/airflow/example_dags/example_complex.py
[2024-11-19T17:53:11.851+0000] {logging_mixin.py:190} INFO - [2024-11-19T17:53:11.851+0000] {dag.py:3239} INFO - Sync 1 DAGs
[2024-11-19T17:53:11.868+0000] {logging_mixin.py:190} INFO - [2024-11-19T17:53:11.868+0000] {dag.py:4180} INFO - Setting next_dagrun for example_complex to None, run_after=None
[2024-11-19T17:53:11.942+0000] {processor.py:208} INFO - Processing /home/airflow/.local/lib/python3.12/site-packages/airflow/example_dags/example_complex.py took 0.168 seconds
[2024-11-19T17:53:42.542+0000] {processor.py:186} INFO - Started process (PID=1479) to work on /home/airflow/.local/lib/python3.12/site-packages/airflow/example_dags/example_complex.py
[2024-11-19T17:53:42.545+0000] {processor.py:914} INFO - Processing file /home/airflow/.local/lib/python3.12/site-packages/airflow/example_dags/example_complex.py for tasks to queue
[2024-11-19T17:53:42.552+0000] {logging_mixin.py:190} INFO - [2024-11-19T17:53:42.551+0000] {dagbag.py:588} INFO - Filling up the DagBag from /home/airflow/.local/lib/python3.12/site-packages/airflow/example_dags/example_complex.py
[2024-11-19T17:53:42.593+0000] {processor.py:925} INFO - DAG(s) 'example_complex' retrieved from /home/airflow/.local/lib/python3.12/site-packages/airflow/example_dags/example_complex.py
[2024-11-19T17:53:42.674+0000] {logging_mixin.py:190} INFO - [2024-11-19T17:53:42.673+0000] {dag.py:3239} INFO - Sync 1 DAGs
[2024-11-19T17:53:42.698+0000] {logging_mixin.py:190} INFO - [2024-11-19T17:53:42.697+0000] {dag.py:4180} INFO - Setting next_dagrun for example_complex to None, run_after=None
[2024-11-19T17:53:42.761+0000] {processor.py:208} INFO - Processing /home/airflow/.local/lib/python3.12/site-packages/airflow/example_dags/example_complex.py took 0.234 seconds
[2024-11-19T17:54:13.166+0000] {processor.py:186} INFO - Started process (PID=1550) to work on /home/airflow/.local/lib/python3.12/site-packages/airflow/example_dags/example_complex.py
[2024-11-19T17:54:13.167+0000] {processor.py:914} INFO - Processing file /home/airflow/.local/lib/python3.12/site-packages/airflow/example_dags/example_complex.py for tasks to queue
[2024-11-19T17:54:13.170+0000] {logging_mixin.py:190} INFO - [2024-11-19T17:54:13.170+0000] {dagbag.py:588} INFO - Filling up the DagBag from /home/airflow/.local/lib/python3.12/site-packages/airflow/example_dags/example_complex.py
[2024-11-19T17:54:13.193+0000] {processor.py:925} INFO - DAG(s) 'example_complex' retrieved from /home/airflow/.local/lib/python3.12/site-packages/airflow/example_dags/example_complex.py
[2024-11-19T17:54:13.241+0000] {logging_mixin.py:190} INFO - [2024-11-19T17:54:13.240+0000] {dag.py:3239} INFO - Sync 1 DAGs
[2024-11-19T17:54:13.261+0000] {logging_mixin.py:190} INFO - [2024-11-19T17:54:13.260+0000] {dag.py:4180} INFO - Setting next_dagrun for example_complex to None, run_after=None
[2024-11-19T17:54:13.392+0000] {processor.py:208} INFO - Processing /home/airflow/.local/lib/python3.12/site-packages/airflow/example_dags/example_complex.py took 0.232 seconds
[2024-11-19T17:54:43.886+0000] {processor.py:186} INFO - Started process (PID=1620) to work on /home/airflow/.local/lib/python3.12/site-packages/airflow/example_dags/example_complex.py
[2024-11-19T17:54:43.888+0000] {processor.py:914} INFO - Processing file /home/airflow/.local/lib/python3.12/site-packages/airflow/example_dags/example_complex.py for tasks to queue
[2024-11-19T17:54:43.891+0000] {logging_mixin.py:190} INFO - [2024-11-19T17:54:43.891+0000] {dagbag.py:588} INFO - Filling up the DagBag from /home/airflow/.local/lib/python3.12/site-packages/airflow/example_dags/example_complex.py
[2024-11-19T17:54:43.913+0000] {processor.py:925} INFO - DAG(s) 'example_complex' retrieved from /home/airflow/.local/lib/python3.12/site-packages/airflow/example_dags/example_complex.py
[2024-11-19T17:54:43.964+0000] {logging_mixin.py:190} INFO - [2024-11-19T17:54:43.963+0000] {dag.py:3239} INFO - Sync 1 DAGs
[2024-11-19T17:54:43.985+0000] {logging_mixin.py:190} INFO - [2024-11-19T17:54:43.985+0000] {dag.py:4180} INFO - Setting next_dagrun for example_complex to None, run_after=None
[2024-11-19T17:54:44.100+0000] {processor.py:208} INFO - Processing /home/airflow/.local/lib/python3.12/site-packages/airflow/example_dags/example_complex.py took 0.221 seconds
[2024-11-19T17:55:14.902+0000] {processor.py:186} INFO - Started process (PID=1687) to work on /home/airflow/.local/lib/python3.12/site-packages/airflow/example_dags/example_complex.py
[2024-11-19T17:55:14.904+0000] {processor.py:914} INFO - Processing file /home/airflow/.local/lib/python3.12/site-packages/airflow/example_dags/example_complex.py for tasks to queue
[2024-11-19T17:55:14.907+0000] {logging_mixin.py:190} INFO - [2024-11-19T17:55:14.907+0000] {dagbag.py:588} INFO - Filling up the DagBag from /home/airflow/.local/lib/python3.12/site-packages/airflow/example_dags/example_complex.py
[2024-11-19T17:55:14.927+0000] {processor.py:925} INFO - DAG(s) 'example_complex' retrieved from /home/airflow/.local/lib/python3.12/site-packages/airflow/example_dags/example_complex.py
[2024-11-19T17:55:15.000+0000] {logging_mixin.py:190} INFO - [2024-11-19T17:55:14.999+0000] {dag.py:3239} INFO - Sync 1 DAGs
[2024-11-19T17:55:15.022+0000] {logging_mixin.py:190} INFO - [2024-11-19T17:55:15.021+0000] {dag.py:4180} INFO - Setting next_dagrun for example_complex to None, run_after=None
[2024-11-19T17:55:15.209+0000] {processor.py:208} INFO - Processing /home/airflow/.local/lib/python3.12/site-packages/airflow/example_dags/example_complex.py took 0.319 seconds
[2024-11-19T17:55:45.617+0000] {processor.py:186} INFO - Started process (PID=1758) to work on /home/airflow/.local/lib/python3.12/site-packages/airflow/example_dags/example_complex.py
[2024-11-19T17:55:45.619+0000] {processor.py:914} INFO - Processing file /home/airflow/.local/lib/python3.12/site-packages/airflow/example_dags/example_complex.py for tasks to queue
[2024-11-19T17:55:45.624+0000] {logging_mixin.py:190} INFO - [2024-11-19T17:55:45.623+0000] {dagbag.py:588} INFO - Filling up the DagBag from /home/airflow/.local/lib/python3.12/site-packages/airflow/example_dags/example_complex.py
[2024-11-19T17:55:45.647+0000] {processor.py:925} INFO - DAG(s) 'example_complex' retrieved from /home/airflow/.local/lib/python3.12/site-packages/airflow/example_dags/example_complex.py
[2024-11-19T17:55:45.688+0000] {logging_mixin.py:190} INFO - [2024-11-19T17:55:45.688+0000] {dag.py:3239} INFO - Sync 1 DAGs
[2024-11-19T17:55:45.726+0000] {logging_mixin.py:190} INFO - [2024-11-19T17:55:45.725+0000] {dag.py:4180} INFO - Setting next_dagrun for example_complex to None, run_after=None
[2024-11-19T17:55:45.818+0000] {processor.py:208} INFO - Processing /home/airflow/.local/lib/python3.12/site-packages/airflow/example_dags/example_complex.py took 0.210 seconds
[2024-11-19T17:56:16.234+0000] {processor.py:186} INFO - Started process (PID=1829) to work on /home/airflow/.local/lib/python3.12/site-packages/airflow/example_dags/example_complex.py
[2024-11-19T17:56:16.236+0000] {processor.py:914} INFO - Processing file /home/airflow/.local/lib/python3.12/site-packages/airflow/example_dags/example_complex.py for tasks to queue
[2024-11-19T17:56:16.239+0000] {logging_mixin.py:190} INFO - [2024-11-19T17:56:16.239+0000] {dagbag.py:588} INFO - Filling up the DagBag from /home/airflow/.local/lib/python3.12/site-packages/airflow/example_dags/example_complex.py
[2024-11-19T17:56:16.258+0000] {processor.py:925} INFO - DAG(s) 'example_complex' retrieved from /home/airflow/.local/lib/python3.12/site-packages/airflow/example_dags/example_complex.py
[2024-11-19T17:56:16.305+0000] {logging_mixin.py:190} INFO - [2024-11-19T17:56:16.305+0000] {dag.py:3239} INFO - Sync 1 DAGs
[2024-11-19T17:56:16.327+0000] {logging_mixin.py:190} INFO - [2024-11-19T17:56:16.326+0000] {dag.py:4180} INFO - Setting next_dagrun for example_complex to None, run_after=None
[2024-11-19T17:56:16.863+0000] {processor.py:208} INFO - Processing /home/airflow/.local/lib/python3.12/site-packages/airflow/example_dags/example_complex.py took 0.639 seconds
[2024-11-19T17:56:47.129+0000] {processor.py:186} INFO - Started process (PID=1898) to work on /home/airflow/.local/lib/python3.12/site-packages/airflow/example_dags/example_complex.py
[2024-11-19T17:56:47.130+0000] {processor.py:914} INFO - Processing file /home/airflow/.local/lib/python3.12/site-packages/airflow/example_dags/example_complex.py for tasks to queue
[2024-11-19T17:56:47.133+0000] {logging_mixin.py:190} INFO - [2024-11-19T17:56:47.133+0000] {dagbag.py:588} INFO - Filling up the DagBag from /home/airflow/.local/lib/python3.12/site-packages/airflow/example_dags/example_complex.py
[2024-11-19T17:56:47.156+0000] {processor.py:925} INFO - DAG(s) 'example_complex' retrieved from /home/airflow/.local/lib/python3.12/site-packages/airflow/example_dags/example_complex.py
[2024-11-19T17:56:47.208+0000] {logging_mixin.py:190} INFO - [2024-11-19T17:56:47.207+0000] {dag.py:3239} INFO - Sync 1 DAGs
[2024-11-19T17:56:47.231+0000] {logging_mixin.py:190} INFO - [2024-11-19T17:56:47.231+0000] {dag.py:4180} INFO - Setting next_dagrun for example_complex to None, run_after=None
[2024-11-19T17:56:47.340+0000] {processor.py:208} INFO - Processing /home/airflow/.local/lib/python3.12/site-packages/airflow/example_dags/example_complex.py took 0.220 seconds
[2024-11-19T17:57:17.453+0000] {processor.py:186} INFO - Started process (PID=1969) to work on /home/airflow/.local/lib/python3.12/site-packages/airflow/example_dags/example_complex.py
[2024-11-19T17:57:17.454+0000] {processor.py:914} INFO - Processing file /home/airflow/.local/lib/python3.12/site-packages/airflow/example_dags/example_complex.py for tasks to queue
[2024-11-19T17:57:17.457+0000] {logging_mixin.py:190} INFO - [2024-11-19T17:57:17.456+0000] {dagbag.py:588} INFO - Filling up the DagBag from /home/airflow/.local/lib/python3.12/site-packages/airflow/example_dags/example_complex.py
[2024-11-19T17:57:17.471+0000] {processor.py:925} INFO - DAG(s) 'example_complex' retrieved from /home/airflow/.local/lib/python3.12/site-packages/airflow/example_dags/example_complex.py
[2024-11-19T17:57:17.510+0000] {logging_mixin.py:190} INFO - [2024-11-19T17:57:17.510+0000] {dag.py:3239} INFO - Sync 1 DAGs
[2024-11-19T17:57:17.529+0000] {logging_mixin.py:190} INFO - [2024-11-19T17:57:17.528+0000] {dag.py:4180} INFO - Setting next_dagrun for example_complex to None, run_after=None
[2024-11-19T17:57:17.594+0000] {processor.py:208} INFO - Processing /home/airflow/.local/lib/python3.12/site-packages/airflow/example_dags/example_complex.py took 0.148 seconds
[2024-11-19T17:57:47.680+0000] {processor.py:186} INFO - Started process (PID=2032) to work on /home/airflow/.local/lib/python3.12/site-packages/airflow/example_dags/example_complex.py
[2024-11-19T17:57:47.681+0000] {processor.py:914} INFO - Processing file /home/airflow/.local/lib/python3.12/site-packages/airflow/example_dags/example_complex.py for tasks to queue
[2024-11-19T17:57:47.684+0000] {logging_mixin.py:190} INFO - [2024-11-19T17:57:47.684+0000] {dagbag.py:588} INFO - Filling up the DagBag from /home/airflow/.local/lib/python3.12/site-packages/airflow/example_dags/example_complex.py
[2024-11-19T17:57:47.701+0000] {processor.py:925} INFO - DAG(s) 'example_complex' retrieved from /home/airflow/.local/lib/python3.12/site-packages/airflow/example_dags/example_complex.py
[2024-11-19T17:57:47.748+0000] {logging_mixin.py:190} INFO - [2024-11-19T17:57:47.747+0000] {dag.py:3239} INFO - Sync 1 DAGs
[2024-11-19T17:57:47.765+0000] {logging_mixin.py:190} INFO - [2024-11-19T17:57:47.765+0000] {dag.py:4180} INFO - Setting next_dagrun for example_complex to None, run_after=None
[2024-11-19T17:57:47.865+0000] {processor.py:208} INFO - Processing /home/airflow/.local/lib/python3.12/site-packages/airflow/example_dags/example_complex.py took 0.192 seconds
