[2024-11-19T17:41:51.279+0000] {processor.py:186} INFO - Started process (PID=134) to work on /home/airflow/.local/lib/python3.12/site-packages/airflow/example_dags/example_dataset_alias.py
[2024-11-19T17:41:51.281+0000] {processor.py:914} INFO - Processing file /home/airflow/.local/lib/python3.12/site-packages/airflow/example_dags/example_dataset_alias.py for tasks to queue
[2024-11-19T17:41:51.284+0000] {logging_mixin.py:190} INFO - [2024-11-19T17:41:51.284+0000] {dagbag.py:588} INFO - Filling up the DagBag from /home/airflow/.local/lib/python3.12/site-packages/airflow/example_dags/example_dataset_alias.py
[2024-11-19T17:41:53.401+0000] {processor.py:925} INFO - DAG(s) 'dataset_alias_example_alias_consumer', 'dataset_alias_example_alias_producer', 'dataset_s3_bucket_consumer', 'dataset_s3_bucket_producer' retrieved from /home/airflow/.local/lib/python3.12/site-packages/airflow/example_dags/example_dataset_alias.py
[2024-11-19T17:41:53.435+0000] {logging_mixin.py:190} INFO - [2024-11-19T17:41:53.434+0000] {dag.py:3239} INFO - Sync 4 DAGs
[2024-11-19T17:41:53.468+0000] {logging_mixin.py:190} INFO - [2024-11-19T17:41:53.468+0000] {dag.py:4180} INFO - Setting next_dagrun for dataset_alias_example_alias_consumer to None, run_after=None
[2024-11-19T17:41:53.472+0000] {logging_mixin.py:190} INFO - [2024-11-19T17:41:53.472+0000] {dag.py:4180} INFO - Setting next_dagrun for dataset_alias_example_alias_producer to None, run_after=None
[2024-11-19T17:41:53.474+0000] {logging_mixin.py:190} INFO - [2024-11-19T17:41:53.474+0000] {dag.py:4180} INFO - Setting next_dagrun for dataset_s3_bucket_consumer to None, run_after=None
[2024-11-19T17:41:53.477+0000] {logging_mixin.py:190} INFO - [2024-11-19T17:41:53.476+0000] {dag.py:4180} INFO - Setting next_dagrun for dataset_s3_bucket_producer to None, run_after=None
[2024-11-19T17:41:54.746+0000] {processor.py:208} INFO - Processing /home/airflow/.local/lib/python3.12/site-packages/airflow/example_dags/example_dataset_alias.py took 3.476 seconds
[2024-11-19T17:43:21.258+0000] {processor.py:186} INFO - Started process (PID=94) to work on /home/airflow/.local/lib/python3.12/site-packages/airflow/example_dags/example_dataset_alias.py
[2024-11-19T17:43:21.260+0000] {processor.py:914} INFO - Processing file /home/airflow/.local/lib/python3.12/site-packages/airflow/example_dags/example_dataset_alias.py for tasks to queue
[2024-11-19T17:43:21.263+0000] {logging_mixin.py:190} INFO - [2024-11-19T17:43:21.263+0000] {dagbag.py:588} INFO - Filling up the DagBag from /home/airflow/.local/lib/python3.12/site-packages/airflow/example_dags/example_dataset_alias.py
[2024-11-19T17:43:29.953+0000] {processor.py:925} INFO - DAG(s) 'dataset_alias_example_alias_producer', 'dataset_s3_bucket_consumer', 'dataset_s3_bucket_producer', 'dataset_alias_example_alias_consumer' retrieved from /home/airflow/.local/lib/python3.12/site-packages/airflow/example_dags/example_dataset_alias.py
[2024-11-19T17:43:29.986+0000] {logging_mixin.py:190} INFO - [2024-11-19T17:43:29.986+0000] {dag.py:3239} INFO - Sync 4 DAGs
[2024-11-19T17:43:30.020+0000] {logging_mixin.py:190} INFO - [2024-11-19T17:43:30.020+0000] {dag.py:4180} INFO - Setting next_dagrun for dataset_alias_example_alias_consumer to None, run_after=None
[2024-11-19T17:43:30.026+0000] {logging_mixin.py:190} INFO - [2024-11-19T17:43:30.025+0000] {dag.py:4180} INFO - Setting next_dagrun for dataset_alias_example_alias_producer to None, run_after=None
[2024-11-19T17:43:30.030+0000] {logging_mixin.py:190} INFO - [2024-11-19T17:43:30.030+0000] {dag.py:4180} INFO - Setting next_dagrun for dataset_s3_bucket_consumer to None, run_after=None
[2024-11-19T17:43:30.033+0000] {logging_mixin.py:190} INFO - [2024-11-19T17:43:30.032+0000] {dag.py:4180} INFO - Setting next_dagrun for dataset_s3_bucket_producer to None, run_after=None
[2024-11-19T17:43:30.422+0000] {processor.py:208} INFO - Processing /home/airflow/.local/lib/python3.12/site-packages/airflow/example_dags/example_dataset_alias.py took 9.172 seconds
[2024-11-19T17:44:01.226+0000] {processor.py:186} INFO - Started process (PID=166) to work on /home/airflow/.local/lib/python3.12/site-packages/airflow/example_dags/example_dataset_alias.py
[2024-11-19T17:44:01.228+0000] {processor.py:914} INFO - Processing file /home/airflow/.local/lib/python3.12/site-packages/airflow/example_dags/example_dataset_alias.py for tasks to queue
[2024-11-19T17:44:01.230+0000] {logging_mixin.py:190} INFO - [2024-11-19T17:44:01.230+0000] {dagbag.py:588} INFO - Filling up the DagBag from /home/airflow/.local/lib/python3.12/site-packages/airflow/example_dags/example_dataset_alias.py
[2024-11-19T17:44:01.948+0000] {processor.py:925} INFO - DAG(s) 'dataset_s3_bucket_consumer', 'dataset_s3_bucket_producer', 'dataset_alias_example_alias_producer', 'dataset_alias_example_alias_consumer' retrieved from /home/airflow/.local/lib/python3.12/site-packages/airflow/example_dags/example_dataset_alias.py
[2024-11-19T17:44:01.976+0000] {logging_mixin.py:190} INFO - [2024-11-19T17:44:01.976+0000] {dag.py:3239} INFO - Sync 4 DAGs
[2024-11-19T17:44:02.011+0000] {logging_mixin.py:190} INFO - [2024-11-19T17:44:02.011+0000] {dag.py:4180} INFO - Setting next_dagrun for dataset_alias_example_alias_consumer to None, run_after=None
[2024-11-19T17:44:02.015+0000] {logging_mixin.py:190} INFO - [2024-11-19T17:44:02.015+0000] {dag.py:4180} INFO - Setting next_dagrun for dataset_alias_example_alias_producer to None, run_after=None
[2024-11-19T17:44:02.018+0000] {logging_mixin.py:190} INFO - [2024-11-19T17:44:02.018+0000] {dag.py:4180} INFO - Setting next_dagrun for dataset_s3_bucket_consumer to None, run_after=None
[2024-11-19T17:44:02.021+0000] {logging_mixin.py:190} INFO - [2024-11-19T17:44:02.021+0000] {dag.py:4180} INFO - Setting next_dagrun for dataset_s3_bucket_producer to None, run_after=None
[2024-11-19T17:44:02.094+0000] {processor.py:208} INFO - Processing /home/airflow/.local/lib/python3.12/site-packages/airflow/example_dags/example_dataset_alias.py took 0.875 seconds
[2024-11-19T17:44:32.308+0000] {processor.py:186} INFO - Started process (PID=238) to work on /home/airflow/.local/lib/python3.12/site-packages/airflow/example_dags/example_dataset_alias.py
[2024-11-19T17:44:32.310+0000] {processor.py:914} INFO - Processing file /home/airflow/.local/lib/python3.12/site-packages/airflow/example_dags/example_dataset_alias.py for tasks to queue
[2024-11-19T17:44:32.313+0000] {logging_mixin.py:190} INFO - [2024-11-19T17:44:32.312+0000] {dagbag.py:588} INFO - Filling up the DagBag from /home/airflow/.local/lib/python3.12/site-packages/airflow/example_dags/example_dataset_alias.py
[2024-11-19T17:44:33.059+0000] {processor.py:925} INFO - DAG(s) 'dataset_alias_example_alias_producer', 'dataset_alias_example_alias_consumer', 'dataset_s3_bucket_consumer', 'dataset_s3_bucket_producer' retrieved from /home/airflow/.local/lib/python3.12/site-packages/airflow/example_dags/example_dataset_alias.py
[2024-11-19T17:44:33.089+0000] {logging_mixin.py:190} INFO - [2024-11-19T17:44:33.088+0000] {dag.py:3239} INFO - Sync 4 DAGs
[2024-11-19T17:44:33.123+0000] {logging_mixin.py:190} INFO - [2024-11-19T17:44:33.123+0000] {dag.py:4180} INFO - Setting next_dagrun for dataset_alias_example_alias_consumer to None, run_after=None
[2024-11-19T17:44:33.126+0000] {logging_mixin.py:190} INFO - [2024-11-19T17:44:33.126+0000] {dag.py:4180} INFO - Setting next_dagrun for dataset_alias_example_alias_producer to None, run_after=None
[2024-11-19T17:44:33.128+0000] {logging_mixin.py:190} INFO - [2024-11-19T17:44:33.128+0000] {dag.py:4180} INFO - Setting next_dagrun for dataset_s3_bucket_consumer to None, run_after=None
[2024-11-19T17:44:33.130+0000] {logging_mixin.py:190} INFO - [2024-11-19T17:44:33.130+0000] {dag.py:4180} INFO - Setting next_dagrun for dataset_s3_bucket_producer to None, run_after=None
[2024-11-19T17:44:33.193+0000] {processor.py:208} INFO - Processing /home/airflow/.local/lib/python3.12/site-packages/airflow/example_dags/example_dataset_alias.py took 0.893 seconds
[2024-11-19T17:45:03.527+0000] {processor.py:186} INFO - Started process (PID=308) to work on /home/airflow/.local/lib/python3.12/site-packages/airflow/example_dags/example_dataset_alias.py
[2024-11-19T17:45:03.529+0000] {processor.py:914} INFO - Processing file /home/airflow/.local/lib/python3.12/site-packages/airflow/example_dags/example_dataset_alias.py for tasks to queue
[2024-11-19T17:45:03.533+0000] {logging_mixin.py:190} INFO - [2024-11-19T17:45:03.532+0000] {dagbag.py:588} INFO - Filling up the DagBag from /home/airflow/.local/lib/python3.12/site-packages/airflow/example_dags/example_dataset_alias.py
[2024-11-19T17:45:04.268+0000] {processor.py:925} INFO - DAG(s) 'dataset_alias_example_alias_consumer', 'dataset_alias_example_alias_producer', 'dataset_s3_bucket_producer', 'dataset_s3_bucket_consumer' retrieved from /home/airflow/.local/lib/python3.12/site-packages/airflow/example_dags/example_dataset_alias.py
[2024-11-19T17:45:04.298+0000] {logging_mixin.py:190} INFO - [2024-11-19T17:45:04.298+0000] {dag.py:3239} INFO - Sync 4 DAGs
[2024-11-19T17:45:04.325+0000] {logging_mixin.py:190} INFO - [2024-11-19T17:45:04.325+0000] {dag.py:4180} INFO - Setting next_dagrun for dataset_alias_example_alias_consumer to None, run_after=None
[2024-11-19T17:45:04.329+0000] {logging_mixin.py:190} INFO - [2024-11-19T17:45:04.329+0000] {dag.py:4180} INFO - Setting next_dagrun for dataset_alias_example_alias_producer to None, run_after=None
[2024-11-19T17:45:04.333+0000] {logging_mixin.py:190} INFO - [2024-11-19T17:45:04.332+0000] {dag.py:4180} INFO - Setting next_dagrun for dataset_s3_bucket_consumer to None, run_after=None
[2024-11-19T17:45:04.335+0000] {logging_mixin.py:190} INFO - [2024-11-19T17:45:04.335+0000] {dag.py:4180} INFO - Setting next_dagrun for dataset_s3_bucket_producer to None, run_after=None
[2024-11-19T17:45:04.404+0000] {processor.py:208} INFO - Processing /home/airflow/.local/lib/python3.12/site-packages/airflow/example_dags/example_dataset_alias.py took 0.885 seconds
[2024-11-19T17:45:39.377+0000] {processor.py:186} INFO - Started process (PID=378) to work on /home/airflow/.local/lib/python3.12/site-packages/airflow/example_dags/example_dataset_alias.py
[2024-11-19T17:45:39.404+0000] {processor.py:914} INFO - Processing file /home/airflow/.local/lib/python3.12/site-packages/airflow/example_dags/example_dataset_alias.py for tasks to queue
[2024-11-19T17:45:39.407+0000] {logging_mixin.py:190} INFO - [2024-11-19T17:45:39.407+0000] {dagbag.py:588} INFO - Filling up the DagBag from /home/airflow/.local/lib/python3.12/site-packages/airflow/example_dags/example_dataset_alias.py
[2024-11-19T17:45:40.181+0000] {processor.py:925} INFO - DAG(s) 'dataset_alias_example_alias_consumer', 'dataset_s3_bucket_consumer', 'dataset_s3_bucket_producer', 'dataset_alias_example_alias_producer' retrieved from /home/airflow/.local/lib/python3.12/site-packages/airflow/example_dags/example_dataset_alias.py
[2024-11-19T17:45:40.282+0000] {logging_mixin.py:190} INFO - [2024-11-19T17:45:40.273+0000] {dag.py:3239} INFO - Sync 4 DAGs
[2024-11-19T17:45:40.352+0000] {logging_mixin.py:190} INFO - [2024-11-19T17:45:40.351+0000] {dag.py:4180} INFO - Setting next_dagrun for dataset_alias_example_alias_consumer to None, run_after=None
[2024-11-19T17:45:40.359+0000] {logging_mixin.py:190} INFO - [2024-11-19T17:45:40.358+0000] {dag.py:4180} INFO - Setting next_dagrun for dataset_alias_example_alias_producer to None, run_after=None
[2024-11-19T17:45:40.364+0000] {logging_mixin.py:190} INFO - [2024-11-19T17:45:40.364+0000] {dag.py:4180} INFO - Setting next_dagrun for dataset_s3_bucket_consumer to None, run_after=None
[2024-11-19T17:45:40.369+0000] {logging_mixin.py:190} INFO - [2024-11-19T17:45:40.368+0000] {dag.py:4180} INFO - Setting next_dagrun for dataset_s3_bucket_producer to None, run_after=None
[2024-11-19T17:45:40.656+0000] {processor.py:208} INFO - Processing /home/airflow/.local/lib/python3.12/site-packages/airflow/example_dags/example_dataset_alias.py took 1.286 seconds
[2024-11-19T17:46:10.963+0000] {processor.py:186} INFO - Started process (PID=455) to work on /home/airflow/.local/lib/python3.12/site-packages/airflow/example_dags/example_dataset_alias.py
[2024-11-19T17:46:10.964+0000] {processor.py:914} INFO - Processing file /home/airflow/.local/lib/python3.12/site-packages/airflow/example_dags/example_dataset_alias.py for tasks to queue
[2024-11-19T17:46:10.967+0000] {logging_mixin.py:190} INFO - [2024-11-19T17:46:10.967+0000] {dagbag.py:588} INFO - Filling up the DagBag from /home/airflow/.local/lib/python3.12/site-packages/airflow/example_dags/example_dataset_alias.py
[2024-11-19T17:46:11.727+0000] {processor.py:925} INFO - DAG(s) 'dataset_s3_bucket_producer', 'dataset_alias_example_alias_consumer', 'dataset_s3_bucket_consumer', 'dataset_alias_example_alias_producer' retrieved from /home/airflow/.local/lib/python3.12/site-packages/airflow/example_dags/example_dataset_alias.py
[2024-11-19T17:46:11.756+0000] {logging_mixin.py:190} INFO - [2024-11-19T17:46:11.756+0000] {dag.py:3239} INFO - Sync 4 DAGs
[2024-11-19T17:46:11.785+0000] {logging_mixin.py:190} INFO - [2024-11-19T17:46:11.785+0000] {dag.py:4180} INFO - Setting next_dagrun for dataset_alias_example_alias_consumer to None, run_after=None
[2024-11-19T17:46:11.790+0000] {logging_mixin.py:190} INFO - [2024-11-19T17:46:11.790+0000] {dag.py:4180} INFO - Setting next_dagrun for dataset_alias_example_alias_producer to None, run_after=None
[2024-11-19T17:46:11.792+0000] {logging_mixin.py:190} INFO - [2024-11-19T17:46:11.792+0000] {dag.py:4180} INFO - Setting next_dagrun for dataset_s3_bucket_consumer to None, run_after=None
[2024-11-19T17:46:11.795+0000] {logging_mixin.py:190} INFO - [2024-11-19T17:46:11.794+0000] {dag.py:4180} INFO - Setting next_dagrun for dataset_s3_bucket_producer to None, run_after=None
[2024-11-19T17:46:12.501+0000] {processor.py:208} INFO - Processing /home/airflow/.local/lib/python3.12/site-packages/airflow/example_dags/example_dataset_alias.py took 1.547 seconds
[2024-11-19T17:46:42.736+0000] {processor.py:186} INFO - Started process (PID=526) to work on /home/airflow/.local/lib/python3.12/site-packages/airflow/example_dags/example_dataset_alias.py
[2024-11-19T17:46:42.737+0000] {processor.py:914} INFO - Processing file /home/airflow/.local/lib/python3.12/site-packages/airflow/example_dags/example_dataset_alias.py for tasks to queue
[2024-11-19T17:46:42.741+0000] {logging_mixin.py:190} INFO - [2024-11-19T17:46:42.740+0000] {dagbag.py:588} INFO - Filling up the DagBag from /home/airflow/.local/lib/python3.12/site-packages/airflow/example_dags/example_dataset_alias.py
[2024-11-19T17:46:43.601+0000] {processor.py:925} INFO - DAG(s) 'dataset_alias_example_alias_consumer', 'dataset_s3_bucket_consumer', 'dataset_alias_example_alias_producer', 'dataset_s3_bucket_producer' retrieved from /home/airflow/.local/lib/python3.12/site-packages/airflow/example_dags/example_dataset_alias.py
[2024-11-19T17:46:43.634+0000] {logging_mixin.py:190} INFO - [2024-11-19T17:46:43.633+0000] {dag.py:3239} INFO - Sync 4 DAGs
[2024-11-19T17:46:43.667+0000] {logging_mixin.py:190} INFO - [2024-11-19T17:46:43.667+0000] {dag.py:4180} INFO - Setting next_dagrun for dataset_alias_example_alias_consumer to None, run_after=None
[2024-11-19T17:46:43.671+0000] {logging_mixin.py:190} INFO - [2024-11-19T17:46:43.671+0000] {dag.py:4180} INFO - Setting next_dagrun for dataset_alias_example_alias_producer to None, run_after=None
[2024-11-19T17:46:43.673+0000] {logging_mixin.py:190} INFO - [2024-11-19T17:46:43.673+0000] {dag.py:4180} INFO - Setting next_dagrun for dataset_s3_bucket_consumer to None, run_after=None
[2024-11-19T17:46:43.675+0000] {logging_mixin.py:190} INFO - [2024-11-19T17:46:43.675+0000] {dag.py:4180} INFO - Setting next_dagrun for dataset_s3_bucket_producer to None, run_after=None
[2024-11-19T17:46:43.915+0000] {processor.py:208} INFO - Processing /home/airflow/.local/lib/python3.12/site-packages/airflow/example_dags/example_dataset_alias.py took 1.188 seconds
[2024-11-19T17:47:14.289+0000] {processor.py:186} INFO - Started process (PID=597) to work on /home/airflow/.local/lib/python3.12/site-packages/airflow/example_dags/example_dataset_alias.py
[2024-11-19T17:47:14.291+0000] {processor.py:914} INFO - Processing file /home/airflow/.local/lib/python3.12/site-packages/airflow/example_dags/example_dataset_alias.py for tasks to queue
[2024-11-19T17:47:14.294+0000] {logging_mixin.py:190} INFO - [2024-11-19T17:47:14.294+0000] {dagbag.py:588} INFO - Filling up the DagBag from /home/airflow/.local/lib/python3.12/site-packages/airflow/example_dags/example_dataset_alias.py
[2024-11-19T17:47:18.461+0000] {processor.py:925} INFO - DAG(s) 'dataset_alias_example_alias_producer', 'dataset_s3_bucket_consumer', 'dataset_s3_bucket_producer', 'dataset_alias_example_alias_consumer' retrieved from /home/airflow/.local/lib/python3.12/site-packages/airflow/example_dags/example_dataset_alias.py
[2024-11-19T17:47:18.494+0000] {logging_mixin.py:190} INFO - [2024-11-19T17:47:18.494+0000] {dag.py:3239} INFO - Sync 4 DAGs
[2024-11-19T17:47:18.530+0000] {logging_mixin.py:190} INFO - [2024-11-19T17:47:18.530+0000] {dag.py:4180} INFO - Setting next_dagrun for dataset_alias_example_alias_consumer to None, run_after=None
[2024-11-19T17:47:18.535+0000] {logging_mixin.py:190} INFO - [2024-11-19T17:47:18.535+0000] {dag.py:4180} INFO - Setting next_dagrun for dataset_alias_example_alias_producer to None, run_after=None
[2024-11-19T17:47:18.538+0000] {logging_mixin.py:190} INFO - [2024-11-19T17:47:18.537+0000] {dag.py:4180} INFO - Setting next_dagrun for dataset_s3_bucket_consumer to None, run_after=None
[2024-11-19T17:47:18.540+0000] {logging_mixin.py:190} INFO - [2024-11-19T17:47:18.540+0000] {dag.py:4180} INFO - Setting next_dagrun for dataset_s3_bucket_producer to None, run_after=None
[2024-11-19T17:47:18.623+0000] {processor.py:208} INFO - Processing /home/airflow/.local/lib/python3.12/site-packages/airflow/example_dags/example_dataset_alias.py took 4.343 seconds
[2024-11-19T17:47:49.074+0000] {processor.py:186} INFO - Started process (PID=668) to work on /home/airflow/.local/lib/python3.12/site-packages/airflow/example_dags/example_dataset_alias.py
[2024-11-19T17:47:49.076+0000] {processor.py:914} INFO - Processing file /home/airflow/.local/lib/python3.12/site-packages/airflow/example_dags/example_dataset_alias.py for tasks to queue
[2024-11-19T17:47:49.079+0000] {logging_mixin.py:190} INFO - [2024-11-19T17:47:49.078+0000] {dagbag.py:588} INFO - Filling up the DagBag from /home/airflow/.local/lib/python3.12/site-packages/airflow/example_dags/example_dataset_alias.py
[2024-11-19T17:47:49.895+0000] {processor.py:925} INFO - DAG(s) 'dataset_s3_bucket_consumer', 'dataset_alias_example_alias_consumer', 'dataset_s3_bucket_producer', 'dataset_alias_example_alias_producer' retrieved from /home/airflow/.local/lib/python3.12/site-packages/airflow/example_dags/example_dataset_alias.py
[2024-11-19T17:47:49.923+0000] {logging_mixin.py:190} INFO - [2024-11-19T17:47:49.922+0000] {dag.py:3239} INFO - Sync 4 DAGs
[2024-11-19T17:47:49.958+0000] {logging_mixin.py:190} INFO - [2024-11-19T17:47:49.958+0000] {dag.py:4180} INFO - Setting next_dagrun for dataset_alias_example_alias_consumer to None, run_after=None
[2024-11-19T17:47:49.962+0000] {logging_mixin.py:190} INFO - [2024-11-19T17:47:49.962+0000] {dag.py:4180} INFO - Setting next_dagrun for dataset_alias_example_alias_producer to None, run_after=None
[2024-11-19T17:47:49.965+0000] {logging_mixin.py:190} INFO - [2024-11-19T17:47:49.964+0000] {dag.py:4180} INFO - Setting next_dagrun for dataset_s3_bucket_consumer to None, run_after=None
[2024-11-19T17:47:49.967+0000] {logging_mixin.py:190} INFO - [2024-11-19T17:47:49.967+0000] {dag.py:4180} INFO - Setting next_dagrun for dataset_s3_bucket_producer to None, run_after=None
[2024-11-19T17:47:50.030+0000] {processor.py:208} INFO - Processing /home/airflow/.local/lib/python3.12/site-packages/airflow/example_dags/example_dataset_alias.py took 0.963 seconds
[2024-11-19T17:48:20.468+0000] {processor.py:186} INFO - Started process (PID=739) to work on /home/airflow/.local/lib/python3.12/site-packages/airflow/example_dags/example_dataset_alias.py
[2024-11-19T17:48:20.471+0000] {processor.py:914} INFO - Processing file /home/airflow/.local/lib/python3.12/site-packages/airflow/example_dags/example_dataset_alias.py for tasks to queue
[2024-11-19T17:48:20.476+0000] {logging_mixin.py:190} INFO - [2024-11-19T17:48:20.476+0000] {dagbag.py:588} INFO - Filling up the DagBag from /home/airflow/.local/lib/python3.12/site-packages/airflow/example_dags/example_dataset_alias.py
[2024-11-19T17:48:21.302+0000] {processor.py:925} INFO - DAG(s) 'dataset_s3_bucket_consumer', 'dataset_alias_example_alias_consumer', 'dataset_alias_example_alias_producer', 'dataset_s3_bucket_producer' retrieved from /home/airflow/.local/lib/python3.12/site-packages/airflow/example_dags/example_dataset_alias.py
[2024-11-19T17:48:21.330+0000] {logging_mixin.py:190} INFO - [2024-11-19T17:48:21.329+0000] {dag.py:3239} INFO - Sync 4 DAGs
[2024-11-19T17:48:21.363+0000] {logging_mixin.py:190} INFO - [2024-11-19T17:48:21.363+0000] {dag.py:4180} INFO - Setting next_dagrun for dataset_alias_example_alias_consumer to None, run_after=None
[2024-11-19T17:48:21.367+0000] {logging_mixin.py:190} INFO - [2024-11-19T17:48:21.367+0000] {dag.py:4180} INFO - Setting next_dagrun for dataset_alias_example_alias_producer to None, run_after=None
[2024-11-19T17:48:21.370+0000] {logging_mixin.py:190} INFO - [2024-11-19T17:48:21.370+0000] {dag.py:4180} INFO - Setting next_dagrun for dataset_s3_bucket_consumer to None, run_after=None
[2024-11-19T17:48:21.373+0000] {logging_mixin.py:190} INFO - [2024-11-19T17:48:21.372+0000] {dag.py:4180} INFO - Setting next_dagrun for dataset_s3_bucket_producer to None, run_after=None
[2024-11-19T17:48:21.476+0000] {processor.py:208} INFO - Processing /home/airflow/.local/lib/python3.12/site-packages/airflow/example_dags/example_dataset_alias.py took 1.021 seconds
[2024-11-19T17:48:52.312+0000] {processor.py:186} INFO - Started process (PID=811) to work on /home/airflow/.local/lib/python3.12/site-packages/airflow/example_dags/example_dataset_alias.py
[2024-11-19T17:48:52.314+0000] {processor.py:914} INFO - Processing file /home/airflow/.local/lib/python3.12/site-packages/airflow/example_dags/example_dataset_alias.py for tasks to queue
[2024-11-19T17:48:52.317+0000] {logging_mixin.py:190} INFO - [2024-11-19T17:48:52.316+0000] {dagbag.py:588} INFO - Filling up the DagBag from /home/airflow/.local/lib/python3.12/site-packages/airflow/example_dags/example_dataset_alias.py
[2024-11-19T17:48:53.112+0000] {processor.py:925} INFO - DAG(s) 'dataset_alias_example_alias_producer', 'dataset_s3_bucket_producer', 'dataset_s3_bucket_consumer', 'dataset_alias_example_alias_consumer' retrieved from /home/airflow/.local/lib/python3.12/site-packages/airflow/example_dags/example_dataset_alias.py
[2024-11-19T17:48:53.148+0000] {logging_mixin.py:190} INFO - [2024-11-19T17:48:53.147+0000] {dag.py:3239} INFO - Sync 4 DAGs
[2024-11-19T17:48:53.181+0000] {logging_mixin.py:190} INFO - [2024-11-19T17:48:53.181+0000] {dag.py:4180} INFO - Setting next_dagrun for dataset_alias_example_alias_consumer to None, run_after=None
[2024-11-19T17:48:53.185+0000] {logging_mixin.py:190} INFO - [2024-11-19T17:48:53.185+0000] {dag.py:4180} INFO - Setting next_dagrun for dataset_alias_example_alias_producer to None, run_after=None
[2024-11-19T17:48:53.188+0000] {logging_mixin.py:190} INFO - [2024-11-19T17:48:53.187+0000] {dag.py:4180} INFO - Setting next_dagrun for dataset_s3_bucket_consumer to None, run_after=None
[2024-11-19T17:48:53.190+0000] {logging_mixin.py:190} INFO - [2024-11-19T17:48:53.190+0000] {dag.py:4180} INFO - Setting next_dagrun for dataset_s3_bucket_producer to None, run_after=None
[2024-11-19T17:48:53.745+0000] {processor.py:208} INFO - Processing /home/airflow/.local/lib/python3.12/site-packages/airflow/example_dags/example_dataset_alias.py took 1.441 seconds
[2024-11-19T17:49:23.840+0000] {processor.py:186} INFO - Started process (PID=881) to work on /home/airflow/.local/lib/python3.12/site-packages/airflow/example_dags/example_dataset_alias.py
[2024-11-19T17:49:23.841+0000] {processor.py:914} INFO - Processing file /home/airflow/.local/lib/python3.12/site-packages/airflow/example_dags/example_dataset_alias.py for tasks to queue
[2024-11-19T17:49:23.844+0000] {logging_mixin.py:190} INFO - [2024-11-19T17:49:23.844+0000] {dagbag.py:588} INFO - Filling up the DagBag from /home/airflow/.local/lib/python3.12/site-packages/airflow/example_dags/example_dataset_alias.py
[2024-11-19T17:49:24.848+0000] {processor.py:925} INFO - DAG(s) 'dataset_alias_example_alias_producer', 'dataset_s3_bucket_consumer', 'dataset_s3_bucket_producer', 'dataset_alias_example_alias_consumer' retrieved from /home/airflow/.local/lib/python3.12/site-packages/airflow/example_dags/example_dataset_alias.py
[2024-11-19T17:49:24.880+0000] {logging_mixin.py:190} INFO - [2024-11-19T17:49:24.879+0000] {dag.py:3239} INFO - Sync 4 DAGs
[2024-11-19T17:49:24.913+0000] {logging_mixin.py:190} INFO - [2024-11-19T17:49:24.913+0000] {dag.py:4180} INFO - Setting next_dagrun for dataset_alias_example_alias_consumer to None, run_after=None
[2024-11-19T17:49:24.917+0000] {logging_mixin.py:190} INFO - [2024-11-19T17:49:24.917+0000] {dag.py:4180} INFO - Setting next_dagrun for dataset_alias_example_alias_producer to None, run_after=None
[2024-11-19T17:49:24.919+0000] {logging_mixin.py:190} INFO - [2024-11-19T17:49:24.919+0000] {dag.py:4180} INFO - Setting next_dagrun for dataset_s3_bucket_consumer to None, run_after=None
[2024-11-19T17:49:24.921+0000] {logging_mixin.py:190} INFO - [2024-11-19T17:49:24.921+0000] {dag.py:4180} INFO - Setting next_dagrun for dataset_s3_bucket_producer to None, run_after=None
[2024-11-19T17:49:24.989+0000] {processor.py:208} INFO - Processing /home/airflow/.local/lib/python3.12/site-packages/airflow/example_dags/example_dataset_alias.py took 1.157 seconds
[2024-11-19T17:49:55.583+0000] {processor.py:186} INFO - Started process (PID=952) to work on /home/airflow/.local/lib/python3.12/site-packages/airflow/example_dags/example_dataset_alias.py
[2024-11-19T17:49:55.585+0000] {processor.py:914} INFO - Processing file /home/airflow/.local/lib/python3.12/site-packages/airflow/example_dags/example_dataset_alias.py for tasks to queue
[2024-11-19T17:49:55.592+0000] {logging_mixin.py:190} INFO - [2024-11-19T17:49:55.591+0000] {dagbag.py:588} INFO - Filling up the DagBag from /home/airflow/.local/lib/python3.12/site-packages/airflow/example_dags/example_dataset_alias.py
[2024-11-19T17:49:57.175+0000] {processor.py:925} INFO - DAG(s) 'dataset_s3_bucket_consumer', 'dataset_alias_example_alias_consumer', 'dataset_s3_bucket_producer', 'dataset_alias_example_alias_producer' retrieved from /home/airflow/.local/lib/python3.12/site-packages/airflow/example_dags/example_dataset_alias.py
[2024-11-19T17:49:57.243+0000] {logging_mixin.py:190} INFO - [2024-11-19T17:49:57.239+0000] {dag.py:3239} INFO - Sync 4 DAGs
[2024-11-19T17:49:57.327+0000] {logging_mixin.py:190} INFO - [2024-11-19T17:49:57.326+0000] {dag.py:4180} INFO - Setting next_dagrun for dataset_alias_example_alias_consumer to None, run_after=None
[2024-11-19T17:49:57.333+0000] {logging_mixin.py:190} INFO - [2024-11-19T17:49:57.333+0000] {dag.py:4180} INFO - Setting next_dagrun for dataset_alias_example_alias_producer to None, run_after=None
[2024-11-19T17:49:57.336+0000] {logging_mixin.py:190} INFO - [2024-11-19T17:49:57.336+0000] {dag.py:4180} INFO - Setting next_dagrun for dataset_s3_bucket_consumer to None, run_after=None
[2024-11-19T17:49:57.340+0000] {logging_mixin.py:190} INFO - [2024-11-19T17:49:57.340+0000] {dag.py:4180} INFO - Setting next_dagrun for dataset_s3_bucket_producer to None, run_after=None
[2024-11-19T17:49:57.421+0000] {processor.py:208} INFO - Processing /home/airflow/.local/lib/python3.12/site-packages/airflow/example_dags/example_dataset_alias.py took 1.857 seconds
[2024-11-19T17:50:27.634+0000] {processor.py:186} INFO - Started process (PID=1023) to work on /home/airflow/.local/lib/python3.12/site-packages/airflow/example_dags/example_dataset_alias.py
[2024-11-19T17:50:27.635+0000] {processor.py:914} INFO - Processing file /home/airflow/.local/lib/python3.12/site-packages/airflow/example_dags/example_dataset_alias.py for tasks to queue
[2024-11-19T17:50:27.639+0000] {logging_mixin.py:190} INFO - [2024-11-19T17:50:27.638+0000] {dagbag.py:588} INFO - Filling up the DagBag from /home/airflow/.local/lib/python3.12/site-packages/airflow/example_dags/example_dataset_alias.py
[2024-11-19T17:50:28.665+0000] {processor.py:925} INFO - DAG(s) 'dataset_alias_example_alias_producer', 'dataset_s3_bucket_producer', 'dataset_alias_example_alias_consumer', 'dataset_s3_bucket_consumer' retrieved from /home/airflow/.local/lib/python3.12/site-packages/airflow/example_dags/example_dataset_alias.py
[2024-11-19T17:50:28.704+0000] {logging_mixin.py:190} INFO - [2024-11-19T17:50:28.703+0000] {dag.py:3239} INFO - Sync 4 DAGs
[2024-11-19T17:50:28.745+0000] {logging_mixin.py:190} INFO - [2024-11-19T17:50:28.744+0000] {dag.py:4180} INFO - Setting next_dagrun for dataset_alias_example_alias_consumer to None, run_after=None
[2024-11-19T17:50:28.749+0000] {logging_mixin.py:190} INFO - [2024-11-19T17:50:28.749+0000] {dag.py:4180} INFO - Setting next_dagrun for dataset_alias_example_alias_producer to None, run_after=None
[2024-11-19T17:50:28.752+0000] {logging_mixin.py:190} INFO - [2024-11-19T17:50:28.751+0000] {dag.py:4180} INFO - Setting next_dagrun for dataset_s3_bucket_consumer to None, run_after=None
[2024-11-19T17:50:28.754+0000] {logging_mixin.py:190} INFO - [2024-11-19T17:50:28.753+0000] {dag.py:4180} INFO - Setting next_dagrun for dataset_s3_bucket_producer to None, run_after=None
[2024-11-19T17:50:28.817+0000] {processor.py:208} INFO - Processing /home/airflow/.local/lib/python3.12/site-packages/airflow/example_dags/example_dataset_alias.py took 1.196 seconds
[2024-11-19T17:50:58.885+0000] {processor.py:186} INFO - Started process (PID=1094) to work on /home/airflow/.local/lib/python3.12/site-packages/airflow/example_dags/example_dataset_alias.py
[2024-11-19T17:50:58.887+0000] {processor.py:914} INFO - Processing file /home/airflow/.local/lib/python3.12/site-packages/airflow/example_dags/example_dataset_alias.py for tasks to queue
[2024-11-19T17:50:58.890+0000] {logging_mixin.py:190} INFO - [2024-11-19T17:50:58.890+0000] {dagbag.py:588} INFO - Filling up the DagBag from /home/airflow/.local/lib/python3.12/site-packages/airflow/example_dags/example_dataset_alias.py
[2024-11-19T17:50:59.832+0000] {processor.py:925} INFO - DAG(s) 'dataset_alias_example_alias_consumer', 'dataset_s3_bucket_producer', 'dataset_s3_bucket_consumer', 'dataset_alias_example_alias_producer' retrieved from /home/airflow/.local/lib/python3.12/site-packages/airflow/example_dags/example_dataset_alias.py
[2024-11-19T17:50:59.867+0000] {logging_mixin.py:190} INFO - [2024-11-19T17:50:59.867+0000] {dag.py:3239} INFO - Sync 4 DAGs
[2024-11-19T17:50:59.907+0000] {logging_mixin.py:190} INFO - [2024-11-19T17:50:59.906+0000] {dag.py:4180} INFO - Setting next_dagrun for dataset_alias_example_alias_consumer to None, run_after=None
[2024-11-19T17:50:59.911+0000] {logging_mixin.py:190} INFO - [2024-11-19T17:50:59.911+0000] {dag.py:4180} INFO - Setting next_dagrun for dataset_alias_example_alias_producer to None, run_after=None
[2024-11-19T17:50:59.914+0000] {logging_mixin.py:190} INFO - [2024-11-19T17:50:59.913+0000] {dag.py:4180} INFO - Setting next_dagrun for dataset_s3_bucket_consumer to None, run_after=None
[2024-11-19T17:50:59.916+0000] {logging_mixin.py:190} INFO - [2024-11-19T17:50:59.915+0000] {dag.py:4180} INFO - Setting next_dagrun for dataset_s3_bucket_producer to None, run_after=None
[2024-11-19T17:51:00.000+0000] {processor.py:208} INFO - Processing /home/airflow/.local/lib/python3.12/site-packages/airflow/example_dags/example_dataset_alias.py took 1.124 seconds
[2024-11-19T17:51:30.183+0000] {processor.py:186} INFO - Started process (PID=1165) to work on /home/airflow/.local/lib/python3.12/site-packages/airflow/example_dags/example_dataset_alias.py
[2024-11-19T17:51:30.186+0000] {processor.py:914} INFO - Processing file /home/airflow/.local/lib/python3.12/site-packages/airflow/example_dags/example_dataset_alias.py for tasks to queue
[2024-11-19T17:51:30.191+0000] {logging_mixin.py:190} INFO - [2024-11-19T17:51:30.190+0000] {dagbag.py:588} INFO - Filling up the DagBag from /home/airflow/.local/lib/python3.12/site-packages/airflow/example_dags/example_dataset_alias.py
[2024-11-19T17:51:31.734+0000] {processor.py:925} INFO - DAG(s) 'dataset_s3_bucket_consumer', 'dataset_s3_bucket_producer', 'dataset_alias_example_alias_producer', 'dataset_alias_example_alias_consumer' retrieved from /home/airflow/.local/lib/python3.12/site-packages/airflow/example_dags/example_dataset_alias.py
[2024-11-19T17:51:31.789+0000] {logging_mixin.py:190} INFO - [2024-11-19T17:51:31.787+0000] {dag.py:3239} INFO - Sync 4 DAGs
[2024-11-19T17:51:31.849+0000] {logging_mixin.py:190} INFO - [2024-11-19T17:51:31.848+0000] {dag.py:4180} INFO - Setting next_dagrun for dataset_alias_example_alias_consumer to None, run_after=None
[2024-11-19T17:51:31.854+0000] {logging_mixin.py:190} INFO - [2024-11-19T17:51:31.854+0000] {dag.py:4180} INFO - Setting next_dagrun for dataset_alias_example_alias_producer to None, run_after=None
[2024-11-19T17:51:31.858+0000] {logging_mixin.py:190} INFO - [2024-11-19T17:51:31.858+0000] {dag.py:4180} INFO - Setting next_dagrun for dataset_s3_bucket_consumer to None, run_after=None
[2024-11-19T17:51:31.863+0000] {logging_mixin.py:190} INFO - [2024-11-19T17:51:31.862+0000] {dag.py:4180} INFO - Setting next_dagrun for dataset_s3_bucket_producer to None, run_after=None
[2024-11-19T17:51:31.951+0000] {processor.py:208} INFO - Processing /home/airflow/.local/lib/python3.12/site-packages/airflow/example_dags/example_dataset_alias.py took 1.783 seconds
[2024-11-19T17:52:03.269+0000] {processor.py:186} INFO - Started process (PID=1238) to work on /home/airflow/.local/lib/python3.12/site-packages/airflow/example_dags/example_dataset_alias.py
[2024-11-19T17:52:03.271+0000] {processor.py:914} INFO - Processing file /home/airflow/.local/lib/python3.12/site-packages/airflow/example_dags/example_dataset_alias.py for tasks to queue
[2024-11-19T17:52:03.274+0000] {logging_mixin.py:190} INFO - [2024-11-19T17:52:03.274+0000] {dagbag.py:588} INFO - Filling up the DagBag from /home/airflow/.local/lib/python3.12/site-packages/airflow/example_dags/example_dataset_alias.py
[2024-11-19T17:52:04.314+0000] {processor.py:925} INFO - DAG(s) 'dataset_s3_bucket_consumer', 'dataset_alias_example_alias_consumer', 'dataset_s3_bucket_producer', 'dataset_alias_example_alias_producer' retrieved from /home/airflow/.local/lib/python3.12/site-packages/airflow/example_dags/example_dataset_alias.py
[2024-11-19T17:52:04.360+0000] {logging_mixin.py:190} INFO - [2024-11-19T17:52:04.359+0000] {dag.py:3239} INFO - Sync 4 DAGs
[2024-11-19T17:52:04.403+0000] {logging_mixin.py:190} INFO - [2024-11-19T17:52:04.402+0000] {dag.py:4180} INFO - Setting next_dagrun for dataset_alias_example_alias_consumer to None, run_after=None
[2024-11-19T17:52:04.411+0000] {logging_mixin.py:190} INFO - [2024-11-19T17:52:04.411+0000] {dag.py:4180} INFO - Setting next_dagrun for dataset_alias_example_alias_producer to None, run_after=None
[2024-11-19T17:52:04.414+0000] {logging_mixin.py:190} INFO - [2024-11-19T17:52:04.414+0000] {dag.py:4180} INFO - Setting next_dagrun for dataset_s3_bucket_consumer to None, run_after=None
[2024-11-19T17:52:04.419+0000] {logging_mixin.py:190} INFO - [2024-11-19T17:52:04.419+0000] {dag.py:4180} INFO - Setting next_dagrun for dataset_s3_bucket_producer to None, run_after=None
[2024-11-19T17:52:04.596+0000] {processor.py:208} INFO - Processing /home/airflow/.local/lib/python3.12/site-packages/airflow/example_dags/example_dataset_alias.py took 1.337 seconds
[2024-11-19T17:52:34.768+0000] {processor.py:186} INFO - Started process (PID=1310) to work on /home/airflow/.local/lib/python3.12/site-packages/airflow/example_dags/example_dataset_alias.py
[2024-11-19T17:52:34.769+0000] {processor.py:914} INFO - Processing file /home/airflow/.local/lib/python3.12/site-packages/airflow/example_dags/example_dataset_alias.py for tasks to queue
[2024-11-19T17:52:34.773+0000] {logging_mixin.py:190} INFO - [2024-11-19T17:52:34.772+0000] {dagbag.py:588} INFO - Filling up the DagBag from /home/airflow/.local/lib/python3.12/site-packages/airflow/example_dags/example_dataset_alias.py
[2024-11-19T17:52:35.681+0000] {processor.py:925} INFO - DAG(s) 'dataset_s3_bucket_consumer', 'dataset_s3_bucket_producer', 'dataset_alias_example_alias_consumer', 'dataset_alias_example_alias_producer' retrieved from /home/airflow/.local/lib/python3.12/site-packages/airflow/example_dags/example_dataset_alias.py
[2024-11-19T17:52:35.713+0000] {logging_mixin.py:190} INFO - [2024-11-19T17:52:35.712+0000] {dag.py:3239} INFO - Sync 4 DAGs
[2024-11-19T17:52:35.750+0000] {logging_mixin.py:190} INFO - [2024-11-19T17:52:35.750+0000] {dag.py:4180} INFO - Setting next_dagrun for dataset_alias_example_alias_consumer to None, run_after=None
[2024-11-19T17:52:35.754+0000] {logging_mixin.py:190} INFO - [2024-11-19T17:52:35.754+0000] {dag.py:4180} INFO - Setting next_dagrun for dataset_alias_example_alias_producer to None, run_after=None
[2024-11-19T17:52:35.757+0000] {logging_mixin.py:190} INFO - [2024-11-19T17:52:35.756+0000] {dag.py:4180} INFO - Setting next_dagrun for dataset_s3_bucket_consumer to None, run_after=None
[2024-11-19T17:52:35.760+0000] {logging_mixin.py:190} INFO - [2024-11-19T17:52:35.759+0000] {dag.py:4180} INFO - Setting next_dagrun for dataset_s3_bucket_producer to None, run_after=None
[2024-11-19T17:52:36.212+0000] {processor.py:208} INFO - Processing /home/airflow/.local/lib/python3.12/site-packages/airflow/example_dags/example_dataset_alias.py took 1.451 seconds
[2024-11-19T17:53:06.791+0000] {processor.py:186} INFO - Started process (PID=1382) to work on /home/airflow/.local/lib/python3.12/site-packages/airflow/example_dags/example_dataset_alias.py
[2024-11-19T17:53:06.793+0000] {processor.py:914} INFO - Processing file /home/airflow/.local/lib/python3.12/site-packages/airflow/example_dags/example_dataset_alias.py for tasks to queue
[2024-11-19T17:53:06.796+0000] {logging_mixin.py:190} INFO - [2024-11-19T17:53:06.795+0000] {dagbag.py:588} INFO - Filling up the DagBag from /home/airflow/.local/lib/python3.12/site-packages/airflow/example_dags/example_dataset_alias.py
[2024-11-19T17:53:07.553+0000] {processor.py:925} INFO - DAG(s) 'dataset_alias_example_alias_consumer', 'dataset_alias_example_alias_producer', 'dataset_s3_bucket_consumer', 'dataset_s3_bucket_producer' retrieved from /home/airflow/.local/lib/python3.12/site-packages/airflow/example_dags/example_dataset_alias.py
[2024-11-19T17:53:07.584+0000] {logging_mixin.py:190} INFO - [2024-11-19T17:53:07.584+0000] {dag.py:3239} INFO - Sync 4 DAGs
[2024-11-19T17:53:07.612+0000] {logging_mixin.py:190} INFO - [2024-11-19T17:53:07.612+0000] {dag.py:4180} INFO - Setting next_dagrun for dataset_alias_example_alias_consumer to None, run_after=None
[2024-11-19T17:53:07.616+0000] {logging_mixin.py:190} INFO - [2024-11-19T17:53:07.616+0000] {dag.py:4180} INFO - Setting next_dagrun for dataset_alias_example_alias_producer to None, run_after=None
[2024-11-19T17:53:07.619+0000] {logging_mixin.py:190} INFO - [2024-11-19T17:53:07.619+0000] {dag.py:4180} INFO - Setting next_dagrun for dataset_s3_bucket_consumer to None, run_after=None
[2024-11-19T17:53:07.621+0000] {logging_mixin.py:190} INFO - [2024-11-19T17:53:07.620+0000] {dag.py:4180} INFO - Setting next_dagrun for dataset_s3_bucket_producer to None, run_after=None
[2024-11-19T17:53:08.097+0000] {processor.py:208} INFO - Processing /home/airflow/.local/lib/python3.12/site-packages/airflow/example_dags/example_dataset_alias.py took 1.314 seconds
[2024-11-19T17:53:38.333+0000] {processor.py:186} INFO - Started process (PID=1453) to work on /home/airflow/.local/lib/python3.12/site-packages/airflow/example_dags/example_dataset_alias.py
[2024-11-19T17:53:38.334+0000] {processor.py:914} INFO - Processing file /home/airflow/.local/lib/python3.12/site-packages/airflow/example_dags/example_dataset_alias.py for tasks to queue
[2024-11-19T17:53:38.337+0000] {logging_mixin.py:190} INFO - [2024-11-19T17:53:38.337+0000] {dagbag.py:588} INFO - Filling up the DagBag from /home/airflow/.local/lib/python3.12/site-packages/airflow/example_dags/example_dataset_alias.py
[2024-11-19T17:53:39.077+0000] {processor.py:925} INFO - DAG(s) 'dataset_alias_example_alias_producer', 'dataset_alias_example_alias_consumer', 'dataset_s3_bucket_consumer', 'dataset_s3_bucket_producer' retrieved from /home/airflow/.local/lib/python3.12/site-packages/airflow/example_dags/example_dataset_alias.py
[2024-11-19T17:53:39.105+0000] {logging_mixin.py:190} INFO - [2024-11-19T17:53:39.105+0000] {dag.py:3239} INFO - Sync 4 DAGs
[2024-11-19T17:53:39.132+0000] {logging_mixin.py:190} INFO - [2024-11-19T17:53:39.132+0000] {dag.py:4180} INFO - Setting next_dagrun for dataset_alias_example_alias_consumer to None, run_after=None
[2024-11-19T17:53:39.136+0000] {logging_mixin.py:190} INFO - [2024-11-19T17:53:39.136+0000] {dag.py:4180} INFO - Setting next_dagrun for dataset_alias_example_alias_producer to None, run_after=None
[2024-11-19T17:53:39.138+0000] {logging_mixin.py:190} INFO - [2024-11-19T17:53:39.137+0000] {dag.py:4180} INFO - Setting next_dagrun for dataset_s3_bucket_consumer to None, run_after=None
[2024-11-19T17:53:39.139+0000] {logging_mixin.py:190} INFO - [2024-11-19T17:53:39.139+0000] {dag.py:4180} INFO - Setting next_dagrun for dataset_s3_bucket_producer to None, run_after=None
[2024-11-19T17:53:39.200+0000] {processor.py:208} INFO - Processing /home/airflow/.local/lib/python3.12/site-packages/airflow/example_dags/example_dataset_alias.py took 0.875 seconds
[2024-11-19T17:54:09.653+0000] {processor.py:186} INFO - Started process (PID=1524) to work on /home/airflow/.local/lib/python3.12/site-packages/airflow/example_dags/example_dataset_alias.py
[2024-11-19T17:54:09.654+0000] {processor.py:914} INFO - Processing file /home/airflow/.local/lib/python3.12/site-packages/airflow/example_dags/example_dataset_alias.py for tasks to queue
[2024-11-19T17:54:09.657+0000] {logging_mixin.py:190} INFO - [2024-11-19T17:54:09.657+0000] {dagbag.py:588} INFO - Filling up the DagBag from /home/airflow/.local/lib/python3.12/site-packages/airflow/example_dags/example_dataset_alias.py
[2024-11-19T17:54:10.420+0000] {processor.py:925} INFO - DAG(s) 'dataset_s3_bucket_consumer', 'dataset_alias_example_alias_consumer', 'dataset_s3_bucket_producer', 'dataset_alias_example_alias_producer' retrieved from /home/airflow/.local/lib/python3.12/site-packages/airflow/example_dags/example_dataset_alias.py
[2024-11-19T17:54:10.445+0000] {logging_mixin.py:190} INFO - [2024-11-19T17:54:10.444+0000] {dag.py:3239} INFO - Sync 4 DAGs
[2024-11-19T17:54:10.473+0000] {logging_mixin.py:190} INFO - [2024-11-19T17:54:10.473+0000] {dag.py:4180} INFO - Setting next_dagrun for dataset_alias_example_alias_consumer to None, run_after=None
[2024-11-19T17:54:10.476+0000] {logging_mixin.py:190} INFO - [2024-11-19T17:54:10.476+0000] {dag.py:4180} INFO - Setting next_dagrun for dataset_alias_example_alias_producer to None, run_after=None
[2024-11-19T17:54:10.478+0000] {logging_mixin.py:190} INFO - [2024-11-19T17:54:10.478+0000] {dag.py:4180} INFO - Setting next_dagrun for dataset_s3_bucket_consumer to None, run_after=None
[2024-11-19T17:54:10.480+0000] {logging_mixin.py:190} INFO - [2024-11-19T17:54:10.480+0000] {dag.py:4180} INFO - Setting next_dagrun for dataset_s3_bucket_producer to None, run_after=None
[2024-11-19T17:54:10.608+0000] {processor.py:208} INFO - Processing /home/airflow/.local/lib/python3.12/site-packages/airflow/example_dags/example_dataset_alias.py took 0.964 seconds
[2024-11-19T17:54:40.713+0000] {processor.py:186} INFO - Started process (PID=1598) to work on /home/airflow/.local/lib/python3.12/site-packages/airflow/example_dags/example_dataset_alias.py
[2024-11-19T17:54:40.714+0000] {processor.py:914} INFO - Processing file /home/airflow/.local/lib/python3.12/site-packages/airflow/example_dags/example_dataset_alias.py for tasks to queue
[2024-11-19T17:54:40.717+0000] {logging_mixin.py:190} INFO - [2024-11-19T17:54:40.717+0000] {dagbag.py:588} INFO - Filling up the DagBag from /home/airflow/.local/lib/python3.12/site-packages/airflow/example_dags/example_dataset_alias.py
[2024-11-19T17:54:41.493+0000] {processor.py:925} INFO - DAG(s) 'dataset_alias_example_alias_consumer', 'dataset_s3_bucket_producer', 'dataset_s3_bucket_consumer', 'dataset_alias_example_alias_producer' retrieved from /home/airflow/.local/lib/python3.12/site-packages/airflow/example_dags/example_dataset_alias.py
[2024-11-19T17:54:41.521+0000] {logging_mixin.py:190} INFO - [2024-11-19T17:54:41.521+0000] {dag.py:3239} INFO - Sync 4 DAGs
[2024-11-19T17:54:41.551+0000] {logging_mixin.py:190} INFO - [2024-11-19T17:54:41.551+0000] {dag.py:4180} INFO - Setting next_dagrun for dataset_alias_example_alias_consumer to None, run_after=None
[2024-11-19T17:54:41.554+0000] {logging_mixin.py:190} INFO - [2024-11-19T17:54:41.554+0000] {dag.py:4180} INFO - Setting next_dagrun for dataset_alias_example_alias_producer to None, run_after=None
[2024-11-19T17:54:41.557+0000] {logging_mixin.py:190} INFO - [2024-11-19T17:54:41.557+0000] {dag.py:4180} INFO - Setting next_dagrun for dataset_s3_bucket_consumer to None, run_after=None
[2024-11-19T17:54:41.559+0000] {logging_mixin.py:190} INFO - [2024-11-19T17:54:41.559+0000] {dag.py:4180} INFO - Setting next_dagrun for dataset_s3_bucket_producer to None, run_after=None
[2024-11-19T17:54:41.650+0000] {processor.py:208} INFO - Processing /home/airflow/.local/lib/python3.12/site-packages/airflow/example_dags/example_dataset_alias.py took 0.946 seconds
[2024-11-19T17:55:12.525+0000] {processor.py:186} INFO - Started process (PID=1671) to work on /home/airflow/.local/lib/python3.12/site-packages/airflow/example_dags/example_dataset_alias.py
[2024-11-19T17:55:12.526+0000] {processor.py:914} INFO - Processing file /home/airflow/.local/lib/python3.12/site-packages/airflow/example_dags/example_dataset_alias.py for tasks to queue
[2024-11-19T17:55:12.530+0000] {logging_mixin.py:190} INFO - [2024-11-19T17:55:12.529+0000] {dagbag.py:588} INFO - Filling up the DagBag from /home/airflow/.local/lib/python3.12/site-packages/airflow/example_dags/example_dataset_alias.py
[2024-11-19T17:55:13.578+0000] {processor.py:925} INFO - DAG(s) 'dataset_alias_example_alias_producer', 'dataset_alias_example_alias_consumer', 'dataset_s3_bucket_producer', 'dataset_s3_bucket_consumer' retrieved from /home/airflow/.local/lib/python3.12/site-packages/airflow/example_dags/example_dataset_alias.py
[2024-11-19T17:55:13.606+0000] {logging_mixin.py:190} INFO - [2024-11-19T17:55:13.605+0000] {dag.py:3239} INFO - Sync 4 DAGs
[2024-11-19T17:55:13.635+0000] {logging_mixin.py:190} INFO - [2024-11-19T17:55:13.635+0000] {dag.py:4180} INFO - Setting next_dagrun for dataset_alias_example_alias_consumer to None, run_after=None
[2024-11-19T17:55:13.638+0000] {logging_mixin.py:190} INFO - [2024-11-19T17:55:13.638+0000] {dag.py:4180} INFO - Setting next_dagrun for dataset_alias_example_alias_producer to None, run_after=None
[2024-11-19T17:55:13.640+0000] {logging_mixin.py:190} INFO - [2024-11-19T17:55:13.640+0000] {dag.py:4180} INFO - Setting next_dagrun for dataset_s3_bucket_consumer to None, run_after=None
[2024-11-19T17:55:13.643+0000] {logging_mixin.py:190} INFO - [2024-11-19T17:55:13.643+0000] {dag.py:4180} INFO - Setting next_dagrun for dataset_s3_bucket_producer to None, run_after=None
[2024-11-19T17:55:13.846+0000] {processor.py:208} INFO - Processing /home/airflow/.local/lib/python3.12/site-packages/airflow/example_dags/example_dataset_alias.py took 1.330 seconds
[2024-11-19T17:55:44.349+0000] {processor.py:186} INFO - Started process (PID=1751) to work on /home/airflow/.local/lib/python3.12/site-packages/airflow/example_dags/example_dataset_alias.py
[2024-11-19T17:55:44.350+0000] {processor.py:914} INFO - Processing file /home/airflow/.local/lib/python3.12/site-packages/airflow/example_dags/example_dataset_alias.py for tasks to queue
[2024-11-19T17:55:44.354+0000] {logging_mixin.py:190} INFO - [2024-11-19T17:55:44.353+0000] {dagbag.py:588} INFO - Filling up the DagBag from /home/airflow/.local/lib/python3.12/site-packages/airflow/example_dags/example_dataset_alias.py
[2024-11-19T17:55:45.199+0000] {processor.py:925} INFO - DAG(s) 'dataset_alias_example_alias_producer', 'dataset_s3_bucket_producer', 'dataset_alias_example_alias_consumer', 'dataset_s3_bucket_consumer' retrieved from /home/airflow/.local/lib/python3.12/site-packages/airflow/example_dags/example_dataset_alias.py
[2024-11-19T17:55:45.244+0000] {logging_mixin.py:190} INFO - [2024-11-19T17:55:45.243+0000] {dag.py:3239} INFO - Sync 4 DAGs
[2024-11-19T17:55:45.286+0000] {logging_mixin.py:190} INFO - [2024-11-19T17:55:45.286+0000] {dag.py:4180} INFO - Setting next_dagrun for dataset_alias_example_alias_consumer to None, run_after=None
[2024-11-19T17:55:45.290+0000] {logging_mixin.py:190} INFO - [2024-11-19T17:55:45.290+0000] {dag.py:4180} INFO - Setting next_dagrun for dataset_alias_example_alias_producer to None, run_after=None
[2024-11-19T17:55:45.292+0000] {logging_mixin.py:190} INFO - [2024-11-19T17:55:45.292+0000] {dag.py:4180} INFO - Setting next_dagrun for dataset_s3_bucket_consumer to None, run_after=None
[2024-11-19T17:55:45.294+0000] {logging_mixin.py:190} INFO - [2024-11-19T17:55:45.294+0000] {dag.py:4180} INFO - Setting next_dagrun for dataset_s3_bucket_producer to None, run_after=None
[2024-11-19T17:55:45.427+0000] {processor.py:208} INFO - Processing /home/airflow/.local/lib/python3.12/site-packages/airflow/example_dags/example_dataset_alias.py took 1.085 seconds
[2024-11-19T17:56:15.909+0000] {processor.py:186} INFO - Started process (PID=1827) to work on /home/airflow/.local/lib/python3.12/site-packages/airflow/example_dags/example_dataset_alias.py
[2024-11-19T17:56:15.911+0000] {processor.py:914} INFO - Processing file /home/airflow/.local/lib/python3.12/site-packages/airflow/example_dags/example_dataset_alias.py for tasks to queue
[2024-11-19T17:56:15.913+0000] {logging_mixin.py:190} INFO - [2024-11-19T17:56:15.913+0000] {dagbag.py:588} INFO - Filling up the DagBag from /home/airflow/.local/lib/python3.12/site-packages/airflow/example_dags/example_dataset_alias.py
[2024-11-19T17:56:16.618+0000] {processor.py:925} INFO - DAG(s) 'dataset_s3_bucket_producer', 'dataset_s3_bucket_consumer', 'dataset_alias_example_alias_producer', 'dataset_alias_example_alias_consumer' retrieved from /home/airflow/.local/lib/python3.12/site-packages/airflow/example_dags/example_dataset_alias.py
[2024-11-19T17:56:16.643+0000] {logging_mixin.py:190} INFO - [2024-11-19T17:56:16.642+0000] {dag.py:3239} INFO - Sync 4 DAGs
[2024-11-19T17:56:16.669+0000] {logging_mixin.py:190} INFO - [2024-11-19T17:56:16.669+0000] {dag.py:4180} INFO - Setting next_dagrun for dataset_alias_example_alias_consumer to None, run_after=None
[2024-11-19T17:56:16.672+0000] {logging_mixin.py:190} INFO - [2024-11-19T17:56:16.672+0000] {dag.py:4180} INFO - Setting next_dagrun for dataset_alias_example_alias_producer to None, run_after=None
[2024-11-19T17:56:16.676+0000] {logging_mixin.py:190} INFO - [2024-11-19T17:56:16.675+0000] {dag.py:4180} INFO - Setting next_dagrun for dataset_s3_bucket_consumer to None, run_after=None
[2024-11-19T17:56:16.678+0000] {logging_mixin.py:190} INFO - [2024-11-19T17:56:16.677+0000] {dag.py:4180} INFO - Setting next_dagrun for dataset_s3_bucket_producer to None, run_after=None
[2024-11-19T17:56:16.862+0000] {processor.py:208} INFO - Processing /home/airflow/.local/lib/python3.12/site-packages/airflow/example_dags/example_dataset_alias.py took 0.959 seconds
[2024-11-19T17:56:47.152+0000] {processor.py:186} INFO - Started process (PID=1899) to work on /home/airflow/.local/lib/python3.12/site-packages/airflow/example_dags/example_dataset_alias.py
[2024-11-19T17:56:47.153+0000] {processor.py:914} INFO - Processing file /home/airflow/.local/lib/python3.12/site-packages/airflow/example_dags/example_dataset_alias.py for tasks to queue
[2024-11-19T17:56:47.156+0000] {logging_mixin.py:190} INFO - [2024-11-19T17:56:47.156+0000] {dagbag.py:588} INFO - Filling up the DagBag from /home/airflow/.local/lib/python3.12/site-packages/airflow/example_dags/example_dataset_alias.py
[2024-11-19T17:56:48.073+0000] {processor.py:925} INFO - DAG(s) 'dataset_s3_bucket_consumer', 'dataset_alias_example_alias_consumer', 'dataset_s3_bucket_producer', 'dataset_alias_example_alias_producer' retrieved from /home/airflow/.local/lib/python3.12/site-packages/airflow/example_dags/example_dataset_alias.py
[2024-11-19T17:56:48.104+0000] {logging_mixin.py:190} INFO - [2024-11-19T17:56:48.103+0000] {dag.py:3239} INFO - Sync 4 DAGs
[2024-11-19T17:56:48.141+0000] {logging_mixin.py:190} INFO - [2024-11-19T17:56:48.140+0000] {dag.py:4180} INFO - Setting next_dagrun for dataset_alias_example_alias_consumer to None, run_after=None
[2024-11-19T17:56:48.145+0000] {logging_mixin.py:190} INFO - [2024-11-19T17:56:48.145+0000] {dag.py:4180} INFO - Setting next_dagrun for dataset_alias_example_alias_producer to None, run_after=None
[2024-11-19T17:56:48.148+0000] {logging_mixin.py:190} INFO - [2024-11-19T17:56:48.147+0000] {dag.py:4180} INFO - Setting next_dagrun for dataset_s3_bucket_consumer to None, run_after=None
[2024-11-19T17:56:48.150+0000] {logging_mixin.py:190} INFO - [2024-11-19T17:56:48.149+0000] {dag.py:4180} INFO - Setting next_dagrun for dataset_s3_bucket_producer to None, run_after=None
[2024-11-19T17:56:48.242+0000] {processor.py:208} INFO - Processing /home/airflow/.local/lib/python3.12/site-packages/airflow/example_dags/example_dataset_alias.py took 1.098 seconds
[2024-11-19T17:57:19.231+0000] {processor.py:186} INFO - Started process (PID=1974) to work on /home/airflow/.local/lib/python3.12/site-packages/airflow/example_dags/example_dataset_alias.py
[2024-11-19T17:57:19.233+0000] {processor.py:914} INFO - Processing file /home/airflow/.local/lib/python3.12/site-packages/airflow/example_dags/example_dataset_alias.py for tasks to queue
[2024-11-19T17:57:19.236+0000] {logging_mixin.py:190} INFO - [2024-11-19T17:57:19.236+0000] {dagbag.py:588} INFO - Filling up the DagBag from /home/airflow/.local/lib/python3.12/site-packages/airflow/example_dags/example_dataset_alias.py
[2024-11-19T17:57:20.010+0000] {processor.py:925} INFO - DAG(s) 'dataset_alias_example_alias_consumer', 'dataset_s3_bucket_consumer', 'dataset_alias_example_alias_producer', 'dataset_s3_bucket_producer' retrieved from /home/airflow/.local/lib/python3.12/site-packages/airflow/example_dags/example_dataset_alias.py
[2024-11-19T17:57:20.040+0000] {logging_mixin.py:190} INFO - [2024-11-19T17:57:20.039+0000] {dag.py:3239} INFO - Sync 4 DAGs
[2024-11-19T17:57:20.067+0000] {logging_mixin.py:190} INFO - [2024-11-19T17:57:20.067+0000] {dag.py:4180} INFO - Setting next_dagrun for dataset_alias_example_alias_consumer to None, run_after=None
[2024-11-19T17:57:20.071+0000] {logging_mixin.py:190} INFO - [2024-11-19T17:57:20.070+0000] {dag.py:4180} INFO - Setting next_dagrun for dataset_alias_example_alias_producer to None, run_after=None
[2024-11-19T17:57:20.073+0000] {logging_mixin.py:190} INFO - [2024-11-19T17:57:20.073+0000] {dag.py:4180} INFO - Setting next_dagrun for dataset_s3_bucket_consumer to None, run_after=None
[2024-11-19T17:57:20.075+0000] {logging_mixin.py:190} INFO - [2024-11-19T17:57:20.075+0000] {dag.py:4180} INFO - Setting next_dagrun for dataset_s3_bucket_producer to None, run_after=None
[2024-11-19T17:57:20.157+0000] {processor.py:208} INFO - Processing /home/airflow/.local/lib/python3.12/site-packages/airflow/example_dags/example_dataset_alias.py took 0.936 seconds
[2024-11-19T17:57:50.271+0000] {processor.py:186} INFO - Started process (PID=2048) to work on /home/airflow/.local/lib/python3.12/site-packages/airflow/example_dags/example_dataset_alias.py
[2024-11-19T17:57:50.272+0000] {processor.py:914} INFO - Processing file /home/airflow/.local/lib/python3.12/site-packages/airflow/example_dags/example_dataset_alias.py for tasks to queue
[2024-11-19T17:57:50.275+0000] {logging_mixin.py:190} INFO - [2024-11-19T17:57:50.275+0000] {dagbag.py:588} INFO - Filling up the DagBag from /home/airflow/.local/lib/python3.12/site-packages/airflow/example_dags/example_dataset_alias.py
[2024-11-19T17:57:51.021+0000] {processor.py:925} INFO - DAG(s) 'dataset_s3_bucket_consumer', 'dataset_alias_example_alias_consumer', 'dataset_s3_bucket_producer', 'dataset_alias_example_alias_producer' retrieved from /home/airflow/.local/lib/python3.12/site-packages/airflow/example_dags/example_dataset_alias.py
[2024-11-19T17:57:51.049+0000] {logging_mixin.py:190} INFO - [2024-11-19T17:57:51.048+0000] {dag.py:3239} INFO - Sync 4 DAGs
[2024-11-19T17:57:51.078+0000] {logging_mixin.py:190} INFO - [2024-11-19T17:57:51.078+0000] {dag.py:4180} INFO - Setting next_dagrun for dataset_alias_example_alias_consumer to None, run_after=None
[2024-11-19T17:57:51.082+0000] {logging_mixin.py:190} INFO - [2024-11-19T17:57:51.082+0000] {dag.py:4180} INFO - Setting next_dagrun for dataset_alias_example_alias_producer to None, run_after=None
[2024-11-19T17:57:51.084+0000] {logging_mixin.py:190} INFO - [2024-11-19T17:57:51.084+0000] {dag.py:4180} INFO - Setting next_dagrun for dataset_s3_bucket_consumer to None, run_after=None
[2024-11-19T17:57:51.088+0000] {logging_mixin.py:190} INFO - [2024-11-19T17:57:51.088+0000] {dag.py:4180} INFO - Setting next_dagrun for dataset_s3_bucket_producer to None, run_after=None
[2024-11-19T17:57:51.192+0000] {processor.py:208} INFO - Processing /home/airflow/.local/lib/python3.12/site-packages/airflow/example_dags/example_dataset_alias.py took 0.930 seconds
