[2024-11-19T17:41:54.995+0000] {processor.py:186} INFO - Started process (PID=138) to work on /home/airflow/.local/lib/python3.12/site-packages/airflow/example_dags/example_latest_only.py
[2024-11-19T17:41:54.996+0000] {processor.py:914} INFO - Processing file /home/airflow/.local/lib/python3.12/site-packages/airflow/example_dags/example_latest_only.py for tasks to queue
[2024-11-19T17:41:55.000+0000] {logging_mixin.py:190} INFO - [2024-11-19T17:41:54.999+0000] {dagbag.py:588} INFO - Filling up the DagBag from /home/airflow/.local/lib/python3.12/site-packages/airflow/example_dags/example_latest_only.py
[2024-11-19T17:41:55.009+0000] {processor.py:925} INFO - DAG(s) 'latest_only' retrieved from /home/airflow/.local/lib/python3.12/site-packages/airflow/example_dags/example_latest_only.py
[2024-11-19T17:41:55.041+0000] {logging_mixin.py:190} INFO - [2024-11-19T17:41:55.040+0000] {dag.py:3239} INFO - Sync 1 DAGs
[2024-11-19T17:41:55.082+0000] {logging_mixin.py:190} INFO - [2024-11-19T17:41:55.082+0000] {dag.py:4180} INFO - Setting next_dagrun for latest_only to 2024-11-19 12:00:00+00:00, run_after=2024-11-19 16:00:00+00:00
[2024-11-19T17:41:55.145+0000] {processor.py:208} INFO - Processing /home/airflow/.local/lib/python3.12/site-packages/airflow/example_dags/example_latest_only.py took 0.159 seconds
[2024-11-19T17:43:30.708+0000] {processor.py:186} INFO - Started process (PID=98) to work on /home/airflow/.local/lib/python3.12/site-packages/airflow/example_dags/example_latest_only.py
[2024-11-19T17:43:30.709+0000] {processor.py:914} INFO - Processing file /home/airflow/.local/lib/python3.12/site-packages/airflow/example_dags/example_latest_only.py for tasks to queue
[2024-11-19T17:43:30.722+0000] {logging_mixin.py:190} INFO - [2024-11-19T17:43:30.721+0000] {dagbag.py:588} INFO - Filling up the DagBag from /home/airflow/.local/lib/python3.12/site-packages/airflow/example_dags/example_latest_only.py
[2024-11-19T17:43:30.753+0000] {processor.py:925} INFO - DAG(s) 'latest_only' retrieved from /home/airflow/.local/lib/python3.12/site-packages/airflow/example_dags/example_latest_only.py
[2024-11-19T17:43:30.809+0000] {logging_mixin.py:190} INFO - [2024-11-19T17:43:30.809+0000] {dag.py:3239} INFO - Sync 1 DAGs
[2024-11-19T17:43:30.918+0000] {logging_mixin.py:190} INFO - [2024-11-19T17:43:30.918+0000] {dag.py:4180} INFO - Setting next_dagrun for latest_only to 2024-11-19 12:00:00+00:00, run_after=2024-11-19 16:00:00+00:00
[2024-11-19T17:43:31.009+0000] {processor.py:208} INFO - Processing /home/airflow/.local/lib/python3.12/site-packages/airflow/example_dags/example_latest_only.py took 0.311 seconds
[2024-11-19T17:44:02.139+0000] {processor.py:186} INFO - Started process (PID=169) to work on /home/airflow/.local/lib/python3.12/site-packages/airflow/example_dags/example_latest_only.py
[2024-11-19T17:44:02.140+0000] {processor.py:914} INFO - Processing file /home/airflow/.local/lib/python3.12/site-packages/airflow/example_dags/example_latest_only.py for tasks to queue
[2024-11-19T17:44:02.144+0000] {logging_mixin.py:190} INFO - [2024-11-19T17:44:02.143+0000] {dagbag.py:588} INFO - Filling up the DagBag from /home/airflow/.local/lib/python3.12/site-packages/airflow/example_dags/example_latest_only.py
[2024-11-19T17:44:02.153+0000] {processor.py:925} INFO - DAG(s) 'latest_only' retrieved from /home/airflow/.local/lib/python3.12/site-packages/airflow/example_dags/example_latest_only.py
[2024-11-19T17:44:02.177+0000] {logging_mixin.py:190} INFO - [2024-11-19T17:44:02.177+0000] {dag.py:3239} INFO - Sync 1 DAGs
[2024-11-19T17:44:02.209+0000] {logging_mixin.py:190} INFO - [2024-11-19T17:44:02.208+0000] {dag.py:4180} INFO - Setting next_dagrun for latest_only to 2024-11-19 12:00:00+00:00, run_after=2024-11-19 16:00:00+00:00
[2024-11-19T17:44:02.252+0000] {processor.py:208} INFO - Processing /home/airflow/.local/lib/python3.12/site-packages/airflow/example_dags/example_latest_only.py took 0.120 seconds
[2024-11-19T17:44:33.193+0000] {processor.py:186} INFO - Started process (PID=240) to work on /home/airflow/.local/lib/python3.12/site-packages/airflow/example_dags/example_latest_only.py
[2024-11-19T17:44:33.194+0000] {processor.py:914} INFO - Processing file /home/airflow/.local/lib/python3.12/site-packages/airflow/example_dags/example_latest_only.py for tasks to queue
[2024-11-19T17:44:33.197+0000] {logging_mixin.py:190} INFO - [2024-11-19T17:44:33.197+0000] {dagbag.py:588} INFO - Filling up the DagBag from /home/airflow/.local/lib/python3.12/site-packages/airflow/example_dags/example_latest_only.py
[2024-11-19T17:44:33.210+0000] {processor.py:925} INFO - DAG(s) 'latest_only' retrieved from /home/airflow/.local/lib/python3.12/site-packages/airflow/example_dags/example_latest_only.py
[2024-11-19T17:44:33.236+0000] {logging_mixin.py:190} INFO - [2024-11-19T17:44:33.236+0000] {dag.py:3239} INFO - Sync 1 DAGs
[2024-11-19T17:44:33.269+0000] {logging_mixin.py:190} INFO - [2024-11-19T17:44:33.269+0000] {dag.py:4180} INFO - Setting next_dagrun for latest_only to 2024-11-19 12:00:00+00:00, run_after=2024-11-19 16:00:00+00:00
[2024-11-19T17:44:33.329+0000] {processor.py:208} INFO - Processing /home/airflow/.local/lib/python3.12/site-packages/airflow/example_dags/example_latest_only.py took 0.145 seconds
[2024-11-19T17:45:04.660+0000] {processor.py:186} INFO - Started process (PID=311) to work on /home/airflow/.local/lib/python3.12/site-packages/airflow/example_dags/example_latest_only.py
[2024-11-19T17:45:04.662+0000] {processor.py:914} INFO - Processing file /home/airflow/.local/lib/python3.12/site-packages/airflow/example_dags/example_latest_only.py for tasks to queue
[2024-11-19T17:45:04.667+0000] {logging_mixin.py:190} INFO - [2024-11-19T17:45:04.666+0000] {dagbag.py:588} INFO - Filling up the DagBag from /home/airflow/.local/lib/python3.12/site-packages/airflow/example_dags/example_latest_only.py
[2024-11-19T17:45:04.681+0000] {processor.py:925} INFO - DAG(s) 'latest_only' retrieved from /home/airflow/.local/lib/python3.12/site-packages/airflow/example_dags/example_latest_only.py
[2024-11-19T17:45:04.709+0000] {logging_mixin.py:190} INFO - [2024-11-19T17:45:04.708+0000] {dag.py:3239} INFO - Sync 1 DAGs
[2024-11-19T17:45:04.741+0000] {logging_mixin.py:190} INFO - [2024-11-19T17:45:04.740+0000] {dag.py:4180} INFO - Setting next_dagrun for latest_only to 2024-11-19 12:00:00+00:00, run_after=2024-11-19 16:00:00+00:00
[2024-11-19T17:45:04.804+0000] {processor.py:208} INFO - Processing /home/airflow/.local/lib/python3.12/site-packages/airflow/example_dags/example_latest_only.py took 0.155 seconds
[2024-11-19T17:45:41.211+0000] {processor.py:186} INFO - Started process (PID=388) to work on /home/airflow/.local/lib/python3.12/site-packages/airflow/example_dags/example_latest_only.py
[2024-11-19T17:45:41.327+0000] {processor.py:914} INFO - Processing file /home/airflow/.local/lib/python3.12/site-packages/airflow/example_dags/example_latest_only.py for tasks to queue
[2024-11-19T17:45:41.332+0000] {logging_mixin.py:190} INFO - [2024-11-19T17:45:41.331+0000] {dagbag.py:588} INFO - Filling up the DagBag from /home/airflow/.local/lib/python3.12/site-packages/airflow/example_dags/example_latest_only.py
[2024-11-19T17:45:41.346+0000] {processor.py:925} INFO - DAG(s) 'latest_only' retrieved from /home/airflow/.local/lib/python3.12/site-packages/airflow/example_dags/example_latest_only.py
[2024-11-19T17:45:41.380+0000] {logging_mixin.py:190} INFO - [2024-11-19T17:45:41.380+0000] {dag.py:3239} INFO - Sync 1 DAGs
[2024-11-19T17:45:41.408+0000] {logging_mixin.py:190} INFO - [2024-11-19T17:45:41.408+0000] {dag.py:4180} INFO - Setting next_dagrun for latest_only to 2024-11-19 12:00:00+00:00, run_after=2024-11-19 16:00:00+00:00
[2024-11-19T17:45:41.536+0000] {processor.py:208} INFO - Processing /home/airflow/.local/lib/python3.12/site-packages/airflow/example_dags/example_latest_only.py took 0.336 seconds
[2024-11-19T17:46:12.714+0000] {processor.py:186} INFO - Started process (PID=459) to work on /home/airflow/.local/lib/python3.12/site-packages/airflow/example_dags/example_latest_only.py
[2024-11-19T17:46:12.715+0000] {processor.py:914} INFO - Processing file /home/airflow/.local/lib/python3.12/site-packages/airflow/example_dags/example_latest_only.py for tasks to queue
[2024-11-19T17:46:12.719+0000] {logging_mixin.py:190} INFO - [2024-11-19T17:46:12.719+0000] {dagbag.py:588} INFO - Filling up the DagBag from /home/airflow/.local/lib/python3.12/site-packages/airflow/example_dags/example_latest_only.py
[2024-11-19T17:46:12.727+0000] {processor.py:925} INFO - DAG(s) 'latest_only' retrieved from /home/airflow/.local/lib/python3.12/site-packages/airflow/example_dags/example_latest_only.py
[2024-11-19T17:46:12.753+0000] {logging_mixin.py:190} INFO - [2024-11-19T17:46:12.752+0000] {dag.py:3239} INFO - Sync 1 DAGs
[2024-11-19T17:46:12.781+0000] {logging_mixin.py:190} INFO - [2024-11-19T17:46:12.781+0000] {dag.py:4180} INFO - Setting next_dagrun for latest_only to 2024-11-19 12:00:00+00:00, run_after=2024-11-19 16:00:00+00:00
[2024-11-19T17:46:12.831+0000] {processor.py:208} INFO - Processing /home/airflow/.local/lib/python3.12/site-packages/airflow/example_dags/example_latest_only.py took 0.125 seconds
[2024-11-19T17:46:44.137+0000] {processor.py:186} INFO - Started process (PID=530) to work on /home/airflow/.local/lib/python3.12/site-packages/airflow/example_dags/example_latest_only.py
[2024-11-19T17:46:44.139+0000] {processor.py:914} INFO - Processing file /home/airflow/.local/lib/python3.12/site-packages/airflow/example_dags/example_latest_only.py for tasks to queue
[2024-11-19T17:46:44.142+0000] {logging_mixin.py:190} INFO - [2024-11-19T17:46:44.142+0000] {dagbag.py:588} INFO - Filling up the DagBag from /home/airflow/.local/lib/python3.12/site-packages/airflow/example_dags/example_latest_only.py
[2024-11-19T17:46:44.154+0000] {processor.py:925} INFO - DAG(s) 'latest_only' retrieved from /home/airflow/.local/lib/python3.12/site-packages/airflow/example_dags/example_latest_only.py
[2024-11-19T17:46:44.178+0000] {logging_mixin.py:190} INFO - [2024-11-19T17:46:44.178+0000] {dag.py:3239} INFO - Sync 1 DAGs
[2024-11-19T17:46:44.206+0000] {logging_mixin.py:190} INFO - [2024-11-19T17:46:44.206+0000] {dag.py:4180} INFO - Setting next_dagrun for latest_only to 2024-11-19 12:00:00+00:00, run_after=2024-11-19 16:00:00+00:00
[2024-11-19T17:46:44.258+0000] {processor.py:208} INFO - Processing /home/airflow/.local/lib/python3.12/site-packages/airflow/example_dags/example_latest_only.py took 0.128 seconds
[2024-11-19T17:47:18.804+0000] {processor.py:186} INFO - Started process (PID=601) to work on /home/airflow/.local/lib/python3.12/site-packages/airflow/example_dags/example_latest_only.py
[2024-11-19T17:47:18.806+0000] {processor.py:914} INFO - Processing file /home/airflow/.local/lib/python3.12/site-packages/airflow/example_dags/example_latest_only.py for tasks to queue
[2024-11-19T17:47:18.809+0000] {logging_mixin.py:190} INFO - [2024-11-19T17:47:18.808+0000] {dagbag.py:588} INFO - Filling up the DagBag from /home/airflow/.local/lib/python3.12/site-packages/airflow/example_dags/example_latest_only.py
[2024-11-19T17:47:18.818+0000] {processor.py:925} INFO - DAG(s) 'latest_only' retrieved from /home/airflow/.local/lib/python3.12/site-packages/airflow/example_dags/example_latest_only.py
[2024-11-19T17:47:18.842+0000] {logging_mixin.py:190} INFO - [2024-11-19T17:47:18.841+0000] {dag.py:3239} INFO - Sync 1 DAGs
[2024-11-19T17:47:18.871+0000] {logging_mixin.py:190} INFO - [2024-11-19T17:47:18.871+0000] {dag.py:4180} INFO - Setting next_dagrun for latest_only to 2024-11-19 12:00:00+00:00, run_after=2024-11-19 16:00:00+00:00
[2024-11-19T17:47:18.932+0000] {processor.py:208} INFO - Processing /home/airflow/.local/lib/python3.12/site-packages/airflow/example_dags/example_latest_only.py took 0.138 seconds
[2024-11-19T17:47:50.212+0000] {processor.py:186} INFO - Started process (PID=672) to work on /home/airflow/.local/lib/python3.12/site-packages/airflow/example_dags/example_latest_only.py
[2024-11-19T17:47:50.213+0000] {processor.py:914} INFO - Processing file /home/airflow/.local/lib/python3.12/site-packages/airflow/example_dags/example_latest_only.py for tasks to queue
[2024-11-19T17:47:50.216+0000] {logging_mixin.py:190} INFO - [2024-11-19T17:47:50.215+0000] {dagbag.py:588} INFO - Filling up the DagBag from /home/airflow/.local/lib/python3.12/site-packages/airflow/example_dags/example_latest_only.py
[2024-11-19T17:47:50.225+0000] {processor.py:925} INFO - DAG(s) 'latest_only' retrieved from /home/airflow/.local/lib/python3.12/site-packages/airflow/example_dags/example_latest_only.py
[2024-11-19T17:47:50.266+0000] {logging_mixin.py:190} INFO - [2024-11-19T17:47:50.265+0000] {dag.py:3239} INFO - Sync 1 DAGs
[2024-11-19T17:47:50.312+0000] {logging_mixin.py:190} INFO - [2024-11-19T17:47:50.312+0000] {dag.py:4180} INFO - Setting next_dagrun for latest_only to 2024-11-19 12:00:00+00:00, run_after=2024-11-19 16:00:00+00:00
[2024-11-19T17:47:50.422+0000] {processor.py:208} INFO - Processing /home/airflow/.local/lib/python3.12/site-packages/airflow/example_dags/example_latest_only.py took 0.223 seconds
[2024-11-19T17:48:21.744+0000] {processor.py:186} INFO - Started process (PID=743) to work on /home/airflow/.local/lib/python3.12/site-packages/airflow/example_dags/example_latest_only.py
[2024-11-19T17:48:21.746+0000] {processor.py:914} INFO - Processing file /home/airflow/.local/lib/python3.12/site-packages/airflow/example_dags/example_latest_only.py for tasks to queue
[2024-11-19T17:48:21.749+0000] {logging_mixin.py:190} INFO - [2024-11-19T17:48:21.749+0000] {dagbag.py:588} INFO - Filling up the DagBag from /home/airflow/.local/lib/python3.12/site-packages/airflow/example_dags/example_latest_only.py
[2024-11-19T17:48:21.758+0000] {processor.py:925} INFO - DAG(s) 'latest_only' retrieved from /home/airflow/.local/lib/python3.12/site-packages/airflow/example_dags/example_latest_only.py
[2024-11-19T17:48:21.785+0000] {logging_mixin.py:190} INFO - [2024-11-19T17:48:21.784+0000] {dag.py:3239} INFO - Sync 1 DAGs
[2024-11-19T17:48:21.825+0000] {logging_mixin.py:190} INFO - [2024-11-19T17:48:21.825+0000] {dag.py:4180} INFO - Setting next_dagrun for latest_only to 2024-11-19 12:00:00+00:00, run_after=2024-11-19 16:00:00+00:00
[2024-11-19T17:48:21.889+0000] {processor.py:208} INFO - Processing /home/airflow/.local/lib/python3.12/site-packages/airflow/example_dags/example_latest_only.py took 0.152 seconds
[2024-11-19T17:48:54.027+0000] {processor.py:186} INFO - Started process (PID=814) to work on /home/airflow/.local/lib/python3.12/site-packages/airflow/example_dags/example_latest_only.py
[2024-11-19T17:48:54.030+0000] {processor.py:914} INFO - Processing file /home/airflow/.local/lib/python3.12/site-packages/airflow/example_dags/example_latest_only.py for tasks to queue
[2024-11-19T17:48:54.037+0000] {logging_mixin.py:190} INFO - [2024-11-19T17:48:54.036+0000] {dagbag.py:588} INFO - Filling up the DagBag from /home/airflow/.local/lib/python3.12/site-packages/airflow/example_dags/example_latest_only.py
[2024-11-19T17:48:54.049+0000] {processor.py:925} INFO - DAG(s) 'latest_only' retrieved from /home/airflow/.local/lib/python3.12/site-packages/airflow/example_dags/example_latest_only.py
[2024-11-19T17:48:54.083+0000] {logging_mixin.py:190} INFO - [2024-11-19T17:48:54.082+0000] {dag.py:3239} INFO - Sync 1 DAGs
[2024-11-19T17:48:54.150+0000] {logging_mixin.py:190} INFO - [2024-11-19T17:48:54.150+0000] {dag.py:4180} INFO - Setting next_dagrun for latest_only to 2024-11-19 12:00:00+00:00, run_after=2024-11-19 16:00:00+00:00
[2024-11-19T17:48:54.310+0000] {processor.py:208} INFO - Processing /home/airflow/.local/lib/python3.12/site-packages/airflow/example_dags/example_latest_only.py took 0.295 seconds
[2024-11-19T17:49:25.228+0000] {processor.py:186} INFO - Started process (PID=885) to work on /home/airflow/.local/lib/python3.12/site-packages/airflow/example_dags/example_latest_only.py
[2024-11-19T17:49:25.230+0000] {processor.py:914} INFO - Processing file /home/airflow/.local/lib/python3.12/site-packages/airflow/example_dags/example_latest_only.py for tasks to queue
[2024-11-19T17:49:25.236+0000] {logging_mixin.py:190} INFO - [2024-11-19T17:49:25.235+0000] {dagbag.py:588} INFO - Filling up the DagBag from /home/airflow/.local/lib/python3.12/site-packages/airflow/example_dags/example_latest_only.py
[2024-11-19T17:49:25.252+0000] {processor.py:925} INFO - DAG(s) 'latest_only' retrieved from /home/airflow/.local/lib/python3.12/site-packages/airflow/example_dags/example_latest_only.py
[2024-11-19T17:49:25.290+0000] {logging_mixin.py:190} INFO - [2024-11-19T17:49:25.289+0000] {dag.py:3239} INFO - Sync 1 DAGs
[2024-11-19T17:49:25.339+0000] {logging_mixin.py:190} INFO - [2024-11-19T17:49:25.338+0000] {dag.py:4180} INFO - Setting next_dagrun for latest_only to 2024-11-19 12:00:00+00:00, run_after=2024-11-19 16:00:00+00:00
[2024-11-19T17:49:25.403+0000] {processor.py:208} INFO - Processing /home/airflow/.local/lib/python3.12/site-packages/airflow/example_dags/example_latest_only.py took 0.186 seconds
[2024-11-19T17:49:57.652+0000] {processor.py:186} INFO - Started process (PID=956) to work on /home/airflow/.local/lib/python3.12/site-packages/airflow/example_dags/example_latest_only.py
[2024-11-19T17:49:57.654+0000] {processor.py:914} INFO - Processing file /home/airflow/.local/lib/python3.12/site-packages/airflow/example_dags/example_latest_only.py for tasks to queue
[2024-11-19T17:49:57.659+0000] {logging_mixin.py:190} INFO - [2024-11-19T17:49:57.658+0000] {dagbag.py:588} INFO - Filling up the DagBag from /home/airflow/.local/lib/python3.12/site-packages/airflow/example_dags/example_latest_only.py
[2024-11-19T17:49:57.669+0000] {processor.py:925} INFO - DAG(s) 'latest_only' retrieved from /home/airflow/.local/lib/python3.12/site-packages/airflow/example_dags/example_latest_only.py
[2024-11-19T17:49:57.711+0000] {logging_mixin.py:190} INFO - [2024-11-19T17:49:57.711+0000] {dag.py:3239} INFO - Sync 1 DAGs
[2024-11-19T17:49:57.756+0000] {logging_mixin.py:190} INFO - [2024-11-19T17:49:57.755+0000] {dag.py:4180} INFO - Setting next_dagrun for latest_only to 2024-11-19 12:00:00+00:00, run_after=2024-11-19 16:00:00+00:00
[2024-11-19T17:49:57.843+0000] {processor.py:208} INFO - Processing /home/airflow/.local/lib/python3.12/site-packages/airflow/example_dags/example_latest_only.py took 0.202 seconds
[2024-11-19T17:50:29.017+0000] {processor.py:186} INFO - Started process (PID=1027) to work on /home/airflow/.local/lib/python3.12/site-packages/airflow/example_dags/example_latest_only.py
[2024-11-19T17:50:29.018+0000] {processor.py:914} INFO - Processing file /home/airflow/.local/lib/python3.12/site-packages/airflow/example_dags/example_latest_only.py for tasks to queue
[2024-11-19T17:50:29.022+0000] {logging_mixin.py:190} INFO - [2024-11-19T17:50:29.022+0000] {dagbag.py:588} INFO - Filling up the DagBag from /home/airflow/.local/lib/python3.12/site-packages/airflow/example_dags/example_latest_only.py
[2024-11-19T17:50:29.034+0000] {processor.py:925} INFO - DAG(s) 'latest_only' retrieved from /home/airflow/.local/lib/python3.12/site-packages/airflow/example_dags/example_latest_only.py
[2024-11-19T17:50:29.063+0000] {logging_mixin.py:190} INFO - [2024-11-19T17:50:29.063+0000] {dag.py:3239} INFO - Sync 1 DAGs
[2024-11-19T17:50:29.099+0000] {logging_mixin.py:190} INFO - [2024-11-19T17:50:29.098+0000] {dag.py:4180} INFO - Setting next_dagrun for latest_only to 2024-11-19 12:00:00+00:00, run_after=2024-11-19 16:00:00+00:00
[2024-11-19T17:50:29.155+0000] {processor.py:208} INFO - Processing /home/airflow/.local/lib/python3.12/site-packages/airflow/example_dags/example_latest_only.py took 0.146 seconds
[2024-11-19T17:51:01.175+0000] {processor.py:186} INFO - Started process (PID=1101) to work on /home/airflow/.local/lib/python3.12/site-packages/airflow/example_dags/example_latest_only.py
[2024-11-19T17:51:01.177+0000] {processor.py:914} INFO - Processing file /home/airflow/.local/lib/python3.12/site-packages/airflow/example_dags/example_latest_only.py for tasks to queue
[2024-11-19T17:51:01.180+0000] {logging_mixin.py:190} INFO - [2024-11-19T17:51:01.180+0000] {dagbag.py:588} INFO - Filling up the DagBag from /home/airflow/.local/lib/python3.12/site-packages/airflow/example_dags/example_latest_only.py
[2024-11-19T17:51:01.194+0000] {processor.py:925} INFO - DAG(s) 'latest_only' retrieved from /home/airflow/.local/lib/python3.12/site-packages/airflow/example_dags/example_latest_only.py
[2024-11-19T17:51:01.223+0000] {logging_mixin.py:190} INFO - [2024-11-19T17:51:01.222+0000] {dag.py:3239} INFO - Sync 1 DAGs
[2024-11-19T17:51:01.256+0000] {logging_mixin.py:190} INFO - [2024-11-19T17:51:01.255+0000] {dag.py:4180} INFO - Setting next_dagrun for latest_only to 2024-11-19 12:00:00+00:00, run_after=2024-11-19 16:00:00+00:00
[2024-11-19T17:51:01.307+0000] {processor.py:208} INFO - Processing /home/airflow/.local/lib/python3.12/site-packages/airflow/example_dags/example_latest_only.py took 0.139 seconds
[2024-11-19T17:51:32.683+0000] {processor.py:186} INFO - Started process (PID=1172) to work on /home/airflow/.local/lib/python3.12/site-packages/airflow/example_dags/example_latest_only.py
[2024-11-19T17:51:32.685+0000] {processor.py:914} INFO - Processing file /home/airflow/.local/lib/python3.12/site-packages/airflow/example_dags/example_latest_only.py for tasks to queue
[2024-11-19T17:51:32.688+0000] {logging_mixin.py:190} INFO - [2024-11-19T17:51:32.688+0000] {dagbag.py:588} INFO - Filling up the DagBag from /home/airflow/.local/lib/python3.12/site-packages/airflow/example_dags/example_latest_only.py
[2024-11-19T17:51:32.703+0000] {processor.py:925} INFO - DAG(s) 'latest_only' retrieved from /home/airflow/.local/lib/python3.12/site-packages/airflow/example_dags/example_latest_only.py
[2024-11-19T17:51:32.739+0000] {logging_mixin.py:190} INFO - [2024-11-19T17:51:32.738+0000] {dag.py:3239} INFO - Sync 1 DAGs
[2024-11-19T17:51:32.783+0000] {logging_mixin.py:190} INFO - [2024-11-19T17:51:32.782+0000] {dag.py:4180} INFO - Setting next_dagrun for latest_only to 2024-11-19 12:00:00+00:00, run_after=2024-11-19 16:00:00+00:00
[2024-11-19T17:51:32.851+0000] {processor.py:208} INFO - Processing /home/airflow/.local/lib/python3.12/site-packages/airflow/example_dags/example_latest_only.py took 0.179 seconds
[2024-11-19T17:52:05.225+0000] {processor.py:186} INFO - Started process (PID=1243) to work on /home/airflow/.local/lib/python3.12/site-packages/airflow/example_dags/example_latest_only.py
[2024-11-19T17:52:05.226+0000] {processor.py:914} INFO - Processing file /home/airflow/.local/lib/python3.12/site-packages/airflow/example_dags/example_latest_only.py for tasks to queue
[2024-11-19T17:52:05.230+0000] {logging_mixin.py:190} INFO - [2024-11-19T17:52:05.230+0000] {dagbag.py:588} INFO - Filling up the DagBag from /home/airflow/.local/lib/python3.12/site-packages/airflow/example_dags/example_latest_only.py
[2024-11-19T17:52:05.242+0000] {processor.py:925} INFO - DAG(s) 'latest_only' retrieved from /home/airflow/.local/lib/python3.12/site-packages/airflow/example_dags/example_latest_only.py
[2024-11-19T17:52:05.272+0000] {logging_mixin.py:190} INFO - [2024-11-19T17:52:05.272+0000] {dag.py:3239} INFO - Sync 1 DAGs
[2024-11-19T17:52:05.334+0000] {logging_mixin.py:190} INFO - [2024-11-19T17:52:05.334+0000] {dag.py:4180} INFO - Setting next_dagrun for latest_only to 2024-11-19 12:00:00+00:00, run_after=2024-11-19 16:00:00+00:00
[2024-11-19T17:52:05.581+0000] {processor.py:208} INFO - Processing /home/airflow/.local/lib/python3.12/site-packages/airflow/example_dags/example_latest_only.py took 0.367 seconds
[2024-11-19T17:52:36.487+0000] {processor.py:186} INFO - Started process (PID=1315) to work on /home/airflow/.local/lib/python3.12/site-packages/airflow/example_dags/example_latest_only.py
[2024-11-19T17:52:36.488+0000] {processor.py:914} INFO - Processing file /home/airflow/.local/lib/python3.12/site-packages/airflow/example_dags/example_latest_only.py for tasks to queue
[2024-11-19T17:52:36.492+0000] {logging_mixin.py:190} INFO - [2024-11-19T17:52:36.491+0000] {dagbag.py:588} INFO - Filling up the DagBag from /home/airflow/.local/lib/python3.12/site-packages/airflow/example_dags/example_latest_only.py
[2024-11-19T17:52:36.502+0000] {processor.py:925} INFO - DAG(s) 'latest_only' retrieved from /home/airflow/.local/lib/python3.12/site-packages/airflow/example_dags/example_latest_only.py
[2024-11-19T17:52:36.528+0000] {logging_mixin.py:190} INFO - [2024-11-19T17:52:36.528+0000] {dag.py:3239} INFO - Sync 1 DAGs
[2024-11-19T17:52:36.562+0000] {logging_mixin.py:190} INFO - [2024-11-19T17:52:36.562+0000] {dag.py:4180} INFO - Setting next_dagrun for latest_only to 2024-11-19 12:00:00+00:00, run_after=2024-11-19 16:00:00+00:00
[2024-11-19T17:52:36.621+0000] {processor.py:208} INFO - Processing /home/airflow/.local/lib/python3.12/site-packages/airflow/example_dags/example_latest_only.py took 0.142 seconds
[2024-11-19T17:53:09.122+0000] {processor.py:186} INFO - Started process (PID=1386) to work on /home/airflow/.local/lib/python3.12/site-packages/airflow/example_dags/example_latest_only.py
[2024-11-19T17:53:09.123+0000] {processor.py:914} INFO - Processing file /home/airflow/.local/lib/python3.12/site-packages/airflow/example_dags/example_latest_only.py for tasks to queue
[2024-11-19T17:53:09.126+0000] {logging_mixin.py:190} INFO - [2024-11-19T17:53:09.126+0000] {dagbag.py:588} INFO - Filling up the DagBag from /home/airflow/.local/lib/python3.12/site-packages/airflow/example_dags/example_latest_only.py
[2024-11-19T17:53:09.136+0000] {processor.py:925} INFO - DAG(s) 'latest_only' retrieved from /home/airflow/.local/lib/python3.12/site-packages/airflow/example_dags/example_latest_only.py
[2024-11-19T17:53:09.159+0000] {logging_mixin.py:190} INFO - [2024-11-19T17:53:09.158+0000] {dag.py:3239} INFO - Sync 1 DAGs
[2024-11-19T17:53:09.187+0000] {logging_mixin.py:190} INFO - [2024-11-19T17:53:09.187+0000] {dag.py:4180} INFO - Setting next_dagrun for latest_only to 2024-11-19 12:00:00+00:00, run_after=2024-11-19 16:00:00+00:00
[2024-11-19T17:53:09.254+0000] {processor.py:208} INFO - Processing /home/airflow/.local/lib/python3.12/site-packages/airflow/example_dags/example_latest_only.py took 0.140 seconds
[2024-11-19T17:53:39.845+0000] {processor.py:186} INFO - Started process (PID=1458) to work on /home/airflow/.local/lib/python3.12/site-packages/airflow/example_dags/example_latest_only.py
[2024-11-19T17:53:39.847+0000] {processor.py:914} INFO - Processing file /home/airflow/.local/lib/python3.12/site-packages/airflow/example_dags/example_latest_only.py for tasks to queue
[2024-11-19T17:53:39.851+0000] {logging_mixin.py:190} INFO - [2024-11-19T17:53:39.850+0000] {dagbag.py:588} INFO - Filling up the DagBag from /home/airflow/.local/lib/python3.12/site-packages/airflow/example_dags/example_latest_only.py
[2024-11-19T17:53:39.863+0000] {processor.py:925} INFO - DAG(s) 'latest_only' retrieved from /home/airflow/.local/lib/python3.12/site-packages/airflow/example_dags/example_latest_only.py
[2024-11-19T17:53:39.893+0000] {logging_mixin.py:190} INFO - [2024-11-19T17:53:39.892+0000] {dag.py:3239} INFO - Sync 1 DAGs
[2024-11-19T17:53:39.933+0000] {logging_mixin.py:190} INFO - [2024-11-19T17:53:39.932+0000] {dag.py:4180} INFO - Setting next_dagrun for latest_only to 2024-11-19 12:00:00+00:00, run_after=2024-11-19 16:00:00+00:00
[2024-11-19T17:53:40.014+0000] {processor.py:208} INFO - Processing /home/airflow/.local/lib/python3.12/site-packages/airflow/example_dags/example_latest_only.py took 0.180 seconds
[2024-11-19T17:54:10.505+0000] {processor.py:186} INFO - Started process (PID=1528) to work on /home/airflow/.local/lib/python3.12/site-packages/airflow/example_dags/example_latest_only.py
[2024-11-19T17:54:10.506+0000] {processor.py:914} INFO - Processing file /home/airflow/.local/lib/python3.12/site-packages/airflow/example_dags/example_latest_only.py for tasks to queue
[2024-11-19T17:54:10.509+0000] {logging_mixin.py:190} INFO - [2024-11-19T17:54:10.508+0000] {dagbag.py:588} INFO - Filling up the DagBag from /home/airflow/.local/lib/python3.12/site-packages/airflow/example_dags/example_latest_only.py
[2024-11-19T17:54:10.517+0000] {processor.py:925} INFO - DAG(s) 'latest_only' retrieved from /home/airflow/.local/lib/python3.12/site-packages/airflow/example_dags/example_latest_only.py
[2024-11-19T17:54:10.542+0000] {logging_mixin.py:190} INFO - [2024-11-19T17:54:10.542+0000] {dag.py:3239} INFO - Sync 1 DAGs
[2024-11-19T17:54:10.569+0000] {logging_mixin.py:190} INFO - [2024-11-19T17:54:10.569+0000] {dag.py:4180} INFO - Setting next_dagrun for latest_only to 2024-11-19 12:00:00+00:00, run_after=2024-11-19 16:00:00+00:00
[2024-11-19T17:54:10.664+0000] {processor.py:208} INFO - Processing /home/airflow/.local/lib/python3.12/site-packages/airflow/example_dags/example_latest_only.py took 0.166 seconds
[2024-11-19T17:54:41.127+0000] {processor.py:186} INFO - Started process (PID=1599) to work on /home/airflow/.local/lib/python3.12/site-packages/airflow/example_dags/example_latest_only.py
[2024-11-19T17:54:41.130+0000] {processor.py:914} INFO - Processing file /home/airflow/.local/lib/python3.12/site-packages/airflow/example_dags/example_latest_only.py for tasks to queue
[2024-11-19T17:54:41.135+0000] {logging_mixin.py:190} INFO - [2024-11-19T17:54:41.135+0000] {dagbag.py:588} INFO - Filling up the DagBag from /home/airflow/.local/lib/python3.12/site-packages/airflow/example_dags/example_latest_only.py
[2024-11-19T17:54:41.151+0000] {processor.py:925} INFO - DAG(s) 'latest_only' retrieved from /home/airflow/.local/lib/python3.12/site-packages/airflow/example_dags/example_latest_only.py
[2024-11-19T17:54:41.184+0000] {logging_mixin.py:190} INFO - [2024-11-19T17:54:41.184+0000] {dag.py:3239} INFO - Sync 1 DAGs
[2024-11-19T17:54:41.222+0000] {logging_mixin.py:190} INFO - [2024-11-19T17:54:41.221+0000] {dag.py:4180} INFO - Setting next_dagrun for latest_only to 2024-11-19 12:00:00+00:00, run_after=2024-11-19 16:00:00+00:00
[2024-11-19T17:54:41.359+0000] {processor.py:208} INFO - Processing /home/airflow/.local/lib/python3.12/site-packages/airflow/example_dags/example_latest_only.py took 0.241 seconds
[2024-11-19T17:55:12.700+0000] {processor.py:186} INFO - Started process (PID=1672) to work on /home/airflow/.local/lib/python3.12/site-packages/airflow/example_dags/example_latest_only.py
[2024-11-19T17:55:12.717+0000] {processor.py:914} INFO - Processing file /home/airflow/.local/lib/python3.12/site-packages/airflow/example_dags/example_latest_only.py for tasks to queue
[2024-11-19T17:55:12.724+0000] {logging_mixin.py:190} INFO - [2024-11-19T17:55:12.723+0000] {dagbag.py:588} INFO - Filling up the DagBag from /home/airflow/.local/lib/python3.12/site-packages/airflow/example_dags/example_latest_only.py
[2024-11-19T17:55:12.748+0000] {processor.py:925} INFO - DAG(s) 'latest_only' retrieved from /home/airflow/.local/lib/python3.12/site-packages/airflow/example_dags/example_latest_only.py
[2024-11-19T17:55:12.804+0000] {logging_mixin.py:190} INFO - [2024-11-19T17:55:12.803+0000] {dag.py:3239} INFO - Sync 1 DAGs
[2024-11-19T17:55:12.857+0000] {logging_mixin.py:190} INFO - [2024-11-19T17:55:12.856+0000] {dag.py:4180} INFO - Setting next_dagrun for latest_only to 2024-11-19 12:00:00+00:00, run_after=2024-11-19 16:00:00+00:00
[2024-11-19T17:55:13.004+0000] {processor.py:208} INFO - Processing /home/airflow/.local/lib/python3.12/site-packages/airflow/example_dags/example_latest_only.py took 0.327 seconds
[2024-11-19T17:55:43.717+0000] {processor.py:186} INFO - Started process (PID=1748) to work on /home/airflow/.local/lib/python3.12/site-packages/airflow/example_dags/example_latest_only.py
[2024-11-19T17:55:43.719+0000] {processor.py:914} INFO - Processing file /home/airflow/.local/lib/python3.12/site-packages/airflow/example_dags/example_latest_only.py for tasks to queue
[2024-11-19T17:55:43.722+0000] {logging_mixin.py:190} INFO - [2024-11-19T17:55:43.722+0000] {dagbag.py:588} INFO - Filling up the DagBag from /home/airflow/.local/lib/python3.12/site-packages/airflow/example_dags/example_latest_only.py
[2024-11-19T17:55:43.730+0000] {processor.py:925} INFO - DAG(s) 'latest_only' retrieved from /home/airflow/.local/lib/python3.12/site-packages/airflow/example_dags/example_latest_only.py
[2024-11-19T17:55:43.758+0000] {logging_mixin.py:190} INFO - [2024-11-19T17:55:43.758+0000] {dag.py:3239} INFO - Sync 1 DAGs
[2024-11-19T17:55:43.786+0000] {logging_mixin.py:190} INFO - [2024-11-19T17:55:43.785+0000] {dag.py:4180} INFO - Setting next_dagrun for latest_only to 2024-11-19 12:00:00+00:00, run_after=2024-11-19 16:00:00+00:00
[2024-11-19T17:55:43.879+0000] {processor.py:208} INFO - Processing /home/airflow/.local/lib/python3.12/site-packages/airflow/example_dags/example_latest_only.py took 0.170 seconds
[2024-11-19T17:56:14.097+0000] {processor.py:186} INFO - Started process (PID=1811) to work on /home/airflow/.local/lib/python3.12/site-packages/airflow/example_dags/example_latest_only.py
[2024-11-19T17:56:14.098+0000] {processor.py:914} INFO - Processing file /home/airflow/.local/lib/python3.12/site-packages/airflow/example_dags/example_latest_only.py for tasks to queue
[2024-11-19T17:56:14.102+0000] {logging_mixin.py:190} INFO - [2024-11-19T17:56:14.101+0000] {dagbag.py:588} INFO - Filling up the DagBag from /home/airflow/.local/lib/python3.12/site-packages/airflow/example_dags/example_latest_only.py
[2024-11-19T17:56:14.116+0000] {processor.py:925} INFO - DAG(s) 'latest_only' retrieved from /home/airflow/.local/lib/python3.12/site-packages/airflow/example_dags/example_latest_only.py
[2024-11-19T17:56:14.152+0000] {logging_mixin.py:190} INFO - [2024-11-19T17:56:14.152+0000] {dag.py:3239} INFO - Sync 1 DAGs
[2024-11-19T17:56:14.181+0000] {logging_mixin.py:190} INFO - [2024-11-19T17:56:14.181+0000] {dag.py:4180} INFO - Setting next_dagrun for latest_only to 2024-11-19 12:00:00+00:00, run_after=2024-11-19 16:00:00+00:00
[2024-11-19T17:56:14.263+0000] {processor.py:208} INFO - Processing /home/airflow/.local/lib/python3.12/site-packages/airflow/example_dags/example_latest_only.py took 0.173 seconds
[2024-11-19T17:56:44.839+0000] {processor.py:186} INFO - Started process (PID=1883) to work on /home/airflow/.local/lib/python3.12/site-packages/airflow/example_dags/example_latest_only.py
[2024-11-19T17:56:44.840+0000] {processor.py:914} INFO - Processing file /home/airflow/.local/lib/python3.12/site-packages/airflow/example_dags/example_latest_only.py for tasks to queue
[2024-11-19T17:56:44.843+0000] {logging_mixin.py:190} INFO - [2024-11-19T17:56:44.843+0000] {dagbag.py:588} INFO - Filling up the DagBag from /home/airflow/.local/lib/python3.12/site-packages/airflow/example_dags/example_latest_only.py
[2024-11-19T17:56:44.852+0000] {processor.py:925} INFO - DAG(s) 'latest_only' retrieved from /home/airflow/.local/lib/python3.12/site-packages/airflow/example_dags/example_latest_only.py
[2024-11-19T17:56:44.877+0000] {logging_mixin.py:190} INFO - [2024-11-19T17:56:44.877+0000] {dag.py:3239} INFO - Sync 1 DAGs
[2024-11-19T17:56:44.906+0000] {logging_mixin.py:190} INFO - [2024-11-19T17:56:44.906+0000] {dag.py:4180} INFO - Setting next_dagrun for latest_only to 2024-11-19 12:00:00+00:00, run_after=2024-11-19 16:00:00+00:00
[2024-11-19T17:56:44.970+0000] {processor.py:208} INFO - Processing /home/airflow/.local/lib/python3.12/site-packages/airflow/example_dags/example_latest_only.py took 0.139 seconds
[2024-11-19T17:57:15.220+0000] {processor.py:186} INFO - Started process (PID=1954) to work on /home/airflow/.local/lib/python3.12/site-packages/airflow/example_dags/example_latest_only.py
[2024-11-19T17:57:15.222+0000] {processor.py:914} INFO - Processing file /home/airflow/.local/lib/python3.12/site-packages/airflow/example_dags/example_latest_only.py for tasks to queue
[2024-11-19T17:57:15.225+0000] {logging_mixin.py:190} INFO - [2024-11-19T17:57:15.225+0000] {dagbag.py:588} INFO - Filling up the DagBag from /home/airflow/.local/lib/python3.12/site-packages/airflow/example_dags/example_latest_only.py
[2024-11-19T17:57:15.234+0000] {processor.py:925} INFO - DAG(s) 'latest_only' retrieved from /home/airflow/.local/lib/python3.12/site-packages/airflow/example_dags/example_latest_only.py
[2024-11-19T17:57:15.261+0000] {logging_mixin.py:190} INFO - [2024-11-19T17:57:15.260+0000] {dag.py:3239} INFO - Sync 1 DAGs
[2024-11-19T17:57:15.288+0000] {logging_mixin.py:190} INFO - [2024-11-19T17:57:15.288+0000] {dag.py:4180} INFO - Setting next_dagrun for latest_only to 2024-11-19 12:00:00+00:00, run_after=2024-11-19 16:00:00+00:00
[2024-11-19T17:57:15.350+0000] {processor.py:208} INFO - Processing /home/airflow/.local/lib/python3.12/site-packages/airflow/example_dags/example_latest_only.py took 0.138 seconds
[2024-11-19T17:57:45.638+0000] {processor.py:186} INFO - Started process (PID=2025) to work on /home/airflow/.local/lib/python3.12/site-packages/airflow/example_dags/example_latest_only.py
[2024-11-19T17:57:45.639+0000] {processor.py:914} INFO - Processing file /home/airflow/.local/lib/python3.12/site-packages/airflow/example_dags/example_latest_only.py for tasks to queue
[2024-11-19T17:57:45.643+0000] {logging_mixin.py:190} INFO - [2024-11-19T17:57:45.643+0000] {dagbag.py:588} INFO - Filling up the DagBag from /home/airflow/.local/lib/python3.12/site-packages/airflow/example_dags/example_latest_only.py
[2024-11-19T17:57:45.653+0000] {processor.py:925} INFO - DAG(s) 'latest_only' retrieved from /home/airflow/.local/lib/python3.12/site-packages/airflow/example_dags/example_latest_only.py
[2024-11-19T17:57:45.678+0000] {logging_mixin.py:190} INFO - [2024-11-19T17:57:45.678+0000] {dag.py:3239} INFO - Sync 1 DAGs
[2024-11-19T17:57:45.707+0000] {logging_mixin.py:190} INFO - [2024-11-19T17:57:45.707+0000] {dag.py:4180} INFO - Setting next_dagrun for latest_only to 2024-11-19 12:00:00+00:00, run_after=2024-11-19 16:00:00+00:00
[2024-11-19T17:57:45.814+0000] {processor.py:208} INFO - Processing /home/airflow/.local/lib/python3.12/site-packages/airflow/example_dags/example_latest_only.py took 0.185 seconds
