[2024-11-19T17:41:50.851+0000] {processor.py:186} INFO - Started process (PID=129) to work on /home/airflow/.local/lib/python3.12/site-packages/airflow/example_dags/example_branch_labels.py
[2024-11-19T17:41:50.852+0000] {processor.py:914} INFO - Processing file /home/airflow/.local/lib/python3.12/site-packages/airflow/example_dags/example_branch_labels.py for tasks to queue
[2024-11-19T17:41:50.855+0000] {logging_mixin.py:190} INFO - [2024-11-19T17:41:50.854+0000] {dagbag.py:588} INFO - Filling up the DagBag from /home/airflow/.local/lib/python3.12/site-packages/airflow/example_dags/example_branch_labels.py
[2024-11-19T17:41:50.872+0000] {processor.py:925} INFO - DAG(s) 'example_branch_labels' retrieved from /home/airflow/.local/lib/python3.12/site-packages/airflow/example_dags/example_branch_labels.py
[2024-11-19T17:41:50.902+0000] {logging_mixin.py:190} INFO - [2024-11-19T17:41:50.901+0000] {dag.py:3239} INFO - Sync 1 DAGs
[2024-11-19T17:41:50.939+0000] {logging_mixin.py:190} INFO - [2024-11-19T17:41:50.938+0000] {dag.py:4180} INFO - Setting next_dagrun for example_branch_labels to 2024-11-18 00:00:00+00:00, run_after=2024-11-19 00:00:00+00:00
[2024-11-19T17:41:51.005+0000] {processor.py:208} INFO - Processing /home/airflow/.local/lib/python3.12/site-packages/airflow/example_dags/example_branch_labels.py took 0.161 seconds
[2024-11-19T17:43:20.294+0000] {processor.py:186} INFO - Started process (PID=89) to work on /home/airflow/.local/lib/python3.12/site-packages/airflow/example_dags/example_branch_labels.py
[2024-11-19T17:43:20.296+0000] {processor.py:914} INFO - Processing file /home/airflow/.local/lib/python3.12/site-packages/airflow/example_dags/example_branch_labels.py for tasks to queue
[2024-11-19T17:43:20.301+0000] {logging_mixin.py:190} INFO - [2024-11-19T17:43:20.300+0000] {dagbag.py:588} INFO - Filling up the DagBag from /home/airflow/.local/lib/python3.12/site-packages/airflow/example_dags/example_branch_labels.py
[2024-11-19T17:43:20.317+0000] {processor.py:925} INFO - DAG(s) 'example_branch_labels' retrieved from /home/airflow/.local/lib/python3.12/site-packages/airflow/example_dags/example_branch_labels.py
[2024-11-19T17:43:20.346+0000] {logging_mixin.py:190} INFO - [2024-11-19T17:43:20.346+0000] {dag.py:3239} INFO - Sync 1 DAGs
[2024-11-19T17:43:20.379+0000] {logging_mixin.py:190} INFO - [2024-11-19T17:43:20.379+0000] {dag.py:4180} INFO - Setting next_dagrun for example_branch_labels to 2024-11-18 00:00:00+00:00, run_after=2024-11-19 00:00:00+00:00
[2024-11-19T17:43:20.702+0000] {processor.py:208} INFO - Processing /home/airflow/.local/lib/python3.12/site-packages/airflow/example_dags/example_branch_labels.py took 0.418 seconds
[2024-11-19T17:43:51.728+0000] {processor.py:186} INFO - Started process (PID=160) to work on /home/airflow/.local/lib/python3.12/site-packages/airflow/example_dags/example_branch_labels.py
[2024-11-19T17:43:51.730+0000] {processor.py:914} INFO - Processing file /home/airflow/.local/lib/python3.12/site-packages/airflow/example_dags/example_branch_labels.py for tasks to queue
[2024-11-19T17:43:51.733+0000] {logging_mixin.py:190} INFO - [2024-11-19T17:43:51.732+0000] {dagbag.py:588} INFO - Filling up the DagBag from /home/airflow/.local/lib/python3.12/site-packages/airflow/example_dags/example_branch_labels.py
[2024-11-19T17:43:51.745+0000] {processor.py:925} INFO - DAG(s) 'example_branch_labels' retrieved from /home/airflow/.local/lib/python3.12/site-packages/airflow/example_dags/example_branch_labels.py
[2024-11-19T17:43:51.773+0000] {logging_mixin.py:190} INFO - [2024-11-19T17:43:51.773+0000] {dag.py:3239} INFO - Sync 1 DAGs
[2024-11-19T17:43:51.804+0000] {logging_mixin.py:190} INFO - [2024-11-19T17:43:51.803+0000] {dag.py:4180} INFO - Setting next_dagrun for example_branch_labels to 2024-11-18 00:00:00+00:00, run_after=2024-11-19 00:00:00+00:00
[2024-11-19T17:43:51.882+0000] {processor.py:208} INFO - Processing /home/airflow/.local/lib/python3.12/site-packages/airflow/example_dags/example_branch_labels.py took 0.161 seconds
[2024-11-19T17:44:23.172+0000] {processor.py:186} INFO - Started process (PID=231) to work on /home/airflow/.local/lib/python3.12/site-packages/airflow/example_dags/example_branch_labels.py
[2024-11-19T17:44:23.174+0000] {processor.py:914} INFO - Processing file /home/airflow/.local/lib/python3.12/site-packages/airflow/example_dags/example_branch_labels.py for tasks to queue
[2024-11-19T17:44:23.179+0000] {logging_mixin.py:190} INFO - [2024-11-19T17:44:23.179+0000] {dagbag.py:588} INFO - Filling up the DagBag from /home/airflow/.local/lib/python3.12/site-packages/airflow/example_dags/example_branch_labels.py
[2024-11-19T17:44:23.199+0000] {processor.py:925} INFO - DAG(s) 'example_branch_labels' retrieved from /home/airflow/.local/lib/python3.12/site-packages/airflow/example_dags/example_branch_labels.py
[2024-11-19T17:44:23.254+0000] {logging_mixin.py:190} INFO - [2024-11-19T17:44:23.254+0000] {dag.py:3239} INFO - Sync 1 DAGs
[2024-11-19T17:44:23.340+0000] {logging_mixin.py:190} INFO - [2024-11-19T17:44:23.339+0000] {dag.py:4180} INFO - Setting next_dagrun for example_branch_labels to 2024-11-18 00:00:00+00:00, run_after=2024-11-19 00:00:00+00:00
[2024-11-19T17:44:23.606+0000] {processor.py:208} INFO - Processing /home/airflow/.local/lib/python3.12/site-packages/airflow/example_dags/example_branch_labels.py took 0.446 seconds
[2024-11-19T17:44:53.691+0000] {processor.py:186} INFO - Started process (PID=302) to work on /home/airflow/.local/lib/python3.12/site-packages/airflow/example_dags/example_branch_labels.py
[2024-11-19T17:44:53.692+0000] {processor.py:914} INFO - Processing file /home/airflow/.local/lib/python3.12/site-packages/airflow/example_dags/example_branch_labels.py for tasks to queue
[2024-11-19T17:44:53.696+0000] {logging_mixin.py:190} INFO - [2024-11-19T17:44:53.696+0000] {dagbag.py:588} INFO - Filling up the DagBag from /home/airflow/.local/lib/python3.12/site-packages/airflow/example_dags/example_branch_labels.py
[2024-11-19T17:44:53.715+0000] {processor.py:925} INFO - DAG(s) 'example_branch_labels' retrieved from /home/airflow/.local/lib/python3.12/site-packages/airflow/example_dags/example_branch_labels.py
[2024-11-19T17:44:53.747+0000] {logging_mixin.py:190} INFO - [2024-11-19T17:44:53.746+0000] {dag.py:3239} INFO - Sync 1 DAGs
[2024-11-19T17:44:53.784+0000] {logging_mixin.py:190} INFO - [2024-11-19T17:44:53.784+0000] {dag.py:4180} INFO - Setting next_dagrun for example_branch_labels to 2024-11-18 00:00:00+00:00, run_after=2024-11-19 00:00:00+00:00
[2024-11-19T17:44:53.856+0000] {processor.py:208} INFO - Processing /home/airflow/.local/lib/python3.12/site-packages/airflow/example_dags/example_branch_labels.py took 0.174 seconds
[2024-11-19T17:45:38.518+0000] {processor.py:186} INFO - Started process (PID=373) to work on /home/airflow/.local/lib/python3.12/site-packages/airflow/example_dags/example_branch_labels.py
[2024-11-19T17:45:38.623+0000] {processor.py:914} INFO - Processing file /home/airflow/.local/lib/python3.12/site-packages/airflow/example_dags/example_branch_labels.py for tasks to queue
[2024-11-19T17:45:38.625+0000] {logging_mixin.py:190} INFO - [2024-11-19T17:45:38.625+0000] {dagbag.py:588} INFO - Filling up the DagBag from /home/airflow/.local/lib/python3.12/site-packages/airflow/example_dags/example_branch_labels.py
[2024-11-19T17:45:38.637+0000] {processor.py:925} INFO - DAG(s) 'example_branch_labels' retrieved from /home/airflow/.local/lib/python3.12/site-packages/airflow/example_dags/example_branch_labels.py
[2024-11-19T17:45:38.662+0000] {logging_mixin.py:190} INFO - [2024-11-19T17:45:38.662+0000] {dag.py:3239} INFO - Sync 1 DAGs
[2024-11-19T17:45:38.693+0000] {logging_mixin.py:190} INFO - [2024-11-19T17:45:38.693+0000] {dag.py:4180} INFO - Setting next_dagrun for example_branch_labels to 2024-11-18 00:00:00+00:00, run_after=2024-11-19 00:00:00+00:00
[2024-11-19T17:45:38.811+0000] {processor.py:208} INFO - Processing /home/airflow/.local/lib/python3.12/site-packages/airflow/example_dags/example_branch_labels.py took 0.300 seconds
[2024-11-19T17:46:09.220+0000] {processor.py:186} INFO - Started process (PID=444) to work on /home/airflow/.local/lib/python3.12/site-packages/airflow/example_dags/example_branch_labels.py
[2024-11-19T17:46:09.221+0000] {processor.py:914} INFO - Processing file /home/airflow/.local/lib/python3.12/site-packages/airflow/example_dags/example_branch_labels.py for tasks to queue
[2024-11-19T17:46:09.224+0000] {logging_mixin.py:190} INFO - [2024-11-19T17:46:09.224+0000] {dagbag.py:588} INFO - Filling up the DagBag from /home/airflow/.local/lib/python3.12/site-packages/airflow/example_dags/example_branch_labels.py
[2024-11-19T17:46:09.236+0000] {processor.py:925} INFO - DAG(s) 'example_branch_labels' retrieved from /home/airflow/.local/lib/python3.12/site-packages/airflow/example_dags/example_branch_labels.py
[2024-11-19T17:46:09.262+0000] {logging_mixin.py:190} INFO - [2024-11-19T17:46:09.262+0000] {dag.py:3239} INFO - Sync 1 DAGs
[2024-11-19T17:46:09.290+0000] {logging_mixin.py:190} INFO - [2024-11-19T17:46:09.289+0000] {dag.py:4180} INFO - Setting next_dagrun for example_branch_labels to 2024-11-18 00:00:00+00:00, run_after=2024-11-19 00:00:00+00:00
[2024-11-19T17:46:09.443+0000] {processor.py:208} INFO - Processing /home/airflow/.local/lib/python3.12/site-packages/airflow/example_dags/example_branch_labels.py took 0.230 seconds
[2024-11-19T17:46:40.087+0000] {processor.py:186} INFO - Started process (PID=515) to work on /home/airflow/.local/lib/python3.12/site-packages/airflow/example_dags/example_branch_labels.py
[2024-11-19T17:46:40.089+0000] {processor.py:914} INFO - Processing file /home/airflow/.local/lib/python3.12/site-packages/airflow/example_dags/example_branch_labels.py for tasks to queue
[2024-11-19T17:46:40.093+0000] {logging_mixin.py:190} INFO - [2024-11-19T17:46:40.092+0000] {dagbag.py:588} INFO - Filling up the DagBag from /home/airflow/.local/lib/python3.12/site-packages/airflow/example_dags/example_branch_labels.py
[2024-11-19T17:46:40.108+0000] {processor.py:925} INFO - DAG(s) 'example_branch_labels' retrieved from /home/airflow/.local/lib/python3.12/site-packages/airflow/example_dags/example_branch_labels.py
[2024-11-19T17:46:40.140+0000] {logging_mixin.py:190} INFO - [2024-11-19T17:46:40.139+0000] {dag.py:3239} INFO - Sync 1 DAGs
[2024-11-19T17:46:40.172+0000] {logging_mixin.py:190} INFO - [2024-11-19T17:46:40.172+0000] {dag.py:4180} INFO - Setting next_dagrun for example_branch_labels to 2024-11-18 00:00:00+00:00, run_after=2024-11-19 00:00:00+00:00
[2024-11-19T17:46:40.266+0000] {processor.py:208} INFO - Processing /home/airflow/.local/lib/python3.12/site-packages/airflow/example_dags/example_branch_labels.py took 0.189 seconds
[2024-11-19T17:47:11.831+0000] {processor.py:186} INFO - Started process (PID=592) to work on /home/airflow/.local/lib/python3.12/site-packages/airflow/example_dags/example_branch_labels.py
[2024-11-19T17:47:11.832+0000] {processor.py:914} INFO - Processing file /home/airflow/.local/lib/python3.12/site-packages/airflow/example_dags/example_branch_labels.py for tasks to queue
[2024-11-19T17:47:11.835+0000] {logging_mixin.py:190} INFO - [2024-11-19T17:47:11.834+0000] {dagbag.py:588} INFO - Filling up the DagBag from /home/airflow/.local/lib/python3.12/site-packages/airflow/example_dags/example_branch_labels.py
[2024-11-19T17:47:11.847+0000] {processor.py:925} INFO - DAG(s) 'example_branch_labels' retrieved from /home/airflow/.local/lib/python3.12/site-packages/airflow/example_dags/example_branch_labels.py
[2024-11-19T17:47:11.872+0000] {logging_mixin.py:190} INFO - [2024-11-19T17:47:11.871+0000] {dag.py:3239} INFO - Sync 1 DAGs
[2024-11-19T17:47:11.901+0000] {logging_mixin.py:190} INFO - [2024-11-19T17:47:11.900+0000] {dag.py:4180} INFO - Setting next_dagrun for example_branch_labels to 2024-11-18 00:00:00+00:00, run_after=2024-11-19 00:00:00+00:00
[2024-11-19T17:47:11.963+0000] {processor.py:208} INFO - Processing /home/airflow/.local/lib/python3.12/site-packages/airflow/example_dags/example_branch_labels.py took 0.140 seconds
[2024-11-19T17:47:43.317+0000] {processor.py:186} INFO - Started process (PID=663) to work on /home/airflow/.local/lib/python3.12/site-packages/airflow/example_dags/example_branch_labels.py
[2024-11-19T17:47:43.318+0000] {processor.py:914} INFO - Processing file /home/airflow/.local/lib/python3.12/site-packages/airflow/example_dags/example_branch_labels.py for tasks to queue
[2024-11-19T17:47:43.322+0000] {logging_mixin.py:190} INFO - [2024-11-19T17:47:43.321+0000] {dagbag.py:588} INFO - Filling up the DagBag from /home/airflow/.local/lib/python3.12/site-packages/airflow/example_dags/example_branch_labels.py
[2024-11-19T17:47:43.336+0000] {processor.py:925} INFO - DAG(s) 'example_branch_labels' retrieved from /home/airflow/.local/lib/python3.12/site-packages/airflow/example_dags/example_branch_labels.py
[2024-11-19T17:47:43.374+0000] {logging_mixin.py:190} INFO - [2024-11-19T17:47:43.374+0000] {dag.py:3239} INFO - Sync 1 DAGs
[2024-11-19T17:47:43.417+0000] {logging_mixin.py:190} INFO - [2024-11-19T17:47:43.417+0000] {dag.py:4180} INFO - Setting next_dagrun for example_branch_labels to 2024-11-18 00:00:00+00:00, run_after=2024-11-19 00:00:00+00:00
[2024-11-19T17:47:43.477+0000] {processor.py:208} INFO - Processing /home/airflow/.local/lib/python3.12/site-packages/airflow/example_dags/example_branch_labels.py took 0.171 seconds
[2024-11-19T17:48:15.080+0000] {processor.py:186} INFO - Started process (PID=726) to work on /home/airflow/.local/lib/python3.12/site-packages/airflow/example_dags/example_branch_labels.py
[2024-11-19T17:48:15.081+0000] {processor.py:914} INFO - Processing file /home/airflow/.local/lib/python3.12/site-packages/airflow/example_dags/example_branch_labels.py for tasks to queue
[2024-11-19T17:48:15.085+0000] {logging_mixin.py:190} INFO - [2024-11-19T17:48:15.085+0000] {dagbag.py:588} INFO - Filling up the DagBag from /home/airflow/.local/lib/python3.12/site-packages/airflow/example_dags/example_branch_labels.py
[2024-11-19T17:48:15.100+0000] {processor.py:925} INFO - DAG(s) 'example_branch_labels' retrieved from /home/airflow/.local/lib/python3.12/site-packages/airflow/example_dags/example_branch_labels.py
[2024-11-19T17:48:15.130+0000] {logging_mixin.py:190} INFO - [2024-11-19T17:48:15.129+0000] {dag.py:3239} INFO - Sync 1 DAGs
[2024-11-19T17:48:15.163+0000] {logging_mixin.py:190} INFO - [2024-11-19T17:48:15.163+0000] {dag.py:4180} INFO - Setting next_dagrun for example_branch_labels to 2024-11-18 00:00:00+00:00, run_after=2024-11-19 00:00:00+00:00
[2024-11-19T17:48:15.288+0000] {processor.py:208} INFO - Processing /home/airflow/.local/lib/python3.12/site-packages/airflow/example_dags/example_branch_labels.py took 0.215 seconds
[2024-11-19T17:48:46.326+0000] {processor.py:186} INFO - Started process (PID=797) to work on /home/airflow/.local/lib/python3.12/site-packages/airflow/example_dags/example_branch_labels.py
[2024-11-19T17:48:46.328+0000] {processor.py:914} INFO - Processing file /home/airflow/.local/lib/python3.12/site-packages/airflow/example_dags/example_branch_labels.py for tasks to queue
[2024-11-19T17:48:46.332+0000] {logging_mixin.py:190} INFO - [2024-11-19T17:48:46.331+0000] {dagbag.py:588} INFO - Filling up the DagBag from /home/airflow/.local/lib/python3.12/site-packages/airflow/example_dags/example_branch_labels.py
[2024-11-19T17:48:46.357+0000] {processor.py:925} INFO - DAG(s) 'example_branch_labels' retrieved from /home/airflow/.local/lib/python3.12/site-packages/airflow/example_dags/example_branch_labels.py
[2024-11-19T17:48:46.400+0000] {logging_mixin.py:190} INFO - [2024-11-19T17:48:46.399+0000] {dag.py:3239} INFO - Sync 1 DAGs
[2024-11-19T17:48:46.464+0000] {logging_mixin.py:190} INFO - [2024-11-19T17:48:46.464+0000] {dag.py:4180} INFO - Setting next_dagrun for example_branch_labels to 2024-11-18 00:00:00+00:00, run_after=2024-11-19 00:00:00+00:00
[2024-11-19T17:48:46.598+0000] {processor.py:208} INFO - Processing /home/airflow/.local/lib/python3.12/site-packages/airflow/example_dags/example_branch_labels.py took 0.284 seconds
[2024-11-19T17:49:16.731+0000] {processor.py:186} INFO - Started process (PID=868) to work on /home/airflow/.local/lib/python3.12/site-packages/airflow/example_dags/example_branch_labels.py
[2024-11-19T17:49:16.733+0000] {processor.py:914} INFO - Processing file /home/airflow/.local/lib/python3.12/site-packages/airflow/example_dags/example_branch_labels.py for tasks to queue
[2024-11-19T17:49:16.738+0000] {logging_mixin.py:190} INFO - [2024-11-19T17:49:16.737+0000] {dagbag.py:588} INFO - Filling up the DagBag from /home/airflow/.local/lib/python3.12/site-packages/airflow/example_dags/example_branch_labels.py
[2024-11-19T17:49:16.755+0000] {processor.py:925} INFO - DAG(s) 'example_branch_labels' retrieved from /home/airflow/.local/lib/python3.12/site-packages/airflow/example_dags/example_branch_labels.py
[2024-11-19T17:49:16.787+0000] {logging_mixin.py:190} INFO - [2024-11-19T17:49:16.787+0000] {dag.py:3239} INFO - Sync 1 DAGs
[2024-11-19T17:49:16.831+0000] {logging_mixin.py:190} INFO - [2024-11-19T17:49:16.830+0000] {dag.py:4180} INFO - Setting next_dagrun for example_branch_labels to 2024-11-18 00:00:00+00:00, run_after=2024-11-19 00:00:00+00:00
[2024-11-19T17:49:16.924+0000] {processor.py:208} INFO - Processing /home/airflow/.local/lib/python3.12/site-packages/airflow/example_dags/example_branch_labels.py took 0.203 seconds
[2024-11-19T17:49:50.326+0000] {processor.py:186} INFO - Started process (PID=939) to work on /home/airflow/.local/lib/python3.12/site-packages/airflow/example_dags/example_branch_labels.py
[2024-11-19T17:49:50.328+0000] {processor.py:914} INFO - Processing file /home/airflow/.local/lib/python3.12/site-packages/airflow/example_dags/example_branch_labels.py for tasks to queue
[2024-11-19T17:49:50.333+0000] {logging_mixin.py:190} INFO - [2024-11-19T17:49:50.333+0000] {dagbag.py:588} INFO - Filling up the DagBag from /home/airflow/.local/lib/python3.12/site-packages/airflow/example_dags/example_branch_labels.py
[2024-11-19T17:49:50.360+0000] {processor.py:925} INFO - DAG(s) 'example_branch_labels' retrieved from /home/airflow/.local/lib/python3.12/site-packages/airflow/example_dags/example_branch_labels.py
[2024-11-19T17:49:50.393+0000] {logging_mixin.py:190} INFO - [2024-11-19T17:49:50.393+0000] {dag.py:3239} INFO - Sync 1 DAGs
[2024-11-19T17:49:50.428+0000] {logging_mixin.py:190} INFO - [2024-11-19T17:49:50.427+0000] {dag.py:4180} INFO - Setting next_dagrun for example_branch_labels to 2024-11-18 00:00:00+00:00, run_after=2024-11-19 00:00:00+00:00
[2024-11-19T17:49:50.801+0000] {processor.py:208} INFO - Processing /home/airflow/.local/lib/python3.12/site-packages/airflow/example_dags/example_branch_labels.py took 0.498 seconds
[2024-11-19T17:50:22.318+0000] {processor.py:186} INFO - Started process (PID=1010) to work on /home/airflow/.local/lib/python3.12/site-packages/airflow/example_dags/example_branch_labels.py
[2024-11-19T17:50:22.319+0000] {processor.py:914} INFO - Processing file /home/airflow/.local/lib/python3.12/site-packages/airflow/example_dags/example_branch_labels.py for tasks to queue
[2024-11-19T17:50:22.328+0000] {logging_mixin.py:190} INFO - [2024-11-19T17:50:22.327+0000] {dagbag.py:588} INFO - Filling up the DagBag from /home/airflow/.local/lib/python3.12/site-packages/airflow/example_dags/example_branch_labels.py
[2024-11-19T17:50:22.346+0000] {processor.py:925} INFO - DAG(s) 'example_branch_labels' retrieved from /home/airflow/.local/lib/python3.12/site-packages/airflow/example_dags/example_branch_labels.py
[2024-11-19T17:50:22.377+0000] {logging_mixin.py:190} INFO - [2024-11-19T17:50:22.377+0000] {dag.py:3239} INFO - Sync 1 DAGs
[2024-11-19T17:50:22.413+0000] {logging_mixin.py:190} INFO - [2024-11-19T17:50:22.413+0000] {dag.py:4180} INFO - Setting next_dagrun for example_branch_labels to 2024-11-18 00:00:00+00:00, run_after=2024-11-19 00:00:00+00:00
[2024-11-19T17:50:22.475+0000] {processor.py:208} INFO - Processing /home/airflow/.local/lib/python3.12/site-packages/airflow/example_dags/example_branch_labels.py took 0.168 seconds
[2024-11-19T17:50:53.318+0000] {processor.py:186} INFO - Started process (PID=1081) to work on /home/airflow/.local/lib/python3.12/site-packages/airflow/example_dags/example_branch_labels.py
[2024-11-19T17:50:53.320+0000] {processor.py:914} INFO - Processing file /home/airflow/.local/lib/python3.12/site-packages/airflow/example_dags/example_branch_labels.py for tasks to queue
[2024-11-19T17:50:53.323+0000] {logging_mixin.py:190} INFO - [2024-11-19T17:50:53.323+0000] {dagbag.py:588} INFO - Filling up the DagBag from /home/airflow/.local/lib/python3.12/site-packages/airflow/example_dags/example_branch_labels.py
[2024-11-19T17:50:53.342+0000] {processor.py:925} INFO - DAG(s) 'example_branch_labels' retrieved from /home/airflow/.local/lib/python3.12/site-packages/airflow/example_dags/example_branch_labels.py
[2024-11-19T17:50:53.388+0000] {logging_mixin.py:190} INFO - [2024-11-19T17:50:53.387+0000] {dag.py:3239} INFO - Sync 1 DAGs
[2024-11-19T17:50:53.462+0000] {logging_mixin.py:190} INFO - [2024-11-19T17:50:53.461+0000] {dag.py:4180} INFO - Setting next_dagrun for example_branch_labels to 2024-11-18 00:00:00+00:00, run_after=2024-11-19 00:00:00+00:00
[2024-11-19T17:50:53.524+0000] {processor.py:208} INFO - Processing /home/airflow/.local/lib/python3.12/site-packages/airflow/example_dags/example_branch_labels.py took 0.219 seconds
[2024-11-19T17:51:24.246+0000] {processor.py:186} INFO - Started process (PID=1152) to work on /home/airflow/.local/lib/python3.12/site-packages/airflow/example_dags/example_branch_labels.py
[2024-11-19T17:51:24.247+0000] {processor.py:914} INFO - Processing file /home/airflow/.local/lib/python3.12/site-packages/airflow/example_dags/example_branch_labels.py for tasks to queue
[2024-11-19T17:51:24.251+0000] {logging_mixin.py:190} INFO - [2024-11-19T17:51:24.250+0000] {dagbag.py:588} INFO - Filling up the DagBag from /home/airflow/.local/lib/python3.12/site-packages/airflow/example_dags/example_branch_labels.py
[2024-11-19T17:51:24.269+0000] {processor.py:925} INFO - DAG(s) 'example_branch_labels' retrieved from /home/airflow/.local/lib/python3.12/site-packages/airflow/example_dags/example_branch_labels.py
[2024-11-19T17:51:24.304+0000] {logging_mixin.py:190} INFO - [2024-11-19T17:51:24.303+0000] {dag.py:3239} INFO - Sync 1 DAGs
[2024-11-19T17:51:24.354+0000] {logging_mixin.py:190} INFO - [2024-11-19T17:51:24.353+0000] {dag.py:4180} INFO - Setting next_dagrun for example_branch_labels to 2024-11-18 00:00:00+00:00, run_after=2024-11-19 00:00:00+00:00
[2024-11-19T17:51:24.453+0000] {processor.py:208} INFO - Processing /home/airflow/.local/lib/python3.12/site-packages/airflow/example_dags/example_branch_labels.py took 0.216 seconds
[2024-11-19T17:51:55.663+0000] {processor.py:186} INFO - Started process (PID=1223) to work on /home/airflow/.local/lib/python3.12/site-packages/airflow/example_dags/example_branch_labels.py
[2024-11-19T17:51:55.665+0000] {processor.py:914} INFO - Processing file /home/airflow/.local/lib/python3.12/site-packages/airflow/example_dags/example_branch_labels.py for tasks to queue
[2024-11-19T17:51:55.670+0000] {logging_mixin.py:190} INFO - [2024-11-19T17:51:55.669+0000] {dagbag.py:588} INFO - Filling up the DagBag from /home/airflow/.local/lib/python3.12/site-packages/airflow/example_dags/example_branch_labels.py
[2024-11-19T17:51:55.691+0000] {processor.py:925} INFO - DAG(s) 'example_branch_labels' retrieved from /home/airflow/.local/lib/python3.12/site-packages/airflow/example_dags/example_branch_labels.py
[2024-11-19T17:51:55.727+0000] {logging_mixin.py:190} INFO - [2024-11-19T17:51:55.727+0000] {dag.py:3239} INFO - Sync 1 DAGs
[2024-11-19T17:51:55.772+0000] {logging_mixin.py:190} INFO - [2024-11-19T17:51:55.771+0000] {dag.py:4180} INFO - Setting next_dagrun for example_branch_labels to 2024-11-18 00:00:00+00:00, run_after=2024-11-19 00:00:00+00:00
[2024-11-19T17:51:55.841+0000] {processor.py:208} INFO - Processing /home/airflow/.local/lib/python3.12/site-packages/airflow/example_dags/example_branch_labels.py took 0.190 seconds
[2024-11-19T17:52:26.239+0000] {processor.py:186} INFO - Started process (PID=1295) to work on /home/airflow/.local/lib/python3.12/site-packages/airflow/example_dags/example_branch_labels.py
[2024-11-19T17:52:26.241+0000] {processor.py:914} INFO - Processing file /home/airflow/.local/lib/python3.12/site-packages/airflow/example_dags/example_branch_labels.py for tasks to queue
[2024-11-19T17:52:26.244+0000] {logging_mixin.py:190} INFO - [2024-11-19T17:52:26.244+0000] {dagbag.py:588} INFO - Filling up the DagBag from /home/airflow/.local/lib/python3.12/site-packages/airflow/example_dags/example_branch_labels.py
[2024-11-19T17:52:26.256+0000] {processor.py:925} INFO - DAG(s) 'example_branch_labels' retrieved from /home/airflow/.local/lib/python3.12/site-packages/airflow/example_dags/example_branch_labels.py
[2024-11-19T17:52:26.281+0000] {logging_mixin.py:190} INFO - [2024-11-19T17:52:26.281+0000] {dag.py:3239} INFO - Sync 1 DAGs
[2024-11-19T17:52:26.317+0000] {logging_mixin.py:190} INFO - [2024-11-19T17:52:26.316+0000] {dag.py:4180} INFO - Setting next_dagrun for example_branch_labels to 2024-11-18 00:00:00+00:00, run_after=2024-11-19 00:00:00+00:00
[2024-11-19T17:52:26.398+0000] {processor.py:208} INFO - Processing /home/airflow/.local/lib/python3.12/site-packages/airflow/example_dags/example_branch_labels.py took 0.165 seconds
[2024-11-19T17:52:56.804+0000] {processor.py:186} INFO - Started process (PID=1366) to work on /home/airflow/.local/lib/python3.12/site-packages/airflow/example_dags/example_branch_labels.py
[2024-11-19T17:52:56.806+0000] {processor.py:914} INFO - Processing file /home/airflow/.local/lib/python3.12/site-packages/airflow/example_dags/example_branch_labels.py for tasks to queue
[2024-11-19T17:52:56.809+0000] {logging_mixin.py:190} INFO - [2024-11-19T17:52:56.808+0000] {dagbag.py:588} INFO - Filling up the DagBag from /home/airflow/.local/lib/python3.12/site-packages/airflow/example_dags/example_branch_labels.py
[2024-11-19T17:52:56.823+0000] {processor.py:925} INFO - DAG(s) 'example_branch_labels' retrieved from /home/airflow/.local/lib/python3.12/site-packages/airflow/example_dags/example_branch_labels.py
[2024-11-19T17:52:56.850+0000] {logging_mixin.py:190} INFO - [2024-11-19T17:52:56.850+0000] {dag.py:3239} INFO - Sync 1 DAGs
[2024-11-19T17:52:56.886+0000] {logging_mixin.py:190} INFO - [2024-11-19T17:52:56.885+0000] {dag.py:4180} INFO - Setting next_dagrun for example_branch_labels to 2024-11-18 00:00:00+00:00, run_after=2024-11-19 00:00:00+00:00
[2024-11-19T17:52:56.965+0000] {processor.py:208} INFO - Processing /home/airflow/.local/lib/python3.12/site-packages/airflow/example_dags/example_branch_labels.py took 0.169 seconds
[2024-11-19T17:53:27.169+0000] {processor.py:186} INFO - Started process (PID=1437) to work on /home/airflow/.local/lib/python3.12/site-packages/airflow/example_dags/example_branch_labels.py
[2024-11-19T17:53:27.170+0000] {processor.py:914} INFO - Processing file /home/airflow/.local/lib/python3.12/site-packages/airflow/example_dags/example_branch_labels.py for tasks to queue
[2024-11-19T17:53:27.174+0000] {logging_mixin.py:190} INFO - [2024-11-19T17:53:27.174+0000] {dagbag.py:588} INFO - Filling up the DagBag from /home/airflow/.local/lib/python3.12/site-packages/airflow/example_dags/example_branch_labels.py
[2024-11-19T17:53:27.198+0000] {processor.py:925} INFO - DAG(s) 'example_branch_labels' retrieved from /home/airflow/.local/lib/python3.12/site-packages/airflow/example_dags/example_branch_labels.py
[2024-11-19T17:53:27.227+0000] {logging_mixin.py:190} INFO - [2024-11-19T17:53:27.226+0000] {dag.py:3239} INFO - Sync 1 DAGs
[2024-11-19T17:53:27.263+0000] {logging_mixin.py:190} INFO - [2024-11-19T17:53:27.262+0000] {dag.py:4180} INFO - Setting next_dagrun for example_branch_labels to 2024-11-18 00:00:00+00:00, run_after=2024-11-19 00:00:00+00:00
[2024-11-19T17:53:27.324+0000] {processor.py:208} INFO - Processing /home/airflow/.local/lib/python3.12/site-packages/airflow/example_dags/example_branch_labels.py took 0.175 seconds
[2024-11-19T17:53:58.253+0000] {processor.py:186} INFO - Started process (PID=1508) to work on /home/airflow/.local/lib/python3.12/site-packages/airflow/example_dags/example_branch_labels.py
[2024-11-19T17:53:58.254+0000] {processor.py:914} INFO - Processing file /home/airflow/.local/lib/python3.12/site-packages/airflow/example_dags/example_branch_labels.py for tasks to queue
[2024-11-19T17:53:58.258+0000] {logging_mixin.py:190} INFO - [2024-11-19T17:53:58.258+0000] {dagbag.py:588} INFO - Filling up the DagBag from /home/airflow/.local/lib/python3.12/site-packages/airflow/example_dags/example_branch_labels.py
[2024-11-19T17:53:58.277+0000] {processor.py:925} INFO - DAG(s) 'example_branch_labels' retrieved from /home/airflow/.local/lib/python3.12/site-packages/airflow/example_dags/example_branch_labels.py
[2024-11-19T17:53:58.312+0000] {logging_mixin.py:190} INFO - [2024-11-19T17:53:58.311+0000] {dag.py:3239} INFO - Sync 1 DAGs
[2024-11-19T17:53:58.352+0000] {logging_mixin.py:190} INFO - [2024-11-19T17:53:58.352+0000] {dag.py:4180} INFO - Setting next_dagrun for example_branch_labels to 2024-11-18 00:00:00+00:00, run_after=2024-11-19 00:00:00+00:00
[2024-11-19T17:53:58.422+0000] {processor.py:208} INFO - Processing /home/airflow/.local/lib/python3.12/site-packages/airflow/example_dags/example_branch_labels.py took 0.180 seconds
[2024-11-19T17:54:28.697+0000] {processor.py:186} INFO - Started process (PID=1579) to work on /home/airflow/.local/lib/python3.12/site-packages/airflow/example_dags/example_branch_labels.py
[2024-11-19T17:54:28.700+0000] {processor.py:914} INFO - Processing file /home/airflow/.local/lib/python3.12/site-packages/airflow/example_dags/example_branch_labels.py for tasks to queue
[2024-11-19T17:54:28.705+0000] {logging_mixin.py:190} INFO - [2024-11-19T17:54:28.704+0000] {dagbag.py:588} INFO - Filling up the DagBag from /home/airflow/.local/lib/python3.12/site-packages/airflow/example_dags/example_branch_labels.py
[2024-11-19T17:54:28.731+0000] {processor.py:925} INFO - DAG(s) 'example_branch_labels' retrieved from /home/airflow/.local/lib/python3.12/site-packages/airflow/example_dags/example_branch_labels.py
[2024-11-19T17:54:28.776+0000] {logging_mixin.py:190} INFO - [2024-11-19T17:54:28.775+0000] {dag.py:3239} INFO - Sync 1 DAGs
[2024-11-19T17:54:28.827+0000] {logging_mixin.py:190} INFO - [2024-11-19T17:54:28.826+0000] {dag.py:4180} INFO - Setting next_dagrun for example_branch_labels to 2024-11-18 00:00:00+00:00, run_after=2024-11-19 00:00:00+00:00
[2024-11-19T17:54:28.932+0000] {processor.py:208} INFO - Processing /home/airflow/.local/lib/python3.12/site-packages/airflow/example_dags/example_branch_labels.py took 0.246 seconds
[2024-11-19T17:54:59.159+0000] {processor.py:186} INFO - Started process (PID=1650) to work on /home/airflow/.local/lib/python3.12/site-packages/airflow/example_dags/example_branch_labels.py
[2024-11-19T17:54:59.161+0000] {processor.py:914} INFO - Processing file /home/airflow/.local/lib/python3.12/site-packages/airflow/example_dags/example_branch_labels.py for tasks to queue
[2024-11-19T17:54:59.165+0000] {logging_mixin.py:190} INFO - [2024-11-19T17:54:59.164+0000] {dagbag.py:588} INFO - Filling up the DagBag from /home/airflow/.local/lib/python3.12/site-packages/airflow/example_dags/example_branch_labels.py
[2024-11-19T17:54:59.180+0000] {processor.py:925} INFO - DAG(s) 'example_branch_labels' retrieved from /home/airflow/.local/lib/python3.12/site-packages/airflow/example_dags/example_branch_labels.py
[2024-11-19T17:54:59.224+0000] {logging_mixin.py:190} INFO - [2024-11-19T17:54:59.223+0000] {dag.py:3239} INFO - Sync 1 DAGs
[2024-11-19T17:54:59.271+0000] {logging_mixin.py:190} INFO - [2024-11-19T17:54:59.271+0000] {dag.py:4180} INFO - Setting next_dagrun for example_branch_labels to 2024-11-18 00:00:00+00:00, run_after=2024-11-19 00:00:00+00:00
[2024-11-19T17:54:59.349+0000] {processor.py:208} INFO - Processing /home/airflow/.local/lib/python3.12/site-packages/airflow/example_dags/example_branch_labels.py took 0.201 seconds
[2024-11-19T17:55:29.579+0000] {processor.py:186} INFO - Started process (PID=1720) to work on /home/airflow/.local/lib/python3.12/site-packages/airflow/example_dags/example_branch_labels.py
[2024-11-19T17:55:29.581+0000] {processor.py:914} INFO - Processing file /home/airflow/.local/lib/python3.12/site-packages/airflow/example_dags/example_branch_labels.py for tasks to queue
[2024-11-19T17:55:29.583+0000] {logging_mixin.py:190} INFO - [2024-11-19T17:55:29.583+0000] {dagbag.py:588} INFO - Filling up the DagBag from /home/airflow/.local/lib/python3.12/site-packages/airflow/example_dags/example_branch_labels.py
[2024-11-19T17:55:29.595+0000] {processor.py:925} INFO - DAG(s) 'example_branch_labels' retrieved from /home/airflow/.local/lib/python3.12/site-packages/airflow/example_dags/example_branch_labels.py
[2024-11-19T17:55:29.624+0000] {logging_mixin.py:190} INFO - [2024-11-19T17:55:29.624+0000] {dag.py:3239} INFO - Sync 1 DAGs
[2024-11-19T17:55:29.666+0000] {logging_mixin.py:190} INFO - [2024-11-19T17:55:29.666+0000] {dag.py:4180} INFO - Setting next_dagrun for example_branch_labels to 2024-11-18 00:00:00+00:00, run_after=2024-11-19 00:00:00+00:00
[2024-11-19T17:55:29.765+0000] {processor.py:208} INFO - Processing /home/airflow/.local/lib/python3.12/site-packages/airflow/example_dags/example_branch_labels.py took 0.193 seconds
[2024-11-19T17:56:00.806+0000] {processor.py:186} INFO - Started process (PID=1791) to work on /home/airflow/.local/lib/python3.12/site-packages/airflow/example_dags/example_branch_labels.py
[2024-11-19T17:56:00.808+0000] {processor.py:914} INFO - Processing file /home/airflow/.local/lib/python3.12/site-packages/airflow/example_dags/example_branch_labels.py for tasks to queue
[2024-11-19T17:56:00.811+0000] {logging_mixin.py:190} INFO - [2024-11-19T17:56:00.811+0000] {dagbag.py:588} INFO - Filling up the DagBag from /home/airflow/.local/lib/python3.12/site-packages/airflow/example_dags/example_branch_labels.py
[2024-11-19T17:56:00.828+0000] {processor.py:925} INFO - DAG(s) 'example_branch_labels' retrieved from /home/airflow/.local/lib/python3.12/site-packages/airflow/example_dags/example_branch_labels.py
[2024-11-19T17:56:00.855+0000] {logging_mixin.py:190} INFO - [2024-11-19T17:56:00.855+0000] {dag.py:3239} INFO - Sync 1 DAGs
[2024-11-19T17:56:00.892+0000] {logging_mixin.py:190} INFO - [2024-11-19T17:56:00.892+0000] {dag.py:4180} INFO - Setting next_dagrun for example_branch_labels to 2024-11-18 00:00:00+00:00, run_after=2024-11-19 00:00:00+00:00
[2024-11-19T17:56:01.137+0000] {processor.py:208} INFO - Processing /home/airflow/.local/lib/python3.12/site-packages/airflow/example_dags/example_branch_labels.py took 0.338 seconds
[2024-11-19T17:56:31.342+0000] {processor.py:186} INFO - Started process (PID=1862) to work on /home/airflow/.local/lib/python3.12/site-packages/airflow/example_dags/example_branch_labels.py
[2024-11-19T17:56:31.343+0000] {processor.py:914} INFO - Processing file /home/airflow/.local/lib/python3.12/site-packages/airflow/example_dags/example_branch_labels.py for tasks to queue
[2024-11-19T17:56:31.347+0000] {logging_mixin.py:190} INFO - [2024-11-19T17:56:31.346+0000] {dagbag.py:588} INFO - Filling up the DagBag from /home/airflow/.local/lib/python3.12/site-packages/airflow/example_dags/example_branch_labels.py
[2024-11-19T17:56:31.363+0000] {processor.py:925} INFO - DAG(s) 'example_branch_labels' retrieved from /home/airflow/.local/lib/python3.12/site-packages/airflow/example_dags/example_branch_labels.py
[2024-11-19T17:56:31.390+0000] {logging_mixin.py:190} INFO - [2024-11-19T17:56:31.390+0000] {dag.py:3239} INFO - Sync 1 DAGs
[2024-11-19T17:56:31.426+0000] {logging_mixin.py:190} INFO - [2024-11-19T17:56:31.426+0000] {dag.py:4180} INFO - Setting next_dagrun for example_branch_labels to 2024-11-18 00:00:00+00:00, run_after=2024-11-19 00:00:00+00:00
[2024-11-19T17:56:31.498+0000] {processor.py:208} INFO - Processing /home/airflow/.local/lib/python3.12/site-packages/airflow/example_dags/example_branch_labels.py took 0.164 seconds
[2024-11-19T17:57:02.524+0000] {processor.py:186} INFO - Started process (PID=1933) to work on /home/airflow/.local/lib/python3.12/site-packages/airflow/example_dags/example_branch_labels.py
[2024-11-19T17:57:02.526+0000] {processor.py:914} INFO - Processing file /home/airflow/.local/lib/python3.12/site-packages/airflow/example_dags/example_branch_labels.py for tasks to queue
[2024-11-19T17:57:02.529+0000] {logging_mixin.py:190} INFO - [2024-11-19T17:57:02.529+0000] {dagbag.py:588} INFO - Filling up the DagBag from /home/airflow/.local/lib/python3.12/site-packages/airflow/example_dags/example_branch_labels.py
[2024-11-19T17:57:02.543+0000] {processor.py:925} INFO - DAG(s) 'example_branch_labels' retrieved from /home/airflow/.local/lib/python3.12/site-packages/airflow/example_dags/example_branch_labels.py
[2024-11-19T17:57:02.569+0000] {logging_mixin.py:190} INFO - [2024-11-19T17:57:02.569+0000] {dag.py:3239} INFO - Sync 1 DAGs
[2024-11-19T17:57:02.600+0000] {logging_mixin.py:190} INFO - [2024-11-19T17:57:02.600+0000] {dag.py:4180} INFO - Setting next_dagrun for example_branch_labels to 2024-11-18 00:00:00+00:00, run_after=2024-11-19 00:00:00+00:00
[2024-11-19T17:57:02.670+0000] {processor.py:208} INFO - Processing /home/airflow/.local/lib/python3.12/site-packages/airflow/example_dags/example_branch_labels.py took 0.153 seconds
[2024-11-19T17:57:33.020+0000] {processor.py:186} INFO - Started process (PID=2004) to work on /home/airflow/.local/lib/python3.12/site-packages/airflow/example_dags/example_branch_labels.py
[2024-11-19T17:57:33.023+0000] {processor.py:914} INFO - Processing file /home/airflow/.local/lib/python3.12/site-packages/airflow/example_dags/example_branch_labels.py for tasks to queue
[2024-11-19T17:57:33.027+0000] {logging_mixin.py:190} INFO - [2024-11-19T17:57:33.026+0000] {dagbag.py:588} INFO - Filling up the DagBag from /home/airflow/.local/lib/python3.12/site-packages/airflow/example_dags/example_branch_labels.py
[2024-11-19T17:57:33.049+0000] {processor.py:925} INFO - DAG(s) 'example_branch_labels' retrieved from /home/airflow/.local/lib/python3.12/site-packages/airflow/example_dags/example_branch_labels.py
[2024-11-19T17:57:33.081+0000] {logging_mixin.py:190} INFO - [2024-11-19T17:57:33.081+0000] {dag.py:3239} INFO - Sync 1 DAGs
[2024-11-19T17:57:33.125+0000] {logging_mixin.py:190} INFO - [2024-11-19T17:57:33.124+0000] {dag.py:4180} INFO - Setting next_dagrun for example_branch_labels to 2024-11-18 00:00:00+00:00, run_after=2024-11-19 00:00:00+00:00
[2024-11-19T17:57:33.219+0000] {processor.py:208} INFO - Processing /home/airflow/.local/lib/python3.12/site-packages/airflow/example_dags/example_branch_labels.py took 0.207 seconds
