[2024-11-19T17:41:51.208+0000] {processor.py:186} INFO - Started process (PID=133) to work on /home/airflow/.local/lib/python3.12/site-packages/airflow/example_dags/example_nested_branch_dag.py
[2024-11-19T17:41:51.210+0000] {processor.py:914} INFO - Processing file /home/airflow/.local/lib/python3.12/site-packages/airflow/example_dags/example_nested_branch_dag.py for tasks to queue
[2024-11-19T17:41:51.213+0000] {logging_mixin.py:190} INFO - [2024-11-19T17:41:51.213+0000] {dagbag.py:588} INFO - Filling up the DagBag from /home/airflow/.local/lib/python3.12/site-packages/airflow/example_dags/example_nested_branch_dag.py
[2024-11-19T17:41:51.239+0000] {processor.py:925} INFO - DAG(s) 'example_nested_branch_dag' retrieved from /home/airflow/.local/lib/python3.12/site-packages/airflow/example_dags/example_nested_branch_dag.py
[2024-11-19T17:41:51.269+0000] {logging_mixin.py:190} INFO - [2024-11-19T17:41:51.269+0000] {dag.py:3239} INFO - Sync 1 DAGs
[2024-11-19T17:41:51.303+0000] {logging_mixin.py:190} INFO - [2024-11-19T17:41:51.302+0000] {dag.py:4180} INFO - Setting next_dagrun for example_nested_branch_dag to 2024-11-18 00:00:00+00:00, run_after=2024-11-19 00:00:00+00:00
[2024-11-19T17:41:51.409+0000] {processor.py:208} INFO - Processing /home/airflow/.local/lib/python3.12/site-packages/airflow/example_dags/example_nested_branch_dag.py took 0.208 seconds
[2024-11-19T17:43:21.019+0000] {processor.py:186} INFO - Started process (PID=93) to work on /home/airflow/.local/lib/python3.12/site-packages/airflow/example_dags/example_nested_branch_dag.py
[2024-11-19T17:43:21.021+0000] {processor.py:914} INFO - Processing file /home/airflow/.local/lib/python3.12/site-packages/airflow/example_dags/example_nested_branch_dag.py for tasks to queue
[2024-11-19T17:43:21.025+0000] {logging_mixin.py:190} INFO - [2024-11-19T17:43:21.024+0000] {dagbag.py:588} INFO - Filling up the DagBag from /home/airflow/.local/lib/python3.12/site-packages/airflow/example_dags/example_nested_branch_dag.py
[2024-11-19T17:43:21.039+0000] {processor.py:925} INFO - DAG(s) 'example_nested_branch_dag' retrieved from /home/airflow/.local/lib/python3.12/site-packages/airflow/example_dags/example_nested_branch_dag.py
[2024-11-19T17:43:21.071+0000] {logging_mixin.py:190} INFO - [2024-11-19T17:43:21.071+0000] {dag.py:3239} INFO - Sync 1 DAGs
[2024-11-19T17:43:21.416+0000] {logging_mixin.py:190} INFO - [2024-11-19T17:43:21.416+0000] {dag.py:4180} INFO - Setting next_dagrun for example_nested_branch_dag to 2024-11-18 00:00:00+00:00, run_after=2024-11-19 00:00:00+00:00
[2024-11-19T17:43:21.587+0000] {processor.py:208} INFO - Processing /home/airflow/.local/lib/python3.12/site-packages/airflow/example_dags/example_nested_branch_dag.py took 0.578 seconds
[2024-11-19T17:43:52.097+0000] {processor.py:186} INFO - Started process (PID=164) to work on /home/airflow/.local/lib/python3.12/site-packages/airflow/example_dags/example_nested_branch_dag.py
[2024-11-19T17:43:52.098+0000] {processor.py:914} INFO - Processing file /home/airflow/.local/lib/python3.12/site-packages/airflow/example_dags/example_nested_branch_dag.py for tasks to queue
[2024-11-19T17:43:52.102+0000] {logging_mixin.py:190} INFO - [2024-11-19T17:43:52.101+0000] {dagbag.py:588} INFO - Filling up the DagBag from /home/airflow/.local/lib/python3.12/site-packages/airflow/example_dags/example_nested_branch_dag.py
[2024-11-19T17:43:52.122+0000] {processor.py:925} INFO - DAG(s) 'example_nested_branch_dag' retrieved from /home/airflow/.local/lib/python3.12/site-packages/airflow/example_dags/example_nested_branch_dag.py
[2024-11-19T17:43:52.148+0000] {logging_mixin.py:190} INFO - [2024-11-19T17:43:52.148+0000] {dag.py:3239} INFO - Sync 1 DAGs
[2024-11-19T17:43:52.181+0000] {logging_mixin.py:190} INFO - [2024-11-19T17:43:52.180+0000] {dag.py:4180} INFO - Setting next_dagrun for example_nested_branch_dag to 2024-11-18 00:00:00+00:00, run_after=2024-11-19 00:00:00+00:00
[2024-11-19T17:43:52.258+0000] {processor.py:208} INFO - Processing /home/airflow/.local/lib/python3.12/site-packages/airflow/example_dags/example_nested_branch_dag.py took 0.169 seconds
[2024-11-19T17:44:23.954+0000] {processor.py:186} INFO - Started process (PID=235) to work on /home/airflow/.local/lib/python3.12/site-packages/airflow/example_dags/example_nested_branch_dag.py
[2024-11-19T17:44:23.956+0000] {processor.py:914} INFO - Processing file /home/airflow/.local/lib/python3.12/site-packages/airflow/example_dags/example_nested_branch_dag.py for tasks to queue
[2024-11-19T17:44:23.960+0000] {logging_mixin.py:190} INFO - [2024-11-19T17:44:23.959+0000] {dagbag.py:588} INFO - Filling up the DagBag from /home/airflow/.local/lib/python3.12/site-packages/airflow/example_dags/example_nested_branch_dag.py
[2024-11-19T17:44:23.981+0000] {processor.py:925} INFO - DAG(s) 'example_nested_branch_dag' retrieved from /home/airflow/.local/lib/python3.12/site-packages/airflow/example_dags/example_nested_branch_dag.py
[2024-11-19T17:44:24.023+0000] {logging_mixin.py:190} INFO - [2024-11-19T17:44:24.022+0000] {dag.py:3239} INFO - Sync 1 DAGs
[2024-11-19T17:44:24.056+0000] {logging_mixin.py:190} INFO - [2024-11-19T17:44:24.055+0000] {dag.py:4180} INFO - Setting next_dagrun for example_nested_branch_dag to 2024-11-18 00:00:00+00:00, run_after=2024-11-19 00:00:00+00:00
[2024-11-19T17:44:24.103+0000] {processor.py:208} INFO - Processing /home/airflow/.local/lib/python3.12/site-packages/airflow/example_dags/example_nested_branch_dag.py took 0.161 seconds
[2024-11-19T17:44:54.442+0000] {processor.py:186} INFO - Started process (PID=306) to work on /home/airflow/.local/lib/python3.12/site-packages/airflow/example_dags/example_nested_branch_dag.py
[2024-11-19T17:44:54.444+0000] {processor.py:914} INFO - Processing file /home/airflow/.local/lib/python3.12/site-packages/airflow/example_dags/example_nested_branch_dag.py for tasks to queue
[2024-11-19T17:44:54.449+0000] {logging_mixin.py:190} INFO - [2024-11-19T17:44:54.448+0000] {dagbag.py:588} INFO - Filling up the DagBag from /home/airflow/.local/lib/python3.12/site-packages/airflow/example_dags/example_nested_branch_dag.py
[2024-11-19T17:44:54.471+0000] {processor.py:925} INFO - DAG(s) 'example_nested_branch_dag' retrieved from /home/airflow/.local/lib/python3.12/site-packages/airflow/example_dags/example_nested_branch_dag.py
[2024-11-19T17:44:54.511+0000] {logging_mixin.py:190} INFO - [2024-11-19T17:44:54.510+0000] {dag.py:3239} INFO - Sync 1 DAGs
[2024-11-19T17:44:54.560+0000] {logging_mixin.py:190} INFO - [2024-11-19T17:44:54.559+0000] {dag.py:4180} INFO - Setting next_dagrun for example_nested_branch_dag to 2024-11-18 00:00:00+00:00, run_after=2024-11-19 00:00:00+00:00
[2024-11-19T17:44:54.645+0000] {processor.py:208} INFO - Processing /home/airflow/.local/lib/python3.12/site-packages/airflow/example_dags/example_nested_branch_dag.py took 0.213 seconds
[2024-11-19T17:45:39.162+0000] {processor.py:186} INFO - Started process (PID=377) to work on /home/airflow/.local/lib/python3.12/site-packages/airflow/example_dags/example_nested_branch_dag.py
[2024-11-19T17:45:39.167+0000] {processor.py:914} INFO - Processing file /home/airflow/.local/lib/python3.12/site-packages/airflow/example_dags/example_nested_branch_dag.py for tasks to queue
[2024-11-19T17:45:39.170+0000] {logging_mixin.py:190} INFO - [2024-11-19T17:45:39.170+0000] {dagbag.py:588} INFO - Filling up the DagBag from /home/airflow/.local/lib/python3.12/site-packages/airflow/example_dags/example_nested_branch_dag.py
[2024-11-19T17:45:39.185+0000] {processor.py:925} INFO - DAG(s) 'example_nested_branch_dag' retrieved from /home/airflow/.local/lib/python3.12/site-packages/airflow/example_dags/example_nested_branch_dag.py
[2024-11-19T17:45:39.211+0000] {logging_mixin.py:190} INFO - [2024-11-19T17:45:39.210+0000] {dag.py:3239} INFO - Sync 1 DAGs
[2024-11-19T17:45:39.237+0000] {logging_mixin.py:190} INFO - [2024-11-19T17:45:39.236+0000] {dag.py:4180} INFO - Setting next_dagrun for example_nested_branch_dag to 2024-11-18 00:00:00+00:00, run_after=2024-11-19 00:00:00+00:00
[2024-11-19T17:45:39.397+0000] {processor.py:208} INFO - Processing /home/airflow/.local/lib/python3.12/site-packages/airflow/example_dags/example_nested_branch_dag.py took 0.241 seconds
[2024-11-19T17:46:09.771+0000] {processor.py:186} INFO - Started process (PID=448) to work on /home/airflow/.local/lib/python3.12/site-packages/airflow/example_dags/example_nested_branch_dag.py
[2024-11-19T17:46:09.773+0000] {processor.py:914} INFO - Processing file /home/airflow/.local/lib/python3.12/site-packages/airflow/example_dags/example_nested_branch_dag.py for tasks to queue
[2024-11-19T17:46:09.776+0000] {logging_mixin.py:190} INFO - [2024-11-19T17:46:09.775+0000] {dagbag.py:588} INFO - Filling up the DagBag from /home/airflow/.local/lib/python3.12/site-packages/airflow/example_dags/example_nested_branch_dag.py
[2024-11-19T17:46:09.795+0000] {processor.py:925} INFO - DAG(s) 'example_nested_branch_dag' retrieved from /home/airflow/.local/lib/python3.12/site-packages/airflow/example_dags/example_nested_branch_dag.py
[2024-11-19T17:46:09.832+0000] {logging_mixin.py:190} INFO - [2024-11-19T17:46:09.832+0000] {dag.py:3239} INFO - Sync 1 DAGs
[2024-11-19T17:46:09.877+0000] {logging_mixin.py:190} INFO - [2024-11-19T17:46:09.877+0000] {dag.py:4180} INFO - Setting next_dagrun for example_nested_branch_dag to 2024-11-18 00:00:00+00:00, run_after=2024-11-19 00:00:00+00:00
[2024-11-19T17:46:09.932+0000] {processor.py:208} INFO - Processing /home/airflow/.local/lib/python3.12/site-packages/airflow/example_dags/example_nested_branch_dag.py took 0.171 seconds
[2024-11-19T17:46:40.645+0000] {processor.py:186} INFO - Started process (PID=519) to work on /home/airflow/.local/lib/python3.12/site-packages/airflow/example_dags/example_nested_branch_dag.py
[2024-11-19T17:46:40.647+0000] {processor.py:914} INFO - Processing file /home/airflow/.local/lib/python3.12/site-packages/airflow/example_dags/example_nested_branch_dag.py for tasks to queue
[2024-11-19T17:46:40.653+0000] {logging_mixin.py:190} INFO - [2024-11-19T17:46:40.652+0000] {dagbag.py:588} INFO - Filling up the DagBag from /home/airflow/.local/lib/python3.12/site-packages/airflow/example_dags/example_nested_branch_dag.py
[2024-11-19T17:46:40.679+0000] {processor.py:925} INFO - DAG(s) 'example_nested_branch_dag' retrieved from /home/airflow/.local/lib/python3.12/site-packages/airflow/example_dags/example_nested_branch_dag.py
[2024-11-19T17:46:40.716+0000] {logging_mixin.py:190} INFO - [2024-11-19T17:46:40.716+0000] {dag.py:3239} INFO - Sync 1 DAGs
[2024-11-19T17:46:40.772+0000] {logging_mixin.py:190} INFO - [2024-11-19T17:46:40.771+0000] {dag.py:4180} INFO - Setting next_dagrun for example_nested_branch_dag to 2024-11-18 00:00:00+00:00, run_after=2024-11-19 00:00:00+00:00
[2024-11-19T17:46:40.836+0000] {processor.py:208} INFO - Processing /home/airflow/.local/lib/python3.12/site-packages/airflow/example_dags/example_nested_branch_dag.py took 0.204 seconds
[2024-11-19T17:47:12.153+0000] {processor.py:186} INFO - Started process (PID=596) to work on /home/airflow/.local/lib/python3.12/site-packages/airflow/example_dags/example_nested_branch_dag.py
[2024-11-19T17:47:12.155+0000] {processor.py:914} INFO - Processing file /home/airflow/.local/lib/python3.12/site-packages/airflow/example_dags/example_nested_branch_dag.py for tasks to queue
[2024-11-19T17:47:12.157+0000] {logging_mixin.py:190} INFO - [2024-11-19T17:47:12.157+0000] {dagbag.py:588} INFO - Filling up the DagBag from /home/airflow/.local/lib/python3.12/site-packages/airflow/example_dags/example_nested_branch_dag.py
[2024-11-19T17:47:12.172+0000] {processor.py:925} INFO - DAG(s) 'example_nested_branch_dag' retrieved from /home/airflow/.local/lib/python3.12/site-packages/airflow/example_dags/example_nested_branch_dag.py
[2024-11-19T17:47:12.198+0000] {logging_mixin.py:190} INFO - [2024-11-19T17:47:12.197+0000] {dag.py:3239} INFO - Sync 1 DAGs
[2024-11-19T17:47:12.229+0000] {logging_mixin.py:190} INFO - [2024-11-19T17:47:12.229+0000] {dag.py:4180} INFO - Setting next_dagrun for example_nested_branch_dag to 2024-11-18 00:00:00+00:00, run_after=2024-11-19 00:00:00+00:00
[2024-11-19T17:47:12.288+0000] {processor.py:208} INFO - Processing /home/airflow/.local/lib/python3.12/site-packages/airflow/example_dags/example_nested_branch_dag.py took 0.143 seconds
[2024-11-19T17:47:43.989+0000] {processor.py:186} INFO - Started process (PID=667) to work on /home/airflow/.local/lib/python3.12/site-packages/airflow/example_dags/example_nested_branch_dag.py
[2024-11-19T17:47:43.990+0000] {processor.py:914} INFO - Processing file /home/airflow/.local/lib/python3.12/site-packages/airflow/example_dags/example_nested_branch_dag.py for tasks to queue
[2024-11-19T17:47:43.993+0000] {logging_mixin.py:190} INFO - [2024-11-19T17:47:43.993+0000] {dagbag.py:588} INFO - Filling up the DagBag from /home/airflow/.local/lib/python3.12/site-packages/airflow/example_dags/example_nested_branch_dag.py
[2024-11-19T17:47:44.006+0000] {processor.py:925} INFO - DAG(s) 'example_nested_branch_dag' retrieved from /home/airflow/.local/lib/python3.12/site-packages/airflow/example_dags/example_nested_branch_dag.py
[2024-11-19T17:47:44.031+0000] {logging_mixin.py:190} INFO - [2024-11-19T17:47:44.031+0000] {dag.py:3239} INFO - Sync 1 DAGs
[2024-11-19T17:47:44.058+0000] {logging_mixin.py:190} INFO - [2024-11-19T17:47:44.058+0000] {dag.py:4180} INFO - Setting next_dagrun for example_nested_branch_dag to 2024-11-18 00:00:00+00:00, run_after=2024-11-19 00:00:00+00:00
[2024-11-19T17:47:44.112+0000] {processor.py:208} INFO - Processing /home/airflow/.local/lib/python3.12/site-packages/airflow/example_dags/example_nested_branch_dag.py took 0.132 seconds
[2024-11-19T17:48:16.084+0000] {processor.py:186} INFO - Started process (PID=738) to work on /home/airflow/.local/lib/python3.12/site-packages/airflow/example_dags/example_nested_branch_dag.py
[2024-11-19T17:48:16.086+0000] {processor.py:914} INFO - Processing file /home/airflow/.local/lib/python3.12/site-packages/airflow/example_dags/example_nested_branch_dag.py for tasks to queue
[2024-11-19T17:48:16.091+0000] {logging_mixin.py:190} INFO - [2024-11-19T17:48:16.090+0000] {dagbag.py:588} INFO - Filling up the DagBag from /home/airflow/.local/lib/python3.12/site-packages/airflow/example_dags/example_nested_branch_dag.py
[2024-11-19T17:48:16.111+0000] {processor.py:925} INFO - DAG(s) 'example_nested_branch_dag' retrieved from /home/airflow/.local/lib/python3.12/site-packages/airflow/example_dags/example_nested_branch_dag.py
[2024-11-19T17:48:16.145+0000] {logging_mixin.py:190} INFO - [2024-11-19T17:48:16.145+0000] {dag.py:3239} INFO - Sync 1 DAGs
[2024-11-19T17:48:16.186+0000] {logging_mixin.py:190} INFO - [2024-11-19T17:48:16.185+0000] {dag.py:4180} INFO - Setting next_dagrun for example_nested_branch_dag to 2024-11-18 00:00:00+00:00, run_after=2024-11-19 00:00:00+00:00
[2024-11-19T17:48:16.269+0000] {processor.py:208} INFO - Processing /home/airflow/.local/lib/python3.12/site-packages/airflow/example_dags/example_nested_branch_dag.py took 0.196 seconds
[2024-11-19T17:48:47.063+0000] {processor.py:186} INFO - Started process (PID=801) to work on /home/airflow/.local/lib/python3.12/site-packages/airflow/example_dags/example_nested_branch_dag.py
[2024-11-19T17:48:47.065+0000] {processor.py:914} INFO - Processing file /home/airflow/.local/lib/python3.12/site-packages/airflow/example_dags/example_nested_branch_dag.py for tasks to queue
[2024-11-19T17:48:47.068+0000] {logging_mixin.py:190} INFO - [2024-11-19T17:48:47.068+0000] {dagbag.py:588} INFO - Filling up the DagBag from /home/airflow/.local/lib/python3.12/site-packages/airflow/example_dags/example_nested_branch_dag.py
[2024-11-19T17:48:47.084+0000] {processor.py:925} INFO - DAG(s) 'example_nested_branch_dag' retrieved from /home/airflow/.local/lib/python3.12/site-packages/airflow/example_dags/example_nested_branch_dag.py
[2024-11-19T17:48:47.113+0000] {logging_mixin.py:190} INFO - [2024-11-19T17:48:47.113+0000] {dag.py:3239} INFO - Sync 1 DAGs
[2024-11-19T17:48:47.147+0000] {logging_mixin.py:190} INFO - [2024-11-19T17:48:47.147+0000] {dag.py:4180} INFO - Setting next_dagrun for example_nested_branch_dag to 2024-11-18 00:00:00+00:00, run_after=2024-11-19 00:00:00+00:00
[2024-11-19T17:48:47.387+0000] {processor.py:208} INFO - Processing /home/airflow/.local/lib/python3.12/site-packages/airflow/example_dags/example_nested_branch_dag.py took 0.333 seconds
[2024-11-19T17:49:17.594+0000] {processor.py:186} INFO - Started process (PID=872) to work on /home/airflow/.local/lib/python3.12/site-packages/airflow/example_dags/example_nested_branch_dag.py
[2024-11-19T17:49:17.596+0000] {processor.py:914} INFO - Processing file /home/airflow/.local/lib/python3.12/site-packages/airflow/example_dags/example_nested_branch_dag.py for tasks to queue
[2024-11-19T17:49:17.599+0000] {logging_mixin.py:190} INFO - [2024-11-19T17:49:17.599+0000] {dagbag.py:588} INFO - Filling up the DagBag from /home/airflow/.local/lib/python3.12/site-packages/airflow/example_dags/example_nested_branch_dag.py
[2024-11-19T17:49:17.615+0000] {processor.py:925} INFO - DAG(s) 'example_nested_branch_dag' retrieved from /home/airflow/.local/lib/python3.12/site-packages/airflow/example_dags/example_nested_branch_dag.py
[2024-11-19T17:49:17.643+0000] {logging_mixin.py:190} INFO - [2024-11-19T17:49:17.643+0000] {dag.py:3239} INFO - Sync 1 DAGs
[2024-11-19T17:49:17.675+0000] {logging_mixin.py:190} INFO - [2024-11-19T17:49:17.675+0000] {dag.py:4180} INFO - Setting next_dagrun for example_nested_branch_dag to 2024-11-18 00:00:00+00:00, run_after=2024-11-19 00:00:00+00:00
[2024-11-19T17:49:17.780+0000] {processor.py:208} INFO - Processing /home/airflow/.local/lib/python3.12/site-packages/airflow/example_dags/example_nested_branch_dag.py took 0.193 seconds
[2024-11-19T17:49:52.544+0000] {processor.py:186} INFO - Started process (PID=951) to work on /home/airflow/.local/lib/python3.12/site-packages/airflow/example_dags/example_nested_branch_dag.py
[2024-11-19T17:49:52.546+0000] {processor.py:914} INFO - Processing file /home/airflow/.local/lib/python3.12/site-packages/airflow/example_dags/example_nested_branch_dag.py for tasks to queue
[2024-11-19T17:49:52.553+0000] {logging_mixin.py:190} INFO - [2024-11-19T17:49:52.552+0000] {dagbag.py:588} INFO - Filling up the DagBag from /home/airflow/.local/lib/python3.12/site-packages/airflow/example_dags/example_nested_branch_dag.py
[2024-11-19T17:49:52.622+0000] {processor.py:925} INFO - DAG(s) 'example_nested_branch_dag' retrieved from /home/airflow/.local/lib/python3.12/site-packages/airflow/example_dags/example_nested_branch_dag.py
[2024-11-19T17:49:52.711+0000] {logging_mixin.py:190} INFO - [2024-11-19T17:49:52.710+0000] {dag.py:3239} INFO - Sync 1 DAGs
[2024-11-19T17:49:52.827+0000] {logging_mixin.py:190} INFO - [2024-11-19T17:49:52.827+0000] {dag.py:4180} INFO - Setting next_dagrun for example_nested_branch_dag to 2024-11-18 00:00:00+00:00, run_after=2024-11-19 00:00:00+00:00
[2024-11-19T17:49:52.938+0000] {processor.py:208} INFO - Processing /home/airflow/.local/lib/python3.12/site-packages/airflow/example_dags/example_nested_branch_dag.py took 0.413 seconds
[2024-11-19T17:50:23.795+0000] {processor.py:186} INFO - Started process (PID=1015) to work on /home/airflow/.local/lib/python3.12/site-packages/airflow/example_dags/example_nested_branch_dag.py
[2024-11-19T17:50:23.797+0000] {processor.py:914} INFO - Processing file /home/airflow/.local/lib/python3.12/site-packages/airflow/example_dags/example_nested_branch_dag.py for tasks to queue
[2024-11-19T17:50:23.801+0000] {logging_mixin.py:190} INFO - [2024-11-19T17:50:23.801+0000] {dagbag.py:588} INFO - Filling up the DagBag from /home/airflow/.local/lib/python3.12/site-packages/airflow/example_dags/example_nested_branch_dag.py
[2024-11-19T17:50:23.821+0000] {processor.py:925} INFO - DAG(s) 'example_nested_branch_dag' retrieved from /home/airflow/.local/lib/python3.12/site-packages/airflow/example_dags/example_nested_branch_dag.py
[2024-11-19T17:50:23.854+0000] {logging_mixin.py:190} INFO - [2024-11-19T17:50:23.853+0000] {dag.py:3239} INFO - Sync 1 DAGs
[2024-11-19T17:50:23.894+0000] {logging_mixin.py:190} INFO - [2024-11-19T17:50:23.894+0000] {dag.py:4180} INFO - Setting next_dagrun for example_nested_branch_dag to 2024-11-18 00:00:00+00:00, run_after=2024-11-19 00:00:00+00:00
[2024-11-19T17:50:23.980+0000] {processor.py:208} INFO - Processing /home/airflow/.local/lib/python3.12/site-packages/airflow/example_dags/example_nested_branch_dag.py took 0.196 seconds
[2024-11-19T17:50:54.813+0000] {processor.py:186} INFO - Started process (PID=1085) to work on /home/airflow/.local/lib/python3.12/site-packages/airflow/example_dags/example_nested_branch_dag.py
[2024-11-19T17:50:54.815+0000] {processor.py:914} INFO - Processing file /home/airflow/.local/lib/python3.12/site-packages/airflow/example_dags/example_nested_branch_dag.py for tasks to queue
[2024-11-19T17:50:54.819+0000] {logging_mixin.py:190} INFO - [2024-11-19T17:50:54.818+0000] {dagbag.py:588} INFO - Filling up the DagBag from /home/airflow/.local/lib/python3.12/site-packages/airflow/example_dags/example_nested_branch_dag.py
[2024-11-19T17:50:54.847+0000] {processor.py:925} INFO - DAG(s) 'example_nested_branch_dag' retrieved from /home/airflow/.local/lib/python3.12/site-packages/airflow/example_dags/example_nested_branch_dag.py
[2024-11-19T17:50:54.899+0000] {logging_mixin.py:190} INFO - [2024-11-19T17:50:54.898+0000] {dag.py:3239} INFO - Sync 1 DAGs
[2024-11-19T17:50:54.954+0000] {logging_mixin.py:190} INFO - [2024-11-19T17:50:54.954+0000] {dag.py:4180} INFO - Setting next_dagrun for example_nested_branch_dag to 2024-11-18 00:00:00+00:00, run_after=2024-11-19 00:00:00+00:00
[2024-11-19T17:50:55.021+0000] {processor.py:208} INFO - Processing /home/airflow/.local/lib/python3.12/site-packages/airflow/example_dags/example_nested_branch_dag.py took 0.219 seconds
[2024-11-19T17:51:25.814+0000] {processor.py:186} INFO - Started process (PID=1156) to work on /home/airflow/.local/lib/python3.12/site-packages/airflow/example_dags/example_nested_branch_dag.py
[2024-11-19T17:51:25.817+0000] {processor.py:914} INFO - Processing file /home/airflow/.local/lib/python3.12/site-packages/airflow/example_dags/example_nested_branch_dag.py for tasks to queue
[2024-11-19T17:51:25.822+0000] {logging_mixin.py:190} INFO - [2024-11-19T17:51:25.821+0000] {dagbag.py:588} INFO - Filling up the DagBag from /home/airflow/.local/lib/python3.12/site-packages/airflow/example_dags/example_nested_branch_dag.py
[2024-11-19T17:51:25.850+0000] {processor.py:925} INFO - DAG(s) 'example_nested_branch_dag' retrieved from /home/airflow/.local/lib/python3.12/site-packages/airflow/example_dags/example_nested_branch_dag.py
[2024-11-19T17:51:25.910+0000] {logging_mixin.py:190} INFO - [2024-11-19T17:51:25.910+0000] {dag.py:3239} INFO - Sync 1 DAGs
[2024-11-19T17:51:25.961+0000] {logging_mixin.py:190} INFO - [2024-11-19T17:51:25.960+0000] {dag.py:4180} INFO - Setting next_dagrun for example_nested_branch_dag to 2024-11-18 00:00:00+00:00, run_after=2024-11-19 00:00:00+00:00
[2024-11-19T17:51:26.988+0000] {processor.py:208} INFO - Processing /home/airflow/.local/lib/python3.12/site-packages/airflow/example_dags/example_nested_branch_dag.py took 1.193 seconds
[2024-11-19T17:51:57.765+0000] {processor.py:186} INFO - Started process (PID=1227) to work on /home/airflow/.local/lib/python3.12/site-packages/airflow/example_dags/example_nested_branch_dag.py
[2024-11-19T17:51:59.101+0000] {processor.py:914} INFO - Processing file /home/airflow/.local/lib/python3.12/site-packages/airflow/example_dags/example_nested_branch_dag.py for tasks to queue
[2024-11-19T17:51:59.105+0000] {logging_mixin.py:190} INFO - [2024-11-19T17:51:59.104+0000] {dagbag.py:588} INFO - Filling up the DagBag from /home/airflow/.local/lib/python3.12/site-packages/airflow/example_dags/example_nested_branch_dag.py
[2024-11-19T17:51:59.122+0000] {processor.py:925} INFO - DAG(s) 'example_nested_branch_dag' retrieved from /home/airflow/.local/lib/python3.12/site-packages/airflow/example_dags/example_nested_branch_dag.py
[2024-11-19T17:51:59.151+0000] {logging_mixin.py:190} INFO - [2024-11-19T17:51:59.151+0000] {dag.py:3239} INFO - Sync 1 DAGs
[2024-11-19T17:51:59.189+0000] {logging_mixin.py:190} INFO - [2024-11-19T17:51:59.189+0000] {dag.py:4180} INFO - Setting next_dagrun for example_nested_branch_dag to 2024-11-18 00:00:00+00:00, run_after=2024-11-19 00:00:00+00:00
[2024-11-19T17:51:59.376+0000] {processor.py:208} INFO - Processing /home/airflow/.local/lib/python3.12/site-packages/airflow/example_dags/example_nested_branch_dag.py took 1.631 seconds
[2024-11-19T17:52:29.484+0000] {processor.py:186} INFO - Started process (PID=1299) to work on /home/airflow/.local/lib/python3.12/site-packages/airflow/example_dags/example_nested_branch_dag.py
[2024-11-19T17:52:29.485+0000] {processor.py:914} INFO - Processing file /home/airflow/.local/lib/python3.12/site-packages/airflow/example_dags/example_nested_branch_dag.py for tasks to queue
[2024-11-19T17:52:29.488+0000] {logging_mixin.py:190} INFO - [2024-11-19T17:52:29.487+0000] {dagbag.py:588} INFO - Filling up the DagBag from /home/airflow/.local/lib/python3.12/site-packages/airflow/example_dags/example_nested_branch_dag.py
[2024-11-19T17:52:29.502+0000] {processor.py:925} INFO - DAG(s) 'example_nested_branch_dag' retrieved from /home/airflow/.local/lib/python3.12/site-packages/airflow/example_dags/example_nested_branch_dag.py
[2024-11-19T17:52:29.528+0000] {logging_mixin.py:190} INFO - [2024-11-19T17:52:29.528+0000] {dag.py:3239} INFO - Sync 1 DAGs
[2024-11-19T17:52:29.557+0000] {logging_mixin.py:190} INFO - [2024-11-19T17:52:29.557+0000] {dag.py:4180} INFO - Setting next_dagrun for example_nested_branch_dag to 2024-11-18 00:00:00+00:00, run_after=2024-11-19 00:00:00+00:00
[2024-11-19T17:52:29.604+0000] {processor.py:208} INFO - Processing /home/airflow/.local/lib/python3.12/site-packages/airflow/example_dags/example_nested_branch_dag.py took 0.128 seconds
[2024-11-19T17:53:00.227+0000] {processor.py:186} INFO - Started process (PID=1370) to work on /home/airflow/.local/lib/python3.12/site-packages/airflow/example_dags/example_nested_branch_dag.py
[2024-11-19T17:53:00.229+0000] {processor.py:914} INFO - Processing file /home/airflow/.local/lib/python3.12/site-packages/airflow/example_dags/example_nested_branch_dag.py for tasks to queue
[2024-11-19T17:53:00.231+0000] {logging_mixin.py:190} INFO - [2024-11-19T17:53:00.231+0000] {dagbag.py:588} INFO - Filling up the DagBag from /home/airflow/.local/lib/python3.12/site-packages/airflow/example_dags/example_nested_branch_dag.py
[2024-11-19T17:53:00.245+0000] {processor.py:925} INFO - DAG(s) 'example_nested_branch_dag' retrieved from /home/airflow/.local/lib/python3.12/site-packages/airflow/example_dags/example_nested_branch_dag.py
[2024-11-19T17:53:00.275+0000] {logging_mixin.py:190} INFO - [2024-11-19T17:53:00.275+0000] {dag.py:3239} INFO - Sync 1 DAGs
[2024-11-19T17:53:00.307+0000] {logging_mixin.py:190} INFO - [2024-11-19T17:53:00.306+0000] {dag.py:4180} INFO - Setting next_dagrun for example_nested_branch_dag to 2024-11-18 00:00:00+00:00, run_after=2024-11-19 00:00:00+00:00
[2024-11-19T17:53:00.367+0000] {processor.py:208} INFO - Processing /home/airflow/.local/lib/python3.12/site-packages/airflow/example_dags/example_nested_branch_dag.py took 0.150 seconds
[2024-11-19T17:53:30.428+0000] {processor.py:186} INFO - Started process (PID=1441) to work on /home/airflow/.local/lib/python3.12/site-packages/airflow/example_dags/example_nested_branch_dag.py
[2024-11-19T17:53:30.429+0000] {processor.py:914} INFO - Processing file /home/airflow/.local/lib/python3.12/site-packages/airflow/example_dags/example_nested_branch_dag.py for tasks to queue
[2024-11-19T17:53:30.432+0000] {logging_mixin.py:190} INFO - [2024-11-19T17:53:30.432+0000] {dagbag.py:588} INFO - Filling up the DagBag from /home/airflow/.local/lib/python3.12/site-packages/airflow/example_dags/example_nested_branch_dag.py
[2024-11-19T17:53:30.446+0000] {processor.py:925} INFO - DAG(s) 'example_nested_branch_dag' retrieved from /home/airflow/.local/lib/python3.12/site-packages/airflow/example_dags/example_nested_branch_dag.py
[2024-11-19T17:53:30.475+0000] {logging_mixin.py:190} INFO - [2024-11-19T17:53:30.475+0000] {dag.py:3239} INFO - Sync 1 DAGs
[2024-11-19T17:53:30.503+0000] {logging_mixin.py:190} INFO - [2024-11-19T17:53:30.502+0000] {dag.py:4180} INFO - Setting next_dagrun for example_nested_branch_dag to 2024-11-18 00:00:00+00:00, run_after=2024-11-19 00:00:00+00:00
[2024-11-19T17:53:30.705+0000] {processor.py:208} INFO - Processing /home/airflow/.local/lib/python3.12/site-packages/airflow/example_dags/example_nested_branch_dag.py took 0.284 seconds
[2024-11-19T17:54:00.891+0000] {processor.py:186} INFO - Started process (PID=1512) to work on /home/airflow/.local/lib/python3.12/site-packages/airflow/example_dags/example_nested_branch_dag.py
[2024-11-19T17:54:00.893+0000] {processor.py:914} INFO - Processing file /home/airflow/.local/lib/python3.12/site-packages/airflow/example_dags/example_nested_branch_dag.py for tasks to queue
[2024-11-19T17:54:00.896+0000] {logging_mixin.py:190} INFO - [2024-11-19T17:54:00.895+0000] {dagbag.py:588} INFO - Filling up the DagBag from /home/airflow/.local/lib/python3.12/site-packages/airflow/example_dags/example_nested_branch_dag.py
[2024-11-19T17:54:00.914+0000] {processor.py:925} INFO - DAG(s) 'example_nested_branch_dag' retrieved from /home/airflow/.local/lib/python3.12/site-packages/airflow/example_dags/example_nested_branch_dag.py
[2024-11-19T17:54:00.942+0000] {logging_mixin.py:190} INFO - [2024-11-19T17:54:00.941+0000] {dag.py:3239} INFO - Sync 1 DAGs
[2024-11-19T17:54:00.979+0000] {logging_mixin.py:190} INFO - [2024-11-19T17:54:00.979+0000] {dag.py:4180} INFO - Setting next_dagrun for example_nested_branch_dag to 2024-11-18 00:00:00+00:00, run_after=2024-11-19 00:00:00+00:00
[2024-11-19T17:54:01.229+0000] {processor.py:208} INFO - Processing /home/airflow/.local/lib/python3.12/site-packages/airflow/example_dags/example_nested_branch_dag.py took 0.344 seconds
[2024-11-19T17:54:31.431+0000] {processor.py:186} INFO - Started process (PID=1583) to work on /home/airflow/.local/lib/python3.12/site-packages/airflow/example_dags/example_nested_branch_dag.py
[2024-11-19T17:54:31.432+0000] {processor.py:914} INFO - Processing file /home/airflow/.local/lib/python3.12/site-packages/airflow/example_dags/example_nested_branch_dag.py for tasks to queue
[2024-11-19T17:54:31.435+0000] {logging_mixin.py:190} INFO - [2024-11-19T17:54:31.434+0000] {dagbag.py:588} INFO - Filling up the DagBag from /home/airflow/.local/lib/python3.12/site-packages/airflow/example_dags/example_nested_branch_dag.py
[2024-11-19T17:54:31.451+0000] {processor.py:925} INFO - DAG(s) 'example_nested_branch_dag' retrieved from /home/airflow/.local/lib/python3.12/site-packages/airflow/example_dags/example_nested_branch_dag.py
[2024-11-19T17:54:31.484+0000] {logging_mixin.py:190} INFO - [2024-11-19T17:54:31.484+0000] {dag.py:3239} INFO - Sync 1 DAGs
[2024-11-19T17:54:31.520+0000] {logging_mixin.py:190} INFO - [2024-11-19T17:54:31.520+0000] {dag.py:4180} INFO - Setting next_dagrun for example_nested_branch_dag to 2024-11-18 00:00:00+00:00, run_after=2024-11-19 00:00:00+00:00
[2024-11-19T17:54:31.603+0000] {processor.py:208} INFO - Processing /home/airflow/.local/lib/python3.12/site-packages/airflow/example_dags/example_nested_branch_dag.py took 0.179 seconds
[2024-11-19T17:55:01.898+0000] {processor.py:186} INFO - Started process (PID=1654) to work on /home/airflow/.local/lib/python3.12/site-packages/airflow/example_dags/example_nested_branch_dag.py
[2024-11-19T17:55:01.899+0000] {processor.py:914} INFO - Processing file /home/airflow/.local/lib/python3.12/site-packages/airflow/example_dags/example_nested_branch_dag.py for tasks to queue
[2024-11-19T17:55:01.904+0000] {logging_mixin.py:190} INFO - [2024-11-19T17:55:01.904+0000] {dagbag.py:588} INFO - Filling up the DagBag from /home/airflow/.local/lib/python3.12/site-packages/airflow/example_dags/example_nested_branch_dag.py
[2024-11-19T17:55:01.920+0000] {processor.py:925} INFO - DAG(s) 'example_nested_branch_dag' retrieved from /home/airflow/.local/lib/python3.12/site-packages/airflow/example_dags/example_nested_branch_dag.py
[2024-11-19T17:55:01.956+0000] {logging_mixin.py:190} INFO - [2024-11-19T17:55:01.955+0000] {dag.py:3239} INFO - Sync 1 DAGs
[2024-11-19T17:55:02.015+0000] {logging_mixin.py:190} INFO - [2024-11-19T17:55:02.013+0000] {dag.py:4180} INFO - Setting next_dagrun for example_nested_branch_dag to 2024-11-18 00:00:00+00:00, run_after=2024-11-19 00:00:00+00:00
[2024-11-19T17:55:02.171+0000] {processor.py:208} INFO - Processing /home/airflow/.local/lib/python3.12/site-packages/airflow/example_dags/example_nested_branch_dag.py took 0.284 seconds
[2024-11-19T17:55:32.371+0000] {processor.py:186} INFO - Started process (PID=1725) to work on /home/airflow/.local/lib/python3.12/site-packages/airflow/example_dags/example_nested_branch_dag.py
[2024-11-19T17:55:32.372+0000] {processor.py:914} INFO - Processing file /home/airflow/.local/lib/python3.12/site-packages/airflow/example_dags/example_nested_branch_dag.py for tasks to queue
[2024-11-19T17:55:32.375+0000] {logging_mixin.py:190} INFO - [2024-11-19T17:55:32.375+0000] {dagbag.py:588} INFO - Filling up the DagBag from /home/airflow/.local/lib/python3.12/site-packages/airflow/example_dags/example_nested_branch_dag.py
[2024-11-19T17:55:32.388+0000] {processor.py:925} INFO - DAG(s) 'example_nested_branch_dag' retrieved from /home/airflow/.local/lib/python3.12/site-packages/airflow/example_dags/example_nested_branch_dag.py
[2024-11-19T17:55:32.417+0000] {logging_mixin.py:190} INFO - [2024-11-19T17:55:32.416+0000] {dag.py:3239} INFO - Sync 1 DAGs
[2024-11-19T17:55:32.451+0000] {logging_mixin.py:190} INFO - [2024-11-19T17:55:32.450+0000] {dag.py:4180} INFO - Setting next_dagrun for example_nested_branch_dag to 2024-11-18 00:00:00+00:00, run_after=2024-11-19 00:00:00+00:00
[2024-11-19T17:55:32.736+0000] {processor.py:208} INFO - Processing /home/airflow/.local/lib/python3.12/site-packages/airflow/example_dags/example_nested_branch_dag.py took 0.372 seconds
[2024-11-19T17:56:03.314+0000] {processor.py:186} INFO - Started process (PID=1796) to work on /home/airflow/.local/lib/python3.12/site-packages/airflow/example_dags/example_nested_branch_dag.py
[2024-11-19T17:56:03.316+0000] {processor.py:914} INFO - Processing file /home/airflow/.local/lib/python3.12/site-packages/airflow/example_dags/example_nested_branch_dag.py for tasks to queue
[2024-11-19T17:56:03.319+0000] {logging_mixin.py:190} INFO - [2024-11-19T17:56:03.319+0000] {dagbag.py:588} INFO - Filling up the DagBag from /home/airflow/.local/lib/python3.12/site-packages/airflow/example_dags/example_nested_branch_dag.py
[2024-11-19T17:56:03.334+0000] {processor.py:925} INFO - DAG(s) 'example_nested_branch_dag' retrieved from /home/airflow/.local/lib/python3.12/site-packages/airflow/example_dags/example_nested_branch_dag.py
[2024-11-19T17:56:03.363+0000] {logging_mixin.py:190} INFO - [2024-11-19T17:56:03.363+0000] {dag.py:3239} INFO - Sync 1 DAGs
[2024-11-19T17:56:03.392+0000] {logging_mixin.py:190} INFO - [2024-11-19T17:56:03.392+0000] {dag.py:4180} INFO - Setting next_dagrun for example_nested_branch_dag to 2024-11-18 00:00:00+00:00, run_after=2024-11-19 00:00:00+00:00
[2024-11-19T17:56:03.449+0000] {processor.py:208} INFO - Processing /home/airflow/.local/lib/python3.12/site-packages/airflow/example_dags/example_nested_branch_dag.py took 0.143 seconds
[2024-11-19T17:56:33.633+0000] {processor.py:186} INFO - Started process (PID=1866) to work on /home/airflow/.local/lib/python3.12/site-packages/airflow/example_dags/example_nested_branch_dag.py
[2024-11-19T17:56:33.634+0000] {processor.py:914} INFO - Processing file /home/airflow/.local/lib/python3.12/site-packages/airflow/example_dags/example_nested_branch_dag.py for tasks to queue
[2024-11-19T17:56:33.637+0000] {logging_mixin.py:190} INFO - [2024-11-19T17:56:33.637+0000] {dagbag.py:588} INFO - Filling up the DagBag from /home/airflow/.local/lib/python3.12/site-packages/airflow/example_dags/example_nested_branch_dag.py
[2024-11-19T17:56:33.652+0000] {processor.py:925} INFO - DAG(s) 'example_nested_branch_dag' retrieved from /home/airflow/.local/lib/python3.12/site-packages/airflow/example_dags/example_nested_branch_dag.py
[2024-11-19T17:56:33.684+0000] {logging_mixin.py:190} INFO - [2024-11-19T17:56:33.684+0000] {dag.py:3239} INFO - Sync 1 DAGs
[2024-11-19T17:56:33.716+0000] {logging_mixin.py:190} INFO - [2024-11-19T17:56:33.715+0000] {dag.py:4180} INFO - Setting next_dagrun for example_nested_branch_dag to 2024-11-18 00:00:00+00:00, run_after=2024-11-19 00:00:00+00:00
[2024-11-19T17:56:34.061+0000] {processor.py:208} INFO - Processing /home/airflow/.local/lib/python3.12/site-packages/airflow/example_dags/example_nested_branch_dag.py took 0.436 seconds
[2024-11-19T17:57:04.958+0000] {processor.py:186} INFO - Started process (PID=1937) to work on /home/airflow/.local/lib/python3.12/site-packages/airflow/example_dags/example_nested_branch_dag.py
[2024-11-19T17:57:04.960+0000] {processor.py:914} INFO - Processing file /home/airflow/.local/lib/python3.12/site-packages/airflow/example_dags/example_nested_branch_dag.py for tasks to queue
[2024-11-19T17:57:04.963+0000] {logging_mixin.py:190} INFO - [2024-11-19T17:57:04.963+0000] {dagbag.py:588} INFO - Filling up the DagBag from /home/airflow/.local/lib/python3.12/site-packages/airflow/example_dags/example_nested_branch_dag.py
[2024-11-19T17:57:04.984+0000] {processor.py:925} INFO - DAG(s) 'example_nested_branch_dag' retrieved from /home/airflow/.local/lib/python3.12/site-packages/airflow/example_dags/example_nested_branch_dag.py
[2024-11-19T17:57:05.008+0000] {logging_mixin.py:190} INFO - [2024-11-19T17:57:05.008+0000] {dag.py:3239} INFO - Sync 1 DAGs
[2024-11-19T17:57:05.038+0000] {logging_mixin.py:190} INFO - [2024-11-19T17:57:05.038+0000] {dag.py:4180} INFO - Setting next_dagrun for example_nested_branch_dag to 2024-11-18 00:00:00+00:00, run_after=2024-11-19 00:00:00+00:00
[2024-11-19T17:57:05.123+0000] {processor.py:208} INFO - Processing /home/airflow/.local/lib/python3.12/site-packages/airflow/example_dags/example_nested_branch_dag.py took 0.172 seconds
[2024-11-19T17:57:35.514+0000] {processor.py:186} INFO - Started process (PID=2008) to work on /home/airflow/.local/lib/python3.12/site-packages/airflow/example_dags/example_nested_branch_dag.py
[2024-11-19T17:57:35.516+0000] {processor.py:914} INFO - Processing file /home/airflow/.local/lib/python3.12/site-packages/airflow/example_dags/example_nested_branch_dag.py for tasks to queue
[2024-11-19T17:57:35.519+0000] {logging_mixin.py:190} INFO - [2024-11-19T17:57:35.518+0000] {dagbag.py:588} INFO - Filling up the DagBag from /home/airflow/.local/lib/python3.12/site-packages/airflow/example_dags/example_nested_branch_dag.py
[2024-11-19T17:57:35.536+0000] {processor.py:925} INFO - DAG(s) 'example_nested_branch_dag' retrieved from /home/airflow/.local/lib/python3.12/site-packages/airflow/example_dags/example_nested_branch_dag.py
[2024-11-19T17:57:35.564+0000] {logging_mixin.py:190} INFO - [2024-11-19T17:57:35.564+0000] {dag.py:3239} INFO - Sync 1 DAGs
[2024-11-19T17:57:35.597+0000] {logging_mixin.py:190} INFO - [2024-11-19T17:57:35.597+0000] {dag.py:4180} INFO - Setting next_dagrun for example_nested_branch_dag to 2024-11-18 00:00:00+00:00, run_after=2024-11-19 00:00:00+00:00
[2024-11-19T17:57:35.702+0000] {processor.py:208} INFO - Processing /home/airflow/.local/lib/python3.12/site-packages/airflow/example_dags/example_nested_branch_dag.py took 0.196 seconds
