[2024-11-19T18:58:11.007+0000] {local_task_job_runner.py:123} INFO - ::group::Pre task execution logs
[2024-11-19T18:58:11.038+0000] {taskinstance.py:2613} INFO - Dependencies all met for dep_context=non-requeueable deps ti=<TaskInstance: upload_to_google_sheets_dag.upload_train_data manual__2024-11-19T18:57:50.958827+00:00 [queued]>
[2024-11-19T18:58:11.051+0000] {taskinstance.py:2613} INFO - Dependencies all met for dep_context=requeueable deps ti=<TaskInstance: upload_to_google_sheets_dag.upload_train_data manual__2024-11-19T18:57:50.958827+00:00 [queued]>
[2024-11-19T18:58:11.052+0000] {taskinstance.py:2866} INFO - Starting attempt 1 of 2
[2024-11-19T18:58:11.156+0000] {taskinstance.py:2889} INFO - Executing <Task(PythonOperator): upload_train_data> on 2024-11-19 18:57:50.958827+00:00
[2024-11-19T18:58:11.167+0000] {warnings.py:112} WARNING - /home/***/.local/lib/python3.12/site-packages/***/task/task_runner/standard_task_runner.py:70: DeprecationWarning: This process (pid=1118) is multi-threaded, use of fork() may lead to deadlocks in the child.
  pid = os.fork()

[2024-11-19T18:58:11.171+0000] {standard_task_runner.py:72} INFO - Started process 1142 to run task
[2024-11-19T18:58:11.171+0000] {standard_task_runner.py:104} INFO - Running: ['***', 'tasks', 'run', 'upload_to_google_sheets_dag', 'upload_train_data', 'manual__2024-11-19T18:57:50.958827+00:00', '--job-id', '53', '--raw', '--subdir', 'DAGS_FOLDER/Zad3.py', '--cfg-path', '/tmp/tmpao5za8ag']
[2024-11-19T18:58:11.174+0000] {standard_task_runner.py:105} INFO - Job 53: Subtask upload_train_data
[2024-11-19T18:58:12.856+0000] {task_command.py:467} INFO - Running <TaskInstance: upload_to_google_sheets_dag.upload_train_data manual__2024-11-19T18:57:50.958827+00:00 [running]> on host 5dfac9e274c2
[2024-11-19T18:58:15.569+0000] {taskinstance.py:3132} INFO - Exporting env vars: AIRFLOW_CTX_DAG_OWNER='***' AIRFLOW_CTX_DAG_ID='upload_to_google_sheets_dag' AIRFLOW_CTX_TASK_ID='upload_train_data' AIRFLOW_CTX_EXECUTION_DATE='2024-11-19T18:57:50.958827+00:00' AIRFLOW_CTX_TRY_NUMBER='1' AIRFLOW_CTX_DAG_RUN_ID='manual__2024-11-19T18:57:50.958827+00:00'
[2024-11-19T18:58:15.573+0000] {logging_mixin.py:190} INFO - Task instance is in running state
[2024-11-19T18:58:15.574+0000] {logging_mixin.py:190} INFO -  Previous state of the Task instance: queued
[2024-11-19T18:58:15.575+0000] {logging_mixin.py:190} INFO - Current task name:upload_train_data state:running start_date:2024-11-19 18:58:11.039417+00:00
[2024-11-19T18:58:15.575+0000] {logging_mixin.py:190} INFO - Dag name:upload_to_google_sheets_dag and current dag run status:running
[2024-11-19T18:58:15.576+0000] {taskinstance.py:731} INFO - ::endgroup::
[2024-11-19T18:58:15.581+0000] {Zad3.py:23} INFO - Zapis danych do Google Sheets: Train Data...
[2024-11-19T18:58:16.318+0000] {Zad3.py:46} ERROR - Błąd podczas zapisu danych. Kod odpowiedzi: 404, Treść: <!DOCTYPE html>
<html lang=en>
  <meta charset=utf-8>
  <meta name=viewport content="initial-scale=1, minimum-scale=1, width=device-width">
  <title>Error 404 (Not Found)!!1</title>
  <style>
    *{margin:0;padding:0}html,code{font:15px/22px arial,sans-serif}html{background:#fff;color:#222;padding:15px}body{margin:7% auto 0;max-width:390px;min-height:180px;padding:30px 0 15px}* > body{background:url(//www.google.com/images/errors/robot.png) 100% 5px no-repeat;padding-right:205px}p{margin:11px 0 22px;overflow:hidden}ins{color:#777;text-decoration:none}a img{border:0}@media screen and (max-width:772px){body{background:none;margin-top:0;max-width:none;padding-right:0}}#logo{background:url(//www.google.com/images/branding/googlelogo/1x/googlelogo_color_150x54dp.png) no-repeat;margin-left:-5px}@media only screen and (min-resolution:192dpi){#logo{background:url(//www.google.com/images/branding/googlelogo/2x/googlelogo_color_150x54dp.png) no-repeat 0% 0%/100% 100%;-moz-border-image:url(//www.google.com/images/branding/googlelogo/2x/googlelogo_color_150x54dp.png) 0}}@media only screen and (-webkit-min-device-pixel-ratio:2){#logo{background:url(//www.google.com/images/branding/googlelogo/2x/googlelogo_color_150x54dp.png) no-repeat;-webkit-background-size:100% 100%}}#logo{display:inline-block;height:54px;width:150px}
  </style>
  <a href=//www.google.com/><span id=logo aria-label=Google></span></a>
  <p><b>404.</b> <ins>That’s an error.</ins>
  <p>The requested URL <code>/v4/spreadsheets/143IPcDvI36XYZ0ioOMUWPcYpZPcpvaxBl7D0rEbPveM/values/A1:G10000?key=AIzaSyCES-641xzQQRHVHGeh1iMmft6tJsLhuYs</code> was not found on this server.  <ins>That’s all we know.</ins>

[2024-11-19T18:58:16.319+0000] {python.py:240} INFO - Done. Returned value was: None
[2024-11-19T18:58:16.515+0000] {taskinstance.py:340} INFO - ::group::Post task execution logs
[2024-11-19T18:58:16.516+0000] {taskinstance.py:352} INFO - Marking task as SUCCESS. dag_id=upload_to_google_sheets_dag, task_id=upload_train_data, run_id=manual__2024-11-19T18:57:50.958827+00:00, execution_date=20241119T185750, start_date=20241119T185811, end_date=20241119T185816
[2024-11-19T18:58:16.657+0000] {logging_mixin.py:190} INFO - Task instance in success state
[2024-11-19T18:58:16.659+0000] {logging_mixin.py:190} INFO -  Previous state of the Task instance: running
[2024-11-19T18:58:16.660+0000] {logging_mixin.py:190} INFO - Dag name:upload_to_google_sheets_dag queued_at:2024-11-19 18:57:50.968400+00:00
[2024-11-19T18:58:16.660+0000] {logging_mixin.py:190} INFO - Task hostname:5dfac9e274c2 operator:PythonOperator
[2024-11-19T18:58:16.715+0000] {local_task_job_runner.py:266} INFO - Task exited with return code 0
[2024-11-19T18:58:16.746+0000] {taskinstance.py:3895} INFO - 0 downstream tasks scheduled from follow-on schedule check
[2024-11-19T18:58:16.802+0000] {local_task_job_runner.py:245} INFO - ::endgroup::
